INFO - 2024-05-29 01:50:39 --> Session: Class initialized using 'CodeIgniter\Session\Handlers\FileHandler' driver.
WARNING - 2024-05-29 01:50:39 --> Session: Sessions is enabled, and one exists. Please don't $session->start();
INFO - 2024-05-29 01:52:12 --> Session: Class initialized using 'CodeIgniter\Session\Handlers\FileHandler' driver.
WARNING - 2024-05-29 01:52:12 --> Session: Sessions is enabled, and one exists. Please don't $session->start();
INFO - 2024-05-29 02:02:24 --> Session: Class initialized using 'CodeIgniter\Session\Handlers\FileHandler' driver.
WARNING - 2024-05-29 02:02:24 --> Session: Sessions is enabled, and one exists. Please don't $session->start();
INFO - 2024-05-29 02:02:38 --> Session: Class initialized using 'CodeIgniter\Session\Handlers\FileHandler' driver.
WARNING - 2024-05-29 02:02:38 --> Session: Sessions is enabled, and one exists. Please don't $session->start();
INFO - 2024-05-29 02:02:49 --> Session: Class initialized using 'CodeIgniter\Session\Handlers\FileHandler' driver.
WARNING - 2024-05-29 02:02:49 --> Session: Sessions is enabled, and one exists. Please don't $session->start();
INFO - 2024-05-29 02:22:54 --> Session: Class initialized using 'CodeIgniter\Session\Handlers\FileHandler' driver.
WARNING - 2024-05-29 02:22:54 --> Session: Sessions is enabled, and one exists. Please don't $session->start();
INFO - 2024-05-29 02:22:59 --> Session: Class initialized using 'CodeIgniter\Session\Handlers\FileHandler' driver.
WARNING - 2024-05-29 02:22:59 --> Session: Sessions is enabled, and one exists. Please don't $session->start();
CRITICAL - 2024-05-29 02:22:59 --> Error: Call to a member function getRandomName() on null
[Method: POST, Route: admin/dokter/tambah/proses]
in APPPATH\Controllers\Dokter.php on line 29.
 1 SYSTEMPATH\CodeIgniter.php(933): App\Controllers\Dokter->addDoctor()
 2 SYSTEMPATH\CodeIgniter.php(509): CodeIgniter\CodeIgniter->runController(Object(App\Controllers\Dokter))
 3 SYSTEMPATH\CodeIgniter.php(355): CodeIgniter\CodeIgniter->handleRequest(null, Object(Config\Cache), false)
 4 SYSTEMPATH\Boot.php(312): CodeIgniter\CodeIgniter->run()
 5 SYSTEMPATH\Boot.php(67): CodeIgniter\Boot::runCodeIgniter(Object(CodeIgniter\CodeIgniter))
 6 FCPATH\index.php(56): CodeIgniter\Boot::bootWeb(Object(Config\Paths))
 7 SYSTEMPATH\Commands\Server\rewrite.php(49): require_once('D:\\Project\\dlbeauty\\public\\index.php')
INFO - 2024-05-29 02:23:39 --> Session: Class initialized using 'CodeIgniter\Session\Handlers\FileHandler' driver.
WARNING - 2024-05-29 02:23:39 --> Session: Sessions is enabled, and one exists. Please don't $session->start();
CRITICAL - 2024-05-29 02:23:39 --> Error: Call to a member function getRandomName() on null
[Method: POST, Route: admin/dokter/tambah/proses]
in APPPATH\Controllers\Dokter.php on line 29.
 1 SYSTEMPATH\CodeIgniter.php(933): App\Controllers\Dokter->addDoctor()
 2 SYSTEMPATH\CodeIgniter.php(509): CodeIgniter\CodeIgniter->runController(Object(App\Controllers\Dokter))
 3 SYSTEMPATH\CodeIgniter.php(355): CodeIgniter\CodeIgniter->handleRequest(null, Object(Config\Cache), false)
 4 SYSTEMPATH\Boot.php(312): CodeIgniter\CodeIgniter->run()
 5 SYSTEMPATH\Boot.php(67): CodeIgniter\Boot::runCodeIgniter(Object(CodeIgniter\CodeIgniter))
 6 FCPATH\index.php(56): CodeIgniter\Boot::bootWeb(Object(Config\Paths))
 7 SYSTEMPATH\Commands\Server\rewrite.php(49): require_once('D:\\Project\\dlbeauty\\public\\index.php')
INFO - 2024-05-29 02:23:41 --> Session: Class initialized using 'CodeIgniter\Session\Handlers\FileHandler' driver.
WARNING - 2024-05-29 02:23:41 --> Session: Sessions is enabled, and one exists. Please don't $session->start();
INFO - 2024-05-29 02:23:43 --> Session: Class initialized using 'CodeIgniter\Session\Handlers\FileHandler' driver.
WARNING - 2024-05-29 02:23:43 --> Session: Sessions is enabled, and one exists. Please don't $session->start();
INFO - 2024-05-29 02:23:48 --> Session: Class initialized using 'CodeIgniter\Session\Handlers\FileHandler' driver.
WARNING - 2024-05-29 02:23:48 --> Session: Sessions is enabled, and one exists. Please don't $session->start();
CRITICAL - 2024-05-29 02:23:48 --> Error: Call to a member function getRandomName() on null
[Method: POST, Route: admin/dokter/tambah/proses]
in APPPATH\Controllers\Dokter.php on line 29.
 1 SYSTEMPATH\CodeIgniter.php(933): App\Controllers\Dokter->addDoctor()
 2 SYSTEMPATH\CodeIgniter.php(509): CodeIgniter\CodeIgniter->runController(Object(App\Controllers\Dokter))
 3 SYSTEMPATH\CodeIgniter.php(355): CodeIgniter\CodeIgniter->handleRequest(null, Object(Config\Cache), false)
 4 SYSTEMPATH\Boot.php(312): CodeIgniter\CodeIgniter->run()
 5 SYSTEMPATH\Boot.php(67): CodeIgniter\Boot::runCodeIgniter(Object(CodeIgniter\CodeIgniter))
 6 FCPATH\index.php(56): CodeIgniter\Boot::bootWeb(Object(Config\Paths))
 7 SYSTEMPATH\Commands\Server\rewrite.php(49): require_once('D:\\Project\\dlbeauty\\public\\index.php')
INFO - 2024-05-29 02:24:22 --> Session: Class initialized using 'CodeIgniter\Session\Handlers\FileHandler' driver.
WARNING - 2024-05-29 02:24:22 --> Session: Sessions is enabled, and one exists. Please don't $session->start();
INFO - 2024-05-29 02:24:25 --> Session: Class initialized using 'CodeIgniter\Session\Handlers\FileHandler' driver.
WARNING - 2024-05-29 02:24:25 --> Session: Sessions is enabled, and one exists. Please don't $session->start();
INFO - 2024-05-29 02:24:27 --> Session: Class initialized using 'CodeIgniter\Session\Handlers\FileHandler' driver.
WARNING - 2024-05-29 02:24:27 --> Session: Sessions is enabled, and one exists. Please don't $session->start();
INFO - 2024-05-29 02:24:31 --> Session: Class initialized using 'CodeIgniter\Session\Handlers\FileHandler' driver.
WARNING - 2024-05-29 02:24:31 --> Session: Sessions is enabled, and one exists. Please don't $session->start();
INFO - 2024-05-29 02:24:32 --> Session: Class initialized using 'CodeIgniter\Session\Handlers\FileHandler' driver.
WARNING - 2024-05-29 02:24:32 --> Session: Sessions is enabled, and one exists. Please don't $session->start();
INFO - 2024-05-29 02:24:38 --> Session: Class initialized using 'CodeIgniter\Session\Handlers\FileHandler' driver.
WARNING - 2024-05-29 02:24:38 --> Session: Sessions is enabled, and one exists. Please don't $session->start();
INFO - 2024-05-29 02:24:50 --> Session: Class initialized using 'CodeIgniter\Session\Handlers\FileHandler' driver.
WARNING - 2024-05-29 02:24:50 --> Session: Sessions is enabled, and one exists. Please don't $session->start();
INFO - 2024-05-29 02:24:53 --> Session: Class initialized using 'CodeIgniter\Session\Handlers\FileHandler' driver.
WARNING - 2024-05-29 02:24:53 --> Session: Sessions is enabled, and one exists. Please don't $session->start();
CRITICAL - 2024-05-29 02:24:53 --> ErrorException: Undefined array key "jenis_kelamin"
[Method: POST, Route: admin/dokter/tambah/proses]
in APPPATH\Controllers\Dokter.php on line 35.
 1 APPPATH\Controllers\Dokter.php(35): CodeIgniter\Debug\Exceptions->errorHandler(2, 'Undefined array key "jenis_kelamin"', 'D:\\Project\\dlbeauty\\app\\Controllers\\Dokter.php', 35)
 2 SYSTEMPATH\CodeIgniter.php(933): App\Controllers\Dokter->addDoctor()
 3 SYSTEMPATH\CodeIgniter.php(509): CodeIgniter\CodeIgniter->runController(Object(App\Controllers\Dokter))
 4 SYSTEMPATH\CodeIgniter.php(355): CodeIgniter\CodeIgniter->handleRequest(null, Object(Config\Cache), false)
 5 SYSTEMPATH\Boot.php(312): CodeIgniter\CodeIgniter->run()
 6 SYSTEMPATH\Boot.php(67): CodeIgniter\Boot::runCodeIgniter(Object(CodeIgniter\CodeIgniter))
 7 FCPATH\index.php(56): CodeIgniter\Boot::bootWeb(Object(Config\Paths))
 8 SYSTEMPATH\Commands\Server\rewrite.php(49): require_once('D:\\Project\\dlbeauty\\public\\index.php')
INFO - 2024-05-29 02:25:23 --> Session: Class initialized using 'CodeIgniter\Session\Handlers\FileHandler' driver.
WARNING - 2024-05-29 02:25:23 --> Session: Sessions is enabled, and one exists. Please don't $session->start();
INFO - 2024-05-29 02:25:23 --> Session: Class initialized using 'CodeIgniter\Session\Handlers\FileHandler' driver.
WARNING - 2024-05-29 02:25:23 --> Session: Sessions is enabled, and one exists. Please don't $session->start();
INFO - 2024-05-29 06:05:15 --> Session: Class initialized using 'CodeIgniter\Session\Handlers\FileHandler' driver.
WARNING - 2024-05-29 06:05:15 --> Session: Sessions is enabled, and one exists. Please don't $session->start();
INFO - 2024-05-29 06:05:16 --> Session: Class initialized using 'CodeIgniter\Session\Handlers\FileHandler' driver.
WARNING - 2024-05-29 06:05:16 --> Session: Sessions is enabled, and one exists. Please don't $session->start();
INFO - 2024-05-29 06:05:24 --> Session: Class initialized using 'CodeIgniter\Session\Handlers\FileHandler' driver.
WARNING - 2024-05-29 06:05:24 --> Session: Sessions is enabled, and one exists. Please don't $session->start();
INFO - 2024-05-29 06:05:30 --> Session: Class initialized using 'CodeIgniter\Session\Handlers\FileHandler' driver.
WARNING - 2024-05-29 06:05:30 --> Session: Sessions is enabled, and one exists. Please don't $session->start();
INFO - 2024-05-29 06:05:32 --> Session: Class initialized using 'CodeIgniter\Session\Handlers\FileHandler' driver.
WARNING - 2024-05-29 06:05:32 --> Session: Sessions is enabled, and one exists. Please don't $session->start();
INFO - 2024-05-29 06:05:38 --> Session: Class initialized using 'CodeIgniter\Session\Handlers\FileHandler' driver.
WARNING - 2024-05-29 06:05:38 --> Session: Sessions is enabled, and one exists. Please don't $session->start();
INFO - 2024-05-29 06:05:38 --> Session: Class initialized using 'CodeIgniter\Session\Handlers\FileHandler' driver.
WARNING - 2024-05-29 06:05:38 --> Session: Sessions is enabled, and one exists. Please don't $session->start();
INFO - 2024-05-29 06:05:42 --> Session: Class initialized using 'CodeIgniter\Session\Handlers\FileHandler' driver.
WARNING - 2024-05-29 06:05:42 --> Session: Sessions is enabled, and one exists. Please don't $session->start();
INFO - 2024-05-29 06:05:53 --> Session: Class initialized using 'CodeIgniter\Session\Handlers\FileHandler' driver.
WARNING - 2024-05-29 06:05:53 --> Session: Sessions is enabled, and one exists. Please don't $session->start();
INFO - 2024-05-29 06:05:55 --> Session: Class initialized using 'CodeIgniter\Session\Handlers\FileHandler' driver.
WARNING - 2024-05-29 06:05:55 --> Session: Sessions is enabled, and one exists. Please don't $session->start();
INFO - 2024-05-29 06:05:55 --> Session: Class initialized using 'CodeIgniter\Session\Handlers\FileHandler' driver.
WARNING - 2024-05-29 06:05:55 --> Session: Sessions is enabled, and one exists. Please don't $session->start();
INFO - 2024-05-29 06:06:20 --> Session: Class initialized using 'CodeIgniter\Session\Handlers\FileHandler' driver.
WARNING - 2024-05-29 06:06:20 --> Session: Sessions is enabled, and one exists. Please don't $session->start();
INFO - 2024-05-29 06:06:20 --> Session: Class initialized using 'CodeIgniter\Session\Handlers\FileHandler' driver.
WARNING - 2024-05-29 06:06:20 --> Session: Sessions is enabled, and one exists. Please don't $session->start();
CRITICAL - 2024-05-29 06:06:20 --> ErrorException: Undefined array key "jenis_kelain"
[Method: GET, Route: admin/dokter/tambah]
in APPPATH\Views\admin\dokter\add.php on line 62.
 1 APPPATH\Views\admin\dokter\add.php(62): CodeIgniter\Debug\Exceptions->errorHandler(2, 'Undefined array key "jenis_kelain"', 'D:\\Project\\dlbeauty\\app\\Views\\admin\\dokter\\add.php', 62)
 2 SYSTEMPATH\View\View.php(234): include('D:\\Project\\dlbeauty\\app\\Views\\admin\\dokter\\add.php')
 3 SYSTEMPATH\View\View.php(237): CodeIgniter\View\View->CodeIgniter\View\{closure}()
 4 SYSTEMPATH\Common.php(1171): CodeIgniter\View\View->render('admin/dokter/add', [], true)
 5 APPPATH\Controllers\Admin.php(331): view('admin/dokter/add')
 6 SYSTEMPATH\CodeIgniter.php(933): App\Controllers\Admin->viewAddDoctor()
 7 SYSTEMPATH\CodeIgniter.php(509): CodeIgniter\CodeIgniter->runController(Object(App\Controllers\Admin))
 8 SYSTEMPATH\CodeIgniter.php(355): CodeIgniter\CodeIgniter->handleRequest(null, Object(Config\Cache), false)
 9 SYSTEMPATH\Boot.php(312): CodeIgniter\CodeIgniter->run()
10 SYSTEMPATH\Boot.php(67): CodeIgniter\Boot::runCodeIgniter(Object(CodeIgniter\CodeIgniter))
11 FCPATH\index.php(56): CodeIgniter\Boot::bootWeb(Object(Config\Paths))
12 SYSTEMPATH\Commands\Server\rewrite.php(49): require_once('D:\\Project\\dlbeauty\\public\\index.php')
INFO - 2024-05-29 06:06:40 --> Session: Class initialized using 'CodeIgniter\Session\Handlers\FileHandler' driver.
WARNING - 2024-05-29 06:06:40 --> Session: Sessions is enabled, and one exists. Please don't $session->start();
INFO - 2024-05-29 06:06:48 --> Session: Class initialized using 'CodeIgniter\Session\Handlers\FileHandler' driver.
WARNING - 2024-05-29 06:06:48 --> Session: Sessions is enabled, and one exists. Please don't $session->start();
INFO - 2024-05-29 06:06:48 --> Session: Class initialized using 'CodeIgniter\Session\Handlers\FileHandler' driver.
WARNING - 2024-05-29 06:06:48 --> Session: Sessions is enabled, and one exists. Please don't $session->start();
INFO - 2024-05-29 06:14:15 --> Session: Class initialized using 'CodeIgniter\Session\Handlers\FileHandler' driver.
WARNING - 2024-05-29 06:14:15 --> Session: Sessions is enabled, and one exists. Please don't $session->start();
INFO - 2024-05-29 06:14:18 --> Session: Class initialized using 'CodeIgniter\Session\Handlers\FileHandler' driver.
WARNING - 2024-05-29 06:14:18 --> Session: Sessions is enabled, and one exists. Please don't $session->start();
INFO - 2024-05-29 06:14:22 --> Session: Class initialized using 'CodeIgniter\Session\Handlers\FileHandler' driver.
WARNING - 2024-05-29 06:14:22 --> Session: Sessions is enabled, and one exists. Please don't $session->start();
CRITICAL - 2024-05-29 06:14:22 --> ErrorException: Undefined variable $input
[Method: GET, Route: admin/dokter/edit/DKT001]
in APPPATH\Views\admin\dokter\edit.php on line 58.
 1 APPPATH\Views\admin\dokter\edit.php(58): CodeIgniter\Debug\Exceptions->errorHandler(2, 'Undefined variable $input', 'D:\\Project\\dlbeauty\\app\\Views\\admin\\dokter\\edit.php', 58)
 2 SYSTEMPATH\View\View.php(234): include('D:\\Project\\dlbeauty\\app\\Views\\admin\\dokter\\edit.php')
 3 SYSTEMPATH\View\View.php(237): CodeIgniter\View\View->CodeIgniter\View\{closure}()
 4 SYSTEMPATH\Common.php(1171): CodeIgniter\View\View->render('admin/dokter/edit', [], true)
 5 APPPATH\Controllers\Admin.php(354): view('admin/dokter/edit', [...])
 6 SYSTEMPATH\CodeIgniter.php(933): App\Controllers\Admin->viewEditDoctor('DKT001')
 7 SYSTEMPATH\CodeIgniter.php(509): CodeIgniter\CodeIgniter->runController(Object(App\Controllers\Admin))
 8 SYSTEMPATH\CodeIgniter.php(355): CodeIgniter\CodeIgniter->handleRequest(null, Object(Config\Cache), false)
 9 SYSTEMPATH\Boot.php(312): CodeIgniter\CodeIgniter->run()
10 SYSTEMPATH\Boot.php(67): CodeIgniter\Boot::runCodeIgniter(Object(CodeIgniter\CodeIgniter))
11 FCPATH\index.php(56): CodeIgniter\Boot::bootWeb(Object(Config\Paths))
12 SYSTEMPATH\Commands\Server\rewrite.php(49): require_once('D:\\Project\\dlbeauty\\public\\index.php')
INFO - 2024-05-29 06:14:36 --> Session: Class initialized using 'CodeIgniter\Session\Handlers\FileHandler' driver.
WARNING - 2024-05-29 06:14:36 --> Session: Sessions is enabled, and one exists. Please don't $session->start();
CRITICAL - 2024-05-29 06:14:36 --> ErrorException: Undefined variable $produk
[Method: GET, Route: admin/dokter/edit/DKT001]
in APPPATH\Views\admin\dokter\edit.php on line 63.
 1 APPPATH\Views\admin\dokter\edit.php(63): CodeIgniter\Debug\Exceptions->errorHandler(2, 'Undefined variable $produk', 'D:\\Project\\dlbeauty\\app\\Views\\admin\\dokter\\edit.php', 63)
 2 SYSTEMPATH\View\View.php(234): include('D:\\Project\\dlbeauty\\app\\Views\\admin\\dokter\\edit.php')
 3 SYSTEMPATH\View\View.php(237): CodeIgniter\View\View->CodeIgniter\View\{closure}()
 4 SYSTEMPATH\Common.php(1171): CodeIgniter\View\View->render('admin/dokter/edit', [], true)
 5 APPPATH\Controllers\Admin.php(354): view('admin/dokter/edit', [...])
 6 SYSTEMPATH\CodeIgniter.php(933): App\Controllers\Admin->viewEditDoctor('DKT001')
 7 SYSTEMPATH\CodeIgniter.php(509): CodeIgniter\CodeIgniter->runController(Object(App\Controllers\Admin))
 8 SYSTEMPATH\CodeIgniter.php(355): CodeIgniter\CodeIgniter->handleRequest(null, Object(Config\Cache), false)
 9 SYSTEMPATH\Boot.php(312): CodeIgniter\CodeIgniter->run()
10 SYSTEMPATH\Boot.php(67): CodeIgniter\Boot::runCodeIgniter(Object(CodeIgniter\CodeIgniter))
11 FCPATH\index.php(56): CodeIgniter\Boot::bootWeb(Object(Config\Paths))
12 SYSTEMPATH\Commands\Server\rewrite.php(49): require_once('D:\\Project\\dlbeauty\\public\\index.php')
INFO - 2024-05-29 06:14:49 --> Session: Class initialized using 'CodeIgniter\Session\Handlers\FileHandler' driver.
WARNING - 2024-05-29 06:14:49 --> Session: Sessions is enabled, and one exists. Please don't $session->start();
INFO - 2024-05-29 06:15:00 --> Session: Class initialized using 'CodeIgniter\Session\Handlers\FileHandler' driver.
WARNING - 2024-05-29 06:15:00 --> Session: Sessions is enabled, and one exists. Please don't $session->start();
INFO - 2024-05-29 06:15:00 --> Session: Class initialized using 'CodeIgniter\Session\Handlers\FileHandler' driver.
WARNING - 2024-05-29 06:15:00 --> Session: Sessions is enabled, and one exists. Please don't $session->start();
INFO - 2024-05-29 06:15:16 --> Session: Class initialized using 'CodeIgniter\Session\Handlers\FileHandler' driver.
WARNING - 2024-05-29 06:15:17 --> Session: Sessions is enabled, and one exists. Please don't $session->start();
INFO - 2024-05-29 06:15:17 --> Session: Class initialized using 'CodeIgniter\Session\Handlers\FileHandler' driver.
WARNING - 2024-05-29 06:15:17 --> Session: Sessions is enabled, and one exists. Please don't $session->start();
INFO - 2024-05-29 06:15:29 --> Session: Class initialized using 'CodeIgniter\Session\Handlers\FileHandler' driver.
WARNING - 2024-05-29 06:15:29 --> Session: Sessions is enabled, and one exists. Please don't $session->start();
INFO - 2024-05-29 06:15:30 --> Session: Class initialized using 'CodeIgniter\Session\Handlers\FileHandler' driver.
WARNING - 2024-05-29 06:15:30 --> Session: Sessions is enabled, and one exists. Please don't $session->start();
INFO - 2024-05-29 06:15:40 --> Session: Class initialized using 'CodeIgniter\Session\Handlers\FileHandler' driver.
WARNING - 2024-05-29 06:15:40 --> Session: Sessions is enabled, and one exists. Please don't $session->start();
INFO - 2024-05-29 06:15:40 --> Session: Class initialized using 'CodeIgniter\Session\Handlers\FileHandler' driver.
WARNING - 2024-05-29 06:15:40 --> Session: Sessions is enabled, and one exists. Please don't $session->start();
INFO - 2024-05-29 06:15:57 --> Session: Class initialized using 'CodeIgniter\Session\Handlers\FileHandler' driver.
WARNING - 2024-05-29 06:15:57 --> Session: Sessions is enabled, and one exists. Please don't $session->start();
INFO - 2024-05-29 06:15:57 --> Session: Class initialized using 'CodeIgniter\Session\Handlers\FileHandler' driver.
WARNING - 2024-05-29 06:15:57 --> Session: Sessions is enabled, and one exists. Please don't $session->start();
INFO - 2024-05-29 06:20:28 --> Session: Class initialized using 'CodeIgniter\Session\Handlers\FileHandler' driver.
WARNING - 2024-05-29 06:20:28 --> Session: Sessions is enabled, and one exists. Please don't $session->start();
CRITICAL - 2024-05-29 06:20:28 --> ErrorException: Undefined variable $valDpk
[Method: GET, Route: admin/dokter]
in APPPATH\Views\admin\dokter\index.php on line 50.
 1 APPPATH\Views\admin\dokter\index.php(50): CodeIgniter\Debug\Exceptions->errorHandler(2, 'Undefined variable $valDpk', 'D:\\Project\\dlbeauty\\app\\Views\\admin\\dokter\\index.php', 50)
 2 SYSTEMPATH\View\View.php(234): include('D:\\Project\\dlbeauty\\app\\Views\\admin\\dokter\\index.php')
 3 SYSTEMPATH\View\View.php(237): CodeIgniter\View\View->CodeIgniter\View\{closure}()
 4 SYSTEMPATH\Common.php(1171): CodeIgniter\View\View->render('admin/dokter/index', [], true)
 5 APPPATH\Controllers\Admin.php(310): view('admin/dokter/index', [...])
 6 SYSTEMPATH\CodeIgniter.php(933): App\Controllers\Admin->viewDoctor()
 7 SYSTEMPATH\CodeIgniter.php(509): CodeIgniter\CodeIgniter->runController(Object(App\Controllers\Admin))
 8 SYSTEMPATH\CodeIgniter.php(355): CodeIgniter\CodeIgniter->handleRequest(null, Object(Config\Cache), false)
 9 SYSTEMPATH\Boot.php(312): CodeIgniter\CodeIgniter->run()
10 SYSTEMPATH\Boot.php(67): CodeIgniter\Boot::runCodeIgniter(Object(CodeIgniter\CodeIgniter))
11 FCPATH\index.php(56): CodeIgniter\Boot::bootWeb(Object(Config\Paths))
12 SYSTEMPATH\Commands\Server\rewrite.php(49): require_once('D:\\Project\\dlbeauty\\public\\index.php')
INFO - 2024-05-29 06:20:34 --> Session: Class initialized using 'CodeIgniter\Session\Handlers\FileHandler' driver.
WARNING - 2024-05-29 06:20:34 --> Session: Sessions is enabled, and one exists. Please don't $session->start();
INFO - 2024-05-29 06:21:11 --> Session: Class initialized using 'CodeIgniter\Session\Handlers\FileHandler' driver.
WARNING - 2024-05-29 06:21:11 --> Session: Sessions is enabled, and one exists. Please don't $session->start();
INFO - 2024-05-29 06:21:14 --> Session: Class initialized using 'CodeIgniter\Session\Handlers\FileHandler' driver.
WARNING - 2024-05-29 06:21:14 --> Session: Sessions is enabled, and one exists. Please don't $session->start();
INFO - 2024-05-29 06:21:14 --> Session: Class initialized using 'CodeIgniter\Session\Handlers\FileHandler' driver.
WARNING - 2024-05-29 06:21:14 --> Session: Sessions is enabled, and one exists. Please don't $session->start();
INFO - 2024-05-29 06:21:19 --> Session: Class initialized using 'CodeIgniter\Session\Handlers\FileHandler' driver.
WARNING - 2024-05-29 06:21:19 --> Session: Sessions is enabled, and one exists. Please don't $session->start();
INFO - 2024-05-29 06:21:40 --> Session: Class initialized using 'CodeIgniter\Session\Handlers\FileHandler' driver.
WARNING - 2024-05-29 06:21:40 --> Session: Sessions is enabled, and one exists. Please don't $session->start();
INFO - 2024-05-29 06:21:43 --> Session: Class initialized using 'CodeIgniter\Session\Handlers\FileHandler' driver.
WARNING - 2024-05-29 06:21:43 --> Session: Sessions is enabled, and one exists. Please don't $session->start();
INFO - 2024-05-29 06:22:06 --> Session: Class initialized using 'CodeIgniter\Session\Handlers\FileHandler' driver.
WARNING - 2024-05-29 06:22:06 --> Session: Sessions is enabled, and one exists. Please don't $session->start();
INFO - 2024-05-29 06:22:09 --> Session: Class initialized using 'CodeIgniter\Session\Handlers\FileHandler' driver.
WARNING - 2024-05-29 06:22:09 --> Session: Sessions is enabled, and one exists. Please don't $session->start();
INFO - 2024-05-29 06:22:15 --> Session: Class initialized using 'CodeIgniter\Session\Handlers\FileHandler' driver.
WARNING - 2024-05-29 06:22:15 --> Session: Sessions is enabled, and one exists. Please don't $session->start();
INFO - 2024-05-29 06:28:04 --> Session: Class initialized using 'CodeIgniter\Session\Handlers\FileHandler' driver.
WARNING - 2024-05-29 06:28:04 --> Session: Sessions is enabled, and one exists. Please don't $session->start();
INFO - 2024-05-29 06:37:34 --> Session: Class initialized using 'CodeIgniter\Session\Handlers\FileHandler' driver.
WARNING - 2024-05-29 06:37:34 --> Session: Sessions is enabled, and one exists. Please don't $session->start();
CRITICAL - 2024-05-29 06:37:34 --> ErrorException: Undefined variable $input
[Method: GET, Route: admin/klinik/tambah]
in APPPATH\Views\admin\clinic\add.php on line 50.
 1 APPPATH\Views\admin\clinic\add.php(50): CodeIgniter\Debug\Exceptions->errorHandler(2, 'Undefined variable $input', 'D:\\Project\\dlbeauty\\app\\Views\\admin\\clinic\\add.php', 50)
 2 SYSTEMPATH\View\View.php(234): include('D:\\Project\\dlbeauty\\app\\Views\\admin\\clinic\\add.php')
 3 SYSTEMPATH\View\View.php(237): CodeIgniter\View\View->CodeIgniter\View\{closure}()
 4 SYSTEMPATH\Common.php(1171): CodeIgniter\View\View->render('admin/clinic/add', [], true)
 5 APPPATH\Controllers\Admin.php(255): view('admin/clinic/add', [...])
 6 SYSTEMPATH\CodeIgniter.php(933): App\Controllers\Admin->viewAddClinic()
 7 SYSTEMPATH\CodeIgniter.php(509): CodeIgniter\CodeIgniter->runController(Object(App\Controllers\Admin))
 8 SYSTEMPATH\CodeIgniter.php(355): CodeIgniter\CodeIgniter->handleRequest(null, Object(Config\Cache), false)
 9 SYSTEMPATH\Boot.php(312): CodeIgniter\CodeIgniter->run()
10 SYSTEMPATH\Boot.php(67): CodeIgniter\Boot::runCodeIgniter(Object(CodeIgniter\CodeIgniter))
11 FCPATH\index.php(56): CodeIgniter\Boot::bootWeb(Object(Config\Paths))
12 SYSTEMPATH\Commands\Server\rewrite.php(49): require_once('D:\\Project\\dlbeauty\\public\\index.php')
INFO - 2024-05-29 06:37:49 --> Session: Class initialized using 'CodeIgniter\Session\Handlers\FileHandler' driver.
WARNING - 2024-05-29 06:37:49 --> Session: Sessions is enabled, and one exists. Please don't $session->start();
INFO - 2024-05-29 06:37:58 --> Session: Class initialized using 'CodeIgniter\Session\Handlers\FileHandler' driver.
WARNING - 2024-05-29 06:37:58 --> Session: Sessions is enabled, and one exists. Please don't $session->start();
INFO - 2024-05-29 06:37:58 --> Session: Class initialized using 'CodeIgniter\Session\Handlers\FileHandler' driver.
WARNING - 2024-05-29 06:37:58 --> Session: Sessions is enabled, and one exists. Please don't $session->start();
INFO - 2024-05-29 06:38:20 --> Session: Class initialized using 'CodeIgniter\Session\Handlers\FileHandler' driver.
WARNING - 2024-05-29 06:38:20 --> Session: Sessions is enabled, and one exists. Please don't $session->start();
INFO - 2024-05-29 06:39:11 --> Session: Class initialized using 'CodeIgniter\Session\Handlers\FileHandler' driver.
WARNING - 2024-05-29 06:39:11 --> Session: Sessions is enabled, and one exists. Please don't $session->start();
INFO - 2024-05-29 06:39:48 --> Session: Class initialized using 'CodeIgniter\Session\Handlers\FileHandler' driver.
WARNING - 2024-05-29 06:39:48 --> Session: Sessions is enabled, and one exists. Please don't $session->start();
INFO - 2024-05-29 06:39:48 --> Session: Class initialized using 'CodeIgniter\Session\Handlers\FileHandler' driver.
WARNING - 2024-05-29 06:39:48 --> Session: Sessions is enabled, and one exists. Please don't $session->start();
INFO - 2024-05-29 06:40:00 --> Session: Class initialized using 'CodeIgniter\Session\Handlers\FileHandler' driver.
WARNING - 2024-05-29 06:40:00 --> Session: Sessions is enabled, and one exists. Please don't $session->start();
INFO - 2024-05-29 06:40:00 --> Session: Class initialized using 'CodeIgniter\Session\Handlers\FileHandler' driver.
WARNING - 2024-05-29 06:40:00 --> Session: Sessions is enabled, and one exists. Please don't $session->start();
INFO - 2024-05-29 06:40:55 --> Session: Class initialized using 'CodeIgniter\Session\Handlers\FileHandler' driver.
WARNING - 2024-05-29 06:40:55 --> Session: Sessions is enabled, and one exists. Please don't $session->start();
INFO - 2024-05-29 06:40:55 --> Session: Class initialized using 'CodeIgniter\Session\Handlers\FileHandler' driver.
WARNING - 2024-05-29 06:40:55 --> Session: Sessions is enabled, and one exists. Please don't $session->start();
INFO - 2024-05-29 06:41:44 --> Session: Class initialized using 'CodeIgniter\Session\Handlers\FileHandler' driver.
WARNING - 2024-05-29 06:41:44 --> Session: Sessions is enabled, and one exists. Please don't $session->start();
INFO - 2024-05-29 06:41:53 --> Session: Class initialized using 'CodeIgniter\Session\Handlers\FileHandler' driver.
WARNING - 2024-05-29 06:41:53 --> Session: Sessions is enabled, and one exists. Please don't $session->start();
INFO - 2024-05-29 06:41:54 --> Session: Class initialized using 'CodeIgniter\Session\Handlers\FileHandler' driver.
WARNING - 2024-05-29 06:41:54 --> Session: Sessions is enabled, and one exists. Please don't $session->start();
INFO - 2024-05-29 06:44:56 --> Session: Class initialized using 'CodeIgniter\Session\Handlers\FileHandler' driver.
WARNING - 2024-05-29 06:44:56 --> Session: Sessions is enabled, and one exists. Please don't $session->start();
INFO - 2024-05-29 06:44:57 --> Session: Class initialized using 'CodeIgniter\Session\Handlers\FileHandler' driver.
WARNING - 2024-05-29 06:44:57 --> Session: Sessions is enabled, and one exists. Please don't $session->start();
INFO - 2024-05-29 07:20:36 --> Session: Class initialized using 'CodeIgniter\Session\Handlers\FileHandler' driver.
WARNING - 2024-05-29 07:20:36 --> Session: Sessions is enabled, and one exists. Please don't $session->start();
INFO - 2024-05-29 07:20:47 --> Session: Class initialized using 'CodeIgniter\Session\Handlers\FileHandler' driver.
WARNING - 2024-05-29 07:20:47 --> Session: Sessions is enabled, and one exists. Please don't $session->start();
INFO - 2024-05-29 07:20:47 --> Session: Class initialized using 'CodeIgniter\Session\Handlers\FileHandler' driver.
WARNING - 2024-05-29 07:20:47 --> Session: Sessions is enabled, and one exists. Please don't $session->start();
INFO - 2024-05-29 07:21:18 --> Session: Class initialized using 'CodeIgniter\Session\Handlers\FileHandler' driver.
WARNING - 2024-05-29 07:21:18 --> Session: Sessions is enabled, and one exists. Please don't $session->start();
INFO - 2024-05-29 07:21:29 --> Session: Class initialized using 'CodeIgniter\Session\Handlers\FileHandler' driver.
WARNING - 2024-05-29 07:21:29 --> Session: Sessions is enabled, and one exists. Please don't $session->start();
INFO - 2024-05-29 07:21:29 --> Session: Class initialized using 'CodeIgniter\Session\Handlers\FileHandler' driver.
WARNING - 2024-05-29 07:21:29 --> Session: Sessions is enabled, and one exists. Please don't $session->start();
INFO - 2024-05-29 07:22:31 --> Session: Class initialized using 'CodeIgniter\Session\Handlers\FileHandler' driver.
WARNING - 2024-05-29 07:22:31 --> Session: Sessions is enabled, and one exists. Please don't $session->start();
INFO - 2024-05-29 07:22:43 --> Session: Class initialized using 'CodeIgniter\Session\Handlers\FileHandler' driver.
WARNING - 2024-05-29 07:22:43 --> Session: Sessions is enabled, and one exists. Please don't $session->start();
INFO - 2024-05-29 07:22:44 --> Session: Class initialized using 'CodeIgniter\Session\Handlers\FileHandler' driver.
WARNING - 2024-05-29 07:22:44 --> Session: Sessions is enabled, and one exists. Please don't $session->start();
INFO - 2024-05-29 07:23:10 --> Session: Class initialized using 'CodeIgniter\Session\Handlers\FileHandler' driver.
WARNING - 2024-05-29 07:23:10 --> Session: Sessions is enabled, and one exists. Please don't $session->start();
INFO - 2024-05-29 07:23:18 --> Session: Class initialized using 'CodeIgniter\Session\Handlers\FileHandler' driver.
WARNING - 2024-05-29 07:23:18 --> Session: Sessions is enabled, and one exists. Please don't $session->start();
INFO - 2024-05-29 07:23:27 --> Session: Class initialized using 'CodeIgniter\Session\Handlers\FileHandler' driver.
WARNING - 2024-05-29 07:23:27 --> Session: Sessions is enabled, and one exists. Please don't $session->start();
INFO - 2024-05-29 07:23:27 --> Session: Class initialized using 'CodeIgniter\Session\Handlers\FileHandler' driver.
WARNING - 2024-05-29 07:23:27 --> Session: Sessions is enabled, and one exists. Please don't $session->start();
INFO - 2024-05-29 07:23:35 --> Session: Class initialized using 'CodeIgniter\Session\Handlers\FileHandler' driver.
WARNING - 2024-05-29 07:23:35 --> Session: Sessions is enabled, and one exists. Please don't $session->start();
INFO - 2024-05-29 07:23:41 --> Session: Class initialized using 'CodeIgniter\Session\Handlers\FileHandler' driver.
WARNING - 2024-05-29 07:23:41 --> Session: Sessions is enabled, and one exists. Please don't $session->start();
INFO - 2024-05-29 07:23:41 --> Session: Class initialized using 'CodeIgniter\Session\Handlers\FileHandler' driver.
WARNING - 2024-05-29 07:23:41 --> Session: Sessions is enabled, and one exists. Please don't $session->start();
INFO - 2024-05-29 07:25:06 --> Session: Class initialized using 'CodeIgniter\Session\Handlers\FileHandler' driver.
WARNING - 2024-05-29 07:25:06 --> Session: Sessions is enabled, and one exists. Please don't $session->start();
INFO - 2024-05-29 07:25:17 --> Session: Class initialized using 'CodeIgniter\Session\Handlers\FileHandler' driver.
WARNING - 2024-05-29 07:25:17 --> Session: Sessions is enabled, and one exists. Please don't $session->start();
INFO - 2024-05-29 07:25:17 --> Session: Class initialized using 'CodeIgniter\Session\Handlers\FileHandler' driver.
WARNING - 2024-05-29 07:25:17 --> Session: Sessions is enabled, and one exists. Please don't $session->start();
INFO - 2024-05-29 07:25:28 --> Session: Class initialized using 'CodeIgniter\Session\Handlers\FileHandler' driver.
WARNING - 2024-05-29 07:25:28 --> Session: Sessions is enabled, and one exists. Please don't $session->start();
INFO - 2024-05-29 07:25:43 --> Session: Class initialized using 'CodeIgniter\Session\Handlers\FileHandler' driver.
WARNING - 2024-05-29 07:25:43 --> Session: Sessions is enabled, and one exists. Please don't $session->start();
INFO - 2024-05-29 07:25:44 --> Session: Class initialized using 'CodeIgniter\Session\Handlers\FileHandler' driver.
WARNING - 2024-05-29 07:25:44 --> Session: Sessions is enabled, and one exists. Please don't $session->start();
INFO - 2024-05-29 07:25:59 --> Session: Class initialized using 'CodeIgniter\Session\Handlers\FileHandler' driver.
WARNING - 2024-05-29 07:25:59 --> Session: Sessions is enabled, and one exists. Please don't $session->start();
CRITICAL - 2024-05-29 07:25:59 --> ErrorException: Trying to access array offset on value of type null
[Method: GET, Route: admin/klinik/tambah]
in APPPATH\Views\admin\clinic\add.php on line 55.
 1 APPPATH\Views\admin\clinic\add.php(55): CodeIgniter\Debug\Exceptions->errorHandler(2, 'Trying to access array offset on value of type null', 'D:\\Project\\dlbeauty\\app\\Views\\admin\\clinic\\add.php', 55)
 2 SYSTEMPATH\View\View.php(234): include('D:\\Project\\dlbeauty\\app\\Views\\admin\\clinic\\add.php')
 3 SYSTEMPATH\View\View.php(237): CodeIgniter\View\View->CodeIgniter\View\{closure}()
 4 SYSTEMPATH\Common.php(1171): CodeIgniter\View\View->render('admin/clinic/add', [], true)
 5 APPPATH\Controllers\Admin.php(255): view('admin/clinic/add', [...])
 6 SYSTEMPATH\CodeIgniter.php(933): App\Controllers\Admin->viewAddClinic()
 7 SYSTEMPATH\CodeIgniter.php(509): CodeIgniter\CodeIgniter->runController(Object(App\Controllers\Admin))
 8 SYSTEMPATH\CodeIgniter.php(355): CodeIgniter\CodeIgniter->handleRequest(null, Object(Config\Cache), false)
 9 SYSTEMPATH\Boot.php(312): CodeIgniter\CodeIgniter->run()
10 SYSTEMPATH\Boot.php(67): CodeIgniter\Boot::runCodeIgniter(Object(CodeIgniter\CodeIgniter))
11 FCPATH\index.php(56): CodeIgniter\Boot::bootWeb(Object(Config\Paths))
12 SYSTEMPATH\Commands\Server\rewrite.php(49): require_once('D:\\Project\\dlbeauty\\public\\index.php')
INFO - 2024-05-29 07:26:27 --> Session: Class initialized using 'CodeIgniter\Session\Handlers\FileHandler' driver.
WARNING - 2024-05-29 07:26:27 --> Session: Sessions is enabled, and one exists. Please don't $session->start();
CRITICAL - 2024-05-29 07:26:27 --> ErrorException: Trying to access array offset on value of type null
[Method: GET, Route: admin/klinik/tambah]
in APPPATH\Views\admin\clinic\add.php on line 55.
 1 APPPATH\Views\admin\clinic\add.php(55): CodeIgniter\Debug\Exceptions->errorHandler(2, 'Trying to access array offset on value of type null', 'D:\\Project\\dlbeauty\\app\\Views\\admin\\clinic\\add.php', 55)
 2 SYSTEMPATH\View\View.php(234): include('D:\\Project\\dlbeauty\\app\\Views\\admin\\clinic\\add.php')
 3 SYSTEMPATH\View\View.php(237): CodeIgniter\View\View->CodeIgniter\View\{closure}()
 4 SYSTEMPATH\Common.php(1171): CodeIgniter\View\View->render('admin/clinic/add', [], true)
 5 APPPATH\Controllers\Admin.php(255): view('admin/clinic/add', [...])
 6 SYSTEMPATH\CodeIgniter.php(933): App\Controllers\Admin->viewAddClinic()
 7 SYSTEMPATH\CodeIgniter.php(509): CodeIgniter\CodeIgniter->runController(Object(App\Controllers\Admin))
 8 SYSTEMPATH\CodeIgniter.php(355): CodeIgniter\CodeIgniter->handleRequest(null, Object(Config\Cache), false)
 9 SYSTEMPATH\Boot.php(312): CodeIgniter\CodeIgniter->run()
10 SYSTEMPATH\Boot.php(67): CodeIgniter\Boot::runCodeIgniter(Object(CodeIgniter\CodeIgniter))
11 FCPATH\index.php(56): CodeIgniter\Boot::bootWeb(Object(Config\Paths))
12 SYSTEMPATH\Commands\Server\rewrite.php(49): require_once('D:\\Project\\dlbeauty\\public\\index.php')
INFO - 2024-05-29 07:26:46 --> Session: Class initialized using 'CodeIgniter\Session\Handlers\FileHandler' driver.
WARNING - 2024-05-29 07:26:46 --> Session: Sessions is enabled, and one exists. Please don't $session->start();
INFO - 2024-05-29 07:26:54 --> Session: Class initialized using 'CodeIgniter\Session\Handlers\FileHandler' driver.
WARNING - 2024-05-29 07:26:54 --> Session: Sessions is enabled, and one exists. Please don't $session->start();
INFO - 2024-05-29 07:26:54 --> Session: Class initialized using 'CodeIgniter\Session\Handlers\FileHandler' driver.
WARNING - 2024-05-29 07:26:54 --> Session: Sessions is enabled, and one exists. Please don't $session->start();
INFO - 2024-05-29 07:27:13 --> Session: Class initialized using 'CodeIgniter\Session\Handlers\FileHandler' driver.
WARNING - 2024-05-29 07:27:13 --> Session: Sessions is enabled, and one exists. Please don't $session->start();
CRITICAL - 2024-05-29 07:27:13 --> ErrorException: Trying to access array offset on value of type null
[Method: GET, Route: admin/klinik/tambah]
in APPPATH\Views\admin\clinic\add.php on line 55.
 1 APPPATH\Views\admin\clinic\add.php(55): CodeIgniter\Debug\Exceptions->errorHandler(2, 'Trying to access array offset on value of type null', 'D:\\Project\\dlbeauty\\app\\Views\\admin\\clinic\\add.php', 55)
 2 SYSTEMPATH\View\View.php(234): include('D:\\Project\\dlbeauty\\app\\Views\\admin\\clinic\\add.php')
 3 SYSTEMPATH\View\View.php(237): CodeIgniter\View\View->CodeIgniter\View\{closure}()
 4 SYSTEMPATH\Common.php(1171): CodeIgniter\View\View->render('admin/clinic/add', [], true)
 5 APPPATH\Controllers\Admin.php(255): view('admin/clinic/add', [...])
 6 SYSTEMPATH\CodeIgniter.php(933): App\Controllers\Admin->viewAddClinic()
 7 SYSTEMPATH\CodeIgniter.php(509): CodeIgniter\CodeIgniter->runController(Object(App\Controllers\Admin))
 8 SYSTEMPATH\CodeIgniter.php(355): CodeIgniter\CodeIgniter->handleRequest(null, Object(Config\Cache), false)
 9 SYSTEMPATH\Boot.php(312): CodeIgniter\CodeIgniter->run()
10 SYSTEMPATH\Boot.php(67): CodeIgniter\Boot::runCodeIgniter(Object(CodeIgniter\CodeIgniter))
11 FCPATH\index.php(56): CodeIgniter\Boot::bootWeb(Object(Config\Paths))
12 SYSTEMPATH\Commands\Server\rewrite.php(49): require_once('D:\\Project\\dlbeauty\\public\\index.php')
INFO - 2024-05-29 07:36:03 --> Session: Class initialized using 'CodeIgniter\Session\Handlers\FileHandler' driver.
WARNING - 2024-05-29 07:36:03 --> Session: Sessions is enabled, and one exists. Please don't $session->start();
INFO - 2024-05-29 07:36:14 --> Session: Class initialized using 'CodeIgniter\Session\Handlers\FileHandler' driver.
WARNING - 2024-05-29 07:36:14 --> Session: Sessions is enabled, and one exists. Please don't $session->start();
INFO - 2024-05-29 07:36:16 --> Session: Class initialized using 'CodeIgniter\Session\Handlers\FileHandler' driver.
WARNING - 2024-05-29 07:36:16 --> Session: Sessions is enabled, and one exists. Please don't $session->start();
INFO - 2024-05-29 07:36:21 --> Session: Class initialized using 'CodeIgniter\Session\Handlers\FileHandler' driver.
WARNING - 2024-05-29 07:36:21 --> Session: Sessions is enabled, and one exists. Please don't $session->start();
INFO - 2024-05-29 07:36:21 --> Session: Class initialized using 'CodeIgniter\Session\Handlers\FileHandler' driver.
WARNING - 2024-05-29 07:36:21 --> Session: Sessions is enabled, and one exists. Please don't $session->start();
INFO - 2024-05-29 07:36:25 --> Session: Class initialized using 'CodeIgniter\Session\Handlers\FileHandler' driver.
WARNING - 2024-05-29 07:36:25 --> Session: Sessions is enabled, and one exists. Please don't $session->start();
INFO - 2024-05-29 07:37:11 --> Session: Class initialized using 'CodeIgniter\Session\Handlers\FileHandler' driver.
WARNING - 2024-05-29 07:37:11 --> Session: Sessions is enabled, and one exists. Please don't $session->start();
INFO - 2024-05-29 07:37:13 --> Session: Class initialized using 'CodeIgniter\Session\Handlers\FileHandler' driver.
WARNING - 2024-05-29 07:37:13 --> Session: Sessions is enabled, and one exists. Please don't $session->start();
INFO - 2024-05-29 07:38:35 --> Session: Class initialized using 'CodeIgniter\Session\Handlers\FileHandler' driver.
WARNING - 2024-05-29 07:38:35 --> Session: Sessions is enabled, and one exists. Please don't $session->start();
INFO - 2024-05-29 07:38:42 --> Session: Class initialized using 'CodeIgniter\Session\Handlers\FileHandler' driver.
WARNING - 2024-05-29 07:38:42 --> Session: Sessions is enabled, and one exists. Please don't $session->start();
INFO - 2024-05-29 07:38:42 --> Session: Class initialized using 'CodeIgniter\Session\Handlers\FileHandler' driver.
WARNING - 2024-05-29 07:38:42 --> Session: Sessions is enabled, and one exists. Please don't $session->start();
INFO - 2024-05-29 07:39:17 --> Session: Class initialized using 'CodeIgniter\Session\Handlers\FileHandler' driver.
WARNING - 2024-05-29 07:39:17 --> Session: Sessions is enabled, and one exists. Please don't $session->start();
INFO - 2024-05-29 07:39:25 --> Session: Class initialized using 'CodeIgniter\Session\Handlers\FileHandler' driver.
WARNING - 2024-05-29 07:39:25 --> Session: Sessions is enabled, and one exists. Please don't $session->start();
INFO - 2024-05-29 07:39:26 --> Session: Class initialized using 'CodeIgniter\Session\Handlers\FileHandler' driver.
WARNING - 2024-05-29 07:39:26 --> Session: Sessions is enabled, and one exists. Please don't $session->start();
INFO - 2024-05-29 07:40:04 --> Session: Class initialized using 'CodeIgniter\Session\Handlers\FileHandler' driver.
WARNING - 2024-05-29 07:40:04 --> Session: Sessions is enabled, and one exists. Please don't $session->start();
INFO - 2024-05-29 07:40:17 --> Session: Class initialized using 'CodeIgniter\Session\Handlers\FileHandler' driver.
WARNING - 2024-05-29 07:40:17 --> Session: Sessions is enabled, and one exists. Please don't $session->start();
INFO - 2024-05-29 07:40:17 --> Session: Class initialized using 'CodeIgniter\Session\Handlers\FileHandler' driver.
WARNING - 2024-05-29 07:40:17 --> Session: Sessions is enabled, and one exists. Please don't $session->start();
INFO - 2024-05-29 07:40:45 --> Session: Class initialized using 'CodeIgniter\Session\Handlers\FileHandler' driver.
WARNING - 2024-05-29 07:40:45 --> Session: Sessions is enabled, and one exists. Please don't $session->start();
INFO - 2024-05-29 07:40:45 --> Session: Class initialized using 'CodeIgniter\Session\Handlers\FileHandler' driver.
WARNING - 2024-05-29 07:40:45 --> Session: Sessions is enabled, and one exists. Please don't $session->start();
INFO - 2024-05-29 07:44:47 --> Session: Class initialized using 'CodeIgniter\Session\Handlers\FileHandler' driver.
WARNING - 2024-05-29 07:44:47 --> Session: Sessions is enabled, and one exists. Please don't $session->start();
INFO - 2024-05-29 07:45:32 --> Session: Class initialized using 'CodeIgniter\Session\Handlers\FileHandler' driver.
WARNING - 2024-05-29 07:45:32 --> Session: Sessions is enabled, and one exists. Please don't $session->start();
INFO - 2024-05-29 07:45:33 --> Session: Class initialized using 'CodeIgniter\Session\Handlers\FileHandler' driver.
WARNING - 2024-05-29 07:45:33 --> Session: Sessions is enabled, and one exists. Please don't $session->start();
INFO - 2024-05-29 07:47:39 --> Session: Class initialized using 'CodeIgniter\Session\Handlers\FileHandler' driver.
WARNING - 2024-05-29 07:47:39 --> Session: Sessions is enabled, and one exists. Please don't $session->start();
INFO - 2024-05-29 07:47:57 --> Session: Class initialized using 'CodeIgniter\Session\Handlers\FileHandler' driver.
WARNING - 2024-05-29 07:47:57 --> Session: Sessions is enabled, and one exists. Please don't $session->start();
INFO - 2024-05-29 07:47:58 --> Session: Class initialized using 'CodeIgniter\Session\Handlers\FileHandler' driver.
WARNING - 2024-05-29 07:47:58 --> Session: Sessions is enabled, and one exists. Please don't $session->start();
INFO - 2024-05-29 07:49:36 --> Session: Class initialized using 'CodeIgniter\Session\Handlers\FileHandler' driver.
WARNING - 2024-05-29 07:49:36 --> Session: Sessions is enabled, and one exists. Please don't $session->start();
INFO - 2024-05-29 07:49:37 --> Session: Class initialized using 'CodeIgniter\Session\Handlers\FileHandler' driver.
WARNING - 2024-05-29 07:49:37 --> Session: Sessions is enabled, and one exists. Please don't $session->start();
INFO - 2024-05-29 07:49:42 --> Session: Class initialized using 'CodeIgniter\Session\Handlers\FileHandler' driver.
WARNING - 2024-05-29 07:49:42 --> Session: Sessions is enabled, and one exists. Please don't $session->start();
INFO - 2024-05-29 07:56:21 --> Session: Class initialized using 'CodeIgniter\Session\Handlers\FileHandler' driver.
WARNING - 2024-05-29 07:56:21 --> Session: Sessions is enabled, and one exists. Please don't $session->start();
CRITICAL - 2024-05-29 07:56:21 --> ErrorException: Undefined variable $input
[Method: GET, Route: admin/klinik/edit/KLN001]
in APPPATH\Views\admin\clinic\edit.php on line 50.
 1 APPPATH\Views\admin\clinic\edit.php(50): CodeIgniter\Debug\Exceptions->errorHandler(2, 'Undefined variable $input', 'D:\\Project\\dlbeauty\\app\\Views\\admin\\clinic\\edit.php', 50)
 2 SYSTEMPATH\View\View.php(234): include('D:\\Project\\dlbeauty\\app\\Views\\admin\\clinic\\edit.php')
 3 SYSTEMPATH\View\View.php(237): CodeIgniter\View\View->CodeIgniter\View\{closure}()
 4 SYSTEMPATH\Common.php(1171): CodeIgniter\View\View->render('admin/clinic/edit', [], true)
 5 APPPATH\Controllers\Admin.php(280): view('admin/clinic/edit', [...])
 6 SYSTEMPATH\CodeIgniter.php(933): App\Controllers\Admin->viewEditClinic('KLN001')
 7 SYSTEMPATH\CodeIgniter.php(509): CodeIgniter\CodeIgniter->runController(Object(App\Controllers\Admin))
 8 SYSTEMPATH\CodeIgniter.php(355): CodeIgniter\CodeIgniter->handleRequest(null, Object(Config\Cache), false)
 9 SYSTEMPATH\Boot.php(312): CodeIgniter\CodeIgniter->run()
10 SYSTEMPATH\Boot.php(67): CodeIgniter\Boot::runCodeIgniter(Object(CodeIgniter\CodeIgniter))
11 FCPATH\index.php(56): CodeIgniter\Boot::bootWeb(Object(Config\Paths))
12 SYSTEMPATH\Commands\Server\rewrite.php(49): require_once('D:\\Project\\dlbeauty\\public\\index.php')
INFO - 2024-05-29 07:56:37 --> Session: Class initialized using 'CodeIgniter\Session\Handlers\FileHandler' driver.
WARNING - 2024-05-29 07:56:37 --> Session: Sessions is enabled, and one exists. Please don't $session->start();
INFO - 2024-05-29 07:57:12 --> Session: Class initialized using 'CodeIgniter\Session\Handlers\FileHandler' driver.
WARNING - 2024-05-29 07:57:12 --> Session: Sessions is enabled, and one exists. Please don't $session->start();
INFO - 2024-05-29 07:57:26 --> Session: Class initialized using 'CodeIgniter\Session\Handlers\FileHandler' driver.
WARNING - 2024-05-29 07:57:26 --> Session: Sessions is enabled, and one exists. Please don't $session->start();
INFO - 2024-05-29 07:57:26 --> Session: Class initialized using 'CodeIgniter\Session\Handlers\FileHandler' driver.
WARNING - 2024-05-29 07:57:26 --> Session: Sessions is enabled, and one exists. Please don't $session->start();
INFO - 2024-05-29 07:59:42 --> Session: Class initialized using 'CodeIgniter\Session\Handlers\FileHandler' driver.
WARNING - 2024-05-29 07:59:42 --> Session: Sessions is enabled, and one exists. Please don't $session->start();
INFO - 2024-05-29 08:00:12 --> Session: Class initialized using 'CodeIgniter\Session\Handlers\FileHandler' driver.
WARNING - 2024-05-29 08:00:12 --> Session: Sessions is enabled, and one exists. Please don't $session->start();
INFO - 2024-05-29 08:00:12 --> Session: Class initialized using 'CodeIgniter\Session\Handlers\FileHandler' driver.
WARNING - 2024-05-29 08:00:12 --> Session: Sessions is enabled, and one exists. Please don't $session->start();
INFO - 2024-05-29 08:00:28 --> Session: Class initialized using 'CodeIgniter\Session\Handlers\FileHandler' driver.
WARNING - 2024-05-29 08:00:28 --> Session: Sessions is enabled, and one exists. Please don't $session->start();
INFO - 2024-05-29 08:00:28 --> Session: Class initialized using 'CodeIgniter\Session\Handlers\FileHandler' driver.
WARNING - 2024-05-29 08:00:28 --> Session: Sessions is enabled, and one exists. Please don't $session->start();
INFO - 2024-05-29 08:00:32 --> Session: Class initialized using 'CodeIgniter\Session\Handlers\FileHandler' driver.
WARNING - 2024-05-29 08:00:32 --> Session: Sessions is enabled, and one exists. Please don't $session->start();
INFO - 2024-05-29 08:00:52 --> Session: Class initialized using 'CodeIgniter\Session\Handlers\FileHandler' driver.
WARNING - 2024-05-29 08:00:52 --> Session: Sessions is enabled, and one exists. Please don't $session->start();
INFO - 2024-05-29 08:00:59 --> Session: Class initialized using 'CodeIgniter\Session\Handlers\FileHandler' driver.
WARNING - 2024-05-29 08:00:59 --> Session: Sessions is enabled, and one exists. Please don't $session->start();
INFO - 2024-05-29 08:01:00 --> Session: Class initialized using 'CodeIgniter\Session\Handlers\FileHandler' driver.
WARNING - 2024-05-29 08:01:00 --> Session: Sessions is enabled, and one exists. Please don't $session->start();
INFO - 2024-05-29 08:01:34 --> Session: Class initialized using 'CodeIgniter\Session\Handlers\FileHandler' driver.
WARNING - 2024-05-29 08:01:34 --> Session: Sessions is enabled, and one exists. Please don't $session->start();
INFO - 2024-05-29 08:01:38 --> Session: Class initialized using 'CodeIgniter\Session\Handlers\FileHandler' driver.
WARNING - 2024-05-29 08:01:38 --> Session: Sessions is enabled, and one exists. Please don't $session->start();
INFO - 2024-05-29 08:01:38 --> Session: Class initialized using 'CodeIgniter\Session\Handlers\FileHandler' driver.
WARNING - 2024-05-29 08:01:38 --> Session: Sessions is enabled, and one exists. Please don't $session->start();
INFO - 2024-05-29 08:01:40 --> Session: Class initialized using 'CodeIgniter\Session\Handlers\FileHandler' driver.
WARNING - 2024-05-29 08:01:40 --> Session: Sessions is enabled, and one exists. Please don't $session->start();
INFO - 2024-05-29 08:01:45 --> Session: Class initialized using 'CodeIgniter\Session\Handlers\FileHandler' driver.
WARNING - 2024-05-29 08:01:45 --> Session: Sessions is enabled, and one exists. Please don't $session->start();
INFO - 2024-05-29 08:01:46 --> Session: Class initialized using 'CodeIgniter\Session\Handlers\FileHandler' driver.
WARNING - 2024-05-29 08:01:46 --> Session: Sessions is enabled, and one exists. Please don't $session->start();
INFO - 2024-05-29 08:01:48 --> Session: Class initialized using 'CodeIgniter\Session\Handlers\FileHandler' driver.
WARNING - 2024-05-29 08:01:48 --> Session: Sessions is enabled, and one exists. Please don't $session->start();
INFO - 2024-05-29 08:01:50 --> Session: Class initialized using 'CodeIgniter\Session\Handlers\FileHandler' driver.
WARNING - 2024-05-29 08:01:50 --> Session: Sessions is enabled, and one exists. Please don't $session->start();
INFO - 2024-05-29 08:02:17 --> Session: Class initialized using 'CodeIgniter\Session\Handlers\FileHandler' driver.
WARNING - 2024-05-29 08:02:17 --> Session: Sessions is enabled, and one exists. Please don't $session->start();
INFO - 2024-05-29 08:02:20 --> Session: Class initialized using 'CodeIgniter\Session\Handlers\FileHandler' driver.
WARNING - 2024-05-29 08:02:20 --> Session: Sessions is enabled, and one exists. Please don't $session->start();
INFO - 2024-05-29 08:02:41 --> Session: Class initialized using 'CodeIgniter\Session\Handlers\FileHandler' driver.
WARNING - 2024-05-29 08:02:41 --> Session: Sessions is enabled, and one exists. Please don't $session->start();
INFO - 2024-05-29 08:02:41 --> Session: Class initialized using 'CodeIgniter\Session\Handlers\FileHandler' driver.
WARNING - 2024-05-29 08:02:41 --> Session: Sessions is enabled, and one exists. Please don't $session->start();
INFO - 2024-05-29 08:02:43 --> Session: Class initialized using 'CodeIgniter\Session\Handlers\FileHandler' driver.
WARNING - 2024-05-29 08:02:43 --> Session: Sessions is enabled, and one exists. Please don't $session->start();
INFO - 2024-05-29 08:02:46 --> Session: Class initialized using 'CodeIgniter\Session\Handlers\FileHandler' driver.
WARNING - 2024-05-29 08:02:46 --> Session: Sessions is enabled, and one exists. Please don't $session->start();
INFO - 2024-05-29 08:03:15 --> Session: Class initialized using 'CodeIgniter\Session\Handlers\FileHandler' driver.
WARNING - 2024-05-29 08:03:15 --> Session: Sessions is enabled, and one exists. Please don't $session->start();
INFO - 2024-05-29 08:03:15 --> Session: Class initialized using 'CodeIgniter\Session\Handlers\FileHandler' driver.
WARNING - 2024-05-29 08:03:15 --> Session: Sessions is enabled, and one exists. Please don't $session->start();
INFO - 2024-05-29 08:04:27 --> Session: Class initialized using 'CodeIgniter\Session\Handlers\FileHandler' driver.
WARNING - 2024-05-29 08:04:27 --> Session: Sessions is enabled, and one exists. Please don't $session->start();
INFO - 2024-05-29 08:04:32 --> Session: Class initialized using 'CodeIgniter\Session\Handlers\FileHandler' driver.
WARNING - 2024-05-29 08:04:32 --> Session: Sessions is enabled, and one exists. Please don't $session->start();
INFO - 2024-05-29 08:07:14 --> Session: Class initialized using 'CodeIgniter\Session\Handlers\FileHandler' driver.
WARNING - 2024-05-29 08:07:14 --> Session: Sessions is enabled, and one exists. Please don't $session->start();
INFO - 2024-05-29 08:07:16 --> Session: Class initialized using 'CodeIgniter\Session\Handlers\FileHandler' driver.
WARNING - 2024-05-29 08:07:16 --> Session: Sessions is enabled, and one exists. Please don't $session->start();
INFO - 2024-05-29 08:10:50 --> Session: Class initialized using 'CodeIgniter\Session\Handlers\FileHandler' driver.
WARNING - 2024-05-29 08:10:50 --> Session: Sessions is enabled, and one exists. Please don't $session->start();
INFO - 2024-05-29 08:11:19 --> Session: Class initialized using 'CodeIgniter\Session\Handlers\FileHandler' driver.
WARNING - 2024-05-29 08:11:19 --> Session: Sessions is enabled, and one exists. Please don't $session->start();
INFO - 2024-05-29 08:14:12 --> Session: Class initialized using 'CodeIgniter\Session\Handlers\FileHandler' driver.
WARNING - 2024-05-29 08:14:12 --> Session: Sessions is enabled, and one exists. Please don't $session->start();
INFO - 2024-05-29 08:14:14 --> Session: Class initialized using 'CodeIgniter\Session\Handlers\FileHandler' driver.
WARNING - 2024-05-29 08:14:14 --> Session: Sessions is enabled, and one exists. Please don't $session->start();
INFO - 2024-05-29 08:16:33 --> Session: Class initialized using 'CodeIgniter\Session\Handlers\FileHandler' driver.
WARNING - 2024-05-29 08:16:33 --> Session: Sessions is enabled, and one exists. Please don't $session->start();
INFO - 2024-05-29 08:16:36 --> Session: Class initialized using 'CodeIgniter\Session\Handlers\FileHandler' driver.
WARNING - 2024-05-29 08:16:36 --> Session: Sessions is enabled, and one exists. Please don't $session->start();
INFO - 2024-05-29 08:16:36 --> Session: Class initialized using 'CodeIgniter\Session\Handlers\FileHandler' driver.
WARNING - 2024-05-29 08:16:36 --> Session: Sessions is enabled, and one exists. Please don't $session->start();
INFO - 2024-05-29 08:19:02 --> Session: Class initialized using 'CodeIgniter\Session\Handlers\FileHandler' driver.
WARNING - 2024-05-29 08:19:02 --> Session: Sessions is enabled, and one exists. Please don't $session->start();
INFO - 2024-05-29 08:19:02 --> Session: Class initialized using 'CodeIgniter\Session\Handlers\FileHandler' driver.
WARNING - 2024-05-29 08:19:02 --> Session: Sessions is enabled, and one exists. Please don't $session->start();
INFO - 2024-05-29 08:19:16 --> Session: Class initialized using 'CodeIgniter\Session\Handlers\FileHandler' driver.
WARNING - 2024-05-29 08:19:16 --> Session: Sessions is enabled, and one exists. Please don't $session->start();
INFO - 2024-05-29 08:19:16 --> Session: Class initialized using 'CodeIgniter\Session\Handlers\FileHandler' driver.
WARNING - 2024-05-29 08:19:16 --> Session: Sessions is enabled, and one exists. Please don't $session->start();
INFO - 2024-05-29 08:20:03 --> Session: Class initialized using 'CodeIgniter\Session\Handlers\FileHandler' driver.
WARNING - 2024-05-29 08:20:03 --> Session: Sessions is enabled, and one exists. Please don't $session->start();
INFO - 2024-05-29 08:20:08 --> Session: Class initialized using 'CodeIgniter\Session\Handlers\FileHandler' driver.
WARNING - 2024-05-29 08:20:08 --> Session: Sessions is enabled, and one exists. Please don't $session->start();
INFO - 2024-05-29 08:20:22 --> Session: Class initialized using 'CodeIgniter\Session\Handlers\FileHandler' driver.
WARNING - 2024-05-29 08:20:22 --> Session: Sessions is enabled, and one exists. Please don't $session->start();
INFO - 2024-05-29 08:20:27 --> Session: Class initialized using 'CodeIgniter\Session\Handlers\FileHandler' driver.
WARNING - 2024-05-29 08:20:27 --> Session: Sessions is enabled, and one exists. Please don't $session->start();
INFO - 2024-05-29 08:20:27 --> Session: Class initialized using 'CodeIgniter\Session\Handlers\FileHandler' driver.
WARNING - 2024-05-29 08:20:27 --> Session: Sessions is enabled, and one exists. Please don't $session->start();
INFO - 2024-05-29 08:20:34 --> Session: Class initialized using 'CodeIgniter\Session\Handlers\FileHandler' driver.
WARNING - 2024-05-29 08:20:34 --> Session: Sessions is enabled, and one exists. Please don't $session->start();
INFO - 2024-05-29 08:20:35 --> Session: Class initialized using 'CodeIgniter\Session\Handlers\FileHandler' driver.
WARNING - 2024-05-29 08:20:35 --> Session: Sessions is enabled, and one exists. Please don't $session->start();
INFO - 2024-05-29 08:28:14 --> Session: Class initialized using 'CodeIgniter\Session\Handlers\FileHandler' driver.
WARNING - 2024-05-29 08:28:14 --> Session: Sessions is enabled, and one exists. Please don't $session->start();
INFO - 2024-05-29 08:28:17 --> Session: Class initialized using 'CodeIgniter\Session\Handlers\FileHandler' driver.
WARNING - 2024-05-29 08:28:17 --> Session: Sessions is enabled, and one exists. Please don't $session->start();
INFO - 2024-05-29 08:30:00 --> Session: Class initialized using 'CodeIgniter\Session\Handlers\FileHandler' driver.
WARNING - 2024-05-29 08:30:00 --> Session: Sessions is enabled, and one exists. Please don't $session->start();
INFO - 2024-05-29 08:48:27 --> Session: Class initialized using 'CodeIgniter\Session\Handlers\FileHandler' driver.
WARNING - 2024-05-29 08:48:27 --> Session: Sessions is enabled, and one exists. Please don't $session->start();
INFO - 2024-05-29 08:48:44 --> Session: Class initialized using 'CodeIgniter\Session\Handlers\FileHandler' driver.
WARNING - 2024-05-29 08:48:44 --> Session: Sessions is enabled, and one exists. Please don't $session->start();
INFO - 2024-05-29 08:48:48 --> Session: Class initialized using 'CodeIgniter\Session\Handlers\FileHandler' driver.
WARNING - 2024-05-29 08:48:48 --> Session: Sessions is enabled, and one exists. Please don't $session->start();
INFO - 2024-05-29 08:48:48 --> Session: Class initialized using 'CodeIgniter\Session\Handlers\FileHandler' driver.
WARNING - 2024-05-29 08:48:48 --> Session: Sessions is enabled, and one exists. Please don't $session->start();
INFO - 2024-05-29 08:49:18 --> Session: Class initialized using 'CodeIgniter\Session\Handlers\FileHandler' driver.
WARNING - 2024-05-29 08:49:18 --> Session: Sessions is enabled, and one exists. Please don't $session->start();
INFO - 2024-05-29 08:49:22 --> Session: Class initialized using 'CodeIgniter\Session\Handlers\FileHandler' driver.
WARNING - 2024-05-29 08:49:22 --> Session: Sessions is enabled, and one exists. Please don't $session->start();
INFO - 2024-05-29 08:49:22 --> Session: Class initialized using 'CodeIgniter\Session\Handlers\FileHandler' driver.
WARNING - 2024-05-29 08:49:22 --> Session: Sessions is enabled, and one exists. Please don't $session->start();
INFO - 2024-05-29 08:49:43 --> Session: Class initialized using 'CodeIgniter\Session\Handlers\FileHandler' driver.
WARNING - 2024-05-29 08:49:43 --> Session: Sessions is enabled, and one exists. Please don't $session->start();
INFO - 2024-05-29 08:49:43 --> Session: Class initialized using 'CodeIgniter\Session\Handlers\FileHandler' driver.
WARNING - 2024-05-29 08:49:43 --> Session: Sessions is enabled, and one exists. Please don't $session->start();
INFO - 2024-05-29 08:51:51 --> Session: Class initialized using 'CodeIgniter\Session\Handlers\FileHandler' driver.
WARNING - 2024-05-29 08:51:51 --> Session: Sessions is enabled, and one exists. Please don't $session->start();
INFO - 2024-05-29 08:51:51 --> Session: Class initialized using 'CodeIgniter\Session\Handlers\FileHandler' driver.
WARNING - 2024-05-29 08:51:51 --> Session: Sessions is enabled, and one exists. Please don't $session->start();
INFO - 2024-05-29 08:52:02 --> Session: Class initialized using 'CodeIgniter\Session\Handlers\FileHandler' driver.
WARNING - 2024-05-29 08:52:02 --> Session: Sessions is enabled, and one exists. Please don't $session->start();
INFO - 2024-05-29 08:52:03 --> Session: Class initialized using 'CodeIgniter\Session\Handlers\FileHandler' driver.
WARNING - 2024-05-29 08:52:03 --> Session: Sessions is enabled, and one exists. Please don't $session->start();
INFO - 2024-05-29 09:02:36 --> Session: Class initialized using 'CodeIgniter\Session\Handlers\FileHandler' driver.
WARNING - 2024-05-29 09:02:36 --> Session: Sessions is enabled, and one exists. Please don't $session->start();
INFO - 2024-05-29 09:02:36 --> Session: Class initialized using 'CodeIgniter\Session\Handlers\FileHandler' driver.
WARNING - 2024-05-29 09:02:36 --> Session: Sessions is enabled, and one exists. Please don't $session->start();
INFO - 2024-05-29 09:03:43 --> Session: Class initialized using 'CodeIgniter\Session\Handlers\FileHandler' driver.
WARNING - 2024-05-29 09:03:43 --> Session: Sessions is enabled, and one exists. Please don't $session->start();
INFO - 2024-05-29 09:03:43 --> Session: Class initialized using 'CodeIgniter\Session\Handlers\FileHandler' driver.
WARNING - 2024-05-29 09:03:43 --> Session: Sessions is enabled, and one exists. Please don't $session->start();
INFO - 2024-05-29 09:04:00 --> Session: Class initialized using 'CodeIgniter\Session\Handlers\FileHandler' driver.
WARNING - 2024-05-29 09:04:00 --> Session: Sessions is enabled, and one exists. Please don't $session->start();
INFO - 2024-05-29 09:04:00 --> Session: Class initialized using 'CodeIgniter\Session\Handlers\FileHandler' driver.
WARNING - 2024-05-29 09:04:00 --> Session: Sessions is enabled, and one exists. Please don't $session->start();
INFO - 2024-05-29 09:04:07 --> Session: Class initialized using 'CodeIgniter\Session\Handlers\FileHandler' driver.
WARNING - 2024-05-29 09:04:07 --> Session: Sessions is enabled, and one exists. Please don't $session->start();
INFO - 2024-05-29 09:04:08 --> Session: Class initialized using 'CodeIgniter\Session\Handlers\FileHandler' driver.
WARNING - 2024-05-29 09:04:08 --> Session: Sessions is enabled, and one exists. Please don't $session->start();
INFO - 2024-05-29 09:05:22 --> Session: Class initialized using 'CodeIgniter\Session\Handlers\FileHandler' driver.
WARNING - 2024-05-29 09:05:22 --> Session: Sessions is enabled, and one exists. Please don't $session->start();
INFO - 2024-05-29 09:05:22 --> Session: Class initialized using 'CodeIgniter\Session\Handlers\FileHandler' driver.
WARNING - 2024-05-29 09:05:22 --> Session: Sessions is enabled, and one exists. Please don't $session->start();
INFO - 2024-05-29 09:05:36 --> Session: Class initialized using 'CodeIgniter\Session\Handlers\FileHandler' driver.
WARNING - 2024-05-29 09:05:36 --> Session: Sessions is enabled, and one exists. Please don't $session->start();
INFO - 2024-05-29 09:05:36 --> Session: Class initialized using 'CodeIgniter\Session\Handlers\FileHandler' driver.
WARNING - 2024-05-29 09:05:36 --> Session: Sessions is enabled, and one exists. Please don't $session->start();
INFO - 2024-05-29 09:05:46 --> Session: Class initialized using 'CodeIgniter\Session\Handlers\FileHandler' driver.
WARNING - 2024-05-29 09:05:46 --> Session: Sessions is enabled, and one exists. Please don't $session->start();
INFO - 2024-05-29 09:05:46 --> Session: Class initialized using 'CodeIgniter\Session\Handlers\FileHandler' driver.
WARNING - 2024-05-29 09:05:46 --> Session: Sessions is enabled, and one exists. Please don't $session->start();
INFO - 2024-05-29 09:16:03 --> Session: Class initialized using 'CodeIgniter\Session\Handlers\FileHandler' driver.
WARNING - 2024-05-29 09:16:03 --> Session: Sessions is enabled, and one exists. Please don't $session->start();
INFO - 2024-05-29 09:17:56 --> Session: Class initialized using 'CodeIgniter\Session\Handlers\FileHandler' driver.
WARNING - 2024-05-29 09:17:56 --> Session: Sessions is enabled, and one exists. Please don't $session->start();
CRITICAL - 2024-05-29 09:17:56 --> ErrorException: Undefined array key "id_user"
[Method: GET, Route: admin/artikel/edit/1]
in APPPATH\Views\admin\artikel\edit.php on line 50.
 1 APPPATH\Views\admin\artikel\edit.php(50): CodeIgniter\Debug\Exceptions->errorHandler(2, 'Undefined array key "id_user"', 'D:\\Project\\dlbeauty\\app\\Views\\admin\\artikel\\edit.php', 50)
 2 SYSTEMPATH\View\View.php(234): include('D:\\Project\\dlbeauty\\app\\Views\\admin\\artikel\\edit.php')
 3 SYSTEMPATH\View\View.php(237): CodeIgniter\View\View->CodeIgniter\View\{closure}()
 4 SYSTEMPATH\Common.php(1171): CodeIgniter\View\View->render('admin/artikel/edit', [], true)
 5 APPPATH\Controllers\Admin.php(436): view('admin/artikel/edit', [...])
 6 SYSTEMPATH\CodeIgniter.php(933): App\Controllers\Admin->viewEditArtikel('1')
 7 SYSTEMPATH\CodeIgniter.php(509): CodeIgniter\CodeIgniter->runController(Object(App\Controllers\Admin))
 8 SYSTEMPATH\CodeIgniter.php(355): CodeIgniter\CodeIgniter->handleRequest(null, Object(Config\Cache), false)
 9 SYSTEMPATH\Boot.php(312): CodeIgniter\CodeIgniter->run()
10 SYSTEMPATH\Boot.php(67): CodeIgniter\Boot::runCodeIgniter(Object(CodeIgniter\CodeIgniter))
11 FCPATH\index.php(56): CodeIgniter\Boot::bootWeb(Object(Config\Paths))
12 SYSTEMPATH\Commands\Server\rewrite.php(49): require_once('D:\\Project\\dlbeauty\\public\\index.php')
INFO - 2024-05-29 09:18:12 --> Session: Class initialized using 'CodeIgniter\Session\Handlers\FileHandler' driver.
WARNING - 2024-05-29 09:18:12 --> Session: Sessions is enabled, and one exists. Please don't $session->start();
INFO - 2024-05-29 09:18:40 --> Session: Class initialized using 'CodeIgniter\Session\Handlers\FileHandler' driver.
WARNING - 2024-05-29 09:18:40 --> Session: Sessions is enabled, and one exists. Please don't $session->start();
CRITICAL - 2024-05-29 09:18:40 --> ErrorException: Undefined array key "id_user"
[Method: GET, Route: admin/artikel/edit/1]
in APPPATH\Views\admin\artikel\edit.php on line 50.
 1 APPPATH\Views\admin\artikel\edit.php(50): CodeIgniter\Debug\Exceptions->errorHandler(2, 'Undefined array key "id_user"', 'D:\\Project\\dlbeauty\\app\\Views\\admin\\artikel\\edit.php', 50)
 2 SYSTEMPATH\View\View.php(234): include('D:\\Project\\dlbeauty\\app\\Views\\admin\\artikel\\edit.php')
 3 SYSTEMPATH\View\View.php(237): CodeIgniter\View\View->CodeIgniter\View\{closure}()
 4 SYSTEMPATH\Common.php(1171): CodeIgniter\View\View->render('admin/artikel/edit', [], true)
 5 APPPATH\Controllers\Admin.php(436): view('admin/artikel/edit', [...])
 6 SYSTEMPATH\CodeIgniter.php(933): App\Controllers\Admin->viewEditArtikel('1')
 7 SYSTEMPATH\CodeIgniter.php(509): CodeIgniter\CodeIgniter->runController(Object(App\Controllers\Admin))
 8 SYSTEMPATH\CodeIgniter.php(355): CodeIgniter\CodeIgniter->handleRequest(null, Object(Config\Cache), false)
 9 SYSTEMPATH\Boot.php(312): CodeIgniter\CodeIgniter->run()
10 SYSTEMPATH\Boot.php(67): CodeIgniter\Boot::runCodeIgniter(Object(CodeIgniter\CodeIgniter))
11 FCPATH\index.php(56): CodeIgniter\Boot::bootWeb(Object(Config\Paths))
12 SYSTEMPATH\Commands\Server\rewrite.php(49): require_once('D:\\Project\\dlbeauty\\public\\index.php')
INFO - 2024-05-29 09:19:04 --> Session: Class initialized using 'CodeIgniter\Session\Handlers\FileHandler' driver.
WARNING - 2024-05-29 09:19:04 --> Session: Sessions is enabled, and one exists. Please don't $session->start();
INFO - 2024-05-29 09:19:15 --> Session: Class initialized using 'CodeIgniter\Session\Handlers\FileHandler' driver.
WARNING - 2024-05-29 09:19:15 --> Session: Sessions is enabled, and one exists. Please don't $session->start();
INFO - 2024-05-29 09:19:15 --> Session: Class initialized using 'CodeIgniter\Session\Handlers\FileHandler' driver.
WARNING - 2024-05-29 09:19:15 --> Session: Sessions is enabled, and one exists. Please don't $session->start();
INFO - 2024-05-29 09:19:43 --> Session: Class initialized using 'CodeIgniter\Session\Handlers\FileHandler' driver.
WARNING - 2024-05-29 09:19:43 --> Session: Sessions is enabled, and one exists. Please don't $session->start();
INFO - 2024-05-29 09:19:43 --> Session: Class initialized using 'CodeIgniter\Session\Handlers\FileHandler' driver.
WARNING - 2024-05-29 09:19:43 --> Session: Sessions is enabled, and one exists. Please don't $session->start();
INFO - 2024-05-29 09:19:59 --> Session: Class initialized using 'CodeIgniter\Session\Handlers\FileHandler' driver.
WARNING - 2024-05-29 09:19:59 --> Session: Sessions is enabled, and one exists. Please don't $session->start();
INFO - 2024-05-29 09:19:59 --> Session: Class initialized using 'CodeIgniter\Session\Handlers\FileHandler' driver.
WARNING - 2024-05-29 09:19:59 --> Session: Sessions is enabled, and one exists. Please don't $session->start();
INFO - 2024-05-29 09:20:09 --> Session: Class initialized using 'CodeIgniter\Session\Handlers\FileHandler' driver.
WARNING - 2024-05-29 09:20:09 --> Session: Sessions is enabled, and one exists. Please don't $session->start();
INFO - 2024-05-29 09:20:09 --> Session: Class initialized using 'CodeIgniter\Session\Handlers\FileHandler' driver.
WARNING - 2024-05-29 09:20:09 --> Session: Sessions is enabled, and one exists. Please don't $session->start();
INFO - 2024-05-29 09:20:59 --> Session: Class initialized using 'CodeIgniter\Session\Handlers\FileHandler' driver.
WARNING - 2024-05-29 09:20:59 --> Session: Sessions is enabled, and one exists. Please don't $session->start();
INFO - 2024-05-29 09:26:11 --> Session: Class initialized using 'CodeIgniter\Session\Handlers\FileHandler' driver.
WARNING - 2024-05-29 09:26:11 --> Session: Sessions is enabled, and one exists. Please don't $session->start();
INFO - 2024-05-29 09:26:13 --> Session: Class initialized using 'CodeIgniter\Session\Handlers\FileHandler' driver.
WARNING - 2024-05-29 09:26:13 --> Session: Sessions is enabled, and one exists. Please don't $session->start();
INFO - 2024-05-29 09:26:31 --> Session: Class initialized using 'CodeIgniter\Session\Handlers\FileHandler' driver.
WARNING - 2024-05-29 09:26:31 --> Session: Sessions is enabled, and one exists. Please don't $session->start();
INFO - 2024-05-29 09:26:48 --> Session: Class initialized using 'CodeIgniter\Session\Handlers\FileHandler' driver.
WARNING - 2024-05-29 09:26:48 --> Session: Sessions is enabled, and one exists. Please don't $session->start();
INFO - 2024-05-29 09:28:03 --> Session: Class initialized using 'CodeIgniter\Session\Handlers\FileHandler' driver.
WARNING - 2024-05-29 09:28:03 --> Session: Sessions is enabled, and one exists. Please don't $session->start();
INFO - 2024-05-29 09:28:19 --> Session: Class initialized using 'CodeIgniter\Session\Handlers\FileHandler' driver.
WARNING - 2024-05-29 09:28:19 --> Session: Sessions is enabled, and one exists. Please don't $session->start();
INFO - 2024-05-29 09:28:46 --> Session: Class initialized using 'CodeIgniter\Session\Handlers\FileHandler' driver.
WARNING - 2024-05-29 09:28:46 --> Session: Sessions is enabled, and one exists. Please don't $session->start();
INFO - 2024-05-29 09:29:25 --> Session: Class initialized using 'CodeIgniter\Session\Handlers\FileHandler' driver.
WARNING - 2024-05-29 09:29:25 --> Session: Sessions is enabled, and one exists. Please don't $session->start();
INFO - 2024-05-29 09:29:26 --> Session: Class initialized using 'CodeIgniter\Session\Handlers\FileHandler' driver.
WARNING - 2024-05-29 09:29:26 --> Session: Sessions is enabled, and one exists. Please don't $session->start();
INFO - 2024-05-29 09:29:44 --> Session: Class initialized using 'CodeIgniter\Session\Handlers\FileHandler' driver.
WARNING - 2024-05-29 09:29:44 --> Session: Sessions is enabled, and one exists. Please don't $session->start();
INFO - 2024-05-29 09:30:34 --> Session: Class initialized using 'CodeIgniter\Session\Handlers\FileHandler' driver.
WARNING - 2024-05-29 09:30:34 --> Session: Sessions is enabled, and one exists. Please don't $session->start();
INFO - 2024-05-29 09:30:37 --> Session: Class initialized using 'CodeIgniter\Session\Handlers\FileHandler' driver.
WARNING - 2024-05-29 09:30:37 --> Session: Sessions is enabled, and one exists. Please don't $session->start();
INFO - 2024-05-29 09:30:40 --> Session: Class initialized using 'CodeIgniter\Session\Handlers\FileHandler' driver.
WARNING - 2024-05-29 09:30:40 --> Session: Sessions is enabled, and one exists. Please don't $session->start();
INFO - 2024-05-29 09:30:43 --> Session: Class initialized using 'CodeIgniter\Session\Handlers\FileHandler' driver.
WARNING - 2024-05-29 09:30:43 --> Session: Sessions is enabled, and one exists. Please don't $session->start();
INFO - 2024-05-29 09:30:48 --> Session: Class initialized using 'CodeIgniter\Session\Handlers\FileHandler' driver.
WARNING - 2024-05-29 09:30:48 --> Session: Sessions is enabled, and one exists. Please don't $session->start();
INFO - 2024-05-29 09:30:55 --> Session: Class initialized using 'CodeIgniter\Session\Handlers\FileHandler' driver.
WARNING - 2024-05-29 09:30:55 --> Session: Sessions is enabled, and one exists. Please don't $session->start();
INFO - 2024-05-29 09:30:58 --> Session: Class initialized using 'CodeIgniter\Session\Handlers\FileHandler' driver.
WARNING - 2024-05-29 09:30:58 --> Session: Sessions is enabled, and one exists. Please don't $session->start();
INFO - 2024-05-29 09:31:07 --> Session: Class initialized using 'CodeIgniter\Session\Handlers\FileHandler' driver.
WARNING - 2024-05-29 09:31:07 --> Session: Sessions is enabled, and one exists. Please don't $session->start();
ERROR - 2024-05-29 09:31:07 --> mysqli_sql_exception: Cannot delete or update a parent row: a foreign key constraint fails (`db_dlbeauty`.`t_jam_operasional_klinik`, CONSTRAINT `t_jam_operasional_klinik_ibfk_2` FOREIGN KEY (`id_dokter`) REFERENCES `t_dokter` (`id_dokter`)) in D:\Project\dlbeauty\vendor\codeigniter4\framework\system\Database\MySQLi\Connection.php:308
Stack trace:
#0 D:\Project\dlbeauty\vendor\codeigniter4\framework\system\Database\MySQLi\Connection.php(308): mysqli->query('DELETE FROM `t_...', 0)
#1 D:\Project\dlbeauty\vendor\codeigniter4\framework\system\Database\BaseConnection.php(722): CodeIgniter\Database\MySQLi\Connection->execute('DELETE FROM `t_...')
#2 D:\Project\dlbeauty\vendor\codeigniter4\framework\system\Database\BaseConnection.php(636): CodeIgniter\Database\BaseConnection->simpleQuery('DELETE FROM `t_...')
#3 D:\Project\dlbeauty\vendor\codeigniter4\framework\system\Database\BaseBuilder.php(2823): CodeIgniter\Database\BaseConnection->query('DELETE FROM `t_...', Array, false)
#4 D:\Project\dlbeauty\app\Models\DokterModel.php(47): CodeIgniter\Database\BaseBuilder->delete()
#5 D:\Project\dlbeauty\app\Controllers\Dokter.php(116): App\Models\DokterModel->deleteDokter('DKT001')
#6 D:\Project\dlbeauty\vendor\codeigniter4\framework\system\CodeIgniter.php(933): App\Controllers\Dokter->deleteDoctor('DKT001')
#7 D:\Project\dlbeauty\vendor\codeigniter4\framework\system\CodeIgniter.php(509): CodeIgniter\CodeIgniter->runController(Object(App\Controllers\Dokter))
#8 D:\Project\dlbeauty\vendor\codeigniter4\framework\system\CodeIgniter.php(355): CodeIgniter\CodeIgniter->handleRequest(NULL, Object(Config\Cache), false)
#9 D:\Project\dlbeauty\vendor\codeigniter4\framework\system\Boot.php(312): CodeIgniter\CodeIgniter->run()
#10 D:\Project\dlbeauty\vendor\codeigniter4\framework\system\Boot.php(67): CodeIgniter\Boot::runCodeIgniter(Object(CodeIgniter\CodeIgniter))
#11 D:\Project\dlbeauty\public\index.php(56): CodeIgniter\Boot::bootWeb(Object(Config\Paths))
#12 D:\Project\dlbeauty\vendor\codeigniter4\framework\system\Commands\Server\rewrite.php(49): require_once('D:\\Project\\dlbe...')
#13 {main}
CRITICAL - 2024-05-29 09:31:07 --> CodeIgniter\Database\Exceptions\DatabaseException: Cannot delete or update a parent row: a foreign key constraint fails (`db_dlbeauty`.`t_jam_operasional_klinik`, CONSTRAINT `t_jam_operasional_klinik_ibfk_2` FOREIGN KEY (`id_dokter`) REFERENCES `t_dokter` (`id_dokter`))
[Method: GET, Route: admin/dokter/hapus/DKT001]
in SYSTEMPATH\Database\BaseConnection.php on line 676.
 1 SYSTEMPATH\Database\BaseBuilder.php(2823): CodeIgniter\Database\BaseConnection->query('DELETE FROM `t_dokter`
WHERE `id_dokter` = :id_dokter:', [...], false)
 2 APPPATH\Models\DokterModel.php(47): CodeIgniter\Database\BaseBuilder->delete()
 3 APPPATH\Controllers\Dokter.php(116): App\Models\DokterModel->deleteDokter('DKT001')
 4 SYSTEMPATH\CodeIgniter.php(933): App\Controllers\Dokter->deleteDoctor('DKT001')
 5 SYSTEMPATH\CodeIgniter.php(509): CodeIgniter\CodeIgniter->runController(Object(App\Controllers\Dokter))
 6 SYSTEMPATH\CodeIgniter.php(355): CodeIgniter\CodeIgniter->handleRequest(null, Object(Config\Cache), false)
 7 SYSTEMPATH\Boot.php(312): CodeIgniter\CodeIgniter->run()
 8 SYSTEMPATH\Boot.php(67): CodeIgniter\Boot::runCodeIgniter(Object(CodeIgniter\CodeIgniter))
 9 FCPATH\index.php(56): CodeIgniter\Boot::bootWeb(Object(Config\Paths))
10 SYSTEMPATH\Commands\Server\rewrite.php(49): require_once('D:\\Project\\dlbeauty\\public\\index.php')
CRITICAL - 2024-05-29 09:31:07 --> [Caused by] CodeIgniter\Database\Exceptions\DatabaseException: Cannot delete or update a parent row: a foreign key constraint fails (`db_dlbeauty`.`t_jam_operasional_klinik`, CONSTRAINT `t_jam_operasional_klinik_ibfk_2` FOREIGN KEY (`id_dokter`) REFERENCES `t_dokter` (`id_dokter`))
in SYSTEMPATH\Database\MySQLi\Connection.php on line 313.
 1 SYSTEMPATH\Database\BaseConnection.php(722): CodeIgniter\Database\MySQLi\Connection->execute('DELETE FROM `t_dokter`
WHERE `id_dokter` = \'DKT001\'')
 2 SYSTEMPATH\Database\BaseConnection.php(636): CodeIgniter\Database\BaseConnection->simpleQuery('DELETE FROM `t_dokter`
WHERE `id_dokter` = \'DKT001\'')
 3 SYSTEMPATH\Database\BaseBuilder.php(2823): CodeIgniter\Database\BaseConnection->query('DELETE FROM `t_dokter`
WHERE `id_dokter` = :id_dokter:', [...], false)
 4 APPPATH\Models\DokterModel.php(47): CodeIgniter\Database\BaseBuilder->delete()
 5 APPPATH\Controllers\Dokter.php(116): App\Models\DokterModel->deleteDokter('DKT001')
 6 SYSTEMPATH\CodeIgniter.php(933): App\Controllers\Dokter->deleteDoctor('DKT001')
 7 SYSTEMPATH\CodeIgniter.php(509): CodeIgniter\CodeIgniter->runController(Object(App\Controllers\Dokter))
 8 SYSTEMPATH\CodeIgniter.php(355): CodeIgniter\CodeIgniter->handleRequest(null, Object(Config\Cache), false)
 9 SYSTEMPATH\Boot.php(312): CodeIgniter\CodeIgniter->run()
10 SYSTEMPATH\Boot.php(67): CodeIgniter\Boot::runCodeIgniter(Object(CodeIgniter\CodeIgniter))
11 FCPATH\index.php(56): CodeIgniter\Boot::bootWeb(Object(Config\Paths))
12 SYSTEMPATH\Commands\Server\rewrite.php(49): require_once('D:\\Project\\dlbeauty\\public\\index.php')
CRITICAL - 2024-05-29 09:31:07 --> [Caused by] mysqli_sql_exception: Cannot delete or update a parent row: a foreign key constraint fails (`db_dlbeauty`.`t_jam_operasional_klinik`, CONSTRAINT `t_jam_operasional_klinik_ibfk_2` FOREIGN KEY (`id_dokter`) REFERENCES `t_dokter` (`id_dokter`))
in SYSTEMPATH\Database\MySQLi\Connection.php on line 308.
 1 SYSTEMPATH\Database\MySQLi\Connection.php(308): mysqli->query('DELETE FROM `t_dokter`
WHERE `id_dokter` = \'DKT001\'', 0)
 2 SYSTEMPATH\Database\BaseConnection.php(722): CodeIgniter\Database\MySQLi\Connection->execute('DELETE FROM `t_dokter`
WHERE `id_dokter` = \'DKT001\'')
 3 SYSTEMPATH\Database\BaseConnection.php(636): CodeIgniter\Database\BaseConnection->simpleQuery('DELETE FROM `t_dokter`
WHERE `id_dokter` = \'DKT001\'')
 4 SYSTEMPATH\Database\BaseBuilder.php(2823): CodeIgniter\Database\BaseConnection->query('DELETE FROM `t_dokter`
WHERE `id_dokter` = :id_dokter:', [...], false)
 5 APPPATH\Models\DokterModel.php(47): CodeIgniter\Database\BaseBuilder->delete()
 6 APPPATH\Controllers\Dokter.php(116): App\Models\DokterModel->deleteDokter('DKT001')
 7 SYSTEMPATH\CodeIgniter.php(933): App\Controllers\Dokter->deleteDoctor('DKT001')
 8 SYSTEMPATH\CodeIgniter.php(509): CodeIgniter\CodeIgniter->runController(Object(App\Controllers\Dokter))
 9 SYSTEMPATH\CodeIgniter.php(355): CodeIgniter\CodeIgniter->handleRequest(null, Object(Config\Cache), false)
10 SYSTEMPATH\Boot.php(312): CodeIgniter\CodeIgniter->run()
11 SYSTEMPATH\Boot.php(67): CodeIgniter\Boot::runCodeIgniter(Object(CodeIgniter\CodeIgniter))
12 FCPATH\index.php(56): CodeIgniter\Boot::bootWeb(Object(Config\Paths))
13 SYSTEMPATH\Commands\Server\rewrite.php(49): require_once('D:\\Project\\dlbeauty\\public\\index.php')
INFO - 2024-05-29 09:31:14 --> Session: Class initialized using 'CodeIgniter\Session\Handlers\FileHandler' driver.
WARNING - 2024-05-29 09:31:14 --> Session: Sessions is enabled, and one exists. Please don't $session->start();
INFO - 2024-05-29 09:31:25 --> Session: Class initialized using 'CodeIgniter\Session\Handlers\FileHandler' driver.
WARNING - 2024-05-29 09:31:25 --> Session: Sessions is enabled, and one exists. Please don't $session->start();
INFO - 2024-05-29 09:31:29 --> Session: Class initialized using 'CodeIgniter\Session\Handlers\FileHandler' driver.
WARNING - 2024-05-29 09:31:29 --> Session: Sessions is enabled, and one exists. Please don't $session->start();
INFO - 2024-05-29 09:31:29 --> Session: Class initialized using 'CodeIgniter\Session\Handlers\FileHandler' driver.
WARNING - 2024-05-29 09:31:29 --> Session: Sessions is enabled, and one exists. Please don't $session->start();
INFO - 2024-05-29 09:31:34 --> Session: Class initialized using 'CodeIgniter\Session\Handlers\FileHandler' driver.
WARNING - 2024-05-29 09:31:34 --> Session: Sessions is enabled, and one exists. Please don't $session->start();
INFO - 2024-05-29 09:31:41 --> Session: Class initialized using 'CodeIgniter\Session\Handlers\FileHandler' driver.
WARNING - 2024-05-29 09:31:41 --> Session: Sessions is enabled, and one exists. Please don't $session->start();
INFO - 2024-05-29 09:31:42 --> Session: Class initialized using 'CodeIgniter\Session\Handlers\FileHandler' driver.
WARNING - 2024-05-29 09:31:42 --> Session: Sessions is enabled, and one exists. Please don't $session->start();
INFO - 2024-05-29 09:31:44 --> Session: Class initialized using 'CodeIgniter\Session\Handlers\FileHandler' driver.
WARNING - 2024-05-29 09:31:44 --> Session: Sessions is enabled, and one exists. Please don't $session->start();
INFO - 2024-05-29 09:31:50 --> Session: Class initialized using 'CodeIgniter\Session\Handlers\FileHandler' driver.
WARNING - 2024-05-29 09:31:50 --> Session: Sessions is enabled, and one exists. Please don't $session->start();
INFO - 2024-05-29 09:31:50 --> Session: Class initialized using 'CodeIgniter\Session\Handlers\FileHandler' driver.
WARNING - 2024-05-29 09:31:50 --> Session: Sessions is enabled, and one exists. Please don't $session->start();
INFO - 2024-05-29 09:31:54 --> Session: Class initialized using 'CodeIgniter\Session\Handlers\FileHandler' driver.
WARNING - 2024-05-29 09:31:54 --> Session: Sessions is enabled, and one exists. Please don't $session->start();
INFO - 2024-05-29 09:32:54 --> Session: Class initialized using 'CodeIgniter\Session\Handlers\FileHandler' driver.
WARNING - 2024-05-29 09:32:54 --> Session: Sessions is enabled, and one exists. Please don't $session->start();
INFO - 2024-05-29 09:32:55 --> Session: Class initialized using 'CodeIgniter\Session\Handlers\FileHandler' driver.
WARNING - 2024-05-29 09:32:55 --> Session: Sessions is enabled, and one exists. Please don't $session->start();
INFO - 2024-05-29 09:33:36 --> Session: Class initialized using 'CodeIgniter\Session\Handlers\FileHandler' driver.
WARNING - 2024-05-29 09:33:36 --> Session: Sessions is enabled, and one exists. Please don't $session->start();
