INFO - 2025-04-16 00:08:05 --> Session: Class initialized using 'CodeIgniter\Session\Handlers\FileHandler' driver.
WARNING - 2025-04-16 00:08:05 --> Session: Sessions is enabled, and one exists. Please don't $session->start();
INFO - 2025-04-16 00:08:10 --> Session: Class initialized using 'CodeIgniter\Session\Handlers\FileHandler' driver.
WARNING - 2025-04-16 00:08:10 --> Session: Sessions is enabled, and one exists. Please don't $session->start();
INFO - 2025-04-16 00:10:17 --> Session: Class initialized using 'CodeIgniter\Session\Handlers\FileHandler' driver.
WARNING - 2025-04-16 00:10:17 --> Session: Sessions is enabled, and one exists. Please don't $session->start();
INFO - 2025-04-16 00:10:18 --> Session: Class initialized using 'CodeIgniter\Session\Handlers\FileHandler' driver.
WARNING - 2025-04-16 00:10:18 --> Session: Sessions is enabled, and one exists. Please don't $session->start();
CRITICAL - 2025-04-16 00:10:18 --> ErrorException: Trying to access array offset on value of type null
[Method: GET, Route: perawatan/acne-series.png]
in APPPATH\Controllers\Perawatan.php on line 46.
 1 APPPATH\Controllers\Perawatan.php(46): CodeIgniter\Debug\Exceptions->errorHandler(2, 'Trying to access array offset on value of type null', 'D:\\Project\\dlbeauty\\app\\Controllers\\Perawatan.php', 46)
 2 SYSTEMPATH\CodeIgniter.php(933): App\Controllers\Perawatan->index('acne-series.png')
 3 SYSTEMPATH\CodeIgniter.php(509): CodeIgniter\CodeIgniter->runController(Object(App\Controllers\Perawatan))
 4 SYSTEMPATH\CodeIgniter.php(355): CodeIgniter\CodeIgniter->handleRequest(null, Object(Config\Cache), false)
 5 SYSTEMPATH\Boot.php(312): CodeIgniter\CodeIgniter->run()
 6 SYSTEMPATH\Boot.php(67): CodeIgniter\Boot::runCodeIgniter(Object(CodeIgniter\CodeIgniter))
 7 FCPATH\index.php(56): CodeIgniter\Boot::bootWeb(Object(Config\Paths))
 8 SYSTEMPATH\Commands\Server\rewrite.php(49): require_once('D:\\Project\\dlbeauty\\public\\index.php')
INFO - 2025-04-16 00:10:49 --> Session: Class initialized using 'CodeIgniter\Session\Handlers\FileHandler' driver.
WARNING - 2025-04-16 00:10:49 --> Session: Sessions is enabled, and one exists. Please don't $session->start();
INFO - 2025-04-16 00:10:50 --> Session: Class initialized using 'CodeIgniter\Session\Handlers\FileHandler' driver.
WARNING - 2025-04-16 00:10:50 --> Session: Sessions is enabled, and one exists. Please don't $session->start();
CRITICAL - 2025-04-16 00:10:50 --> ErrorException: Trying to access array offset on value of type null
[Method: GET, Route: perawatan/acne-series.png]
in APPPATH\Controllers\Perawatan.php on line 46.
 1 APPPATH\Controllers\Perawatan.php(46): CodeIgniter\Debug\Exceptions->errorHandler(2, 'Trying to access array offset on value of type null', 'D:\\Project\\dlbeauty\\app\\Controllers\\Perawatan.php', 46)
 2 SYSTEMPATH\CodeIgniter.php(933): App\Controllers\Perawatan->index('acne-series.png')
 3 SYSTEMPATH\CodeIgniter.php(509): CodeIgniter\CodeIgniter->runController(Object(App\Controllers\Perawatan))
 4 SYSTEMPATH\CodeIgniter.php(355): CodeIgniter\CodeIgniter->handleRequest(null, Object(Config\Cache), false)
 5 SYSTEMPATH\Boot.php(312): CodeIgniter\CodeIgniter->run()
 6 SYSTEMPATH\Boot.php(67): CodeIgniter\Boot::runCodeIgniter(Object(CodeIgniter\CodeIgniter))
 7 FCPATH\index.php(56): CodeIgniter\Boot::bootWeb(Object(Config\Paths))
 8 SYSTEMPATH\Commands\Server\rewrite.php(49): require_once('D:\\Project\\dlbeauty\\public\\index.php')
INFO - 2025-04-16 00:11:46 --> Session: Class initialized using 'CodeIgniter\Session\Handlers\FileHandler' driver.
WARNING - 2025-04-16 00:11:46 --> Session: Sessions is enabled, and one exists. Please don't $session->start();
INFO - 2025-04-16 00:11:51 --> Session: Class initialized using 'CodeIgniter\Session\Handlers\FileHandler' driver.
WARNING - 2025-04-16 00:11:51 --> Session: Sessions is enabled, and one exists. Please don't $session->start();
INFO - 2025-04-16 00:11:58 --> Session: Class initialized using 'CodeIgniter\Session\Handlers\FileHandler' driver.
WARNING - 2025-04-16 00:11:58 --> Session: Sessions is enabled, and one exists. Please don't $session->start();
INFO - 2025-04-16 00:12:05 --> Session: Class initialized using 'CodeIgniter\Session\Handlers\FileHandler' driver.
WARNING - 2025-04-16 00:12:05 --> Session: Sessions is enabled, and one exists. Please don't $session->start();
INFO - 2025-04-16 00:12:10 --> Session: Class initialized using 'CodeIgniter\Session\Handlers\FileHandler' driver.
WARNING - 2025-04-16 00:12:10 --> Session: Sessions is enabled, and one exists. Please don't $session->start();
INFO - 2025-04-16 00:12:23 --> Session: Class initialized using 'CodeIgniter\Session\Handlers\FileHandler' driver.
WARNING - 2025-04-16 00:12:23 --> Session: Sessions is enabled, and one exists. Please don't $session->start();
INFO - 2025-04-16 00:12:39 --> Session: Class initialized using 'CodeIgniter\Session\Handlers\FileHandler' driver.
WARNING - 2025-04-16 00:12:39 --> Session: Sessions is enabled, and one exists. Please don't $session->start();
INFO - 2025-04-16 00:12:42 --> Session: Class initialized using 'CodeIgniter\Session\Handlers\FileHandler' driver.
WARNING - 2025-04-16 00:12:42 --> Session: Sessions is enabled, and one exists. Please don't $session->start();
INFO - 2025-04-16 00:14:32 --> Session: Class initialized using 'CodeIgniter\Session\Handlers\FileHandler' driver.
WARNING - 2025-04-16 00:14:32 --> Session: Sessions is enabled, and one exists. Please don't $session->start();
INFO - 2025-04-16 00:16:50 --> Session: Class initialized using 'CodeIgniter\Session\Handlers\FileHandler' driver.
WARNING - 2025-04-16 00:16:50 --> Session: Sessions is enabled, and one exists. Please don't $session->start();
INFO - 2025-04-16 00:17:49 --> Session: Class initialized using 'CodeIgniter\Session\Handlers\FileHandler' driver.
WARNING - 2025-04-16 00:17:49 --> Session: Sessions is enabled, and one exists. Please don't $session->start();
INFO - 2025-04-16 00:17:58 --> Session: Class initialized using 'CodeIgniter\Session\Handlers\FileHandler' driver.
WARNING - 2025-04-16 00:17:58 --> Session: Sessions is enabled, and one exists. Please don't $session->start();
INFO - 2025-04-16 00:18:02 --> Session: Class initialized using 'CodeIgniter\Session\Handlers\FileHandler' driver.
WARNING - 2025-04-16 00:18:02 --> Session: Sessions is enabled, and one exists. Please don't $session->start();
INFO - 2025-04-16 00:18:06 --> Session: Class initialized using 'CodeIgniter\Session\Handlers\FileHandler' driver.
WARNING - 2025-04-16 00:18:06 --> Session: Sessions is enabled, and one exists. Please don't $session->start();
INFO - 2025-04-16 00:19:13 --> Session: Class initialized using 'CodeIgniter\Session\Handlers\FileHandler' driver.
WARNING - 2025-04-16 00:19:13 --> Session: Sessions is enabled, and one exists. Please don't $session->start();
INFO - 2025-04-16 00:19:17 --> Session: Class initialized using 'CodeIgniter\Session\Handlers\FileHandler' driver.
WARNING - 2025-04-16 00:19:17 --> Session: Sessions is enabled, and one exists. Please don't $session->start();
INFO - 2025-04-16 00:19:20 --> Session: Class initialized using 'CodeIgniter\Session\Handlers\FileHandler' driver.
WARNING - 2025-04-16 00:19:20 --> Session: Sessions is enabled, and one exists. Please don't $session->start();
INFO - 2025-04-16 00:20:46 --> Session: Class initialized using 'CodeIgniter\Session\Handlers\FileHandler' driver.
WARNING - 2025-04-16 00:20:46 --> Session: Sessions is enabled, and one exists. Please don't $session->start();
INFO - 2025-04-16 00:34:04 --> Session: Class initialized using 'CodeIgniter\Session\Handlers\FileHandler' driver.
WARNING - 2025-04-16 00:34:04 --> Session: Sessions is enabled, and one exists. Please don't $session->start();
INFO - 2025-04-16 00:34:13 --> Session: Class initialized using 'CodeIgniter\Session\Handlers\FileHandler' driver.
WARNING - 2025-04-16 00:34:13 --> Session: Sessions is enabled, and one exists. Please don't $session->start();
INFO - 2025-04-16 00:34:13 --> Session: Class initialized using 'CodeIgniter\Session\Handlers\FileHandler' driver.
WARNING - 2025-04-16 00:34:13 --> Session: Sessions is enabled, and one exists. Please don't $session->start();
INFO - 2025-04-16 00:39:32 --> Session: Class initialized using 'CodeIgniter\Session\Handlers\FileHandler' driver.
WARNING - 2025-04-16 00:39:33 --> Session: Sessions is enabled, and one exists. Please don't $session->start();
INFO - 2025-04-16 00:40:06 --> Session: Class initialized using 'CodeIgniter\Session\Handlers\FileHandler' driver.
WARNING - 2025-04-16 00:40:06 --> Session: Sessions is enabled, and one exists. Please don't $session->start();
INFO - 2025-04-16 00:40:14 --> Session: Class initialized using 'CodeIgniter\Session\Handlers\FileHandler' driver.
WARNING - 2025-04-16 00:40:14 --> Session: Sessions is enabled, and one exists. Please don't $session->start();
INFO - 2025-04-16 00:40:14 --> Session: Class initialized using 'CodeIgniter\Session\Handlers\FileHandler' driver.
WARNING - 2025-04-16 00:40:14 --> Session: Sessions is enabled, and one exists. Please don't $session->start();
INFO - 2025-04-16 00:41:10 --> Session: Class initialized using 'CodeIgniter\Session\Handlers\FileHandler' driver.
WARNING - 2025-04-16 00:41:10 --> Session: Sessions is enabled, and one exists. Please don't $session->start();
INFO - 2025-04-16 00:41:11 --> Session: Class initialized using 'CodeIgniter\Session\Handlers\FileHandler' driver.
WARNING - 2025-04-16 00:41:11 --> Session: Sessions is enabled, and one exists. Please don't $session->start();
INFO - 2025-04-16 00:42:22 --> Session: Class initialized using 'CodeIgniter\Session\Handlers\FileHandler' driver.
WARNING - 2025-04-16 00:42:22 --> Session: Sessions is enabled, and one exists. Please don't $session->start();
INFO - 2025-04-16 00:42:22 --> Session: Class initialized using 'CodeIgniter\Session\Handlers\FileHandler' driver.
WARNING - 2025-04-16 00:42:22 --> Session: Sessions is enabled, and one exists. Please don't $session->start();
INFO - 2025-04-16 00:42:35 --> Session: Class initialized using 'CodeIgniter\Session\Handlers\FileHandler' driver.
WARNING - 2025-04-16 00:42:35 --> Session: Sessions is enabled, and one exists. Please don't $session->start();
INFO - 2025-04-16 00:42:50 --> Session: Class initialized using 'CodeIgniter\Session\Handlers\FileHandler' driver.
WARNING - 2025-04-16 00:42:50 --> Session: Sessions is enabled, and one exists. Please don't $session->start();
INFO - 2025-04-16 00:43:02 --> Session: Class initialized using 'CodeIgniter\Session\Handlers\FileHandler' driver.
WARNING - 2025-04-16 00:43:02 --> Session: Sessions is enabled, and one exists. Please don't $session->start();
INFO - 2025-04-16 00:43:36 --> Session: Class initialized using 'CodeIgniter\Session\Handlers\FileHandler' driver.
WARNING - 2025-04-16 00:43:36 --> Session: Sessions is enabled, and one exists. Please don't $session->start();
INFO - 2025-04-16 00:43:37 --> Session: Class initialized using 'CodeIgniter\Session\Handlers\FileHandler' driver.
WARNING - 2025-04-16 00:43:37 --> Session: Sessions is enabled, and one exists. Please don't $session->start();
INFO - 2025-04-16 00:43:41 --> Session: Class initialized using 'CodeIgniter\Session\Handlers\FileHandler' driver.
WARNING - 2025-04-16 00:43:41 --> Session: Sessions is enabled, and one exists. Please don't $session->start();
INFO - 2025-04-16 00:43:58 --> Session: Class initialized using 'CodeIgniter\Session\Handlers\FileHandler' driver.
WARNING - 2025-04-16 00:43:58 --> Session: Sessions is enabled, and one exists. Please don't $session->start();
INFO - 2025-04-16 00:44:39 --> Session: Class initialized using 'CodeIgniter\Session\Handlers\FileHandler' driver.
WARNING - 2025-04-16 00:44:39 --> Session: Sessions is enabled, and one exists. Please don't $session->start();
INFO - 2025-04-16 00:44:55 --> Session: Class initialized using 'CodeIgniter\Session\Handlers\FileHandler' driver.
WARNING - 2025-04-16 00:44:55 --> Session: Sessions is enabled, and one exists. Please don't $session->start();
