CRITICAL - 2024-06-22 11:06:57 --> ErrorException: Undefined variable $doctor
[Method: GET, Route: klinik/KLN001]
in APPPATH\Views\user\clinic\detail_clinic.php on line 68.
 1 APPPATH\Views\user\clinic\detail_clinic.php(68): CodeIgniter\Debug\Exceptions->errorHandler(2, 'Undefined variable $doctor', 'D:\\Project\\dlbeauty\\app\\Views\\user\\clinic\\detail_clinic.php', 68)
 2 SYSTEMPATH\View\View.php(234): include('D:\\Project\\dlbeauty\\app\\Views\\user\\clinic\\detail_clinic.php')
 3 SYSTEMPATH\View\View.php(237): CodeIgniter\View\View->CodeIgniter\View\{closure}()
 4 SYSTEMPATH\Common.php(1171): CodeIgniter\View\View->render('user/clinic/detail_clinic', [], true)
 5 APPPATH\Controllers\Clinic.php(86): view('user/clinic/detail_clinic', [...])
 6 SYSTEMPATH\CodeIgniter.php(933): App\Controllers\Clinic->detailClinic('KLN001')
 7 SYSTEMPATH\CodeIgniter.php(509): CodeIgniter\CodeIgniter->runController(Object(App\Controllers\Clinic))
 8 SYSTEMPATH\CodeIgniter.php(355): CodeIgniter\CodeIgniter->handleRequest(null, Object(Config\Cache), false)
 9 SYSTEMPATH\Boot.php(312): CodeIgniter\CodeIgniter->run()
10 SYSTEMPATH\Boot.php(67): CodeIgniter\Boot::runCodeIgniter(Object(CodeIgniter\CodeIgniter))
11 FCPATH\index.php(56): CodeIgniter\Boot::bootWeb(Object(Config\Paths))
12 SYSTEMPATH\Commands\Server\rewrite.php(49): require_once('D:\\Project\\dlbeauty\\public\\index.php')
CRITICAL - 2024-06-22 11:08:20 --> ErrorException: Undefined variable $doctor
[Method: GET, Route: klinik/KLN001]
in APPPATH\Views\user\clinic\detail_clinic.php on line 68.
 1 APPPATH\Views\user\clinic\detail_clinic.php(68): CodeIgniter\Debug\Exceptions->errorHandler(2, 'Undefined variable $doctor', 'D:\\Project\\dlbeauty\\app\\Views\\user\\clinic\\detail_clinic.php', 68)
 2 SYSTEMPATH\View\View.php(234): include('D:\\Project\\dlbeauty\\app\\Views\\user\\clinic\\detail_clinic.php')
 3 SYSTEMPATH\View\View.php(237): CodeIgniter\View\View->CodeIgniter\View\{closure}()
 4 SYSTEMPATH\Common.php(1171): CodeIgniter\View\View->render('user/clinic/detail_clinic', [], true)
 5 APPPATH\Controllers\Clinic.php(86): view('user/clinic/detail_clinic', [...])
 6 SYSTEMPATH\CodeIgniter.php(933): App\Controllers\Clinic->detailClinic('KLN001')
 7 SYSTEMPATH\CodeIgniter.php(509): CodeIgniter\CodeIgniter->runController(Object(App\Controllers\Clinic))
 8 SYSTEMPATH\CodeIgniter.php(355): CodeIgniter\CodeIgniter->handleRequest(null, Object(Config\Cache), false)
 9 SYSTEMPATH\Boot.php(312): CodeIgniter\CodeIgniter->run()
10 SYSTEMPATH\Boot.php(67): CodeIgniter\Boot::runCodeIgniter(Object(CodeIgniter\CodeIgniter))
11 FCPATH\index.php(56): CodeIgniter\Boot::bootWeb(Object(Config\Paths))
12 SYSTEMPATH\Commands\Server\rewrite.php(49): require_once('D:\\Project\\dlbeauty\\public\\index.php')
INFO - 2024-06-22 11:10:36 --> Session: Class initialized using 'CodeIgniter\Session\Handlers\FileHandler' driver.
WARNING - 2024-06-22 11:10:36 --> Session: Sessions is enabled, and one exists. Please don't $session->start();
INFO - 2024-06-22 11:11:57 --> Session: Class initialized using 'CodeIgniter\Session\Handlers\FileHandler' driver.
WARNING - 2024-06-22 11:11:57 --> Session: Sessions is enabled, and one exists. Please don't $session->start();
INFO - 2024-06-22 11:12:02 --> Session: Class initialized using 'CodeIgniter\Session\Handlers\FileHandler' driver.
WARNING - 2024-06-22 11:12:02 --> Session: Sessions is enabled, and one exists. Please don't $session->start();
INFO - 2024-06-22 11:12:02 --> Session: Class initialized using 'CodeIgniter\Session\Handlers\FileHandler' driver.
WARNING - 2024-06-22 11:12:02 --> Session: Sessions is enabled, and one exists. Please don't $session->start();
CRITICAL - 2024-06-22 11:12:02 --> ErrorException: Trying to access array offset on value of type null
[Method: GET, Route: klinik/images/dokter/Dr%20Irma.webp]
in APPPATH\Views\user\clinic\detail_clinic.php on line 10.
 1 APPPATH\Views\user\clinic\detail_clinic.php(10): CodeIgniter\Debug\Exceptions->errorHandler(2, 'Trying to access array offset on value of type null', 'D:\\Project\\dlbeauty\\app\\Views\\user\\clinic\\detail_clinic.php', 10)
 2 SYSTEMPATH\View\View.php(234): include('D:\\Project\\dlbeauty\\app\\Views\\user\\clinic\\detail_clinic.php')
 3 SYSTEMPATH\View\View.php(237): CodeIgniter\View\View->CodeIgniter\View\{closure}()
 4 SYSTEMPATH\Common.php(1171): CodeIgniter\View\View->render('user/clinic/detail_clinic', [], true)
 5 APPPATH\Controllers\Clinic.php(91): view('user/clinic/detail_clinic', [...])
 6 SYSTEMPATH\CodeIgniter.php(933): App\Controllers\Clinic->detailClinic('images', 'dokter', 'Dr Irma.webp')
 7 SYSTEMPATH\CodeIgniter.php(509): CodeIgniter\CodeIgniter->runController(Object(App\Controllers\Clinic))
 8 SYSTEMPATH\CodeIgniter.php(355): CodeIgniter\CodeIgniter->handleRequest(null, Object(Config\Cache), false)
 9 SYSTEMPATH\Boot.php(312): CodeIgniter\CodeIgniter->run()
10 SYSTEMPATH\Boot.php(67): CodeIgniter\Boot::runCodeIgniter(Object(CodeIgniter\CodeIgniter))
11 FCPATH\index.php(56): CodeIgniter\Boot::bootWeb(Object(Config\Paths))
12 SYSTEMPATH\Commands\Server\rewrite.php(49): require_once('D:\\Project\\dlbeauty\\public\\index.php')
INFO - 2024-06-22 11:12:04 --> Session: Class initialized using 'CodeIgniter\Session\Handlers\FileHandler' driver.
WARNING - 2024-06-22 11:12:05 --> Session: Sessions is enabled, and one exists. Please don't $session->start();
INFO - 2024-06-22 11:12:05 --> Session: Class initialized using 'CodeIgniter\Session\Handlers\FileHandler' driver.
WARNING - 2024-06-22 11:12:05 --> Session: Sessions is enabled, and one exists. Please don't $session->start();
CRITICAL - 2024-06-22 11:12:05 --> ErrorException: Trying to access array offset on value of type null
[Method: GET, Route: klinik/images/dokter/Dr.%20Ivanna.webp]
in APPPATH\Views\user\clinic\detail_clinic.php on line 10.
 1 APPPATH\Views\user\clinic\detail_clinic.php(10): CodeIgniter\Debug\Exceptions->errorHandler(2, 'Trying to access array offset on value of type null', 'D:\\Project\\dlbeauty\\app\\Views\\user\\clinic\\detail_clinic.php', 10)
 2 SYSTEMPATH\View\View.php(234): include('D:\\Project\\dlbeauty\\app\\Views\\user\\clinic\\detail_clinic.php')
 3 SYSTEMPATH\View\View.php(237): CodeIgniter\View\View->CodeIgniter\View\{closure}()
 4 SYSTEMPATH\Common.php(1171): CodeIgniter\View\View->render('user/clinic/detail_clinic', [], true)
 5 APPPATH\Controllers\Clinic.php(91): view('user/clinic/detail_clinic', [...])
 6 SYSTEMPATH\CodeIgniter.php(933): App\Controllers\Clinic->detailClinic('images', 'dokter', 'Dr. Ivanna.webp')
 7 SYSTEMPATH\CodeIgniter.php(509): CodeIgniter\CodeIgniter->runController(Object(App\Controllers\Clinic))
 8 SYSTEMPATH\CodeIgniter.php(355): CodeIgniter\CodeIgniter->handleRequest(null, Object(Config\Cache), false)
 9 SYSTEMPATH\Boot.php(312): CodeIgniter\CodeIgniter->run()
10 SYSTEMPATH\Boot.php(67): CodeIgniter\Boot::runCodeIgniter(Object(CodeIgniter\CodeIgniter))
11 FCPATH\index.php(56): CodeIgniter\Boot::bootWeb(Object(Config\Paths))
12 SYSTEMPATH\Commands\Server\rewrite.php(49): require_once('D:\\Project\\dlbeauty\\public\\index.php')
INFO - 2024-06-22 11:12:41 --> Session: Class initialized using 'CodeIgniter\Session\Handlers\FileHandler' driver.
WARNING - 2024-06-22 11:12:41 --> Session: Sessions is enabled, and one exists. Please don't $session->start();
INFO - 2024-06-22 11:12:49 --> Session: Class initialized using 'CodeIgniter\Session\Handlers\FileHandler' driver.
WARNING - 2024-06-22 11:12:49 --> Session: Sessions is enabled, and one exists. Please don't $session->start();
INFO - 2024-06-22 11:12:50 --> Session: Class initialized using 'CodeIgniter\Session\Handlers\FileHandler' driver.
WARNING - 2024-06-22 11:12:50 --> Session: Sessions is enabled, and one exists. Please don't $session->start();
CRITICAL - 2024-06-22 11:12:50 --> ErrorException: Trying to access array offset on value of type null
[Method: GET, Route: klinik/images/dokter/Dr.%20Ivanna.webp]
in APPPATH\Views\user\clinic\detail_clinic.php on line 10.
 1 APPPATH\Views\user\clinic\detail_clinic.php(10): CodeIgniter\Debug\Exceptions->errorHandler(2, 'Trying to access array offset on value of type null', 'D:\\Project\\dlbeauty\\app\\Views\\user\\clinic\\detail_clinic.php', 10)
 2 SYSTEMPATH\View\View.php(234): include('D:\\Project\\dlbeauty\\app\\Views\\user\\clinic\\detail_clinic.php')
 3 SYSTEMPATH\View\View.php(237): CodeIgniter\View\View->CodeIgniter\View\{closure}()
 4 SYSTEMPATH\Common.php(1171): CodeIgniter\View\View->render('user/clinic/detail_clinic', [], true)
 5 APPPATH\Controllers\Clinic.php(91): view('user/clinic/detail_clinic', [...])
 6 SYSTEMPATH\CodeIgniter.php(933): App\Controllers\Clinic->detailClinic('images', 'dokter', 'Dr. Ivanna.webp')
 7 SYSTEMPATH\CodeIgniter.php(509): CodeIgniter\CodeIgniter->runController(Object(App\Controllers\Clinic))
 8 SYSTEMPATH\CodeIgniter.php(355): CodeIgniter\CodeIgniter->handleRequest(null, Object(Config\Cache), false)
 9 SYSTEMPATH\Boot.php(312): CodeIgniter\CodeIgniter->run()
10 SYSTEMPATH\Boot.php(67): CodeIgniter\Boot::runCodeIgniter(Object(CodeIgniter\CodeIgniter))
11 FCPATH\index.php(56): CodeIgniter\Boot::bootWeb(Object(Config\Paths))
12 SYSTEMPATH\Commands\Server\rewrite.php(49): require_once('D:\\Project\\dlbeauty\\public\\index.php')
INFO - 2024-06-22 11:12:58 --> Session: Class initialized using 'CodeIgniter\Session\Handlers\FileHandler' driver.
WARNING - 2024-06-22 11:12:58 --> Session: Sessions is enabled, and one exists. Please don't $session->start();
INFO - 2024-06-22 11:12:59 --> Session: Class initialized using 'CodeIgniter\Session\Handlers\FileHandler' driver.
WARNING - 2024-06-22 11:12:59 --> Session: Sessions is enabled, and one exists. Please don't $session->start();
CRITICAL - 2024-06-22 11:12:59 --> ErrorException: Trying to access array offset on value of type null
[Method: GET, Route: klinik/images/dokter/Dr%20Irma.webp]
in APPPATH\Views\user\clinic\detail_clinic.php on line 10.
 1 APPPATH\Views\user\clinic\detail_clinic.php(10): CodeIgniter\Debug\Exceptions->errorHandler(2, 'Trying to access array offset on value of type null', 'D:\\Project\\dlbeauty\\app\\Views\\user\\clinic\\detail_clinic.php', 10)
 2 SYSTEMPATH\View\View.php(234): include('D:\\Project\\dlbeauty\\app\\Views\\user\\clinic\\detail_clinic.php')
 3 SYSTEMPATH\View\View.php(237): CodeIgniter\View\View->CodeIgniter\View\{closure}()
 4 SYSTEMPATH\Common.php(1171): CodeIgniter\View\View->render('user/clinic/detail_clinic', [], true)
 5 APPPATH\Controllers\Clinic.php(91): view('user/clinic/detail_clinic', [...])
 6 SYSTEMPATH\CodeIgniter.php(933): App\Controllers\Clinic->detailClinic('images', 'dokter', 'Dr Irma.webp')
 7 SYSTEMPATH\CodeIgniter.php(509): CodeIgniter\CodeIgniter->runController(Object(App\Controllers\Clinic))
 8 SYSTEMPATH\CodeIgniter.php(355): CodeIgniter\CodeIgniter->handleRequest(null, Object(Config\Cache), false)
 9 SYSTEMPATH\Boot.php(312): CodeIgniter\CodeIgniter->run()
10 SYSTEMPATH\Boot.php(67): CodeIgniter\Boot::runCodeIgniter(Object(CodeIgniter\CodeIgniter))
11 FCPATH\index.php(56): CodeIgniter\Boot::bootWeb(Object(Config\Paths))
12 SYSTEMPATH\Commands\Server\rewrite.php(49): require_once('D:\\Project\\dlbeauty\\public\\index.php')
INFO - 2024-06-22 11:13:01 --> Session: Class initialized using 'CodeIgniter\Session\Handlers\FileHandler' driver.
WARNING - 2024-06-22 11:13:01 --> Session: Sessions is enabled, and one exists. Please don't $session->start();
INFO - 2024-06-22 11:13:01 --> Session: Class initialized using 'CodeIgniter\Session\Handlers\FileHandler' driver.
WARNING - 2024-06-22 11:13:01 --> Session: Sessions is enabled, and one exists. Please don't $session->start();
CRITICAL - 2024-06-22 11:13:02 --> ErrorException: Trying to access array offset on value of type null
[Method: GET, Route: klinik/images/dokter/Dr%20Varita.webp]
in APPPATH\Views\user\clinic\detail_clinic.php on line 10.
 1 APPPATH\Views\user\clinic\detail_clinic.php(10): CodeIgniter\Debug\Exceptions->errorHandler(2, 'Trying to access array offset on value of type null', 'D:\\Project\\dlbeauty\\app\\Views\\user\\clinic\\detail_clinic.php', 10)
 2 SYSTEMPATH\View\View.php(234): include('D:\\Project\\dlbeauty\\app\\Views\\user\\clinic\\detail_clinic.php')
 3 SYSTEMPATH\View\View.php(237): CodeIgniter\View\View->CodeIgniter\View\{closure}()
 4 SYSTEMPATH\Common.php(1171): CodeIgniter\View\View->render('user/clinic/detail_clinic', [], true)
 5 APPPATH\Controllers\Clinic.php(91): view('user/clinic/detail_clinic', [...])
 6 SYSTEMPATH\CodeIgniter.php(933): App\Controllers\Clinic->detailClinic('images', 'dokter', 'Dr Varita.webp')
 7 SYSTEMPATH\CodeIgniter.php(509): CodeIgniter\CodeIgniter->runController(Object(App\Controllers\Clinic))
 8 SYSTEMPATH\CodeIgniter.php(355): CodeIgniter\CodeIgniter->handleRequest(null, Object(Config\Cache), false)
 9 SYSTEMPATH\Boot.php(312): CodeIgniter\CodeIgniter->run()
10 SYSTEMPATH\Boot.php(67): CodeIgniter\Boot::runCodeIgniter(Object(CodeIgniter\CodeIgniter))
11 FCPATH\index.php(56): CodeIgniter\Boot::bootWeb(Object(Config\Paths))
12 SYSTEMPATH\Commands\Server\rewrite.php(49): require_once('D:\\Project\\dlbeauty\\public\\index.php')
INFO - 2024-06-22 11:13:03 --> Session: Class initialized using 'CodeIgniter\Session\Handlers\FileHandler' driver.
WARNING - 2024-06-22 11:13:04 --> Session: Sessions is enabled, and one exists. Please don't $session->start();
INFO - 2024-06-22 11:13:04 --> Session: Class initialized using 'CodeIgniter\Session\Handlers\FileHandler' driver.
WARNING - 2024-06-22 11:13:04 --> Session: Sessions is enabled, and one exists. Please don't $session->start();
CRITICAL - 2024-06-22 11:13:04 --> ErrorException: Trying to access array offset on value of type null
[Method: GET, Route: klinik/images/dokter/Dr.%20Ivanna.webp]
in APPPATH\Views\user\clinic\detail_clinic.php on line 10.
 1 APPPATH\Views\user\clinic\detail_clinic.php(10): CodeIgniter\Debug\Exceptions->errorHandler(2, 'Trying to access array offset on value of type null', 'D:\\Project\\dlbeauty\\app\\Views\\user\\clinic\\detail_clinic.php', 10)
 2 SYSTEMPATH\View\View.php(234): include('D:\\Project\\dlbeauty\\app\\Views\\user\\clinic\\detail_clinic.php')
 3 SYSTEMPATH\View\View.php(237): CodeIgniter\View\View->CodeIgniter\View\{closure}()
 4 SYSTEMPATH\Common.php(1171): CodeIgniter\View\View->render('user/clinic/detail_clinic', [], true)
 5 APPPATH\Controllers\Clinic.php(91): view('user/clinic/detail_clinic', [...])
 6 SYSTEMPATH\CodeIgniter.php(933): App\Controllers\Clinic->detailClinic('images', 'dokter', 'Dr. Ivanna.webp')
 7 SYSTEMPATH\CodeIgniter.php(509): CodeIgniter\CodeIgniter->runController(Object(App\Controllers\Clinic))
 8 SYSTEMPATH\CodeIgniter.php(355): CodeIgniter\CodeIgniter->handleRequest(null, Object(Config\Cache), false)
 9 SYSTEMPATH\Boot.php(312): CodeIgniter\CodeIgniter->run()
10 SYSTEMPATH\Boot.php(67): CodeIgniter\Boot::runCodeIgniter(Object(CodeIgniter\CodeIgniter))
11 FCPATH\index.php(56): CodeIgniter\Boot::bootWeb(Object(Config\Paths))
12 SYSTEMPATH\Commands\Server\rewrite.php(49): require_once('D:\\Project\\dlbeauty\\public\\index.php')
INFO - 2024-06-22 11:13:24 --> Session: Class initialized using 'CodeIgniter\Session\Handlers\FileHandler' driver.
WARNING - 2024-06-22 11:13:24 --> Session: Sessions is enabled, and one exists. Please don't $session->start();
INFO - 2024-06-22 11:13:24 --> Session: Class initialized using 'CodeIgniter\Session\Handlers\FileHandler' driver.
WARNING - 2024-06-22 11:13:24 --> Session: Sessions is enabled, and one exists. Please don't $session->start();
CRITICAL - 2024-06-22 11:13:25 --> ErrorException: Trying to access array offset on value of type null
[Method: GET, Route: klinik/images/dokter/IMG_0819.webp]
in APPPATH\Views\user\clinic\detail_clinic.php on line 10.
 1 APPPATH\Views\user\clinic\detail_clinic.php(10): CodeIgniter\Debug\Exceptions->errorHandler(2, 'Trying to access array offset on value of type null', 'D:\\Project\\dlbeauty\\app\\Views\\user\\clinic\\detail_clinic.php', 10)
 2 SYSTEMPATH\View\View.php(234): include('D:\\Project\\dlbeauty\\app\\Views\\user\\clinic\\detail_clinic.php')
 3 SYSTEMPATH\View\View.php(237): CodeIgniter\View\View->CodeIgniter\View\{closure}()
 4 SYSTEMPATH\Common.php(1171): CodeIgniter\View\View->render('user/clinic/detail_clinic', [], true)
 5 APPPATH\Controllers\Clinic.php(91): view('user/clinic/detail_clinic', [...])
 6 SYSTEMPATH\CodeIgniter.php(933): App\Controllers\Clinic->detailClinic('images', 'dokter', 'IMG_0819.webp')
 7 SYSTEMPATH\CodeIgniter.php(509): CodeIgniter\CodeIgniter->runController(Object(App\Controllers\Clinic))
 8 SYSTEMPATH\CodeIgniter.php(355): CodeIgniter\CodeIgniter->handleRequest(null, Object(Config\Cache), false)
 9 SYSTEMPATH\Boot.php(312): CodeIgniter\CodeIgniter->run()
10 SYSTEMPATH\Boot.php(67): CodeIgniter\Boot::runCodeIgniter(Object(CodeIgniter\CodeIgniter))
11 FCPATH\index.php(56): CodeIgniter\Boot::bootWeb(Object(Config\Paths))
12 SYSTEMPATH\Commands\Server\rewrite.php(49): require_once('D:\\Project\\dlbeauty\\public\\index.php')
INFO - 2024-06-22 11:13:26 --> Session: Class initialized using 'CodeIgniter\Session\Handlers\FileHandler' driver.
WARNING - 2024-06-22 11:13:26 --> Session: Sessions is enabled, and one exists. Please don't $session->start();
INFO - 2024-06-22 11:13:38 --> Session: Class initialized using 'CodeIgniter\Session\Handlers\FileHandler' driver.
WARNING - 2024-06-22 11:13:38 --> Session: Sessions is enabled, and one exists. Please don't $session->start();
INFO - 2024-06-22 11:13:39 --> Session: Class initialized using 'CodeIgniter\Session\Handlers\FileHandler' driver.
WARNING - 2024-06-22 11:13:39 --> Session: Sessions is enabled, and one exists. Please don't $session->start();
CRITICAL - 2024-06-22 11:13:39 --> ErrorException: Trying to access array offset on value of type null
[Method: GET, Route: klinik/images/dokter/Dr%20Varita.webp]
in APPPATH\Views\user\clinic\detail_clinic.php on line 10.
 1 APPPATH\Views\user\clinic\detail_clinic.php(10): CodeIgniter\Debug\Exceptions->errorHandler(2, 'Trying to access array offset on value of type null', 'D:\\Project\\dlbeauty\\app\\Views\\user\\clinic\\detail_clinic.php', 10)
 2 SYSTEMPATH\View\View.php(234): include('D:\\Project\\dlbeauty\\app\\Views\\user\\clinic\\detail_clinic.php')
 3 SYSTEMPATH\View\View.php(237): CodeIgniter\View\View->CodeIgniter\View\{closure}()
 4 SYSTEMPATH\Common.php(1171): CodeIgniter\View\View->render('user/clinic/detail_clinic', [], true)
 5 APPPATH\Controllers\Clinic.php(91): view('user/clinic/detail_clinic', [...])
 6 SYSTEMPATH\CodeIgniter.php(933): App\Controllers\Clinic->detailClinic('images', 'dokter', 'Dr Varita.webp')
 7 SYSTEMPATH\CodeIgniter.php(509): CodeIgniter\CodeIgniter->runController(Object(App\Controllers\Clinic))
 8 SYSTEMPATH\CodeIgniter.php(355): CodeIgniter\CodeIgniter->handleRequest(null, Object(Config\Cache), false)
 9 SYSTEMPATH\Boot.php(312): CodeIgniter\CodeIgniter->run()
10 SYSTEMPATH\Boot.php(67): CodeIgniter\Boot::runCodeIgniter(Object(CodeIgniter\CodeIgniter))
11 FCPATH\index.php(56): CodeIgniter\Boot::bootWeb(Object(Config\Paths))
12 SYSTEMPATH\Commands\Server\rewrite.php(49): require_once('D:\\Project\\dlbeauty\\public\\index.php')
INFO - 2024-06-22 11:14:20 --> Session: Class initialized using 'CodeIgniter\Session\Handlers\FileHandler' driver.
WARNING - 2024-06-22 11:14:20 --> Session: Sessions is enabled, and one exists. Please don't $session->start();
INFO - 2024-06-22 11:14:24 --> Session: Class initialized using 'CodeIgniter\Session\Handlers\FileHandler' driver.
WARNING - 2024-06-22 11:14:24 --> Session: Sessions is enabled, and one exists. Please don't $session->start();
INFO - 2024-06-22 11:14:24 --> Session: Class initialized using 'CodeIgniter\Session\Handlers\FileHandler' driver.
WARNING - 2024-06-22 11:14:24 --> Session: Sessions is enabled, and one exists. Please don't $session->start();
CRITICAL - 2024-06-22 11:14:24 --> ErrorException: Trying to access array offset on value of type null
[Method: GET, Route: klinik/images/dokter/Dr.%20Ivanna.webp]
in APPPATH\Views\user\clinic\detail_clinic.php on line 10.
 1 APPPATH\Views\user\clinic\detail_clinic.php(10): CodeIgniter\Debug\Exceptions->errorHandler(2, 'Trying to access array offset on value of type null', 'D:\\Project\\dlbeauty\\app\\Views\\user\\clinic\\detail_clinic.php', 10)
 2 SYSTEMPATH\View\View.php(234): include('D:\\Project\\dlbeauty\\app\\Views\\user\\clinic\\detail_clinic.php')
 3 SYSTEMPATH\View\View.php(237): CodeIgniter\View\View->CodeIgniter\View\{closure}()
 4 SYSTEMPATH\Common.php(1171): CodeIgniter\View\View->render('user/clinic/detail_clinic', [], true)
 5 APPPATH\Controllers\Clinic.php(91): view('user/clinic/detail_clinic', [...])
 6 SYSTEMPATH\CodeIgniter.php(933): App\Controllers\Clinic->detailClinic('images', 'dokter', 'Dr. Ivanna.webp')
 7 SYSTEMPATH\CodeIgniter.php(509): CodeIgniter\CodeIgniter->runController(Object(App\Controllers\Clinic))
 8 SYSTEMPATH\CodeIgniter.php(355): CodeIgniter\CodeIgniter->handleRequest(null, Object(Config\Cache), false)
 9 SYSTEMPATH\Boot.php(312): CodeIgniter\CodeIgniter->run()
10 SYSTEMPATH\Boot.php(67): CodeIgniter\Boot::runCodeIgniter(Object(CodeIgniter\CodeIgniter))
11 FCPATH\index.php(56): CodeIgniter\Boot::bootWeb(Object(Config\Paths))
12 SYSTEMPATH\Commands\Server\rewrite.php(49): require_once('D:\\Project\\dlbeauty\\public\\index.php')
INFO - 2024-06-22 11:14:35 --> Session: Class initialized using 'CodeIgniter\Session\Handlers\FileHandler' driver.
WARNING - 2024-06-22 11:14:35 --> Session: Sessions is enabled, and one exists. Please don't $session->start();
CRITICAL - 2024-06-22 11:14:35 --> ErrorException: Trying to access array offset on value of type null
[Method: GET, Route: klinik/images/dokter/Dr.%20Ivanna.webp]
in APPPATH\Views\user\clinic\detail_clinic.php on line 10.
 1 APPPATH\Views\user\clinic\detail_clinic.php(10): CodeIgniter\Debug\Exceptions->errorHandler(2, 'Trying to access array offset on value of type null', 'D:\\Project\\dlbeauty\\app\\Views\\user\\clinic\\detail_clinic.php', 10)
 2 SYSTEMPATH\View\View.php(234): include('D:\\Project\\dlbeauty\\app\\Views\\user\\clinic\\detail_clinic.php')
 3 SYSTEMPATH\View\View.php(237): CodeIgniter\View\View->CodeIgniter\View\{closure}()
 4 SYSTEMPATH\Common.php(1171): CodeIgniter\View\View->render('user/clinic/detail_clinic', [], true)
 5 APPPATH\Controllers\Clinic.php(91): view('user/clinic/detail_clinic', [...])
 6 SYSTEMPATH\CodeIgniter.php(933): App\Controllers\Clinic->detailClinic('images', 'dokter', 'Dr. Ivanna.webp')
 7 SYSTEMPATH\CodeIgniter.php(509): CodeIgniter\CodeIgniter->runController(Object(App\Controllers\Clinic))
 8 SYSTEMPATH\CodeIgniter.php(355): CodeIgniter\CodeIgniter->handleRequest(null, Object(Config\Cache), false)
 9 SYSTEMPATH\Boot.php(312): CodeIgniter\CodeIgniter->run()
10 SYSTEMPATH\Boot.php(67): CodeIgniter\Boot::runCodeIgniter(Object(CodeIgniter\CodeIgniter))
11 FCPATH\index.php(56): CodeIgniter\Boot::bootWeb(Object(Config\Paths))
12 SYSTEMPATH\Commands\Server\rewrite.php(49): require_once('D:\\Project\\dlbeauty\\public\\index.php')
INFO - 2024-06-22 11:15:25 --> Session: Class initialized using 'CodeIgniter\Session\Handlers\FileHandler' driver.
WARNING - 2024-06-22 11:15:25 --> Session: Sessions is enabled, and one exists. Please don't $session->start();
INFO - 2024-06-22 11:15:30 --> Session: Class initialized using 'CodeIgniter\Session\Handlers\FileHandler' driver.
WARNING - 2024-06-22 11:15:30 --> Session: Sessions is enabled, and one exists. Please don't $session->start();
INFO - 2024-06-22 11:15:30 --> Session: Class initialized using 'CodeIgniter\Session\Handlers\FileHandler' driver.
WARNING - 2024-06-22 11:15:31 --> Session: Sessions is enabled, and one exists. Please don't $session->start();
CRITICAL - 2024-06-22 11:15:31 --> ErrorException: Trying to access array offset on value of type null
[Method: GET, Route: klinik/images/dokter/Dr.%20Ivanna.webp]
in APPPATH\Views\user\clinic\detail_clinic.php on line 10.
 1 APPPATH\Views\user\clinic\detail_clinic.php(10): CodeIgniter\Debug\Exceptions->errorHandler(2, 'Trying to access array offset on value of type null', 'D:\\Project\\dlbeauty\\app\\Views\\user\\clinic\\detail_clinic.php', 10)
 2 SYSTEMPATH\View\View.php(234): include('D:\\Project\\dlbeauty\\app\\Views\\user\\clinic\\detail_clinic.php')
 3 SYSTEMPATH\View\View.php(237): CodeIgniter\View\View->CodeIgniter\View\{closure}()
 4 SYSTEMPATH\Common.php(1171): CodeIgniter\View\View->render('user/clinic/detail_clinic', [], true)
 5 APPPATH\Controllers\Clinic.php(91): view('user/clinic/detail_clinic', [...])
 6 SYSTEMPATH\CodeIgniter.php(933): App\Controllers\Clinic->detailClinic('images', 'dokter', 'Dr. Ivanna.webp')
 7 SYSTEMPATH\CodeIgniter.php(509): CodeIgniter\CodeIgniter->runController(Object(App\Controllers\Clinic))
 8 SYSTEMPATH\CodeIgniter.php(355): CodeIgniter\CodeIgniter->handleRequest(null, Object(Config\Cache), false)
 9 SYSTEMPATH\Boot.php(312): CodeIgniter\CodeIgniter->run()
10 SYSTEMPATH\Boot.php(67): CodeIgniter\Boot::runCodeIgniter(Object(CodeIgniter\CodeIgniter))
11 FCPATH\index.php(56): CodeIgniter\Boot::bootWeb(Object(Config\Paths))
12 SYSTEMPATH\Commands\Server\rewrite.php(49): require_once('D:\\Project\\dlbeauty\\public\\index.php')
INFO - 2024-06-22 11:15:44 --> Session: Class initialized using 'CodeIgniter\Session\Handlers\FileHandler' driver.
WARNING - 2024-06-22 11:15:44 --> Session: Sessions is enabled, and one exists. Please don't $session->start();
INFO - 2024-06-22 11:16:03 --> Session: Class initialized using 'CodeIgniter\Session\Handlers\FileHandler' driver.
WARNING - 2024-06-22 11:16:03 --> Session: Sessions is enabled, and one exists. Please don't $session->start();
INFO - 2024-06-22 11:16:03 --> Session: Class initialized using 'CodeIgniter\Session\Handlers\FileHandler' driver.
WARNING - 2024-06-22 11:16:03 --> Session: Sessions is enabled, and one exists. Please don't $session->start();
CRITICAL - 2024-06-22 11:16:03 --> ErrorException: Trying to access array offset on value of type null
[Method: GET, Route: klinik/images/dokter/Dr.%20Ivanna.webp]
in APPPATH\Views\user\clinic\detail_clinic.php on line 10.
 1 APPPATH\Views\user\clinic\detail_clinic.php(10): CodeIgniter\Debug\Exceptions->errorHandler(2, 'Trying to access array offset on value of type null', 'D:\\Project\\dlbeauty\\app\\Views\\user\\clinic\\detail_clinic.php', 10)
 2 SYSTEMPATH\View\View.php(234): include('D:\\Project\\dlbeauty\\app\\Views\\user\\clinic\\detail_clinic.php')
 3 SYSTEMPATH\View\View.php(237): CodeIgniter\View\View->CodeIgniter\View\{closure}()
 4 SYSTEMPATH\Common.php(1171): CodeIgniter\View\View->render('user/clinic/detail_clinic', [], true)
 5 APPPATH\Controllers\Clinic.php(91): view('user/clinic/detail_clinic', [...])
 6 SYSTEMPATH\CodeIgniter.php(933): App\Controllers\Clinic->detailClinic('images', 'dokter', 'Dr. Ivanna.webp')
 7 SYSTEMPATH\CodeIgniter.php(509): CodeIgniter\CodeIgniter->runController(Object(App\Controllers\Clinic))
 8 SYSTEMPATH\CodeIgniter.php(355): CodeIgniter\CodeIgniter->handleRequest(null, Object(Config\Cache), false)
 9 SYSTEMPATH\Boot.php(312): CodeIgniter\CodeIgniter->run()
10 SYSTEMPATH\Boot.php(67): CodeIgniter\Boot::runCodeIgniter(Object(CodeIgniter\CodeIgniter))
11 FCPATH\index.php(56): CodeIgniter\Boot::bootWeb(Object(Config\Paths))
12 SYSTEMPATH\Commands\Server\rewrite.php(49): require_once('D:\\Project\\dlbeauty\\public\\index.php')
INFO - 2024-06-22 11:17:04 --> Session: Class initialized using 'CodeIgniter\Session\Handlers\FileHandler' driver.
WARNING - 2024-06-22 11:17:04 --> Session: Sessions is enabled, and one exists. Please don't $session->start();
INFO - 2024-06-22 11:17:11 --> Session: Class initialized using 'CodeIgniter\Session\Handlers\FileHandler' driver.
WARNING - 2024-06-22 11:17:11 --> Session: Sessions is enabled, and one exists. Please don't $session->start();
INFO - 2024-06-22 11:17:12 --> Session: Class initialized using 'CodeIgniter\Session\Handlers\FileHandler' driver.
WARNING - 2024-06-22 11:17:12 --> Session: Sessions is enabled, and one exists. Please don't $session->start();
INFO - 2024-06-22 11:17:14 --> Session: Class initialized using 'CodeIgniter\Session\Handlers\FileHandler' driver.
WARNING - 2024-06-22 11:17:14 --> Session: Sessions is enabled, and one exists. Please don't $session->start();
INFO - 2024-06-22 11:17:15 --> Session: Class initialized using 'CodeIgniter\Session\Handlers\FileHandler' driver.
WARNING - 2024-06-22 11:17:15 --> Session: Sessions is enabled, and one exists. Please don't $session->start();
INFO - 2024-06-22 11:19:57 --> Session: Class initialized using 'CodeIgniter\Session\Handlers\FileHandler' driver.
WARNING - 2024-06-22 11:19:58 --> Session: Sessions is enabled, and one exists. Please don't $session->start();
INFO - 2024-06-22 11:21:20 --> Session: Class initialized using 'CodeIgniter\Session\Handlers\FileHandler' driver.
WARNING - 2024-06-22 11:21:20 --> Session: Sessions is enabled, and one exists. Please don't $session->start();
INFO - 2024-06-22 11:21:36 --> Session: Class initialized using 'CodeIgniter\Session\Handlers\FileHandler' driver.
WARNING - 2024-06-22 11:21:36 --> Session: Sessions is enabled, and one exists. Please don't $session->start();
INFO - 2024-06-22 11:21:51 --> Session: Class initialized using 'CodeIgniter\Session\Handlers\FileHandler' driver.
WARNING - 2024-06-22 11:21:51 --> Session: Sessions is enabled, and one exists. Please don't $session->start();
INFO - 2024-06-22 11:21:52 --> Session: Class initialized using 'CodeIgniter\Session\Handlers\FileHandler' driver.
WARNING - 2024-06-22 11:21:52 --> Session: Sessions is enabled, and one exists. Please don't $session->start();
INFO - 2024-06-22 11:22:26 --> Session: Class initialized using 'CodeIgniter\Session\Handlers\FileHandler' driver.
WARNING - 2024-06-22 11:22:26 --> Session: Sessions is enabled, and one exists. Please don't $session->start();
INFO - 2024-06-22 11:23:19 --> Session: Class initialized using 'CodeIgniter\Session\Handlers\FileHandler' driver.
WARNING - 2024-06-22 11:23:19 --> Session: Sessions is enabled, and one exists. Please don't $session->start();
INFO - 2024-06-22 11:24:18 --> Session: Class initialized using 'CodeIgniter\Session\Handlers\FileHandler' driver.
WARNING - 2024-06-22 11:24:18 --> Session: Sessions is enabled, and one exists. Please don't $session->start();
INFO - 2024-06-22 11:24:54 --> Session: Class initialized using 'CodeIgniter\Session\Handlers\FileHandler' driver.
WARNING - 2024-06-22 11:24:54 --> Session: Sessions is enabled, and one exists. Please don't $session->start();
INFO - 2024-06-22 11:24:55 --> Session: Class initialized using 'CodeIgniter\Session\Handlers\FileHandler' driver.
WARNING - 2024-06-22 11:24:55 --> Session: Sessions is enabled, and one exists. Please don't $session->start();
INFO - 2024-06-22 11:25:12 --> Session: Class initialized using 'CodeIgniter\Session\Handlers\FileHandler' driver.
WARNING - 2024-06-22 11:25:12 --> Session: Sessions is enabled, and one exists. Please don't $session->start();
INFO - 2024-06-22 11:25:40 --> Session: Class initialized using 'CodeIgniter\Session\Handlers\FileHandler' driver.
WARNING - 2024-06-22 11:25:40 --> Session: Sessions is enabled, and one exists. Please don't $session->start();
INFO - 2024-06-22 11:26:24 --> Session: Class initialized using 'CodeIgniter\Session\Handlers\FileHandler' driver.
WARNING - 2024-06-22 11:26:24 --> Session: Sessions is enabled, and one exists. Please don't $session->start();
INFO - 2024-06-22 11:27:10 --> Session: Class initialized using 'CodeIgniter\Session\Handlers\FileHandler' driver.
WARNING - 2024-06-22 11:27:10 --> Session: Sessions is enabled, and one exists. Please don't $session->start();
INFO - 2024-06-22 11:27:26 --> Session: Class initialized using 'CodeIgniter\Session\Handlers\FileHandler' driver.
WARNING - 2024-06-22 11:27:26 --> Session: Sessions is enabled, and one exists. Please don't $session->start();
INFO - 2024-06-22 11:27:35 --> Session: Class initialized using 'CodeIgniter\Session\Handlers\FileHandler' driver.
WARNING - 2024-06-22 11:27:35 --> Session: Sessions is enabled, and one exists. Please don't $session->start();
INFO - 2024-06-22 11:27:47 --> Session: Class initialized using 'CodeIgniter\Session\Handlers\FileHandler' driver.
WARNING - 2024-06-22 11:27:47 --> Session: Sessions is enabled, and one exists. Please don't $session->start();
INFO - 2024-06-22 11:27:51 --> Session: Class initialized using 'CodeIgniter\Session\Handlers\FileHandler' driver.
WARNING - 2024-06-22 11:27:51 --> Session: Sessions is enabled, and one exists. Please don't $session->start();
INFO - 2024-06-22 11:27:54 --> Session: Class initialized using 'CodeIgniter\Session\Handlers\FileHandler' driver.
WARNING - 2024-06-22 11:27:54 --> Session: Sessions is enabled, and one exists. Please don't $session->start();
INFO - 2024-06-22 11:27:55 --> Session: Class initialized using 'CodeIgniter\Session\Handlers\FileHandler' driver.
WARNING - 2024-06-22 11:27:55 --> Session: Sessions is enabled, and one exists. Please don't $session->start();
INFO - 2024-06-22 11:28:17 --> Session: Class initialized using 'CodeIgniter\Session\Handlers\FileHandler' driver.
WARNING - 2024-06-22 11:28:17 --> Session: Sessions is enabled, and one exists. Please don't $session->start();
INFO - 2024-06-22 11:28:33 --> Session: Class initialized using 'CodeIgniter\Session\Handlers\FileHandler' driver.
WARNING - 2024-06-22 11:28:34 --> Session: Sessions is enabled, and one exists. Please don't $session->start();
INFO - 2024-06-22 11:32:25 --> Session: Class initialized using 'CodeIgniter\Session\Handlers\FileHandler' driver.
WARNING - 2024-06-22 11:32:25 --> Session: Sessions is enabled, and one exists. Please don't $session->start();
INFO - 2024-06-22 11:32:31 --> Session: Class initialized using 'CodeIgniter\Session\Handlers\FileHandler' driver.
WARNING - 2024-06-22 11:32:31 --> Session: Sessions is enabled, and one exists. Please don't $session->start();
INFO - 2024-06-22 11:32:35 --> Session: Class initialized using 'CodeIgniter\Session\Handlers\FileHandler' driver.
WARNING - 2024-06-22 11:32:35 --> Session: Sessions is enabled, and one exists. Please don't $session->start();
INFO - 2024-06-22 11:32:39 --> Session: Class initialized using 'CodeIgniter\Session\Handlers\FileHandler' driver.
WARNING - 2024-06-22 11:32:39 --> Session: Sessions is enabled, and one exists. Please don't $session->start();
INFO - 2024-06-22 11:32:43 --> Session: Class initialized using 'CodeIgniter\Session\Handlers\FileHandler' driver.
WARNING - 2024-06-22 11:32:43 --> Session: Sessions is enabled, and one exists. Please don't $session->start();
INFO - 2024-06-22 11:33:25 --> Session: Class initialized using 'CodeIgniter\Session\Handlers\FileHandler' driver.
WARNING - 2024-06-22 11:33:25 --> Session: Sessions is enabled, and one exists. Please don't $session->start();
INFO - 2024-06-22 11:33:47 --> Session: Class initialized using 'CodeIgniter\Session\Handlers\FileHandler' driver.
WARNING - 2024-06-22 11:33:47 --> Session: Sessions is enabled, and one exists. Please don't $session->start();
INFO - 2024-06-22 11:33:59 --> Session: Class initialized using 'CodeIgniter\Session\Handlers\FileHandler' driver.
WARNING - 2024-06-22 11:33:59 --> Session: Sessions is enabled, and one exists. Please don't $session->start();
INFO - 2024-06-22 11:34:42 --> Session: Class initialized using 'CodeIgniter\Session\Handlers\FileHandler' driver.
WARNING - 2024-06-22 11:34:42 --> Session: Sessions is enabled, and one exists. Please don't $session->start();
INFO - 2024-06-22 11:35:24 --> Session: Class initialized using 'CodeIgniter\Session\Handlers\FileHandler' driver.
WARNING - 2024-06-22 11:35:24 --> Session: Sessions is enabled, and one exists. Please don't $session->start();
INFO - 2024-06-22 11:35:58 --> Session: Class initialized using 'CodeIgniter\Session\Handlers\FileHandler' driver.
WARNING - 2024-06-22 11:35:58 --> Session: Sessions is enabled, and one exists. Please don't $session->start();
INFO - 2024-06-22 11:36:35 --> Session: Class initialized using 'CodeIgniter\Session\Handlers\FileHandler' driver.
WARNING - 2024-06-22 11:36:35 --> Session: Sessions is enabled, and one exists. Please don't $session->start();
INFO - 2024-06-22 11:39:06 --> Session: Class initialized using 'CodeIgniter\Session\Handlers\FileHandler' driver.
WARNING - 2024-06-22 11:39:06 --> Session: Sessions is enabled, and one exists. Please don't $session->start();
INFO - 2024-06-22 11:42:12 --> Session: Class initialized using 'CodeIgniter\Session\Handlers\FileHandler' driver.
WARNING - 2024-06-22 11:42:12 --> Session: Sessions is enabled, and one exists. Please don't $session->start();
INFO - 2024-06-22 11:42:23 --> Session: Class initialized using 'CodeIgniter\Session\Handlers\FileHandler' driver.
WARNING - 2024-06-22 11:42:23 --> Session: Sessions is enabled, and one exists. Please don't $session->start();
INFO - 2024-06-22 11:43:29 --> Session: Class initialized using 'CodeIgniter\Session\Handlers\FileHandler' driver.
WARNING - 2024-06-22 11:43:29 --> Session: Sessions is enabled, and one exists. Please don't $session->start();
INFO - 2024-06-22 11:43:37 --> Session: Class initialized using 'CodeIgniter\Session\Handlers\FileHandler' driver.
WARNING - 2024-06-22 11:43:37 --> Session: Sessions is enabled, and one exists. Please don't $session->start();
INFO - 2024-06-22 11:44:20 --> Session: Class initialized using 'CodeIgniter\Session\Handlers\FileHandler' driver.
WARNING - 2024-06-22 11:44:20 --> Session: Sessions is enabled, and one exists. Please don't $session->start();
INFO - 2024-06-22 11:44:30 --> Session: Class initialized using 'CodeIgniter\Session\Handlers\FileHandler' driver.
WARNING - 2024-06-22 11:44:30 --> Session: Sessions is enabled, and one exists. Please don't $session->start();
INFO - 2024-06-22 11:44:48 --> Session: Class initialized using 'CodeIgniter\Session\Handlers\FileHandler' driver.
WARNING - 2024-06-22 11:44:48 --> Session: Sessions is enabled, and one exists. Please don't $session->start();
INFO - 2024-06-22 11:45:15 --> Session: Class initialized using 'CodeIgniter\Session\Handlers\FileHandler' driver.
WARNING - 2024-06-22 11:45:15 --> Session: Sessions is enabled, and one exists. Please don't $session->start();
INFO - 2024-06-22 11:45:23 --> Session: Class initialized using 'CodeIgniter\Session\Handlers\FileHandler' driver.
WARNING - 2024-06-22 11:45:23 --> Session: Sessions is enabled, and one exists. Please don't $session->start();
INFO - 2024-06-22 11:47:05 --> Session: Class initialized using 'CodeIgniter\Session\Handlers\FileHandler' driver.
WARNING - 2024-06-22 11:47:05 --> Session: Sessions is enabled, and one exists. Please don't $session->start();
INFO - 2024-06-22 11:52:10 --> Session: Class initialized using 'CodeIgniter\Session\Handlers\FileHandler' driver.
WARNING - 2024-06-22 11:52:10 --> Session: Sessions is enabled, and one exists. Please don't $session->start();
INFO - 2024-06-22 11:54:36 --> Session: Class initialized using 'CodeIgniter\Session\Handlers\FileHandler' driver.
WARNING - 2024-06-22 11:54:36 --> Session: Sessions is enabled, and one exists. Please don't $session->start();
INFO - 2024-06-22 11:54:46 --> Session: Class initialized using 'CodeIgniter\Session\Handlers\FileHandler' driver.
WARNING - 2024-06-22 11:54:46 --> Session: Sessions is enabled, and one exists. Please don't $session->start();
INFO - 2024-06-22 11:55:32 --> Session: Class initialized using 'CodeIgniter\Session\Handlers\FileHandler' driver.
WARNING - 2024-06-22 11:55:32 --> Session: Sessions is enabled, and one exists. Please don't $session->start();
INFO - 2024-06-22 11:55:45 --> Session: Class initialized using 'CodeIgniter\Session\Handlers\FileHandler' driver.
WARNING - 2024-06-22 11:55:45 --> Session: Sessions is enabled, and one exists. Please don't $session->start();
INFO - 2024-06-22 11:57:46 --> Session: Class initialized using 'CodeIgniter\Session\Handlers\FileHandler' driver.
WARNING - 2024-06-22 11:57:46 --> Session: Sessions is enabled, and one exists. Please don't $session->start();
INFO - 2024-06-22 11:57:53 --> Session: Class initialized using 'CodeIgniter\Session\Handlers\FileHandler' driver.
WARNING - 2024-06-22 11:57:53 --> Session: Sessions is enabled, and one exists. Please don't $session->start();
INFO - 2024-06-22 11:58:02 --> Session: Class initialized using 'CodeIgniter\Session\Handlers\FileHandler' driver.
INFO - 2024-06-22 11:58:03 --> Session: Class initialized using 'CodeIgniter\Session\Handlers\FileHandler' driver.
WARNING - 2024-06-22 11:58:03 --> Session: Sessions is enabled, and one exists. Please don't $session->start();
INFO - 2024-06-22 11:58:10 --> Session: Class initialized using 'CodeIgniter\Session\Handlers\FileHandler' driver.
WARNING - 2024-06-22 11:58:10 --> Session: Sessions is enabled, and one exists. Please don't $session->start();
INFO - 2024-06-22 11:58:10 --> Session: Class initialized using 'CodeIgniter\Session\Handlers\FileHandler' driver.
WARNING - 2024-06-22 11:58:10 --> Session: Sessions is enabled, and one exists. Please don't $session->start();
INFO - 2024-06-22 11:58:13 --> Session: Class initialized using 'CodeIgniter\Session\Handlers\FileHandler' driver.
WARNING - 2024-06-22 11:58:13 --> Session: Sessions is enabled, and one exists. Please don't $session->start();
INFO - 2024-06-22 11:58:17 --> Session: Class initialized using 'CodeIgniter\Session\Handlers\FileHandler' driver.
WARNING - 2024-06-22 11:58:17 --> Session: Sessions is enabled, and one exists. Please don't $session->start();
INFO - 2024-06-22 11:58:26 --> Session: Class initialized using 'CodeIgniter\Session\Handlers\FileHandler' driver.
WARNING - 2024-06-22 11:58:26 --> Session: Sessions is enabled, and one exists. Please don't $session->start();
INFO - 2024-06-22 11:58:52 --> Session: Class initialized using 'CodeIgniter\Session\Handlers\FileHandler' driver.
WARNING - 2024-06-22 11:58:52 --> Session: Sessions is enabled, and one exists. Please don't $session->start();
INFO - 2024-06-22 11:58:52 --> Session: Class initialized using 'CodeIgniter\Session\Handlers\FileHandler' driver.
WARNING - 2024-06-22 11:58:52 --> Session: Sessions is enabled, and one exists. Please don't $session->start();
INFO - 2024-06-22 11:59:03 --> Session: Class initialized using 'CodeIgniter\Session\Handlers\FileHandler' driver.
WARNING - 2024-06-22 11:59:03 --> Session: Sessions is enabled, and one exists. Please don't $session->start();
INFO - 2024-06-22 11:59:26 --> Session: Class initialized using 'CodeIgniter\Session\Handlers\FileHandler' driver.
WARNING - 2024-06-22 11:59:26 --> Session: Sessions is enabled, and one exists. Please don't $session->start();
INFO - 2024-06-22 11:59:54 --> Session: Class initialized using 'CodeIgniter\Session\Handlers\FileHandler' driver.
WARNING - 2024-06-22 11:59:54 --> Session: Sessions is enabled, and one exists. Please don't $session->start();
INFO - 2024-06-22 12:00:39 --> Session: Class initialized using 'CodeIgniter\Session\Handlers\FileHandler' driver.
WARNING - 2024-06-22 12:00:39 --> Session: Sessions is enabled, and one exists. Please don't $session->start();
INFO - 2024-06-22 12:00:45 --> Session: Class initialized using 'CodeIgniter\Session\Handlers\FileHandler' driver.
WARNING - 2024-06-22 12:00:45 --> Session: Sessions is enabled, and one exists. Please don't $session->start();
INFO - 2024-06-22 12:00:46 --> Session: Class initialized using 'CodeIgniter\Session\Handlers\FileHandler' driver.
WARNING - 2024-06-22 12:00:46 --> Session: Sessions is enabled, and one exists. Please don't $session->start();
INFO - 2024-06-22 12:00:48 --> Session: Class initialized using 'CodeIgniter\Session\Handlers\FileHandler' driver.
WARNING - 2024-06-22 12:00:48 --> Session: Sessions is enabled, and one exists. Please don't $session->start();
INFO - 2024-06-22 12:00:49 --> Session: Class initialized using 'CodeIgniter\Session\Handlers\FileHandler' driver.
WARNING - 2024-06-22 12:00:49 --> Session: Sessions is enabled, and one exists. Please don't $session->start();
INFO - 2024-06-22 12:00:50 --> Session: Class initialized using 'CodeIgniter\Session\Handlers\FileHandler' driver.
WARNING - 2024-06-22 12:00:50 --> Session: Sessions is enabled, and one exists. Please don't $session->start();
INFO - 2024-06-22 12:00:51 --> Session: Class initialized using 'CodeIgniter\Session\Handlers\FileHandler' driver.
WARNING - 2024-06-22 12:00:51 --> Session: Sessions is enabled, and one exists. Please don't $session->start();
INFO - 2024-06-22 12:00:52 --> Session: Class initialized using 'CodeIgniter\Session\Handlers\FileHandler' driver.
WARNING - 2024-06-22 12:00:52 --> Session: Sessions is enabled, and one exists. Please don't $session->start();
INFO - 2024-06-22 12:00:55 --> Session: Class initialized using 'CodeIgniter\Session\Handlers\FileHandler' driver.
WARNING - 2024-06-22 12:00:55 --> Session: Sessions is enabled, and one exists. Please don't $session->start();
