INFO - 2024-08-03 11:54:43 --> Session: Class initialized using 'CodeIgniter\Session\Handlers\FileHandler' driver.
WARNING - 2024-08-03 11:54:43 --> Session: Sessions is enabled, and one exists. Please don't $session->start();
INFO - 2024-08-03 11:58:59 --> Session: Class initialized using 'CodeIgniter\Session\Handlers\FileHandler' driver.
WARNING - 2024-08-03 11:58:59 --> Session: Sessions is enabled, and one exists. Please don't $session->start();
INFO - 2024-08-03 11:59:16 --> Session: Class initialized using 'CodeIgniter\Session\Handlers\FileHandler' driver.
WARNING - 2024-08-03 11:59:16 --> Session: Sessions is enabled, and one exists. Please don't $session->start();
INFO - 2024-08-03 11:59:49 --> Session: Class initialized using 'CodeIgniter\Session\Handlers\FileHandler' driver.
WARNING - 2024-08-03 11:59:49 --> Session: Sessions is enabled, and one exists. Please don't $session->start();
INFO - 2024-08-03 11:59:54 --> Session: Class initialized using 'CodeIgniter\Session\Handlers\FileHandler' driver.
WARNING - 2024-08-03 11:59:54 --> Session: Sessions is enabled, and one exists. Please don't $session->start();
INFO - 2024-08-03 12:01:32 --> Session: Class initialized using 'CodeIgniter\Session\Handlers\FileHandler' driver.
WARNING - 2024-08-03 12:01:32 --> Session: Sessions is enabled, and one exists. Please don't $session->start();
INFO - 2024-08-03 12:05:12 --> Session: Class initialized using 'CodeIgniter\Session\Handlers\FileHandler' driver.
WARNING - 2024-08-03 12:05:12 --> Session: Sessions is enabled, and one exists. Please don't $session->start();
INFO - 2024-08-03 12:05:55 --> Session: Class initialized using 'CodeIgniter\Session\Handlers\FileHandler' driver.
WARNING - 2024-08-03 12:05:55 --> Session: Sessions is enabled, and one exists. Please don't $session->start();
INFO - 2024-08-03 12:06:47 --> Session: Class initialized using 'CodeIgniter\Session\Handlers\FileHandler' driver.
WARNING - 2024-08-03 12:06:47 --> Session: Sessions is enabled, and one exists. Please don't $session->start();
CRITICAL - 2024-08-03 12:06:47 --> ErrorException: Undefined array key "durasi"
[Method: GET, Route: perawatan/acne-series/treatment/4]
in APPPATH\Views\user\perawatan\detail_treatment.php on line 18.
 1 APPPATH\Views\user\perawatan\detail_treatment.php(18): CodeIgniter\Debug\Exceptions->errorHandler(2, 'Undefined array key "durasi"', 'D:\\Project\\dlbeauty\\app\\Views\\user\\perawatan\\detail_treatment.php', 18)
 2 SYSTEMPATH\View\View.php(234): include('D:\\Project\\dlbeauty\\app\\Views\\user\\perawatan\\detail_treatment.php')
 3 SYSTEMPATH\View\View.php(237): CodeIgniter\View\View->CodeIgniter\View\{closure}()
 4 SYSTEMPATH\Common.php(1171): CodeIgniter\View\View->render('user/perawatan/detail_treatment', [], true)
 5 APPPATH\Controllers\Perawatan.php(178): view('user/perawatan/detail_treatment', [...])
 6 SYSTEMPATH\CodeIgniter.php(933): App\Controllers\Perawatan->detailTreatment('acne-series', '4')
 7 SYSTEMPATH\CodeIgniter.php(509): CodeIgniter\CodeIgniter->runController(Object(App\Controllers\Perawatan))
 8 SYSTEMPATH\CodeIgniter.php(355): CodeIgniter\CodeIgniter->handleRequest(null, Object(Config\Cache), false)
 9 SYSTEMPATH\Boot.php(312): CodeIgniter\CodeIgniter->run()
10 SYSTEMPATH\Boot.php(67): CodeIgniter\Boot::runCodeIgniter(Object(CodeIgniter\CodeIgniter))
11 FCPATH\index.php(56): CodeIgniter\Boot::bootWeb(Object(Config\Paths))
12 SYSTEMPATH\Commands\Server\rewrite.php(49): require_once('D:\\Project\\dlbeauty\\public\\index.php')
INFO - 2024-08-03 12:08:03 --> Session: Class initialized using 'CodeIgniter\Session\Handlers\FileHandler' driver.
WARNING - 2024-08-03 12:08:03 --> Session: Sessions is enabled, and one exists. Please don't $session->start();
INFO - 2024-08-03 12:08:44 --> Session: Class initialized using 'CodeIgniter\Session\Handlers\FileHandler' driver.
WARNING - 2024-08-03 12:08:44 --> Session: Sessions is enabled, and one exists. Please don't $session->start();
INFO - 2024-08-03 12:09:33 --> Session: Class initialized using 'CodeIgniter\Session\Handlers\FileHandler' driver.
WARNING - 2024-08-03 12:09:33 --> Session: Sessions is enabled, and one exists. Please don't $session->start();
INFO - 2024-08-03 12:09:45 --> Session: Class initialized using 'CodeIgniter\Session\Handlers\FileHandler' driver.
WARNING - 2024-08-03 12:09:45 --> Session: Sessions is enabled, and one exists. Please don't $session->start();
INFO - 2024-08-03 12:10:28 --> Session: Class initialized using 'CodeIgniter\Session\Handlers\FileHandler' driver.
WARNING - 2024-08-03 12:10:28 --> Session: Sessions is enabled, and one exists. Please don't $session->start();
INFO - 2024-08-03 12:10:44 --> Session: Class initialized using 'CodeIgniter\Session\Handlers\FileHandler' driver.
WARNING - 2024-08-03 12:10:44 --> Session: Sessions is enabled, and one exists. Please don't $session->start();
INFO - 2024-08-03 12:11:09 --> Session: Class initialized using 'CodeIgniter\Session\Handlers\FileHandler' driver.
WARNING - 2024-08-03 12:11:09 --> Session: Sessions is enabled, and one exists. Please don't $session->start();
INFO - 2024-08-03 12:11:23 --> Session: Class initialized using 'CodeIgniter\Session\Handlers\FileHandler' driver.
WARNING - 2024-08-03 12:11:23 --> Session: Sessions is enabled, and one exists. Please don't $session->start();
INFO - 2024-08-03 12:12:03 --> Session: Class initialized using 'CodeIgniter\Session\Handlers\FileHandler' driver.
WARNING - 2024-08-03 12:12:03 --> Session: Sessions is enabled, and one exists. Please don't $session->start();
INFO - 2024-08-03 12:13:29 --> Session: Class initialized using 'CodeIgniter\Session\Handlers\FileHandler' driver.
WARNING - 2024-08-03 12:13:29 --> Session: Sessions is enabled, and one exists. Please don't $session->start();
INFO - 2024-08-03 12:13:52 --> Session: Class initialized using 'CodeIgniter\Session\Handlers\FileHandler' driver.
WARNING - 2024-08-03 12:13:52 --> Session: Sessions is enabled, and one exists. Please don't $session->start();
INFO - 2024-08-03 12:14:00 --> Session: Class initialized using 'CodeIgniter\Session\Handlers\FileHandler' driver.
WARNING - 2024-08-03 12:14:00 --> Session: Sessions is enabled, and one exists. Please don't $session->start();
INFO - 2024-08-03 12:14:04 --> Session: Class initialized using 'CodeIgniter\Session\Handlers\FileHandler' driver.
WARNING - 2024-08-03 12:14:04 --> Session: Sessions is enabled, and one exists. Please don't $session->start();
INFO - 2024-08-03 12:14:45 --> Session: Class initialized using 'CodeIgniter\Session\Handlers\FileHandler' driver.
WARNING - 2024-08-03 12:14:45 --> Session: Sessions is enabled, and one exists. Please don't $session->start();
INFO - 2024-08-03 12:14:47 --> Session: Class initialized using 'CodeIgniter\Session\Handlers\FileHandler' driver.
WARNING - 2024-08-03 12:14:47 --> Session: Sessions is enabled, and one exists. Please don't $session->start();
INFO - 2024-08-03 12:15:10 --> Session: Class initialized using 'CodeIgniter\Session\Handlers\FileHandler' driver.
WARNING - 2024-08-03 12:15:10 --> Session: Sessions is enabled, and one exists. Please don't $session->start();
INFO - 2024-08-03 12:15:11 --> Session: Class initialized using 'CodeIgniter\Session\Handlers\FileHandler' driver.
WARNING - 2024-08-03 12:15:11 --> Session: Sessions is enabled, and one exists. Please don't $session->start();
INFO - 2024-08-03 12:15:37 --> Session: Class initialized using 'CodeIgniter\Session\Handlers\FileHandler' driver.
WARNING - 2024-08-03 12:15:37 --> Session: Sessions is enabled, and one exists. Please don't $session->start();
INFO - 2024-08-03 12:15:38 --> Session: Class initialized using 'CodeIgniter\Session\Handlers\FileHandler' driver.
WARNING - 2024-08-03 12:15:38 --> Session: Sessions is enabled, and one exists. Please don't $session->start();
INFO - 2024-08-03 12:15:58 --> Session: Class initialized using 'CodeIgniter\Session\Handlers\FileHandler' driver.
WARNING - 2024-08-03 12:15:58 --> Session: Sessions is enabled, and one exists. Please don't $session->start();
INFO - 2024-08-03 12:15:59 --> Session: Class initialized using 'CodeIgniter\Session\Handlers\FileHandler' driver.
WARNING - 2024-08-03 12:15:59 --> Session: Sessions is enabled, and one exists. Please don't $session->start();
INFO - 2024-08-03 12:16:13 --> Session: Class initialized using 'CodeIgniter\Session\Handlers\FileHandler' driver.
WARNING - 2024-08-03 12:16:13 --> Session: Sessions is enabled, and one exists. Please don't $session->start();
INFO - 2024-08-03 12:16:15 --> Session: Class initialized using 'CodeIgniter\Session\Handlers\FileHandler' driver.
WARNING - 2024-08-03 12:16:15 --> Session: Sessions is enabled, and one exists. Please don't $session->start();
INFO - 2024-08-03 12:17:15 --> Session: Class initialized using 'CodeIgniter\Session\Handlers\FileHandler' driver.
WARNING - 2024-08-03 12:17:15 --> Session: Sessions is enabled, and one exists. Please don't $session->start();
INFO - 2024-08-03 12:17:17 --> Session: Class initialized using 'CodeIgniter\Session\Handlers\FileHandler' driver.
WARNING - 2024-08-03 12:17:17 --> Session: Sessions is enabled, and one exists. Please don't $session->start();
INFO - 2024-08-03 12:17:30 --> Session: Class initialized using 'CodeIgniter\Session\Handlers\FileHandler' driver.
WARNING - 2024-08-03 12:17:30 --> Session: Sessions is enabled, and one exists. Please don't $session->start();
INFO - 2024-08-03 12:17:31 --> Session: Class initialized using 'CodeIgniter\Session\Handlers\FileHandler' driver.
WARNING - 2024-08-03 12:17:31 --> Session: Sessions is enabled, and one exists. Please don't $session->start();
INFO - 2024-08-03 12:17:42 --> Session: Class initialized using 'CodeIgniter\Session\Handlers\FileHandler' driver.
WARNING - 2024-08-03 12:17:42 --> Session: Sessions is enabled, and one exists. Please don't $session->start();
INFO - 2024-08-03 12:17:43 --> Session: Class initialized using 'CodeIgniter\Session\Handlers\FileHandler' driver.
WARNING - 2024-08-03 12:17:43 --> Session: Sessions is enabled, and one exists. Please don't $session->start();
INFO - 2024-08-03 12:18:11 --> Session: Class initialized using 'CodeIgniter\Session\Handlers\FileHandler' driver.
WARNING - 2024-08-03 12:18:11 --> Session: Sessions is enabled, and one exists. Please don't $session->start();
INFO - 2024-08-03 12:18:12 --> Session: Class initialized using 'CodeIgniter\Session\Handlers\FileHandler' driver.
WARNING - 2024-08-03 12:18:12 --> Session: Sessions is enabled, and one exists. Please don't $session->start();
INFO - 2024-08-03 12:18:25 --> Session: Class initialized using 'CodeIgniter\Session\Handlers\FileHandler' driver.
WARNING - 2024-08-03 12:18:25 --> Session: Sessions is enabled, and one exists. Please don't $session->start();
INFO - 2024-08-03 12:18:28 --> Session: Class initialized using 'CodeIgniter\Session\Handlers\FileHandler' driver.
WARNING - 2024-08-03 12:18:28 --> Session: Sessions is enabled, and one exists. Please don't $session->start();
INFO - 2024-08-03 12:18:35 --> Session: Class initialized using 'CodeIgniter\Session\Handlers\FileHandler' driver.
WARNING - 2024-08-03 12:18:35 --> Session: Sessions is enabled, and one exists. Please don't $session->start();
INFO - 2024-08-03 12:18:57 --> Session: Class initialized using 'CodeIgniter\Session\Handlers\FileHandler' driver.
WARNING - 2024-08-03 12:18:57 --> Session: Sessions is enabled, and one exists. Please don't $session->start();
INFO - 2024-08-03 12:18:58 --> Session: Class initialized using 'CodeIgniter\Session\Handlers\FileHandler' driver.
WARNING - 2024-08-03 12:18:58 --> Session: Sessions is enabled, and one exists. Please don't $session->start();
INFO - 2024-08-03 12:19:08 --> Session: Class initialized using 'CodeIgniter\Session\Handlers\FileHandler' driver.
WARNING - 2024-08-03 12:19:08 --> Session: Sessions is enabled, and one exists. Please don't $session->start();
INFO - 2024-08-03 12:19:09 --> Session: Class initialized using 'CodeIgniter\Session\Handlers\FileHandler' driver.
WARNING - 2024-08-03 12:19:09 --> Session: Sessions is enabled, and one exists. Please don't $session->start();
INFO - 2024-08-03 12:19:32 --> Session: Class initialized using 'CodeIgniter\Session\Handlers\FileHandler' driver.
WARNING - 2024-08-03 12:19:32 --> Session: Sessions is enabled, and one exists. Please don't $session->start();
INFO - 2024-08-03 12:19:38 --> Session: Class initialized using 'CodeIgniter\Session\Handlers\FileHandler' driver.
WARNING - 2024-08-03 12:19:38 --> Session: Sessions is enabled, and one exists. Please don't $session->start();
INFO - 2024-08-03 12:21:20 --> Session: Class initialized using 'CodeIgniter\Session\Handlers\FileHandler' driver.
WARNING - 2024-08-03 12:21:20 --> Session: Sessions is enabled, and one exists. Please don't $session->start();
INFO - 2024-08-03 12:21:27 --> Session: Class initialized using 'CodeIgniter\Session\Handlers\FileHandler' driver.
WARNING - 2024-08-03 12:21:27 --> Session: Sessions is enabled, and one exists. Please don't $session->start();
INFO - 2024-08-03 12:21:51 --> Session: Class initialized using 'CodeIgniter\Session\Handlers\FileHandler' driver.
WARNING - 2024-08-03 12:21:51 --> Session: Sessions is enabled, and one exists. Please don't $session->start();
INFO - 2024-08-03 12:21:52 --> Session: Class initialized using 'CodeIgniter\Session\Handlers\FileHandler' driver.
WARNING - 2024-08-03 12:21:52 --> Session: Sessions is enabled, and one exists. Please don't $session->start();
INFO - 2024-08-03 12:22:22 --> Session: Class initialized using 'CodeIgniter\Session\Handlers\FileHandler' driver.
WARNING - 2024-08-03 12:22:22 --> Session: Sessions is enabled, and one exists. Please don't $session->start();
INFO - 2024-08-03 12:22:23 --> Session: Class initialized using 'CodeIgniter\Session\Handlers\FileHandler' driver.
WARNING - 2024-08-03 12:22:23 --> Session: Sessions is enabled, and one exists. Please don't $session->start();
INFO - 2024-08-03 12:22:31 --> Session: Class initialized using 'CodeIgniter\Session\Handlers\FileHandler' driver.
WARNING - 2024-08-03 12:22:31 --> Session: Sessions is enabled, and one exists. Please don't $session->start();
INFO - 2024-08-03 12:22:54 --> Session: Class initialized using 'CodeIgniter\Session\Handlers\FileHandler' driver.
WARNING - 2024-08-03 12:22:54 --> Session: Sessions is enabled, and one exists. Please don't $session->start();
INFO - 2024-08-03 12:23:03 --> Session: Class initialized using 'CodeIgniter\Session\Handlers\FileHandler' driver.
WARNING - 2024-08-03 12:23:03 --> Session: Sessions is enabled, and one exists. Please don't $session->start();
INFO - 2024-08-03 12:23:09 --> Session: Class initialized using 'CodeIgniter\Session\Handlers\FileHandler' driver.
WARNING - 2024-08-03 12:23:09 --> Session: Sessions is enabled, and one exists. Please don't $session->start();
INFO - 2024-08-03 12:23:23 --> Session: Class initialized using 'CodeIgniter\Session\Handlers\FileHandler' driver.
WARNING - 2024-08-03 12:23:23 --> Session: Sessions is enabled, and one exists. Please don't $session->start();
INFO - 2024-08-03 12:23:38 --> Session: Class initialized using 'CodeIgniter\Session\Handlers\FileHandler' driver.
INFO - 2024-08-03 12:23:39 --> Session: Class initialized using 'CodeIgniter\Session\Handlers\FileHandler' driver.
WARNING - 2024-08-03 12:23:39 --> Session: Sessions is enabled, and one exists. Please don't $session->start();
INFO - 2024-08-03 12:23:52 --> Session: Class initialized using 'CodeIgniter\Session\Handlers\FileHandler' driver.
WARNING - 2024-08-03 12:23:52 --> Session: Sessions is enabled, and one exists. Please don't $session->start();
INFO - 2024-08-03 12:23:53 --> Session: Class initialized using 'CodeIgniter\Session\Handlers\FileHandler' driver.
WARNING - 2024-08-03 12:23:53 --> Session: Sessions is enabled, and one exists. Please don't $session->start();
INFO - 2024-08-03 12:23:55 --> Session: Class initialized using 'CodeIgniter\Session\Handlers\FileHandler' driver.
WARNING - 2024-08-03 12:23:55 --> Session: Sessions is enabled, and one exists. Please don't $session->start();
INFO - 2024-08-03 12:23:58 --> Session: Class initialized using 'CodeIgniter\Session\Handlers\FileHandler' driver.
WARNING - 2024-08-03 12:23:58 --> Session: Sessions is enabled, and one exists. Please don't $session->start();
INFO - 2024-08-03 12:24:08 --> Session: Class initialized using 'CodeIgniter\Session\Handlers\FileHandler' driver.
WARNING - 2024-08-03 12:24:08 --> Session: Sessions is enabled, and one exists. Please don't $session->start();
INFO - 2024-08-03 12:24:08 --> Session: Class initialized using 'CodeIgniter\Session\Handlers\FileHandler' driver.
WARNING - 2024-08-03 12:24:08 --> Session: Sessions is enabled, and one exists. Please don't $session->start();
INFO - 2024-08-03 12:25:32 --> Session: Class initialized using 'CodeIgniter\Session\Handlers\FileHandler' driver.
WARNING - 2024-08-03 12:25:32 --> Session: Sessions is enabled, and one exists. Please don't $session->start();
INFO - 2024-08-03 12:25:49 --> Session: Class initialized using 'CodeIgniter\Session\Handlers\FileHandler' driver.
WARNING - 2024-08-03 12:25:49 --> Session: Sessions is enabled, and one exists. Please don't $session->start();
INFO - 2024-08-03 12:25:49 --> Session: Class initialized using 'CodeIgniter\Session\Handlers\FileHandler' driver.
WARNING - 2024-08-03 12:25:49 --> Session: Sessions is enabled, and one exists. Please don't $session->start();
INFO - 2024-08-03 12:26:08 --> Session: Class initialized using 'CodeIgniter\Session\Handlers\FileHandler' driver.
WARNING - 2024-08-03 12:26:09 --> Session: Sessions is enabled, and one exists. Please don't $session->start();
INFO - 2024-08-03 12:26:37 --> Session: Class initialized using 'CodeIgniter\Session\Handlers\FileHandler' driver.
WARNING - 2024-08-03 12:26:37 --> Session: Sessions is enabled, and one exists. Please don't $session->start();
INFO - 2024-08-03 12:26:59 --> Session: Class initialized using 'CodeIgniter\Session\Handlers\FileHandler' driver.
WARNING - 2024-08-03 12:26:59 --> Session: Sessions is enabled, and one exists. Please don't $session->start();
INFO - 2024-08-03 12:27:29 --> Session: Class initialized using 'CodeIgniter\Session\Handlers\FileHandler' driver.
WARNING - 2024-08-03 12:27:29 --> Session: Sessions is enabled, and one exists. Please don't $session->start();
INFO - 2024-08-03 12:28:09 --> Session: Class initialized using 'CodeIgniter\Session\Handlers\FileHandler' driver.
WARNING - 2024-08-03 12:28:09 --> Session: Sessions is enabled, and one exists. Please don't $session->start();
INFO - 2024-08-03 12:30:00 --> Session: Class initialized using 'CodeIgniter\Session\Handlers\FileHandler' driver.
WARNING - 2024-08-03 12:30:00 --> Session: Sessions is enabled, and one exists. Please don't $session->start();
INFO - 2024-08-03 12:30:01 --> Session: Class initialized using 'CodeIgniter\Session\Handlers\FileHandler' driver.
WARNING - 2024-08-03 12:30:01 --> Session: Sessions is enabled, and one exists. Please don't $session->start();
INFO - 2024-08-03 12:30:06 --> Session: Class initialized using 'CodeIgniter\Session\Handlers\FileHandler' driver.
WARNING - 2024-08-03 12:30:06 --> Session: Sessions is enabled, and one exists. Please don't $session->start();
INFO - 2024-08-03 12:30:10 --> Session: Class initialized using 'CodeIgniter\Session\Handlers\FileHandler' driver.
WARNING - 2024-08-03 12:30:10 --> Session: Sessions is enabled, and one exists. Please don't $session->start();
INFO - 2024-08-03 12:32:16 --> Session: Class initialized using 'CodeIgniter\Session\Handlers\FileHandler' driver.
WARNING - 2024-08-03 12:32:16 --> Session: Sessions is enabled, and one exists. Please don't $session->start();
INFO - 2024-08-03 12:32:27 --> Session: Class initialized using 'CodeIgniter\Session\Handlers\FileHandler' driver.
WARNING - 2024-08-03 12:32:27 --> Session: Sessions is enabled, and one exists. Please don't $session->start();
INFO - 2024-08-03 12:32:53 --> Session: Class initialized using 'CodeIgniter\Session\Handlers\FileHandler' driver.
WARNING - 2024-08-03 12:32:53 --> Session: Sessions is enabled, and one exists. Please don't $session->start();
INFO - 2024-08-03 12:32:56 --> Session: Class initialized using 'CodeIgniter\Session\Handlers\FileHandler' driver.
WARNING - 2024-08-03 12:32:56 --> Session: Sessions is enabled, and one exists. Please don't $session->start();
INFO - 2024-08-03 12:32:59 --> Session: Class initialized using 'CodeIgniter\Session\Handlers\FileHandler' driver.
WARNING - 2024-08-03 12:32:59 --> Session: Sessions is enabled, and one exists. Please don't $session->start();
CRITICAL - 2024-08-03 12:32:59 --> ErrorException: Undefined array key "durasi"
[Method: POST, Route: admin/treatment/edit/proses/4]
in APPPATH\Controllers\Treatment.php on line 79.
 1 APPPATH\Controllers\Treatment.php(79): CodeIgniter\Debug\Exceptions->errorHandler(2, 'Undefined array key "durasi"', 'D:\\Project\\dlbeauty\\app\\Controllers\\Treatment.php', 79)
 2 SYSTEMPATH\CodeIgniter.php(933): App\Controllers\Treatment->editTreatment('4')
 3 SYSTEMPATH\CodeIgniter.php(509): CodeIgniter\CodeIgniter->runController(Object(App\Controllers\Treatment))
 4 SYSTEMPATH\CodeIgniter.php(355): CodeIgniter\CodeIgniter->handleRequest(null, Object(Config\Cache), false)
 5 SYSTEMPATH\Boot.php(312): CodeIgniter\CodeIgniter->run()
 6 SYSTEMPATH\Boot.php(67): CodeIgniter\Boot::runCodeIgniter(Object(CodeIgniter\CodeIgniter))
 7 FCPATH\index.php(56): CodeIgniter\Boot::bootWeb(Object(Config\Paths))
 8 SYSTEMPATH\Commands\Server\rewrite.php(49): require_once('D:\\Project\\dlbeauty\\public\\index.php')
INFO - 2024-08-03 12:33:15 --> Session: Class initialized using 'CodeIgniter\Session\Handlers\FileHandler' driver.
WARNING - 2024-08-03 12:33:15 --> Session: Sessions is enabled, and one exists. Please don't $session->start();
CRITICAL - 2024-08-03 12:33:15 --> ErrorException: Undefined array key "durasi"
[Method: POST, Route: admin/treatment/edit/proses/4]
in APPPATH\Controllers\Treatment.php on line 79.
 1 APPPATH\Controllers\Treatment.php(79): CodeIgniter\Debug\Exceptions->errorHandler(2, 'Undefined array key "durasi"', 'D:\\Project\\dlbeauty\\app\\Controllers\\Treatment.php', 79)
 2 SYSTEMPATH\CodeIgniter.php(933): App\Controllers\Treatment->editTreatment('4')
 3 SYSTEMPATH\CodeIgniter.php(509): CodeIgniter\CodeIgniter->runController(Object(App\Controllers\Treatment))
 4 SYSTEMPATH\CodeIgniter.php(355): CodeIgniter\CodeIgniter->handleRequest(null, Object(Config\Cache), false)
 5 SYSTEMPATH\Boot.php(312): CodeIgniter\CodeIgniter->run()
 6 SYSTEMPATH\Boot.php(67): CodeIgniter\Boot::runCodeIgniter(Object(CodeIgniter\CodeIgniter))
 7 FCPATH\index.php(56): CodeIgniter\Boot::bootWeb(Object(Config\Paths))
 8 SYSTEMPATH\Commands\Server\rewrite.php(49): require_once('D:\\Project\\dlbeauty\\public\\index.php')
INFO - 2024-08-03 12:33:20 --> Session: Class initialized using 'CodeIgniter\Session\Handlers\FileHandler' driver.
WARNING - 2024-08-03 12:33:20 --> Session: Sessions is enabled, and one exists. Please don't $session->start();
INFO - 2024-08-03 12:33:24 --> Session: Class initialized using 'CodeIgniter\Session\Handlers\FileHandler' driver.
WARNING - 2024-08-03 12:33:24 --> Session: Sessions is enabled, and one exists. Please don't $session->start();
INFO - 2024-08-03 12:33:24 --> Session: Class initialized using 'CodeIgniter\Session\Handlers\FileHandler' driver.
WARNING - 2024-08-03 12:33:24 --> Session: Sessions is enabled, and one exists. Please don't $session->start();
INFO - 2024-08-03 12:34:00 --> Session: Class initialized using 'CodeIgniter\Session\Handlers\FileHandler' driver.
WARNING - 2024-08-03 12:34:00 --> Session: Sessions is enabled, and one exists. Please don't $session->start();
INFO - 2024-08-03 12:34:15 --> Session: Class initialized using 'CodeIgniter\Session\Handlers\FileHandler' driver.
WARNING - 2024-08-03 12:34:15 --> Session: Sessions is enabled, and one exists. Please don't $session->start();
INFO - 2024-08-03 12:34:16 --> Session: Class initialized using 'CodeIgniter\Session\Handlers\FileHandler' driver.
WARNING - 2024-08-03 12:34:16 --> Session: Sessions is enabled, and one exists. Please don't $session->start();
INFO - 2024-08-03 12:34:23 --> Session: Class initialized using 'CodeIgniter\Session\Handlers\FileHandler' driver.
WARNING - 2024-08-03 12:34:23 --> Session: Sessions is enabled, and one exists. Please don't $session->start();
INFO - 2024-08-03 12:35:14 --> Session: Class initialized using 'CodeIgniter\Session\Handlers\FileHandler' driver.
WARNING - 2024-08-03 12:35:14 --> Session: Sessions is enabled, and one exists. Please don't $session->start();
INFO - 2024-08-03 12:35:30 --> Session: Class initialized using 'CodeIgniter\Session\Handlers\FileHandler' driver.
WARNING - 2024-08-03 12:35:30 --> Session: Sessions is enabled, and one exists. Please don't $session->start();
INFO - 2024-08-03 12:35:37 --> Session: Class initialized using 'CodeIgniter\Session\Handlers\FileHandler' driver.
WARNING - 2024-08-03 12:35:37 --> Session: Sessions is enabled, and one exists. Please don't $session->start();
INFO - 2024-08-03 12:36:34 --> Session: Class initialized using 'CodeIgniter\Session\Handlers\FileHandler' driver.
WARNING - 2024-08-03 12:36:34 --> Session: Sessions is enabled, and one exists. Please don't $session->start();
INFO - 2024-08-03 12:37:08 --> Session: Class initialized using 'CodeIgniter\Session\Handlers\FileHandler' driver.
WARNING - 2024-08-03 12:37:08 --> Session: Sessions is enabled, and one exists. Please don't $session->start();
INFO - 2024-08-03 12:37:10 --> Session: Class initialized using 'CodeIgniter\Session\Handlers\FileHandler' driver.
WARNING - 2024-08-03 12:37:10 --> Session: Sessions is enabled, and one exists. Please don't $session->start();
INFO - 2024-08-03 12:37:21 --> Session: Class initialized using 'CodeIgniter\Session\Handlers\FileHandler' driver.
WARNING - 2024-08-03 12:37:21 --> Session: Sessions is enabled, and one exists. Please don't $session->start();
INFO - 2024-08-03 12:37:27 --> Session: Class initialized using 'CodeIgniter\Session\Handlers\FileHandler' driver.
WARNING - 2024-08-03 12:37:27 --> Session: Sessions is enabled, and one exists. Please don't $session->start();
INFO - 2024-08-03 12:37:30 --> Session: Class initialized using 'CodeIgniter\Session\Handlers\FileHandler' driver.
WARNING - 2024-08-03 12:37:30 --> Session: Sessions is enabled, and one exists. Please don't $session->start();
INFO - 2024-08-03 13:22:37 --> Session: Class initialized using 'CodeIgniter\Session\Handlers\FileHandler' driver.
WARNING - 2024-08-03 13:22:37 --> Session: Sessions is enabled, and one exists. Please don't $session->start();
INFO - 2024-08-03 13:27:54 --> Session: Class initialized using 'CodeIgniter\Session\Handlers\FileHandler' driver.
WARNING - 2024-08-03 13:27:54 --> Session: Sessions is enabled, and one exists. Please don't $session->start();
CRITICAL - 2024-08-03 13:27:54 --> TypeError: count(): Argument #1 ($value) must be of type Countable|array, null given
[Method: GET, Route: admin/perawatan]
in APPPATH\Views\admin\Perawatan\index.php on line 432.
 1 SYSTEMPATH\View\View.php(234): include()
 2 SYSTEMPATH\View\View.php(237): CodeIgniter\View\View->CodeIgniter\View\{closure}()
 3 SYSTEMPATH\Common.php(1171): CodeIgniter\View\View->render('admin/perawatan/index', [], true)
 4 APPPATH\Controllers\Admin.php(721): view('admin/perawatan/index', [...])
 5 SYSTEMPATH\CodeIgniter.php(933): App\Controllers\Admin->viewPerawatan()
 6 SYSTEMPATH\CodeIgniter.php(509): CodeIgniter\CodeIgniter->runController(Object(App\Controllers\Admin))
 7 SYSTEMPATH\CodeIgniter.php(355): CodeIgniter\CodeIgniter->handleRequest(null, Object(Config\Cache), false)
 8 SYSTEMPATH\Boot.php(312): CodeIgniter\CodeIgniter->run()
 9 SYSTEMPATH\Boot.php(67): CodeIgniter\Boot::runCodeIgniter(Object(CodeIgniter\CodeIgniter))
10 FCPATH\index.php(56): CodeIgniter\Boot::bootWeb(Object(Config\Paths))
11 SYSTEMPATH\Commands\Server\rewrite.php(49): require_once('D:\\Project\\dlbeauty\\public\\index.php')
CRITICAL - 2024-08-03 13:27:54 --> [Caused by] ErrorException: Undefined variable $program
in APPPATH\Views\admin\Perawatan\index.php on line 432.
 1 APPPATH\Views\admin\Perawatan\index.php(432): CodeIgniter\Debug\Exceptions->errorHandler(2, 'Undefined variable $program', 'D:\\Project\\dlbeauty\\app\\Views\\admin\\Perawatan\\index.php', 432)
 2 SYSTEMPATH\View\View.php(234): include('D:\\Project\\dlbeauty\\app\\Views\\admin\\Perawatan\\index.php')
 3 SYSTEMPATH\View\View.php(237): CodeIgniter\View\View->CodeIgniter\View\{closure}()
 4 SYSTEMPATH\Common.php(1171): CodeIgniter\View\View->render('admin/perawatan/index', [], true)
 5 APPPATH\Controllers\Admin.php(721): view('admin/perawatan/index', [...])
 6 SYSTEMPATH\CodeIgniter.php(933): App\Controllers\Admin->viewPerawatan()
 7 SYSTEMPATH\CodeIgniter.php(509): CodeIgniter\CodeIgniter->runController(Object(App\Controllers\Admin))
 8 SYSTEMPATH\CodeIgniter.php(355): CodeIgniter\CodeIgniter->handleRequest(null, Object(Config\Cache), false)
 9 SYSTEMPATH\Boot.php(312): CodeIgniter\CodeIgniter->run()
10 SYSTEMPATH\Boot.php(67): CodeIgniter\Boot::runCodeIgniter(Object(CodeIgniter\CodeIgniter))
11 FCPATH\index.php(56): CodeIgniter\Boot::bootWeb(Object(Config\Paths))
12 SYSTEMPATH\Commands\Server\rewrite.php(49): require_once('D:\\Project\\dlbeauty\\public\\index.php')
INFO - 2024-08-03 13:34:56 --> Session: Class initialized using 'CodeIgniter\Session\Handlers\FileHandler' driver.
WARNING - 2024-08-03 13:34:56 --> Session: Sessions is enabled, and one exists. Please don't $session->start();
INFO - 2024-08-03 13:43:04 --> Session: Class initialized using 'CodeIgniter\Session\Handlers\FileHandler' driver.
WARNING - 2024-08-03 13:43:04 --> Session: Sessions is enabled, and one exists. Please don't $session->start();
INFO - 2024-08-03 13:44:40 --> Session: Class initialized using 'CodeIgniter\Session\Handlers\FileHandler' driver.
WARNING - 2024-08-03 13:44:40 --> Session: Sessions is enabled, and one exists. Please don't $session->start();
INFO - 2024-08-03 13:45:20 --> Session: Class initialized using 'CodeIgniter\Session\Handlers\FileHandler' driver.
WARNING - 2024-08-03 13:45:20 --> Session: Sessions is enabled, and one exists. Please don't $session->start();
CRITICAL - 2024-08-03 13:45:21 --> CodeIgniter\View\Exceptions\ViewException: Invalid file: "admin/program/add.php"
[Method: GET, Route: admin/program/tambah]
in SYSTEMPATH\Exceptions\FrameworkException.php on line 41.
 1 SYSTEMPATH\View\View.php(222): CodeIgniter\Exceptions\FrameworkException::forInvalidFile('admin/program/add.php')
 2 SYSTEMPATH\Common.php(1171): CodeIgniter\View\View->render('admin/program/add', [], true)
 3 APPPATH\Controllers\Admin.php(886): view('admin/program/add', [...])
 4 SYSTEMPATH\CodeIgniter.php(933): App\Controllers\Admin->viewAddProgram()
 5 SYSTEMPATH\CodeIgniter.php(509): CodeIgniter\CodeIgniter->runController(Object(App\Controllers\Admin))
 6 SYSTEMPATH\CodeIgniter.php(355): CodeIgniter\CodeIgniter->handleRequest(null, Object(Config\Cache), false)
 7 SYSTEMPATH\Boot.php(312): CodeIgniter\CodeIgniter->run()
 8 SYSTEMPATH\Boot.php(67): CodeIgniter\Boot::runCodeIgniter(Object(CodeIgniter\CodeIgniter))
 9 FCPATH\index.php(56): CodeIgniter\Boot::bootWeb(Object(Config\Paths))
10 SYSTEMPATH\Commands\Server\rewrite.php(49): require_once('D:\\Project\\dlbeauty\\public\\index.php')
INFO - 2024-08-03 13:45:22 --> Session: Class initialized using 'CodeIgniter\Session\Handlers\FileHandler' driver.
WARNING - 2024-08-03 13:45:22 --> Session: Sessions is enabled, and one exists. Please don't $session->start();
INFO - 2024-08-03 15:14:18 --> Session: Class initialized using 'CodeIgniter\Session\Handlers\FileHandler' driver.
WARNING - 2024-08-03 15:14:18 --> Session: Sessions is enabled, and one exists. Please don't $session->start();
INFO - 2024-08-03 15:17:21 --> Session: Class initialized using 'CodeIgniter\Session\Handlers\FileHandler' driver.
WARNING - 2024-08-03 15:17:21 --> Session: Sessions is enabled, and one exists. Please don't $session->start();
INFO - 2024-08-03 15:17:23 --> Session: Class initialized using 'CodeIgniter\Session\Handlers\FileHandler' driver.
WARNING - 2024-08-03 15:17:23 --> Session: Sessions is enabled, and one exists. Please don't $session->start();
INFO - 2024-08-03 15:18:01 --> Session: Class initialized using 'CodeIgniter\Session\Handlers\FileHandler' driver.
WARNING - 2024-08-03 15:18:01 --> Session: Sessions is enabled, and one exists. Please don't $session->start();
INFO - 2024-08-03 15:19:21 --> Session: Class initialized using 'CodeIgniter\Session\Handlers\FileHandler' driver.
WARNING - 2024-08-03 15:19:21 --> Session: Sessions is enabled, and one exists. Please don't $session->start();
INFO - 2024-08-03 15:20:04 --> Session: Class initialized using 'CodeIgniter\Session\Handlers\FileHandler' driver.
WARNING - 2024-08-03 15:20:04 --> Session: Sessions is enabled, and one exists. Please don't $session->start();
INFO - 2024-08-03 15:20:06 --> Session: Class initialized using 'CodeIgniter\Session\Handlers\FileHandler' driver.
WARNING - 2024-08-03 15:20:06 --> Session: Sessions is enabled, and one exists. Please don't $session->start();
INFO - 2024-08-03 15:20:06 --> Session: Class initialized using 'CodeIgniter\Session\Handlers\FileHandler' driver.
WARNING - 2024-08-03 15:20:06 --> Session: Sessions is enabled, and one exists. Please don't $session->start();
INFO - 2024-08-03 15:21:32 --> Session: Class initialized using 'CodeIgniter\Session\Handlers\FileHandler' driver.
WARNING - 2024-08-03 15:21:32 --> Session: Sessions is enabled, and one exists. Please don't $session->start();
INFO - 2024-08-03 15:21:35 --> Session: Class initialized using 'CodeIgniter\Session\Handlers\FileHandler' driver.
WARNING - 2024-08-03 15:21:35 --> Session: Sessions is enabled, and one exists. Please don't $session->start();
INFO - 2024-08-03 15:21:35 --> Session: Class initialized using 'CodeIgniter\Session\Handlers\FileHandler' driver.
WARNING - 2024-08-03 15:21:35 --> Session: Sessions is enabled, and one exists. Please don't $session->start();
INFO - 2024-08-03 15:22:20 --> Session: Class initialized using 'CodeIgniter\Session\Handlers\FileHandler' driver.
WARNING - 2024-08-03 15:22:20 --> Session: Sessions is enabled, and one exists. Please don't $session->start();
INFO - 2024-08-03 15:22:20 --> Session: Class initialized using 'CodeIgniter\Session\Handlers\FileHandler' driver.
WARNING - 2024-08-03 15:22:20 --> Session: Sessions is enabled, and one exists. Please don't $session->start();
INFO - 2024-08-03 15:22:25 --> Session: Class initialized using 'CodeIgniter\Session\Handlers\FileHandler' driver.
WARNING - 2024-08-03 15:22:25 --> Session: Sessions is enabled, and one exists. Please don't $session->start();
INFO - 2024-08-03 15:22:56 --> Session: Class initialized using 'CodeIgniter\Session\Handlers\FileHandler' driver.
WARNING - 2024-08-03 15:22:56 --> Session: Sessions is enabled, and one exists. Please don't $session->start();
INFO - 2024-08-03 15:23:01 --> Session: Class initialized using 'CodeIgniter\Session\Handlers\FileHandler' driver.
WARNING - 2024-08-03 15:23:01 --> Session: Sessions is enabled, and one exists. Please don't $session->start();
INFO - 2024-08-03 15:23:03 --> Session: Class initialized using 'CodeIgniter\Session\Handlers\FileHandler' driver.
WARNING - 2024-08-03 15:23:03 --> Session: Sessions is enabled, and one exists. Please don't $session->start();
INFO - 2024-08-03 15:23:08 --> Session: Class initialized using 'CodeIgniter\Session\Handlers\FileHandler' driver.
WARNING - 2024-08-03 15:23:08 --> Session: Sessions is enabled, and one exists. Please don't $session->start();
INFO - 2024-08-03 15:23:08 --> Session: Class initialized using 'CodeIgniter\Session\Handlers\FileHandler' driver.
WARNING - 2024-08-03 15:23:08 --> Session: Sessions is enabled, and one exists. Please don't $session->start();
INFO - 2024-08-03 15:23:18 --> Session: Class initialized using 'CodeIgniter\Session\Handlers\FileHandler' driver.
WARNING - 2024-08-03 15:23:18 --> Session: Sessions is enabled, and one exists. Please don't $session->start();
INFO - 2024-08-03 15:23:18 --> Session: Class initialized using 'CodeIgniter\Session\Handlers\FileHandler' driver.
WARNING - 2024-08-03 15:23:18 --> Session: Sessions is enabled, and one exists. Please don't $session->start();
INFO - 2024-08-03 15:23:22 --> Session: Class initialized using 'CodeIgniter\Session\Handlers\FileHandler' driver.
WARNING - 2024-08-03 15:23:22 --> Session: Sessions is enabled, and one exists. Please don't $session->start();
CRITICAL - 2024-08-03 15:23:22 --> ErrorException: Undefined array key "nama_treatment"
[Method: GET, Route: admin/program/detail/2]
in APPPATH\Views\admin\program\detail.php on line 14.
 1 APPPATH\Views\admin\program\detail.php(14): CodeIgniter\Debug\Exceptions->errorHandler(2, 'Undefined array key "nama_treatment"', 'D:\\Project\\dlbeauty\\app\\Views\\admin\\program\\detail.php', 14)
 2 SYSTEMPATH\View\View.php(234): include('D:\\Project\\dlbeauty\\app\\Views\\admin\\program\\detail.php')
 3 SYSTEMPATH\View\View.php(237): CodeIgniter\View\View->CodeIgniter\View\{closure}()
 4 SYSTEMPATH\Common.php(1171): CodeIgniter\View\View->render('admin/program/detail', [], true)
 5 APPPATH\Controllers\Admin.php(933): view('admin/program/detail', [...])
 6 SYSTEMPATH\CodeIgniter.php(933): App\Controllers\Admin->viewProgramDetail('2')
 7 SYSTEMPATH\CodeIgniter.php(509): CodeIgniter\CodeIgniter->runController(Object(App\Controllers\Admin))
 8 SYSTEMPATH\CodeIgniter.php(355): CodeIgniter\CodeIgniter->handleRequest(null, Object(Config\Cache), false)
 9 SYSTEMPATH\Boot.php(312): CodeIgniter\CodeIgniter->run()
10 SYSTEMPATH\Boot.php(67): CodeIgniter\Boot::runCodeIgniter(Object(CodeIgniter\CodeIgniter))
11 FCPATH\index.php(56): CodeIgniter\Boot::bootWeb(Object(Config\Paths))
12 SYSTEMPATH\Commands\Server\rewrite.php(49): require_once('D:\\Project\\dlbeauty\\public\\index.php')
INFO - 2024-08-03 15:23:34 --> Session: Class initialized using 'CodeIgniter\Session\Handlers\FileHandler' driver.
WARNING - 2024-08-03 15:23:34 --> Session: Sessions is enabled, and one exists. Please don't $session->start();
INFO - 2024-08-03 15:23:37 --> Session: Class initialized using 'CodeIgniter\Session\Handlers\FileHandler' driver.
WARNING - 2024-08-03 15:23:37 --> Session: Sessions is enabled, and one exists. Please don't $session->start();
INFO - 2024-08-03 15:23:46 --> Session: Class initialized using 'CodeIgniter\Session\Handlers\FileHandler' driver.
WARNING - 2024-08-03 15:23:46 --> Session: Sessions is enabled, and one exists. Please don't $session->start();
INFO - 2024-08-03 15:23:46 --> Session: Class initialized using 'CodeIgniter\Session\Handlers\FileHandler' driver.
WARNING - 2024-08-03 15:23:46 --> Session: Sessions is enabled, and one exists. Please don't $session->start();
INFO - 2024-08-03 15:23:51 --> Session: Class initialized using 'CodeIgniter\Session\Handlers\FileHandler' driver.
WARNING - 2024-08-03 15:23:51 --> Session: Sessions is enabled, and one exists. Please don't $session->start();
CRITICAL - 2024-08-03 15:23:51 --> ErrorException: Undefined array key "nama_treatment"
[Method: GET, Route: admin/program/detail/2]
in APPPATH\Views\admin\program\detail.php on line 14.
 1 APPPATH\Views\admin\program\detail.php(14): CodeIgniter\Debug\Exceptions->errorHandler(2, 'Undefined array key "nama_treatment"', 'D:\\Project\\dlbeauty\\app\\Views\\admin\\program\\detail.php', 14)
 2 SYSTEMPATH\View\View.php(234): include('D:\\Project\\dlbeauty\\app\\Views\\admin\\program\\detail.php')
 3 SYSTEMPATH\View\View.php(237): CodeIgniter\View\View->CodeIgniter\View\{closure}()
 4 SYSTEMPATH\Common.php(1171): CodeIgniter\View\View->render('admin/program/detail', [], true)
 5 APPPATH\Controllers\Admin.php(933): view('admin/program/detail', [...])
 6 SYSTEMPATH\CodeIgniter.php(933): App\Controllers\Admin->viewProgramDetail('2')
 7 SYSTEMPATH\CodeIgniter.php(509): CodeIgniter\CodeIgniter->runController(Object(App\Controllers\Admin))
 8 SYSTEMPATH\CodeIgniter.php(355): CodeIgniter\CodeIgniter->handleRequest(null, Object(Config\Cache), false)
 9 SYSTEMPATH\Boot.php(312): CodeIgniter\CodeIgniter->run()
10 SYSTEMPATH\Boot.php(67): CodeIgniter\Boot::runCodeIgniter(Object(CodeIgniter\CodeIgniter))
11 FCPATH\index.php(56): CodeIgniter\Boot::bootWeb(Object(Config\Paths))
12 SYSTEMPATH\Commands\Server\rewrite.php(49): require_once('D:\\Project\\dlbeauty\\public\\index.php')
INFO - 2024-08-03 15:23:53 --> Session: Class initialized using 'CodeIgniter\Session\Handlers\FileHandler' driver.
WARNING - 2024-08-03 15:23:53 --> Session: Sessions is enabled, and one exists. Please don't $session->start();
INFO - 2024-08-03 15:23:56 --> Session: Class initialized using 'CodeIgniter\Session\Handlers\FileHandler' driver.
WARNING - 2024-08-03 15:23:56 --> Session: Sessions is enabled, and one exists. Please don't $session->start();
INFO - 2024-08-03 15:23:59 --> Session: Class initialized using 'CodeIgniter\Session\Handlers\FileHandler' driver.
WARNING - 2024-08-03 15:24:00 --> Session: Sessions is enabled, and one exists. Please don't $session->start();
INFO - 2024-08-03 15:24:00 --> Session: Class initialized using 'CodeIgniter\Session\Handlers\FileHandler' driver.
WARNING - 2024-08-03 15:24:00 --> Session: Sessions is enabled, and one exists. Please don't $session->start();
INFO - 2024-08-03 15:24:03 --> Session: Class initialized using 'CodeIgniter\Session\Handlers\FileHandler' driver.
WARNING - 2024-08-03 15:24:03 --> Session: Sessions is enabled, and one exists. Please don't $session->start();
INFO - 2024-08-03 15:24:08 --> Session: Class initialized using 'CodeIgniter\Session\Handlers\FileHandler' driver.
WARNING - 2024-08-03 15:24:08 --> Session: Sessions is enabled, and one exists. Please don't $session->start();
INFO - 2024-08-03 15:24:09 --> Session: Class initialized using 'CodeIgniter\Session\Handlers\FileHandler' driver.
WARNING - 2024-08-03 15:24:09 --> Session: Sessions is enabled, and one exists. Please don't $session->start();
INFO - 2024-08-03 15:24:12 --> Session: Class initialized using 'CodeIgniter\Session\Handlers\FileHandler' driver.
WARNING - 2024-08-03 15:24:12 --> Session: Sessions is enabled, and one exists. Please don't $session->start();
INFO - 2024-08-03 15:24:14 --> Session: Class initialized using 'CodeIgniter\Session\Handlers\FileHandler' driver.
WARNING - 2024-08-03 15:24:14 --> Session: Sessions is enabled, and one exists. Please don't $session->start();
INFO - 2024-08-03 15:24:34 --> Session: Class initialized using 'CodeIgniter\Session\Handlers\FileHandler' driver.
WARNING - 2024-08-03 15:24:34 --> Session: Sessions is enabled, and one exists. Please don't $session->start();
INFO - 2024-08-03 15:24:34 --> Session: Class initialized using 'CodeIgniter\Session\Handlers\FileHandler' driver.
WARNING - 2024-08-03 15:24:34 --> Session: Sessions is enabled, and one exists. Please don't $session->start();
INFO - 2024-08-03 15:25:00 --> Session: Class initialized using 'CodeIgniter\Session\Handlers\FileHandler' driver.
WARNING - 2024-08-03 15:25:00 --> Session: Sessions is enabled, and one exists. Please don't $session->start();
INFO - 2024-08-03 15:25:00 --> Session: Class initialized using 'CodeIgniter\Session\Handlers\FileHandler' driver.
WARNING - 2024-08-03 15:25:00 --> Session: Sessions is enabled, and one exists. Please don't $session->start();
INFO - 2024-08-03 15:25:06 --> Session: Class initialized using 'CodeIgniter\Session\Handlers\FileHandler' driver.
WARNING - 2024-08-03 15:25:06 --> Session: Sessions is enabled, and one exists. Please don't $session->start();
INFO - 2024-08-03 15:25:16 --> Session: Class initialized using 'CodeIgniter\Session\Handlers\FileHandler' driver.
WARNING - 2024-08-03 15:25:16 --> Session: Sessions is enabled, and one exists. Please don't $session->start();
INFO - 2024-08-03 15:25:19 --> Session: Class initialized using 'CodeIgniter\Session\Handlers\FileHandler' driver.
WARNING - 2024-08-03 15:25:19 --> Session: Sessions is enabled, and one exists. Please don't $session->start();
INFO - 2024-08-03 15:25:19 --> Session: Class initialized using 'CodeIgniter\Session\Handlers\FileHandler' driver.
WARNING - 2024-08-03 15:25:19 --> Session: Sessions is enabled, and one exists. Please don't $session->start();
INFO - 2024-08-03 15:25:26 --> Session: Class initialized using 'CodeIgniter\Session\Handlers\FileHandler' driver.
WARNING - 2024-08-03 15:25:26 --> Session: Sessions is enabled, and one exists. Please don't $session->start();
INFO - 2024-08-03 15:25:30 --> Session: Class initialized using 'CodeIgniter\Session\Handlers\FileHandler' driver.
WARNING - 2024-08-03 15:25:30 --> Session: Sessions is enabled, and one exists. Please don't $session->start();
INFO - 2024-08-03 15:25:31 --> Session: Class initialized using 'CodeIgniter\Session\Handlers\FileHandler' driver.
WARNING - 2024-08-03 15:25:31 --> Session: Sessions is enabled, and one exists. Please don't $session->start();
INFO - 2024-08-03 15:25:41 --> Session: Class initialized using 'CodeIgniter\Session\Handlers\FileHandler' driver.
WARNING - 2024-08-03 15:25:41 --> Session: Sessions is enabled, and one exists. Please don't $session->start();
INFO - 2024-08-03 15:25:47 --> Session: Class initialized using 'CodeIgniter\Session\Handlers\FileHandler' driver.
WARNING - 2024-08-03 15:25:47 --> Session: Sessions is enabled, and one exists. Please don't $session->start();
INFO - 2024-08-03 15:25:47 --> Session: Class initialized using 'CodeIgniter\Session\Handlers\FileHandler' driver.
WARNING - 2024-08-03 15:25:47 --> Session: Sessions is enabled, and one exists. Please don't $session->start();
INFO - 2024-08-03 15:27:19 --> Session: Class initialized using 'CodeIgniter\Session\Handlers\FileHandler' driver.
WARNING - 2024-08-03 15:27:19 --> Session: Sessions is enabled, and one exists. Please don't $session->start();
INFO - 2024-08-03 15:27:22 --> Session: Class initialized using 'CodeIgniter\Session\Handlers\FileHandler' driver.
WARNING - 2024-08-03 15:27:22 --> Session: Sessions is enabled, and one exists. Please don't $session->start();
INFO - 2024-08-03 15:27:54 --> Session: Class initialized using 'CodeIgniter\Session\Handlers\FileHandler' driver.
WARNING - 2024-08-03 15:27:54 --> Session: Sessions is enabled, and one exists. Please don't $session->start();
INFO - 2024-08-03 15:27:54 --> Session: Class initialized using 'CodeIgniter\Session\Handlers\FileHandler' driver.
WARNING - 2024-08-03 15:27:55 --> Session: Sessions is enabled, and one exists. Please don't $session->start();
INFO - 2024-08-03 15:28:22 --> Session: Class initialized using 'CodeIgniter\Session\Handlers\FileHandler' driver.
WARNING - 2024-08-03 15:28:22 --> Session: Sessions is enabled, and one exists. Please don't $session->start();
INFO - 2024-08-03 15:28:23 --> Session: Class initialized using 'CodeIgniter\Session\Handlers\FileHandler' driver.
WARNING - 2024-08-03 15:28:23 --> Session: Sessions is enabled, and one exists. Please don't $session->start();
INFO - 2024-08-03 15:28:24 --> Session: Class initialized using 'CodeIgniter\Session\Handlers\FileHandler' driver.
WARNING - 2024-08-03 15:28:24 --> Session: Sessions is enabled, and one exists. Please don't $session->start();
INFO - 2024-08-03 15:28:31 --> Session: Class initialized using 'CodeIgniter\Session\Handlers\FileHandler' driver.
WARNING - 2024-08-03 15:28:31 --> Session: Sessions is enabled, and one exists. Please don't $session->start();
INFO - 2024-08-03 15:28:34 --> Session: Class initialized using 'CodeIgniter\Session\Handlers\FileHandler' driver.
WARNING - 2024-08-03 15:28:34 --> Session: Sessions is enabled, and one exists. Please don't $session->start();
INFO - 2024-08-03 15:28:34 --> Session: Class initialized using 'CodeIgniter\Session\Handlers\FileHandler' driver.
WARNING - 2024-08-03 15:28:34 --> Session: Sessions is enabled, and one exists. Please don't $session->start();
INFO - 2024-08-03 15:29:06 --> Session: Class initialized using 'CodeIgniter\Session\Handlers\FileHandler' driver.
WARNING - 2024-08-03 15:29:06 --> Session: Sessions is enabled, and one exists. Please don't $session->start();
INFO - 2024-08-03 15:29:44 --> Session: Class initialized using 'CodeIgniter\Session\Handlers\FileHandler' driver.
WARNING - 2024-08-03 15:29:44 --> Session: Sessions is enabled, and one exists. Please don't $session->start();
INFO - 2024-08-03 15:29:51 --> Session: Class initialized using 'CodeIgniter\Session\Handlers\FileHandler' driver.
WARNING - 2024-08-03 15:29:51 --> Session: Sessions is enabled, and one exists. Please don't $session->start();
INFO - 2024-08-03 15:29:58 --> Session: Class initialized using 'CodeIgniter\Session\Handlers\FileHandler' driver.
WARNING - 2024-08-03 15:29:58 --> Session: Sessions is enabled, and one exists. Please don't $session->start();
INFO - 2024-08-03 15:30:09 --> Session: Class initialized using 'CodeIgniter\Session\Handlers\FileHandler' driver.
WARNING - 2024-08-03 15:30:09 --> Session: Sessions is enabled, and one exists. Please don't $session->start();
INFO - 2024-08-03 15:30:09 --> Session: Class initialized using 'CodeIgniter\Session\Handlers\FileHandler' driver.
WARNING - 2024-08-03 15:30:09 --> Session: Sessions is enabled, and one exists. Please don't $session->start();
INFO - 2024-08-03 15:30:18 --> Session: Class initialized using 'CodeIgniter\Session\Handlers\FileHandler' driver.
WARNING - 2024-08-03 15:30:18 --> Session: Sessions is enabled, and one exists. Please don't $session->start();
INFO - 2024-08-03 15:30:46 --> Session: Class initialized using 'CodeIgniter\Session\Handlers\FileHandler' driver.
WARNING - 2024-08-03 15:30:46 --> Session: Sessions is enabled, and one exists. Please don't $session->start();
INFO - 2024-08-03 15:30:55 --> Session: Class initialized using 'CodeIgniter\Session\Handlers\FileHandler' driver.
WARNING - 2024-08-03 15:30:55 --> Session: Sessions is enabled, and one exists. Please don't $session->start();
INFO - 2024-08-03 15:30:57 --> Session: Class initialized using 'CodeIgniter\Session\Handlers\FileHandler' driver.
WARNING - 2024-08-03 15:30:57 --> Session: Sessions is enabled, and one exists. Please don't $session->start();
INFO - 2024-08-03 15:31:01 --> Session: Class initialized using 'CodeIgniter\Session\Handlers\FileHandler' driver.
WARNING - 2024-08-03 15:31:01 --> Session: Sessions is enabled, and one exists. Please don't $session->start();
INFO - 2024-08-03 15:32:01 --> Session: Class initialized using 'CodeIgniter\Session\Handlers\FileHandler' driver.
WARNING - 2024-08-03 15:32:01 --> Session: Sessions is enabled, and one exists. Please don't $session->start();
INFO - 2024-08-03 15:32:04 --> Session: Class initialized using 'CodeIgniter\Session\Handlers\FileHandler' driver.
WARNING - 2024-08-03 15:32:04 --> Session: Sessions is enabled, and one exists. Please don't $session->start();
INFO - 2024-08-03 15:32:07 --> Session: Class initialized using 'CodeIgniter\Session\Handlers\FileHandler' driver.
WARNING - 2024-08-03 15:32:07 --> Session: Sessions is enabled, and one exists. Please don't $session->start();
INFO - 2024-08-03 15:32:10 --> Session: Class initialized using 'CodeIgniter\Session\Handlers\FileHandler' driver.
WARNING - 2024-08-03 15:32:10 --> Session: Sessions is enabled, and one exists. Please don't $session->start();
INFO - 2024-08-03 15:32:40 --> Session: Class initialized using 'CodeIgniter\Session\Handlers\FileHandler' driver.
WARNING - 2024-08-03 15:32:40 --> Session: Sessions is enabled, and one exists. Please don't $session->start();
INFO - 2024-08-03 15:32:41 --> Session: Class initialized using 'CodeIgniter\Session\Handlers\FileHandler' driver.
WARNING - 2024-08-03 15:32:41 --> Session: Sessions is enabled, and one exists. Please don't $session->start();
INFO - 2024-08-03 15:32:59 --> Session: Class initialized using 'CodeIgniter\Session\Handlers\FileHandler' driver.
WARNING - 2024-08-03 15:32:59 --> Session: Sessions is enabled, and one exists. Please don't $session->start();
INFO - 2024-08-03 15:32:59 --> Session: Class initialized using 'CodeIgniter\Session\Handlers\FileHandler' driver.
WARNING - 2024-08-03 15:32:59 --> Session: Sessions is enabled, and one exists. Please don't $session->start();
INFO - 2024-08-03 15:33:07 --> Session: Class initialized using 'CodeIgniter\Session\Handlers\FileHandler' driver.
WARNING - 2024-08-03 15:33:07 --> Session: Sessions is enabled, and one exists. Please don't $session->start();
INFO - 2024-08-03 15:33:07 --> Session: Class initialized using 'CodeIgniter\Session\Handlers\FileHandler' driver.
WARNING - 2024-08-03 15:33:07 --> Session: Sessions is enabled, and one exists. Please don't $session->start();
INFO - 2024-08-03 15:34:18 --> Session: Class initialized using 'CodeIgniter\Session\Handlers\FileHandler' driver.
WARNING - 2024-08-03 15:34:18 --> Session: Sessions is enabled, and one exists. Please don't $session->start();
INFO - 2024-08-03 15:34:26 --> Session: Class initialized using 'CodeIgniter\Session\Handlers\FileHandler' driver.
WARNING - 2024-08-03 15:34:26 --> Session: Sessions is enabled, and one exists. Please don't $session->start();
INFO - 2024-08-03 15:34:45 --> Session: Class initialized using 'CodeIgniter\Session\Handlers\FileHandler' driver.
WARNING - 2024-08-03 15:34:45 --> Session: Sessions is enabled, and one exists. Please don't $session->start();
INFO - 2024-08-03 15:34:45 --> Session: Class initialized using 'CodeIgniter\Session\Handlers\FileHandler' driver.
WARNING - 2024-08-03 15:34:45 --> Session: Sessions is enabled, and one exists. Please don't $session->start();
INFO - 2024-08-03 15:34:52 --> Session: Class initialized using 'CodeIgniter\Session\Handlers\FileHandler' driver.
WARNING - 2024-08-03 15:34:52 --> Session: Sessions is enabled, and one exists. Please don't $session->start();
INFO - 2024-08-03 15:34:52 --> Session: Class initialized using 'CodeIgniter\Session\Handlers\FileHandler' driver.
WARNING - 2024-08-03 15:34:52 --> Session: Sessions is enabled, and one exists. Please don't $session->start();
INFO - 2024-08-03 15:34:58 --> Session: Class initialized using 'CodeIgniter\Session\Handlers\FileHandler' driver.
WARNING - 2024-08-03 15:34:58 --> Session: Sessions is enabled, and one exists. Please don't $session->start();
INFO - 2024-08-03 15:35:24 --> Session: Class initialized using 'CodeIgniter\Session\Handlers\FileHandler' driver.
WARNING - 2024-08-03 15:35:24 --> Session: Sessions is enabled, and one exists. Please don't $session->start();
INFO - 2024-08-03 15:35:34 --> Session: Class initialized using 'CodeIgniter\Session\Handlers\FileHandler' driver.
WARNING - 2024-08-03 15:35:34 --> Session: Sessions is enabled, and one exists. Please don't $session->start();
INFO - 2024-08-03 15:35:50 --> Session: Class initialized using 'CodeIgniter\Session\Handlers\FileHandler' driver.
WARNING - 2024-08-03 15:35:50 --> Session: Sessions is enabled, and one exists. Please don't $session->start();
INFO - 2024-08-03 15:36:24 --> Session: Class initialized using 'CodeIgniter\Session\Handlers\FileHandler' driver.
WARNING - 2024-08-03 15:36:24 --> Session: Sessions is enabled, and one exists. Please don't $session->start();
INFO - 2024-08-03 15:36:26 --> Session: Class initialized using 'CodeIgniter\Session\Handlers\FileHandler' driver.
WARNING - 2024-08-03 15:36:26 --> Session: Sessions is enabled, and one exists. Please don't $session->start();
INFO - 2024-08-03 15:36:31 --> Session: Class initialized using 'CodeIgniter\Session\Handlers\FileHandler' driver.
WARNING - 2024-08-03 15:36:31 --> Session: Sessions is enabled, and one exists. Please don't $session->start();
INFO - 2024-08-03 15:36:46 --> Session: Class initialized using 'CodeIgniter\Session\Handlers\FileHandler' driver.
WARNING - 2024-08-03 15:36:46 --> Session: Sessions is enabled, and one exists. Please don't $session->start();
INFO - 2024-08-03 15:36:47 --> Session: Class initialized using 'CodeIgniter\Session\Handlers\FileHandler' driver.
WARNING - 2024-08-03 15:36:47 --> Session: Sessions is enabled, and one exists. Please don't $session->start();
INFO - 2024-08-03 15:36:57 --> Session: Class initialized using 'CodeIgniter\Session\Handlers\FileHandler' driver.
WARNING - 2024-08-03 15:36:57 --> Session: Sessions is enabled, and one exists. Please don't $session->start();
INFO - 2024-08-03 15:37:02 --> Session: Class initialized using 'CodeIgniter\Session\Handlers\FileHandler' driver.
WARNING - 2024-08-03 15:37:02 --> Session: Sessions is enabled, and one exists. Please don't $session->start();
INFO - 2024-08-03 15:37:02 --> Session: Class initialized using 'CodeIgniter\Session\Handlers\FileHandler' driver.
WARNING - 2024-08-03 15:37:02 --> Session: Sessions is enabled, and one exists. Please don't $session->start();
INFO - 2024-08-03 15:38:12 --> Session: Class initialized using 'CodeIgniter\Session\Handlers\FileHandler' driver.
WARNING - 2024-08-03 15:38:12 --> Session: Sessions is enabled, and one exists. Please don't $session->start();
INFO - 2024-08-03 15:38:15 --> Session: Class initialized using 'CodeIgniter\Session\Handlers\FileHandler' driver.
WARNING - 2024-08-03 15:38:15 --> Session: Sessions is enabled, and one exists. Please don't $session->start();
INFO - 2024-08-03 15:38:54 --> Session: Class initialized using 'CodeIgniter\Session\Handlers\FileHandler' driver.
WARNING - 2024-08-03 15:38:54 --> Session: Sessions is enabled, and one exists. Please don't $session->start();
INFO - 2024-08-03 15:38:56 --> Session: Class initialized using 'CodeIgniter\Session\Handlers\FileHandler' driver.
WARNING - 2024-08-03 15:38:56 --> Session: Sessions is enabled, and one exists. Please don't $session->start();
INFO - 2024-08-03 15:39:05 --> Session: Class initialized using 'CodeIgniter\Session\Handlers\FileHandler' driver.
WARNING - 2024-08-03 15:39:05 --> Session: Sessions is enabled, and one exists. Please don't $session->start();
INFO - 2024-08-03 15:39:43 --> Session: Class initialized using 'CodeIgniter\Session\Handlers\FileHandler' driver.
WARNING - 2024-08-03 15:39:43 --> Session: Sessions is enabled, and one exists. Please don't $session->start();
INFO - 2024-08-03 15:39:43 --> Session: Class initialized using 'CodeIgniter\Session\Handlers\FileHandler' driver.
WARNING - 2024-08-03 15:39:43 --> Session: Sessions is enabled, and one exists. Please don't $session->start();
INFO - 2024-08-03 15:40:25 --> Session: Class initialized using 'CodeIgniter\Session\Handlers\FileHandler' driver.
WARNING - 2024-08-03 15:40:25 --> Session: Sessions is enabled, and one exists. Please don't $session->start();
INFO - 2024-08-03 15:40:28 --> Session: Class initialized using 'CodeIgniter\Session\Handlers\FileHandler' driver.
WARNING - 2024-08-03 15:40:28 --> Session: Sessions is enabled, and one exists. Please don't $session->start();
INFO - 2024-08-03 15:42:23 --> Session: Class initialized using 'CodeIgniter\Session\Handlers\FileHandler' driver.
WARNING - 2024-08-03 15:42:23 --> Session: Sessions is enabled, and one exists. Please don't $session->start();
INFO - 2024-08-03 15:42:23 --> Session: Class initialized using 'CodeIgniter\Session\Handlers\FileHandler' driver.
WARNING - 2024-08-03 15:42:23 --> Session: Sessions is enabled, and one exists. Please don't $session->start();
INFO - 2024-08-03 15:44:51 --> Session: Class initialized using 'CodeIgniter\Session\Handlers\FileHandler' driver.
WARNING - 2024-08-03 15:44:51 --> Session: Sessions is enabled, and one exists. Please don't $session->start();
INFO - 2024-08-03 15:45:10 --> Session: Class initialized using 'CodeIgniter\Session\Handlers\FileHandler' driver.
WARNING - 2024-08-03 15:45:10 --> Session: Sessions is enabled, and one exists. Please don't $session->start();
INFO - 2024-08-03 15:45:40 --> Session: Class initialized using 'CodeIgniter\Session\Handlers\FileHandler' driver.
WARNING - 2024-08-03 15:45:40 --> Session: Sessions is enabled, and one exists. Please don't $session->start();
INFO - 2024-08-03 15:45:50 --> Session: Class initialized using 'CodeIgniter\Session\Handlers\FileHandler' driver.
WARNING - 2024-08-03 15:45:50 --> Session: Sessions is enabled, and one exists. Please don't $session->start();
INFO - 2024-08-03 15:45:51 --> Session: Class initialized using 'CodeIgniter\Session\Handlers\FileHandler' driver.
WARNING - 2024-08-03 15:45:51 --> Session: Sessions is enabled, and one exists. Please don't $session->start();
INFO - 2024-08-03 15:45:55 --> Session: Class initialized using 'CodeIgniter\Session\Handlers\FileHandler' driver.
WARNING - 2024-08-03 15:45:55 --> Session: Sessions is enabled, and one exists. Please don't $session->start();
INFO - 2024-08-03 15:46:03 --> Session: Class initialized using 'CodeIgniter\Session\Handlers\FileHandler' driver.
WARNING - 2024-08-03 15:46:03 --> Session: Sessions is enabled, and one exists. Please don't $session->start();
INFO - 2024-08-03 15:46:11 --> Session: Class initialized using 'CodeIgniter\Session\Handlers\FileHandler' driver.
WARNING - 2024-08-03 15:46:11 --> Session: Sessions is enabled, and one exists. Please don't $session->start();
INFO - 2024-08-03 15:46:24 --> Session: Class initialized using 'CodeIgniter\Session\Handlers\FileHandler' driver.
WARNING - 2024-08-03 15:46:24 --> Session: Sessions is enabled, and one exists. Please don't $session->start();
INFO - 2024-08-03 15:46:52 --> Session: Class initialized using 'CodeIgniter\Session\Handlers\FileHandler' driver.
WARNING - 2024-08-03 15:46:52 --> Session: Sessions is enabled, and one exists. Please don't $session->start();
INFO - 2024-08-03 15:46:56 --> Session: Class initialized using 'CodeIgniter\Session\Handlers\FileHandler' driver.
WARNING - 2024-08-03 15:46:56 --> Session: Sessions is enabled, and one exists. Please don't $session->start();
INFO - 2024-08-03 15:46:59 --> Session: Class initialized using 'CodeIgniter\Session\Handlers\FileHandler' driver.
WARNING - 2024-08-03 15:46:59 --> Session: Sessions is enabled, and one exists. Please don't $session->start();
INFO - 2024-08-03 15:48:50 --> Session: Class initialized using 'CodeIgniter\Session\Handlers\FileHandler' driver.
WARNING - 2024-08-03 15:48:50 --> Session: Sessions is enabled, and one exists. Please don't $session->start();
