INFO - 2025-04-04 08:11:44 --> Session: Class initialized using 'CodeIgniter\Session\Handlers\FileHandler' driver.
WARNING - 2025-04-04 08:11:44 --> Session: Sessions is enabled, and one exists. Please don't $session->start();
INFO - 2025-04-04 08:21:28 --> Session: Class initialized using 'CodeIgniter\Session\Handlers\FileHandler' driver.
WARNING - 2025-04-04 08:21:28 --> Session: Sessions is enabled, and one exists. Please don't $session->start();
INFO - 2025-04-04 08:21:33 --> Session: Class initialized using 'CodeIgniter\Session\Handlers\FileHandler' driver.
WARNING - 2025-04-04 08:21:33 --> Session: Sessions is enabled, and one exists. Please don't $session->start();
INFO - 2025-04-04 08:21:42 --> Session: Class initialized using 'CodeIgniter\Session\Handlers\FileHandler' driver.
WARNING - 2025-04-04 08:21:42 --> Session: Sessions is enabled, and one exists. Please don't $session->start();
INFO - 2025-04-04 08:21:51 --> Session: Class initialized using 'CodeIgniter\Session\Handlers\FileHandler' driver.
WARNING - 2025-04-04 08:21:51 --> Session: Sessions is enabled, and one exists. Please don't $session->start();
INFO - 2025-04-04 08:22:29 --> Session: Class initialized using 'CodeIgniter\Session\Handlers\FileHandler' driver.
WARNING - 2025-04-04 08:22:29 --> Session: Sessions is enabled, and one exists. Please don't $session->start();
INFO - 2025-04-04 08:22:43 --> Session: Class initialized using 'CodeIgniter\Session\Handlers\FileHandler' driver.
WARNING - 2025-04-04 08:22:43 --> Session: Sessions is enabled, and one exists. Please don't $session->start();
INFO - 2025-04-04 08:23:03 --> Session: Class initialized using 'CodeIgniter\Session\Handlers\FileHandler' driver.
WARNING - 2025-04-04 08:23:03 --> Session: Sessions is enabled, and one exists. Please don't $session->start();
INFO - 2025-04-04 08:25:43 --> Session: Class initialized using 'CodeIgniter\Session\Handlers\FileHandler' driver.
WARNING - 2025-04-04 08:25:43 --> Session: Sessions is enabled, and one exists. Please don't $session->start();
INFO - 2025-04-04 08:25:47 --> Session: Class initialized using 'CodeIgniter\Session\Handlers\FileHandler' driver.
WARNING - 2025-04-04 08:25:47 --> Session: Sessions is enabled, and one exists. Please don't $session->start();
INFO - 2025-04-04 08:26:04 --> Session: Class initialized using 'CodeIgniter\Session\Handlers\FileHandler' driver.
INFO - 2025-04-04 08:26:04 --> Session: Class initialized using 'CodeIgniter\Session\Handlers\FileHandler' driver.
WARNING - 2025-04-04 08:26:05 --> Session: Sessions is enabled, and one exists. Please don't $session->start();
INFO - 2025-04-04 08:26:15 --> Session: Class initialized using 'CodeIgniter\Session\Handlers\FileHandler' driver.
WARNING - 2025-04-04 08:26:15 --> Session: Sessions is enabled, and one exists. Please don't $session->start();
INFO - 2025-04-04 08:26:15 --> Session: Class initialized using 'CodeIgniter\Session\Handlers\FileHandler' driver.
WARNING - 2025-04-04 08:26:15 --> Session: Sessions is enabled, and one exists. Please don't $session->start();
INFO - 2025-04-04 08:26:44 --> Session: Class initialized using 'CodeIgniter\Session\Handlers\FileHandler' driver.
WARNING - 2025-04-04 08:26:44 --> Session: Sessions is enabled, and one exists. Please don't $session->start();
INFO - 2025-04-04 08:26:53 --> Session: Class initialized using 'CodeIgniter\Session\Handlers\FileHandler' driver.
WARNING - 2025-04-04 08:26:53 --> Session: Sessions is enabled, and one exists. Please don't $session->start();
INFO - 2025-04-04 08:26:59 --> Session: Class initialized using 'CodeIgniter\Session\Handlers\FileHandler' driver.
WARNING - 2025-04-04 08:26:59 --> Session: Sessions is enabled, and one exists. Please don't $session->start();
INFO - 2025-04-04 08:27:02 --> Session: Class initialized using 'CodeIgniter\Session\Handlers\FileHandler' driver.
WARNING - 2025-04-04 08:27:02 --> Session: Sessions is enabled, and one exists. Please don't $session->start();
INFO - 2025-04-04 08:28:25 --> Session: Class initialized using 'CodeIgniter\Session\Handlers\FileHandler' driver.
WARNING - 2025-04-04 08:28:25 --> Session: Sessions is enabled, and one exists. Please don't $session->start();
INFO - 2025-04-04 08:31:33 --> Session: Class initialized using 'CodeIgniter\Session\Handlers\FileHandler' driver.
WARNING - 2025-04-04 08:31:33 --> Session: Sessions is enabled, and one exists. Please don't $session->start();
INFO - 2025-04-04 08:31:37 --> Session: Class initialized using 'CodeIgniter\Session\Handlers\FileHandler' driver.
WARNING - 2025-04-04 08:31:37 --> Session: Sessions is enabled, and one exists. Please don't $session->start();
INFO - 2025-04-04 08:38:36 --> Session: Class initialized using 'CodeIgniter\Session\Handlers\FileHandler' driver.
WARNING - 2025-04-04 08:38:36 --> Session: Sessions is enabled, and one exists. Please don't $session->start();
INFO - 2025-04-04 08:38:40 --> Session: Class initialized using 'CodeIgniter\Session\Handlers\FileHandler' driver.
WARNING - 2025-04-04 08:38:40 --> Session: Sessions is enabled, and one exists. Please don't $session->start();
CRITICAL - 2025-04-04 08:38:40 --> CodeIgniter\View\Exceptions\ViewException: Invalid file: "admin/banner.php"
[Method: GET, Route: admin/banner]
in SYSTEMPATH\Exceptions\FrameworkException.php on line 41.
 1 SYSTEMPATH\View\View.php(222): CodeIgniter\Exceptions\FrameworkException::forInvalidFile('admin/banner.php')
 2 SYSTEMPATH\Common.php(1171): CodeIgniter\View\View->render('admin/banner', [], true)
 3 APPPATH\Controllers\Admin.php(1093): view('admin/banner', [...])
 4 SYSTEMPATH\CodeIgniter.php(933): App\Controllers\Admin->viewBanner()
 5 SYSTEMPATH\CodeIgniter.php(509): CodeIgniter\CodeIgniter->runController(Object(App\Controllers\Admin))
 6 SYSTEMPATH\CodeIgniter.php(355): CodeIgniter\CodeIgniter->handleRequest(null, Object(Config\Cache), false)
 7 SYSTEMPATH\Boot.php(312): CodeIgniter\CodeIgniter->run()
 8 SYSTEMPATH\Boot.php(67): CodeIgniter\Boot::runCodeIgniter(Object(CodeIgniter\CodeIgniter))
 9 FCPATH\index.php(56): CodeIgniter\Boot::bootWeb(Object(Config\Paths))
10 SYSTEMPATH\Commands\Server\rewrite.php(49): require_once('D:\\Project\\dlbeauty\\public\\index.php')
INFO - 2025-04-04 08:39:09 --> Session: Class initialized using 'CodeIgniter\Session\Handlers\FileHandler' driver.
WARNING - 2025-04-04 08:39:09 --> Session: Sessions is enabled, and one exists. Please don't $session->start();
CRITICAL - 2025-04-04 08:39:09 --> CodeIgniter\View\Exceptions\ViewException: Invalid file: "admin/banner/.php"
[Method: GET, Route: admin/banner]
in SYSTEMPATH\Exceptions\FrameworkException.php on line 41.
 1 SYSTEMPATH\View\View.php(222): CodeIgniter\Exceptions\FrameworkException::forInvalidFile('admin/banner/.php')
 2 SYSTEMPATH\Common.php(1171): CodeIgniter\View\View->render('admin/banner/', [], true)
 3 APPPATH\Controllers\Admin.php(1093): view('admin/banner/', [...])
 4 SYSTEMPATH\CodeIgniter.php(933): App\Controllers\Admin->viewBanner()
 5 SYSTEMPATH\CodeIgniter.php(509): CodeIgniter\CodeIgniter->runController(Object(App\Controllers\Admin))
 6 SYSTEMPATH\CodeIgniter.php(355): CodeIgniter\CodeIgniter->handleRequest(null, Object(Config\Cache), false)
 7 SYSTEMPATH\Boot.php(312): CodeIgniter\CodeIgniter->run()
 8 SYSTEMPATH\Boot.php(67): CodeIgniter\Boot::runCodeIgniter(Object(CodeIgniter\CodeIgniter))
 9 FCPATH\index.php(56): CodeIgniter\Boot::bootWeb(Object(Config\Paths))
10 SYSTEMPATH\Commands\Server\rewrite.php(49): require_once('D:\\Project\\dlbeauty\\public\\index.php')
INFO - 2025-04-04 08:39:13 --> Session: Class initialized using 'CodeIgniter\Session\Handlers\FileHandler' driver.
WARNING - 2025-04-04 08:39:13 --> Session: Sessions is enabled, and one exists. Please don't $session->start();
INFO - 2025-04-04 08:39:45 --> Session: Class initialized using 'CodeIgniter\Session\Handlers\FileHandler' driver.
WARNING - 2025-04-04 08:39:45 --> Session: Sessions is enabled, and one exists. Please don't $session->start();
CRITICAL - 2025-04-04 08:39:45 --> ErrorException: Array to string conversion
[Method: GET, Route: admin/banner]
in APPPATH\Views\admin\banner\index.php on line 13.
 1 APPPATH\Views\admin\banner\index.php(13): CodeIgniter\Debug\Exceptions->errorHandler(2, 'Array to string conversion', 'D:\\Project\\dlbeauty\\app\\Views\\admin\\banner\\index.php', 13)
 2 SYSTEMPATH\View\View.php(234): include('D:\\Project\\dlbeauty\\app\\Views\\admin\\banner\\index.php')
 3 SYSTEMPATH\View\View.php(237): CodeIgniter\View\View->CodeIgniter\View\{closure}()
 4 SYSTEMPATH\Common.php(1171): CodeIgniter\View\View->render('admin/banner/index', [], true)
 5 APPPATH\Controllers\Admin.php(1093): view('admin/banner/index', [...])
 6 SYSTEMPATH\CodeIgniter.php(933): App\Controllers\Admin->viewBanner()
 7 SYSTEMPATH\CodeIgniter.php(509): CodeIgniter\CodeIgniter->runController(Object(App\Controllers\Admin))
 8 SYSTEMPATH\CodeIgniter.php(355): CodeIgniter\CodeIgniter->handleRequest(null, Object(Config\Cache), false)
 9 SYSTEMPATH\Boot.php(312): CodeIgniter\CodeIgniter->run()
10 SYSTEMPATH\Boot.php(67): CodeIgniter\Boot::runCodeIgniter(Object(CodeIgniter\CodeIgniter))
11 FCPATH\index.php(56): CodeIgniter\Boot::bootWeb(Object(Config\Paths))
12 SYSTEMPATH\Commands\Server\rewrite.php(49): require_once('D:\\Project\\dlbeauty\\public\\index.php')
INFO - 2025-04-04 08:39:57 --> Session: Class initialized using 'CodeIgniter\Session\Handlers\FileHandler' driver.
WARNING - 2025-04-04 08:39:57 --> Session: Sessions is enabled, and one exists. Please don't $session->start();
INFO - 2025-04-04 08:46:03 --> Session: Class initialized using 'CodeIgniter\Session\Handlers\FileHandler' driver.
WARNING - 2025-04-04 08:46:03 --> Session: Sessions is enabled, and one exists. Please don't $session->start();
CRITICAL - 2025-04-04 08:46:03 --> Error: Cannot use object of type stdClass as array
[Method: GET, Route: admin/banner]
in APPPATH\Views\admin\banner\index.php on line 24.
 1 SYSTEMPATH\View\View.php(234): include()
 2 SYSTEMPATH\View\View.php(237): CodeIgniter\View\View->CodeIgniter\View\{closure}()
 3 SYSTEMPATH\Common.php(1171): CodeIgniter\View\View->render('admin/banner/index', [], true)
 4 APPPATH\Controllers\Admin.php(1093): view('admin/banner/index', [...])
 5 SYSTEMPATH\CodeIgniter.php(933): App\Controllers\Admin->viewBanner()
 6 SYSTEMPATH\CodeIgniter.php(509): CodeIgniter\CodeIgniter->runController(Object(App\Controllers\Admin))
 7 SYSTEMPATH\CodeIgniter.php(355): CodeIgniter\CodeIgniter->handleRequest(null, Object(Config\Cache), false)
 8 SYSTEMPATH\Boot.php(312): CodeIgniter\CodeIgniter->run()
 9 SYSTEMPATH\Boot.php(67): CodeIgniter\Boot::runCodeIgniter(Object(CodeIgniter\CodeIgniter))
10 FCPATH\index.php(56): CodeIgniter\Boot::bootWeb(Object(Config\Paths))
11 SYSTEMPATH\Commands\Server\rewrite.php(49): require_once('D:\\Project\\dlbeauty\\public\\index.php')
INFO - 2025-04-04 08:48:13 --> Session: Class initialized using 'CodeIgniter\Session\Handlers\FileHandler' driver.
WARNING - 2025-04-04 08:48:13 --> Session: Sessions is enabled, and one exists. Please don't $session->start();
CRITICAL - 2025-04-04 08:48:13 --> ErrorException: Undefined variable $dokter
[Method: GET, Route: admin/banner]
in APPPATH\Views\admin\banner\index.php on line 29.
 1 APPPATH\Views\admin\banner\index.php(29): CodeIgniter\Debug\Exceptions->errorHandler(2, 'Undefined variable $dokter', 'D:\\Project\\dlbeauty\\app\\Views\\admin\\banner\\index.php', 29)
 2 SYSTEMPATH\View\View.php(234): include('D:\\Project\\dlbeauty\\app\\Views\\admin\\banner\\index.php')
 3 SYSTEMPATH\View\View.php(237): CodeIgniter\View\View->CodeIgniter\View\{closure}()
 4 SYSTEMPATH\Common.php(1171): CodeIgniter\View\View->render('admin/banner/index', [], true)
 5 APPPATH\Controllers\Admin.php(1093): view('admin/banner/index', [...])
 6 SYSTEMPATH\CodeIgniter.php(933): App\Controllers\Admin->viewBanner()
 7 SYSTEMPATH\CodeIgniter.php(509): CodeIgniter\CodeIgniter->runController(Object(App\Controllers\Admin))
 8 SYSTEMPATH\CodeIgniter.php(355): CodeIgniter\CodeIgniter->handleRequest(null, Object(Config\Cache), false)
 9 SYSTEMPATH\Boot.php(312): CodeIgniter\CodeIgniter->run()
10 SYSTEMPATH\Boot.php(67): CodeIgniter\Boot::runCodeIgniter(Object(CodeIgniter\CodeIgniter))
11 FCPATH\index.php(56): CodeIgniter\Boot::bootWeb(Object(Config\Paths))
12 SYSTEMPATH\Commands\Server\rewrite.php(49): require_once('D:\\Project\\dlbeauty\\public\\index.php')
INFO - 2025-04-04 08:48:45 --> Session: Class initialized using 'CodeIgniter\Session\Handlers\FileHandler' driver.
WARNING - 2025-04-04 08:48:45 --> Session: Sessions is enabled, and one exists. Please don't $session->start();
INFO - 2025-04-04 08:48:54 --> Session: Class initialized using 'CodeIgniter\Session\Handlers\FileHandler' driver.
WARNING - 2025-04-04 08:48:54 --> Session: Sessions is enabled, and one exists. Please don't $session->start();
INFO - 2025-04-04 08:48:57 --> Session: Class initialized using 'CodeIgniter\Session\Handlers\FileHandler' driver.
WARNING - 2025-04-04 08:48:57 --> Session: Sessions is enabled, and one exists. Please don't $session->start();
INFO - 2025-04-04 08:49:20 --> Session: Class initialized using 'CodeIgniter\Session\Handlers\FileHandler' driver.
WARNING - 2025-04-04 08:49:20 --> Session: Sessions is enabled, and one exists. Please don't $session->start();
INFO - 2025-04-04 08:50:08 --> Session: Class initialized using 'CodeIgniter\Session\Handlers\FileHandler' driver.
WARNING - 2025-04-04 08:50:08 --> Session: Sessions is enabled, and one exists. Please don't $session->start();
INFO - 2025-04-04 08:50:24 --> Session: Class initialized using 'CodeIgniter\Session\Handlers\FileHandler' driver.
WARNING - 2025-04-04 08:50:24 --> Session: Sessions is enabled, and one exists. Please don't $session->start();
INFO - 2025-04-04 08:52:40 --> Session: Class initialized using 'CodeIgniter\Session\Handlers\FileHandler' driver.
WARNING - 2025-04-04 08:52:40 --> Session: Sessions is enabled, and one exists. Please don't $session->start();
INFO - 2025-04-04 09:10:15 --> Session: Class initialized using 'CodeIgniter\Session\Handlers\FileHandler' driver.
WARNING - 2025-04-04 09:10:15 --> Session: Sessions is enabled, and one exists. Please don't $session->start();
INFO - 2025-04-04 09:10:17 --> Session: Class initialized using 'CodeIgniter\Session\Handlers\FileHandler' driver.
WARNING - 2025-04-04 09:10:17 --> Session: Sessions is enabled, and one exists. Please don't $session->start();
INFO - 2025-04-04 09:11:07 --> Session: Class initialized using 'CodeIgniter\Session\Handlers\FileHandler' driver.
WARNING - 2025-04-04 09:11:07 --> Session: Sessions is enabled, and one exists. Please don't $session->start();
INFO - 2025-04-04 09:11:49 --> Session: Class initialized using 'CodeIgniter\Session\Handlers\FileHandler' driver.
WARNING - 2025-04-04 09:11:49 --> Session: Sessions is enabled, and one exists. Please don't $session->start();
INFO - 2025-04-04 09:12:37 --> Session: Class initialized using 'CodeIgniter\Session\Handlers\FileHandler' driver.
WARNING - 2025-04-04 09:12:37 --> Session: Sessions is enabled, and one exists. Please don't $session->start();
INFO - 2025-04-04 09:13:38 --> Session: Class initialized using 'CodeIgniter\Session\Handlers\FileHandler' driver.
WARNING - 2025-04-04 09:13:38 --> Session: Sessions is enabled, and one exists. Please don't $session->start();
INFO - 2025-04-04 09:14:32 --> Session: Class initialized using 'CodeIgniter\Session\Handlers\FileHandler' driver.
WARNING - 2025-04-04 09:14:32 --> Session: Sessions is enabled, and one exists. Please don't $session->start();
INFO - 2025-04-04 09:15:15 --> Session: Class initialized using 'CodeIgniter\Session\Handlers\FileHandler' driver.
WARNING - 2025-04-04 09:15:15 --> Session: Sessions is enabled, and one exists. Please don't $session->start();
INFO - 2025-04-04 09:16:08 --> Session: Class initialized using 'CodeIgniter\Session\Handlers\FileHandler' driver.
WARNING - 2025-04-04 09:16:08 --> Session: Sessions is enabled, and one exists. Please don't $session->start();
INFO - 2025-04-04 09:17:42 --> Session: Class initialized using 'CodeIgniter\Session\Handlers\FileHandler' driver.
WARNING - 2025-04-04 09:17:42 --> Session: Sessions is enabled, and one exists. Please don't $session->start();
INFO - 2025-04-04 09:18:40 --> Session: Class initialized using 'CodeIgniter\Session\Handlers\FileHandler' driver.
WARNING - 2025-04-04 09:18:40 --> Session: Sessions is enabled, and one exists. Please don't $session->start();
INFO - 2025-04-04 09:19:53 --> Session: Class initialized using 'CodeIgniter\Session\Handlers\FileHandler' driver.
WARNING - 2025-04-04 09:19:53 --> Session: Sessions is enabled, and one exists. Please don't $session->start();
INFO - 2025-04-04 09:26:53 --> Session: Class initialized using 'CodeIgniter\Session\Handlers\FileHandler' driver.
WARNING - 2025-04-04 09:26:53 --> Session: Sessions is enabled, and one exists. Please don't $session->start();
INFO - 2025-04-04 09:29:28 --> Session: Class initialized using 'CodeIgniter\Session\Handlers\FileHandler' driver.
WARNING - 2025-04-04 09:29:28 --> Session: Sessions is enabled, and one exists. Please don't $session->start();
INFO - 2025-04-04 09:29:31 --> Session: Class initialized using 'CodeIgniter\Session\Handlers\FileHandler' driver.
WARNING - 2025-04-04 09:29:31 --> Session: Sessions is enabled, and one exists. Please don't $session->start();
INFO - 2025-04-04 09:29:51 --> Session: Class initialized using 'CodeIgniter\Session\Handlers\FileHandler' driver.
WARNING - 2025-04-04 09:29:51 --> Session: Sessions is enabled, and one exists. Please don't $session->start();
INFO - 2025-04-04 09:32:53 --> Session: Class initialized using 'CodeIgniter\Session\Handlers\FileHandler' driver.
WARNING - 2025-04-04 09:32:53 --> Session: Sessions is enabled, and one exists. Please don't $session->start();
INFO - 2025-04-04 09:35:34 --> Session: Class initialized using 'CodeIgniter\Session\Handlers\FileHandler' driver.
WARNING - 2025-04-04 09:35:34 --> Session: Sessions is enabled, and one exists. Please don't $session->start();
INFO - 2025-04-04 09:35:44 --> Session: Class initialized using 'CodeIgniter\Session\Handlers\FileHandler' driver.
WARNING - 2025-04-04 09:35:44 --> Session: Sessions is enabled, and one exists. Please don't $session->start();
INFO - 2025-04-04 09:35:47 --> Session: Class initialized using 'CodeIgniter\Session\Handlers\FileHandler' driver.
WARNING - 2025-04-04 09:35:47 --> Session: Sessions is enabled, and one exists. Please don't $session->start();
INFO - 2025-04-04 09:37:29 --> Session: Class initialized using 'CodeIgniter\Session\Handlers\FileHandler' driver.
WARNING - 2025-04-04 09:37:29 --> Session: Sessions is enabled, and one exists. Please don't $session->start();
INFO - 2025-04-04 09:38:21 --> Session: Class initialized using 'CodeIgniter\Session\Handlers\FileHandler' driver.
WARNING - 2025-04-04 09:38:21 --> Session: Sessions is enabled, and one exists. Please don't $session->start();
INFO - 2025-04-04 09:38:35 --> Session: Class initialized using 'CodeIgniter\Session\Handlers\FileHandler' driver.
WARNING - 2025-04-04 09:38:35 --> Session: Sessions is enabled, and one exists. Please don't $session->start();
INFO - 2025-04-04 09:38:42 --> Session: Class initialized using 'CodeIgniter\Session\Handlers\FileHandler' driver.
WARNING - 2025-04-04 09:38:42 --> Session: Sessions is enabled, and one exists. Please don't $session->start();
INFO - 2025-04-04 09:38:44 --> Session: Class initialized using 'CodeIgniter\Session\Handlers\FileHandler' driver.
WARNING - 2025-04-04 09:38:44 --> Session: Sessions is enabled, and one exists. Please don't $session->start();
INFO - 2025-04-04 09:39:17 --> Session: Class initialized using 'CodeIgniter\Session\Handlers\FileHandler' driver.
WARNING - 2025-04-04 09:39:17 --> Session: Sessions is enabled, and one exists. Please don't $session->start();
INFO - 2025-04-04 09:40:35 --> Session: Class initialized using 'CodeIgniter\Session\Handlers\FileHandler' driver.
WARNING - 2025-04-04 09:40:35 --> Session: Sessions is enabled, and one exists. Please don't $session->start();
INFO - 2025-04-04 09:41:43 --> Session: Class initialized using 'CodeIgniter\Session\Handlers\FileHandler' driver.
WARNING - 2025-04-04 09:41:43 --> Session: Sessions is enabled, and one exists. Please don't $session->start();
INFO - 2025-04-04 10:02:07 --> Session: Class initialized using 'CodeIgniter\Session\Handlers\FileHandler' driver.
WARNING - 2025-04-04 10:02:07 --> Session: Sessions is enabled, and one exists. Please don't $session->start();
INFO - 2025-04-04 10:06:44 --> Session: Class initialized using 'CodeIgniter\Session\Handlers\FileHandler' driver.
WARNING - 2025-04-04 10:06:44 --> Session: Sessions is enabled, and one exists. Please don't $session->start();
INFO - 2025-04-04 10:06:51 --> Session: Class initialized using 'CodeIgniter\Session\Handlers\FileHandler' driver.
WARNING - 2025-04-04 10:06:51 --> Session: Sessions is enabled, and one exists. Please don't $session->start();
INFO - 2025-04-04 10:06:58 --> Session: Class initialized using 'CodeIgniter\Session\Handlers\FileHandler' driver.
WARNING - 2025-04-04 10:06:58 --> Session: Sessions is enabled, and one exists. Please don't $session->start();
INFO - 2025-04-04 10:07:39 --> Session: Class initialized using 'CodeIgniter\Session\Handlers\FileHandler' driver.
WARNING - 2025-04-04 10:07:39 --> Session: Sessions is enabled, and one exists. Please don't $session->start();
INFO - 2025-04-04 10:07:43 --> Session: Class initialized using 'CodeIgniter\Session\Handlers\FileHandler' driver.
WARNING - 2025-04-04 10:07:43 --> Session: Sessions is enabled, and one exists. Please don't $session->start();
INFO - 2025-04-04 10:07:47 --> Session: Class initialized using 'CodeIgniter\Session\Handlers\FileHandler' driver.
WARNING - 2025-04-04 10:07:47 --> Session: Sessions is enabled, and one exists. Please don't $session->start();
INFO - 2025-04-04 10:11:28 --> Session: Class initialized using 'CodeIgniter\Session\Handlers\FileHandler' driver.
WARNING - 2025-04-04 10:11:28 --> Session: Sessions is enabled, and one exists. Please don't $session->start();
INFO - 2025-04-04 10:11:59 --> Session: Class initialized using 'CodeIgniter\Session\Handlers\FileHandler' driver.
WARNING - 2025-04-04 10:11:59 --> Session: Sessions is enabled, and one exists. Please don't $session->start();
INFO - 2025-04-04 10:13:06 --> Session: Class initialized using 'CodeIgniter\Session\Handlers\FileHandler' driver.
WARNING - 2025-04-04 10:13:06 --> Session: Sessions is enabled, and one exists. Please don't $session->start();
INFO - 2025-04-04 10:13:37 --> Session: Class initialized using 'CodeIgniter\Session\Handlers\FileHandler' driver.
WARNING - 2025-04-04 10:13:37 --> Session: Sessions is enabled, and one exists. Please don't $session->start();
INFO - 2025-04-04 10:14:09 --> Session: Class initialized using 'CodeIgniter\Session\Handlers\FileHandler' driver.
WARNING - 2025-04-04 10:14:09 --> Session: Sessions is enabled, and one exists. Please don't $session->start();
INFO - 2025-04-04 10:15:29 --> Session: Class initialized using 'CodeIgniter\Session\Handlers\FileHandler' driver.
WARNING - 2025-04-04 10:15:29 --> Session: Sessions is enabled, and one exists. Please don't $session->start();
INFO - 2025-04-04 10:15:58 --> Session: Class initialized using 'CodeIgniter\Session\Handlers\FileHandler' driver.
WARNING - 2025-04-04 10:15:58 --> Session: Sessions is enabled, and one exists. Please don't $session->start();
INFO - 2025-04-04 10:16:30 --> Session: Class initialized using 'CodeIgniter\Session\Handlers\FileHandler' driver.
WARNING - 2025-04-04 10:16:30 --> Session: Sessions is enabled, and one exists. Please don't $session->start();
INFO - 2025-04-04 10:16:41 --> Session: Class initialized using 'CodeIgniter\Session\Handlers\FileHandler' driver.
WARNING - 2025-04-04 10:16:41 --> Session: Sessions is enabled, and one exists. Please don't $session->start();
INFO - 2025-04-04 10:16:41 --> Session: Class initialized using 'CodeIgniter\Session\Handlers\FileHandler' driver.
WARNING - 2025-04-04 10:16:41 --> Session: Sessions is enabled, and one exists. Please don't $session->start();
INFO - 2025-04-04 10:17:13 --> Session: Class initialized using 'CodeIgniter\Session\Handlers\FileHandler' driver.
WARNING - 2025-04-04 10:17:13 --> Session: Sessions is enabled, and one exists. Please don't $session->start();
INFO - 2025-04-04 10:17:14 --> Session: Class initialized using 'CodeIgniter\Session\Handlers\FileHandler' driver.
WARNING - 2025-04-04 10:17:14 --> Session: Sessions is enabled, and one exists. Please don't $session->start();
INFO - 2025-04-04 10:17:28 --> Session: Class initialized using 'CodeIgniter\Session\Handlers\FileHandler' driver.
WARNING - 2025-04-04 10:17:28 --> Session: Sessions is enabled, and one exists. Please don't $session->start();
INFO - 2025-04-04 10:17:28 --> Session: Class initialized using 'CodeIgniter\Session\Handlers\FileHandler' driver.
WARNING - 2025-04-04 10:17:28 --> Session: Sessions is enabled, and one exists. Please don't $session->start();
INFO - 2025-04-04 10:17:43 --> Session: Class initialized using 'CodeIgniter\Session\Handlers\FileHandler' driver.
WARNING - 2025-04-04 10:17:43 --> Session: Sessions is enabled, and one exists. Please don't $session->start();
INFO - 2025-04-04 10:17:44 --> Session: Class initialized using 'CodeIgniter\Session\Handlers\FileHandler' driver.
WARNING - 2025-04-04 10:17:44 --> Session: Sessions is enabled, and one exists. Please don't $session->start();
INFO - 2025-04-04 10:17:57 --> Session: Class initialized using 'CodeIgniter\Session\Handlers\FileHandler' driver.
WARNING - 2025-04-04 10:17:57 --> Session: Sessions is enabled, and one exists. Please don't $session->start();
INFO - 2025-04-04 10:17:58 --> Session: Class initialized using 'CodeIgniter\Session\Handlers\FileHandler' driver.
WARNING - 2025-04-04 10:17:58 --> Session: Sessions is enabled, and one exists. Please don't $session->start();
INFO - 2025-04-04 10:18:17 --> Session: Class initialized using 'CodeIgniter\Session\Handlers\FileHandler' driver.
WARNING - 2025-04-04 10:18:17 --> Session: Sessions is enabled, and one exists. Please don't $session->start();
INFO - 2025-04-04 10:18:18 --> Session: Class initialized using 'CodeIgniter\Session\Handlers\FileHandler' driver.
WARNING - 2025-04-04 10:18:18 --> Session: Sessions is enabled, and one exists. Please don't $session->start();
INFO - 2025-04-04 10:19:45 --> Session: Class initialized using 'CodeIgniter\Session\Handlers\FileHandler' driver.
WARNING - 2025-04-04 10:19:45 --> Session: Sessions is enabled, and one exists. Please don't $session->start();
INFO - 2025-04-04 10:20:21 --> Session: Class initialized using 'CodeIgniter\Session\Handlers\FileHandler' driver.
WARNING - 2025-04-04 10:20:21 --> Session: Sessions is enabled, and one exists. Please don't $session->start();
INFO - 2025-04-04 10:22:26 --> Session: Class initialized using 'CodeIgniter\Session\Handlers\FileHandler' driver.
WARNING - 2025-04-04 10:22:26 --> Session: Sessions is enabled, and one exists. Please don't $session->start();
INFO - 2025-04-04 10:28:33 --> Session: Class initialized using 'CodeIgniter\Session\Handlers\FileHandler' driver.
WARNING - 2025-04-04 10:28:33 --> Session: Sessions is enabled, and one exists. Please don't $session->start();
INFO - 2025-04-04 10:31:50 --> Session: Class initialized using 'CodeIgniter\Session\Handlers\FileHandler' driver.
WARNING - 2025-04-04 10:31:50 --> Session: Sessions is enabled, and one exists. Please don't $session->start();
