INFO - 2025-03-03 06:57:43 --> Session: Class initialized using 'CodeIgniter\Session\Handlers\FileHandler' driver.
WARNING - 2025-03-03 06:57:43 --> Session: Sessions is enabled, and one exists. Please don't $session->start();
INFO - 2025-03-03 06:57:51 --> Session: Class initialized using 'CodeIgniter\Session\Handlers\FileHandler' driver.
WARNING - 2025-03-03 06:57:51 --> Session: Sessions is enabled, and one exists. Please don't $session->start();
INFO - 2025-03-03 06:58:17 --> Session: Class initialized using 'CodeIgniter\Session\Handlers\FileHandler' driver.
WARNING - 2025-03-03 06:58:17 --> Session: Sessions is enabled, and one exists. Please don't $session->start();
INFO - 2025-03-03 06:59:22 --> Session: Class initialized using 'CodeIgniter\Session\Handlers\FileHandler' driver.
WARNING - 2025-03-03 06:59:22 --> Session: Sessions is enabled, and one exists. Please don't $session->start();
INFO - 2025-03-03 06:59:28 --> Session: Class initialized using 'CodeIgniter\Session\Handlers\FileHandler' driver.
WARNING - 2025-03-03 06:59:28 --> Session: Sessions is enabled, and one exists. Please don't $session->start();
INFO - 2025-03-03 07:00:44 --> Session: Class initialized using 'CodeIgniter\Session\Handlers\FileHandler' driver.
WARNING - 2025-03-03 07:00:44 --> Session: Sessions is enabled, and one exists. Please don't $session->start();
INFO - 2025-03-03 07:00:47 --> Session: Class initialized using 'CodeIgniter\Session\Handlers\FileHandler' driver.
WARNING - 2025-03-03 07:00:47 --> Session: Sessions is enabled, and one exists. Please don't $session->start();
INFO - 2025-03-03 07:00:50 --> Session: Class initialized using 'CodeIgniter\Session\Handlers\FileHandler' driver.
WARNING - 2025-03-03 07:00:50 --> Session: Sessions is enabled, and one exists. Please don't $session->start();
INFO - 2025-03-03 07:00:54 --> Session: Class initialized using 'CodeIgniter\Session\Handlers\FileHandler' driver.
WARNING - 2025-03-03 07:00:54 --> Session: Sessions is enabled, and one exists. Please don't $session->start();
INFO - 2025-03-03 07:00:59 --> Session: Class initialized using 'CodeIgniter\Session\Handlers\FileHandler' driver.
WARNING - 2025-03-03 07:00:59 --> Session: Sessions is enabled, and one exists. Please don't $session->start();
INFO - 2025-03-03 07:03:14 --> Session: Class initialized using 'CodeIgniter\Session\Handlers\FileHandler' driver.
WARNING - 2025-03-03 07:03:14 --> Session: Sessions is enabled, and one exists. Please don't $session->start();
INFO - 2025-03-03 07:03:17 --> Session: Class initialized using 'CodeIgniter\Session\Handlers\FileHandler' driver.
WARNING - 2025-03-03 07:03:17 --> Session: Sessions is enabled, and one exists. Please don't $session->start();
INFO - 2025-03-03 07:06:40 --> Session: Class initialized using 'CodeIgniter\Session\Handlers\FileHandler' driver.
WARNING - 2025-03-03 07:06:40 --> Session: Sessions is enabled, and one exists. Please don't $session->start();
INFO - 2025-03-03 07:07:37 --> Session: Class initialized using 'CodeIgniter\Session\Handlers\FileHandler' driver.
WARNING - 2025-03-03 07:07:37 --> Session: Sessions is enabled, and one exists. Please don't $session->start();
INFO - 2025-03-03 07:09:02 --> Session: Class initialized using 'CodeIgniter\Session\Handlers\FileHandler' driver.
WARNING - 2025-03-03 07:09:02 --> Session: Sessions is enabled, and one exists. Please don't $session->start();
INFO - 2025-03-03 07:09:17 --> Session: Class initialized using 'CodeIgniter\Session\Handlers\FileHandler' driver.
WARNING - 2025-03-03 07:09:17 --> Session: Sessions is enabled, and one exists. Please don't $session->start();
INFO - 2025-03-03 07:09:30 --> Session: Class initialized using 'CodeIgniter\Session\Handlers\FileHandler' driver.
WARNING - 2025-03-03 07:09:30 --> Session: Sessions is enabled, and one exists. Please don't $session->start();
INFO - 2025-03-03 07:10:12 --> Session: Class initialized using 'CodeIgniter\Session\Handlers\FileHandler' driver.
WARNING - 2025-03-03 07:10:12 --> Session: Sessions is enabled, and one exists. Please don't $session->start();
INFO - 2025-03-03 07:11:31 --> Session: Class initialized using 'CodeIgniter\Session\Handlers\FileHandler' driver.
WARNING - 2025-03-03 07:11:31 --> Session: Sessions is enabled, and one exists. Please don't $session->start();
INFO - 2025-03-03 07:12:02 --> Session: Class initialized using 'CodeIgniter\Session\Handlers\FileHandler' driver.
WARNING - 2025-03-03 07:12:02 --> Session: Sessions is enabled, and one exists. Please don't $session->start();
INFO - 2025-03-03 07:13:01 --> Session: Class initialized using 'CodeIgniter\Session\Handlers\FileHandler' driver.
WARNING - 2025-03-03 07:13:01 --> Session: Sessions is enabled, and one exists. Please don't $session->start();
INFO - 2025-03-03 07:13:38 --> Session: Class initialized using 'CodeIgniter\Session\Handlers\FileHandler' driver.
WARNING - 2025-03-03 07:13:38 --> Session: Sessions is enabled, and one exists. Please don't $session->start();
INFO - 2025-03-03 07:14:20 --> Session: Class initialized using 'CodeIgniter\Session\Handlers\FileHandler' driver.
WARNING - 2025-03-03 07:14:20 --> Session: Sessions is enabled, and one exists. Please don't $session->start();
INFO - 2025-03-03 07:14:33 --> Session: Class initialized using 'CodeIgniter\Session\Handlers\FileHandler' driver.
WARNING - 2025-03-03 07:14:33 --> Session: Sessions is enabled, and one exists. Please don't $session->start();
INFO - 2025-03-03 07:15:25 --> Session: Class initialized using 'CodeIgniter\Session\Handlers\FileHandler' driver.
WARNING - 2025-03-03 07:15:25 --> Session: Sessions is enabled, and one exists. Please don't $session->start();
INFO - 2025-03-03 07:15:30 --> Session: Class initialized using 'CodeIgniter\Session\Handlers\FileHandler' driver.
WARNING - 2025-03-03 07:15:30 --> Session: Sessions is enabled, and one exists. Please don't $session->start();
INFO - 2025-03-03 07:15:49 --> Session: Class initialized using 'CodeIgniter\Session\Handlers\FileHandler' driver.
WARNING - 2025-03-03 07:15:49 --> Session: Sessions is enabled, and one exists. Please don't $session->start();
INFO - 2025-03-03 07:15:54 --> Session: Class initialized using 'CodeIgniter\Session\Handlers\FileHandler' driver.
WARNING - 2025-03-03 07:15:54 --> Session: Sessions is enabled, and one exists. Please don't $session->start();
INFO - 2025-03-03 07:16:18 --> Session: Class initialized using 'CodeIgniter\Session\Handlers\FileHandler' driver.
WARNING - 2025-03-03 07:16:18 --> Session: Sessions is enabled, and one exists. Please don't $session->start();
INFO - 2025-03-03 07:17:04 --> Session: Class initialized using 'CodeIgniter\Session\Handlers\FileHandler' driver.
WARNING - 2025-03-03 07:17:04 --> Session: Sessions is enabled, and one exists. Please don't $session->start();
INFO - 2025-03-03 07:17:14 --> Session: Class initialized using 'CodeIgniter\Session\Handlers\FileHandler' driver.
WARNING - 2025-03-03 07:17:14 --> Session: Sessions is enabled, and one exists. Please don't $session->start();
INFO - 2025-03-03 08:36:55 --> Session: Class initialized using 'CodeIgniter\Session\Handlers\FileHandler' driver.
WARNING - 2025-03-03 08:36:55 --> Session: Sessions is enabled, and one exists. Please don't $session->start();
CRITICAL - 2025-03-03 08:36:55 --> TypeError: App\Controllers\LandingPage::index(): Return value must be of type string, none returned
[Method: GET, Route: /]
in APPPATH\Controllers\LandingPage.php on line 67.
 1 SYSTEMPATH\CodeIgniter.php(933): App\Controllers\LandingPage->index()
 2 SYSTEMPATH\CodeIgniter.php(509): CodeIgniter\CodeIgniter->runController(Object(App\Controllers\LandingPage))
 3 SYSTEMPATH\CodeIgniter.php(355): CodeIgniter\CodeIgniter->handleRequest(null, Object(Config\Cache), false)
 4 SYSTEMPATH\Boot.php(312): CodeIgniter\CodeIgniter->run()
 5 SYSTEMPATH\Boot.php(67): CodeIgniter\Boot::runCodeIgniter(Object(CodeIgniter\CodeIgniter))
 6 FCPATH\index.php(56): CodeIgniter\Boot::bootWeb(Object(Config\Paths))
 7 SYSTEMPATH\Commands\Server\rewrite.php(49): require_once('D:\\Project\\dlbeauty\\public\\index.php')
INFO - 2025-03-03 08:37:32 --> Session: Class initialized using 'CodeIgniter\Session\Handlers\FileHandler' driver.
WARNING - 2025-03-03 08:37:32 --> Session: Sessions is enabled, and one exists. Please don't $session->start();
INFO - 2025-03-03 08:38:03 --> Session: Class initialized using 'CodeIgniter\Session\Handlers\FileHandler' driver.
WARNING - 2025-03-03 08:38:03 --> Session: Sessions is enabled, and one exists. Please don't $session->start();
INFO - 2025-03-03 08:38:07 --> Session: Class initialized using 'CodeIgniter\Session\Handlers\FileHandler' driver.
WARNING - 2025-03-03 08:38:07 --> Session: Sessions is enabled, and one exists. Please don't $session->start();
INFO - 2025-03-03 08:38:38 --> Session: Class initialized using 'CodeIgniter\Session\Handlers\FileHandler' driver.
WARNING - 2025-03-03 08:38:38 --> Session: Sessions is enabled, and one exists. Please don't $session->start();
INFO - 2025-03-03 08:38:53 --> Session: Class initialized using 'CodeIgniter\Session\Handlers\FileHandler' driver.
WARNING - 2025-03-03 08:38:53 --> Session: Sessions is enabled, and one exists. Please don't $session->start();
CRITICAL - 2025-03-03 08:38:53 --> ErrorException: Undefined array key "klinik"
[Method: GET, Route: /]
in APPPATH\Controllers\LandingPage.php on line 64.
 1 APPPATH\Controllers\LandingPage.php(64): CodeIgniter\Debug\Exceptions->errorHandler(2, 'Undefined array key "klinik"', 'D:\\Project\\dlbeauty\\app\\Controllers\\LandingPage.php', 64)
 2 SYSTEMPATH\CodeIgniter.php(933): App\Controllers\LandingPage->index()
 3 SYSTEMPATH\CodeIgniter.php(509): CodeIgniter\CodeIgniter->runController(Object(App\Controllers\LandingPage))
 4 SYSTEMPATH\CodeIgniter.php(355): CodeIgniter\CodeIgniter->handleRequest(null, Object(Config\Cache), false)
 5 SYSTEMPATH\Boot.php(312): CodeIgniter\CodeIgniter->run()
 6 SYSTEMPATH\Boot.php(67): CodeIgniter\Boot::runCodeIgniter(Object(CodeIgniter\CodeIgniter))
 7 FCPATH\index.php(56): CodeIgniter\Boot::bootWeb(Object(Config\Paths))
 8 SYSTEMPATH\Commands\Server\rewrite.php(49): require_once('D:\\Project\\dlbeauty\\public\\index.php')
INFO - 2025-03-03 08:39:06 --> Session: Class initialized using 'CodeIgniter\Session\Handlers\FileHandler' driver.
WARNING - 2025-03-03 08:39:06 --> Session: Sessions is enabled, and one exists. Please don't $session->start();
CRITICAL - 2025-03-03 08:39:06 --> ErrorException: Attempt to read property "klinik" on array
[Method: GET, Route: /]
in APPPATH\Controllers\LandingPage.php on line 64.
 1 APPPATH\Controllers\LandingPage.php(64): CodeIgniter\Debug\Exceptions->errorHandler(2, 'Attempt to read property "klinik" on array', 'D:\\Project\\dlbeauty\\app\\Controllers\\LandingPage.php', 64)
 2 SYSTEMPATH\CodeIgniter.php(933): App\Controllers\LandingPage->index()
 3 SYSTEMPATH\CodeIgniter.php(509): CodeIgniter\CodeIgniter->runController(Object(App\Controllers\LandingPage))
 4 SYSTEMPATH\CodeIgniter.php(355): CodeIgniter\CodeIgniter->handleRequest(null, Object(Config\Cache), false)
 5 SYSTEMPATH\Boot.php(312): CodeIgniter\CodeIgniter->run()
 6 SYSTEMPATH\Boot.php(67): CodeIgniter\Boot::runCodeIgniter(Object(CodeIgniter\CodeIgniter))
 7 FCPATH\index.php(56): CodeIgniter\Boot::bootWeb(Object(Config\Paths))
 8 SYSTEMPATH\Commands\Server\rewrite.php(49): require_once('D:\\Project\\dlbeauty\\public\\index.php')
INFO - 2025-03-03 08:39:11 --> Session: Class initialized using 'CodeIgniter\Session\Handlers\FileHandler' driver.
WARNING - 2025-03-03 08:39:11 --> Session: Sessions is enabled, and one exists. Please don't $session->start();
INFO - 2025-03-03 08:39:23 --> Session: Class initialized using 'CodeIgniter\Session\Handlers\FileHandler' driver.
WARNING - 2025-03-03 08:39:23 --> Session: Sessions is enabled, and one exists. Please don't $session->start();
INFO - 2025-03-03 08:39:33 --> Session: Class initialized using 'CodeIgniter\Session\Handlers\FileHandler' driver.
WARNING - 2025-03-03 08:39:33 --> Session: Sessions is enabled, and one exists. Please don't $session->start();
INFO - 2025-03-03 08:39:46 --> Session: Class initialized using 'CodeIgniter\Session\Handlers\FileHandler' driver.
WARNING - 2025-03-03 08:39:46 --> Session: Sessions is enabled, and one exists. Please don't $session->start();
INFO - 2025-03-03 08:39:52 --> Session: Class initialized using 'CodeIgniter\Session\Handlers\FileHandler' driver.
WARNING - 2025-03-03 08:39:52 --> Session: Sessions is enabled, and one exists. Please don't $session->start();
INFO - 2025-03-03 08:40:51 --> Session: Class initialized using 'CodeIgniter\Session\Handlers\FileHandler' driver.
WARNING - 2025-03-03 08:40:51 --> Session: Sessions is enabled, and one exists. Please don't $session->start();
INFO - 2025-03-03 08:41:37 --> Session: Class initialized using 'CodeIgniter\Session\Handlers\FileHandler' driver.
WARNING - 2025-03-03 08:41:37 --> Session: Sessions is enabled, and one exists. Please don't $session->start();
INFO - 2025-03-03 08:46:15 --> Session: Class initialized using 'CodeIgniter\Session\Handlers\FileHandler' driver.
WARNING - 2025-03-03 08:46:15 --> Session: Sessions is enabled, and one exists. Please don't $session->start();
INFO - 2025-03-03 08:46:36 --> Session: Class initialized using 'CodeIgniter\Session\Handlers\FileHandler' driver.
WARNING - 2025-03-03 08:46:36 --> Session: Sessions is enabled, and one exists. Please don't $session->start();
INFO - 2025-03-03 08:46:41 --> Session: Class initialized using 'CodeIgniter\Session\Handlers\FileHandler' driver.
WARNING - 2025-03-03 08:46:41 --> Session: Sessions is enabled, and one exists. Please don't $session->start();
INFO - 2025-03-03 08:46:44 --> Session: Class initialized using 'CodeIgniter\Session\Handlers\FileHandler' driver.
WARNING - 2025-03-03 08:46:44 --> Session: Sessions is enabled, and one exists. Please don't $session->start();
INFO - 2025-03-03 08:46:47 --> Session: Class initialized using 'CodeIgniter\Session\Handlers\FileHandler' driver.
WARNING - 2025-03-03 08:46:47 --> Session: Sessions is enabled, and one exists. Please don't $session->start();
INFO - 2025-03-03 08:51:25 --> Session: Class initialized using 'CodeIgniter\Session\Handlers\FileHandler' driver.
WARNING - 2025-03-03 08:51:25 --> Session: Sessions is enabled, and one exists. Please don't $session->start();
INFO - 2025-03-03 08:53:38 --> Session: Class initialized using 'CodeIgniter\Session\Handlers\FileHandler' driver.
WARNING - 2025-03-03 08:53:38 --> Session: Sessions is enabled, and one exists. Please don't $session->start();
INFO - 2025-03-03 08:53:47 --> Session: Class initialized using 'CodeIgniter\Session\Handlers\FileHandler' driver.
INFO - 2025-03-03 08:53:48 --> Session: Class initialized using 'CodeIgniter\Session\Handlers\FileHandler' driver.
WARNING - 2025-03-03 08:53:48 --> Session: Sessions is enabled, and one exists. Please don't $session->start();
INFO - 2025-03-03 08:53:54 --> Session: Class initialized using 'CodeIgniter\Session\Handlers\FileHandler' driver.
WARNING - 2025-03-03 08:53:54 --> Session: Sessions is enabled, and one exists. Please don't $session->start();
INFO - 2025-03-03 08:53:54 --> Session: Class initialized using 'CodeIgniter\Session\Handlers\FileHandler' driver.
WARNING - 2025-03-03 08:53:54 --> Session: Sessions is enabled, and one exists. Please don't $session->start();
INFO - 2025-03-03 08:54:00 --> Session: Class initialized using 'CodeIgniter\Session\Handlers\FileHandler' driver.
WARNING - 2025-03-03 08:54:00 --> Session: Sessions is enabled, and one exists. Please don't $session->start();
INFO - 2025-03-03 08:54:03 --> Session: Class initialized using 'CodeIgniter\Session\Handlers\FileHandler' driver.
WARNING - 2025-03-03 08:54:03 --> Session: Sessions is enabled, and one exists. Please don't $session->start();
