INFO - 2025-06-14 10:31:31 --> Session: Class initialized using 'CodeIgniter\Session\Handlers\FileHandler' driver.
WARNING - 2025-06-14 10:31:31 --> Session: Sessions is enabled, and one exists. Please don't $session->start();
INFO - 2025-06-14 10:31:38 --> Session: Class initialized using 'CodeIgniter\Session\Handlers\FileHandler' driver.
INFO - 2025-06-14 10:31:38 --> Session: Class initialized using 'CodeIgniter\Session\Handlers\FileHandler' driver.
WARNING - 2025-06-14 10:31:38 --> Session: Sessions is enabled, and one exists. Please don't $session->start();
INFO - 2025-06-14 10:31:50 --> Session: Class initialized using 'CodeIgniter\Session\Handlers\FileHandler' driver.
INFO - 2025-06-14 10:31:50 --> Session: Class initialized using 'CodeIgniter\Session\Handlers\FileHandler' driver.
WARNING - 2025-06-14 10:31:50 --> Session: Sessions is enabled, and one exists. Please don't $session->start();
INFO - 2025-06-14 10:32:11 --> Session: Class initialized using 'CodeIgniter\Session\Handlers\FileHandler' driver.
INFO - 2025-06-14 10:32:11 --> Session: Class initialized using 'CodeIgniter\Session\Handlers\FileHandler' driver.
WARNING - 2025-06-14 10:32:11 --> Session: Sessions is enabled, and one exists. Please don't $session->start();
INFO - 2025-06-14 10:32:19 --> Session: Class initialized using 'CodeIgniter\Session\Handlers\FileHandler' driver.
WARNING - 2025-06-14 10:32:19 --> Session: Sessions is enabled, and one exists. Please don't $session->start();
INFO - 2025-06-14 10:32:19 --> Session: Class initialized using 'CodeIgniter\Session\Handlers\FileHandler' driver.
WARNING - 2025-06-14 10:32:19 --> Session: Sessions is enabled, and one exists. Please don't $session->start();
INFO - 2025-06-14 10:32:22 --> Session: Class initialized using 'CodeIgniter\Session\Handlers\FileHandler' driver.
WARNING - 2025-06-14 10:32:22 --> Session: Sessions is enabled, and one exists. Please don't $session->start();
INFO - 2025-06-14 10:32:24 --> Session: Class initialized using 'CodeIgniter\Session\Handlers\FileHandler' driver.
WARNING - 2025-06-14 10:32:24 --> Session: Sessions is enabled, and one exists. Please don't $session->start();
INFO - 2025-06-14 10:32:28 --> Session: Class initialized using 'CodeIgniter\Session\Handlers\FileHandler' driver.
WARNING - 2025-06-14 10:32:28 --> Session: Sessions is enabled, and one exists. Please don't $session->start();
INFO - 2025-06-14 10:32:35 --> Session: Class initialized using 'CodeIgniter\Session\Handlers\FileHandler' driver.
WARNING - 2025-06-14 10:32:35 --> Session: Sessions is enabled, and one exists. Please don't $session->start();
INFO - 2025-06-14 10:32:35 --> Session: Class initialized using 'CodeIgniter\Session\Handlers\FileHandler' driver.
WARNING - 2025-06-14 10:32:35 --> Session: Sessions is enabled, and one exists. Please don't $session->start();
INFO - 2025-06-14 10:32:40 --> Session: Class initialized using 'CodeIgniter\Session\Handlers\FileHandler' driver.
INFO - 2025-06-14 10:32:40 --> Session: Class initialized using 'CodeIgniter\Session\Handlers\FileHandler' driver.
WARNING - 2025-06-14 10:32:40 --> Session: Sessions is enabled, and one exists. Please don't $session->start();
INFO - 2025-06-14 10:32:43 --> Session: Class initialized using 'CodeIgniter\Session\Handlers\FileHandler' driver.
WARNING - 2025-06-14 10:32:43 --> Session: Sessions is enabled, and one exists. Please don't $session->start();
INFO - 2025-06-14 10:32:44 --> Session: Class initialized using 'CodeIgniter\Session\Handlers\FileHandler' driver.
WARNING - 2025-06-14 10:32:44 --> Session: Sessions is enabled, and one exists. Please don't $session->start();
INFO - 2025-06-14 10:32:56 --> Session: Class initialized using 'CodeIgniter\Session\Handlers\FileHandler' driver.
WARNING - 2025-06-14 10:32:56 --> Session: Sessions is enabled, and one exists. Please don't $session->start();
INFO - 2025-06-14 10:32:56 --> Session: Class initialized using 'CodeIgniter\Session\Handlers\FileHandler' driver.
WARNING - 2025-06-14 10:32:56 --> Session: Sessions is enabled, and one exists. Please don't $session->start();
CRITICAL - 2025-06-14 10:39:32 --> ErrorException: include(D:\Project\esgotado\vendor\composer/../../app/Controllers/BaseController.php): Failed to open stream: No such file or directory
[Method: GET, Route: /]
in VENDORPATH\composer\ClassLoader.php on line 576.
 1 VENDORPATH\composer\ClassLoader.php(576): CodeIgniter\Debug\Exceptions->errorHandler(2, 'include(D:\\Project\\esgotado\\vendor\\composer/../../app/Controllers/BaseController.php): Failed to open stream: No such file or directory', 'D:\\Project\\esgotado\\vendor\\composer\\ClassLoader.php', 576)
 2 VENDORPATH\composer\ClassLoader.php(576): include()
 3 VENDORPATH\composer\ClassLoader.php(427): Composer\Autoload\{closure}('D:\\Project\\esgotado\\vendor\\composer/../../app/Controllers/BaseController.php')
 4 APPPATH\Controllers\Home.php(7): Composer\Autoload\ClassLoader->loadClass('App\\Controllers\\BaseController')
 5 VENDORPATH\composer\ClassLoader.php(576): include('D:\\Project\\esgotado\\app\\Controllers\\Home.php')
 6 VENDORPATH\composer\ClassLoader.php(427): Composer\Autoload\{closure}('D:\\Project\\esgotado\\vendor\\composer/../../app\\Controllers\\Home.php')
 7 [internal function]: Composer\Autoload\ClassLoader->loadClass('App\\Controllers\\Home')
 8 SYSTEMPATH\CodeIgniter.php(887): class_exists('\\App\\Controllers\\Home', true)
 9 SYSTEMPATH\CodeIgniter.php(496): CodeIgniter\CodeIgniter->startController()
10 SYSTEMPATH\CodeIgniter.php(355): CodeIgniter\CodeIgniter->handleRequest(null, Object(Config\Cache), false)
11 SYSTEMPATH\Boot.php(312): CodeIgniter\CodeIgniter->run()
12 SYSTEMPATH\Boot.php(67): CodeIgniter\Boot::runCodeIgniter(Object(CodeIgniter\CodeIgniter))
13 FCPATH\index.php(56): CodeIgniter\Boot::bootWeb(Object(Config\Paths))
14 SYSTEMPATH\Commands\Server\rewrite.php(49): require_once('D:\\Project\\esgotado\\public\\index.php')
INFO - 2025-06-14 10:40:33 --> Session: Class initialized using 'CodeIgniter\Session\Handlers\FileHandler' driver.
WARNING - 2025-06-14 10:40:33 --> Session: Sessions is enabled, and one exists. Please don't $session->start();
CRITICAL - 2025-06-14 10:40:33 --> CodeIgniter\View\Exceptions\ViewException: Invalid file: "admin/templates/breadcrumb.php"
[Method: GET, Route: /]
in SYSTEMPATH\Exceptions\FrameworkException.php on line 41.
 1 SYSTEMPATH\View\View.php(222): CodeIgniter\Exceptions\FrameworkException::forInvalidFile('admin/templates/breadcrumb.php')
 2 SYSTEMPATH\View\View.php(484): CodeIgniter\View\View->render('admin/templates/breadcrumb', null, true)
 3 APPPATH\Views\dashboard\index.php(6): CodeIgniter\View\View->include('admin/templates/breadcrumb')
 4 SYSTEMPATH\View\View.php(234): include('D:\\Project\\esgotado\\app\\Views\\dashboard\\index.php')
 5 SYSTEMPATH\View\View.php(237): CodeIgniter\View\View->CodeIgniter\View\{closure}()
 6 SYSTEMPATH\Common.php(1171): CodeIgniter\View\View->render('dashboard/index', [], true)
 7 APPPATH\Controllers\Home.php(27): view('dashboard/index')
 8 SYSTEMPATH\CodeIgniter.php(933): App\Controllers\Home->index()
 9 SYSTEMPATH\CodeIgniter.php(509): CodeIgniter\CodeIgniter->runController(Object(App\Controllers\Home))
10 SYSTEMPATH\CodeIgniter.php(355): CodeIgniter\CodeIgniter->handleRequest(null, Object(Config\Cache), false)
11 SYSTEMPATH\Boot.php(312): CodeIgniter\CodeIgniter->run()
12 SYSTEMPATH\Boot.php(67): CodeIgniter\Boot::runCodeIgniter(Object(CodeIgniter\CodeIgniter))
13 FCPATH\index.php(56): CodeIgniter\Boot::bootWeb(Object(Config\Paths))
14 SYSTEMPATH\Commands\Server\rewrite.php(49): require_once('D:\\Project\\esgotado\\public\\index.php')
INFO - 2025-06-14 10:41:14 --> Session: Class initialized using 'CodeIgniter\Session\Handlers\FileHandler' driver.
WARNING - 2025-06-14 10:41:14 --> Session: Sessions is enabled, and one exists. Please don't $session->start();
CRITICAL - 2025-06-14 10:41:14 --> CodeIgniter\View\Exceptions\ViewException: Invalid file: "admin/templates/breadcrumb.php"
[Method: GET, Route: /]
in SYSTEMPATH\Exceptions\FrameworkException.php on line 41.
 1 SYSTEMPATH\View\View.php(222): CodeIgniter\Exceptions\FrameworkException::forInvalidFile('admin/templates/breadcrumb.php')
 2 SYSTEMPATH\View\View.php(484): CodeIgniter\View\View->render('admin/templates/breadcrumb', null, true)
 3 APPPATH\Views\dashboard\index.php(6): CodeIgniter\View\View->include('admin/templates/breadcrumb')
 4 SYSTEMPATH\View\View.php(234): include('D:\\Project\\esgotado\\app\\Views\\dashboard\\index.php')
 5 SYSTEMPATH\View\View.php(237): CodeIgniter\View\View->CodeIgniter\View\{closure}()
 6 SYSTEMPATH\Common.php(1171): CodeIgniter\View\View->render('dashboard/index', [], true)
 7 APPPATH\Controllers\Home.php(27): view('dashboard/index')
 8 SYSTEMPATH\CodeIgniter.php(933): App\Controllers\Home->index()
 9 SYSTEMPATH\CodeIgniter.php(509): CodeIgniter\CodeIgniter->runController(Object(App\Controllers\Home))
10 SYSTEMPATH\CodeIgniter.php(355): CodeIgniter\CodeIgniter->handleRequest(null, Object(Config\Cache), false)
11 SYSTEMPATH\Boot.php(312): CodeIgniter\CodeIgniter->run()
12 SYSTEMPATH\Boot.php(67): CodeIgniter\Boot::runCodeIgniter(Object(CodeIgniter\CodeIgniter))
13 FCPATH\index.php(56): CodeIgniter\Boot::bootWeb(Object(Config\Paths))
14 SYSTEMPATH\Commands\Server\rewrite.php(49): require_once('D:\\Project\\esgotado\\public\\index.php')
INFO - 2025-06-14 10:41:54 --> Session: Class initialized using 'CodeIgniter\Session\Handlers\FileHandler' driver.
WARNING - 2025-06-14 10:41:54 --> Session: Sessions is enabled, and one exists. Please don't $session->start();
INFO - 2025-06-14 10:42:01 --> Session: Class initialized using 'CodeIgniter\Session\Handlers\FileHandler' driver.
WARNING - 2025-06-14 10:42:01 --> Session: Sessions is enabled, and one exists. Please don't $session->start();
INFO - 2025-06-14 10:46:56 --> Session: Class initialized using 'CodeIgniter\Session\Handlers\FileHandler' driver.
WARNING - 2025-06-14 10:46:56 --> Session: Sessions is enabled, and one exists. Please don't $session->start();
INFO - 2025-06-14 10:49:02 --> Session: Class initialized using 'CodeIgniter\Session\Handlers\FileHandler' driver.
WARNING - 2025-06-14 10:49:02 --> Session: Sessions is enabled, and one exists. Please don't $session->start();
INFO - 2025-06-14 10:50:16 --> Session: Class initialized using 'CodeIgniter\Session\Handlers\FileHandler' driver.
WARNING - 2025-06-14 10:50:16 --> Session: Sessions is enabled, and one exists. Please don't $session->start();
INFO - 2025-06-14 10:50:23 --> Session: Class initialized using 'CodeIgniter\Session\Handlers\FileHandler' driver.
WARNING - 2025-06-14 10:50:23 --> Session: Sessions is enabled, and one exists. Please don't $session->start();
INFO - 2025-06-14 11:13:42 --> Session: Class initialized using 'CodeIgniter\Session\Handlers\FileHandler' driver.
WARNING - 2025-06-14 11:13:42 --> Session: Sessions is enabled, and one exists. Please don't $session->start();
INFO - 2025-06-14 11:18:29 --> Session: Class initialized using 'CodeIgniter\Session\Handlers\FileHandler' driver.
WARNING - 2025-06-14 11:18:29 --> Session: Sessions is enabled, and one exists. Please don't $session->start();
INFO - 2025-06-14 11:18:57 --> Session: Class initialized using 'CodeIgniter\Session\Handlers\FileHandler' driver.
WARNING - 2025-06-14 11:18:57 --> Session: Sessions is enabled, and one exists. Please don't $session->start();
INFO - 2025-06-14 11:20:38 --> Session: Class initialized using 'CodeIgniter\Session\Handlers\FileHandler' driver.
WARNING - 2025-06-14 11:20:38 --> Session: Sessions is enabled, and one exists. Please don't $session->start();
INFO - 2025-06-14 11:34:02 --> Session: Class initialized using 'CodeIgniter\Session\Handlers\FileHandler' driver.
WARNING - 2025-06-14 11:34:02 --> Session: Sessions is enabled, and one exists. Please don't $session->start();
INFO - 2025-06-14 11:34:05 --> Session: Class initialized using 'CodeIgniter\Session\Handlers\FileHandler' driver.
WARNING - 2025-06-14 11:34:05 --> Session: Sessions is enabled, and one exists. Please don't $session->start();
INFO - 2025-06-14 11:34:23 --> Session: Class initialized using 'CodeIgniter\Session\Handlers\FileHandler' driver.
WARNING - 2025-06-14 11:34:23 --> Session: Sessions is enabled, and one exists. Please don't $session->start();
INFO - 2025-06-14 11:36:11 --> Session: Class initialized using 'CodeIgniter\Session\Handlers\FileHandler' driver.
WARNING - 2025-06-14 11:36:11 --> Session: Sessions is enabled, and one exists. Please don't $session->start();
INFO - 2025-06-14 11:36:21 --> Session: Class initialized using 'CodeIgniter\Session\Handlers\FileHandler' driver.
WARNING - 2025-06-14 11:36:21 --> Session: Sessions is enabled, and one exists. Please don't $session->start();
INFO - 2025-06-14 11:36:51 --> Session: Class initialized using 'CodeIgniter\Session\Handlers\FileHandler' driver.
WARNING - 2025-06-14 11:36:51 --> Session: Sessions is enabled, and one exists. Please don't $session->start();
INFO - 2025-06-14 11:37:38 --> Session: Class initialized using 'CodeIgniter\Session\Handlers\FileHandler' driver.
WARNING - 2025-06-14 11:37:38 --> Session: Sessions is enabled, and one exists. Please don't $session->start();
INFO - 2025-06-14 11:38:14 --> Session: Class initialized using 'CodeIgniter\Session\Handlers\FileHandler' driver.
WARNING - 2025-06-14 11:38:14 --> Session: Sessions is enabled, and one exists. Please don't $session->start();
INFO - 2025-06-14 11:38:58 --> Session: Class initialized using 'CodeIgniter\Session\Handlers\FileHandler' driver.
WARNING - 2025-06-14 11:38:58 --> Session: Sessions is enabled, and one exists. Please don't $session->start();
INFO - 2025-06-14 11:40:27 --> Session: Class initialized using 'CodeIgniter\Session\Handlers\FileHandler' driver.
WARNING - 2025-06-14 11:40:27 --> Session: Sessions is enabled, and one exists. Please don't $session->start();
INFO - 2025-06-14 11:56:42 --> Session: Class initialized using 'CodeIgniter\Session\Handlers\FileHandler' driver.
WARNING - 2025-06-14 11:56:42 --> Session: Sessions is enabled, and one exists. Please don't $session->start();
INFO - 2025-06-14 11:56:48 --> Session: Class initialized using 'CodeIgniter\Session\Handlers\FileHandler' driver.
WARNING - 2025-06-14 11:56:48 --> Session: Sessions is enabled, and one exists. Please don't $session->start();
INFO - 2025-06-14 11:57:20 --> Session: Class initialized using 'CodeIgniter\Session\Handlers\FileHandler' driver.
WARNING - 2025-06-14 11:57:20 --> Session: Sessions is enabled, and one exists. Please don't $session->start();
INFO - 2025-06-14 12:06:24 --> Session: Class initialized using 'CodeIgniter\Session\Handlers\FileHandler' driver.
WARNING - 2025-06-14 12:06:24 --> Session: Sessions is enabled, and one exists. Please don't $session->start();
INFO - 2025-06-14 12:06:45 --> Session: Class initialized using 'CodeIgniter\Session\Handlers\FileHandler' driver.
WARNING - 2025-06-14 12:06:45 --> Session: Sessions is enabled, and one exists. Please don't $session->start();
INFO - 2025-06-14 12:06:54 --> Session: Class initialized using 'CodeIgniter\Session\Handlers\FileHandler' driver.
WARNING - 2025-06-14 12:06:54 --> Session: Sessions is enabled, and one exists. Please don't $session->start();
INFO - 2025-06-14 12:09:36 --> Session: Class initialized using 'CodeIgniter\Session\Handlers\FileHandler' driver.
WARNING - 2025-06-14 12:09:36 --> Session: Sessions is enabled, and one exists. Please don't $session->start();
INFO - 2025-06-14 12:20:47 --> Session: Class initialized using 'CodeIgniter\Session\Handlers\FileHandler' driver.
WARNING - 2025-06-14 12:20:47 --> Session: Sessions is enabled, and one exists. Please don't $session->start();
INFO - 2025-06-14 12:23:02 --> Session: Class initialized using 'CodeIgniter\Session\Handlers\FileHandler' driver.
WARNING - 2025-06-14 12:23:02 --> Session: Sessions is enabled, and one exists. Please don't $session->start();
INFO - 2025-06-14 12:23:13 --> Session: Class initialized using 'CodeIgniter\Session\Handlers\FileHandler' driver.
WARNING - 2025-06-14 12:23:13 --> Session: Sessions is enabled, and one exists. Please don't $session->start();
INFO - 2025-06-14 12:25:29 --> Session: Class initialized using 'CodeIgniter\Session\Handlers\FileHandler' driver.
WARNING - 2025-06-14 12:25:29 --> Session: Sessions is enabled, and one exists. Please don't $session->start();
INFO - 2025-06-14 12:25:41 --> Session: Class initialized using 'CodeIgniter\Session\Handlers\FileHandler' driver.
WARNING - 2025-06-14 12:25:41 --> Session: Sessions is enabled, and one exists. Please don't $session->start();
INFO - 2025-06-14 12:27:32 --> Session: Class initialized using 'CodeIgniter\Session\Handlers\FileHandler' driver.
WARNING - 2025-06-14 12:27:32 --> Session: Sessions is enabled, and one exists. Please don't $session->start();
INFO - 2025-06-14 12:27:49 --> Session: Class initialized using 'CodeIgniter\Session\Handlers\FileHandler' driver.
WARNING - 2025-06-14 12:27:49 --> Session: Sessions is enabled, and one exists. Please don't $session->start();
INFO - 2025-06-14 12:28:04 --> Session: Class initialized using 'CodeIgniter\Session\Handlers\FileHandler' driver.
WARNING - 2025-06-14 12:28:04 --> Session: Sessions is enabled, and one exists. Please don't $session->start();
INFO - 2025-06-14 12:29:33 --> Session: Class initialized using 'CodeIgniter\Session\Handlers\FileHandler' driver.
WARNING - 2025-06-14 12:29:33 --> Session: Sessions is enabled, and one exists. Please don't $session->start();
INFO - 2025-06-14 12:30:06 --> Session: Class initialized using 'CodeIgniter\Session\Handlers\FileHandler' driver.
WARNING - 2025-06-14 12:30:06 --> Session: Sessions is enabled, and one exists. Please don't $session->start();
INFO - 2025-06-14 12:30:14 --> Session: Class initialized using 'CodeIgniter\Session\Handlers\FileHandler' driver.
WARNING - 2025-06-14 12:30:14 --> Session: Sessions is enabled, and one exists. Please don't $session->start();
INFO - 2025-06-14 12:31:10 --> Session: Class initialized using 'CodeIgniter\Session\Handlers\FileHandler' driver.
WARNING - 2025-06-14 12:31:10 --> Session: Sessions is enabled, and one exists. Please don't $session->start();
INFO - 2025-06-14 12:32:56 --> Session: Class initialized using 'CodeIgniter\Session\Handlers\FileHandler' driver.
WARNING - 2025-06-14 12:32:56 --> Session: Sessions is enabled, and one exists. Please don't $session->start();
INFO - 2025-06-14 12:33:59 --> Session: Class initialized using 'CodeIgniter\Session\Handlers\FileHandler' driver.
WARNING - 2025-06-14 12:33:59 --> Session: Sessions is enabled, and one exists. Please don't $session->start();
INFO - 2025-06-14 12:34:13 --> Session: Class initialized using 'CodeIgniter\Session\Handlers\FileHandler' driver.
WARNING - 2025-06-14 12:34:13 --> Session: Sessions is enabled, and one exists. Please don't $session->start();
INFO - 2025-06-14 12:34:30 --> Session: Class initialized using 'CodeIgniter\Session\Handlers\FileHandler' driver.
WARNING - 2025-06-14 12:34:30 --> Session: Sessions is enabled, and one exists. Please don't $session->start();
INFO - 2025-06-14 12:34:40 --> Session: Class initialized using 'CodeIgniter\Session\Handlers\FileHandler' driver.
WARNING - 2025-06-14 12:34:40 --> Session: Sessions is enabled, and one exists. Please don't $session->start();
INFO - 2025-06-14 12:35:04 --> Session: Class initialized using 'CodeIgniter\Session\Handlers\FileHandler' driver.
WARNING - 2025-06-14 12:35:04 --> Session: Sessions is enabled, and one exists. Please don't $session->start();
INFO - 2025-06-14 12:35:43 --> Session: Class initialized using 'CodeIgniter\Session\Handlers\FileHandler' driver.
WARNING - 2025-06-14 12:35:43 --> Session: Sessions is enabled, and one exists. Please don't $session->start();
INFO - 2025-06-14 12:37:15 --> Session: Class initialized using 'CodeIgniter\Session\Handlers\FileHandler' driver.
WARNING - 2025-06-14 12:37:15 --> Session: Sessions is enabled, and one exists. Please don't $session->start();
INFO - 2025-06-14 12:37:31 --> Session: Class initialized using 'CodeIgniter\Session\Handlers\FileHandler' driver.
WARNING - 2025-06-14 12:37:31 --> Session: Sessions is enabled, and one exists. Please don't $session->start();
INFO - 2025-06-14 12:37:47 --> Session: Class initialized using 'CodeIgniter\Session\Handlers\FileHandler' driver.
WARNING - 2025-06-14 12:37:47 --> Session: Sessions is enabled, and one exists. Please don't $session->start();
INFO - 2025-06-14 12:38:28 --> Session: Class initialized using 'CodeIgniter\Session\Handlers\FileHandler' driver.
WARNING - 2025-06-14 12:38:28 --> Session: Sessions is enabled, and one exists. Please don't $session->start();
INFO - 2025-06-14 12:38:48 --> Session: Class initialized using 'CodeIgniter\Session\Handlers\FileHandler' driver.
WARNING - 2025-06-14 12:38:48 --> Session: Sessions is enabled, and one exists. Please don't $session->start();
INFO - 2025-06-14 12:39:13 --> Session: Class initialized using 'CodeIgniter\Session\Handlers\FileHandler' driver.
WARNING - 2025-06-14 12:39:13 --> Session: Sessions is enabled, and one exists. Please don't $session->start();
INFO - 2025-06-14 12:39:36 --> Session: Class initialized using 'CodeIgniter\Session\Handlers\FileHandler' driver.
WARNING - 2025-06-14 12:39:36 --> Session: Sessions is enabled, and one exists. Please don't $session->start();
INFO - 2025-06-14 12:39:51 --> Session: Class initialized using 'CodeIgniter\Session\Handlers\FileHandler' driver.
WARNING - 2025-06-14 12:39:51 --> Session: Sessions is enabled, and one exists. Please don't $session->start();
INFO - 2025-06-14 12:40:13 --> Session: Class initialized using 'CodeIgniter\Session\Handlers\FileHandler' driver.
WARNING - 2025-06-14 12:40:13 --> Session: Sessions is enabled, and one exists. Please don't $session->start();
INFO - 2025-06-14 12:42:25 --> Session: Class initialized using 'CodeIgniter\Session\Handlers\FileHandler' driver.
WARNING - 2025-06-14 12:42:25 --> Session: Sessions is enabled, and one exists. Please don't $session->start();
INFO - 2025-06-14 12:42:35 --> Session: Class initialized using 'CodeIgniter\Session\Handlers\FileHandler' driver.
WARNING - 2025-06-14 12:42:35 --> Session: Sessions is enabled, and one exists. Please don't $session->start();
INFO - 2025-06-14 12:42:55 --> Session: Class initialized using 'CodeIgniter\Session\Handlers\FileHandler' driver.
WARNING - 2025-06-14 12:42:55 --> Session: Sessions is enabled, and one exists. Please don't $session->start();
INFO - 2025-06-14 12:43:21 --> Session: Class initialized using 'CodeIgniter\Session\Handlers\FileHandler' driver.
WARNING - 2025-06-14 12:43:21 --> Session: Sessions is enabled, and one exists. Please don't $session->start();
INFO - 2025-06-14 12:43:39 --> Session: Class initialized using 'CodeIgniter\Session\Handlers\FileHandler' driver.
WARNING - 2025-06-14 12:43:39 --> Session: Sessions is enabled, and one exists. Please don't $session->start();
INFO - 2025-06-14 12:44:05 --> Session: Class initialized using 'CodeIgniter\Session\Handlers\FileHandler' driver.
WARNING - 2025-06-14 12:44:05 --> Session: Sessions is enabled, and one exists. Please don't $session->start();
INFO - 2025-06-14 12:44:40 --> Session: Class initialized using 'CodeIgniter\Session\Handlers\FileHandler' driver.
WARNING - 2025-06-14 12:44:40 --> Session: Sessions is enabled, and one exists. Please don't $session->start();
INFO - 2025-06-14 12:45:04 --> Session: Class initialized using 'CodeIgniter\Session\Handlers\FileHandler' driver.
WARNING - 2025-06-14 12:45:04 --> Session: Sessions is enabled, and one exists. Please don't $session->start();
INFO - 2025-06-14 12:45:30 --> Session: Class initialized using 'CodeIgniter\Session\Handlers\FileHandler' driver.
WARNING - 2025-06-14 12:45:30 --> Session: Sessions is enabled, and one exists. Please don't $session->start();
INFO - 2025-06-14 12:45:40 --> Session: Class initialized using 'CodeIgniter\Session\Handlers\FileHandler' driver.
WARNING - 2025-06-14 12:45:40 --> Session: Sessions is enabled, and one exists. Please don't $session->start();
INFO - 2025-06-14 12:47:16 --> Session: Class initialized using 'CodeIgniter\Session\Handlers\FileHandler' driver.
WARNING - 2025-06-14 12:47:16 --> Session: Sessions is enabled, and one exists. Please don't $session->start();
INFO - 2025-06-14 12:47:31 --> Session: Class initialized using 'CodeIgniter\Session\Handlers\FileHandler' driver.
WARNING - 2025-06-14 12:47:31 --> Session: Sessions is enabled, and one exists. Please don't $session->start();
INFO - 2025-06-14 12:48:05 --> Session: Class initialized using 'CodeIgniter\Session\Handlers\FileHandler' driver.
WARNING - 2025-06-14 12:48:05 --> Session: Sessions is enabled, and one exists. Please don't $session->start();
INFO - 2025-06-14 12:48:14 --> Session: Class initialized using 'CodeIgniter\Session\Handlers\FileHandler' driver.
WARNING - 2025-06-14 12:48:14 --> Session: Sessions is enabled, and one exists. Please don't $session->start();
INFO - 2025-06-14 12:48:40 --> Session: Class initialized using 'CodeIgniter\Session\Handlers\FileHandler' driver.
WARNING - 2025-06-14 12:48:40 --> Session: Sessions is enabled, and one exists. Please don't $session->start();
INFO - 2025-06-14 12:49:41 --> Session: Class initialized using 'CodeIgniter\Session\Handlers\FileHandler' driver.
WARNING - 2025-06-14 12:49:41 --> Session: Sessions is enabled, and one exists. Please don't $session->start();
INFO - 2025-06-14 12:50:19 --> Session: Class initialized using 'CodeIgniter\Session\Handlers\FileHandler' driver.
WARNING - 2025-06-14 12:50:19 --> Session: Sessions is enabled, and one exists. Please don't $session->start();
INFO - 2025-06-14 12:50:52 --> Session: Class initialized using 'CodeIgniter\Session\Handlers\FileHandler' driver.
WARNING - 2025-06-14 12:50:52 --> Session: Sessions is enabled, and one exists. Please don't $session->start();
INFO - 2025-06-14 12:51:40 --> Session: Class initialized using 'CodeIgniter\Session\Handlers\FileHandler' driver.
WARNING - 2025-06-14 12:51:40 --> Session: Sessions is enabled, and one exists. Please don't $session->start();
INFO - 2025-06-14 12:51:56 --> Session: Class initialized using 'CodeIgniter\Session\Handlers\FileHandler' driver.
WARNING - 2025-06-14 12:51:56 --> Session: Sessions is enabled, and one exists. Please don't $session->start();
INFO - 2025-06-14 12:52:49 --> Session: Class initialized using 'CodeIgniter\Session\Handlers\FileHandler' driver.
WARNING - 2025-06-14 12:52:49 --> Session: Sessions is enabled, and one exists. Please don't $session->start();
INFO - 2025-06-14 12:53:03 --> Session: Class initialized using 'CodeIgniter\Session\Handlers\FileHandler' driver.
WARNING - 2025-06-14 12:53:03 --> Session: Sessions is enabled, and one exists. Please don't $session->start();
INFO - 2025-06-14 12:53:34 --> Session: Class initialized using 'CodeIgniter\Session\Handlers\FileHandler' driver.
WARNING - 2025-06-14 12:53:34 --> Session: Sessions is enabled, and one exists. Please don't $session->start();
INFO - 2025-06-14 12:54:34 --> Session: Class initialized using 'CodeIgniter\Session\Handlers\FileHandler' driver.
WARNING - 2025-06-14 12:54:34 --> Session: Sessions is enabled, and one exists. Please don't $session->start();
INFO - 2025-06-14 12:54:50 --> Session: Class initialized using 'CodeIgniter\Session\Handlers\FileHandler' driver.
WARNING - 2025-06-14 12:54:50 --> Session: Sessions is enabled, and one exists. Please don't $session->start();
INFO - 2025-06-14 12:56:21 --> Session: Class initialized using 'CodeIgniter\Session\Handlers\FileHandler' driver.
WARNING - 2025-06-14 12:56:21 --> Session: Sessions is enabled, and one exists. Please don't $session->start();
INFO - 2025-06-14 12:58:18 --> Session: Class initialized using 'CodeIgniter\Session\Handlers\FileHandler' driver.
WARNING - 2025-06-14 12:58:18 --> Session: Sessions is enabled, and one exists. Please don't $session->start();
INFO - 2025-06-14 12:58:27 --> Session: Class initialized using 'CodeIgniter\Session\Handlers\FileHandler' driver.
WARNING - 2025-06-14 12:58:27 --> Session: Sessions is enabled, and one exists. Please don't $session->start();
INFO - 2025-06-14 12:58:43 --> Session: Class initialized using 'CodeIgniter\Session\Handlers\FileHandler' driver.
WARNING - 2025-06-14 12:58:43 --> Session: Sessions is enabled, and one exists. Please don't $session->start();
INFO - 2025-06-14 12:59:11 --> Session: Class initialized using 'CodeIgniter\Session\Handlers\FileHandler' driver.
WARNING - 2025-06-14 12:59:11 --> Session: Sessions is enabled, and one exists. Please don't $session->start();
INFO - 2025-06-14 13:01:17 --> Session: Class initialized using 'CodeIgniter\Session\Handlers\FileHandler' driver.
WARNING - 2025-06-14 13:01:17 --> Session: Sessions is enabled, and one exists. Please don't $session->start();
INFO - 2025-06-14 13:02:06 --> Session: Class initialized using 'CodeIgniter\Session\Handlers\FileHandler' driver.
WARNING - 2025-06-14 13:02:06 --> Session: Sessions is enabled, and one exists. Please don't $session->start();
INFO - 2025-06-14 13:03:00 --> Session: Class initialized using 'CodeIgniter\Session\Handlers\FileHandler' driver.
WARNING - 2025-06-14 13:03:00 --> Session: Sessions is enabled, and one exists. Please don't $session->start();
INFO - 2025-06-14 13:03:31 --> Session: Class initialized using 'CodeIgniter\Session\Handlers\FileHandler' driver.
WARNING - 2025-06-14 13:03:31 --> Session: Sessions is enabled, and one exists. Please don't $session->start();
INFO - 2025-06-14 13:03:36 --> Session: Class initialized using 'CodeIgniter\Session\Handlers\FileHandler' driver.
WARNING - 2025-06-14 13:03:36 --> Session: Sessions is enabled, and one exists. Please don't $session->start();
INFO - 2025-06-14 13:04:47 --> Session: Class initialized using 'CodeIgniter\Session\Handlers\FileHandler' driver.
WARNING - 2025-06-14 13:04:47 --> Session: Sessions is enabled, and one exists. Please don't $session->start();
INFO - 2025-06-14 13:05:09 --> Session: Class initialized using 'CodeIgniter\Session\Handlers\FileHandler' driver.
WARNING - 2025-06-14 13:05:09 --> Session: Sessions is enabled, and one exists. Please don't $session->start();
INFO - 2025-06-14 13:05:37 --> Session: Class initialized using 'CodeIgniter\Session\Handlers\FileHandler' driver.
WARNING - 2025-06-14 13:05:37 --> Session: Sessions is enabled, and one exists. Please don't $session->start();
INFO - 2025-06-14 13:08:10 --> Session: Class initialized using 'CodeIgniter\Session\Handlers\FileHandler' driver.
WARNING - 2025-06-14 13:08:10 --> Session: Sessions is enabled, and one exists. Please don't $session->start();
INFO - 2025-06-14 13:08:18 --> Session: Class initialized using 'CodeIgniter\Session\Handlers\FileHandler' driver.
WARNING - 2025-06-14 13:08:18 --> Session: Sessions is enabled, and one exists. Please don't $session->start();
INFO - 2025-06-14 13:08:40 --> Session: Class initialized using 'CodeIgniter\Session\Handlers\FileHandler' driver.
WARNING - 2025-06-14 13:08:40 --> Session: Sessions is enabled, and one exists. Please don't $session->start();
INFO - 2025-06-14 13:08:58 --> Session: Class initialized using 'CodeIgniter\Session\Handlers\FileHandler' driver.
WARNING - 2025-06-14 13:08:58 --> Session: Sessions is enabled, and one exists. Please don't $session->start();
INFO - 2025-06-14 13:09:30 --> Session: Class initialized using 'CodeIgniter\Session\Handlers\FileHandler' driver.
WARNING - 2025-06-14 13:09:30 --> Session: Sessions is enabled, and one exists. Please don't $session->start();
INFO - 2025-06-14 13:09:47 --> Session: Class initialized using 'CodeIgniter\Session\Handlers\FileHandler' driver.
WARNING - 2025-06-14 13:09:47 --> Session: Sessions is enabled, and one exists. Please don't $session->start();
INFO - 2025-06-14 13:10:42 --> Session: Class initialized using 'CodeIgniter\Session\Handlers\FileHandler' driver.
WARNING - 2025-06-14 13:10:42 --> Session: Sessions is enabled, and one exists. Please don't $session->start();
INFO - 2025-06-14 13:11:59 --> Session: Class initialized using 'CodeIgniter\Session\Handlers\FileHandler' driver.
WARNING - 2025-06-14 13:11:59 --> Session: Sessions is enabled, and one exists. Please don't $session->start();
INFO - 2025-06-14 13:12:17 --> Session: Class initialized using 'CodeIgniter\Session\Handlers\FileHandler' driver.
WARNING - 2025-06-14 13:12:17 --> Session: Sessions is enabled, and one exists. Please don't $session->start();
INFO - 2025-06-14 13:15:10 --> Session: Class initialized using 'CodeIgniter\Session\Handlers\FileHandler' driver.
WARNING - 2025-06-14 13:15:10 --> Session: Sessions is enabled, and one exists. Please don't $session->start();
INFO - 2025-06-14 13:22:05 --> Session: Class initialized using 'CodeIgniter\Session\Handlers\FileHandler' driver.
WARNING - 2025-06-14 13:22:05 --> Session: Sessions is enabled, and one exists. Please don't $session->start();
INFO - 2025-06-14 13:35:18 --> Session: Class initialized using 'CodeIgniter\Session\Handlers\FileHandler' driver.
WARNING - 2025-06-14 13:35:18 --> Session: Sessions is enabled, and one exists. Please don't $session->start();
INFO - 2025-06-14 13:36:56 --> Session: Class initialized using 'CodeIgniter\Session\Handlers\FileHandler' driver.
WARNING - 2025-06-14 13:36:56 --> Session: Sessions is enabled, and one exists. Please don't $session->start();
INFO - 2025-06-14 13:37:07 --> Session: Class initialized using 'CodeIgniter\Session\Handlers\FileHandler' driver.
WARNING - 2025-06-14 13:37:07 --> Session: Sessions is enabled, and one exists. Please don't $session->start();
INFO - 2025-06-14 13:37:26 --> Session: Class initialized using 'CodeIgniter\Session\Handlers\FileHandler' driver.
WARNING - 2025-06-14 13:37:26 --> Session: Sessions is enabled, and one exists. Please don't $session->start();
INFO - 2025-06-14 13:38:32 --> Session: Class initialized using 'CodeIgniter\Session\Handlers\FileHandler' driver.
WARNING - 2025-06-14 13:38:32 --> Session: Sessions is enabled, and one exists. Please don't $session->start();
INFO - 2025-06-14 13:43:56 --> Session: Class initialized using 'CodeIgniter\Session\Handlers\FileHandler' driver.
WARNING - 2025-06-14 13:43:56 --> Session: Sessions is enabled, and one exists. Please don't $session->start();
INFO - 2025-06-14 13:44:21 --> Session: Class initialized using 'CodeIgniter\Session\Handlers\FileHandler' driver.
WARNING - 2025-06-14 13:44:21 --> Session: Sessions is enabled, and one exists. Please don't $session->start();
INFO - 2025-06-14 13:44:41 --> Session: Class initialized using 'CodeIgniter\Session\Handlers\FileHandler' driver.
WARNING - 2025-06-14 13:44:41 --> Session: Sessions is enabled, and one exists. Please don't $session->start();
INFO - 2025-06-14 13:44:59 --> Session: Class initialized using 'CodeIgniter\Session\Handlers\FileHandler' driver.
WARNING - 2025-06-14 13:44:59 --> Session: Sessions is enabled, and one exists. Please don't $session->start();
INFO - 2025-06-14 13:46:10 --> Session: Class initialized using 'CodeIgniter\Session\Handlers\FileHandler' driver.
WARNING - 2025-06-14 13:46:10 --> Session: Sessions is enabled, and one exists. Please don't $session->start();
INFO - 2025-06-14 13:46:26 --> Session: Class initialized using 'CodeIgniter\Session\Handlers\FileHandler' driver.
WARNING - 2025-06-14 13:46:26 --> Session: Sessions is enabled, and one exists. Please don't $session->start();
INFO - 2025-06-14 13:47:29 --> Session: Class initialized using 'CodeIgniter\Session\Handlers\FileHandler' driver.
WARNING - 2025-06-14 13:47:29 --> Session: Sessions is enabled, and one exists. Please don't $session->start();
INFO - 2025-06-14 13:47:56 --> Session: Class initialized using 'CodeIgniter\Session\Handlers\FileHandler' driver.
WARNING - 2025-06-14 13:47:56 --> Session: Sessions is enabled, and one exists. Please don't $session->start();
INFO - 2025-06-14 13:48:10 --> Session: Class initialized using 'CodeIgniter\Session\Handlers\FileHandler' driver.
WARNING - 2025-06-14 13:48:10 --> Session: Sessions is enabled, and one exists. Please don't $session->start();
INFO - 2025-06-14 13:48:52 --> Session: Class initialized using 'CodeIgniter\Session\Handlers\FileHandler' driver.
WARNING - 2025-06-14 13:48:52 --> Session: Sessions is enabled, and one exists. Please don't $session->start();
INFO - 2025-06-14 13:50:15 --> Session: Class initialized using 'CodeIgniter\Session\Handlers\FileHandler' driver.
WARNING - 2025-06-14 13:50:15 --> Session: Sessions is enabled, and one exists. Please don't $session->start();
INFO - 2025-06-14 13:51:04 --> Session: Class initialized using 'CodeIgniter\Session\Handlers\FileHandler' driver.
WARNING - 2025-06-14 13:51:04 --> Session: Sessions is enabled, and one exists. Please don't $session->start();
INFO - 2025-06-14 13:51:18 --> Session: Class initialized using 'CodeIgniter\Session\Handlers\FileHandler' driver.
WARNING - 2025-06-14 13:51:18 --> Session: Sessions is enabled, and one exists. Please don't $session->start();
INFO - 2025-06-14 13:51:22 --> Session: Class initialized using 'CodeIgniter\Session\Handlers\FileHandler' driver.
WARNING - 2025-06-14 13:51:22 --> Session: Sessions is enabled, and one exists. Please don't $session->start();
INFO - 2025-06-14 13:51:34 --> Session: Class initialized using 'CodeIgniter\Session\Handlers\FileHandler' driver.
WARNING - 2025-06-14 13:51:34 --> Session: Sessions is enabled, and one exists. Please don't $session->start();
INFO - 2025-06-14 13:52:21 --> Session: Class initialized using 'CodeIgniter\Session\Handlers\FileHandler' driver.
WARNING - 2025-06-14 13:52:21 --> Session: Sessions is enabled, and one exists. Please don't $session->start();
INFO - 2025-06-14 14:01:21 --> Session: Class initialized using 'CodeIgniter\Session\Handlers\FileHandler' driver.
WARNING - 2025-06-14 14:01:21 --> Session: Sessions is enabled, and one exists. Please don't $session->start();
INFO - 2025-06-14 14:01:24 --> Session: Class initialized using 'CodeIgniter\Session\Handlers\FileHandler' driver.
WARNING - 2025-06-14 14:01:24 --> Session: Sessions is enabled, and one exists. Please don't $session->start();
CRITICAL - 2025-06-14 14:01:24 --> CodeIgniter\View\Exceptions\ViewException: Invalid file: "production/inbound/index.php"
[Method: GET, Route: production/inbound]
in SYSTEMPATH\Exceptions\FrameworkException.php on line 41.
 1 SYSTEMPATH\View\View.php(222): CodeIgniter\Exceptions\FrameworkException::forInvalidFile('production/inbound/index.php')
 2 SYSTEMPATH\Common.php(1171): CodeIgniter\View\View->render('production/inbound/index', [], true)
 3 APPPATH\Controllers\Production.php(31): view('production/inbound/index')
 4 SYSTEMPATH\CodeIgniter.php(933): App\Controllers\Production->inboundView()
 5 SYSTEMPATH\CodeIgniter.php(509): CodeIgniter\CodeIgniter->runController(Object(App\Controllers\Production))
 6 SYSTEMPATH\CodeIgniter.php(355): CodeIgniter\CodeIgniter->handleRequest(null, Object(Config\Cache), false)
 7 SYSTEMPATH\Boot.php(312): CodeIgniter\CodeIgniter->run()
 8 SYSTEMPATH\Boot.php(67): CodeIgniter\Boot::runCodeIgniter(Object(CodeIgniter\CodeIgniter))
 9 FCPATH\index.php(56): CodeIgniter\Boot::bootWeb(Object(Config\Paths))
10 SYSTEMPATH\Commands\Server\rewrite.php(49): require_once('D:\\Project\\esgotado\\public\\index.php')
INFO - 2025-06-14 14:01:56 --> Session: Class initialized using 'CodeIgniter\Session\Handlers\FileHandler' driver.
WARNING - 2025-06-14 14:01:56 --> Session: Sessions is enabled, and one exists. Please don't $session->start();
INFO - 2025-06-14 14:02:00 --> Session: Class initialized using 'CodeIgniter\Session\Handlers\FileHandler' driver.
WARNING - 2025-06-14 14:02:00 --> Session: Sessions is enabled, and one exists. Please don't $session->start();
INFO - 2025-06-14 14:02:02 --> Session: Class initialized using 'CodeIgniter\Session\Handlers\FileHandler' driver.
WARNING - 2025-06-14 14:02:02 --> Session: Sessions is enabled, and one exists. Please don't $session->start();
INFO - 2025-06-14 14:02:31 --> Session: Class initialized using 'CodeIgniter\Session\Handlers\FileHandler' driver.
WARNING - 2025-06-14 14:02:31 --> Session: Sessions is enabled, and one exists. Please don't $session->start();
INFO - 2025-06-14 14:03:50 --> Session: Class initialized using 'CodeIgniter\Session\Handlers\FileHandler' driver.
WARNING - 2025-06-14 14:03:50 --> Session: Sessions is enabled, and one exists. Please don't $session->start();
INFO - 2025-06-14 14:03:52 --> Session: Class initialized using 'CodeIgniter\Session\Handlers\FileHandler' driver.
WARNING - 2025-06-14 14:03:52 --> Session: Sessions is enabled, and one exists. Please don't $session->start();
INFO - 2025-06-14 14:03:54 --> Session: Class initialized using 'CodeIgniter\Session\Handlers\FileHandler' driver.
WARNING - 2025-06-14 14:03:54 --> Session: Sessions is enabled, and one exists. Please don't $session->start();
INFO - 2025-06-14 14:04:57 --> Session: Class initialized using 'CodeIgniter\Session\Handlers\FileHandler' driver.
WARNING - 2025-06-14 14:04:57 --> Session: Sessions is enabled, and one exists. Please don't $session->start();
INFO - 2025-06-14 14:05:02 --> Session: Class initialized using 'CodeIgniter\Session\Handlers\FileHandler' driver.
WARNING - 2025-06-14 14:05:02 --> Session: Sessions is enabled, and one exists. Please don't $session->start();
INFO - 2025-06-14 14:07:06 --> Session: Class initialized using 'CodeIgniter\Session\Handlers\FileHandler' driver.
WARNING - 2025-06-14 14:07:06 --> Session: Sessions is enabled, and one exists. Please don't $session->start();
INFO - 2025-06-14 14:07:45 --> Session: Class initialized using 'CodeIgniter\Session\Handlers\FileHandler' driver.
WARNING - 2025-06-14 14:07:45 --> Session: Sessions is enabled, and one exists. Please don't $session->start();
CRITICAL - 2025-06-14 14:07:45 --> Error: Object of class stdClass could not be converted to string
[Method: GET, Route: production/inbound]
in APPPATH\Views\templates\sidebar.php on line 3.
 1 SYSTEMPATH\View\View.php(234): include()
 2 SYSTEMPATH\View\View.php(237): CodeIgniter\View\View->CodeIgniter\View\{closure}()
 3 SYSTEMPATH\View\View.php(484): CodeIgniter\View\View->render('templates/sidebar', null, true)
 4 APPPATH\Views\templates\layout.php(23): CodeIgniter\View\View->include('templates/sidebar')
 5 SYSTEMPATH\View\View.php(234): include('D:\\Project\\esgotado\\app\\Views\\templates\\layout.php')
 6 SYSTEMPATH\View\View.php(237): CodeIgniter\View\View->CodeIgniter\View\{closure}()
 7 SYSTEMPATH\View\View.php(250): CodeIgniter\View\View->render('templates/layout', [], true)
 8 SYSTEMPATH\Common.php(1171): CodeIgniter\View\View->render('production/inbound/index', [], true)
 9 APPPATH\Controllers\Production.php(31): view('production/inbound/index')
10 SYSTEMPATH\CodeIgniter.php(933): App\Controllers\Production->inboundView()
11 SYSTEMPATH\CodeIgniter.php(509): CodeIgniter\CodeIgniter->runController(Object(App\Controllers\Production))
12 SYSTEMPATH\CodeIgniter.php(355): CodeIgniter\CodeIgniter->handleRequest(null, Object(Config\Cache), false)
13 SYSTEMPATH\Boot.php(312): CodeIgniter\CodeIgniter->run()
14 SYSTEMPATH\Boot.php(67): CodeIgniter\Boot::runCodeIgniter(Object(CodeIgniter\CodeIgniter))
15 FCPATH\index.php(56): CodeIgniter\Boot::bootWeb(Object(Config\Paths))
16 SYSTEMPATH\Commands\Server\rewrite.php(49): require_once('D:\\Project\\esgotado\\public\\index.php')
INFO - 2025-06-14 14:07:56 --> Session: Class initialized using 'CodeIgniter\Session\Handlers\FileHandler' driver.
WARNING - 2025-06-14 14:07:56 --> Session: Sessions is enabled, and one exists. Please don't $session->start();
INFO - 2025-06-14 14:08:24 --> Session: Class initialized using 'CodeIgniter\Session\Handlers\FileHandler' driver.
WARNING - 2025-06-14 14:08:24 --> Session: Sessions is enabled, and one exists. Please don't $session->start();
INFO - 2025-06-14 14:09:27 --> Session: Class initialized using 'CodeIgniter\Session\Handlers\FileHandler' driver.
WARNING - 2025-06-14 14:09:27 --> Session: Sessions is enabled, and one exists. Please don't $session->start();
INFO - 2025-06-14 14:09:57 --> Session: Class initialized using 'CodeIgniter\Session\Handlers\FileHandler' driver.
WARNING - 2025-06-14 14:09:57 --> Session: Sessions is enabled, and one exists. Please don't $session->start();
INFO - 2025-06-14 14:10:00 --> Session: Class initialized using 'CodeIgniter\Session\Handlers\FileHandler' driver.
WARNING - 2025-06-14 14:10:00 --> Session: Sessions is enabled, and one exists. Please don't $session->start();
INFO - 2025-06-14 14:11:08 --> Session: Class initialized using 'CodeIgniter\Session\Handlers\FileHandler' driver.
WARNING - 2025-06-14 14:11:08 --> Session: Sessions is enabled, and one exists. Please don't $session->start();
INFO - 2025-06-14 14:11:12 --> Session: Class initialized using 'CodeIgniter\Session\Handlers\FileHandler' driver.
WARNING - 2025-06-14 14:11:12 --> Session: Sessions is enabled, and one exists. Please don't $session->start();
INFO - 2025-06-14 14:11:19 --> Session: Class initialized using 'CodeIgniter\Session\Handlers\FileHandler' driver.
WARNING - 2025-06-14 14:11:19 --> Session: Sessions is enabled, and one exists. Please don't $session->start();
INFO - 2025-06-14 14:11:42 --> Session: Class initialized using 'CodeIgniter\Session\Handlers\FileHandler' driver.
WARNING - 2025-06-14 14:11:42 --> Session: Sessions is enabled, and one exists. Please don't $session->start();
INFO - 2025-06-14 14:12:40 --> Session: Class initialized using 'CodeIgniter\Session\Handlers\FileHandler' driver.
WARNING - 2025-06-14 14:12:40 --> Session: Sessions is enabled, and one exists. Please don't $session->start();
INFO - 2025-06-14 14:12:46 --> Session: Class initialized using 'CodeIgniter\Session\Handlers\FileHandler' driver.
WARNING - 2025-06-14 14:12:46 --> Session: Sessions is enabled, and one exists. Please don't $session->start();
INFO - 2025-06-14 14:12:56 --> Session: Class initialized using 'CodeIgniter\Session\Handlers\FileHandler' driver.
WARNING - 2025-06-14 14:12:56 --> Session: Sessions is enabled, and one exists. Please don't $session->start();
INFO - 2025-06-14 14:13:15 --> Session: Class initialized using 'CodeIgniter\Session\Handlers\FileHandler' driver.
WARNING - 2025-06-14 14:13:15 --> Session: Sessions is enabled, and one exists. Please don't $session->start();
INFO - 2025-06-14 14:13:45 --> Session: Class initialized using 'CodeIgniter\Session\Handlers\FileHandler' driver.
WARNING - 2025-06-14 14:13:45 --> Session: Sessions is enabled, and one exists. Please don't $session->start();
INFO - 2025-06-14 14:13:50 --> Session: Class initialized using 'CodeIgniter\Session\Handlers\FileHandler' driver.
WARNING - 2025-06-14 14:13:50 --> Session: Sessions is enabled, and one exists. Please don't $session->start();
INFO - 2025-06-14 14:13:53 --> Session: Class initialized using 'CodeIgniter\Session\Handlers\FileHandler' driver.
WARNING - 2025-06-14 14:13:53 --> Session: Sessions is enabled, and one exists. Please don't $session->start();
INFO - 2025-06-14 14:13:55 --> Session: Class initialized using 'CodeIgniter\Session\Handlers\FileHandler' driver.
WARNING - 2025-06-14 14:13:55 --> Session: Sessions is enabled, and one exists. Please don't $session->start();
INFO - 2025-06-14 14:14:07 --> Session: Class initialized using 'CodeIgniter\Session\Handlers\FileHandler' driver.
WARNING - 2025-06-14 14:14:07 --> Session: Sessions is enabled, and one exists. Please don't $session->start();
INFO - 2025-06-14 14:14:34 --> Session: Class initialized using 'CodeIgniter\Session\Handlers\FileHandler' driver.
WARNING - 2025-06-14 14:14:34 --> Session: Sessions is enabled, and one exists. Please don't $session->start();
INFO - 2025-06-14 14:14:39 --> Session: Class initialized using 'CodeIgniter\Session\Handlers\FileHandler' driver.
WARNING - 2025-06-14 14:14:39 --> Session: Sessions is enabled, and one exists. Please don't $session->start();
INFO - 2025-06-14 14:14:42 --> Session: Class initialized using 'CodeIgniter\Session\Handlers\FileHandler' driver.
WARNING - 2025-06-14 14:14:42 --> Session: Sessions is enabled, and one exists. Please don't $session->start();
INFO - 2025-06-14 14:14:43 --> Session: Class initialized using 'CodeIgniter\Session\Handlers\FileHandler' driver.
WARNING - 2025-06-14 14:14:43 --> Session: Sessions is enabled, and one exists. Please don't $session->start();
INFO - 2025-06-14 14:15:00 --> Session: Class initialized using 'CodeIgniter\Session\Handlers\FileHandler' driver.
WARNING - 2025-06-14 14:15:00 --> Session: Sessions is enabled, and one exists. Please don't $session->start();
INFO - 2025-06-14 14:15:21 --> Session: Class initialized using 'CodeIgniter\Session\Handlers\FileHandler' driver.
WARNING - 2025-06-14 14:15:21 --> Session: Sessions is enabled, and one exists. Please don't $session->start();
INFO - 2025-06-14 14:15:24 --> Session: Class initialized using 'CodeIgniter\Session\Handlers\FileHandler' driver.
WARNING - 2025-06-14 14:15:24 --> Session: Sessions is enabled, and one exists. Please don't $session->start();
INFO - 2025-06-14 14:15:26 --> Session: Class initialized using 'CodeIgniter\Session\Handlers\FileHandler' driver.
WARNING - 2025-06-14 14:15:26 --> Session: Sessions is enabled, and one exists. Please don't $session->start();
INFO - 2025-06-14 14:15:29 --> Session: Class initialized using 'CodeIgniter\Session\Handlers\FileHandler' driver.
WARNING - 2025-06-14 14:15:29 --> Session: Sessions is enabled, and one exists. Please don't $session->start();
INFO - 2025-06-14 14:15:58 --> Session: Class initialized using 'CodeIgniter\Session\Handlers\FileHandler' driver.
WARNING - 2025-06-14 14:15:58 --> Session: Sessions is enabled, and one exists. Please don't $session->start();
INFO - 2025-06-14 14:16:04 --> Session: Class initialized using 'CodeIgniter\Session\Handlers\FileHandler' driver.
WARNING - 2025-06-14 14:16:04 --> Session: Sessions is enabled, and one exists. Please don't $session->start();
INFO - 2025-06-14 14:16:26 --> Session: Class initialized using 'CodeIgniter\Session\Handlers\FileHandler' driver.
WARNING - 2025-06-14 14:16:26 --> Session: Sessions is enabled, and one exists. Please don't $session->start();
INFO - 2025-06-14 14:16:37 --> Session: Class initialized using 'CodeIgniter\Session\Handlers\FileHandler' driver.
WARNING - 2025-06-14 14:16:37 --> Session: Sessions is enabled, and one exists. Please don't $session->start();
INFO - 2025-06-14 14:16:39 --> Session: Class initialized using 'CodeIgniter\Session\Handlers\FileHandler' driver.
WARNING - 2025-06-14 14:16:39 --> Session: Sessions is enabled, and one exists. Please don't $session->start();
INFO - 2025-06-14 14:16:41 --> Session: Class initialized using 'CodeIgniter\Session\Handlers\FileHandler' driver.
WARNING - 2025-06-14 14:16:41 --> Session: Sessions is enabled, and one exists. Please don't $session->start();
INFO - 2025-06-14 14:16:44 --> Session: Class initialized using 'CodeIgniter\Session\Handlers\FileHandler' driver.
WARNING - 2025-06-14 14:16:44 --> Session: Sessions is enabled, and one exists. Please don't $session->start();
INFO - 2025-06-14 14:16:46 --> Session: Class initialized using 'CodeIgniter\Session\Handlers\FileHandler' driver.
WARNING - 2025-06-14 14:16:46 --> Session: Sessions is enabled, and one exists. Please don't $session->start();
INFO - 2025-06-14 14:17:53 --> Session: Class initialized using 'CodeIgniter\Session\Handlers\FileHandler' driver.
WARNING - 2025-06-14 14:17:53 --> Session: Sessions is enabled, and one exists. Please don't $session->start();
INFO - 2025-06-14 14:18:06 --> Session: Class initialized using 'CodeIgniter\Session\Handlers\FileHandler' driver.
WARNING - 2025-06-14 14:18:06 --> Session: Sessions is enabled, and one exists. Please don't $session->start();
INFO - 2025-06-14 14:18:29 --> Session: Class initialized using 'CodeIgniter\Session\Handlers\FileHandler' driver.
WARNING - 2025-06-14 14:18:29 --> Session: Sessions is enabled, and one exists. Please don't $session->start();
INFO - 2025-06-14 14:25:08 --> Session: Class initialized using 'CodeIgniter\Session\Handlers\FileHandler' driver.
WARNING - 2025-06-14 14:25:08 --> Session: Sessions is enabled, and one exists. Please don't $session->start();
INFO - 2025-06-14 14:26:41 --> Session: Class initialized using 'CodeIgniter\Session\Handlers\FileHandler' driver.
WARNING - 2025-06-14 14:26:41 --> Session: Sessions is enabled, and one exists. Please don't $session->start();
INFO - 2025-06-14 14:30:28 --> Session: Class initialized using 'CodeIgniter\Session\Handlers\FileHandler' driver.
WARNING - 2025-06-14 14:30:28 --> Session: Sessions is enabled, and one exists. Please don't $session->start();
INFO - 2025-06-14 14:30:42 --> Session: Class initialized using 'CodeIgniter\Session\Handlers\FileHandler' driver.
WARNING - 2025-06-14 14:30:42 --> Session: Sessions is enabled, and one exists. Please don't $session->start();
INFO - 2025-06-14 14:35:35 --> Session: Class initialized using 'CodeIgniter\Session\Handlers\FileHandler' driver.
WARNING - 2025-06-14 14:35:35 --> Session: Sessions is enabled, and one exists. Please don't $session->start();
INFO - 2025-06-14 14:35:55 --> Session: Class initialized using 'CodeIgniter\Session\Handlers\FileHandler' driver.
WARNING - 2025-06-14 14:35:55 --> Session: Sessions is enabled, and one exists. Please don't $session->start();
INFO - 2025-06-14 14:36:14 --> Session: Class initialized using 'CodeIgniter\Session\Handlers\FileHandler' driver.
WARNING - 2025-06-14 14:36:14 --> Session: Sessions is enabled, and one exists. Please don't $session->start();
INFO - 2025-06-14 14:36:59 --> Session: Class initialized using 'CodeIgniter\Session\Handlers\FileHandler' driver.
WARNING - 2025-06-14 14:36:59 --> Session: Sessions is enabled, and one exists. Please don't $session->start();
INFO - 2025-06-14 14:38:09 --> Session: Class initialized using 'CodeIgniter\Session\Handlers\FileHandler' driver.
WARNING - 2025-06-14 14:38:09 --> Session: Sessions is enabled, and one exists. Please don't $session->start();
INFO - 2025-06-14 14:38:17 --> Session: Class initialized using 'CodeIgniter\Session\Handlers\FileHandler' driver.
WARNING - 2025-06-14 14:38:17 --> Session: Sessions is enabled, and one exists. Please don't $session->start();
INFO - 2025-06-14 14:42:52 --> Session: Class initialized using 'CodeIgniter\Session\Handlers\FileHandler' driver.
WARNING - 2025-06-14 14:42:52 --> Session: Sessions is enabled, and one exists. Please don't $session->start();
INFO - 2025-06-14 14:43:03 --> Session: Class initialized using 'CodeIgniter\Session\Handlers\FileHandler' driver.
WARNING - 2025-06-14 14:43:03 --> Session: Sessions is enabled, and one exists. Please don't $session->start();
INFO - 2025-06-14 14:45:34 --> Session: Class initialized using 'CodeIgniter\Session\Handlers\FileHandler' driver.
WARNING - 2025-06-14 14:45:34 --> Session: Sessions is enabled, and one exists. Please don't $session->start();
INFO - 2025-06-14 14:47:04 --> Session: Class initialized using 'CodeIgniter\Session\Handlers\FileHandler' driver.
WARNING - 2025-06-14 14:47:04 --> Session: Sessions is enabled, and one exists. Please don't $session->start();
INFO - 2025-06-14 14:55:56 --> Session: Class initialized using 'CodeIgniter\Session\Handlers\FileHandler' driver.
WARNING - 2025-06-14 14:55:56 --> Session: Sessions is enabled, and one exists. Please don't $session->start();
INFO - 2025-06-14 14:55:58 --> Session: Class initialized using 'CodeIgniter\Session\Handlers\FileHandler' driver.
WARNING - 2025-06-14 14:55:58 --> Session: Sessions is enabled, and one exists. Please don't $session->start();
INFO - 2025-06-14 15:18:33 --> Session: Class initialized using 'CodeIgniter\Session\Handlers\FileHandler' driver.
WARNING - 2025-06-14 15:18:33 --> Session: Sessions is enabled, and one exists. Please don't $session->start();
INFO - 2025-06-14 15:37:10 --> Session: Class initialized using 'CodeIgniter\Session\Handlers\FileHandler' driver.
WARNING - 2025-06-14 15:37:10 --> Session: Sessions is enabled, and one exists. Please don't $session->start();
INFO - 2025-06-14 15:37:16 --> Session: Class initialized using 'CodeIgniter\Session\Handlers\FileHandler' driver.
WARNING - 2025-06-14 15:37:16 --> Session: Sessions is enabled, and one exists. Please don't $session->start();
INFO - 2025-06-14 15:53:22 --> Session: Class initialized using 'CodeIgniter\Session\Handlers\FileHandler' driver.
WARNING - 2025-06-14 15:53:22 --> Session: Sessions is enabled, and one exists. Please don't $session->start();
INFO - 2025-06-14 15:53:26 --> Session: Class initialized using 'CodeIgniter\Session\Handlers\FileHandler' driver.
WARNING - 2025-06-14 15:53:26 --> Session: Sessions is enabled, and one exists. Please don't $session->start();
INFO - 2025-06-14 15:53:28 --> Session: Class initialized using 'CodeIgniter\Session\Handlers\FileHandler' driver.
WARNING - 2025-06-14 15:53:28 --> Session: Sessions is enabled, and one exists. Please don't $session->start();
INFO - 2025-06-14 15:53:31 --> Session: Class initialized using 'CodeIgniter\Session\Handlers\FileHandler' driver.
WARNING - 2025-06-14 15:53:31 --> Session: Sessions is enabled, and one exists. Please don't $session->start();
INFO - 2025-06-14 15:53:36 --> Session: Class initialized using 'CodeIgniter\Session\Handlers\FileHandler' driver.
WARNING - 2025-06-14 15:53:36 --> Session: Sessions is enabled, and one exists. Please don't $session->start();
INFO - 2025-06-14 15:53:54 --> Session: Class initialized using 'CodeIgniter\Session\Handlers\FileHandler' driver.
WARNING - 2025-06-14 15:53:54 --> Session: Sessions is enabled, and one exists. Please don't $session->start();
INFO - 2025-06-14 15:53:58 --> Session: Class initialized using 'CodeIgniter\Session\Handlers\FileHandler' driver.
WARNING - 2025-06-14 15:53:58 --> Session: Sessions is enabled, and one exists. Please don't $session->start();
INFO - 2025-06-14 15:54:02 --> Session: Class initialized using 'CodeIgniter\Session\Handlers\FileHandler' driver.
WARNING - 2025-06-14 15:54:02 --> Session: Sessions is enabled, and one exists. Please don't $session->start();
