INFO - 2025-06-22 01:08:19 --> Session: Class initialized using 'CodeIgniter\Session\Handlers\FileHandler' driver.
INFO - 2025-06-22 01:08:20 --> Session: Class initialized using 'CodeIgniter\Session\Handlers\FileHandler' driver.
WARNING - 2025-06-22 01:08:21 --> Session: Sessions is enabled, and one exists. Please don't $session->start();
INFO - 2025-06-22 01:08:31 --> Session: Class initialized using 'CodeIgniter\Session\Handlers\FileHandler' driver.
WARNING - 2025-06-22 01:08:31 --> Session: Sessions is enabled, and one exists. Please don't $session->start();
INFO - 2025-06-22 01:08:31 --> Session: Class initialized using 'CodeIgniter\Session\Handlers\FileHandler' driver.
WARNING - 2025-06-22 01:08:31 --> Session: Sessions is enabled, and one exists. Please don't $session->start();
INFO - 2025-06-22 01:09:22 --> Session: Class initialized using 'CodeIgniter\Session\Handlers\FileHandler' driver.
WARNING - 2025-06-22 01:09:22 --> Session: Sessions is enabled, and one exists. Please don't $session->start();
INFO - 2025-06-22 01:12:57 --> Session: Class initialized using 'CodeIgniter\Session\Handlers\FileHandler' driver.
WARNING - 2025-06-22 01:12:57 --> Session: Sessions is enabled, and one exists. Please don't $session->start();
INFO - 2025-06-22 01:39:27 --> Session: Class initialized using 'CodeIgniter\Session\Handlers\FileHandler' driver.
WARNING - 2025-06-22 01:39:27 --> Session: Sessions is enabled, and one exists. Please don't $session->start();
INFO - 2025-06-22 01:39:40 --> Session: Class initialized using 'CodeIgniter\Session\Handlers\FileHandler' driver.
WARNING - 2025-06-22 01:39:40 --> Session: Sessions is enabled, and one exists. Please don't $session->start();
INFO - 2025-06-22 01:39:43 --> Session: Class initialized using 'CodeIgniter\Session\Handlers\FileHandler' driver.
WARNING - 2025-06-22 01:39:43 --> Session: Sessions is enabled, and one exists. Please don't $session->start();
INFO - 2025-06-22 01:40:03 --> Session: Class initialized using 'CodeIgniter\Session\Handlers\FileHandler' driver.
WARNING - 2025-06-22 01:40:03 --> Session: Sessions is enabled, and one exists. Please don't $session->start();
INFO - 2025-06-22 01:40:03 --> Session: Class initialized using 'CodeIgniter\Session\Handlers\FileHandler' driver.
WARNING - 2025-06-22 01:40:03 --> Session: Sessions is enabled, and one exists. Please don't $session->start();
INFO - 2025-06-22 01:40:05 --> Session: Class initialized using 'CodeIgniter\Session\Handlers\FileHandler' driver.
WARNING - 2025-06-22 01:40:05 --> Session: Sessions is enabled, and one exists. Please don't $session->start();
INFO - 2025-06-22 01:41:47 --> Session: Class initialized using 'CodeIgniter\Session\Handlers\FileHandler' driver.
WARNING - 2025-06-22 01:41:47 --> Session: Sessions is enabled, and one exists. Please don't $session->start();
CRITICAL - 2025-06-22 01:41:47 --> ErrorException: Undefined property: stdClass::$action
[Method: GET, Route: log-activity]
in APPPATH\Views\logActivity\index.php on line 32.
 1 APPPATH\Views\logActivity\index.php(32): CodeIgniter\Debug\Exceptions->errorHandler(2, 'Undefined property: stdClass::$action', 'D:\\Project\\esgotado\\app\\Views\\logActivity\\index.php', 32)
 2 SYSTEMPATH\View\View.php(234): include('D:\\Project\\esgotado\\app\\Views\\logActivity\\index.php')
 3 SYSTEMPATH\View\View.php(237): CodeIgniter\View\View->CodeIgniter\View\{closure}()
 4 SYSTEMPATH\Common.php(1171): CodeIgniter\View\View->render('/logActivity/index', [], true)
 5 APPPATH\Controllers\Production.php(261): view('/logActivity/index', [...])
 6 SYSTEMPATH\CodeIgniter.php(933): App\Controllers\Production->logActivityView()
 7 SYSTEMPATH\CodeIgniter.php(509): CodeIgniter\CodeIgniter->runController(Object(App\Controllers\Production))
 8 SYSTEMPATH\CodeIgniter.php(355): CodeIgniter\CodeIgniter->handleRequest(null, Object(Config\Cache), false)
 9 SYSTEMPATH\Boot.php(312): CodeIgniter\CodeIgniter->run()
10 SYSTEMPATH\Boot.php(67): CodeIgniter\Boot::runCodeIgniter(Object(CodeIgniter\CodeIgniter))
11 FCPATH\index.php(56): CodeIgniter\Boot::bootWeb(Object(Config\Paths))
12 SYSTEMPATH\Commands\Server\rewrite.php(49): require_once('D:\\Project\\esgotado\\public\\index.php')
INFO - 2025-06-22 01:42:16 --> Session: Class initialized using 'CodeIgniter\Session\Handlers\FileHandler' driver.
WARNING - 2025-06-22 01:42:16 --> Session: Sessions is enabled, and one exists. Please don't $session->start();
INFO - 2025-06-22 01:42:22 --> Session: Class initialized using 'CodeIgniter\Session\Handlers\FileHandler' driver.
WARNING - 2025-06-22 01:42:22 --> Session: Sessions is enabled, and one exists. Please don't $session->start();
INFO - 2025-06-22 01:42:53 --> Session: Class initialized using 'CodeIgniter\Session\Handlers\FileHandler' driver.
WARNING - 2025-06-22 01:42:53 --> Session: Sessions is enabled, and one exists. Please don't $session->start();
INFO - 2025-06-22 01:42:59 --> Session: Class initialized using 'CodeIgniter\Session\Handlers\FileHandler' driver.
WARNING - 2025-06-22 01:42:59 --> Session: Sessions is enabled, and one exists. Please don't $session->start();
INFO - 2025-06-22 01:43:03 --> Session: Class initialized using 'CodeIgniter\Session\Handlers\FileHandler' driver.
WARNING - 2025-06-22 01:43:03 --> Session: Sessions is enabled, and one exists. Please don't $session->start();
INFO - 2025-06-22 01:43:06 --> Session: Class initialized using 'CodeIgniter\Session\Handlers\FileHandler' driver.
WARNING - 2025-06-22 01:43:06 --> Session: Sessions is enabled, and one exists. Please don't $session->start();
INFO - 2025-06-22 01:43:09 --> Session: Class initialized using 'CodeIgniter\Session\Handlers\FileHandler' driver.
WARNING - 2025-06-22 01:43:09 --> Session: Sessions is enabled, and one exists. Please don't $session->start();
INFO - 2025-06-22 01:43:11 --> Session: Class initialized using 'CodeIgniter\Session\Handlers\FileHandler' driver.
WARNING - 2025-06-22 01:43:11 --> Session: Sessions is enabled, and one exists. Please don't $session->start();
INFO - 2025-06-22 01:43:36 --> Session: Class initialized using 'CodeIgniter\Session\Handlers\FileHandler' driver.
WARNING - 2025-06-22 01:43:36 --> Session: Sessions is enabled, and one exists. Please don't $session->start();
INFO - 2025-06-22 01:43:36 --> Session: Class initialized using 'CodeIgniter\Session\Handlers\FileHandler' driver.
WARNING - 2025-06-22 01:43:36 --> Session: Sessions is enabled, and one exists. Please don't $session->start();
INFO - 2025-06-22 01:43:39 --> Session: Class initialized using 'CodeIgniter\Session\Handlers\FileHandler' driver.
WARNING - 2025-06-22 01:43:39 --> Session: Sessions is enabled, and one exists. Please don't $session->start();
INFO - 2025-06-22 01:43:50 --> Session: Class initialized using 'CodeIgniter\Session\Handlers\FileHandler' driver.
WARNING - 2025-06-22 01:43:50 --> Session: Sessions is enabled, and one exists. Please don't $session->start();
INFO - 2025-06-22 01:43:52 --> Session: Class initialized using 'CodeIgniter\Session\Handlers\FileHandler' driver.
WARNING - 2025-06-22 01:43:52 --> Session: Sessions is enabled, and one exists. Please don't $session->start();
INFO - 2025-06-22 01:43:55 --> Session: Class initialized using 'CodeIgniter\Session\Handlers\FileHandler' driver.
WARNING - 2025-06-22 01:43:55 --> Session: Sessions is enabled, and one exists. Please don't $session->start();
INFO - 2025-06-22 01:44:12 --> Session: Class initialized using 'CodeIgniter\Session\Handlers\FileHandler' driver.
WARNING - 2025-06-22 01:44:12 --> Session: Sessions is enabled, and one exists. Please don't $session->start();
INFO - 2025-06-22 01:44:12 --> Session: Class initialized using 'CodeIgniter\Session\Handlers\FileHandler' driver.
WARNING - 2025-06-22 01:44:12 --> Session: Sessions is enabled, and one exists. Please don't $session->start();
INFO - 2025-06-22 01:44:14 --> Session: Class initialized using 'CodeIgniter\Session\Handlers\FileHandler' driver.
WARNING - 2025-06-22 01:44:14 --> Session: Sessions is enabled, and one exists. Please don't $session->start();
INFO - 2025-06-22 01:44:29 --> Session: Class initialized using 'CodeIgniter\Session\Handlers\FileHandler' driver.
WARNING - 2025-06-22 01:44:29 --> Session: Sessions is enabled, and one exists. Please don't $session->start();
INFO - 2025-06-22 01:44:32 --> Session: Class initialized using 'CodeIgniter\Session\Handlers\FileHandler' driver.
WARNING - 2025-06-22 01:44:32 --> Session: Sessions is enabled, and one exists. Please don't $session->start();
INFO - 2025-06-22 01:45:10 --> Session: Class initialized using 'CodeIgniter\Session\Handlers\FileHandler' driver.
WARNING - 2025-06-22 01:45:10 --> Session: Sessions is enabled, and one exists. Please don't $session->start();
INFO - 2025-06-22 01:45:10 --> Session: Class initialized using 'CodeIgniter\Session\Handlers\FileHandler' driver.
WARNING - 2025-06-22 01:45:10 --> Session: Sessions is enabled, and one exists. Please don't $session->start();
INFO - 2025-06-22 01:45:12 --> Session: Class initialized using 'CodeIgniter\Session\Handlers\FileHandler' driver.
WARNING - 2025-06-22 01:45:12 --> Session: Sessions is enabled, and one exists. Please don't $session->start();
INFO - 2025-06-22 01:45:20 --> Session: Class initialized using 'CodeIgniter\Session\Handlers\FileHandler' driver.
WARNING - 2025-06-22 01:45:20 --> Session: Sessions is enabled, and one exists. Please don't $session->start();
INFO - 2025-06-22 01:45:24 --> Session: Class initialized using 'CodeIgniter\Session\Handlers\FileHandler' driver.
WARNING - 2025-06-22 01:45:24 --> Session: Sessions is enabled, and one exists. Please don't $session->start();
INFO - 2025-06-22 01:45:30 --> Session: Class initialized using 'CodeIgniter\Session\Handlers\FileHandler' driver.
WARNING - 2025-06-22 01:45:30 --> Session: Sessions is enabled, and one exists. Please don't $session->start();
INFO - 2025-06-22 01:45:30 --> Session: Class initialized using 'CodeIgniter\Session\Handlers\FileHandler' driver.
WARNING - 2025-06-22 01:45:30 --> Session: Sessions is enabled, and one exists. Please don't $session->start();
INFO - 2025-06-22 01:45:32 --> Session: Class initialized using 'CodeIgniter\Session\Handlers\FileHandler' driver.
WARNING - 2025-06-22 01:45:32 --> Session: Sessions is enabled, and one exists. Please don't $session->start();
INFO - 2025-06-22 01:45:39 --> Session: Class initialized using 'CodeIgniter\Session\Handlers\FileHandler' driver.
WARNING - 2025-06-22 01:45:39 --> Session: Sessions is enabled, and one exists. Please don't $session->start();
INFO - 2025-06-22 01:45:41 --> Session: Class initialized using 'CodeIgniter\Session\Handlers\FileHandler' driver.
WARNING - 2025-06-22 01:45:41 --> Session: Sessions is enabled, and one exists. Please don't $session->start();
INFO - 2025-06-22 01:45:44 --> Session: Class initialized using 'CodeIgniter\Session\Handlers\FileHandler' driver.
WARNING - 2025-06-22 01:45:44 --> Session: Sessions is enabled, and one exists. Please don't $session->start();
INFO - 2025-06-22 01:46:00 --> Session: Class initialized using 'CodeIgniter\Session\Handlers\FileHandler' driver.
WARNING - 2025-06-22 01:46:00 --> Session: Sessions is enabled, and one exists. Please don't $session->start();
INFO - 2025-06-22 01:46:00 --> Session: Class initialized using 'CodeIgniter\Session\Handlers\FileHandler' driver.
WARNING - 2025-06-22 01:46:00 --> Session: Sessions is enabled, and one exists. Please don't $session->start();
INFO - 2025-06-22 01:46:03 --> Session: Class initialized using 'CodeIgniter\Session\Handlers\FileHandler' driver.
WARNING - 2025-06-22 01:46:03 --> Session: Sessions is enabled, and one exists. Please don't $session->start();
INFO - 2025-06-22 01:46:07 --> Session: Class initialized using 'CodeIgniter\Session\Handlers\FileHandler' driver.
WARNING - 2025-06-22 01:46:07 --> Session: Sessions is enabled, and one exists. Please don't $session->start();
INFO - 2025-06-22 01:46:11 --> Session: Class initialized using 'CodeIgniter\Session\Handlers\FileHandler' driver.
WARNING - 2025-06-22 01:46:11 --> Session: Sessions is enabled, and one exists. Please don't $session->start();
CRITICAL - 2025-06-22 01:46:11 --> ErrorException: Trying to access array offset on value of type null
[Method: GET, Route: production/inbound/delete/9]
in APPPATH\Controllers\Inbound.php on line 141.
 1 APPPATH\Controllers\Inbound.php(141): CodeIgniter\Debug\Exceptions->errorHandler(2, 'Trying to access array offset on value of type null', 'D:\\Project\\esgotado\\app\\Controllers\\Inbound.php', 141)
 2 SYSTEMPATH\CodeIgniter.php(933): App\Controllers\Inbound->deleteInboundProcess('9')
 3 SYSTEMPATH\CodeIgniter.php(509): CodeIgniter\CodeIgniter->runController(Object(App\Controllers\Inbound))
 4 SYSTEMPATH\CodeIgniter.php(355): CodeIgniter\CodeIgniter->handleRequest(null, Object(Config\Cache), false)
 5 SYSTEMPATH\Boot.php(312): CodeIgniter\CodeIgniter->run()
 6 SYSTEMPATH\Boot.php(67): CodeIgniter\Boot::runCodeIgniter(Object(CodeIgniter\CodeIgniter))
 7 FCPATH\index.php(56): CodeIgniter\Boot::bootWeb(Object(Config\Paths))
 8 SYSTEMPATH\Commands\Server\rewrite.php(49): require_once('D:\\Project\\esgotado\\public\\index.php')
INFO - 2025-06-22 01:46:42 --> Session: Class initialized using 'CodeIgniter\Session\Handlers\FileHandler' driver.
WARNING - 2025-06-22 01:46:42 --> Session: Sessions is enabled, and one exists. Please don't $session->start();
CRITICAL - 2025-06-22 01:46:42 --> ErrorException: Trying to access array offset on value of type null
[Method: GET, Route: production/inbound/delete/9]
in APPPATH\Controllers\Inbound.php on line 142.
 1 APPPATH\Controllers\Inbound.php(142): CodeIgniter\Debug\Exceptions->errorHandler(2, 'Trying to access array offset on value of type null', 'D:\\Project\\esgotado\\app\\Controllers\\Inbound.php', 142)
 2 SYSTEMPATH\CodeIgniter.php(933): App\Controllers\Inbound->deleteInboundProcess('9')
 3 SYSTEMPATH\CodeIgniter.php(509): CodeIgniter\CodeIgniter->runController(Object(App\Controllers\Inbound))
 4 SYSTEMPATH\CodeIgniter.php(355): CodeIgniter\CodeIgniter->handleRequest(null, Object(Config\Cache), false)
 5 SYSTEMPATH\Boot.php(312): CodeIgniter\CodeIgniter->run()
 6 SYSTEMPATH\Boot.php(67): CodeIgniter\Boot::runCodeIgniter(Object(CodeIgniter\CodeIgniter))
 7 FCPATH\index.php(56): CodeIgniter\Boot::bootWeb(Object(Config\Paths))
 8 SYSTEMPATH\Commands\Server\rewrite.php(49): require_once('D:\\Project\\esgotado\\public\\index.php')
INFO - 2025-06-22 01:47:42 --> Session: Class initialized using 'CodeIgniter\Session\Handlers\FileHandler' driver.
WARNING - 2025-06-22 01:47:42 --> Session: Sessions is enabled, and one exists. Please don't $session->start();
CRITICAL - 2025-06-22 01:47:42 --> ErrorException: Trying to access array offset on value of type null
[Method: GET, Route: production/inbound/delete/9]
in APPPATH\Controllers\Inbound.php on line 139.
 1 APPPATH\Controllers\Inbound.php(139): CodeIgniter\Debug\Exceptions->errorHandler(2, 'Trying to access array offset on value of type null', 'D:\\Project\\esgotado\\app\\Controllers\\Inbound.php', 139)
 2 SYSTEMPATH\CodeIgniter.php(933): App\Controllers\Inbound->deleteInboundProcess('9')
 3 SYSTEMPATH\CodeIgniter.php(509): CodeIgniter\CodeIgniter->runController(Object(App\Controllers\Inbound))
 4 SYSTEMPATH\CodeIgniter.php(355): CodeIgniter\CodeIgniter->handleRequest(null, Object(Config\Cache), false)
 5 SYSTEMPATH\Boot.php(312): CodeIgniter\CodeIgniter->run()
 6 SYSTEMPATH\Boot.php(67): CodeIgniter\Boot::runCodeIgniter(Object(CodeIgniter\CodeIgniter))
 7 FCPATH\index.php(56): CodeIgniter\Boot::bootWeb(Object(Config\Paths))
 8 SYSTEMPATH\Commands\Server\rewrite.php(49): require_once('D:\\Project\\esgotado\\public\\index.php')
INFO - 2025-06-22 01:47:50 --> Session: Class initialized using 'CodeIgniter\Session\Handlers\FileHandler' driver.
WARNING - 2025-06-22 01:47:50 --> Session: Sessions is enabled, and one exists. Please don't $session->start();
INFO - 2025-06-22 01:47:53 --> Session: Class initialized using 'CodeIgniter\Session\Handlers\FileHandler' driver.
WARNING - 2025-06-22 01:47:53 --> Session: Sessions is enabled, and one exists. Please don't $session->start();
INFO - 2025-06-22 01:47:56 --> Session: Class initialized using 'CodeIgniter\Session\Handlers\FileHandler' driver.
WARNING - 2025-06-22 01:47:56 --> Session: Sessions is enabled, and one exists. Please don't $session->start();
INFO - 2025-06-22 01:47:58 --> Session: Class initialized using 'CodeIgniter\Session\Handlers\FileHandler' driver.
WARNING - 2025-06-22 01:47:58 --> Session: Sessions is enabled, and one exists. Please don't $session->start();
INFO - 2025-06-22 01:48:01 --> Session: Class initialized using 'CodeIgniter\Session\Handlers\FileHandler' driver.
WARNING - 2025-06-22 01:48:01 --> Session: Sessions is enabled, and one exists. Please don't $session->start();
INFO - 2025-06-22 01:48:05 --> Session: Class initialized using 'CodeIgniter\Session\Handlers\FileHandler' driver.
WARNING - 2025-06-22 01:48:05 --> Session: Sessions is enabled, and one exists. Please don't $session->start();
INFO - 2025-06-22 01:48:05 --> Session: Class initialized using 'CodeIgniter\Session\Handlers\FileHandler' driver.
WARNING - 2025-06-22 01:48:05 --> Session: Sessions is enabled, and one exists. Please don't $session->start();
INFO - 2025-06-22 01:48:12 --> Session: Class initialized using 'CodeIgniter\Session\Handlers\FileHandler' driver.
WARNING - 2025-06-22 01:48:12 --> Session: Sessions is enabled, and one exists. Please don't $session->start();
INFO - 2025-06-22 01:48:15 --> Session: Class initialized using 'CodeIgniter\Session\Handlers\FileHandler' driver.
WARNING - 2025-06-22 01:48:15 --> Session: Sessions is enabled, and one exists. Please don't $session->start();
INFO - 2025-06-22 01:48:18 --> Session: Class initialized using 'CodeIgniter\Session\Handlers\FileHandler' driver.
WARNING - 2025-06-22 01:48:18 --> Session: Sessions is enabled, and one exists. Please don't $session->start();
INFO - 2025-06-22 01:48:18 --> Session: Class initialized using 'CodeIgniter\Session\Handlers\FileHandler' driver.
WARNING - 2025-06-22 01:48:18 --> Session: Sessions is enabled, and one exists. Please don't $session->start();
INFO - 2025-06-22 01:48:21 --> Session: Class initialized using 'CodeIgniter\Session\Handlers\FileHandler' driver.
WARNING - 2025-06-22 01:48:21 --> Session: Sessions is enabled, and one exists. Please don't $session->start();
INFO - 2025-06-22 01:48:51 --> Session: Class initialized using 'CodeIgniter\Session\Handlers\FileHandler' driver.
WARNING - 2025-06-22 01:48:51 --> Session: Sessions is enabled, and one exists. Please don't $session->start();
INFO - 2025-06-22 01:48:53 --> Session: Class initialized using 'CodeIgniter\Session\Handlers\FileHandler' driver.
WARNING - 2025-06-22 01:48:53 --> Session: Sessions is enabled, and one exists. Please don't $session->start();
INFO - 2025-06-22 01:48:54 --> Session: Class initialized using 'CodeIgniter\Session\Handlers\FileHandler' driver.
WARNING - 2025-06-22 01:48:54 --> Session: Sessions is enabled, and one exists. Please don't $session->start();
INFO - 2025-06-22 01:48:56 --> Session: Class initialized using 'CodeIgniter\Session\Handlers\FileHandler' driver.
WARNING - 2025-06-22 01:48:56 --> Session: Sessions is enabled, and one exists. Please don't $session->start();
INFO - 2025-06-22 01:48:58 --> Session: Class initialized using 'CodeIgniter\Session\Handlers\FileHandler' driver.
WARNING - 2025-06-22 01:48:58 --> Session: Sessions is enabled, and one exists. Please don't $session->start();
