INFO - 2024-06-10 01:37:07 --> Session: Class initialized using 'CodeIgniter\Session\Handlers\FileHandler' driver.
WARNING - 2024-06-10 01:37:07 --> Session: Sessions is enabled, and one exists. Please don't $session->start();
INFO - 2024-06-10 01:37:12 --> Session: Class initialized using 'CodeIgniter\Session\Handlers\FileHandler' driver.
WARNING - 2024-06-10 01:37:12 --> Session: Sessions is enabled, and one exists. Please don't $session->start();
INFO - 2024-06-10 01:37:39 --> Session: Class initialized using 'CodeIgniter\Session\Handlers\FileHandler' driver.
WARNING - 2024-06-10 01:37:39 --> Session: Sessions is enabled, and one exists. Please don't $session->start();
INFO - 2024-06-10 01:37:43 --> Session: Class initialized using 'CodeIgniter\Session\Handlers\FileHandler' driver.
WARNING - 2024-06-10 01:37:43 --> Session: Sessions is enabled, and one exists. Please don't $session->start();
INFO - 2024-06-10 01:37:44 --> Session: Class initialized using 'CodeIgniter\Session\Handlers\FileHandler' driver.
WARNING - 2024-06-10 01:37:44 --> Session: Sessions is enabled, and one exists. Please don't $session->start();
INFO - 2024-06-10 01:37:45 --> Session: Class initialized using 'CodeIgniter\Session\Handlers\FileHandler' driver.
WARNING - 2024-06-10 01:37:45 --> Session: Sessions is enabled, and one exists. Please don't $session->start();
INFO - 2024-06-10 01:37:47 --> Session: Class initialized using 'CodeIgniter\Session\Handlers\FileHandler' driver.
WARNING - 2024-06-10 01:37:47 --> Session: Sessions is enabled, and one exists. Please don't $session->start();
INFO - 2024-06-10 01:37:49 --> Session: Class initialized using 'CodeIgniter\Session\Handlers\FileHandler' driver.
WARNING - 2024-06-10 01:37:49 --> Session: Sessions is enabled, and one exists. Please don't $session->start();
INFO - 2024-06-10 01:39:09 --> Session: Class initialized using 'CodeIgniter\Session\Handlers\FileHandler' driver.
WARNING - 2024-06-10 01:39:09 --> Session: Sessions is enabled, and one exists. Please don't $session->start();
INFO - 2024-06-10 01:39:11 --> Session: Class initialized using 'CodeIgniter\Session\Handlers\FileHandler' driver.
WARNING - 2024-06-10 01:39:11 --> Session: Sessions is enabled, and one exists. Please don't $session->start();
INFO - 2024-06-10 01:39:11 --> Session: Class initialized using 'CodeIgniter\Session\Handlers\FileHandler' driver.
WARNING - 2024-06-10 01:39:11 --> Session: Sessions is enabled, and one exists. Please don't $session->start();
INFO - 2024-06-10 01:39:11 --> Session: Class initialized using 'CodeIgniter\Session\Handlers\FileHandler' driver.
WARNING - 2024-06-10 01:39:11 --> Session: Sessions is enabled, and one exists. Please don't $session->start();
INFO - 2024-06-10 01:39:13 --> Session: Class initialized using 'CodeIgniter\Session\Handlers\FileHandler' driver.
WARNING - 2024-06-10 01:39:13 --> Session: Sessions is enabled, and one exists. Please don't $session->start();
INFO - 2024-06-10 01:39:15 --> Session: Class initialized using 'CodeIgniter\Session\Handlers\FileHandler' driver.
WARNING - 2024-06-10 01:39:15 --> Session: Sessions is enabled, and one exists. Please don't $session->start();
INFO - 2024-06-10 01:39:28 --> Session: Class initialized using 'CodeIgniter\Session\Handlers\FileHandler' driver.
WARNING - 2024-06-10 01:39:28 --> Session: Sessions is enabled, and one exists. Please don't $session->start();
INFO - 2024-06-10 01:39:33 --> Session: Class initialized using 'CodeIgniter\Session\Handlers\FileHandler' driver.
WARNING - 2024-06-10 01:39:33 --> Session: Sessions is enabled, and one exists. Please don't $session->start();
INFO - 2024-06-10 01:39:52 --> Session: Class initialized using 'CodeIgniter\Session\Handlers\FileHandler' driver.
WARNING - 2024-06-10 01:39:52 --> Session: Sessions is enabled, and one exists. Please don't $session->start();
INFO - 2024-06-10 01:39:53 --> Session: Class initialized using 'CodeIgniter\Session\Handlers\FileHandler' driver.
WARNING - 2024-06-10 01:39:53 --> Session: Sessions is enabled, and one exists. Please don't $session->start();
INFO - 2024-06-10 01:39:55 --> Session: Class initialized using 'CodeIgniter\Session\Handlers\FileHandler' driver.
WARNING - 2024-06-10 01:39:55 --> Session: Sessions is enabled, and one exists. Please don't $session->start();
INFO - 2024-06-10 01:39:56 --> Session: Class initialized using 'CodeIgniter\Session\Handlers\FileHandler' driver.
WARNING - 2024-06-10 01:39:56 --> Session: Sessions is enabled, and one exists. Please don't $session->start();
INFO - 2024-06-10 01:40:01 --> Session: Class initialized using 'CodeIgniter\Session\Handlers\FileHandler' driver.
WARNING - 2024-06-10 01:40:01 --> Session: Sessions is enabled, and one exists. Please don't $session->start();
INFO - 2024-06-10 01:40:05 --> Session: Class initialized using 'CodeIgniter\Session\Handlers\FileHandler' driver.
WARNING - 2024-06-10 01:40:05 --> Session: Sessions is enabled, and one exists. Please don't $session->start();
INFO - 2024-06-10 01:40:10 --> Session: Class initialized using 'CodeIgniter\Session\Handlers\FileHandler' driver.
WARNING - 2024-06-10 01:40:10 --> Session: Sessions is enabled, and one exists. Please don't $session->start();
INFO - 2024-06-10 01:40:47 --> Session: Class initialized using 'CodeIgniter\Session\Handlers\FileHandler' driver.
WARNING - 2024-06-10 01:40:47 --> Session: Sessions is enabled, and one exists. Please don't $session->start();
INFO - 2024-06-10 01:42:01 --> Session: Class initialized using 'CodeIgniter\Session\Handlers\FileHandler' driver.
WARNING - 2024-06-10 01:42:01 --> Session: Sessions is enabled, and one exists. Please don't $session->start();
INFO - 2024-06-10 01:42:32 --> Session: Class initialized using 'CodeIgniter\Session\Handlers\FileHandler' driver.
WARNING - 2024-06-10 01:42:32 --> Session: Sessions is enabled, and one exists. Please don't $session->start();
INFO - 2024-06-10 01:43:25 --> Session: Class initialized using 'CodeIgniter\Session\Handlers\FileHandler' driver.
WARNING - 2024-06-10 01:43:25 --> Session: Sessions is enabled, and one exists. Please don't $session->start();
INFO - 2024-06-10 01:43:36 --> Session: Class initialized using 'CodeIgniter\Session\Handlers\FileHandler' driver.
WARNING - 2024-06-10 01:43:36 --> Session: Sessions is enabled, and one exists. Please don't $session->start();
INFO - 2024-06-10 01:43:58 --> Session: Class initialized using 'CodeIgniter\Session\Handlers\FileHandler' driver.
WARNING - 2024-06-10 01:43:59 --> Session: Sessions is enabled, and one exists. Please don't $session->start();
INFO - 2024-06-10 01:44:21 --> Session: Class initialized using 'CodeIgniter\Session\Handlers\FileHandler' driver.
WARNING - 2024-06-10 01:44:21 --> Session: Sessions is enabled, and one exists. Please don't $session->start();
INFO - 2024-06-10 01:44:48 --> Session: Class initialized using 'CodeIgniter\Session\Handlers\FileHandler' driver.
WARNING - 2024-06-10 01:44:48 --> Session: Sessions is enabled, and one exists. Please don't $session->start();
INFO - 2024-06-10 01:53:15 --> Session: Class initialized using 'CodeIgniter\Session\Handlers\FileHandler' driver.
WARNING - 2024-06-10 01:53:15 --> Session: Sessions is enabled, and one exists. Please don't $session->start();
INFO - 2024-06-10 02:01:21 --> Session: Class initialized using 'CodeIgniter\Session\Handlers\FileHandler' driver.
WARNING - 2024-06-10 02:01:21 --> Session: Sessions is enabled, and one exists. Please don't $session->start();
INFO - 2024-06-10 02:01:47 --> Session: Class initialized using 'CodeIgniter\Session\Handlers\FileHandler' driver.
WARNING - 2024-06-10 02:01:47 --> Session: Sessions is enabled, and one exists. Please don't $session->start();
INFO - 2024-06-10 02:02:09 --> Session: Class initialized using 'CodeIgniter\Session\Handlers\FileHandler' driver.
WARNING - 2024-06-10 02:02:09 --> Session: Sessions is enabled, and one exists. Please don't $session->start();
INFO - 2024-06-10 02:03:39 --> Session: Class initialized using 'CodeIgniter\Session\Handlers\FileHandler' driver.
WARNING - 2024-06-10 02:03:39 --> Session: Sessions is enabled, and one exists. Please don't $session->start();
INFO - 2024-06-10 02:04:12 --> Session: Class initialized using 'CodeIgniter\Session\Handlers\FileHandler' driver.
WARNING - 2024-06-10 02:04:12 --> Session: Sessions is enabled, and one exists. Please don't $session->start();
INFO - 2024-06-10 02:04:40 --> Session: Class initialized using 'CodeIgniter\Session\Handlers\FileHandler' driver.
WARNING - 2024-06-10 02:04:40 --> Session: Sessions is enabled, and one exists. Please don't $session->start();
INFO - 2024-06-10 02:05:04 --> Session: Class initialized using 'CodeIgniter\Session\Handlers\FileHandler' driver.
WARNING - 2024-06-10 02:05:04 --> Session: Sessions is enabled, and one exists. Please don't $session->start();
INFO - 2024-06-10 02:05:44 --> Session: Class initialized using 'CodeIgniter\Session\Handlers\FileHandler' driver.
WARNING - 2024-06-10 02:05:44 --> Session: Sessions is enabled, and one exists. Please don't $session->start();
INFO - 2024-06-10 02:07:56 --> Session: Class initialized using 'CodeIgniter\Session\Handlers\FileHandler' driver.
WARNING - 2024-06-10 02:07:56 --> Session: Sessions is enabled, and one exists. Please don't $session->start();
INFO - 2024-06-10 02:08:11 --> Session: Class initialized using 'CodeIgniter\Session\Handlers\FileHandler' driver.
WARNING - 2024-06-10 02:08:11 --> Session: Sessions is enabled, and one exists. Please don't $session->start();
INFO - 2024-06-10 02:08:33 --> Session: Class initialized using 'CodeIgniter\Session\Handlers\FileHandler' driver.
WARNING - 2024-06-10 02:08:33 --> Session: Sessions is enabled, and one exists. Please don't $session->start();
INFO - 2024-06-10 02:08:46 --> Session: Class initialized using 'CodeIgniter\Session\Handlers\FileHandler' driver.
WARNING - 2024-06-10 02:08:46 --> Session: Sessions is enabled, and one exists. Please don't $session->start();
INFO - 2024-06-10 02:17:58 --> Session: Class initialized using 'CodeIgniter\Session\Handlers\FileHandler' driver.
WARNING - 2024-06-10 02:17:58 --> Session: Sessions is enabled, and one exists. Please don't $session->start();
INFO - 2024-06-10 02:19:51 --> Session: Class initialized using 'CodeIgniter\Session\Handlers\FileHandler' driver.
WARNING - 2024-06-10 02:19:51 --> Session: Sessions is enabled, and one exists. Please don't $session->start();
INFO - 2024-06-10 02:20:01 --> Session: Class initialized using 'CodeIgniter\Session\Handlers\FileHandler' driver.
WARNING - 2024-06-10 02:20:01 --> Session: Sessions is enabled, and one exists. Please don't $session->start();
INFO - 2024-06-10 02:20:20 --> Session: Class initialized using 'CodeIgniter\Session\Handlers\FileHandler' driver.
WARNING - 2024-06-10 02:20:20 --> Session: Sessions is enabled, and one exists. Please don't $session->start();
INFO - 2024-06-10 02:20:23 --> Session: Class initialized using 'CodeIgniter\Session\Handlers\FileHandler' driver.
WARNING - 2024-06-10 02:20:23 --> Session: Sessions is enabled, and one exists. Please don't $session->start();
INFO - 2024-06-10 02:20:59 --> Session: Class initialized using 'CodeIgniter\Session\Handlers\FileHandler' driver.
WARNING - 2024-06-10 02:20:59 --> Session: Sessions is enabled, and one exists. Please don't $session->start();
INFO - 2024-06-10 02:21:19 --> Session: Class initialized using 'CodeIgniter\Session\Handlers\FileHandler' driver.
WARNING - 2024-06-10 02:21:19 --> Session: Sessions is enabled, and one exists. Please don't $session->start();
INFO - 2024-06-10 02:21:42 --> Session: Class initialized using 'CodeIgniter\Session\Handlers\FileHandler' driver.
WARNING - 2024-06-10 02:21:42 --> Session: Sessions is enabled, and one exists. Please don't $session->start();
INFO - 2024-06-10 02:22:04 --> Session: Class initialized using 'CodeIgniter\Session\Handlers\FileHandler' driver.
WARNING - 2024-06-10 02:22:04 --> Session: Sessions is enabled, and one exists. Please don't $session->start();
INFO - 2024-06-10 02:25:58 --> Session: Class initialized using 'CodeIgniter\Session\Handlers\FileHandler' driver.
WARNING - 2024-06-10 02:25:58 --> Session: Sessions is enabled, and one exists. Please don't $session->start();
INFO - 2024-06-10 02:26:04 --> Session: Class initialized using 'CodeIgniter\Session\Handlers\FileHandler' driver.
WARNING - 2024-06-10 02:26:04 --> Session: Sessions is enabled, and one exists. Please don't $session->start();
INFO - 2024-06-10 02:26:12 --> Session: Class initialized using 'CodeIgniter\Session\Handlers\FileHandler' driver.
WARNING - 2024-06-10 02:26:12 --> Session: Sessions is enabled, and one exists. Please don't $session->start();
INFO - 2024-06-10 02:27:48 --> Session: Class initialized using 'CodeIgniter\Session\Handlers\FileHandler' driver.
WARNING - 2024-06-10 02:27:48 --> Session: Sessions is enabled, and one exists. Please don't $session->start();
INFO - 2024-06-10 02:27:56 --> Session: Class initialized using 'CodeIgniter\Session\Handlers\FileHandler' driver.
WARNING - 2024-06-10 02:27:56 --> Session: Sessions is enabled, and one exists. Please don't $session->start();
CRITICAL - 2024-06-10 02:27:56 --> CodeIgniter\View\Exceptions\ViewException: Invalid file: "user/perawatan/perawatan.php"
[Method: GET, Route: perawatan]
in SYSTEMPATH\Exceptions\FrameworkException.php on line 41.
 1 SYSTEMPATH\View\View.php(222): CodeIgniter\Exceptions\FrameworkException::forInvalidFile('user/perawatan/perawatan.php')
 2 SYSTEMPATH\Common.php(1171): CodeIgniter\View\View->render('user/perawatan/perawatan', [], true)
 3 APPPATH\Controllers\Perawatan.php(29): view('user/perawatan/perawatan')
 4 SYSTEMPATH\CodeIgniter.php(933): App\Controllers\Perawatan->index()
 5 SYSTEMPATH\CodeIgniter.php(509): CodeIgniter\CodeIgniter->runController(Object(App\Controllers\Perawatan))
 6 SYSTEMPATH\CodeIgniter.php(355): CodeIgniter\CodeIgniter->handleRequest(null, Object(Config\Cache), false)
 7 SYSTEMPATH\Boot.php(312): CodeIgniter\CodeIgniter->run()
 8 SYSTEMPATH\Boot.php(67): CodeIgniter\Boot::runCodeIgniter(Object(CodeIgniter\CodeIgniter))
 9 FCPATH\index.php(56): CodeIgniter\Boot::bootWeb(Object(Config\Paths))
10 SYSTEMPATH\Commands\Server\rewrite.php(49): require_once('D:\\Project\\dlbeauty\\public\\index.php')
INFO - 2024-06-10 02:28:45 --> Session: Class initialized using 'CodeIgniter\Session\Handlers\FileHandler' driver.
WARNING - 2024-06-10 02:28:45 --> Session: Sessions is enabled, and one exists. Please don't $session->start();
CRITICAL - 2024-06-10 02:28:45 --> CodeIgniter\View\Exceptions\ViewException: Invalid file: "user/perawatan.php"
[Method: GET, Route: perawatan]
in SYSTEMPATH\Exceptions\FrameworkException.php on line 41.
 1 SYSTEMPATH\View\View.php(222): CodeIgniter\Exceptions\FrameworkException::forInvalidFile('user/perawatan.php')
 2 SYSTEMPATH\Common.php(1171): CodeIgniter\View\View->render('user/perawatan', [], true)
 3 APPPATH\Controllers\Perawatan.php(29): view('user/perawatan')
 4 SYSTEMPATH\CodeIgniter.php(933): App\Controllers\Perawatan->index()
 5 SYSTEMPATH\CodeIgniter.php(509): CodeIgniter\CodeIgniter->runController(Object(App\Controllers\Perawatan))
 6 SYSTEMPATH\CodeIgniter.php(355): CodeIgniter\CodeIgniter->handleRequest(null, Object(Config\Cache), false)
 7 SYSTEMPATH\Boot.php(312): CodeIgniter\CodeIgniter->run()
 8 SYSTEMPATH\Boot.php(67): CodeIgniter\Boot::runCodeIgniter(Object(CodeIgniter\CodeIgniter))
 9 FCPATH\index.php(56): CodeIgniter\Boot::bootWeb(Object(Config\Paths))
10 SYSTEMPATH\Commands\Server\rewrite.php(49): require_once('D:\\Project\\dlbeauty\\public\\index.php')
INFO - 2024-06-10 02:28:48 --> Session: Class initialized using 'CodeIgniter\Session\Handlers\FileHandler' driver.
WARNING - 2024-06-10 02:28:48 --> Session: Sessions is enabled, and one exists. Please don't $session->start();
CRITICAL - 2024-06-10 02:28:48 --> CodeIgniter\View\Exceptions\ViewException: Invalid file: "user/perawatan/.php"
[Method: GET, Route: perawatan]
in SYSTEMPATH\Exceptions\FrameworkException.php on line 41.
 1 SYSTEMPATH\View\View.php(222): CodeIgniter\Exceptions\FrameworkException::forInvalidFile('user/perawatan/.php')
 2 SYSTEMPATH\Common.php(1171): CodeIgniter\View\View->render('user/perawatan/', [], true)
 3 APPPATH\Controllers\Perawatan.php(29): view('user/perawatan/')
 4 SYSTEMPATH\CodeIgniter.php(933): App\Controllers\Perawatan->index()
 5 SYSTEMPATH\CodeIgniter.php(509): CodeIgniter\CodeIgniter->runController(Object(App\Controllers\Perawatan))
 6 SYSTEMPATH\CodeIgniter.php(355): CodeIgniter\CodeIgniter->handleRequest(null, Object(Config\Cache), false)
 7 SYSTEMPATH\Boot.php(312): CodeIgniter\CodeIgniter->run()
 8 SYSTEMPATH\Boot.php(67): CodeIgniter\Boot::runCodeIgniter(Object(CodeIgniter\CodeIgniter))
 9 FCPATH\index.php(56): CodeIgniter\Boot::bootWeb(Object(Config\Paths))
10 SYSTEMPATH\Commands\Server\rewrite.php(49): require_once('D:\\Project\\dlbeauty\\public\\index.php')
INFO - 2024-06-10 02:28:52 --> Session: Class initialized using 'CodeIgniter\Session\Handlers\FileHandler' driver.
WARNING - 2024-06-10 02:28:52 --> Session: Sessions is enabled, and one exists. Please don't $session->start();
INFO - 2024-06-10 02:28:58 --> Session: Class initialized using 'CodeIgniter\Session\Handlers\FileHandler' driver.
WARNING - 2024-06-10 02:28:58 --> Session: Sessions is enabled, and one exists. Please don't $session->start();
INFO - 2024-06-10 02:31:44 --> Session: Class initialized using 'CodeIgniter\Session\Handlers\FileHandler' driver.
WARNING - 2024-06-10 02:31:44 --> Session: Sessions is enabled, and one exists. Please don't $session->start();
INFO - 2024-06-10 02:34:26 --> Session: Class initialized using 'CodeIgniter\Session\Handlers\FileHandler' driver.
WARNING - 2024-06-10 02:34:26 --> Session: Sessions is enabled, and one exists. Please don't $session->start();
INFO - 2024-06-10 02:34:44 --> Session: Class initialized using 'CodeIgniter\Session\Handlers\FileHandler' driver.
WARNING - 2024-06-10 02:34:44 --> Session: Sessions is enabled, and one exists. Please don't $session->start();
INFO - 2024-06-10 02:35:10 --> Session: Class initialized using 'CodeIgniter\Session\Handlers\FileHandler' driver.
WARNING - 2024-06-10 02:35:10 --> Session: Sessions is enabled, and one exists. Please don't $session->start();
INFO - 2024-06-10 02:35:48 --> Session: Class initialized using 'CodeIgniter\Session\Handlers\FileHandler' driver.
WARNING - 2024-06-10 02:35:48 --> Session: Sessions is enabled, and one exists. Please don't $session->start();
INFO - 2024-06-10 02:46:25 --> Session: Class initialized using 'CodeIgniter\Session\Handlers\FileHandler' driver.
WARNING - 2024-06-10 02:46:25 --> Session: Sessions is enabled, and one exists. Please don't $session->start();
INFO - 2024-06-10 02:46:29 --> Session: Class initialized using 'CodeIgniter\Session\Handlers\FileHandler' driver.
WARNING - 2024-06-10 02:46:29 --> Session: Sessions is enabled, and one exists. Please don't $session->start();
INFO - 2024-06-10 02:46:32 --> Session: Class initialized using 'CodeIgniter\Session\Handlers\FileHandler' driver.
WARNING - 2024-06-10 02:46:32 --> Session: Sessions is enabled, and one exists. Please don't $session->start();
INFO - 2024-06-10 02:47:52 --> Session: Class initialized using 'CodeIgniter\Session\Handlers\FileHandler' driver.
WARNING - 2024-06-10 02:47:52 --> Session: Sessions is enabled, and one exists. Please don't $session->start();
INFO - 2024-06-10 02:47:58 --> Session: Class initialized using 'CodeIgniter\Session\Handlers\FileHandler' driver.
WARNING - 2024-06-10 02:47:58 --> Session: Sessions is enabled, and one exists. Please don't $session->start();
INFO - 2024-06-10 02:48:01 --> Session: Class initialized using 'CodeIgniter\Session\Handlers\FileHandler' driver.
WARNING - 2024-06-10 02:48:01 --> Session: Sessions is enabled, and one exists. Please don't $session->start();
INFO - 2024-06-10 02:48:04 --> Session: Class initialized using 'CodeIgniter\Session\Handlers\FileHandler' driver.
WARNING - 2024-06-10 02:48:04 --> Session: Sessions is enabled, and one exists. Please don't $session->start();
INFO - 2024-06-10 02:50:32 --> Session: Class initialized using 'CodeIgniter\Session\Handlers\FileHandler' driver.
WARNING - 2024-06-10 02:50:32 --> Session: Sessions is enabled, and one exists. Please don't $session->start();
INFO - 2024-06-10 02:50:34 --> Session: Class initialized using 'CodeIgniter\Session\Handlers\FileHandler' driver.
WARNING - 2024-06-10 02:50:34 --> Session: Sessions is enabled, and one exists. Please don't $session->start();
INFO - 2024-06-10 02:50:35 --> Session: Class initialized using 'CodeIgniter\Session\Handlers\FileHandler' driver.
WARNING - 2024-06-10 02:50:35 --> Session: Sessions is enabled, and one exists. Please don't $session->start();
INFO - 2024-06-10 02:50:38 --> Session: Class initialized using 'CodeIgniter\Session\Handlers\FileHandler' driver.
WARNING - 2024-06-10 02:50:38 --> Session: Sessions is enabled, and one exists. Please don't $session->start();
INFO - 2024-06-10 02:51:11 --> Session: Class initialized using 'CodeIgniter\Session\Handlers\FileHandler' driver.
WARNING - 2024-06-10 02:51:11 --> Session: Sessions is enabled, and one exists. Please don't $session->start();
INFO - 2024-06-10 02:51:12 --> Session: Class initialized using 'CodeIgniter\Session\Handlers\FileHandler' driver.
WARNING - 2024-06-10 02:51:12 --> Session: Sessions is enabled, and one exists. Please don't $session->start();
INFO - 2024-06-10 02:51:13 --> Session: Class initialized using 'CodeIgniter\Session\Handlers\FileHandler' driver.
WARNING - 2024-06-10 02:51:13 --> Session: Sessions is enabled, and one exists. Please don't $session->start();
INFO - 2024-06-10 02:54:23 --> Session: Class initialized using 'CodeIgniter\Session\Handlers\FileHandler' driver.
WARNING - 2024-06-10 02:54:23 --> Session: Sessions is enabled, and one exists. Please don't $session->start();
INFO - 2024-06-10 02:55:42 --> Session: Class initialized using 'CodeIgniter\Session\Handlers\FileHandler' driver.
WARNING - 2024-06-10 02:55:42 --> Session: Sessions is enabled, and one exists. Please don't $session->start();
INFO - 2024-06-10 02:55:58 --> Session: Class initialized using 'CodeIgniter\Session\Handlers\FileHandler' driver.
WARNING - 2024-06-10 02:55:58 --> Session: Sessions is enabled, and one exists. Please don't $session->start();
INFO - 2024-06-10 02:56:22 --> Session: Class initialized using 'CodeIgniter\Session\Handlers\FileHandler' driver.
WARNING - 2024-06-10 02:56:22 --> Session: Sessions is enabled, and one exists. Please don't $session->start();
INFO - 2024-06-10 02:57:14 --> Session: Class initialized using 'CodeIgniter\Session\Handlers\FileHandler' driver.
WARNING - 2024-06-10 02:57:14 --> Session: Sessions is enabled, and one exists. Please don't $session->start();
INFO - 2024-06-10 02:57:27 --> Session: Class initialized using 'CodeIgniter\Session\Handlers\FileHandler' driver.
WARNING - 2024-06-10 02:57:27 --> Session: Sessions is enabled, and one exists. Please don't $session->start();
INFO - 2024-06-10 02:57:38 --> Session: Class initialized using 'CodeIgniter\Session\Handlers\FileHandler' driver.
WARNING - 2024-06-10 02:57:38 --> Session: Sessions is enabled, and one exists. Please don't $session->start();
INFO - 2024-06-10 02:57:55 --> Session: Class initialized using 'CodeIgniter\Session\Handlers\FileHandler' driver.
WARNING - 2024-06-10 02:57:55 --> Session: Sessions is enabled, and one exists. Please don't $session->start();
INFO - 2024-06-10 02:58:07 --> Session: Class initialized using 'CodeIgniter\Session\Handlers\FileHandler' driver.
WARNING - 2024-06-10 02:58:07 --> Session: Sessions is enabled, and one exists. Please don't $session->start();
INFO - 2024-06-10 02:58:17 --> Session: Class initialized using 'CodeIgniter\Session\Handlers\FileHandler' driver.
WARNING - 2024-06-10 02:58:17 --> Session: Sessions is enabled, and one exists. Please don't $session->start();
INFO - 2024-06-10 02:58:59 --> Session: Class initialized using 'CodeIgniter\Session\Handlers\FileHandler' driver.
WARNING - 2024-06-10 02:58:59 --> Session: Sessions is enabled, and one exists. Please don't $session->start();
INFO - 2024-06-10 02:59:08 --> Session: Class initialized using 'CodeIgniter\Session\Handlers\FileHandler' driver.
WARNING - 2024-06-10 02:59:08 --> Session: Sessions is enabled, and one exists. Please don't $session->start();
INFO - 2024-06-10 02:59:40 --> Session: Class initialized using 'CodeIgniter\Session\Handlers\FileHandler' driver.
WARNING - 2024-06-10 02:59:40 --> Session: Sessions is enabled, and one exists. Please don't $session->start();
INFO - 2024-06-10 03:00:11 --> Session: Class initialized using 'CodeIgniter\Session\Handlers\FileHandler' driver.
WARNING - 2024-06-10 03:00:11 --> Session: Sessions is enabled, and one exists. Please don't $session->start();
INFO - 2024-06-10 03:00:44 --> Session: Class initialized using 'CodeIgniter\Session\Handlers\FileHandler' driver.
WARNING - 2024-06-10 03:00:44 --> Session: Sessions is enabled, and one exists. Please don't $session->start();
INFO - 2024-06-10 03:00:49 --> Session: Class initialized using 'CodeIgniter\Session\Handlers\FileHandler' driver.
WARNING - 2024-06-10 03:00:49 --> Session: Sessions is enabled, and one exists. Please don't $session->start();
INFO - 2024-06-10 03:03:36 --> Session: Class initialized using 'CodeIgniter\Session\Handlers\FileHandler' driver.
WARNING - 2024-06-10 03:03:36 --> Session: Sessions is enabled, and one exists. Please don't $session->start();
INFO - 2024-06-10 03:03:42 --> Session: Class initialized using 'CodeIgniter\Session\Handlers\FileHandler' driver.
WARNING - 2024-06-10 03:03:42 --> Session: Sessions is enabled, and one exists. Please don't $session->start();
INFO - 2024-06-10 03:06:31 --> Session: Class initialized using 'CodeIgniter\Session\Handlers\FileHandler' driver.
WARNING - 2024-06-10 03:06:31 --> Session: Sessions is enabled, and one exists. Please don't $session->start();
INFO - 2024-06-10 03:08:59 --> Session: Class initialized using 'CodeIgniter\Session\Handlers\FileHandler' driver.
WARNING - 2024-06-10 03:08:59 --> Session: Sessions is enabled, and one exists. Please don't $session->start();
INFO - 2024-06-10 03:11:22 --> Session: Class initialized using 'CodeIgniter\Session\Handlers\FileHandler' driver.
WARNING - 2024-06-10 03:11:22 --> Session: Sessions is enabled, and one exists. Please don't $session->start();
INFO - 2024-06-10 03:11:53 --> Session: Class initialized using 'CodeIgniter\Session\Handlers\FileHandler' driver.
WARNING - 2024-06-10 03:11:53 --> Session: Sessions is enabled, and one exists. Please don't $session->start();
INFO - 2024-06-10 03:12:14 --> Session: Class initialized using 'CodeIgniter\Session\Handlers\FileHandler' driver.
WARNING - 2024-06-10 03:12:14 --> Session: Sessions is enabled, and one exists. Please don't $session->start();
INFO - 2024-06-10 03:12:22 --> Session: Class initialized using 'CodeIgniter\Session\Handlers\FileHandler' driver.
WARNING - 2024-06-10 03:12:22 --> Session: Sessions is enabled, and one exists. Please don't $session->start();
INFO - 2024-06-10 03:12:36 --> Session: Class initialized using 'CodeIgniter\Session\Handlers\FileHandler' driver.
WARNING - 2024-06-10 03:12:36 --> Session: Sessions is enabled, and one exists. Please don't $session->start();
INFO - 2024-06-10 03:13:23 --> Session: Class initialized using 'CodeIgniter\Session\Handlers\FileHandler' driver.
WARNING - 2024-06-10 03:13:23 --> Session: Sessions is enabled, and one exists. Please don't $session->start();
INFO - 2024-06-10 03:13:50 --> Session: Class initialized using 'CodeIgniter\Session\Handlers\FileHandler' driver.
WARNING - 2024-06-10 03:13:50 --> Session: Sessions is enabled, and one exists. Please don't $session->start();
INFO - 2024-06-10 03:14:00 --> Session: Class initialized using 'CodeIgniter\Session\Handlers\FileHandler' driver.
WARNING - 2024-06-10 03:14:00 --> Session: Sessions is enabled, and one exists. Please don't $session->start();
INFO - 2024-06-10 03:14:11 --> Session: Class initialized using 'CodeIgniter\Session\Handlers\FileHandler' driver.
WARNING - 2024-06-10 03:14:11 --> Session: Sessions is enabled, and one exists. Please don't $session->start();
INFO - 2024-06-10 03:14:15 --> Session: Class initialized using 'CodeIgniter\Session\Handlers\FileHandler' driver.
WARNING - 2024-06-10 03:14:15 --> Session: Sessions is enabled, and one exists. Please don't $session->start();
INFO - 2024-06-10 03:14:24 --> Session: Class initialized using 'CodeIgniter\Session\Handlers\FileHandler' driver.
WARNING - 2024-06-10 03:14:24 --> Session: Sessions is enabled, and one exists. Please don't $session->start();
INFO - 2024-06-10 03:14:28 --> Session: Class initialized using 'CodeIgniter\Session\Handlers\FileHandler' driver.
WARNING - 2024-06-10 03:14:28 --> Session: Sessions is enabled, and one exists. Please don't $session->start();
INFO - 2024-06-10 03:14:38 --> Session: Class initialized using 'CodeIgniter\Session\Handlers\FileHandler' driver.
WARNING - 2024-06-10 03:14:38 --> Session: Sessions is enabled, and one exists. Please don't $session->start();
INFO - 2024-06-10 03:14:43 --> Session: Class initialized using 'CodeIgniter\Session\Handlers\FileHandler' driver.
WARNING - 2024-06-10 03:14:43 --> Session: Sessions is enabled, and one exists. Please don't $session->start();
INFO - 2024-06-10 03:14:48 --> Session: Class initialized using 'CodeIgniter\Session\Handlers\FileHandler' driver.
WARNING - 2024-06-10 03:14:48 --> Session: Sessions is enabled, and one exists. Please don't $session->start();
INFO - 2024-06-10 03:14:57 --> Session: Class initialized using 'CodeIgniter\Session\Handlers\FileHandler' driver.
WARNING - 2024-06-10 03:14:57 --> Session: Sessions is enabled, and one exists. Please don't $session->start();
INFO - 2024-06-10 03:15:13 --> Session: Class initialized using 'CodeIgniter\Session\Handlers\FileHandler' driver.
WARNING - 2024-06-10 03:15:13 --> Session: Sessions is enabled, and one exists. Please don't $session->start();
INFO - 2024-06-10 03:15:24 --> Session: Class initialized using 'CodeIgniter\Session\Handlers\FileHandler' driver.
WARNING - 2024-06-10 03:15:24 --> Session: Sessions is enabled, and one exists. Please don't $session->start();
INFO - 2024-06-10 03:15:34 --> Session: Class initialized using 'CodeIgniter\Session\Handlers\FileHandler' driver.
WARNING - 2024-06-10 03:15:34 --> Session: Sessions is enabled, and one exists. Please don't $session->start();
INFO - 2024-06-10 03:16:23 --> Session: Class initialized using 'CodeIgniter\Session\Handlers\FileHandler' driver.
WARNING - 2024-06-10 03:16:23 --> Session: Sessions is enabled, and one exists. Please don't $session->start();
INFO - 2024-06-10 03:16:34 --> Session: Class initialized using 'CodeIgniter\Session\Handlers\FileHandler' driver.
WARNING - 2024-06-10 03:16:34 --> Session: Sessions is enabled, and one exists. Please don't $session->start();
INFO - 2024-06-10 03:16:53 --> Session: Class initialized using 'CodeIgniter\Session\Handlers\FileHandler' driver.
WARNING - 2024-06-10 03:16:53 --> Session: Sessions is enabled, and one exists. Please don't $session->start();
INFO - 2024-06-10 03:17:19 --> Session: Class initialized using 'CodeIgniter\Session\Handlers\FileHandler' driver.
WARNING - 2024-06-10 03:17:19 --> Session: Sessions is enabled, and one exists. Please don't $session->start();
INFO - 2024-06-10 03:17:31 --> Session: Class initialized using 'CodeIgniter\Session\Handlers\FileHandler' driver.
WARNING - 2024-06-10 03:17:31 --> Session: Sessions is enabled, and one exists. Please don't $session->start();
INFO - 2024-06-10 03:17:45 --> Session: Class initialized using 'CodeIgniter\Session\Handlers\FileHandler' driver.
WARNING - 2024-06-10 03:17:45 --> Session: Sessions is enabled, and one exists. Please don't $session->start();
INFO - 2024-06-10 03:52:39 --> Session: Class initialized using 'CodeIgniter\Session\Handlers\FileHandler' driver.
WARNING - 2024-06-10 03:52:39 --> Session: Sessions is enabled, and one exists. Please don't $session->start();
INFO - 2024-06-10 03:55:31 --> Session: Class initialized using 'CodeIgniter\Session\Handlers\FileHandler' driver.
WARNING - 2024-06-10 03:55:31 --> Session: Sessions is enabled, and one exists. Please don't $session->start();
INFO - 2024-06-10 03:55:56 --> Session: Class initialized using 'CodeIgniter\Session\Handlers\FileHandler' driver.
WARNING - 2024-06-10 03:55:56 --> Session: Sessions is enabled, and one exists. Please don't $session->start();
INFO - 2024-06-10 03:55:58 --> Session: Class initialized using 'CodeIgniter\Session\Handlers\FileHandler' driver.
WARNING - 2024-06-10 03:55:59 --> Session: Sessions is enabled, and one exists. Please don't $session->start();
INFO - 2024-06-10 03:57:14 --> Session: Class initialized using 'CodeIgniter\Session\Handlers\FileHandler' driver.
WARNING - 2024-06-10 03:57:14 --> Session: Sessions is enabled, and one exists. Please don't $session->start();
INFO - 2024-06-10 03:57:20 --> Session: Class initialized using 'CodeIgniter\Session\Handlers\FileHandler' driver.
WARNING - 2024-06-10 03:57:20 --> Session: Sessions is enabled, and one exists. Please don't $session->start();
INFO - 2024-06-10 03:58:13 --> Session: Class initialized using 'CodeIgniter\Session\Handlers\FileHandler' driver.
WARNING - 2024-06-10 03:58:13 --> Session: Sessions is enabled, and one exists. Please don't $session->start();
INFO - 2024-06-10 03:58:18 --> Session: Class initialized using 'CodeIgniter\Session\Handlers\FileHandler' driver.
WARNING - 2024-06-10 03:58:18 --> Session: Sessions is enabled, and one exists. Please don't $session->start();
INFO - 2024-06-10 03:58:21 --> Session: Class initialized using 'CodeIgniter\Session\Handlers\FileHandler' driver.
WARNING - 2024-06-10 03:58:21 --> Session: Sessions is enabled, and one exists. Please don't $session->start();
INFO - 2024-06-10 03:58:23 --> Session: Class initialized using 'CodeIgniter\Session\Handlers\FileHandler' driver.
WARNING - 2024-06-10 03:58:23 --> Session: Sessions is enabled, and one exists. Please don't $session->start();
INFO - 2024-06-10 03:58:24 --> Session: Class initialized using 'CodeIgniter\Session\Handlers\FileHandler' driver.
WARNING - 2024-06-10 03:58:24 --> Session: Sessions is enabled, and one exists. Please don't $session->start();
INFO - 2024-06-10 03:58:25 --> Session: Class initialized using 'CodeIgniter\Session\Handlers\FileHandler' driver.
WARNING - 2024-06-10 03:58:25 --> Session: Sessions is enabled, and one exists. Please don't $session->start();
INFO - 2024-06-10 03:58:27 --> Session: Class initialized using 'CodeIgniter\Session\Handlers\FileHandler' driver.
WARNING - 2024-06-10 03:58:27 --> Session: Sessions is enabled, and one exists. Please don't $session->start();
INFO - 2024-06-10 03:58:33 --> Session: Class initialized using 'CodeIgniter\Session\Handlers\FileHandler' driver.
WARNING - 2024-06-10 03:58:33 --> Session: Sessions is enabled, and one exists. Please don't $session->start();
INFO - 2024-06-10 03:58:37 --> Session: Class initialized using 'CodeIgniter\Session\Handlers\FileHandler' driver.
WARNING - 2024-06-10 03:58:37 --> Session: Sessions is enabled, and one exists. Please don't $session->start();
INFO - 2024-06-10 03:58:38 --> Session: Class initialized using 'CodeIgniter\Session\Handlers\FileHandler' driver.
WARNING - 2024-06-10 03:58:38 --> Session: Sessions is enabled, and one exists. Please don't $session->start();
INFO - 2024-06-10 03:58:42 --> Session: Class initialized using 'CodeIgniter\Session\Handlers\FileHandler' driver.
WARNING - 2024-06-10 03:58:42 --> Session: Sessions is enabled, and one exists. Please don't $session->start();
INFO - 2024-06-10 03:58:43 --> Session: Class initialized using 'CodeIgniter\Session\Handlers\FileHandler' driver.
WARNING - 2024-06-10 03:58:43 --> Session: Sessions is enabled, and one exists. Please don't $session->start();
INFO - 2024-06-10 03:59:07 --> Session: Class initialized using 'CodeIgniter\Session\Handlers\FileHandler' driver.
WARNING - 2024-06-10 03:59:07 --> Session: Sessions is enabled, and one exists. Please don't $session->start();
INFO - 2024-06-10 03:59:19 --> Session: Class initialized using 'CodeIgniter\Session\Handlers\FileHandler' driver.
WARNING - 2024-06-10 03:59:19 --> Session: Sessions is enabled, and one exists. Please don't $session->start();
INFO - 2024-06-10 04:00:00 --> Session: Class initialized using 'CodeIgniter\Session\Handlers\FileHandler' driver.
WARNING - 2024-06-10 04:00:00 --> Session: Sessions is enabled, and one exists. Please don't $session->start();
INFO - 2024-06-10 04:00:04 --> Session: Class initialized using 'CodeIgniter\Session\Handlers\FileHandler' driver.
WARNING - 2024-06-10 04:00:04 --> Session: Sessions is enabled, and one exists. Please don't $session->start();
INFO - 2024-06-10 04:00:07 --> Session: Class initialized using 'CodeIgniter\Session\Handlers\FileHandler' driver.
WARNING - 2024-06-10 04:00:07 --> Session: Sessions is enabled, and one exists. Please don't $session->start();
CRITICAL - 2024-06-10 04:00:11 --> CodeIgniter\HTTP\Exceptions\BadRequestException: The URI you submitted has disallowed characters: "`"
[Method: GET, Route: %60/produk/$%7Bitem.id_produk%7D%60]
in SYSTEMPATH\Router\Router.php on line 736.
 1 SYSTEMPATH\Router\Router.php(203): CodeIgniter\Router\Router->checkDisallowedChars('`/produk/${item.id_produk}`')
 2 SYSTEMPATH\CodeIgniter.php(834): CodeIgniter\Router\Router->handle('`/produk/${item.id_produk}`')
 3 SYSTEMPATH\CodeIgniter.php(457): CodeIgniter\CodeIgniter->tryToRouteIt(Object(CodeIgniter\Router\RouteCollection))
 4 SYSTEMPATH\CodeIgniter.php(355): CodeIgniter\CodeIgniter->handleRequest(null, Object(Config\Cache), false)
 5 SYSTEMPATH\Boot.php(312): CodeIgniter\CodeIgniter->run()
 6 SYSTEMPATH\Boot.php(67): CodeIgniter\Boot::runCodeIgniter(Object(CodeIgniter\CodeIgniter))
 7 FCPATH\index.php(56): CodeIgniter\Boot::bootWeb(Object(Config\Paths))
 8 SYSTEMPATH\Commands\Server\rewrite.php(49): require_once('D:\\Project\\dlbeauty\\public\\index.php')
INFO - 2024-06-10 04:00:17 --> Session: Class initialized using 'CodeIgniter\Session\Handlers\FileHandler' driver.
WARNING - 2024-06-10 04:00:17 --> Session: Sessions is enabled, and one exists. Please don't $session->start();
CRITICAL - 2024-06-10 04:00:19 --> CodeIgniter\HTTP\Exceptions\BadRequestException: The URI you submitted has disallowed characters: "`"
[Method: GET, Route: %60/produk/$%7Bitem.id_produk%7D%60]
in SYSTEMPATH\Router\Router.php on line 736.
 1 SYSTEMPATH\Router\Router.php(203): CodeIgniter\Router\Router->checkDisallowedChars('`/produk/${item.id_produk}`')
 2 SYSTEMPATH\CodeIgniter.php(834): CodeIgniter\Router\Router->handle('`/produk/${item.id_produk}`')
 3 SYSTEMPATH\CodeIgniter.php(457): CodeIgniter\CodeIgniter->tryToRouteIt(Object(CodeIgniter\Router\RouteCollection))
 4 SYSTEMPATH\CodeIgniter.php(355): CodeIgniter\CodeIgniter->handleRequest(null, Object(Config\Cache), false)
 5 SYSTEMPATH\Boot.php(312): CodeIgniter\CodeIgniter->run()
 6 SYSTEMPATH\Boot.php(67): CodeIgniter\Boot::runCodeIgniter(Object(CodeIgniter\CodeIgniter))
 7 FCPATH\index.php(56): CodeIgniter\Boot::bootWeb(Object(Config\Paths))
 8 SYSTEMPATH\Commands\Server\rewrite.php(49): require_once('D:\\Project\\dlbeauty\\public\\index.php')
INFO - 2024-06-10 04:00:24 --> Session: Class initialized using 'CodeIgniter\Session\Handlers\FileHandler' driver.
WARNING - 2024-06-10 04:00:24 --> Session: Sessions is enabled, and one exists. Please don't $session->start();
CRITICAL - 2024-06-10 04:00:26 --> CodeIgniter\HTTP\Exceptions\BadRequestException: The URI you submitted has disallowed characters: "`"
[Method: GET, Route: %60/produk/$%7Bitem.id_produk%7D%60]
in SYSTEMPATH\Router\Router.php on line 736.
 1 SYSTEMPATH\Router\Router.php(203): CodeIgniter\Router\Router->checkDisallowedChars('`/produk/${item.id_produk}`')
 2 SYSTEMPATH\CodeIgniter.php(834): CodeIgniter\Router\Router->handle('`/produk/${item.id_produk}`')
 3 SYSTEMPATH\CodeIgniter.php(457): CodeIgniter\CodeIgniter->tryToRouteIt(Object(CodeIgniter\Router\RouteCollection))
 4 SYSTEMPATH\CodeIgniter.php(355): CodeIgniter\CodeIgniter->handleRequest(null, Object(Config\Cache), false)
 5 SYSTEMPATH\Boot.php(312): CodeIgniter\CodeIgniter->run()
 6 SYSTEMPATH\Boot.php(67): CodeIgniter\Boot::runCodeIgniter(Object(CodeIgniter\CodeIgniter))
 7 FCPATH\index.php(56): CodeIgniter\Boot::bootWeb(Object(Config\Paths))
 8 SYSTEMPATH\Commands\Server\rewrite.php(49): require_once('D:\\Project\\dlbeauty\\public\\index.php')
INFO - 2024-06-10 04:00:48 --> Session: Class initialized using 'CodeIgniter\Session\Handlers\FileHandler' driver.
WARNING - 2024-06-10 04:00:48 --> Session: Sessions is enabled, and one exists. Please don't $session->start();
INFO - 2024-06-10 04:00:50 --> Session: Class initialized using 'CodeIgniter\Session\Handlers\FileHandler' driver.
WARNING - 2024-06-10 04:00:50 --> Session: Sessions is enabled, and one exists. Please don't $session->start();
INFO - 2024-06-10 04:00:52 --> Session: Class initialized using 'CodeIgniter\Session\Handlers\FileHandler' driver.
WARNING - 2024-06-10 04:00:52 --> Session: Sessions is enabled, and one exists. Please don't $session->start();
INFO - 2024-06-10 04:00:54 --> Session: Class initialized using 'CodeIgniter\Session\Handlers\FileHandler' driver.
WARNING - 2024-06-10 04:00:54 --> Session: Sessions is enabled, and one exists. Please don't $session->start();
INFO - 2024-06-10 04:00:55 --> Session: Class initialized using 'CodeIgniter\Session\Handlers\FileHandler' driver.
WARNING - 2024-06-10 04:00:55 --> Session: Sessions is enabled, and one exists. Please don't $session->start();
INFO - 2024-06-10 04:01:21 --> Session: Class initialized using 'CodeIgniter\Session\Handlers\FileHandler' driver.
WARNING - 2024-06-10 04:01:21 --> Session: Sessions is enabled, and one exists. Please don't $session->start();
INFO - 2024-06-10 04:01:23 --> Session: Class initialized using 'CodeIgniter\Session\Handlers\FileHandler' driver.
WARNING - 2024-06-10 04:01:23 --> Session: Sessions is enabled, and one exists. Please don't $session->start();
INFO - 2024-06-10 04:01:28 --> Session: Class initialized using 'CodeIgniter\Session\Handlers\FileHandler' driver.
WARNING - 2024-06-10 04:01:28 --> Session: Sessions is enabled, and one exists. Please don't $session->start();
INFO - 2024-06-10 04:01:30 --> Session: Class initialized using 'CodeIgniter\Session\Handlers\FileHandler' driver.
WARNING - 2024-06-10 04:01:30 --> Session: Sessions is enabled, and one exists. Please don't $session->start();
INFO - 2024-06-10 04:02:36 --> Session: Class initialized using 'CodeIgniter\Session\Handlers\FileHandler' driver.
WARNING - 2024-06-10 04:02:36 --> Session: Sessions is enabled, and one exists. Please don't $session->start();
INFO - 2024-06-10 04:02:52 --> Session: Class initialized using 'CodeIgniter\Session\Handlers\FileHandler' driver.
WARNING - 2024-06-10 04:02:52 --> Session: Sessions is enabled, and one exists. Please don't $session->start();
INFO - 2024-06-10 04:04:39 --> Session: Class initialized using 'CodeIgniter\Session\Handlers\FileHandler' driver.
WARNING - 2024-06-10 04:04:39 --> Session: Sessions is enabled, and one exists. Please don't $session->start();
INFO - 2024-06-10 04:05:02 --> Session: Class initialized using 'CodeIgniter\Session\Handlers\FileHandler' driver.
WARNING - 2024-06-10 04:05:02 --> Session: Sessions is enabled, and one exists. Please don't $session->start();
INFO - 2024-06-10 04:06:33 --> Session: Class initialized using 'CodeIgniter\Session\Handlers\FileHandler' driver.
WARNING - 2024-06-10 04:06:33 --> Session: Sessions is enabled, and one exists. Please don't $session->start();
INFO - 2024-06-10 04:06:53 --> Session: Class initialized using 'CodeIgniter\Session\Handlers\FileHandler' driver.
WARNING - 2024-06-10 04:06:53 --> Session: Sessions is enabled, and one exists. Please don't $session->start();
INFO - 2024-06-10 04:07:17 --> Session: Class initialized using 'CodeIgniter\Session\Handlers\FileHandler' driver.
WARNING - 2024-06-10 04:07:17 --> Session: Sessions is enabled, and one exists. Please don't $session->start();
INFO - 2024-06-10 04:08:09 --> Session: Class initialized using 'CodeIgniter\Session\Handlers\FileHandler' driver.
WARNING - 2024-06-10 04:08:09 --> Session: Sessions is enabled, and one exists. Please don't $session->start();
INFO - 2024-06-10 04:08:24 --> Session: Class initialized using 'CodeIgniter\Session\Handlers\FileHandler' driver.
WARNING - 2024-06-10 04:08:24 --> Session: Sessions is enabled, and one exists. Please don't $session->start();
INFO - 2024-06-10 04:09:15 --> Session: Class initialized using 'CodeIgniter\Session\Handlers\FileHandler' driver.
WARNING - 2024-06-10 04:09:15 --> Session: Sessions is enabled, and one exists. Please don't $session->start();
INFO - 2024-06-10 04:09:24 --> Session: Class initialized using 'CodeIgniter\Session\Handlers\FileHandler' driver.
WARNING - 2024-06-10 04:09:24 --> Session: Sessions is enabled, and one exists. Please don't $session->start();
INFO - 2024-06-10 04:09:35 --> Session: Class initialized using 'CodeIgniter\Session\Handlers\FileHandler' driver.
WARNING - 2024-06-10 04:09:35 --> Session: Sessions is enabled, and one exists. Please don't $session->start();
INFO - 2024-06-10 04:09:38 --> Session: Class initialized using 'CodeIgniter\Session\Handlers\FileHandler' driver.
WARNING - 2024-06-10 04:09:38 --> Session: Sessions is enabled, and one exists. Please don't $session->start();
INFO - 2024-06-10 04:09:47 --> Session: Class initialized using 'CodeIgniter\Session\Handlers\FileHandler' driver.
WARNING - 2024-06-10 04:09:47 --> Session: Sessions is enabled, and one exists. Please don't $session->start();
INFO - 2024-06-10 04:10:03 --> Session: Class initialized using 'CodeIgniter\Session\Handlers\FileHandler' driver.
WARNING - 2024-06-10 04:10:03 --> Session: Sessions is enabled, and one exists. Please don't $session->start();
INFO - 2024-06-10 04:10:09 --> Session: Class initialized using 'CodeIgniter\Session\Handlers\FileHandler' driver.
WARNING - 2024-06-10 04:10:09 --> Session: Sessions is enabled, and one exists. Please don't $session->start();
INFO - 2024-06-10 04:10:18 --> Session: Class initialized using 'CodeIgniter\Session\Handlers\FileHandler' driver.
WARNING - 2024-06-10 04:10:18 --> Session: Sessions is enabled, and one exists. Please don't $session->start();
INFO - 2024-06-10 04:10:27 --> Session: Class initialized using 'CodeIgniter\Session\Handlers\FileHandler' driver.
WARNING - 2024-06-10 04:10:27 --> Session: Sessions is enabled, and one exists. Please don't $session->start();
INFO - 2024-06-10 04:10:48 --> Session: Class initialized using 'CodeIgniter\Session\Handlers\FileHandler' driver.
WARNING - 2024-06-10 04:10:48 --> Session: Sessions is enabled, and one exists. Please don't $session->start();
INFO - 2024-06-10 04:10:53 --> Session: Class initialized using 'CodeIgniter\Session\Handlers\FileHandler' driver.
WARNING - 2024-06-10 04:10:53 --> Session: Sessions is enabled, and one exists. Please don't $session->start();
INFO - 2024-06-10 04:12:42 --> Session: Class initialized using 'CodeIgniter\Session\Handlers\FileHandler' driver.
WARNING - 2024-06-10 04:12:42 --> Session: Sessions is enabled, and one exists. Please don't $session->start();
INFO - 2024-06-10 04:37:12 --> Session: Class initialized using 'CodeIgniter\Session\Handlers\FileHandler' driver.
WARNING - 2024-06-10 04:37:12 --> Session: Sessions is enabled, and one exists. Please don't $session->start();
INFO - 2024-06-10 04:37:28 --> Session: Class initialized using 'CodeIgniter\Session\Handlers\FileHandler' driver.
WARNING - 2024-06-10 04:37:28 --> Session: Sessions is enabled, and one exists. Please don't $session->start();
INFO - 2024-06-10 04:37:58 --> Session: Class initialized using 'CodeIgniter\Session\Handlers\FileHandler' driver.
WARNING - 2024-06-10 04:37:58 --> Session: Sessions is enabled, and one exists. Please don't $session->start();
INFO - 2024-06-10 04:38:09 --> Session: Class initialized using 'CodeIgniter\Session\Handlers\FileHandler' driver.
WARNING - 2024-06-10 04:38:09 --> Session: Sessions is enabled, and one exists. Please don't $session->start();
INFO - 2024-06-10 04:38:26 --> Session: Class initialized using 'CodeIgniter\Session\Handlers\FileHandler' driver.
WARNING - 2024-06-10 04:38:26 --> Session: Sessions is enabled, and one exists. Please don't $session->start();
INFO - 2024-06-10 04:39:38 --> Session: Class initialized using 'CodeIgniter\Session\Handlers\FileHandler' driver.
WARNING - 2024-06-10 04:39:38 --> Session: Sessions is enabled, and one exists. Please don't $session->start();
INFO - 2024-06-10 04:39:57 --> Session: Class initialized using 'CodeIgniter\Session\Handlers\FileHandler' driver.
WARNING - 2024-06-10 04:39:57 --> Session: Sessions is enabled, and one exists. Please don't $session->start();
INFO - 2024-06-10 04:40:12 --> Session: Class initialized using 'CodeIgniter\Session\Handlers\FileHandler' driver.
WARNING - 2024-06-10 04:40:12 --> Session: Sessions is enabled, and one exists. Please don't $session->start();
INFO - 2024-06-10 04:41:01 --> Session: Class initialized using 'CodeIgniter\Session\Handlers\FileHandler' driver.
WARNING - 2024-06-10 04:41:01 --> Session: Sessions is enabled, and one exists. Please don't $session->start();
INFO - 2024-06-10 04:41:06 --> Session: Class initialized using 'CodeIgniter\Session\Handlers\FileHandler' driver.
WARNING - 2024-06-10 04:41:06 --> Session: Sessions is enabled, and one exists. Please don't $session->start();
INFO - 2024-06-10 04:41:57 --> Session: Class initialized using 'CodeIgniter\Session\Handlers\FileHandler' driver.
WARNING - 2024-06-10 04:41:57 --> Session: Sessions is enabled, and one exists. Please don't $session->start();
INFO - 2024-06-10 04:42:11 --> Session: Class initialized using 'CodeIgniter\Session\Handlers\FileHandler' driver.
WARNING - 2024-06-10 04:42:11 --> Session: Sessions is enabled, and one exists. Please don't $session->start();
INFO - 2024-06-10 04:42:15 --> Session: Class initialized using 'CodeIgniter\Session\Handlers\FileHandler' driver.
WARNING - 2024-06-10 04:42:15 --> Session: Sessions is enabled, and one exists. Please don't $session->start();
INFO - 2024-06-10 04:42:23 --> Session: Class initialized using 'CodeIgniter\Session\Handlers\FileHandler' driver.
WARNING - 2024-06-10 04:42:23 --> Session: Sessions is enabled, and one exists. Please don't $session->start();
INFO - 2024-06-10 04:42:30 --> Session: Class initialized using 'CodeIgniter\Session\Handlers\FileHandler' driver.
WARNING - 2024-06-10 04:42:30 --> Session: Sessions is enabled, and one exists. Please don't $session->start();
INFO - 2024-06-10 04:42:38 --> Session: Class initialized using 'CodeIgniter\Session\Handlers\FileHandler' driver.
WARNING - 2024-06-10 04:42:38 --> Session: Sessions is enabled, and one exists. Please don't $session->start();
INFO - 2024-06-10 04:43:37 --> Session: Class initialized using 'CodeIgniter\Session\Handlers\FileHandler' driver.
WARNING - 2024-06-10 04:43:37 --> Session: Sessions is enabled, and one exists. Please don't $session->start();
INFO - 2024-06-10 04:44:39 --> Session: Class initialized using 'CodeIgniter\Session\Handlers\FileHandler' driver.
WARNING - 2024-06-10 04:44:39 --> Session: Sessions is enabled, and one exists. Please don't $session->start();
INFO - 2024-06-10 04:44:52 --> Session: Class initialized using 'CodeIgniter\Session\Handlers\FileHandler' driver.
WARNING - 2024-06-10 04:44:52 --> Session: Sessions is enabled, and one exists. Please don't $session->start();
INFO - 2024-06-10 04:46:17 --> Session: Class initialized using 'CodeIgniter\Session\Handlers\FileHandler' driver.
WARNING - 2024-06-10 04:46:17 --> Session: Sessions is enabled, and one exists. Please don't $session->start();
INFO - 2024-06-10 04:47:21 --> Session: Class initialized using 'CodeIgniter\Session\Handlers\FileHandler' driver.
WARNING - 2024-06-10 04:47:21 --> Session: Sessions is enabled, and one exists. Please don't $session->start();
INFO - 2024-06-10 04:48:12 --> Session: Class initialized using 'CodeIgniter\Session\Handlers\FileHandler' driver.
WARNING - 2024-06-10 04:48:12 --> Session: Sessions is enabled, and one exists. Please don't $session->start();
INFO - 2024-06-10 04:48:30 --> Session: Class initialized using 'CodeIgniter\Session\Handlers\FileHandler' driver.
WARNING - 2024-06-10 04:48:30 --> Session: Sessions is enabled, and one exists. Please don't $session->start();
INFO - 2024-06-10 04:48:48 --> Session: Class initialized using 'CodeIgniter\Session\Handlers\FileHandler' driver.
INFO - 2024-06-10 04:48:48 --> Session: Class initialized using 'CodeIgniter\Session\Handlers\FileHandler' driver.
WARNING - 2024-06-10 04:48:48 --> Session: Sessions is enabled, and one exists. Please don't $session->start();
INFO - 2024-06-10 04:50:59 --> Session: Class initialized using 'CodeIgniter\Session\Handlers\FileHandler' driver.
INFO - 2024-06-10 04:50:59 --> Session: Class initialized using 'CodeIgniter\Session\Handlers\FileHandler' driver.
WARNING - 2024-06-10 04:50:59 --> Session: Sessions is enabled, and one exists. Please don't $session->start();
INFO - 2024-06-10 04:52:22 --> Session: Class initialized using 'CodeIgniter\Session\Handlers\FileHandler' driver.
WARNING - 2024-06-10 04:52:22 --> Session: Sessions is enabled, and one exists. Please don't $session->start();
INFO - 2024-06-10 04:52:22 --> Session: Class initialized using 'CodeIgniter\Session\Handlers\FileHandler' driver.
WARNING - 2024-06-10 04:52:22 --> Session: Sessions is enabled, and one exists. Please don't $session->start();
INFO - 2024-06-10 04:52:30 --> Session: Class initialized using 'CodeIgniter\Session\Handlers\FileHandler' driver.
WARNING - 2024-06-10 04:52:30 --> Session: Sessions is enabled, and one exists. Please don't $session->start();
INFO - 2024-06-10 04:52:58 --> Session: Class initialized using 'CodeIgniter\Session\Handlers\FileHandler' driver.
WARNING - 2024-06-10 04:52:58 --> Session: Sessions is enabled, and one exists. Please don't $session->start();
INFO - 2024-06-10 04:53:06 --> Session: Class initialized using 'CodeIgniter\Session\Handlers\FileHandler' driver.
WARNING - 2024-06-10 04:53:06 --> Session: Sessions is enabled, and one exists. Please don't $session->start();
INFO - 2024-06-10 04:57:31 --> Session: Class initialized using 'CodeIgniter\Session\Handlers\FileHandler' driver.
WARNING - 2024-06-10 04:57:31 --> Session: Sessions is enabled, and one exists. Please don't $session->start();
INFO - 2024-06-10 04:57:31 --> Session: Class initialized using 'CodeIgniter\Session\Handlers\FileHandler' driver.
WARNING - 2024-06-10 04:57:31 --> Session: Sessions is enabled, and one exists. Please don't $session->start();
INFO - 2024-06-10 05:01:00 --> Session: Class initialized using 'CodeIgniter\Session\Handlers\FileHandler' driver.
WARNING - 2024-06-10 05:01:00 --> Session: Sessions is enabled, and one exists. Please don't $session->start();
INFO - 2024-06-10 05:03:03 --> Session: Class initialized using 'CodeIgniter\Session\Handlers\FileHandler' driver.
WARNING - 2024-06-10 05:03:03 --> Session: Sessions is enabled, and one exists. Please don't $session->start();
INFO - 2024-06-10 05:03:10 --> Session: Class initialized using 'CodeIgniter\Session\Handlers\FileHandler' driver.
WARNING - 2024-06-10 05:03:10 --> Session: Sessions is enabled, and one exists. Please don't $session->start();
INFO - 2024-06-10 05:03:15 --> Session: Class initialized using 'CodeIgniter\Session\Handlers\FileHandler' driver.
WARNING - 2024-06-10 05:03:15 --> Session: Sessions is enabled, and one exists. Please don't $session->start();
INFO - 2024-06-10 05:03:27 --> Session: Class initialized using 'CodeIgniter\Session\Handlers\FileHandler' driver.
WARNING - 2024-06-10 05:03:27 --> Session: Sessions is enabled, and one exists. Please don't $session->start();
INFO - 2024-06-10 05:03:27 --> Session: Class initialized using 'CodeIgniter\Session\Handlers\FileHandler' driver.
WARNING - 2024-06-10 05:03:27 --> Session: Sessions is enabled, and one exists. Please don't $session->start();
INFO - 2024-06-10 05:04:10 --> Session: Class initialized using 'CodeIgniter\Session\Handlers\FileHandler' driver.
WARNING - 2024-06-10 05:04:10 --> Session: Sessions is enabled, and one exists. Please don't $session->start();
INFO - 2024-06-10 05:05:37 --> Session: Class initialized using 'CodeIgniter\Session\Handlers\FileHandler' driver.
WARNING - 2024-06-10 05:05:37 --> Session: Sessions is enabled, and one exists. Please don't $session->start();
INFO - 2024-06-10 05:05:44 --> Session: Class initialized using 'CodeIgniter\Session\Handlers\FileHandler' driver.
WARNING - 2024-06-10 05:05:44 --> Session: Sessions is enabled, and one exists. Please don't $session->start();
INFO - 2024-06-10 05:05:59 --> Session: Class initialized using 'CodeIgniter\Session\Handlers\FileHandler' driver.
WARNING - 2024-06-10 05:05:59 --> Session: Sessions is enabled, and one exists. Please don't $session->start();
INFO - 2024-06-10 05:05:59 --> Session: Class initialized using 'CodeIgniter\Session\Handlers\FileHandler' driver.
WARNING - 2024-06-10 05:05:59 --> Session: Sessions is enabled, and one exists. Please don't $session->start();
INFO - 2024-06-10 05:06:05 --> Session: Class initialized using 'CodeIgniter\Session\Handlers\FileHandler' driver.
WARNING - 2024-06-10 05:06:05 --> Session: Sessions is enabled, and one exists. Please don't $session->start();
INFO - 2024-06-10 05:06:10 --> Session: Class initialized using 'CodeIgniter\Session\Handlers\FileHandler' driver.
WARNING - 2024-06-10 05:06:10 --> Session: Sessions is enabled, and one exists. Please don't $session->start();
INFO - 2024-06-10 05:06:58 --> Session: Class initialized using 'CodeIgniter\Session\Handlers\FileHandler' driver.
WARNING - 2024-06-10 05:06:58 --> Session: Sessions is enabled, and one exists. Please don't $session->start();
INFO - 2024-06-10 05:07:17 --> Session: Class initialized using 'CodeIgniter\Session\Handlers\FileHandler' driver.
WARNING - 2024-06-10 05:07:17 --> Session: Sessions is enabled, and one exists. Please don't $session->start();
INFO - 2024-06-10 05:07:27 --> Session: Class initialized using 'CodeIgniter\Session\Handlers\FileHandler' driver.
WARNING - 2024-06-10 05:07:27 --> Session: Sessions is enabled, and one exists. Please don't $session->start();
INFO - 2024-06-10 05:08:17 --> Session: Class initialized using 'CodeIgniter\Session\Handlers\FileHandler' driver.
WARNING - 2024-06-10 05:08:17 --> Session: Sessions is enabled, and one exists. Please don't $session->start();
INFO - 2024-06-10 05:08:19 --> Session: Class initialized using 'CodeIgniter\Session\Handlers\FileHandler' driver.
WARNING - 2024-06-10 05:08:19 --> Session: Sessions is enabled, and one exists. Please don't $session->start();
INFO - 2024-06-10 05:08:22 --> Session: Class initialized using 'CodeIgniter\Session\Handlers\FileHandler' driver.
WARNING - 2024-06-10 05:08:22 --> Session: Sessions is enabled, and one exists. Please don't $session->start();
INFO - 2024-06-10 05:08:25 --> Session: Class initialized using 'CodeIgniter\Session\Handlers\FileHandler' driver.
WARNING - 2024-06-10 05:08:25 --> Session: Sessions is enabled, and one exists. Please don't $session->start();
INFO - 2024-06-10 05:08:32 --> Session: Class initialized using 'CodeIgniter\Session\Handlers\FileHandler' driver.
WARNING - 2024-06-10 05:08:32 --> Session: Sessions is enabled, and one exists. Please don't $session->start();
INFO - 2024-06-10 05:08:33 --> Session: Class initialized using 'CodeIgniter\Session\Handlers\FileHandler' driver.
WARNING - 2024-06-10 05:08:33 --> Session: Sessions is enabled, and one exists. Please don't $session->start();
INFO - 2024-06-10 05:09:35 --> Session: Class initialized using 'CodeIgniter\Session\Handlers\FileHandler' driver.
WARNING - 2024-06-10 05:09:35 --> Session: Sessions is enabled, and one exists. Please don't $session->start();
INFO - 2024-06-10 05:09:39 --> Session: Class initialized using 'CodeIgniter\Session\Handlers\FileHandler' driver.
WARNING - 2024-06-10 05:09:39 --> Session: Sessions is enabled, and one exists. Please don't $session->start();
INFO - 2024-06-10 05:09:45 --> Session: Class initialized using 'CodeIgniter\Session\Handlers\FileHandler' driver.
WARNING - 2024-06-10 05:09:45 --> Session: Sessions is enabled, and one exists. Please don't $session->start();
INFO - 2024-06-10 05:09:45 --> Session: Class initialized using 'CodeIgniter\Session\Handlers\FileHandler' driver.
WARNING - 2024-06-10 05:09:45 --> Session: Sessions is enabled, and one exists. Please don't $session->start();
INFO - 2024-06-10 05:09:49 --> Session: Class initialized using 'CodeIgniter\Session\Handlers\FileHandler' driver.
WARNING - 2024-06-10 05:09:49 --> Session: Sessions is enabled, and one exists. Please don't $session->start();
INFO - 2024-06-10 05:16:10 --> Session: Class initialized using 'CodeIgniter\Session\Handlers\FileHandler' driver.
WARNING - 2024-06-10 05:16:10 --> Session: Sessions is enabled, and one exists. Please don't $session->start();
INFO - 2024-06-10 05:17:01 --> Session: Class initialized using 'CodeIgniter\Session\Handlers\FileHandler' driver.
WARNING - 2024-06-10 05:17:01 --> Session: Sessions is enabled, and one exists. Please don't $session->start();
INFO - 2024-06-10 05:18:44 --> Session: Class initialized using 'CodeIgniter\Session\Handlers\FileHandler' driver.
WARNING - 2024-06-10 05:18:44 --> Session: Sessions is enabled, and one exists. Please don't $session->start();
INFO - 2024-06-10 05:21:08 --> Session: Class initialized using 'CodeIgniter\Session\Handlers\FileHandler' driver.
WARNING - 2024-06-10 05:21:08 --> Session: Sessions is enabled, and one exists. Please don't $session->start();
INFO - 2024-06-10 05:21:23 --> Session: Class initialized using 'CodeIgniter\Session\Handlers\FileHandler' driver.
WARNING - 2024-06-10 05:21:23 --> Session: Sessions is enabled, and one exists. Please don't $session->start();
INFO - 2024-06-10 05:21:48 --> Session: Class initialized using 'CodeIgniter\Session\Handlers\FileHandler' driver.
WARNING - 2024-06-10 05:21:48 --> Session: Sessions is enabled, and one exists. Please don't $session->start();
INFO - 2024-06-10 05:22:25 --> Session: Class initialized using 'CodeIgniter\Session\Handlers\FileHandler' driver.
WARNING - 2024-06-10 05:22:25 --> Session: Sessions is enabled, and one exists. Please don't $session->start();
CRITICAL - 2024-06-10 05:22:25 --> Error: Attempt to assign property "" on null
[Method: GET, Route: /]
in APPPATH\Views\user\landing_page.php on line 312.
 1 SYSTEMPATH\View\View.php(234): include()
 2 SYSTEMPATH\View\View.php(237): CodeIgniter\View\View->CodeIgniter\View\{closure}()
 3 SYSTEMPATH\Common.php(1171): CodeIgniter\View\View->render('user/landing_page', [], true)
 4 APPPATH\Controllers\LandingPage.php(52): view('user/landing_page', [...])
 5 SYSTEMPATH\CodeIgniter.php(933): App\Controllers\LandingPage->index()
 6 SYSTEMPATH\CodeIgniter.php(509): CodeIgniter\CodeIgniter->runController(Object(App\Controllers\LandingPage))
 7 SYSTEMPATH\CodeIgniter.php(355): CodeIgniter\CodeIgniter->handleRequest(null, Object(Config\Cache), false)
 8 SYSTEMPATH\Boot.php(312): CodeIgniter\CodeIgniter->run()
 9 SYSTEMPATH\Boot.php(67): CodeIgniter\Boot::runCodeIgniter(Object(CodeIgniter\CodeIgniter))
10 FCPATH\index.php(56): CodeIgniter\Boot::bootWeb(Object(Config\Paths))
11 SYSTEMPATH\Commands\Server\rewrite.php(49): require_once('D:\\Project\\dlbeauty\\public\\index.php')
CRITICAL - 2024-06-10 05:22:25 --> [Caused by] Error: Object of class stdClass could not be converted to string
in APPPATH\Views\user\landing_page.php on line 312.
 1 SYSTEMPATH\View\View.php(234): include()
 2 SYSTEMPATH\View\View.php(237): CodeIgniter\View\View->CodeIgniter\View\{closure}()
 3 SYSTEMPATH\Common.php(1171): CodeIgniter\View\View->render('user/landing_page', [], true)
 4 APPPATH\Controllers\LandingPage.php(52): view('user/landing_page', [...])
 5 SYSTEMPATH\CodeIgniter.php(933): App\Controllers\LandingPage->index()
 6 SYSTEMPATH\CodeIgniter.php(509): CodeIgniter\CodeIgniter->runController(Object(App\Controllers\LandingPage))
 7 SYSTEMPATH\CodeIgniter.php(355): CodeIgniter\CodeIgniter->handleRequest(null, Object(Config\Cache), false)
 8 SYSTEMPATH\Boot.php(312): CodeIgniter\CodeIgniter->run()
 9 SYSTEMPATH\Boot.php(67): CodeIgniter\Boot::runCodeIgniter(Object(CodeIgniter\CodeIgniter))
10 FCPATH\index.php(56): CodeIgniter\Boot::bootWeb(Object(Config\Paths))
11 SYSTEMPATH\Commands\Server\rewrite.php(49): require_once('D:\\Project\\dlbeauty\\public\\index.php')
INFO - 2024-06-10 05:22:33 --> Session: Class initialized using 'CodeIgniter\Session\Handlers\FileHandler' driver.
WARNING - 2024-06-10 05:22:33 --> Session: Sessions is enabled, and one exists. Please don't $session->start();
CRITICAL - 2024-06-10 05:22:33 --> Error: Attempt to assign property "" on null
[Method: GET, Route: /]
in APPPATH\Views\user\landing_page.php on line 312.
 1 SYSTEMPATH\View\View.php(234): include()
 2 SYSTEMPATH\View\View.php(237): CodeIgniter\View\View->CodeIgniter\View\{closure}()
 3 SYSTEMPATH\Common.php(1171): CodeIgniter\View\View->render('user/landing_page', [], true)
 4 APPPATH\Controllers\LandingPage.php(52): view('user/landing_page', [...])
 5 SYSTEMPATH\CodeIgniter.php(933): App\Controllers\LandingPage->index()
 6 SYSTEMPATH\CodeIgniter.php(509): CodeIgniter\CodeIgniter->runController(Object(App\Controllers\LandingPage))
 7 SYSTEMPATH\CodeIgniter.php(355): CodeIgniter\CodeIgniter->handleRequest(null, Object(Config\Cache), false)
 8 SYSTEMPATH\Boot.php(312): CodeIgniter\CodeIgniter->run()
 9 SYSTEMPATH\Boot.php(67): CodeIgniter\Boot::runCodeIgniter(Object(CodeIgniter\CodeIgniter))
10 FCPATH\index.php(56): CodeIgniter\Boot::bootWeb(Object(Config\Paths))
11 SYSTEMPATH\Commands\Server\rewrite.php(49): require_once('D:\\Project\\dlbeauty\\public\\index.php')
CRITICAL - 2024-06-10 05:22:33 --> [Caused by] Error: Object of class stdClass could not be converted to string
in APPPATH\Views\user\landing_page.php on line 312.
 1 SYSTEMPATH\View\View.php(234): include()
 2 SYSTEMPATH\View\View.php(237): CodeIgniter\View\View->CodeIgniter\View\{closure}()
 3 SYSTEMPATH\Common.php(1171): CodeIgniter\View\View->render('user/landing_page', [], true)
 4 APPPATH\Controllers\LandingPage.php(52): view('user/landing_page', [...])
 5 SYSTEMPATH\CodeIgniter.php(933): App\Controllers\LandingPage->index()
 6 SYSTEMPATH\CodeIgniter.php(509): CodeIgniter\CodeIgniter->runController(Object(App\Controllers\LandingPage))
 7 SYSTEMPATH\CodeIgniter.php(355): CodeIgniter\CodeIgniter->handleRequest(null, Object(Config\Cache), false)
 8 SYSTEMPATH\Boot.php(312): CodeIgniter\CodeIgniter->run()
 9 SYSTEMPATH\Boot.php(67): CodeIgniter\Boot::runCodeIgniter(Object(CodeIgniter\CodeIgniter))
10 FCPATH\index.php(56): CodeIgniter\Boot::bootWeb(Object(Config\Paths))
11 SYSTEMPATH\Commands\Server\rewrite.php(49): require_once('D:\\Project\\dlbeauty\\public\\index.php')
INFO - 2024-06-10 05:23:00 --> Session: Class initialized using 'CodeIgniter\Session\Handlers\FileHandler' driver.
WARNING - 2024-06-10 05:23:00 --> Session: Sessions is enabled, and one exists. Please don't $session->start();
INFO - 2024-06-10 05:24:11 --> Session: Class initialized using 'CodeIgniter\Session\Handlers\FileHandler' driver.
WARNING - 2024-06-10 05:24:11 --> Session: Sessions is enabled, and one exists. Please don't $session->start();
INFO - 2024-06-10 05:31:10 --> Session: Class initialized using 'CodeIgniter\Session\Handlers\FileHandler' driver.
WARNING - 2024-06-10 05:31:10 --> Session: Sessions is enabled, and one exists. Please don't $session->start();
INFO - 2024-06-10 05:31:20 --> Session: Class initialized using 'CodeIgniter\Session\Handlers\FileHandler' driver.
WARNING - 2024-06-10 05:31:20 --> Session: Sessions is enabled, and one exists. Please don't $session->start();
INFO - 2024-06-10 05:36:35 --> Session: Class initialized using 'CodeIgniter\Session\Handlers\FileHandler' driver.
WARNING - 2024-06-10 05:36:35 --> Session: Sessions is enabled, and one exists. Please don't $session->start();
INFO - 2024-06-10 05:36:45 --> Session: Class initialized using 'CodeIgniter\Session\Handlers\FileHandler' driver.
WARNING - 2024-06-10 05:36:45 --> Session: Sessions is enabled, and one exists. Please don't $session->start();
INFO - 2024-06-10 05:37:43 --> Session: Class initialized using 'CodeIgniter\Session\Handlers\FileHandler' driver.
WARNING - 2024-06-10 05:37:43 --> Session: Sessions is enabled, and one exists. Please don't $session->start();
INFO - 2024-06-10 05:38:09 --> Session: Class initialized using 'CodeIgniter\Session\Handlers\FileHandler' driver.
WARNING - 2024-06-10 05:38:09 --> Session: Sessions is enabled, and one exists. Please don't $session->start();
INFO - 2024-06-10 05:38:18 --> Session: Class initialized using 'CodeIgniter\Session\Handlers\FileHandler' driver.
WARNING - 2024-06-10 05:38:18 --> Session: Sessions is enabled, and one exists. Please don't $session->start();
INFO - 2024-06-10 05:38:26 --> Session: Class initialized using 'CodeIgniter\Session\Handlers\FileHandler' driver.
WARNING - 2024-06-10 05:38:26 --> Session: Sessions is enabled, and one exists. Please don't $session->start();
INFO - 2024-06-10 05:38:30 --> Session: Class initialized using 'CodeIgniter\Session\Handlers\FileHandler' driver.
WARNING - 2024-06-10 05:38:30 --> Session: Sessions is enabled, and one exists. Please don't $session->start();
INFO - 2024-06-10 05:38:35 --> Session: Class initialized using 'CodeIgniter\Session\Handlers\FileHandler' driver.
WARNING - 2024-06-10 05:38:35 --> Session: Sessions is enabled, and one exists. Please don't $session->start();
INFO - 2024-06-10 05:38:44 --> Session: Class initialized using 'CodeIgniter\Session\Handlers\FileHandler' driver.
WARNING - 2024-06-10 05:38:44 --> Session: Sessions is enabled, and one exists. Please don't $session->start();
INFO - 2024-06-10 05:39:02 --> Session: Class initialized using 'CodeIgniter\Session\Handlers\FileHandler' driver.
WARNING - 2024-06-10 05:39:02 --> Session: Sessions is enabled, and one exists. Please don't $session->start();
INFO - 2024-06-10 05:39:17 --> Session: Class initialized using 'CodeIgniter\Session\Handlers\FileHandler' driver.
WARNING - 2024-06-10 05:39:17 --> Session: Sessions is enabled, and one exists. Please don't $session->start();
INFO - 2024-06-10 05:39:36 --> Session: Class initialized using 'CodeIgniter\Session\Handlers\FileHandler' driver.
WARNING - 2024-06-10 05:39:36 --> Session: Sessions is enabled, and one exists. Please don't $session->start();
INFO - 2024-06-10 05:40:23 --> Session: Class initialized using 'CodeIgniter\Session\Handlers\FileHandler' driver.
WARNING - 2024-06-10 05:40:23 --> Session: Sessions is enabled, and one exists. Please don't $session->start();
INFO - 2024-06-10 05:41:30 --> Session: Class initialized using 'CodeIgniter\Session\Handlers\FileHandler' driver.
WARNING - 2024-06-10 05:41:30 --> Session: Sessions is enabled, and one exists. Please don't $session->start();
INFO - 2024-06-10 05:41:42 --> Session: Class initialized using 'CodeIgniter\Session\Handlers\FileHandler' driver.
WARNING - 2024-06-10 05:41:42 --> Session: Sessions is enabled, and one exists. Please don't $session->start();
INFO - 2024-06-10 05:42:30 --> Session: Class initialized using 'CodeIgniter\Session\Handlers\FileHandler' driver.
WARNING - 2024-06-10 05:42:30 --> Session: Sessions is enabled, and one exists. Please don't $session->start();
INFO - 2024-06-10 05:42:45 --> Session: Class initialized using 'CodeIgniter\Session\Handlers\FileHandler' driver.
WARNING - 2024-06-10 05:42:45 --> Session: Sessions is enabled, and one exists. Please don't $session->start();
INFO - 2024-06-10 05:42:52 --> Session: Class initialized using 'CodeIgniter\Session\Handlers\FileHandler' driver.
WARNING - 2024-06-10 05:42:52 --> Session: Sessions is enabled, and one exists. Please don't $session->start();
INFO - 2024-06-10 05:43:25 --> Session: Class initialized using 'CodeIgniter\Session\Handlers\FileHandler' driver.
WARNING - 2024-06-10 05:43:25 --> Session: Sessions is enabled, and one exists. Please don't $session->start();
INFO - 2024-06-10 05:43:33 --> Session: Class initialized using 'CodeIgniter\Session\Handlers\FileHandler' driver.
WARNING - 2024-06-10 05:43:33 --> Session: Sessions is enabled, and one exists. Please don't $session->start();
INFO - 2024-06-10 05:43:44 --> Session: Class initialized using 'CodeIgniter\Session\Handlers\FileHandler' driver.
WARNING - 2024-06-10 05:43:44 --> Session: Sessions is enabled, and one exists. Please don't $session->start();
INFO - 2024-06-10 05:43:51 --> Session: Class initialized using 'CodeIgniter\Session\Handlers\FileHandler' driver.
WARNING - 2024-06-10 05:43:51 --> Session: Sessions is enabled, and one exists. Please don't $session->start();
INFO - 2024-06-10 05:44:02 --> Session: Class initialized using 'CodeIgniter\Session\Handlers\FileHandler' driver.
WARNING - 2024-06-10 05:44:02 --> Session: Sessions is enabled, and one exists. Please don't $session->start();
INFO - 2024-06-10 05:44:23 --> Session: Class initialized using 'CodeIgniter\Session\Handlers\FileHandler' driver.
WARNING - 2024-06-10 05:44:23 --> Session: Sessions is enabled, and one exists. Please don't $session->start();
INFO - 2024-06-10 05:44:46 --> Session: Class initialized using 'CodeIgniter\Session\Handlers\FileHandler' driver.
WARNING - 2024-06-10 05:44:46 --> Session: Sessions is enabled, and one exists. Please don't $session->start();
INFO - 2024-06-10 05:44:49 --> Session: Class initialized using 'CodeIgniter\Session\Handlers\FileHandler' driver.
WARNING - 2024-06-10 05:44:49 --> Session: Sessions is enabled, and one exists. Please don't $session->start();
INFO - 2024-06-10 05:45:15 --> Session: Class initialized using 'CodeIgniter\Session\Handlers\FileHandler' driver.
WARNING - 2024-06-10 05:45:15 --> Session: Sessions is enabled, and one exists. Please don't $session->start();
INFO - 2024-06-10 05:45:30 --> Session: Class initialized using 'CodeIgniter\Session\Handlers\FileHandler' driver.
WARNING - 2024-06-10 05:45:30 --> Session: Sessions is enabled, and one exists. Please don't $session->start();
INFO - 2024-06-10 05:45:42 --> Session: Class initialized using 'CodeIgniter\Session\Handlers\FileHandler' driver.
WARNING - 2024-06-10 05:45:42 --> Session: Sessions is enabled, and one exists. Please don't $session->start();
INFO - 2024-06-10 05:45:49 --> Session: Class initialized using 'CodeIgniter\Session\Handlers\FileHandler' driver.
WARNING - 2024-06-10 05:45:49 --> Session: Sessions is enabled, and one exists. Please don't $session->start();
INFO - 2024-06-10 05:47:02 --> Session: Class initialized using 'CodeIgniter\Session\Handlers\FileHandler' driver.
WARNING - 2024-06-10 05:47:02 --> Session: Sessions is enabled, and one exists. Please don't $session->start();
INFO - 2024-06-10 05:47:14 --> Session: Class initialized using 'CodeIgniter\Session\Handlers\FileHandler' driver.
WARNING - 2024-06-10 05:47:14 --> Session: Sessions is enabled, and one exists. Please don't $session->start();
INFO - 2024-06-10 05:47:29 --> Session: Class initialized using 'CodeIgniter\Session\Handlers\FileHandler' driver.
WARNING - 2024-06-10 05:47:29 --> Session: Sessions is enabled, and one exists. Please don't $session->start();
INFO - 2024-06-10 05:47:41 --> Session: Class initialized using 'CodeIgniter\Session\Handlers\FileHandler' driver.
WARNING - 2024-06-10 05:47:41 --> Session: Sessions is enabled, and one exists. Please don't $session->start();
INFO - 2024-06-10 05:47:46 --> Session: Class initialized using 'CodeIgniter\Session\Handlers\FileHandler' driver.
WARNING - 2024-06-10 05:47:46 --> Session: Sessions is enabled, and one exists. Please don't $session->start();
INFO - 2024-06-10 05:47:49 --> Session: Class initialized using 'CodeIgniter\Session\Handlers\FileHandler' driver.
WARNING - 2024-06-10 05:47:49 --> Session: Sessions is enabled, and one exists. Please don't $session->start();
INFO - 2024-06-10 05:47:50 --> Session: Class initialized using 'CodeIgniter\Session\Handlers\FileHandler' driver.
WARNING - 2024-06-10 05:47:50 --> Session: Sessions is enabled, and one exists. Please don't $session->start();
INFO - 2024-06-10 05:47:54 --> Session: Class initialized using 'CodeIgniter\Session\Handlers\FileHandler' driver.
WARNING - 2024-06-10 05:47:54 --> Session: Sessions is enabled, and one exists. Please don't $session->start();
INFO - 2024-06-10 05:47:54 --> Session: Class initialized using 'CodeIgniter\Session\Handlers\FileHandler' driver.
WARNING - 2024-06-10 05:47:54 --> Session: Sessions is enabled, and one exists. Please don't $session->start();
INFO - 2024-06-10 05:47:57 --> Session: Class initialized using 'CodeIgniter\Session\Handlers\FileHandler' driver.
WARNING - 2024-06-10 05:47:57 --> Session: Sessions is enabled, and one exists. Please don't $session->start();
INFO - 2024-06-10 05:48:00 --> Session: Class initialized using 'CodeIgniter\Session\Handlers\FileHandler' driver.
WARNING - 2024-06-10 05:48:00 --> Session: Sessions is enabled, and one exists. Please don't $session->start();
INFO - 2024-06-10 05:48:01 --> Session: Class initialized using 'CodeIgniter\Session\Handlers\FileHandler' driver.
WARNING - 2024-06-10 05:48:01 --> Session: Sessions is enabled, and one exists. Please don't $session->start();
INFO - 2024-06-10 05:48:03 --> Session: Class initialized using 'CodeIgniter\Session\Handlers\FileHandler' driver.
WARNING - 2024-06-10 05:48:03 --> Session: Sessions is enabled, and one exists. Please don't $session->start();
INFO - 2024-06-10 05:48:49 --> Session: Class initialized using 'CodeIgniter\Session\Handlers\FileHandler' driver.
WARNING - 2024-06-10 05:48:49 --> Session: Sessions is enabled, and one exists. Please don't $session->start();
INFO - 2024-06-10 05:49:08 --> Session: Class initialized using 'CodeIgniter\Session\Handlers\FileHandler' driver.
WARNING - 2024-06-10 05:49:08 --> Session: Sessions is enabled, and one exists. Please don't $session->start();
INFO - 2024-06-10 05:49:47 --> Session: Class initialized using 'CodeIgniter\Session\Handlers\FileHandler' driver.
WARNING - 2024-06-10 05:49:47 --> Session: Sessions is enabled, and one exists. Please don't $session->start();
INFO - 2024-06-10 05:50:00 --> Session: Class initialized using 'CodeIgniter\Session\Handlers\FileHandler' driver.
WARNING - 2024-06-10 05:50:00 --> Session: Sessions is enabled, and one exists. Please don't $session->start();
INFO - 2024-06-10 05:50:21 --> Session: Class initialized using 'CodeIgniter\Session\Handlers\FileHandler' driver.
WARNING - 2024-06-10 05:50:21 --> Session: Sessions is enabled, and one exists. Please don't $session->start();
INFO - 2024-06-10 05:51:20 --> Session: Class initialized using 'CodeIgniter\Session\Handlers\FileHandler' driver.
WARNING - 2024-06-10 05:51:20 --> Session: Sessions is enabled, and one exists. Please don't $session->start();
INFO - 2024-06-10 05:51:31 --> Session: Class initialized using 'CodeIgniter\Session\Handlers\FileHandler' driver.
WARNING - 2024-06-10 05:51:31 --> Session: Sessions is enabled, and one exists. Please don't $session->start();
INFO - 2024-06-10 05:51:43 --> Session: Class initialized using 'CodeIgniter\Session\Handlers\FileHandler' driver.
WARNING - 2024-06-10 05:51:43 --> Session: Sessions is enabled, and one exists. Please don't $session->start();
INFO - 2024-06-10 05:51:50 --> Session: Class initialized using 'CodeIgniter\Session\Handlers\FileHandler' driver.
WARNING - 2024-06-10 05:51:50 --> Session: Sessions is enabled, and one exists. Please don't $session->start();
INFO - 2024-06-10 05:51:56 --> Session: Class initialized using 'CodeIgniter\Session\Handlers\FileHandler' driver.
WARNING - 2024-06-10 05:51:56 --> Session: Sessions is enabled, and one exists. Please don't $session->start();
INFO - 2024-06-10 05:51:58 --> Session: Class initialized using 'CodeIgniter\Session\Handlers\FileHandler' driver.
WARNING - 2024-06-10 05:51:58 --> Session: Sessions is enabled, and one exists. Please don't $session->start();
INFO - 2024-06-10 05:52:19 --> Session: Class initialized using 'CodeIgniter\Session\Handlers\FileHandler' driver.
WARNING - 2024-06-10 05:52:19 --> Session: Sessions is enabled, and one exists. Please don't $session->start();
INFO - 2024-06-10 05:53:12 --> Session: Class initialized using 'CodeIgniter\Session\Handlers\FileHandler' driver.
WARNING - 2024-06-10 05:53:12 --> Session: Sessions is enabled, and one exists. Please don't $session->start();
INFO - 2024-06-10 05:53:24 --> Session: Class initialized using 'CodeIgniter\Session\Handlers\FileHandler' driver.
WARNING - 2024-06-10 05:53:24 --> Session: Sessions is enabled, and one exists. Please don't $session->start();
INFO - 2024-06-10 05:53:36 --> Session: Class initialized using 'CodeIgniter\Session\Handlers\FileHandler' driver.
WARNING - 2024-06-10 05:53:36 --> Session: Sessions is enabled, and one exists. Please don't $session->start();
INFO - 2024-06-10 05:53:40 --> Session: Class initialized using 'CodeIgniter\Session\Handlers\FileHandler' driver.
WARNING - 2024-06-10 05:53:40 --> Session: Sessions is enabled, and one exists. Please don't $session->start();
INFO - 2024-06-10 05:53:44 --> Session: Class initialized using 'CodeIgniter\Session\Handlers\FileHandler' driver.
WARNING - 2024-06-10 05:53:44 --> Session: Sessions is enabled, and one exists. Please don't $session->start();
INFO - 2024-06-10 05:53:51 --> Session: Class initialized using 'CodeIgniter\Session\Handlers\FileHandler' driver.
WARNING - 2024-06-10 05:53:51 --> Session: Sessions is enabled, and one exists. Please don't $session->start();
INFO - 2024-06-10 06:00:29 --> Session: Class initialized using 'CodeIgniter\Session\Handlers\FileHandler' driver.
WARNING - 2024-06-10 06:00:29 --> Session: Sessions is enabled, and one exists. Please don't $session->start();
INFO - 2024-06-10 06:00:30 --> Session: Class initialized using 'CodeIgniter\Session\Handlers\FileHandler' driver.
WARNING - 2024-06-10 06:00:30 --> Session: Sessions is enabled, and one exists. Please don't $session->start();
INFO - 2024-06-10 06:01:56 --> Session: Class initialized using 'CodeIgniter\Session\Handlers\FileHandler' driver.
WARNING - 2024-06-10 06:01:56 --> Session: Sessions is enabled, and one exists. Please don't $session->start();
INFO - 2024-06-10 06:02:23 --> Session: Class initialized using 'CodeIgniter\Session\Handlers\FileHandler' driver.
WARNING - 2024-06-10 06:02:23 --> Session: Sessions is enabled, and one exists. Please don't $session->start();
INFO - 2024-06-10 06:03:56 --> Session: Class initialized using 'CodeIgniter\Session\Handlers\FileHandler' driver.
WARNING - 2024-06-10 06:03:56 --> Session: Sessions is enabled, and one exists. Please don't $session->start();
INFO - 2024-06-10 06:03:59 --> Session: Class initialized using 'CodeIgniter\Session\Handlers\FileHandler' driver.
WARNING - 2024-06-10 06:03:59 --> Session: Sessions is enabled, and one exists. Please don't $session->start();
INFO - 2024-06-10 06:04:03 --> Session: Class initialized using 'CodeIgniter\Session\Handlers\FileHandler' driver.
WARNING - 2024-06-10 06:04:03 --> Session: Sessions is enabled, and one exists. Please don't $session->start();
INFO - 2024-06-10 06:04:07 --> Session: Class initialized using 'CodeIgniter\Session\Handlers\FileHandler' driver.
WARNING - 2024-06-10 06:04:07 --> Session: Sessions is enabled, and one exists. Please don't $session->start();
INFO - 2024-06-10 06:04:13 --> Session: Class initialized using 'CodeIgniter\Session\Handlers\FileHandler' driver.
WARNING - 2024-06-10 06:04:13 --> Session: Sessions is enabled, and one exists. Please don't $session->start();
INFO - 2024-06-10 06:04:15 --> Session: Class initialized using 'CodeIgniter\Session\Handlers\FileHandler' driver.
WARNING - 2024-06-10 06:04:15 --> Session: Sessions is enabled, and one exists. Please don't $session->start();
INFO - 2024-06-10 06:04:18 --> Session: Class initialized using 'CodeIgniter\Session\Handlers\FileHandler' driver.
WARNING - 2024-06-10 06:04:18 --> Session: Sessions is enabled, and one exists. Please don't $session->start();
INFO - 2024-06-10 06:04:21 --> Session: Class initialized using 'CodeIgniter\Session\Handlers\FileHandler' driver.
WARNING - 2024-06-10 06:04:21 --> Session: Sessions is enabled, and one exists. Please don't $session->start();
INFO - 2024-06-10 06:04:23 --> Session: Class initialized using 'CodeIgniter\Session\Handlers\FileHandler' driver.
WARNING - 2024-06-10 06:04:23 --> Session: Sessions is enabled, and one exists. Please don't $session->start();
INFO - 2024-06-10 06:04:25 --> Session: Class initialized using 'CodeIgniter\Session\Handlers\FileHandler' driver.
WARNING - 2024-06-10 06:04:25 --> Session: Sessions is enabled, and one exists. Please don't $session->start();
INFO - 2024-06-10 06:04:47 --> Session: Class initialized using 'CodeIgniter\Session\Handlers\FileHandler' driver.
WARNING - 2024-06-10 06:04:47 --> Session: Sessions is enabled, and one exists. Please don't $session->start();
INFO - 2024-06-10 06:05:39 --> Session: Class initialized using 'CodeIgniter\Session\Handlers\FileHandler' driver.
WARNING - 2024-06-10 06:05:39 --> Session: Sessions is enabled, and one exists. Please don't $session->start();
INFO - 2024-06-10 06:06:17 --> Session: Class initialized using 'CodeIgniter\Session\Handlers\FileHandler' driver.
WARNING - 2024-06-10 06:06:17 --> Session: Sessions is enabled, and one exists. Please don't $session->start();
INFO - 2024-06-10 06:06:25 --> Session: Class initialized using 'CodeIgniter\Session\Handlers\FileHandler' driver.
WARNING - 2024-06-10 06:06:25 --> Session: Sessions is enabled, and one exists. Please don't $session->start();
INFO - 2024-06-10 06:06:30 --> Session: Class initialized using 'CodeIgniter\Session\Handlers\FileHandler' driver.
WARNING - 2024-06-10 06:06:30 --> Session: Sessions is enabled, and one exists. Please don't $session->start();
INFO - 2024-06-10 06:06:39 --> Session: Class initialized using 'CodeIgniter\Session\Handlers\FileHandler' driver.
WARNING - 2024-06-10 06:06:39 --> Session: Sessions is enabled, and one exists. Please don't $session->start();
INFO - 2024-06-10 06:06:41 --> Session: Class initialized using 'CodeIgniter\Session\Handlers\FileHandler' driver.
WARNING - 2024-06-10 06:06:41 --> Session: Sessions is enabled, and one exists. Please don't $session->start();
INFO - 2024-06-10 06:06:43 --> Session: Class initialized using 'CodeIgniter\Session\Handlers\FileHandler' driver.
WARNING - 2024-06-10 06:06:43 --> Session: Sessions is enabled, and one exists. Please don't $session->start();
INFO - 2024-06-10 06:06:46 --> Session: Class initialized using 'CodeIgniter\Session\Handlers\FileHandler' driver.
WARNING - 2024-06-10 06:06:46 --> Session: Sessions is enabled, and one exists. Please don't $session->start();
INFO - 2024-06-10 06:07:16 --> Session: Class initialized using 'CodeIgniter\Session\Handlers\FileHandler' driver.
WARNING - 2024-06-10 06:07:16 --> Session: Sessions is enabled, and one exists. Please don't $session->start();
INFO - 2024-06-10 06:07:31 --> Session: Class initialized using 'CodeIgniter\Session\Handlers\FileHandler' driver.
WARNING - 2024-06-10 06:07:31 --> Session: Sessions is enabled, and one exists. Please don't $session->start();
INFO - 2024-06-10 06:07:46 --> Session: Class initialized using 'CodeIgniter\Session\Handlers\FileHandler' driver.
WARNING - 2024-06-10 06:07:46 --> Session: Sessions is enabled, and one exists. Please don't $session->start();
INFO - 2024-06-10 06:07:52 --> Session: Class initialized using 'CodeIgniter\Session\Handlers\FileHandler' driver.
WARNING - 2024-06-10 06:07:52 --> Session: Sessions is enabled, and one exists. Please don't $session->start();
INFO - 2024-06-10 06:08:16 --> Session: Class initialized using 'CodeIgniter\Session\Handlers\FileHandler' driver.
WARNING - 2024-06-10 06:08:16 --> Session: Sessions is enabled, and one exists. Please don't $session->start();
INFO - 2024-06-10 06:08:28 --> Session: Class initialized using 'CodeIgniter\Session\Handlers\FileHandler' driver.
WARNING - 2024-06-10 06:08:28 --> Session: Sessions is enabled, and one exists. Please don't $session->start();
INFO - 2024-06-10 06:08:30 --> Session: Class initialized using 'CodeIgniter\Session\Handlers\FileHandler' driver.
WARNING - 2024-06-10 06:08:30 --> Session: Sessions is enabled, and one exists. Please don't $session->start();
INFO - 2024-06-10 06:08:31 --> Session: Class initialized using 'CodeIgniter\Session\Handlers\FileHandler' driver.
WARNING - 2024-06-10 06:08:31 --> Session: Sessions is enabled, and one exists. Please don't $session->start();
INFO - 2024-06-10 06:08:35 --> Session: Class initialized using 'CodeIgniter\Session\Handlers\FileHandler' driver.
WARNING - 2024-06-10 06:08:35 --> Session: Sessions is enabled, and one exists. Please don't $session->start();
INFO - 2024-06-10 06:08:39 --> Session: Class initialized using 'CodeIgniter\Session\Handlers\FileHandler' driver.
WARNING - 2024-06-10 06:08:39 --> Session: Sessions is enabled, and one exists. Please don't $session->start();
INFO - 2024-06-10 06:08:40 --> Session: Class initialized using 'CodeIgniter\Session\Handlers\FileHandler' driver.
WARNING - 2024-06-10 06:08:40 --> Session: Sessions is enabled, and one exists. Please don't $session->start();
INFO - 2024-06-10 06:08:41 --> Session: Class initialized using 'CodeIgniter\Session\Handlers\FileHandler' driver.
WARNING - 2024-06-10 06:08:41 --> Session: Sessions is enabled, and one exists. Please don't $session->start();
INFO - 2024-06-10 06:08:45 --> Session: Class initialized using 'CodeIgniter\Session\Handlers\FileHandler' driver.
WARNING - 2024-06-10 06:08:45 --> Session: Sessions is enabled, and one exists. Please don't $session->start();
INFO - 2024-06-10 06:08:49 --> Session: Class initialized using 'CodeIgniter\Session\Handlers\FileHandler' driver.
WARNING - 2024-06-10 06:08:49 --> Session: Sessions is enabled, and one exists. Please don't $session->start();
INFO - 2024-06-10 06:08:50 --> Session: Class initialized using 'CodeIgniter\Session\Handlers\FileHandler' driver.
WARNING - 2024-06-10 06:08:50 --> Session: Sessions is enabled, and one exists. Please don't $session->start();
INFO - 2024-06-10 06:08:52 --> Session: Class initialized using 'CodeIgniter\Session\Handlers\FileHandler' driver.
WARNING - 2024-06-10 06:08:52 --> Session: Sessions is enabled, and one exists. Please don't $session->start();
INFO - 2024-06-10 06:08:54 --> Session: Class initialized using 'CodeIgniter\Session\Handlers\FileHandler' driver.
WARNING - 2024-06-10 06:08:54 --> Session: Sessions is enabled, and one exists. Please don't $session->start();
INFO - 2024-06-10 06:08:55 --> Session: Class initialized using 'CodeIgniter\Session\Handlers\FileHandler' driver.
WARNING - 2024-06-10 06:08:55 --> Session: Sessions is enabled, and one exists. Please don't $session->start();
INFO - 2024-06-10 06:09:00 --> Session: Class initialized using 'CodeIgniter\Session\Handlers\FileHandler' driver.
WARNING - 2024-06-10 06:09:00 --> Session: Sessions is enabled, and one exists. Please don't $session->start();
INFO - 2024-06-10 06:09:03 --> Session: Class initialized using 'CodeIgniter\Session\Handlers\FileHandler' driver.
WARNING - 2024-06-10 06:09:03 --> Session: Sessions is enabled, and one exists. Please don't $session->start();
INFO - 2024-06-10 06:09:10 --> Session: Class initialized using 'CodeIgniter\Session\Handlers\FileHandler' driver.
WARNING - 2024-06-10 06:09:10 --> Session: Sessions is enabled, and one exists. Please don't $session->start();
INFO - 2024-06-10 06:09:13 --> Session: Class initialized using 'CodeIgniter\Session\Handlers\FileHandler' driver.
WARNING - 2024-06-10 06:09:13 --> Session: Sessions is enabled, and one exists. Please don't $session->start();
INFO - 2024-06-10 06:09:31 --> Session: Class initialized using 'CodeIgniter\Session\Handlers\FileHandler' driver.
WARNING - 2024-06-10 06:09:31 --> Session: Sessions is enabled, and one exists. Please don't $session->start();
INFO - 2024-06-10 06:09:39 --> Session: Class initialized using 'CodeIgniter\Session\Handlers\FileHandler' driver.
WARNING - 2024-06-10 06:09:39 --> Session: Sessions is enabled, and one exists. Please don't $session->start();
INFO - 2024-06-10 06:09:41 --> Session: Class initialized using 'CodeIgniter\Session\Handlers\FileHandler' driver.
WARNING - 2024-06-10 06:09:41 --> Session: Sessions is enabled, and one exists. Please don't $session->start();
INFO - 2024-06-10 06:09:42 --> Session: Class initialized using 'CodeIgniter\Session\Handlers\FileHandler' driver.
WARNING - 2024-06-10 06:09:42 --> Session: Sessions is enabled, and one exists. Please don't $session->start();
INFO - 2024-06-10 06:09:44 --> Session: Class initialized using 'CodeIgniter\Session\Handlers\FileHandler' driver.
WARNING - 2024-06-10 06:09:44 --> Session: Sessions is enabled, and one exists. Please don't $session->start();
INFO - 2024-06-10 06:09:45 --> Session: Class initialized using 'CodeIgniter\Session\Handlers\FileHandler' driver.
WARNING - 2024-06-10 06:09:45 --> Session: Sessions is enabled, and one exists. Please don't $session->start();
INFO - 2024-06-10 06:09:46 --> Session: Class initialized using 'CodeIgniter\Session\Handlers\FileHandler' driver.
WARNING - 2024-06-10 06:09:46 --> Session: Sessions is enabled, and one exists. Please don't $session->start();
INFO - 2024-06-10 06:09:48 --> Session: Class initialized using 'CodeIgniter\Session\Handlers\FileHandler' driver.
WARNING - 2024-06-10 06:09:48 --> Session: Sessions is enabled, and one exists. Please don't $session->start();
INFO - 2024-06-10 06:10:08 --> Session: Class initialized using 'CodeIgniter\Session\Handlers\FileHandler' driver.
WARNING - 2024-06-10 06:10:08 --> Session: Sessions is enabled, and one exists. Please don't $session->start();
INFO - 2024-06-10 06:10:12 --> Session: Class initialized using 'CodeIgniter\Session\Handlers\FileHandler' driver.
WARNING - 2024-06-10 06:10:12 --> Session: Sessions is enabled, and one exists. Please don't $session->start();
INFO - 2024-06-10 06:10:20 --> Session: Class initialized using 'CodeIgniter\Session\Handlers\FileHandler' driver.
WARNING - 2024-06-10 06:10:20 --> Session: Sessions is enabled, and one exists. Please don't $session->start();
INFO - 2024-06-10 06:10:37 --> Session: Class initialized using 'CodeIgniter\Session\Handlers\FileHandler' driver.
WARNING - 2024-06-10 06:10:37 --> Session: Sessions is enabled, and one exists. Please don't $session->start();
INFO - 2024-06-10 07:20:54 --> Session: Class initialized using 'CodeIgniter\Session\Handlers\FileHandler' driver.
WARNING - 2024-06-10 07:20:54 --> Session: Sessions is enabled, and one exists. Please don't $session->start();
INFO - 2024-06-10 07:20:56 --> Session: Class initialized using 'CodeIgniter\Session\Handlers\FileHandler' driver.
WARNING - 2024-06-10 07:20:56 --> Session: Sessions is enabled, and one exists. Please don't $session->start();
INFO - 2024-06-10 07:21:09 --> Session: Class initialized using 'CodeIgniter\Session\Handlers\FileHandler' driver.
WARNING - 2024-06-10 07:21:09 --> Session: Sessions is enabled, and one exists. Please don't $session->start();
INFO - 2024-06-10 07:38:54 --> Session: Class initialized using 'CodeIgniter\Session\Handlers\FileHandler' driver.
WARNING - 2024-06-10 07:38:54 --> Session: Sessions is enabled, and one exists. Please don't $session->start();
INFO - 2024-06-10 08:38:05 --> Session: Class initialized using 'CodeIgniter\Session\Handlers\FileHandler' driver.
WARNING - 2024-06-10 08:38:05 --> Session: Sessions is enabled, and one exists. Please don't $session->start();
INFO - 2024-06-10 08:38:09 --> Session: Class initialized using 'CodeIgniter\Session\Handlers\FileHandler' driver.
WARNING - 2024-06-10 08:38:09 --> Session: Sessions is enabled, and one exists. Please don't $session->start();
INFO - 2024-06-10 08:38:39 --> Session: Class initialized using 'CodeIgniter\Session\Handlers\FileHandler' driver.
WARNING - 2024-06-10 08:38:39 --> Session: Sessions is enabled, and one exists. Please don't $session->start();
INFO - 2024-06-10 08:38:42 --> Session: Class initialized using 'CodeIgniter\Session\Handlers\FileHandler' driver.
WARNING - 2024-06-10 08:38:42 --> Session: Sessions is enabled, and one exists. Please don't $session->start();
INFO - 2024-06-10 08:38:50 --> Session: Class initialized using 'CodeIgniter\Session\Handlers\FileHandler' driver.
WARNING - 2024-06-10 08:38:50 --> Session: Sessions is enabled, and one exists. Please don't $session->start();
INFO - 2024-06-10 08:38:52 --> Session: Class initialized using 'CodeIgniter\Session\Handlers\FileHandler' driver.
WARNING - 2024-06-10 08:38:52 --> Session: Sessions is enabled, and one exists. Please don't $session->start();
INFO - 2024-06-10 08:39:16 --> Session: Class initialized using 'CodeIgniter\Session\Handlers\FileHandler' driver.
WARNING - 2024-06-10 08:39:16 --> Session: Sessions is enabled, and one exists. Please don't $session->start();
INFO - 2024-06-10 08:39:23 --> Session: Class initialized using 'CodeIgniter\Session\Handlers\FileHandler' driver.
WARNING - 2024-06-10 08:39:23 --> Session: Sessions is enabled, and one exists. Please don't $session->start();
