INFO - 2025-06-23 02:14:55 --> Session: Class initialized using 'CodeIgniter\Session\Handlers\FileHandler' driver.
INFO - 2025-06-23 02:14:56 --> Session: Class initialized using 'CodeIgniter\Session\Handlers\FileHandler' driver.
WARNING - 2025-06-23 02:14:56 --> Session: Sessions is enabled, and one exists. Please don't $session->start();
INFO - 2025-06-23 02:15:08 --> Session: Class initialized using 'CodeIgniter\Session\Handlers\FileHandler' driver.
WARNING - 2025-06-23 02:15:08 --> Session: Sessions is enabled, and one exists. Please don't $session->start();
INFO - 2025-06-23 02:15:08 --> Session: Class initialized using 'CodeIgniter\Session\Handlers\FileHandler' driver.
WARNING - 2025-06-23 02:15:08 --> Session: Sessions is enabled, and one exists. Please don't $session->start();
INFO - 2025-06-23 02:15:17 --> Session: Class initialized using 'CodeIgniter\Session\Handlers\FileHandler' driver.
WARNING - 2025-06-23 02:15:17 --> Session: Sessions is enabled, and one exists. Please don't $session->start();
INFO - 2025-06-23 02:15:34 --> Session: Class initialized using 'CodeIgniter\Session\Handlers\FileHandler' driver.
WARNING - 2025-06-23 02:15:34 --> Session: Sessions is enabled, and one exists. Please don't $session->start();
INFO - 2025-06-23 02:15:43 --> Session: Class initialized using 'CodeIgniter\Session\Handlers\FileHandler' driver.
WARNING - 2025-06-23 02:15:43 --> Session: Sessions is enabled, and one exists. Please don't $session->start();
INFO - 2025-06-23 02:15:50 --> Session: Class initialized using 'CodeIgniter\Session\Handlers\FileHandler' driver.
WARNING - 2025-06-23 02:15:50 --> Session: Sessions is enabled, and one exists. Please don't $session->start();
INFO - 2025-06-23 02:16:13 --> Session: Class initialized using 'CodeIgniter\Session\Handlers\FileHandler' driver.
WARNING - 2025-06-23 02:16:13 --> Session: Sessions is enabled, and one exists. Please don't $session->start();
INFO - 2025-06-23 02:18:50 --> Session: Class initialized using 'CodeIgniter\Session\Handlers\FileHandler' driver.
WARNING - 2025-06-23 02:18:50 --> Session: Sessions is enabled, and one exists. Please don't $session->start();
INFO - 2025-06-23 02:18:52 --> Session: Class initialized using 'CodeIgniter\Session\Handlers\FileHandler' driver.
WARNING - 2025-06-23 02:18:52 --> Session: Sessions is enabled, and one exists. Please don't $session->start();
INFO - 2025-06-23 02:18:55 --> Session: Class initialized using 'CodeIgniter\Session\Handlers\FileHandler' driver.
WARNING - 2025-06-23 02:18:55 --> Session: Sessions is enabled, and one exists. Please don't $session->start();
INFO - 2025-06-23 02:19:06 --> Session: Class initialized using 'CodeIgniter\Session\Handlers\FileHandler' driver.
WARNING - 2025-06-23 02:19:06 --> Session: Sessions is enabled, and one exists. Please don't $session->start();
INFO - 2025-06-23 02:19:08 --> Session: Class initialized using 'CodeIgniter\Session\Handlers\FileHandler' driver.
WARNING - 2025-06-23 02:19:08 --> Session: Sessions is enabled, and one exists. Please don't $session->start();
INFO - 2025-06-23 02:19:10 --> Session: Class initialized using 'CodeIgniter\Session\Handlers\FileHandler' driver.
WARNING - 2025-06-23 02:19:10 --> Session: Sessions is enabled, and one exists. Please don't $session->start();
INFO - 2025-06-23 02:19:24 --> Session: Class initialized using 'CodeIgniter\Session\Handlers\FileHandler' driver.
WARNING - 2025-06-23 02:19:24 --> Session: Sessions is enabled, and one exists. Please don't $session->start();
INFO - 2025-06-23 02:19:26 --> Session: Class initialized using 'CodeIgniter\Session\Handlers\FileHandler' driver.
WARNING - 2025-06-23 02:19:26 --> Session: Sessions is enabled, and one exists. Please don't $session->start();
INFO - 2025-06-23 02:19:28 --> Session: Class initialized using 'CodeIgniter\Session\Handlers\FileHandler' driver.
WARNING - 2025-06-23 02:19:28 --> Session: Sessions is enabled, and one exists. Please don't $session->start();
INFO - 2025-06-23 02:19:31 --> Session: Class initialized using 'CodeIgniter\Session\Handlers\FileHandler' driver.
WARNING - 2025-06-23 02:19:31 --> Session: Sessions is enabled, and one exists. Please don't $session->start();
INFO - 2025-06-23 02:19:33 --> Session: Class initialized using 'CodeIgniter\Session\Handlers\FileHandler' driver.
WARNING - 2025-06-23 02:19:33 --> Session: Sessions is enabled, and one exists. Please don't $session->start();
INFO - 2025-06-23 02:19:35 --> Session: Class initialized using 'CodeIgniter\Session\Handlers\FileHandler' driver.
WARNING - 2025-06-23 02:19:35 --> Session: Sessions is enabled, and one exists. Please don't $session->start();
INFO - 2025-06-23 02:19:42 --> Session: Class initialized using 'CodeIgniter\Session\Handlers\FileHandler' driver.
WARNING - 2025-06-23 02:19:42 --> Session: Sessions is enabled, and one exists. Please don't $session->start();
INFO - 2025-06-23 02:19:51 --> Session: Class initialized using 'CodeIgniter\Session\Handlers\FileHandler' driver.
WARNING - 2025-06-23 02:19:51 --> Session: Sessions is enabled, and one exists. Please don't $session->start();
INFO - 2025-06-23 02:19:51 --> Session: Class initialized using 'CodeIgniter\Session\Handlers\FileHandler' driver.
WARNING - 2025-06-23 02:19:51 --> Session: Sessions is enabled, and one exists. Please don't $session->start();
INFO - 2025-06-23 02:20:01 --> Session: Class initialized using 'CodeIgniter\Session\Handlers\FileHandler' driver.
WARNING - 2025-06-23 02:20:01 --> Session: Sessions is enabled, and one exists. Please don't $session->start();
INFO - 2025-06-23 02:20:01 --> Session: Class initialized using 'CodeIgniter\Session\Handlers\FileHandler' driver.
WARNING - 2025-06-23 02:20:01 --> Session: Sessions is enabled, and one exists. Please don't $session->start();
INFO - 2025-06-23 02:20:07 --> Session: Class initialized using 'CodeIgniter\Session\Handlers\FileHandler' driver.
WARNING - 2025-06-23 02:20:07 --> Session: Sessions is enabled, and one exists. Please don't $session->start();
INFO - 2025-06-23 02:20:42 --> Session: Class initialized using 'CodeIgniter\Session\Handlers\FileHandler' driver.
WARNING - 2025-06-23 02:20:42 --> Session: Sessions is enabled, and one exists. Please don't $session->start();
INFO - 2025-06-23 02:21:10 --> Session: Class initialized using 'CodeIgniter\Session\Handlers\FileHandler' driver.
WARNING - 2025-06-23 02:21:10 --> Session: Sessions is enabled, and one exists. Please don't $session->start();
INFO - 2025-06-23 02:21:10 --> Session: Class initialized using 'CodeIgniter\Session\Handlers\FileHandler' driver.
WARNING - 2025-06-23 02:21:10 --> Session: Sessions is enabled, and one exists. Please don't $session->start();
INFO - 2025-06-23 02:22:21 --> Session: Class initialized using 'CodeIgniter\Session\Handlers\FileHandler' driver.
WARNING - 2025-06-23 02:22:21 --> Session: Sessions is enabled, and one exists. Please don't $session->start();
INFO - 2025-06-23 02:26:45 --> Session: Class initialized using 'CodeIgniter\Session\Handlers\FileHandler' driver.
WARNING - 2025-06-23 02:26:45 --> Session: Sessions is enabled, and one exists. Please don't $session->start();
CRITICAL - 2025-06-23 02:26:45 --> ErrorException: Undefined variable $inventory
[Method: GET, Route: /]
in APPPATH\Views\dashboard\index.php on line 184.
 1 APPPATH\Views\dashboard\index.php(184): CodeIgniter\Debug\Exceptions->errorHandler(2, 'Undefined variable $inventory', 'D:\\Project\\esgotado\\app\\Views\\dashboard\\index.php', 184)
 2 SYSTEMPATH\View\View.php(234): include('D:\\Project\\esgotado\\app\\Views\\dashboard\\index.php')
 3 SYSTEMPATH\View\View.php(237): CodeIgniter\View\View->CodeIgniter\View\{closure}()
 4 SYSTEMPATH\Common.php(1171): CodeIgniter\View\View->render('dashboard/index', [], true)
 5 APPPATH\Controllers\Home.php(100): view('dashboard/index', [...])
 6 SYSTEMPATH\CodeIgniter.php(933): App\Controllers\Home->index()
 7 SYSTEMPATH\CodeIgniter.php(509): CodeIgniter\CodeIgniter->runController(Object(App\Controllers\Home))
 8 SYSTEMPATH\CodeIgniter.php(355): CodeIgniter\CodeIgniter->handleRequest(null, Object(Config\Cache), false)
 9 SYSTEMPATH\Boot.php(312): CodeIgniter\CodeIgniter->run()
10 SYSTEMPATH\Boot.php(67): CodeIgniter\Boot::runCodeIgniter(Object(CodeIgniter\CodeIgniter))
11 FCPATH\index.php(56): CodeIgniter\Boot::bootWeb(Object(Config\Paths))
12 SYSTEMPATH\Commands\Server\rewrite.php(49): require_once('D:\\Project\\esgotado\\public\\index.php')
INFO - 2025-06-23 02:26:58 --> Session: Class initialized using 'CodeIgniter\Session\Handlers\FileHandler' driver.
WARNING - 2025-06-23 02:26:58 --> Session: Sessions is enabled, and one exists. Please don't $session->start();
INFO - 2025-06-23 02:48:09 --> Session: Class initialized using 'CodeIgniter\Session\Handlers\FileHandler' driver.
WARNING - 2025-06-23 02:48:09 --> Session: Sessions is enabled, and one exists. Please don't $session->start();
INFO - 2025-06-23 02:48:24 --> Session: Class initialized using 'CodeIgniter\Session\Handlers\FileHandler' driver.
WARNING - 2025-06-23 02:48:24 --> Session: Sessions is enabled, and one exists. Please don't $session->start();
INFO - 2025-06-23 02:48:38 --> Session: Class initialized using 'CodeIgniter\Session\Handlers\FileHandler' driver.
INFO - 2025-06-23 02:48:38 --> Session: Class initialized using 'CodeIgniter\Session\Handlers\FileHandler' driver.
WARNING - 2025-06-23 02:48:38 --> Session: Sessions is enabled, and one exists. Please don't $session->start();
INFO - 2025-06-23 02:48:47 --> Session: Class initialized using 'CodeIgniter\Session\Handlers\FileHandler' driver.
WARNING - 2025-06-23 02:48:47 --> Session: Sessions is enabled, and one exists. Please don't $session->start();
INFO - 2025-06-23 02:48:47 --> Session: Class initialized using 'CodeIgniter\Session\Handlers\FileHandler' driver.
WARNING - 2025-06-23 02:48:47 --> Session: Sessions is enabled, and one exists. Please don't $session->start();
INFO - 2025-06-23 02:48:56 --> Session: Class initialized using 'CodeIgniter\Session\Handlers\FileHandler' driver.
WARNING - 2025-06-23 02:48:56 --> Session: Sessions is enabled, and one exists. Please don't $session->start();
INFO - 2025-06-23 02:49:54 --> Session: Class initialized using 'CodeIgniter\Session\Handlers\FileHandler' driver.
WARNING - 2025-06-23 02:49:54 --> Session: Sessions is enabled, and one exists. Please don't $session->start();
INFO - 2025-06-23 02:49:58 --> Session: Class initialized using 'CodeIgniter\Session\Handlers\FileHandler' driver.
WARNING - 2025-06-23 02:49:58 --> Session: Sessions is enabled, and one exists. Please don't $session->start();
INFO - 2025-06-23 02:50:01 --> Session: Class initialized using 'CodeIgniter\Session\Handlers\FileHandler' driver.
WARNING - 2025-06-23 02:50:01 --> Session: Sessions is enabled, and one exists. Please don't $session->start();
INFO - 2025-06-23 02:50:03 --> Session: Class initialized using 'CodeIgniter\Session\Handlers\FileHandler' driver.
WARNING - 2025-06-23 02:50:03 --> Session: Sessions is enabled, and one exists. Please don't $session->start();
INFO - 2025-06-23 02:50:05 --> Session: Class initialized using 'CodeIgniter\Session\Handlers\FileHandler' driver.
WARNING - 2025-06-23 02:50:05 --> Session: Sessions is enabled, and one exists. Please don't $session->start();
INFO - 2025-06-23 02:50:31 --> Session: Class initialized using 'CodeIgniter\Session\Handlers\FileHandler' driver.
WARNING - 2025-06-23 02:50:31 --> Session: Sessions is enabled, and one exists. Please don't $session->start();
INFO - 2025-06-23 02:50:33 --> Session: Class initialized using 'CodeIgniter\Session\Handlers\FileHandler' driver.
WARNING - 2025-06-23 02:50:33 --> Session: Sessions is enabled, and one exists. Please don't $session->start();
INFO - 2025-06-23 02:50:35 --> Session: Class initialized using 'CodeIgniter\Session\Handlers\FileHandler' driver.
WARNING - 2025-06-23 02:50:35 --> Session: Sessions is enabled, and one exists. Please don't $session->start();
INFO - 2025-06-23 02:50:39 --> Session: Class initialized using 'CodeIgniter\Session\Handlers\FileHandler' driver.
WARNING - 2025-06-23 02:50:39 --> Session: Sessions is enabled, and one exists. Please don't $session->start();
INFO - 2025-06-23 02:50:40 --> Session: Class initialized using 'CodeIgniter\Session\Handlers\FileHandler' driver.
WARNING - 2025-06-23 02:50:40 --> Session: Sessions is enabled, and one exists. Please don't $session->start();
INFO - 2025-06-23 02:50:42 --> Session: Class initialized using 'CodeIgniter\Session\Handlers\FileHandler' driver.
WARNING - 2025-06-23 02:50:42 --> Session: Sessions is enabled, and one exists. Please don't $session->start();
INFO - 2025-06-23 02:50:46 --> Session: Class initialized using 'CodeIgniter\Session\Handlers\FileHandler' driver.
WARNING - 2025-06-23 02:50:46 --> Session: Sessions is enabled, and one exists. Please don't $session->start();
INFO - 2025-06-23 02:50:49 --> Session: Class initialized using 'CodeIgniter\Session\Handlers\FileHandler' driver.
WARNING - 2025-06-23 02:50:49 --> Session: Sessions is enabled, and one exists. Please don't $session->start();
INFO - 2025-06-23 02:50:50 --> Session: Class initialized using 'CodeIgniter\Session\Handlers\FileHandler' driver.
WARNING - 2025-06-23 02:50:50 --> Session: Sessions is enabled, and one exists. Please don't $session->start();
INFO - 2025-06-23 02:50:54 --> Session: Class initialized using 'CodeIgniter\Session\Handlers\FileHandler' driver.
WARNING - 2025-06-23 02:50:54 --> Session: Sessions is enabled, and one exists. Please don't $session->start();
INFO - 2025-06-23 02:50:55 --> Session: Class initialized using 'CodeIgniter\Session\Handlers\FileHandler' driver.
WARNING - 2025-06-23 02:50:55 --> Session: Sessions is enabled, and one exists. Please don't $session->start();
INFO - 2025-06-23 02:51:39 --> Session: Class initialized using 'CodeIgniter\Session\Handlers\FileHandler' driver.
WARNING - 2025-06-23 02:51:39 --> Session: Sessions is enabled, and one exists. Please don't $session->start();
INFO - 2025-06-23 02:51:41 --> Session: Class initialized using 'CodeIgniter\Session\Handlers\FileHandler' driver.
WARNING - 2025-06-23 02:51:41 --> Session: Sessions is enabled, and one exists. Please don't $session->start();
INFO - 2025-06-23 02:51:49 --> Session: Class initialized using 'CodeIgniter\Session\Handlers\FileHandler' driver.
WARNING - 2025-06-23 02:51:49 --> Session: Sessions is enabled, and one exists. Please don't $session->start();
INFO - 2025-06-23 02:52:57 --> Session: Class initialized using 'CodeIgniter\Session\Handlers\FileHandler' driver.
WARNING - 2025-06-23 02:52:57 --> Session: Sessions is enabled, and one exists. Please don't $session->start();
INFO - 2025-06-23 02:53:19 --> Session: Class initialized using 'CodeIgniter\Session\Handlers\FileHandler' driver.
WARNING - 2025-06-23 02:53:19 --> Session: Sessions is enabled, and one exists. Please don't $session->start();
INFO - 2025-06-23 02:53:21 --> Session: Class initialized using 'CodeIgniter\Session\Handlers\FileHandler' driver.
WARNING - 2025-06-23 02:53:21 --> Session: Sessions is enabled, and one exists. Please don't $session->start();
INFO - 2025-06-23 02:53:28 --> Session: Class initialized using 'CodeIgniter\Session\Handlers\FileHandler' driver.
WARNING - 2025-06-23 02:53:28 --> Session: Sessions is enabled, and one exists. Please don't $session->start();
INFO - 2025-06-23 02:53:57 --> Session: Class initialized using 'CodeIgniter\Session\Handlers\FileHandler' driver.
WARNING - 2025-06-23 02:53:57 --> Session: Sessions is enabled, and one exists. Please don't $session->start();
INFO - 2025-06-23 02:54:25 --> Session: Class initialized using 'CodeIgniter\Session\Handlers\FileHandler' driver.
WARNING - 2025-06-23 02:54:25 --> Session: Sessions is enabled, and one exists. Please don't $session->start();
INFO - 2025-06-23 02:54:28 --> Session: Class initialized using 'CodeIgniter\Session\Handlers\FileHandler' driver.
WARNING - 2025-06-23 02:54:28 --> Session: Sessions is enabled, and one exists. Please don't $session->start();
INFO - 2025-06-23 02:55:26 --> Session: Class initialized using 'CodeIgniter\Session\Handlers\FileHandler' driver.
WARNING - 2025-06-23 02:55:26 --> Session: Sessions is enabled, and one exists. Please don't $session->start();
INFO - 2025-06-23 02:56:45 --> Session: Class initialized using 'CodeIgniter\Session\Handlers\FileHandler' driver.
WARNING - 2025-06-23 02:56:45 --> Session: Sessions is enabled, and one exists. Please don't $session->start();
INFO - 2025-06-23 02:57:09 --> Session: Class initialized using 'CodeIgniter\Session\Handlers\FileHandler' driver.
WARNING - 2025-06-23 02:57:09 --> Session: Sessions is enabled, and one exists. Please don't $session->start();
INFO - 2025-06-23 02:57:10 --> Session: Class initialized using 'CodeIgniter\Session\Handlers\FileHandler' driver.
WARNING - 2025-06-23 02:57:10 --> Session: Sessions is enabled, and one exists. Please don't $session->start();
INFO - 2025-06-23 02:57:16 --> Session: Class initialized using 'CodeIgniter\Session\Handlers\FileHandler' driver.
WARNING - 2025-06-23 02:57:16 --> Session: Sessions is enabled, and one exists. Please don't $session->start();
INFO - 2025-06-23 02:57:20 --> Session: Class initialized using 'CodeIgniter\Session\Handlers\FileHandler' driver.
WARNING - 2025-06-23 02:57:20 --> Session: Sessions is enabled, and one exists. Please don't $session->start();
INFO - 2025-06-23 02:57:23 --> Session: Class initialized using 'CodeIgniter\Session\Handlers\FileHandler' driver.
WARNING - 2025-06-23 02:57:23 --> Session: Sessions is enabled, and one exists. Please don't $session->start();
INFO - 2025-06-23 02:57:23 --> Session: Class initialized using 'CodeIgniter\Session\Handlers\FileHandler' driver.
WARNING - 2025-06-23 02:57:23 --> Session: Sessions is enabled, and one exists. Please don't $session->start();
INFO - 2025-06-23 02:57:30 --> Session: Class initialized using 'CodeIgniter\Session\Handlers\FileHandler' driver.
WARNING - 2025-06-23 02:57:30 --> Session: Sessions is enabled, and one exists. Please don't $session->start();
INFO - 2025-06-23 02:57:30 --> Session: Class initialized using 'CodeIgniter\Session\Handlers\FileHandler' driver.
WARNING - 2025-06-23 02:57:30 --> Session: Sessions is enabled, and one exists. Please don't $session->start();
INFO - 2025-06-23 02:57:44 --> Session: Class initialized using 'CodeIgniter\Session\Handlers\FileHandler' driver.
WARNING - 2025-06-23 02:57:44 --> Session: Sessions is enabled, and one exists. Please don't $session->start();
INFO - 2025-06-23 03:01:48 --> Session: Class initialized using 'CodeIgniter\Session\Handlers\FileHandler' driver.
WARNING - 2025-06-23 03:01:48 --> Session: Sessions is enabled, and one exists. Please don't $session->start();
INFO - 2025-06-23 03:02:53 --> Session: Class initialized using 'CodeIgniter\Session\Handlers\FileHandler' driver.
WARNING - 2025-06-23 03:02:53 --> Session: Sessions is enabled, and one exists. Please don't $session->start();
INFO - 2025-06-23 03:03:19 --> Session: Class initialized using 'CodeIgniter\Session\Handlers\FileHandler' driver.
WARNING - 2025-06-23 03:03:19 --> Session: Sessions is enabled, and one exists. Please don't $session->start();
INFO - 2025-06-23 03:03:25 --> Session: Class initialized using 'CodeIgniter\Session\Handlers\FileHandler' driver.
WARNING - 2025-06-23 03:03:25 --> Session: Sessions is enabled, and one exists. Please don't $session->start();
INFO - 2025-06-23 03:04:27 --> Session: Class initialized using 'CodeIgniter\Session\Handlers\FileHandler' driver.
WARNING - 2025-06-23 03:04:27 --> Session: Sessions is enabled, and one exists. Please don't $session->start();
INFO - 2025-06-23 03:04:33 --> Session: Class initialized using 'CodeIgniter\Session\Handlers\FileHandler' driver.
WARNING - 2025-06-23 03:04:33 --> Session: Sessions is enabled, and one exists. Please don't $session->start();
INFO - 2025-06-23 03:04:35 --> Session: Class initialized using 'CodeIgniter\Session\Handlers\FileHandler' driver.
WARNING - 2025-06-23 03:04:35 --> Session: Sessions is enabled, and one exists. Please don't $session->start();
INFO - 2025-06-23 03:04:38 --> Session: Class initialized using 'CodeIgniter\Session\Handlers\FileHandler' driver.
WARNING - 2025-06-23 03:04:38 --> Session: Sessions is enabled, and one exists. Please don't $session->start();
INFO - 2025-06-23 03:05:34 --> Session: Class initialized using 'CodeIgniter\Session\Handlers\FileHandler' driver.
WARNING - 2025-06-23 03:05:34 --> Session: Sessions is enabled, and one exists. Please don't $session->start();
INFO - 2025-06-23 03:05:37 --> Session: Class initialized using 'CodeIgniter\Session\Handlers\FileHandler' driver.
WARNING - 2025-06-23 03:05:37 --> Session: Sessions is enabled, and one exists. Please don't $session->start();
INFO - 2025-06-23 03:05:42 --> Session: Class initialized using 'CodeIgniter\Session\Handlers\FileHandler' driver.
WARNING - 2025-06-23 03:05:42 --> Session: Sessions is enabled, and one exists. Please don't $session->start();
INFO - 2025-06-23 03:05:44 --> Session: Class initialized using 'CodeIgniter\Session\Handlers\FileHandler' driver.
WARNING - 2025-06-23 03:05:44 --> Session: Sessions is enabled, and one exists. Please don't $session->start();
INFO - 2025-06-23 03:06:53 --> Session: Class initialized using 'CodeIgniter\Session\Handlers\FileHandler' driver.
WARNING - 2025-06-23 03:06:53 --> Session: Sessions is enabled, and one exists. Please don't $session->start();
CRITICAL - 2025-06-23 03:06:53 --> ErrorException: Undefined variable $user
[Method: GET, Route: production/history]
in APPPATH\Views\templates\sidebar.php on line 74.
 1 APPPATH\Views\templates\sidebar.php(74): CodeIgniter\Debug\Exceptions->errorHandler(2, 'Undefined variable $user', 'D:\\Project\\esgotado\\app\\Views\\templates\\sidebar.php', 74)
 2 SYSTEMPATH\View\View.php(234): include('D:\\Project\\esgotado\\app\\Views\\templates\\sidebar.php')
 3 SYSTEMPATH\View\View.php(237): CodeIgniter\View\View->CodeIgniter\View\{closure}()
 4 SYSTEMPATH\View\View.php(484): CodeIgniter\View\View->render('templates/sidebar', null, true)
 5 APPPATH\Views\templates\layout.php(40): CodeIgniter\View\View->include('templates/sidebar')
 6 SYSTEMPATH\View\View.php(234): include('D:\\Project\\esgotado\\app\\Views\\templates\\layout.php')
 7 SYSTEMPATH\View\View.php(237): CodeIgniter\View\View->CodeIgniter\View\{closure}()
 8 SYSTEMPATH\View\View.php(250): CodeIgniter\View\View->render('templates/layout', [], true)
 9 SYSTEMPATH\Common.php(1171): CodeIgniter\View\View->render('production/history/index', [], true)
10 APPPATH\Controllers\Production.php(246): view('production/history/index', [...])
11 SYSTEMPATH\CodeIgniter.php(933): App\Controllers\Production->historyView()
12 SYSTEMPATH\CodeIgniter.php(509): CodeIgniter\CodeIgniter->runController(Object(App\Controllers\Production))
13 SYSTEMPATH\CodeIgniter.php(355): CodeIgniter\CodeIgniter->handleRequest(null, Object(Config\Cache), false)
14 SYSTEMPATH\Boot.php(312): CodeIgniter\CodeIgniter->run()
15 SYSTEMPATH\Boot.php(67): CodeIgniter\Boot::runCodeIgniter(Object(CodeIgniter\CodeIgniter))
16 FCPATH\index.php(56): CodeIgniter\Boot::bootWeb(Object(Config\Paths))
17 SYSTEMPATH\Commands\Server\rewrite.php(49): require_once('D:\\Project\\esgotado\\public\\index.php')
INFO - 2025-06-23 03:07:06 --> Session: Class initialized using 'CodeIgniter\Session\Handlers\FileHandler' driver.
WARNING - 2025-06-23 03:07:06 --> Session: Sessions is enabled, and one exists. Please don't $session->start();
INFO - 2025-06-23 03:07:12 --> Session: Class initialized using 'CodeIgniter\Session\Handlers\FileHandler' driver.
WARNING - 2025-06-23 03:07:12 --> Session: Sessions is enabled, and one exists. Please don't $session->start();
INFO - 2025-06-23 03:07:21 --> Session: Class initialized using 'CodeIgniter\Session\Handlers\FileHandler' driver.
WARNING - 2025-06-23 03:07:21 --> Session: Sessions is enabled, and one exists. Please don't $session->start();
INFO - 2025-06-23 03:07:43 --> Session: Class initialized using 'CodeIgniter\Session\Handlers\FileHandler' driver.
WARNING - 2025-06-23 03:07:43 --> Session: Sessions is enabled, and one exists. Please don't $session->start();
INFO - 2025-06-23 03:07:53 --> Session: Class initialized using 'CodeIgniter\Session\Handlers\FileHandler' driver.
WARNING - 2025-06-23 03:07:53 --> Session: Sessions is enabled, and one exists. Please don't $session->start();
INFO - 2025-06-23 03:07:56 --> Session: Class initialized using 'CodeIgniter\Session\Handlers\FileHandler' driver.
WARNING - 2025-06-23 03:07:56 --> Session: Sessions is enabled, and one exists. Please don't $session->start();
INFO - 2025-06-23 03:07:57 --> Session: Class initialized using 'CodeIgniter\Session\Handlers\FileHandler' driver.
WARNING - 2025-06-23 03:07:57 --> Session: Sessions is enabled, and one exists. Please don't $session->start();
INFO - 2025-06-23 03:07:57 --> Session: Class initialized using 'CodeIgniter\Session\Handlers\FileHandler' driver.
WARNING - 2025-06-23 03:07:57 --> Session: Sessions is enabled, and one exists. Please don't $session->start();
INFO - 2025-06-23 03:08:02 --> Session: Class initialized using 'CodeIgniter\Session\Handlers\FileHandler' driver.
WARNING - 2025-06-23 03:08:02 --> Session: Sessions is enabled, and one exists. Please don't $session->start();
INFO - 2025-06-23 03:08:37 --> Session: Class initialized using 'CodeIgniter\Session\Handlers\FileHandler' driver.
WARNING - 2025-06-23 03:08:37 --> Session: Sessions is enabled, and one exists. Please don't $session->start();
INFO - 2025-06-23 03:08:40 --> Session: Class initialized using 'CodeIgniter\Session\Handlers\FileHandler' driver.
WARNING - 2025-06-23 03:08:40 --> Session: Sessions is enabled, and one exists. Please don't $session->start();
INFO - 2025-06-23 03:08:44 --> Session: Class initialized using 'CodeIgniter\Session\Handlers\FileHandler' driver.
WARNING - 2025-06-23 03:08:44 --> Session: Sessions is enabled, and one exists. Please don't $session->start();
INFO - 2025-06-23 03:08:46 --> Session: Class initialized using 'CodeIgniter\Session\Handlers\FileHandler' driver.
WARNING - 2025-06-23 03:08:46 --> Session: Sessions is enabled, and one exists. Please don't $session->start();
INFO - 2025-06-23 08:50:43 --> Session: Class initialized using 'CodeIgniter\Session\Handlers\FileHandler' driver.
WARNING - 2025-06-23 08:50:44 --> Session: Sessions is enabled, and one exists. Please don't $session->start();
INFO - 2025-06-23 08:50:45 --> Session: Class initialized using 'CodeIgniter\Session\Handlers\FileHandler' driver.
WARNING - 2025-06-23 08:50:45 --> Session: Sessions is enabled, and one exists. Please don't $session->start();
INFO - 2025-06-23 08:50:56 --> Session: Class initialized using 'CodeIgniter\Session\Handlers\FileHandler' driver.
WARNING - 2025-06-23 08:50:56 --> Session: Sessions is enabled, and one exists. Please don't $session->start();
INFO - 2025-06-23 08:50:58 --> Session: Class initialized using 'CodeIgniter\Session\Handlers\FileHandler' driver.
WARNING - 2025-06-23 08:50:58 --> Session: Sessions is enabled, and one exists. Please don't $session->start();
INFO - 2025-06-23 09:08:18 --> Session: Class initialized using 'CodeIgniter\Session\Handlers\FileHandler' driver.
WARNING - 2025-06-23 09:08:18 --> Session: Sessions is enabled, and one exists. Please don't $session->start();
