INFO - 2024-07-28 12:59:12 --> Session: Class initialized using 'CodeIgniter\Session\Handlers\FileHandler' driver.
WARNING - 2024-07-28 12:59:12 --> Session: Sessions is enabled, and one exists. Please don't $session->start();
INFO - 2024-07-28 13:05:36 --> Session: Class initialized using 'CodeIgniter\Session\Handlers\FileHandler' driver.
WARNING - 2024-07-28 13:05:36 --> Session: Sessions is enabled, and one exists. Please don't $session->start();
INFO - 2024-07-28 13:05:52 --> Session: Class initialized using 'CodeIgniter\Session\Handlers\FileHandler' driver.
WARNING - 2024-07-28 13:05:52 --> Session: Sessions is enabled, and one exists. Please don't $session->start();
INFO - 2024-07-28 13:06:06 --> Session: Class initialized using 'CodeIgniter\Session\Handlers\FileHandler' driver.
WARNING - 2024-07-28 13:06:06 --> Session: Sessions is enabled, and one exists. Please don't $session->start();
INFO - 2024-07-28 13:07:05 --> Session: Class initialized using 'CodeIgniter\Session\Handlers\FileHandler' driver.
WARNING - 2024-07-28 13:07:05 --> Session: Sessions is enabled, and one exists. Please don't $session->start();
INFO - 2024-07-28 13:13:38 --> Session: Class initialized using 'CodeIgniter\Session\Handlers\FileHandler' driver.
WARNING - 2024-07-28 13:13:38 --> Session: Sessions is enabled, and one exists. Please don't $session->start();
INFO - 2024-07-28 13:13:49 --> Session: Class initialized using 'CodeIgniter\Session\Handlers\FileHandler' driver.
WARNING - 2024-07-28 13:13:49 --> Session: Sessions is enabled, and one exists. Please don't $session->start();
INFO - 2024-07-28 13:13:52 --> Session: Class initialized using 'CodeIgniter\Session\Handlers\FileHandler' driver.
WARNING - 2024-07-28 13:13:52 --> Session: Sessions is enabled, and one exists. Please don't $session->start();
INFO - 2024-07-28 13:13:55 --> Session: Class initialized using 'CodeIgniter\Session\Handlers\FileHandler' driver.
WARNING - 2024-07-28 13:13:55 --> Session: Sessions is enabled, and one exists. Please don't $session->start();
INFO - 2024-07-28 13:14:03 --> Session: Class initialized using 'CodeIgniter\Session\Handlers\FileHandler' driver.
WARNING - 2024-07-28 13:14:03 --> Session: Sessions is enabled, and one exists. Please don't $session->start();
INFO - 2024-07-28 13:14:03 --> Session: Class initialized using 'CodeIgniter\Session\Handlers\FileHandler' driver.
WARNING - 2024-07-28 13:14:03 --> Session: Sessions is enabled, and one exists. Please don't $session->start();
INFO - 2024-07-28 13:14:14 --> Session: Class initialized using 'CodeIgniter\Session\Handlers\FileHandler' driver.
WARNING - 2024-07-28 13:14:14 --> Session: Sessions is enabled, and one exists. Please don't $session->start();
INFO - 2024-07-28 13:14:32 --> Session: Class initialized using 'CodeIgniter\Session\Handlers\FileHandler' driver.
WARNING - 2024-07-28 13:14:32 --> Session: Sessions is enabled, and one exists. Please don't $session->start();
INFO - 2024-07-28 13:14:44 --> Session: Class initialized using 'CodeIgniter\Session\Handlers\FileHandler' driver.
WARNING - 2024-07-28 13:14:44 --> Session: Sessions is enabled, and one exists. Please don't $session->start();
INFO - 2024-07-28 13:14:45 --> Session: Class initialized using 'CodeIgniter\Session\Handlers\FileHandler' driver.
WARNING - 2024-07-28 13:14:45 --> Session: Sessions is enabled, and one exists. Please don't $session->start();
INFO - 2024-07-28 13:14:50 --> Session: Class initialized using 'CodeIgniter\Session\Handlers\FileHandler' driver.
WARNING - 2024-07-28 13:14:50 --> Session: Sessions is enabled, and one exists. Please don't $session->start();
INFO - 2024-07-28 13:19:55 --> Session: Class initialized using 'CodeIgniter\Session\Handlers\FileHandler' driver.
WARNING - 2024-07-28 13:19:55 --> Session: Sessions is enabled, and one exists. Please don't $session->start();
INFO - 2024-07-28 13:20:04 --> Session: Class initialized using 'CodeIgniter\Session\Handlers\FileHandler' driver.
WARNING - 2024-07-28 13:20:04 --> Session: Sessions is enabled, and one exists. Please don't $session->start();
INFO - 2024-07-28 13:20:10 --> Session: Class initialized using 'CodeIgniter\Session\Handlers\FileHandler' driver.
WARNING - 2024-07-28 13:20:10 --> Session: Sessions is enabled, and one exists. Please don't $session->start();
INFO - 2024-07-28 13:20:26 --> Session: Class initialized using 'CodeIgniter\Session\Handlers\FileHandler' driver.
WARNING - 2024-07-28 13:20:26 --> Session: Sessions is enabled, and one exists. Please don't $session->start();
INFO - 2024-07-28 13:21:21 --> Session: Class initialized using 'CodeIgniter\Session\Handlers\FileHandler' driver.
WARNING - 2024-07-28 13:21:21 --> Session: Sessions is enabled, and one exists. Please don't $session->start();
INFO - 2024-07-28 13:21:29 --> Session: Class initialized using 'CodeIgniter\Session\Handlers\FileHandler' driver.
WARNING - 2024-07-28 13:21:29 --> Session: Sessions is enabled, and one exists. Please don't $session->start();
INFO - 2024-07-28 13:24:20 --> Session: Class initialized using 'CodeIgniter\Session\Handlers\FileHandler' driver.
WARNING - 2024-07-28 13:24:20 --> Session: Sessions is enabled, and one exists. Please don't $session->start();
INFO - 2024-07-28 13:26:38 --> Session: Class initialized using 'CodeIgniter\Session\Handlers\FileHandler' driver.
WARNING - 2024-07-28 13:26:38 --> Session: Sessions is enabled, and one exists. Please don't $session->start();
INFO - 2024-07-28 13:29:38 --> Session: Class initialized using 'CodeIgniter\Session\Handlers\FileHandler' driver.
WARNING - 2024-07-28 13:29:38 --> Session: Sessions is enabled, and one exists. Please don't $session->start();
INFO - 2024-07-28 13:30:11 --> Session: Class initialized using 'CodeIgniter\Session\Handlers\FileHandler' driver.
WARNING - 2024-07-28 13:30:11 --> Session: Sessions is enabled, and one exists. Please don't $session->start();
INFO - 2024-07-28 13:35:36 --> Session: Class initialized using 'CodeIgniter\Session\Handlers\FileHandler' driver.
WARNING - 2024-07-28 13:35:36 --> Session: Sessions is enabled, and one exists. Please don't $session->start();
INFO - 2024-07-28 13:36:03 --> Session: Class initialized using 'CodeIgniter\Session\Handlers\FileHandler' driver.
WARNING - 2024-07-28 13:36:03 --> Session: Sessions is enabled, and one exists. Please don't $session->start();
INFO - 2024-07-28 13:37:14 --> Session: Class initialized using 'CodeIgniter\Session\Handlers\FileHandler' driver.
WARNING - 2024-07-28 13:37:14 --> Session: Sessions is enabled, and one exists. Please don't $session->start();
INFO - 2024-07-28 13:38:03 --> Session: Class initialized using 'CodeIgniter\Session\Handlers\FileHandler' driver.
WARNING - 2024-07-28 13:38:03 --> Session: Sessions is enabled, and one exists. Please don't $session->start();
INFO - 2024-07-28 13:38:22 --> Session: Class initialized using 'CodeIgniter\Session\Handlers\FileHandler' driver.
WARNING - 2024-07-28 13:38:22 --> Session: Sessions is enabled, and one exists. Please don't $session->start();
INFO - 2024-07-28 13:38:23 --> Session: Class initialized using 'CodeIgniter\Session\Handlers\FileHandler' driver.
WARNING - 2024-07-28 13:38:23 --> Session: Sessions is enabled, and one exists. Please don't $session->start();
INFO - 2024-07-28 13:38:29 --> Session: Class initialized using 'CodeIgniter\Session\Handlers\FileHandler' driver.
WARNING - 2024-07-28 13:38:29 --> Session: Sessions is enabled, and one exists. Please don't $session->start();
INFO - 2024-07-28 13:38:46 --> Session: Class initialized using 'CodeIgniter\Session\Handlers\FileHandler' driver.
WARNING - 2024-07-28 13:38:46 --> Session: Sessions is enabled, and one exists. Please don't $session->start();
INFO - 2024-07-28 13:39:52 --> Session: Class initialized using 'CodeIgniter\Session\Handlers\FileHandler' driver.
WARNING - 2024-07-28 13:39:52 --> Session: Sessions is enabled, and one exists. Please don't $session->start();
INFO - 2024-07-28 13:40:02 --> Session: Class initialized using 'CodeIgniter\Session\Handlers\FileHandler' driver.
WARNING - 2024-07-28 13:40:02 --> Session: Sessions is enabled, and one exists. Please don't $session->start();
INFO - 2024-07-28 13:40:11 --> Session: Class initialized using 'CodeIgniter\Session\Handlers\FileHandler' driver.
WARNING - 2024-07-28 13:40:11 --> Session: Sessions is enabled, and one exists. Please don't $session->start();
INFO - 2024-07-28 13:40:55 --> Session: Class initialized using 'CodeIgniter\Session\Handlers\FileHandler' driver.
WARNING - 2024-07-28 13:40:55 --> Session: Sessions is enabled, and one exists. Please don't $session->start();
INFO - 2024-07-28 13:41:05 --> Session: Class initialized using 'CodeIgniter\Session\Handlers\FileHandler' driver.
WARNING - 2024-07-28 13:41:05 --> Session: Sessions is enabled, and one exists. Please don't $session->start();
INFO - 2024-07-28 13:41:37 --> Session: Class initialized using 'CodeIgniter\Session\Handlers\FileHandler' driver.
WARNING - 2024-07-28 13:41:37 --> Session: Sessions is enabled, and one exists. Please don't $session->start();
INFO - 2024-07-28 13:43:33 --> Session: Class initialized using 'CodeIgniter\Session\Handlers\FileHandler' driver.
WARNING - 2024-07-28 13:43:33 --> Session: Sessions is enabled, and one exists. Please don't $session->start();
INFO - 2024-07-28 13:44:59 --> Session: Class initialized using 'CodeIgniter\Session\Handlers\FileHandler' driver.
WARNING - 2024-07-28 13:44:59 --> Session: Sessions is enabled, and one exists. Please don't $session->start();
INFO - 2024-07-28 13:46:44 --> Session: Class initialized using 'CodeIgniter\Session\Handlers\FileHandler' driver.
WARNING - 2024-07-28 13:46:44 --> Session: Sessions is enabled, and one exists. Please don't $session->start();
INFO - 2024-07-28 13:47:03 --> Session: Class initialized using 'CodeIgniter\Session\Handlers\FileHandler' driver.
WARNING - 2024-07-28 13:47:03 --> Session: Sessions is enabled, and one exists. Please don't $session->start();
INFO - 2024-07-28 14:01:16 --> Session: Class initialized using 'CodeIgniter\Session\Handlers\FileHandler' driver.
WARNING - 2024-07-28 14:01:16 --> Session: Sessions is enabled, and one exists. Please don't $session->start();
INFO - 2024-07-28 14:01:30 --> Session: Class initialized using 'CodeIgniter\Session\Handlers\FileHandler' driver.
WARNING - 2024-07-28 14:01:30 --> Session: Sessions is enabled, and one exists. Please don't $session->start();
INFO - 2024-07-28 14:01:44 --> Session: Class initialized using 'CodeIgniter\Session\Handlers\FileHandler' driver.
WARNING - 2024-07-28 14:01:44 --> Session: Sessions is enabled, and one exists. Please don't $session->start();
INFO - 2024-07-28 14:03:35 --> Session: Class initialized using 'CodeIgniter\Session\Handlers\FileHandler' driver.
WARNING - 2024-07-28 14:03:35 --> Session: Sessions is enabled, and one exists. Please don't $session->start();
INFO - 2024-07-28 14:04:47 --> Session: Class initialized using 'CodeIgniter\Session\Handlers\FileHandler' driver.
WARNING - 2024-07-28 14:04:47 --> Session: Sessions is enabled, and one exists. Please don't $session->start();
INFO - 2024-07-28 14:05:19 --> Session: Class initialized using 'CodeIgniter\Session\Handlers\FileHandler' driver.
WARNING - 2024-07-28 14:05:19 --> Session: Sessions is enabled, and one exists. Please don't $session->start();
INFO - 2024-07-28 14:06:10 --> Session: Class initialized using 'CodeIgniter\Session\Handlers\FileHandler' driver.
WARNING - 2024-07-28 14:06:10 --> Session: Sessions is enabled, and one exists. Please don't $session->start();
INFO - 2024-07-28 14:06:27 --> Session: Class initialized using 'CodeIgniter\Session\Handlers\FileHandler' driver.
WARNING - 2024-07-28 14:06:27 --> Session: Sessions is enabled, and one exists. Please don't $session->start();
INFO - 2024-07-28 14:12:34 --> Session: Class initialized using 'CodeIgniter\Session\Handlers\FileHandler' driver.
WARNING - 2024-07-28 14:12:34 --> Session: Sessions is enabled, and one exists. Please don't $session->start();
INFO - 2024-07-28 14:12:42 --> Session: Class initialized using 'CodeIgniter\Session\Handlers\FileHandler' driver.
WARNING - 2024-07-28 14:12:42 --> Session: Sessions is enabled, and one exists. Please don't $session->start();
INFO - 2024-07-28 14:12:47 --> Session: Class initialized using 'CodeIgniter\Session\Handlers\FileHandler' driver.
WARNING - 2024-07-28 14:12:47 --> Session: Sessions is enabled, and one exists. Please don't $session->start();
INFO - 2024-07-28 14:12:56 --> Session: Class initialized using 'CodeIgniter\Session\Handlers\FileHandler' driver.
WARNING - 2024-07-28 14:12:56 --> Session: Sessions is enabled, and one exists. Please don't $session->start();
INFO - 2024-07-28 14:13:03 --> Session: Class initialized using 'CodeIgniter\Session\Handlers\FileHandler' driver.
WARNING - 2024-07-28 14:13:03 --> Session: Sessions is enabled, and one exists. Please don't $session->start();
INFO - 2024-07-28 14:13:04 --> Session: Class initialized using 'CodeIgniter\Session\Handlers\FileHandler' driver.
WARNING - 2024-07-28 14:13:04 --> Session: Sessions is enabled, and one exists. Please don't $session->start();
INFO - 2024-07-28 14:13:11 --> Session: Class initialized using 'CodeIgniter\Session\Handlers\FileHandler' driver.
WARNING - 2024-07-28 14:13:11 --> Session: Sessions is enabled, and one exists. Please don't $session->start();
INFO - 2024-07-28 14:13:41 --> Session: Class initialized using 'CodeIgniter\Session\Handlers\FileHandler' driver.
WARNING - 2024-07-28 14:13:41 --> Session: Sessions is enabled, and one exists. Please don't $session->start();
INFO - 2024-07-28 14:13:57 --> Session: Class initialized using 'CodeIgniter\Session\Handlers\FileHandler' driver.
WARNING - 2024-07-28 14:13:57 --> Session: Sessions is enabled, and one exists. Please don't $session->start();
INFO - 2024-07-28 14:14:03 --> Session: Class initialized using 'CodeIgniter\Session\Handlers\FileHandler' driver.
WARNING - 2024-07-28 14:14:03 --> Session: Sessions is enabled, and one exists. Please don't $session->start();
INFO - 2024-07-28 14:14:40 --> Session: Class initialized using 'CodeIgniter\Session\Handlers\FileHandler' driver.
WARNING - 2024-07-28 14:14:40 --> Session: Sessions is enabled, and one exists. Please don't $session->start();
INFO - 2024-07-28 14:16:15 --> Session: Class initialized using 'CodeIgniter\Session\Handlers\FileHandler' driver.
WARNING - 2024-07-28 14:16:15 --> Session: Sessions is enabled, and one exists. Please don't $session->start();
INFO - 2024-07-28 14:17:08 --> Session: Class initialized using 'CodeIgniter\Session\Handlers\FileHandler' driver.
WARNING - 2024-07-28 14:17:08 --> Session: Sessions is enabled, and one exists. Please don't $session->start();
INFO - 2024-07-28 14:17:38 --> Session: Class initialized using 'CodeIgniter\Session\Handlers\FileHandler' driver.
WARNING - 2024-07-28 14:17:38 --> Session: Sessions is enabled, and one exists. Please don't $session->start();
INFO - 2024-07-28 14:17:46 --> Session: Class initialized using 'CodeIgniter\Session\Handlers\FileHandler' driver.
WARNING - 2024-07-28 14:17:46 --> Session: Sessions is enabled, and one exists. Please don't $session->start();
INFO - 2024-07-28 14:17:58 --> Session: Class initialized using 'CodeIgniter\Session\Handlers\FileHandler' driver.
WARNING - 2024-07-28 14:17:58 --> Session: Sessions is enabled, and one exists. Please don't $session->start();
INFO - 2024-07-28 14:18:11 --> Session: Class initialized using 'CodeIgniter\Session\Handlers\FileHandler' driver.
WARNING - 2024-07-28 14:18:11 --> Session: Sessions is enabled, and one exists. Please don't $session->start();
INFO - 2024-07-28 14:19:20 --> Session: Class initialized using 'CodeIgniter\Session\Handlers\FileHandler' driver.
WARNING - 2024-07-28 14:19:20 --> Session: Sessions is enabled, and one exists. Please don't $session->start();
INFO - 2024-07-28 14:19:35 --> Session: Class initialized using 'CodeIgniter\Session\Handlers\FileHandler' driver.
WARNING - 2024-07-28 14:19:35 --> Session: Sessions is enabled, and one exists. Please don't $session->start();
INFO - 2024-07-28 14:24:14 --> Session: Class initialized using 'CodeIgniter\Session\Handlers\FileHandler' driver.
WARNING - 2024-07-28 14:24:14 --> Session: Sessions is enabled, and one exists. Please don't $session->start();
CRITICAL - 2024-07-28 14:24:14 --> ErrorException: Undefined variable $detailTreatment
[Method: GET, Route: perawatan/acne-series]
in APPPATH\Views\user\perawatan\index.php on line 65.
 1 APPPATH\Views\user\perawatan\index.php(65): CodeIgniter\Debug\Exceptions->errorHandler(2, 'Undefined variable $detailTreatment', 'D:\\Project\\dlbeauty\\app\\Views\\user\\perawatan\\index.php', 65)
 2 SYSTEMPATH\View\View.php(234): include('D:\\Project\\dlbeauty\\app\\Views\\user\\perawatan\\index.php')
 3 SYSTEMPATH\View\View.php(237): CodeIgniter\View\View->CodeIgniter\View\{closure}()
 4 SYSTEMPATH\Common.php(1171): CodeIgniter\View\View->render('user/perawatan/index', [], true)
 5 APPPATH\Controllers\Perawatan.php(116): view('user/perawatan/index', [...])
 6 SYSTEMPATH\CodeIgniter.php(933): App\Controllers\Perawatan->index('acne-series')
 7 SYSTEMPATH\CodeIgniter.php(509): CodeIgniter\CodeIgniter->runController(Object(App\Controllers\Perawatan))
 8 SYSTEMPATH\CodeIgniter.php(355): CodeIgniter\CodeIgniter->handleRequest(null, Object(Config\Cache), false)
 9 SYSTEMPATH\Boot.php(312): CodeIgniter\CodeIgniter->run()
10 SYSTEMPATH\Boot.php(67): CodeIgniter\Boot::runCodeIgniter(Object(CodeIgniter\CodeIgniter))
11 FCPATH\index.php(56): CodeIgniter\Boot::bootWeb(Object(Config\Paths))
12 SYSTEMPATH\Commands\Server\rewrite.php(49): require_once('D:\\Project\\dlbeauty\\public\\index.php')
INFO - 2024-07-28 14:24:33 --> Session: Class initialized using 'CodeIgniter\Session\Handlers\FileHandler' driver.
WARNING - 2024-07-28 14:24:33 --> Session: Sessions is enabled, and one exists. Please don't $session->start();
INFO - 2024-07-28 14:24:58 --> Session: Class initialized using 'CodeIgniter\Session\Handlers\FileHandler' driver.
WARNING - 2024-07-28 14:24:58 --> Session: Sessions is enabled, and one exists. Please don't $session->start();
INFO - 2024-07-28 14:25:16 --> Session: Class initialized using 'CodeIgniter\Session\Handlers\FileHandler' driver.
WARNING - 2024-07-28 14:25:16 --> Session: Sessions is enabled, and one exists. Please don't $session->start();
INFO - 2024-07-28 14:25:24 --> Session: Class initialized using 'CodeIgniter\Session\Handlers\FileHandler' driver.
WARNING - 2024-07-28 14:25:24 --> Session: Sessions is enabled, and one exists. Please don't $session->start();
INFO - 2024-07-28 14:25:35 --> Session: Class initialized using 'CodeIgniter\Session\Handlers\FileHandler' driver.
WARNING - 2024-07-28 14:25:35 --> Session: Sessions is enabled, and one exists. Please don't $session->start();
INFO - 2024-07-28 14:25:46 --> Session: Class initialized using 'CodeIgniter\Session\Handlers\FileHandler' driver.
WARNING - 2024-07-28 14:25:46 --> Session: Sessions is enabled, and one exists. Please don't $session->start();
INFO - 2024-07-28 14:28:54 --> Session: Class initialized using 'CodeIgniter\Session\Handlers\FileHandler' driver.
WARNING - 2024-07-28 14:28:54 --> Session: Sessions is enabled, and one exists. Please don't $session->start();
INFO - 2024-07-28 14:29:04 --> Session: Class initialized using 'CodeIgniter\Session\Handlers\FileHandler' driver.
WARNING - 2024-07-28 14:29:04 --> Session: Sessions is enabled, and one exists. Please don't $session->start();
INFO - 2024-07-28 14:29:12 --> Session: Class initialized using 'CodeIgniter\Session\Handlers\FileHandler' driver.
WARNING - 2024-07-28 14:29:12 --> Session: Sessions is enabled, and one exists. Please don't $session->start();
INFO - 2024-07-28 14:29:22 --> Session: Class initialized using 'CodeIgniter\Session\Handlers\FileHandler' driver.
WARNING - 2024-07-28 14:29:22 --> Session: Sessions is enabled, and one exists. Please don't $session->start();
INFO - 2024-07-28 14:29:58 --> Session: Class initialized using 'CodeIgniter\Session\Handlers\FileHandler' driver.
WARNING - 2024-07-28 14:29:58 --> Session: Sessions is enabled, and one exists. Please don't $session->start();
INFO - 2024-07-28 14:30:13 --> Session: Class initialized using 'CodeIgniter\Session\Handlers\FileHandler' driver.
WARNING - 2024-07-28 14:30:13 --> Session: Sessions is enabled, and one exists. Please don't $session->start();
INFO - 2024-07-28 14:30:42 --> Session: Class initialized using 'CodeIgniter\Session\Handlers\FileHandler' driver.
WARNING - 2024-07-28 14:30:42 --> Session: Sessions is enabled, and one exists. Please don't $session->start();
INFO - 2024-07-28 14:31:10 --> Session: Class initialized using 'CodeIgniter\Session\Handlers\FileHandler' driver.
WARNING - 2024-07-28 14:31:10 --> Session: Sessions is enabled, and one exists. Please don't $session->start();
INFO - 2024-07-28 14:31:27 --> Session: Class initialized using 'CodeIgniter\Session\Handlers\FileHandler' driver.
WARNING - 2024-07-28 14:31:27 --> Session: Sessions is enabled, and one exists. Please don't $session->start();
INFO - 2024-07-28 14:31:55 --> Session: Class initialized using 'CodeIgniter\Session\Handlers\FileHandler' driver.
WARNING - 2024-07-28 14:31:55 --> Session: Sessions is enabled, and one exists. Please don't $session->start();
INFO - 2024-07-28 14:32:02 --> Session: Class initialized using 'CodeIgniter\Session\Handlers\FileHandler' driver.
WARNING - 2024-07-28 14:32:02 --> Session: Sessions is enabled, and one exists. Please don't $session->start();
INFO - 2024-07-28 14:32:12 --> Session: Class initialized using 'CodeIgniter\Session\Handlers\FileHandler' driver.
WARNING - 2024-07-28 14:32:12 --> Session: Sessions is enabled, and one exists. Please don't $session->start();
INFO - 2024-07-28 14:35:40 --> Session: Class initialized using 'CodeIgniter\Session\Handlers\FileHandler' driver.
WARNING - 2024-07-28 14:35:40 --> Session: Sessions is enabled, and one exists. Please don't $session->start();
INFO - 2024-07-28 14:36:40 --> Session: Class initialized using 'CodeIgniter\Session\Handlers\FileHandler' driver.
WARNING - 2024-07-28 14:36:40 --> Session: Sessions is enabled, and one exists. Please don't $session->start();
INFO - 2024-07-28 14:37:00 --> Session: Class initialized using 'CodeIgniter\Session\Handlers\FileHandler' driver.
WARNING - 2024-07-28 14:37:00 --> Session: Sessions is enabled, and one exists. Please don't $session->start();
INFO - 2024-07-28 14:37:17 --> Session: Class initialized using 'CodeIgniter\Session\Handlers\FileHandler' driver.
WARNING - 2024-07-28 14:37:17 --> Session: Sessions is enabled, and one exists. Please don't $session->start();
INFO - 2024-07-28 14:37:41 --> Session: Class initialized using 'CodeIgniter\Session\Handlers\FileHandler' driver.
WARNING - 2024-07-28 14:37:41 --> Session: Sessions is enabled, and one exists. Please don't $session->start();
INFO - 2024-07-28 14:38:12 --> Session: Class initialized using 'CodeIgniter\Session\Handlers\FileHandler' driver.
WARNING - 2024-07-28 14:38:12 --> Session: Sessions is enabled, and one exists. Please don't $session->start();
INFO - 2024-07-28 14:38:24 --> Session: Class initialized using 'CodeIgniter\Session\Handlers\FileHandler' driver.
WARNING - 2024-07-28 14:38:24 --> Session: Sessions is enabled, and one exists. Please don't $session->start();
INFO - 2024-07-28 14:38:40 --> Session: Class initialized using 'CodeIgniter\Session\Handlers\FileHandler' driver.
WARNING - 2024-07-28 14:38:40 --> Session: Sessions is enabled, and one exists. Please don't $session->start();
INFO - 2024-07-28 14:39:11 --> Session: Class initialized using 'CodeIgniter\Session\Handlers\FileHandler' driver.
WARNING - 2024-07-28 14:39:11 --> Session: Sessions is enabled, and one exists. Please don't $session->start();
INFO - 2024-07-28 14:39:38 --> Session: Class initialized using 'CodeIgniter\Session\Handlers\FileHandler' driver.
WARNING - 2024-07-28 14:39:38 --> Session: Sessions is enabled, and one exists. Please don't $session->start();
INFO - 2024-07-28 14:39:50 --> Session: Class initialized using 'CodeIgniter\Session\Handlers\FileHandler' driver.
WARNING - 2024-07-28 14:39:50 --> Session: Sessions is enabled, and one exists. Please don't $session->start();
INFO - 2024-07-28 14:40:32 --> Session: Class initialized using 'CodeIgniter\Session\Handlers\FileHandler' driver.
WARNING - 2024-07-28 14:40:32 --> Session: Sessions is enabled, and one exists. Please don't $session->start();
INFO - 2024-07-28 14:40:33 --> Session: Class initialized using 'CodeIgniter\Session\Handlers\FileHandler' driver.
WARNING - 2024-07-28 14:40:33 --> Session: Sessions is enabled, and one exists. Please don't $session->start();
INFO - 2024-07-28 14:41:53 --> Session: Class initialized using 'CodeIgniter\Session\Handlers\FileHandler' driver.
WARNING - 2024-07-28 14:41:53 --> Session: Sessions is enabled, and one exists. Please don't $session->start();
INFO - 2024-07-28 14:41:54 --> Session: Class initialized using 'CodeIgniter\Session\Handlers\FileHandler' driver.
WARNING - 2024-07-28 14:41:54 --> Session: Sessions is enabled, and one exists. Please don't $session->start();
INFO - 2024-07-28 14:42:56 --> Session: Class initialized using 'CodeIgniter\Session\Handlers\FileHandler' driver.
WARNING - 2024-07-28 14:42:56 --> Session: Sessions is enabled, and one exists. Please don't $session->start();
INFO - 2024-07-28 14:42:57 --> Session: Class initialized using 'CodeIgniter\Session\Handlers\FileHandler' driver.
WARNING - 2024-07-28 14:42:57 --> Session: Sessions is enabled, and one exists. Please don't $session->start();
INFO - 2024-07-28 14:43:25 --> Session: Class initialized using 'CodeIgniter\Session\Handlers\FileHandler' driver.
WARNING - 2024-07-28 14:43:25 --> Session: Sessions is enabled, and one exists. Please don't $session->start();
INFO - 2024-07-28 14:43:39 --> Session: Class initialized using 'CodeIgniter\Session\Handlers\FileHandler' driver.
WARNING - 2024-07-28 14:43:39 --> Session: Sessions is enabled, and one exists. Please don't $session->start();
INFO - 2024-07-28 14:43:40 --> Session: Class initialized using 'CodeIgniter\Session\Handlers\FileHandler' driver.
WARNING - 2024-07-28 14:43:40 --> Session: Sessions is enabled, and one exists. Please don't $session->start();
INFO - 2024-07-28 14:44:03 --> Session: Class initialized using 'CodeIgniter\Session\Handlers\FileHandler' driver.
WARNING - 2024-07-28 14:44:03 --> Session: Sessions is enabled, and one exists. Please don't $session->start();
INFO - 2024-07-28 14:44:04 --> Session: Class initialized using 'CodeIgniter\Session\Handlers\FileHandler' driver.
WARNING - 2024-07-28 14:44:04 --> Session: Sessions is enabled, and one exists. Please don't $session->start();
INFO - 2024-07-28 14:44:31 --> Session: Class initialized using 'CodeIgniter\Session\Handlers\FileHandler' driver.
WARNING - 2024-07-28 14:44:31 --> Session: Sessions is enabled, and one exists. Please don't $session->start();
INFO - 2024-07-28 14:44:32 --> Session: Class initialized using 'CodeIgniter\Session\Handlers\FileHandler' driver.
WARNING - 2024-07-28 14:44:32 --> Session: Sessions is enabled, and one exists. Please don't $session->start();
INFO - 2024-07-28 14:44:42 --> Session: Class initialized using 'CodeIgniter\Session\Handlers\FileHandler' driver.
WARNING - 2024-07-28 14:44:42 --> Session: Sessions is enabled, and one exists. Please don't $session->start();
INFO - 2024-07-28 14:48:41 --> Session: Class initialized using 'CodeIgniter\Session\Handlers\FileHandler' driver.
WARNING - 2024-07-28 14:48:41 --> Session: Sessions is enabled, and one exists. Please don't $session->start();
INFO - 2024-07-28 14:49:10 --> Session: Class initialized using 'CodeIgniter\Session\Handlers\FileHandler' driver.
WARNING - 2024-07-28 14:49:10 --> Session: Sessions is enabled, and one exists. Please don't $session->start();
INFO - 2024-07-28 14:49:39 --> Session: Class initialized using 'CodeIgniter\Session\Handlers\FileHandler' driver.
WARNING - 2024-07-28 14:49:39 --> Session: Sessions is enabled, and one exists. Please don't $session->start();
INFO - 2024-07-28 14:49:50 --> Session: Class initialized using 'CodeIgniter\Session\Handlers\FileHandler' driver.
WARNING - 2024-07-28 14:49:50 --> Session: Sessions is enabled, and one exists. Please don't $session->start();
INFO - 2024-07-28 14:49:58 --> Session: Class initialized using 'CodeIgniter\Session\Handlers\FileHandler' driver.
WARNING - 2024-07-28 14:49:58 --> Session: Sessions is enabled, and one exists. Please don't $session->start();
INFO - 2024-07-28 14:50:11 --> Session: Class initialized using 'CodeIgniter\Session\Handlers\FileHandler' driver.
WARNING - 2024-07-28 14:50:11 --> Session: Sessions is enabled, and one exists. Please don't $session->start();
INFO - 2024-07-28 14:50:34 --> Session: Class initialized using 'CodeIgniter\Session\Handlers\FileHandler' driver.
WARNING - 2024-07-28 14:50:34 --> Session: Sessions is enabled, and one exists. Please don't $session->start();
INFO - 2024-07-28 14:50:57 --> Session: Class initialized using 'CodeIgniter\Session\Handlers\FileHandler' driver.
WARNING - 2024-07-28 14:50:57 --> Session: Sessions is enabled, and one exists. Please don't $session->start();
INFO - 2024-07-28 14:51:41 --> Session: Class initialized using 'CodeIgniter\Session\Handlers\FileHandler' driver.
WARNING - 2024-07-28 14:51:41 --> Session: Sessions is enabled, and one exists. Please don't $session->start();
INFO - 2024-07-28 14:51:57 --> Session: Class initialized using 'CodeIgniter\Session\Handlers\FileHandler' driver.
WARNING - 2024-07-28 14:51:57 --> Session: Sessions is enabled, and one exists. Please don't $session->start();
INFO - 2024-07-28 14:52:11 --> Session: Class initialized using 'CodeIgniter\Session\Handlers\FileHandler' driver.
WARNING - 2024-07-28 14:52:11 --> Session: Sessions is enabled, and one exists. Please don't $session->start();
INFO - 2024-07-28 14:52:34 --> Session: Class initialized using 'CodeIgniter\Session\Handlers\FileHandler' driver.
WARNING - 2024-07-28 14:52:34 --> Session: Sessions is enabled, and one exists. Please don't $session->start();
INFO - 2024-07-28 14:52:59 --> Session: Class initialized using 'CodeIgniter\Session\Handlers\FileHandler' driver.
WARNING - 2024-07-28 14:52:59 --> Session: Sessions is enabled, and one exists. Please don't $session->start();
INFO - 2024-07-28 14:53:00 --> Session: Class initialized using 'CodeIgniter\Session\Handlers\FileHandler' driver.
WARNING - 2024-07-28 14:53:00 --> Session: Sessions is enabled, and one exists. Please don't $session->start();
INFO - 2024-07-28 14:53:33 --> Session: Class initialized using 'CodeIgniter\Session\Handlers\FileHandler' driver.
WARNING - 2024-07-28 14:53:33 --> Session: Sessions is enabled, and one exists. Please don't $session->start();
INFO - 2024-07-28 14:53:58 --> Session: Class initialized using 'CodeIgniter\Session\Handlers\FileHandler' driver.
WARNING - 2024-07-28 14:53:58 --> Session: Sessions is enabled, and one exists. Please don't $session->start();
INFO - 2024-07-28 14:53:59 --> Session: Class initialized using 'CodeIgniter\Session\Handlers\FileHandler' driver.
WARNING - 2024-07-28 14:53:59 --> Session: Sessions is enabled, and one exists. Please don't $session->start();
INFO - 2024-07-28 14:54:09 --> Session: Class initialized using 'CodeIgniter\Session\Handlers\FileHandler' driver.
WARNING - 2024-07-28 14:54:09 --> Session: Sessions is enabled, and one exists. Please don't $session->start();
INFO - 2024-07-28 14:54:10 --> Session: Class initialized using 'CodeIgniter\Session\Handlers\FileHandler' driver.
WARNING - 2024-07-28 14:54:10 --> Session: Sessions is enabled, and one exists. Please don't $session->start();
INFO - 2024-07-28 14:54:39 --> Session: Class initialized using 'CodeIgniter\Session\Handlers\FileHandler' driver.
WARNING - 2024-07-28 14:54:39 --> Session: Sessions is enabled, and one exists. Please don't $session->start();
INFO - 2024-07-28 14:54:53 --> Session: Class initialized using 'CodeIgniter\Session\Handlers\FileHandler' driver.
WARNING - 2024-07-28 14:54:53 --> Session: Sessions is enabled, and one exists. Please don't $session->start();
INFO - 2024-07-28 14:55:51 --> Session: Class initialized using 'CodeIgniter\Session\Handlers\FileHandler' driver.
WARNING - 2024-07-28 14:55:51 --> Session: Sessions is enabled, and one exists. Please don't $session->start();
INFO - 2024-07-28 14:55:56 --> Session: Class initialized using 'CodeIgniter\Session\Handlers\FileHandler' driver.
WARNING - 2024-07-28 14:55:56 --> Session: Sessions is enabled, and one exists. Please don't $session->start();
INFO - 2024-07-28 14:56:06 --> Session: Class initialized using 'CodeIgniter\Session\Handlers\FileHandler' driver.
WARNING - 2024-07-28 14:56:06 --> Session: Sessions is enabled, and one exists. Please don't $session->start();
INFO - 2024-07-28 14:56:22 --> Session: Class initialized using 'CodeIgniter\Session\Handlers\FileHandler' driver.
WARNING - 2024-07-28 14:56:22 --> Session: Sessions is enabled, and one exists. Please don't $session->start();
INFO - 2024-07-28 14:57:49 --> Session: Class initialized using 'CodeIgniter\Session\Handlers\FileHandler' driver.
WARNING - 2024-07-28 14:57:49 --> Session: Sessions is enabled, and one exists. Please don't $session->start();
INFO - 2024-07-28 14:58:30 --> Session: Class initialized using 'CodeIgniter\Session\Handlers\FileHandler' driver.
WARNING - 2024-07-28 14:58:30 --> Session: Sessions is enabled, and one exists. Please don't $session->start();
INFO - 2024-07-28 15:00:27 --> Session: Class initialized using 'CodeIgniter\Session\Handlers\FileHandler' driver.
WARNING - 2024-07-28 15:00:27 --> Session: Sessions is enabled, and one exists. Please don't $session->start();
INFO - 2024-07-28 15:00:32 --> Session: Class initialized using 'CodeIgniter\Session\Handlers\FileHandler' driver.
WARNING - 2024-07-28 15:00:32 --> Session: Sessions is enabled, and one exists. Please don't $session->start();
INFO - 2024-07-28 15:05:23 --> Session: Class initialized using 'CodeIgniter\Session\Handlers\FileHandler' driver.
WARNING - 2024-07-28 15:05:23 --> Session: Sessions is enabled, and one exists. Please don't $session->start();
INFO - 2024-07-28 15:05:33 --> Session: Class initialized using 'CodeIgniter\Session\Handlers\FileHandler' driver.
WARNING - 2024-07-28 15:05:33 --> Session: Sessions is enabled, and one exists. Please don't $session->start();
INFO - 2024-07-28 15:05:37 --> Session: Class initialized using 'CodeIgniter\Session\Handlers\FileHandler' driver.
WARNING - 2024-07-28 15:05:37 --> Session: Sessions is enabled, and one exists. Please don't $session->start();
INFO - 2024-07-28 15:05:48 --> Session: Class initialized using 'CodeIgniter\Session\Handlers\FileHandler' driver.
WARNING - 2024-07-28 15:05:48 --> Session: Sessions is enabled, and one exists. Please don't $session->start();
