INFO - 2024-06-06 06:35:44 --> Session: Class initialized using 'CodeIgniter\Session\Handlers\FileHandler' driver.
WARNING - 2024-06-06 06:35:44 --> Session: Sessions is enabled, and one exists. Please don't $session->start();
INFO - 2024-06-06 06:35:49 --> Session: Class initialized using 'CodeIgniter\Session\Handlers\FileHandler' driver.
WARNING - 2024-06-06 06:35:49 --> Session: Sessions is enabled, and one exists. Please don't $session->start();
INFO - 2024-06-06 06:35:50 --> Session: Class initialized using 'CodeIgniter\Session\Handlers\FileHandler' driver.
WARNING - 2024-06-06 06:35:50 --> Session: Sessions is enabled, and one exists. Please don't $session->start();
INFO - 2024-06-06 06:35:51 --> Session: Class initialized using 'CodeIgniter\Session\Handlers\FileHandler' driver.
WARNING - 2024-06-06 06:35:51 --> Session: Sessions is enabled, and one exists. Please don't $session->start();
INFO - 2024-06-06 06:35:53 --> Session: Class initialized using 'CodeIgniter\Session\Handlers\FileHandler' driver.
WARNING - 2024-06-06 06:35:53 --> Session: Sessions is enabled, and one exists. Please don't $session->start();
INFO - 2024-06-06 06:35:57 --> Session: Class initialized using 'CodeIgniter\Session\Handlers\FileHandler' driver.
WARNING - 2024-06-06 06:35:57 --> Session: Sessions is enabled, and one exists. Please don't $session->start();
INFO - 2024-06-06 06:36:04 --> Session: Class initialized using 'CodeIgniter\Session\Handlers\FileHandler' driver.
WARNING - 2024-06-06 06:36:05 --> Session: Sessions is enabled, and one exists. Please don't $session->start();
INFO - 2024-06-06 06:36:06 --> Session: Class initialized using 'CodeIgniter\Session\Handlers\FileHandler' driver.
WARNING - 2024-06-06 06:36:06 --> Session: Sessions is enabled, and one exists. Please don't $session->start();
INFO - 2024-06-06 06:36:06 --> Session: Class initialized using 'CodeIgniter\Session\Handlers\FileHandler' driver.
WARNING - 2024-06-06 06:36:06 --> Session: Sessions is enabled, and one exists. Please don't $session->start();
INFO - 2024-06-06 06:36:29 --> Session: Class initialized using 'CodeIgniter\Session\Handlers\FileHandler' driver.
WARNING - 2024-06-06 06:36:29 --> Session: Sessions is enabled, and one exists. Please don't $session->start();
INFO - 2024-06-06 06:36:30 --> Session: Class initialized using 'CodeIgniter\Session\Handlers\FileHandler' driver.
WARNING - 2024-06-06 06:36:30 --> Session: Sessions is enabled, and one exists. Please don't $session->start();
INFO - 2024-06-06 06:37:05 --> Session: Class initialized using 'CodeIgniter\Session\Handlers\FileHandler' driver.
WARNING - 2024-06-06 06:37:05 --> Session: Sessions is enabled, and one exists. Please don't $session->start();
INFO - 2024-06-06 06:37:09 --> Session: Class initialized using 'CodeIgniter\Session\Handlers\FileHandler' driver.
WARNING - 2024-06-06 06:37:09 --> Session: Sessions is enabled, and one exists. Please don't $session->start();
INFO - 2024-06-06 06:37:13 --> Session: Class initialized using 'CodeIgniter\Session\Handlers\FileHandler' driver.
WARNING - 2024-06-06 06:37:13 --> Session: Sessions is enabled, and one exists. Please don't $session->start();
INFO - 2024-06-06 06:37:16 --> Session: Class initialized using 'CodeIgniter\Session\Handlers\FileHandler' driver.
WARNING - 2024-06-06 06:37:16 --> Session: Sessions is enabled, and one exists. Please don't $session->start();
INFO - 2024-06-06 06:37:18 --> Session: Class initialized using 'CodeIgniter\Session\Handlers\FileHandler' driver.
WARNING - 2024-06-06 06:37:18 --> Session: Sessions is enabled, and one exists. Please don't $session->start();
INFO - 2024-06-06 06:37:27 --> Session: Class initialized using 'CodeIgniter\Session\Handlers\FileHandler' driver.
WARNING - 2024-06-06 06:37:27 --> Session: Sessions is enabled, and one exists. Please don't $session->start();
INFO - 2024-06-06 06:37:31 --> Session: Class initialized using 'CodeIgniter\Session\Handlers\FileHandler' driver.
WARNING - 2024-06-06 06:37:31 --> Session: Sessions is enabled, and one exists. Please don't $session->start();
INFO - 2024-06-06 06:37:32 --> Session: Class initialized using 'CodeIgniter\Session\Handlers\FileHandler' driver.
WARNING - 2024-06-06 06:37:32 --> Session: Sessions is enabled, and one exists. Please don't $session->start();
INFO - 2024-06-06 06:38:49 --> Session: Class initialized using 'CodeIgniter\Session\Handlers\FileHandler' driver.
WARNING - 2024-06-06 06:38:49 --> Session: Sessions is enabled, and one exists. Please don't $session->start();
INFO - 2024-06-06 06:38:53 --> Session: Class initialized using 'CodeIgniter\Session\Handlers\FileHandler' driver.
WARNING - 2024-06-06 06:38:53 --> Session: Sessions is enabled, and one exists. Please don't $session->start();
INFO - 2024-06-06 06:38:55 --> Session: Class initialized using 'CodeIgniter\Session\Handlers\FileHandler' driver.
WARNING - 2024-06-06 06:38:55 --> Session: Sessions is enabled, and one exists. Please don't $session->start();
INFO - 2024-06-06 06:38:57 --> Session: Class initialized using 'CodeIgniter\Session\Handlers\FileHandler' driver.
WARNING - 2024-06-06 06:38:57 --> Session: Sessions is enabled, and one exists. Please don't $session->start();
INFO - 2024-06-06 06:38:58 --> Session: Class initialized using 'CodeIgniter\Session\Handlers\FileHandler' driver.
WARNING - 2024-06-06 06:38:58 --> Session: Sessions is enabled, and one exists. Please don't $session->start();
INFO - 2024-06-06 06:39:12 --> Session: Class initialized using 'CodeIgniter\Session\Handlers\FileHandler' driver.
WARNING - 2024-06-06 06:39:12 --> Session: Sessions is enabled, and one exists. Please don't $session->start();
INFO - 2024-06-06 06:39:13 --> Session: Class initialized using 'CodeIgniter\Session\Handlers\FileHandler' driver.
WARNING - 2024-06-06 06:39:14 --> Session: Sessions is enabled, and one exists. Please don't $session->start();
INFO - 2024-06-06 06:39:14 --> Session: Class initialized using 'CodeIgniter\Session\Handlers\FileHandler' driver.
WARNING - 2024-06-06 06:39:14 --> Session: Sessions is enabled, and one exists. Please don't $session->start();
INFO - 2024-06-06 06:39:16 --> Session: Class initialized using 'CodeIgniter\Session\Handlers\FileHandler' driver.
WARNING - 2024-06-06 06:39:16 --> Session: Sessions is enabled, and one exists. Please don't $session->start();
INFO - 2024-06-06 06:39:17 --> Session: Class initialized using 'CodeIgniter\Session\Handlers\FileHandler' driver.
WARNING - 2024-06-06 06:39:17 --> Session: Sessions is enabled, and one exists. Please don't $session->start();
INFO - 2024-06-06 06:39:18 --> Session: Class initialized using 'CodeIgniter\Session\Handlers\FileHandler' driver.
WARNING - 2024-06-06 06:39:18 --> Session: Sessions is enabled, and one exists. Please don't $session->start();
INFO - 2024-06-06 06:39:20 --> Session: Class initialized using 'CodeIgniter\Session\Handlers\FileHandler' driver.
WARNING - 2024-06-06 06:39:20 --> Session: Sessions is enabled, and one exists. Please don't $session->start();
INFO - 2024-06-06 06:39:21 --> Session: Class initialized using 'CodeIgniter\Session\Handlers\FileHandler' driver.
WARNING - 2024-06-06 06:39:21 --> Session: Sessions is enabled, and one exists. Please don't $session->start();
INFO - 2024-06-06 06:39:30 --> Session: Class initialized using 'CodeIgniter\Session\Handlers\FileHandler' driver.
WARNING - 2024-06-06 06:39:30 --> Session: Sessions is enabled, and one exists. Please don't $session->start();
INFO - 2024-06-06 06:39:34 --> Session: Class initialized using 'CodeIgniter\Session\Handlers\FileHandler' driver.
WARNING - 2024-06-06 06:39:34 --> Session: Sessions is enabled, and one exists. Please don't $session->start();
INFO - 2024-06-06 06:39:43 --> Session: Class initialized using 'CodeIgniter\Session\Handlers\FileHandler' driver.
WARNING - 2024-06-06 06:39:43 --> Session: Sessions is enabled, and one exists. Please don't $session->start();
INFO - 2024-06-06 06:39:46 --> Session: Class initialized using 'CodeIgniter\Session\Handlers\FileHandler' driver.
WARNING - 2024-06-06 06:39:46 --> Session: Sessions is enabled, and one exists. Please don't $session->start();
INFO - 2024-06-06 06:39:58 --> Session: Class initialized using 'CodeIgniter\Session\Handlers\FileHandler' driver.
WARNING - 2024-06-06 06:39:58 --> Session: Sessions is enabled, and one exists. Please don't $session->start();
INFO - 2024-06-06 06:39:59 --> Session: Class initialized using 'CodeIgniter\Session\Handlers\FileHandler' driver.
WARNING - 2024-06-06 06:40:00 --> Session: Sessions is enabled, and one exists. Please don't $session->start();
INFO - 2024-06-06 06:41:22 --> Session: Class initialized using 'CodeIgniter\Session\Handlers\FileHandler' driver.
WARNING - 2024-06-06 06:41:23 --> Session: Sessions is enabled, and one exists. Please don't $session->start();
INFO - 2024-06-06 06:42:11 --> Session: Class initialized using 'CodeIgniter\Session\Handlers\FileHandler' driver.
WARNING - 2024-06-06 06:42:11 --> Session: Sessions is enabled, and one exists. Please don't $session->start();
CRITICAL - 2024-06-06 06:42:11 --> ErrorException: Undefined array key "nama"
[Method: GET, Route: klinik/KLN001]
in APPPATH\Views\user\clinic\detail_clinic.php on line 17.
 1 APPPATH\Views\user\clinic\detail_clinic.php(17): CodeIgniter\Debug\Exceptions->errorHandler(2, 'Undefined array key "nama"', 'D:\\Project\\dlbeauty\\app\\Views\\user\\clinic\\detail_clinic.php', 17)
 2 SYSTEMPATH\View\View.php(234): include('D:\\Project\\dlbeauty\\app\\Views\\user\\clinic\\detail_clinic.php')
 3 SYSTEMPATH\View\View.php(237): CodeIgniter\View\View->CodeIgniter\View\{closure}()
 4 SYSTEMPATH\Common.php(1171): CodeIgniter\View\View->render('user/clinic/detail_clinic', [], true)
 5 APPPATH\Controllers\Clinic.php(82): view('user/clinic/detail_clinic', [...])
 6 SYSTEMPATH\CodeIgniter.php(933): App\Controllers\Clinic->detailClinic('KLN001')
 7 SYSTEMPATH\CodeIgniter.php(509): CodeIgniter\CodeIgniter->runController(Object(App\Controllers\Clinic))
 8 SYSTEMPATH\CodeIgniter.php(355): CodeIgniter\CodeIgniter->handleRequest(null, Object(Config\Cache), false)
 9 SYSTEMPATH\Boot.php(312): CodeIgniter\CodeIgniter->run()
10 SYSTEMPATH\Boot.php(67): CodeIgniter\Boot::runCodeIgniter(Object(CodeIgniter\CodeIgniter))
11 FCPATH\index.php(56): CodeIgniter\Boot::bootWeb(Object(Config\Paths))
12 SYSTEMPATH\Commands\Server\rewrite.php(49): require_once('D:\\Project\\dlbeauty\\public\\index.php')
INFO - 2024-06-06 06:42:18 --> Session: Class initialized using 'CodeIgniter\Session\Handlers\FileHandler' driver.
WARNING - 2024-06-06 06:42:18 --> Session: Sessions is enabled, and one exists. Please don't $session->start();
INFO - 2024-06-06 06:42:40 --> Session: Class initialized using 'CodeIgniter\Session\Handlers\FileHandler' driver.
WARNING - 2024-06-06 06:42:40 --> Session: Sessions is enabled, and one exists. Please don't $session->start();
INFO - 2024-06-06 06:43:30 --> Session: Class initialized using 'CodeIgniter\Session\Handlers\FileHandler' driver.
WARNING - 2024-06-06 06:43:30 --> Session: Sessions is enabled, and one exists. Please don't $session->start();
INFO - 2024-06-06 06:43:35 --> Session: Class initialized using 'CodeIgniter\Session\Handlers\FileHandler' driver.
WARNING - 2024-06-06 06:43:35 --> Session: Sessions is enabled, and one exists. Please don't $session->start();
INFO - 2024-06-06 06:43:38 --> Session: Class initialized using 'CodeIgniter\Session\Handlers\FileHandler' driver.
WARNING - 2024-06-06 06:43:38 --> Session: Sessions is enabled, and one exists. Please don't $session->start();
INFO - 2024-06-06 06:43:42 --> Session: Class initialized using 'CodeIgniter\Session\Handlers\FileHandler' driver.
WARNING - 2024-06-06 06:43:42 --> Session: Sessions is enabled, and one exists. Please don't $session->start();
INFO - 2024-06-06 06:43:48 --> Session: Class initialized using 'CodeIgniter\Session\Handlers\FileHandler' driver.
WARNING - 2024-06-06 06:43:48 --> Session: Sessions is enabled, and one exists. Please don't $session->start();
INFO - 2024-06-06 06:43:51 --> Session: Class initialized using 'CodeIgniter\Session\Handlers\FileHandler' driver.
WARNING - 2024-06-06 06:43:51 --> Session: Sessions is enabled, and one exists. Please don't $session->start();
INFO - 2024-06-06 06:51:47 --> Session: Class initialized using 'CodeIgniter\Session\Handlers\FileHandler' driver.
WARNING - 2024-06-06 06:51:47 --> Session: Sessions is enabled, and one exists. Please don't $session->start();
INFO - 2024-06-06 06:51:49 --> Session: Class initialized using 'CodeIgniter\Session\Handlers\FileHandler' driver.
WARNING - 2024-06-06 06:51:49 --> Session: Sessions is enabled, and one exists. Please don't $session->start();
INFO - 2024-06-06 06:51:50 --> Session: Class initialized using 'CodeIgniter\Session\Handlers\FileHandler' driver.
WARNING - 2024-06-06 06:51:50 --> Session: Sessions is enabled, and one exists. Please don't $session->start();
INFO - 2024-06-06 06:51:54 --> Session: Class initialized using 'CodeIgniter\Session\Handlers\FileHandler' driver.
WARNING - 2024-06-06 06:51:54 --> Session: Sessions is enabled, and one exists. Please don't $session->start();
INFO - 2024-06-06 06:52:53 --> Session: Class initialized using 'CodeIgniter\Session\Handlers\FileHandler' driver.
WARNING - 2024-06-06 06:52:54 --> Session: Sessions is enabled, and one exists. Please don't $session->start();
INFO - 2024-06-06 06:53:14 --> Session: Class initialized using 'CodeIgniter\Session\Handlers\FileHandler' driver.
WARNING - 2024-06-06 06:53:14 --> Session: Sessions is enabled, and one exists. Please don't $session->start();
INFO - 2024-06-06 06:53:34 --> Session: Class initialized using 'CodeIgniter\Session\Handlers\FileHandler' driver.
WARNING - 2024-06-06 06:53:34 --> Session: Sessions is enabled, and one exists. Please don't $session->start();
INFO - 2024-06-06 06:53:40 --> Session: Class initialized using 'CodeIgniter\Session\Handlers\FileHandler' driver.
WARNING - 2024-06-06 06:53:40 --> Session: Sessions is enabled, and one exists. Please don't $session->start();
INFO - 2024-06-06 06:55:36 --> Session: Class initialized using 'CodeIgniter\Session\Handlers\FileHandler' driver.
WARNING - 2024-06-06 06:55:37 --> Session: Sessions is enabled, and one exists. Please don't $session->start();
INFO - 2024-06-06 06:55:39 --> Session: Class initialized using 'CodeIgniter\Session\Handlers\FileHandler' driver.
WARNING - 2024-06-06 06:55:39 --> Session: Sessions is enabled, and one exists. Please don't $session->start();
INFO - 2024-06-06 06:55:41 --> Session: Class initialized using 'CodeIgniter\Session\Handlers\FileHandler' driver.
WARNING - 2024-06-06 06:55:41 --> Session: Sessions is enabled, and one exists. Please don't $session->start();
INFO - 2024-06-06 06:55:50 --> Session: Class initialized using 'CodeIgniter\Session\Handlers\FileHandler' driver.
WARNING - 2024-06-06 06:55:50 --> Session: Sessions is enabled, and one exists. Please don't $session->start();
INFO - 2024-06-06 06:55:58 --> Session: Class initialized using 'CodeIgniter\Session\Handlers\FileHandler' driver.
WARNING - 2024-06-06 06:55:58 --> Session: Sessions is enabled, and one exists. Please don't $session->start();
INFO - 2024-06-06 06:56:00 --> Session: Class initialized using 'CodeIgniter\Session\Handlers\FileHandler' driver.
WARNING - 2024-06-06 06:56:00 --> Session: Sessions is enabled, and one exists. Please don't $session->start();
INFO - 2024-06-06 06:56:01 --> Session: Class initialized using 'CodeIgniter\Session\Handlers\FileHandler' driver.
WARNING - 2024-06-06 06:56:02 --> Session: Sessions is enabled, and one exists. Please don't $session->start();
INFO - 2024-06-06 06:56:33 --> Session: Class initialized using 'CodeIgniter\Session\Handlers\FileHandler' driver.
WARNING - 2024-06-06 06:56:33 --> Session: Sessions is enabled, and one exists. Please don't $session->start();
INFO - 2024-06-06 06:56:48 --> Session: Class initialized using 'CodeIgniter\Session\Handlers\FileHandler' driver.
WARNING - 2024-06-06 06:56:48 --> Session: Sessions is enabled, and one exists. Please don't $session->start();
INFO - 2024-06-06 06:56:55 --> Session: Class initialized using 'CodeIgniter\Session\Handlers\FileHandler' driver.
WARNING - 2024-06-06 06:56:55 --> Session: Sessions is enabled, and one exists. Please don't $session->start();
INFO - 2024-06-06 06:57:05 --> Session: Class initialized using 'CodeIgniter\Session\Handlers\FileHandler' driver.
WARNING - 2024-06-06 06:57:05 --> Session: Sessions is enabled, and one exists. Please don't $session->start();
INFO - 2024-06-06 06:57:11 --> Session: Class initialized using 'CodeIgniter\Session\Handlers\FileHandler' driver.
WARNING - 2024-06-06 06:57:11 --> Session: Sessions is enabled, and one exists. Please don't $session->start();
INFO - 2024-06-06 06:57:20 --> Session: Class initialized using 'CodeIgniter\Session\Handlers\FileHandler' driver.
WARNING - 2024-06-06 06:57:21 --> Session: Sessions is enabled, and one exists. Please don't $session->start();
INFO - 2024-06-06 06:57:25 --> Session: Class initialized using 'CodeIgniter\Session\Handlers\FileHandler' driver.
WARNING - 2024-06-06 06:57:25 --> Session: Sessions is enabled, and one exists. Please don't $session->start();
INFO - 2024-06-06 06:58:05 --> Session: Class initialized using 'CodeIgniter\Session\Handlers\FileHandler' driver.
WARNING - 2024-06-06 06:58:05 --> Session: Sessions is enabled, and one exists. Please don't $session->start();
INFO - 2024-06-06 06:58:23 --> Session: Class initialized using 'CodeIgniter\Session\Handlers\FileHandler' driver.
WARNING - 2024-06-06 06:58:23 --> Session: Sessions is enabled, and one exists. Please don't $session->start();
INFO - 2024-06-06 07:00:10 --> Session: Class initialized using 'CodeIgniter\Session\Handlers\FileHandler' driver.
WARNING - 2024-06-06 07:00:10 --> Session: Sessions is enabled, and one exists. Please don't $session->start();
INFO - 2024-06-06 07:02:03 --> Session: Class initialized using 'CodeIgniter\Session\Handlers\FileHandler' driver.
WARNING - 2024-06-06 07:02:03 --> Session: Sessions is enabled, and one exists. Please don't $session->start();
INFO - 2024-06-06 07:02:12 --> Session: Class initialized using 'CodeIgniter\Session\Handlers\FileHandler' driver.
WARNING - 2024-06-06 07:02:12 --> Session: Sessions is enabled, and one exists. Please don't $session->start();
INFO - 2024-06-06 07:02:52 --> Session: Class initialized using 'CodeIgniter\Session\Handlers\FileHandler' driver.
WARNING - 2024-06-06 07:02:52 --> Session: Sessions is enabled, and one exists. Please don't $session->start();
INFO - 2024-06-06 07:03:05 --> Session: Class initialized using 'CodeIgniter\Session\Handlers\FileHandler' driver.
WARNING - 2024-06-06 07:03:05 --> Session: Sessions is enabled, and one exists. Please don't $session->start();
INFO - 2024-06-06 07:04:31 --> Session: Class initialized using 'CodeIgniter\Session\Handlers\FileHandler' driver.
WARNING - 2024-06-06 07:04:31 --> Session: Sessions is enabled, and one exists. Please don't $session->start();
INFO - 2024-06-06 07:05:01 --> Session: Class initialized using 'CodeIgniter\Session\Handlers\FileHandler' driver.
WARNING - 2024-06-06 07:05:01 --> Session: Sessions is enabled, and one exists. Please don't $session->start();
INFO - 2024-06-06 07:05:16 --> Session: Class initialized using 'CodeIgniter\Session\Handlers\FileHandler' driver.
WARNING - 2024-06-06 07:05:16 --> Session: Sessions is enabled, and one exists. Please don't $session->start();
INFO - 2024-06-06 07:06:21 --> Session: Class initialized using 'CodeIgniter\Session\Handlers\FileHandler' driver.
WARNING - 2024-06-06 07:06:21 --> Session: Sessions is enabled, and one exists. Please don't $session->start();
INFO - 2024-06-06 07:06:52 --> Session: Class initialized using 'CodeIgniter\Session\Handlers\FileHandler' driver.
WARNING - 2024-06-06 07:06:52 --> Session: Sessions is enabled, and one exists. Please don't $session->start();
INFO - 2024-06-06 07:07:13 --> Session: Class initialized using 'CodeIgniter\Session\Handlers\FileHandler' driver.
WARNING - 2024-06-06 07:07:13 --> Session: Sessions is enabled, and one exists. Please don't $session->start();
INFO - 2024-06-06 07:08:44 --> Session: Class initialized using 'CodeIgniter\Session\Handlers\FileHandler' driver.
WARNING - 2024-06-06 07:08:44 --> Session: Sessions is enabled, and one exists. Please don't $session->start();
INFO - 2024-06-06 07:08:56 --> Session: Class initialized using 'CodeIgniter\Session\Handlers\FileHandler' driver.
WARNING - 2024-06-06 07:08:56 --> Session: Sessions is enabled, and one exists. Please don't $session->start();
INFO - 2024-06-06 07:09:45 --> Session: Class initialized using 'CodeIgniter\Session\Handlers\FileHandler' driver.
WARNING - 2024-06-06 07:09:45 --> Session: Sessions is enabled, and one exists. Please don't $session->start();
INFO - 2024-06-06 07:11:10 --> Session: Class initialized using 'CodeIgniter\Session\Handlers\FileHandler' driver.
WARNING - 2024-06-06 07:11:10 --> Session: Sessions is enabled, and one exists. Please don't $session->start();
INFO - 2024-06-06 07:11:23 --> Session: Class initialized using 'CodeIgniter\Session\Handlers\FileHandler' driver.
WARNING - 2024-06-06 07:11:23 --> Session: Sessions is enabled, and one exists. Please don't $session->start();
INFO - 2024-06-06 07:12:51 --> Session: Class initialized using 'CodeIgniter\Session\Handlers\FileHandler' driver.
WARNING - 2024-06-06 07:12:51 --> Session: Sessions is enabled, and one exists. Please don't $session->start();
INFO - 2024-06-06 07:13:27 --> Session: Class initialized using 'CodeIgniter\Session\Handlers\FileHandler' driver.
WARNING - 2024-06-06 07:13:27 --> Session: Sessions is enabled, and one exists. Please don't $session->start();
INFO - 2024-06-06 07:14:13 --> Session: Class initialized using 'CodeIgniter\Session\Handlers\FileHandler' driver.
WARNING - 2024-06-06 07:14:13 --> Session: Sessions is enabled, and one exists. Please don't $session->start();
INFO - 2024-06-06 07:14:30 --> Session: Class initialized using 'CodeIgniter\Session\Handlers\FileHandler' driver.
WARNING - 2024-06-06 07:14:30 --> Session: Sessions is enabled, and one exists. Please don't $session->start();
INFO - 2024-06-06 07:14:42 --> Session: Class initialized using 'CodeIgniter\Session\Handlers\FileHandler' driver.
WARNING - 2024-06-06 07:14:42 --> Session: Sessions is enabled, and one exists. Please don't $session->start();
INFO - 2024-06-06 07:14:47 --> Session: Class initialized using 'CodeIgniter\Session\Handlers\FileHandler' driver.
WARNING - 2024-06-06 07:14:47 --> Session: Sessions is enabled, and one exists. Please don't $session->start();
INFO - 2024-06-06 07:14:55 --> Session: Class initialized using 'CodeIgniter\Session\Handlers\FileHandler' driver.
WARNING - 2024-06-06 07:14:55 --> Session: Sessions is enabled, and one exists. Please don't $session->start();
INFO - 2024-06-06 07:15:04 --> Session: Class initialized using 'CodeIgniter\Session\Handlers\FileHandler' driver.
WARNING - 2024-06-06 07:15:04 --> Session: Sessions is enabled, and one exists. Please don't $session->start();
INFO - 2024-06-06 07:15:10 --> Session: Class initialized using 'CodeIgniter\Session\Handlers\FileHandler' driver.
WARNING - 2024-06-06 07:15:10 --> Session: Sessions is enabled, and one exists. Please don't $session->start();
INFO - 2024-06-06 07:15:25 --> Session: Class initialized using 'CodeIgniter\Session\Handlers\FileHandler' driver.
WARNING - 2024-06-06 07:15:25 --> Session: Sessions is enabled, and one exists. Please don't $session->start();
INFO - 2024-06-06 07:15:55 --> Session: Class initialized using 'CodeIgniter\Session\Handlers\FileHandler' driver.
WARNING - 2024-06-06 07:15:55 --> Session: Sessions is enabled, and one exists. Please don't $session->start();
INFO - 2024-06-06 07:16:09 --> Session: Class initialized using 'CodeIgniter\Session\Handlers\FileHandler' driver.
WARNING - 2024-06-06 07:16:09 --> Session: Sessions is enabled, and one exists. Please don't $session->start();
INFO - 2024-06-06 07:19:52 --> Session: Class initialized using 'CodeIgniter\Session\Handlers\FileHandler' driver.
WARNING - 2024-06-06 07:19:52 --> Session: Sessions is enabled, and one exists. Please don't $session->start();
INFO - 2024-06-06 07:19:54 --> Session: Class initialized using 'CodeIgniter\Session\Handlers\FileHandler' driver.
WARNING - 2024-06-06 07:19:54 --> Session: Sessions is enabled, and one exists. Please don't $session->start();
INFO - 2024-06-06 07:20:02 --> Session: Class initialized using 'CodeIgniter\Session\Handlers\FileHandler' driver.
WARNING - 2024-06-06 07:20:02 --> Session: Sessions is enabled, and one exists. Please don't $session->start();
INFO - 2024-06-06 07:20:11 --> Session: Class initialized using 'CodeIgniter\Session\Handlers\FileHandler' driver.
WARNING - 2024-06-06 07:20:11 --> Session: Sessions is enabled, and one exists. Please don't $session->start();
INFO - 2024-06-06 07:20:41 --> Session: Class initialized using 'CodeIgniter\Session\Handlers\FileHandler' driver.
WARNING - 2024-06-06 07:20:41 --> Session: Sessions is enabled, and one exists. Please don't $session->start();
INFO - 2024-06-06 07:23:02 --> Session: Class initialized using 'CodeIgniter\Session\Handlers\FileHandler' driver.
WARNING - 2024-06-06 07:23:02 --> Session: Sessions is enabled, and one exists. Please don't $session->start();
INFO - 2024-06-06 07:23:31 --> Session: Class initialized using 'CodeIgniter\Session\Handlers\FileHandler' driver.
WARNING - 2024-06-06 07:23:31 --> Session: Sessions is enabled, and one exists. Please don't $session->start();
INFO - 2024-06-06 07:23:48 --> Session: Class initialized using 'CodeIgniter\Session\Handlers\FileHandler' driver.
WARNING - 2024-06-06 07:23:48 --> Session: Sessions is enabled, and one exists. Please don't $session->start();
INFO - 2024-06-06 07:24:14 --> Session: Class initialized using 'CodeIgniter\Session\Handlers\FileHandler' driver.
WARNING - 2024-06-06 07:24:14 --> Session: Sessions is enabled, and one exists. Please don't $session->start();
INFO - 2024-06-06 07:26:22 --> Session: Class initialized using 'CodeIgniter\Session\Handlers\FileHandler' driver.
WARNING - 2024-06-06 07:26:22 --> Session: Sessions is enabled, and one exists. Please don't $session->start();
INFO - 2024-06-06 07:26:39 --> Session: Class initialized using 'CodeIgniter\Session\Handlers\FileHandler' driver.
WARNING - 2024-06-06 07:26:39 --> Session: Sessions is enabled, and one exists. Please don't $session->start();
INFO - 2024-06-06 07:28:59 --> Session: Class initialized using 'CodeIgniter\Session\Handlers\FileHandler' driver.
WARNING - 2024-06-06 07:28:59 --> Session: Sessions is enabled, and one exists. Please don't $session->start();
INFO - 2024-06-06 07:29:38 --> Session: Class initialized using 'CodeIgniter\Session\Handlers\FileHandler' driver.
WARNING - 2024-06-06 07:29:38 --> Session: Sessions is enabled, and one exists. Please don't $session->start();
INFO - 2024-06-06 07:30:58 --> Session: Class initialized using 'CodeIgniter\Session\Handlers\FileHandler' driver.
WARNING - 2024-06-06 07:30:58 --> Session: Sessions is enabled, and one exists. Please don't $session->start();
INFO - 2024-06-06 07:32:29 --> Session: Class initialized using 'CodeIgniter\Session\Handlers\FileHandler' driver.
WARNING - 2024-06-06 07:32:29 --> Session: Sessions is enabled, and one exists. Please don't $session->start();
INFO - 2024-06-06 07:32:36 --> Session: Class initialized using 'CodeIgniter\Session\Handlers\FileHandler' driver.
WARNING - 2024-06-06 07:32:36 --> Session: Sessions is enabled, and one exists. Please don't $session->start();
INFO - 2024-06-06 07:32:50 --> Session: Class initialized using 'CodeIgniter\Session\Handlers\FileHandler' driver.
WARNING - 2024-06-06 07:32:50 --> Session: Sessions is enabled, and one exists. Please don't $session->start();
INFO - 2024-06-06 07:32:57 --> Session: Class initialized using 'CodeIgniter\Session\Handlers\FileHandler' driver.
WARNING - 2024-06-06 07:32:57 --> Session: Sessions is enabled, and one exists. Please don't $session->start();
INFO - 2024-06-06 07:34:24 --> Session: Class initialized using 'CodeIgniter\Session\Handlers\FileHandler' driver.
WARNING - 2024-06-06 07:34:24 --> Session: Sessions is enabled, and one exists. Please don't $session->start();
INFO - 2024-06-06 07:34:50 --> Session: Class initialized using 'CodeIgniter\Session\Handlers\FileHandler' driver.
WARNING - 2024-06-06 07:34:50 --> Session: Sessions is enabled, and one exists. Please don't $session->start();
INFO - 2024-06-06 07:34:56 --> Session: Class initialized using 'CodeIgniter\Session\Handlers\FileHandler' driver.
WARNING - 2024-06-06 07:34:56 --> Session: Sessions is enabled, and one exists. Please don't $session->start();
INFO - 2024-06-06 07:35:29 --> Session: Class initialized using 'CodeIgniter\Session\Handlers\FileHandler' driver.
WARNING - 2024-06-06 07:35:29 --> Session: Sessions is enabled, and one exists. Please don't $session->start();
INFO - 2024-06-06 07:35:50 --> Session: Class initialized using 'CodeIgniter\Session\Handlers\FileHandler' driver.
WARNING - 2024-06-06 07:35:50 --> Session: Sessions is enabled, and one exists. Please don't $session->start();
INFO - 2024-06-06 07:35:56 --> Session: Class initialized using 'CodeIgniter\Session\Handlers\FileHandler' driver.
WARNING - 2024-06-06 07:35:56 --> Session: Sessions is enabled, and one exists. Please don't $session->start();
INFO - 2024-06-06 07:36:13 --> Session: Class initialized using 'CodeIgniter\Session\Handlers\FileHandler' driver.
WARNING - 2024-06-06 07:36:13 --> Session: Sessions is enabled, and one exists. Please don't $session->start();
INFO - 2024-06-06 07:37:20 --> Session: Class initialized using 'CodeIgniter\Session\Handlers\FileHandler' driver.
WARNING - 2024-06-06 07:37:20 --> Session: Sessions is enabled, and one exists. Please don't $session->start();
INFO - 2024-06-06 07:37:28 --> Session: Class initialized using 'CodeIgniter\Session\Handlers\FileHandler' driver.
WARNING - 2024-06-06 07:37:28 --> Session: Sessions is enabled, and one exists. Please don't $session->start();
INFO - 2024-06-06 07:37:42 --> Session: Class initialized using 'CodeIgniter\Session\Handlers\FileHandler' driver.
WARNING - 2024-06-06 07:37:42 --> Session: Sessions is enabled, and one exists. Please don't $session->start();
INFO - 2024-06-06 07:37:50 --> Session: Class initialized using 'CodeIgniter\Session\Handlers\FileHandler' driver.
WARNING - 2024-06-06 07:37:50 --> Session: Sessions is enabled, and one exists. Please don't $session->start();
INFO - 2024-06-06 07:38:51 --> Session: Class initialized using 'CodeIgniter\Session\Handlers\FileHandler' driver.
WARNING - 2024-06-06 07:38:51 --> Session: Sessions is enabled, and one exists. Please don't $session->start();
INFO - 2024-06-06 07:39:37 --> Session: Class initialized using 'CodeIgniter\Session\Handlers\FileHandler' driver.
WARNING - 2024-06-06 07:39:37 --> Session: Sessions is enabled, and one exists. Please don't $session->start();
INFO - 2024-06-06 07:40:24 --> Session: Class initialized using 'CodeIgniter\Session\Handlers\FileHandler' driver.
WARNING - 2024-06-06 07:40:24 --> Session: Sessions is enabled, and one exists. Please don't $session->start();
INFO - 2024-06-06 07:40:59 --> Session: Class initialized using 'CodeIgniter\Session\Handlers\FileHandler' driver.
WARNING - 2024-06-06 07:40:59 --> Session: Sessions is enabled, and one exists. Please don't $session->start();
INFO - 2024-06-06 07:41:26 --> Session: Class initialized using 'CodeIgniter\Session\Handlers\FileHandler' driver.
WARNING - 2024-06-06 07:41:26 --> Session: Sessions is enabled, and one exists. Please don't $session->start();
INFO - 2024-06-06 07:41:53 --> Session: Class initialized using 'CodeIgniter\Session\Handlers\FileHandler' driver.
WARNING - 2024-06-06 07:41:53 --> Session: Sessions is enabled, and one exists. Please don't $session->start();
INFO - 2024-06-06 07:42:05 --> Session: Class initialized using 'CodeIgniter\Session\Handlers\FileHandler' driver.
WARNING - 2024-06-06 07:42:05 --> Session: Sessions is enabled, and one exists. Please don't $session->start();
INFO - 2024-06-06 07:45:14 --> Session: Class initialized using 'CodeIgniter\Session\Handlers\FileHandler' driver.
WARNING - 2024-06-06 07:45:14 --> Session: Sessions is enabled, and one exists. Please don't $session->start();
INFO - 2024-06-06 07:45:59 --> Session: Class initialized using 'CodeIgniter\Session\Handlers\FileHandler' driver.
WARNING - 2024-06-06 07:45:59 --> Session: Sessions is enabled, and one exists. Please don't $session->start();
INFO - 2024-06-06 07:46:02 --> Session: Class initialized using 'CodeIgniter\Session\Handlers\FileHandler' driver.
WARNING - 2024-06-06 07:46:02 --> Session: Sessions is enabled, and one exists. Please don't $session->start();
INFO - 2024-06-06 07:46:41 --> Session: Class initialized using 'CodeIgniter\Session\Handlers\FileHandler' driver.
INFO - 2024-06-06 07:46:42 --> Session: Class initialized using 'CodeIgniter\Session\Handlers\FileHandler' driver.
WARNING - 2024-06-06 07:46:42 --> Session: Sessions is enabled, and one exists. Please don't $session->start();
INFO - 2024-06-06 07:46:53 --> Session: Class initialized using 'CodeIgniter\Session\Handlers\FileHandler' driver.
WARNING - 2024-06-06 07:46:53 --> Session: Sessions is enabled, and one exists. Please don't $session->start();
INFO - 2024-06-06 07:46:59 --> Session: Class initialized using 'CodeIgniter\Session\Handlers\FileHandler' driver.
WARNING - 2024-06-06 07:46:59 --> Session: Sessions is enabled, and one exists. Please don't $session->start();
INFO - 2024-06-06 07:47:02 --> Session: Class initialized using 'CodeIgniter\Session\Handlers\FileHandler' driver.
WARNING - 2024-06-06 07:47:02 --> Session: Sessions is enabled, and one exists. Please don't $session->start();
INFO - 2024-06-06 07:47:10 --> Session: Class initialized using 'CodeIgniter\Session\Handlers\FileHandler' driver.
WARNING - 2024-06-06 07:47:10 --> Session: Sessions is enabled, and one exists. Please don't $session->start();
INFO - 2024-06-06 07:47:10 --> Session: Class initialized using 'CodeIgniter\Session\Handlers\FileHandler' driver.
WARNING - 2024-06-06 07:47:10 --> Session: Sessions is enabled, and one exists. Please don't $session->start();
INFO - 2024-06-06 07:47:13 --> Session: Class initialized using 'CodeIgniter\Session\Handlers\FileHandler' driver.
WARNING - 2024-06-06 07:47:13 --> Session: Sessions is enabled, and one exists. Please don't $session->start();
INFO - 2024-06-06 07:47:17 --> Session: Class initialized using 'CodeIgniter\Session\Handlers\FileHandler' driver.
WARNING - 2024-06-06 07:47:17 --> Session: Sessions is enabled, and one exists. Please don't $session->start();
INFO - 2024-06-06 07:47:23 --> Session: Class initialized using 'CodeIgniter\Session\Handlers\FileHandler' driver.
WARNING - 2024-06-06 07:47:23 --> Session: Sessions is enabled, and one exists. Please don't $session->start();
INFO - 2024-06-06 07:47:26 --> Session: Class initialized using 'CodeIgniter\Session\Handlers\FileHandler' driver.
WARNING - 2024-06-06 07:47:26 --> Session: Sessions is enabled, and one exists. Please don't $session->start();
INFO - 2024-06-06 07:47:30 --> Session: Class initialized using 'CodeIgniter\Session\Handlers\FileHandler' driver.
WARNING - 2024-06-06 07:47:30 --> Session: Sessions is enabled, and one exists. Please don't $session->start();
INFO - 2024-06-06 07:47:34 --> Session: Class initialized using 'CodeIgniter\Session\Handlers\FileHandler' driver.
WARNING - 2024-06-06 07:47:34 --> Session: Sessions is enabled, and one exists. Please don't $session->start();
INFO - 2024-06-06 07:47:38 --> Session: Class initialized using 'CodeIgniter\Session\Handlers\FileHandler' driver.
WARNING - 2024-06-06 07:47:38 --> Session: Sessions is enabled, and one exists. Please don't $session->start();
INFO - 2024-06-06 07:47:41 --> Session: Class initialized using 'CodeIgniter\Session\Handlers\FileHandler' driver.
WARNING - 2024-06-06 07:47:41 --> Session: Sessions is enabled, and one exists. Please don't $session->start();
INFO - 2024-06-06 07:47:45 --> Session: Class initialized using 'CodeIgniter\Session\Handlers\FileHandler' driver.
WARNING - 2024-06-06 07:47:45 --> Session: Sessions is enabled, and one exists. Please don't $session->start();
INFO - 2024-06-06 07:47:50 --> Session: Class initialized using 'CodeIgniter\Session\Handlers\FileHandler' driver.
WARNING - 2024-06-06 07:47:50 --> Session: Sessions is enabled, and one exists. Please don't $session->start();
INFO - 2024-06-06 07:47:53 --> Session: Class initialized using 'CodeIgniter\Session\Handlers\FileHandler' driver.
WARNING - 2024-06-06 07:47:53 --> Session: Sessions is enabled, and one exists. Please don't $session->start();
INFO - 2024-06-06 07:47:57 --> Session: Class initialized using 'CodeIgniter\Session\Handlers\FileHandler' driver.
WARNING - 2024-06-06 07:47:57 --> Session: Sessions is enabled, and one exists. Please don't $session->start();
INFO - 2024-06-06 07:48:14 --> Session: Class initialized using 'CodeIgniter\Session\Handlers\FileHandler' driver.
WARNING - 2024-06-06 07:48:14 --> Session: Sessions is enabled, and one exists. Please don't $session->start();
INFO - 2024-06-06 07:48:16 --> Session: Class initialized using 'CodeIgniter\Session\Handlers\FileHandler' driver.
WARNING - 2024-06-06 07:48:16 --> Session: Sessions is enabled, and one exists. Please don't $session->start();
INFO - 2024-06-06 07:48:19 --> Session: Class initialized using 'CodeIgniter\Session\Handlers\FileHandler' driver.
WARNING - 2024-06-06 07:48:19 --> Session: Sessions is enabled, and one exists. Please don't $session->start();
INFO - 2024-06-06 07:49:21 --> Session: Class initialized using 'CodeIgniter\Session\Handlers\FileHandler' driver.
WARNING - 2024-06-06 07:49:21 --> Session: Sessions is enabled, and one exists. Please don't $session->start();
INFO - 2024-06-06 07:49:29 --> Session: Class initialized using 'CodeIgniter\Session\Handlers\FileHandler' driver.
WARNING - 2024-06-06 07:49:29 --> Session: Sessions is enabled, and one exists. Please don't $session->start();
INFO - 2024-06-06 07:49:43 --> Session: Class initialized using 'CodeIgniter\Session\Handlers\FileHandler' driver.
WARNING - 2024-06-06 07:49:43 --> Session: Sessions is enabled, and one exists. Please don't $session->start();
INFO - 2024-06-06 07:50:52 --> Session: Class initialized using 'CodeIgniter\Session\Handlers\FileHandler' driver.
WARNING - 2024-06-06 07:50:53 --> Session: Sessions is enabled, and one exists. Please don't $session->start();
INFO - 2024-06-06 07:50:54 --> Session: Class initialized using 'CodeIgniter\Session\Handlers\FileHandler' driver.
WARNING - 2024-06-06 07:50:54 --> Session: Sessions is enabled, and one exists. Please don't $session->start();
INFO - 2024-06-06 07:52:52 --> Session: Class initialized using 'CodeIgniter\Session\Handlers\FileHandler' driver.
WARNING - 2024-06-06 07:52:52 --> Session: Sessions is enabled, and one exists. Please don't $session->start();
INFO - 2024-06-06 07:52:53 --> Session: Class initialized using 'CodeIgniter\Session\Handlers\FileHandler' driver.
WARNING - 2024-06-06 07:52:53 --> Session: Sessions is enabled, and one exists. Please don't $session->start();
INFO - 2024-06-06 07:53:23 --> Session: Class initialized using 'CodeIgniter\Session\Handlers\FileHandler' driver.
WARNING - 2024-06-06 07:53:23 --> Session: Sessions is enabled, and one exists. Please don't $session->start();
INFO - 2024-06-06 07:54:02 --> Session: Class initialized using 'CodeIgniter\Session\Handlers\FileHandler' driver.
WARNING - 2024-06-06 07:54:02 --> Session: Sessions is enabled, and one exists. Please don't $session->start();
INFO - 2024-06-06 07:54:02 --> Session: Class initialized using 'CodeIgniter\Session\Handlers\FileHandler' driver.
WARNING - 2024-06-06 07:54:02 --> Session: Sessions is enabled, and one exists. Please don't $session->start();
CRITICAL - 2024-06-06 07:54:02 --> ErrorException: Trying to access array offset on value of type null
[Method: GET, Route: klinik/WhatsAppButtonGreenLarge.svg]
in APPPATH\Views\user\clinic\detail_clinic.php on line 10.
 1 APPPATH\Views\user\clinic\detail_clinic.php(10): CodeIgniter\Debug\Exceptions->errorHandler(2, 'Trying to access array offset on value of type null', 'D:\\Project\\dlbeauty\\app\\Views\\user\\clinic\\detail_clinic.php', 10)
 2 SYSTEMPATH\View\View.php(234): include('D:\\Project\\dlbeauty\\app\\Views\\user\\clinic\\detail_clinic.php')
 3 SYSTEMPATH\View\View.php(237): CodeIgniter\View\View->CodeIgniter\View\{closure}()
 4 SYSTEMPATH\Common.php(1171): CodeIgniter\View\View->render('user/clinic/detail_clinic', [], true)
 5 APPPATH\Controllers\Clinic.php(83): view('user/clinic/detail_clinic', [...])
 6 SYSTEMPATH\CodeIgniter.php(933): App\Controllers\Clinic->detailClinic('WhatsAppButtonGreenLarge.svg')
 7 SYSTEMPATH\CodeIgniter.php(509): CodeIgniter\CodeIgniter->runController(Object(App\Controllers\Clinic))
 8 SYSTEMPATH\CodeIgniter.php(355): CodeIgniter\CodeIgniter->handleRequest(null, Object(Config\Cache), false)
 9 SYSTEMPATH\Boot.php(312): CodeIgniter\CodeIgniter->run()
10 SYSTEMPATH\Boot.php(67): CodeIgniter\Boot::runCodeIgniter(Object(CodeIgniter\CodeIgniter))
11 FCPATH\index.php(56): CodeIgniter\Boot::bootWeb(Object(Config\Paths))
12 SYSTEMPATH\Commands\Server\rewrite.php(49): require_once('D:\\Project\\dlbeauty\\public\\index.php')
INFO - 2024-06-06 07:54:06 --> Session: Class initialized using 'CodeIgniter\Session\Handlers\FileHandler' driver.
WARNING - 2024-06-06 07:54:06 --> Session: Sessions is enabled, and one exists. Please don't $session->start();
INFO - 2024-06-06 07:54:07 --> Session: Class initialized using 'CodeIgniter\Session\Handlers\FileHandler' driver.
WARNING - 2024-06-06 07:54:07 --> Session: Sessions is enabled, and one exists. Please don't $session->start();
CRITICAL - 2024-06-06 07:54:07 --> ErrorException: Trying to access array offset on value of type null
[Method: GET, Route: klinik/WhatsAppButtonGreenLarge.svg]
in APPPATH\Views\user\clinic\detail_clinic.php on line 10.
 1 APPPATH\Views\user\clinic\detail_clinic.php(10): CodeIgniter\Debug\Exceptions->errorHandler(2, 'Trying to access array offset on value of type null', 'D:\\Project\\dlbeauty\\app\\Views\\user\\clinic\\detail_clinic.php', 10)
 2 SYSTEMPATH\View\View.php(234): include('D:\\Project\\dlbeauty\\app\\Views\\user\\clinic\\detail_clinic.php')
 3 SYSTEMPATH\View\View.php(237): CodeIgniter\View\View->CodeIgniter\View\{closure}()
 4 SYSTEMPATH\Common.php(1171): CodeIgniter\View\View->render('user/clinic/detail_clinic', [], true)
 5 APPPATH\Controllers\Clinic.php(83): view('user/clinic/detail_clinic', [...])
 6 SYSTEMPATH\CodeIgniter.php(933): App\Controllers\Clinic->detailClinic('WhatsAppButtonGreenLarge.svg')
 7 SYSTEMPATH\CodeIgniter.php(509): CodeIgniter\CodeIgniter->runController(Object(App\Controllers\Clinic))
 8 SYSTEMPATH\CodeIgniter.php(355): CodeIgniter\CodeIgniter->handleRequest(null, Object(Config\Cache), false)
 9 SYSTEMPATH\Boot.php(312): CodeIgniter\CodeIgniter->run()
10 SYSTEMPATH\Boot.php(67): CodeIgniter\Boot::runCodeIgniter(Object(CodeIgniter\CodeIgniter))
11 FCPATH\index.php(56): CodeIgniter\Boot::bootWeb(Object(Config\Paths))
12 SYSTEMPATH\Commands\Server\rewrite.php(49): require_once('D:\\Project\\dlbeauty\\public\\index.php')
INFO - 2024-06-06 07:54:30 --> Session: Class initialized using 'CodeIgniter\Session\Handlers\FileHandler' driver.
WARNING - 2024-06-06 07:54:30 --> Session: Sessions is enabled, and one exists. Please don't $session->start();
INFO - 2024-06-06 07:54:30 --> Session: Class initialized using 'CodeIgniter\Session\Handlers\FileHandler' driver.
WARNING - 2024-06-06 07:54:30 --> Session: Sessions is enabled, and one exists. Please don't $session->start();
INFO - 2024-06-06 07:55:02 --> Session: Class initialized using 'CodeIgniter\Session\Handlers\FileHandler' driver.
WARNING - 2024-06-06 07:55:02 --> Session: Sessions is enabled, and one exists. Please don't $session->start();
INFO - 2024-06-06 07:55:19 --> Session: Class initialized using 'CodeIgniter\Session\Handlers\FileHandler' driver.
WARNING - 2024-06-06 07:55:19 --> Session: Sessions is enabled, and one exists. Please don't $session->start();
INFO - 2024-06-06 07:55:21 --> Session: Class initialized using 'CodeIgniter\Session\Handlers\FileHandler' driver.
WARNING - 2024-06-06 07:55:21 --> Session: Sessions is enabled, and one exists. Please don't $session->start();
INFO - 2024-06-06 07:55:23 --> Session: Class initialized using 'CodeIgniter\Session\Handlers\FileHandler' driver.
WARNING - 2024-06-06 07:55:23 --> Session: Sessions is enabled, and one exists. Please don't $session->start();
INFO - 2024-06-06 07:56:02 --> Session: Class initialized using 'CodeIgniter\Session\Handlers\FileHandler' driver.
WARNING - 2024-06-06 07:56:02 --> Session: Sessions is enabled, and one exists. Please don't $session->start();
INFO - 2024-06-06 07:56:03 --> Session: Class initialized using 'CodeIgniter\Session\Handlers\FileHandler' driver.
WARNING - 2024-06-06 07:56:04 --> Session: Sessions is enabled, and one exists. Please don't $session->start();
INFO - 2024-06-06 07:56:06 --> Session: Class initialized using 'CodeIgniter\Session\Handlers\FileHandler' driver.
WARNING - 2024-06-06 07:56:06 --> Session: Sessions is enabled, and one exists. Please don't $session->start();
INFO - 2024-06-06 07:57:19 --> Session: Class initialized using 'CodeIgniter\Session\Handlers\FileHandler' driver.
WARNING - 2024-06-06 07:57:19 --> Session: Sessions is enabled, and one exists. Please don't $session->start();
INFO - 2024-06-06 07:57:21 --> Session: Class initialized using 'CodeIgniter\Session\Handlers\FileHandler' driver.
WARNING - 2024-06-06 07:57:21 --> Session: Sessions is enabled, and one exists. Please don't $session->start();
INFO - 2024-06-06 07:58:07 --> Session: Class initialized using 'CodeIgniter\Session\Handlers\FileHandler' driver.
WARNING - 2024-06-06 07:58:07 --> Session: Sessions is enabled, and one exists. Please don't $session->start();
INFO - 2024-06-06 07:58:15 --> Session: Class initialized using 'CodeIgniter\Session\Handlers\FileHandler' driver.
WARNING - 2024-06-06 07:58:15 --> Session: Sessions is enabled, and one exists. Please don't $session->start();
INFO - 2024-06-06 07:58:16 --> Session: Class initialized using 'CodeIgniter\Session\Handlers\FileHandler' driver.
WARNING - 2024-06-06 07:58:16 --> Session: Sessions is enabled, and one exists. Please don't $session->start();
INFO - 2024-06-06 07:58:32 --> Session: Class initialized using 'CodeIgniter\Session\Handlers\FileHandler' driver.
WARNING - 2024-06-06 07:58:32 --> Session: Sessions is enabled, and one exists. Please don't $session->start();
INFO - 2024-06-06 07:58:39 --> Session: Class initialized using 'CodeIgniter\Session\Handlers\FileHandler' driver.
WARNING - 2024-06-06 07:58:39 --> Session: Sessions is enabled, and one exists. Please don't $session->start();
INFO - 2024-06-06 07:59:11 --> Session: Class initialized using 'CodeIgniter\Session\Handlers\FileHandler' driver.
WARNING - 2024-06-06 07:59:11 --> Session: Sessions is enabled, and one exists. Please don't $session->start();
INFO - 2024-06-06 07:59:26 --> Session: Class initialized using 'CodeIgniter\Session\Handlers\FileHandler' driver.
WARNING - 2024-06-06 07:59:26 --> Session: Sessions is enabled, and one exists. Please don't $session->start();
INFO - 2024-06-06 07:59:28 --> Session: Class initialized using 'CodeIgniter\Session\Handlers\FileHandler' driver.
WARNING - 2024-06-06 07:59:28 --> Session: Sessions is enabled, and one exists. Please don't $session->start();
INFO - 2024-06-06 07:59:32 --> Session: Class initialized using 'CodeIgniter\Session\Handlers\FileHandler' driver.
WARNING - 2024-06-06 07:59:32 --> Session: Sessions is enabled, and one exists. Please don't $session->start();
INFO - 2024-06-06 07:59:34 --> Session: Class initialized using 'CodeIgniter\Session\Handlers\FileHandler' driver.
WARNING - 2024-06-06 07:59:34 --> Session: Sessions is enabled, and one exists. Please don't $session->start();
INFO - 2024-06-06 07:59:35 --> Session: Class initialized using 'CodeIgniter\Session\Handlers\FileHandler' driver.
WARNING - 2024-06-06 07:59:35 --> Session: Sessions is enabled, and one exists. Please don't $session->start();
INFO - 2024-06-06 07:59:36 --> Session: Class initialized using 'CodeIgniter\Session\Handlers\FileHandler' driver.
WARNING - 2024-06-06 07:59:36 --> Session: Sessions is enabled, and one exists. Please don't $session->start();
INFO - 2024-06-06 07:59:43 --> Session: Class initialized using 'CodeIgniter\Session\Handlers\FileHandler' driver.
WARNING - 2024-06-06 07:59:43 --> Session: Sessions is enabled, and one exists. Please don't $session->start();
INFO - 2024-06-06 07:59:44 --> Session: Class initialized using 'CodeIgniter\Session\Handlers\FileHandler' driver.
WARNING - 2024-06-06 07:59:44 --> Session: Sessions is enabled, and one exists. Please don't $session->start();
INFO - 2024-06-06 07:59:45 --> Session: Class initialized using 'CodeIgniter\Session\Handlers\FileHandler' driver.
WARNING - 2024-06-06 07:59:45 --> Session: Sessions is enabled, and one exists. Please don't $session->start();
INFO - 2024-06-06 07:59:46 --> Session: Class initialized using 'CodeIgniter\Session\Handlers\FileHandler' driver.
WARNING - 2024-06-06 07:59:46 --> Session: Sessions is enabled, and one exists. Please don't $session->start();
INFO - 2024-06-06 08:00:02 --> Session: Class initialized using 'CodeIgniter\Session\Handlers\FileHandler' driver.
WARNING - 2024-06-06 08:00:02 --> Session: Sessions is enabled, and one exists. Please don't $session->start();
INFO - 2024-06-06 08:00:26 --> Session: Class initialized using 'CodeIgniter\Session\Handlers\FileHandler' driver.
WARNING - 2024-06-06 08:00:26 --> Session: Sessions is enabled, and one exists. Please don't $session->start();
INFO - 2024-06-06 08:00:34 --> Session: Class initialized using 'CodeIgniter\Session\Handlers\FileHandler' driver.
WARNING - 2024-06-06 08:00:34 --> Session: Sessions is enabled, and one exists. Please don't $session->start();
INFO - 2024-06-06 08:00:40 --> Session: Class initialized using 'CodeIgniter\Session\Handlers\FileHandler' driver.
WARNING - 2024-06-06 08:00:40 --> Session: Sessions is enabled, and one exists. Please don't $session->start();
INFO - 2024-06-06 08:00:41 --> Session: Class initialized using 'CodeIgniter\Session\Handlers\FileHandler' driver.
WARNING - 2024-06-06 08:00:41 --> Session: Sessions is enabled, and one exists. Please don't $session->start();
INFO - 2024-06-06 08:01:02 --> Session: Class initialized using 'CodeIgniter\Session\Handlers\FileHandler' driver.
WARNING - 2024-06-06 08:01:02 --> Session: Sessions is enabled, and one exists. Please don't $session->start();
INFO - 2024-06-06 08:01:03 --> Session: Class initialized using 'CodeIgniter\Session\Handlers\FileHandler' driver.
WARNING - 2024-06-06 08:01:03 --> Session: Sessions is enabled, and one exists. Please don't $session->start();
INFO - 2024-06-06 08:01:42 --> Session: Class initialized using 'CodeIgniter\Session\Handlers\FileHandler' driver.
WARNING - 2024-06-06 08:01:42 --> Session: Sessions is enabled, and one exists. Please don't $session->start();
INFO - 2024-06-06 08:01:43 --> Session: Class initialized using 'CodeIgniter\Session\Handlers\FileHandler' driver.
WARNING - 2024-06-06 08:01:43 --> Session: Sessions is enabled, and one exists. Please don't $session->start();
INFO - 2024-06-06 08:02:17 --> Session: Class initialized using 'CodeIgniter\Session\Handlers\FileHandler' driver.
WARNING - 2024-06-06 08:02:17 --> Session: Sessions is enabled, and one exists. Please don't $session->start();
INFO - 2024-06-06 08:02:18 --> Session: Class initialized using 'CodeIgniter\Session\Handlers\FileHandler' driver.
WARNING - 2024-06-06 08:02:18 --> Session: Sessions is enabled, and one exists. Please don't $session->start();
INFO - 2024-06-06 08:02:21 --> Session: Class initialized using 'CodeIgniter\Session\Handlers\FileHandler' driver.
WARNING - 2024-06-06 08:02:21 --> Session: Sessions is enabled, and one exists. Please don't $session->start();
INFO - 2024-06-06 08:03:20 --> Session: Class initialized using 'CodeIgniter\Session\Handlers\FileHandler' driver.
WARNING - 2024-06-06 08:03:20 --> Session: Sessions is enabled, and one exists. Please don't $session->start();
INFO - 2024-06-06 08:03:21 --> Session: Class initialized using 'CodeIgniter\Session\Handlers\FileHandler' driver.
WARNING - 2024-06-06 08:03:21 --> Session: Sessions is enabled, and one exists. Please don't $session->start();
INFO - 2024-06-06 08:03:37 --> Session: Class initialized using 'CodeIgniter\Session\Handlers\FileHandler' driver.
WARNING - 2024-06-06 08:03:37 --> Session: Sessions is enabled, and one exists. Please don't $session->start();
INFO - 2024-06-06 08:03:49 --> Session: Class initialized using 'CodeIgniter\Session\Handlers\FileHandler' driver.
WARNING - 2024-06-06 08:03:49 --> Session: Sessions is enabled, and one exists. Please don't $session->start();
INFO - 2024-06-06 08:03:58 --> Session: Class initialized using 'CodeIgniter\Session\Handlers\FileHandler' driver.
WARNING - 2024-06-06 08:03:58 --> Session: Sessions is enabled, and one exists. Please don't $session->start();
INFO - 2024-06-06 08:04:20 --> Session: Class initialized using 'CodeIgniter\Session\Handlers\FileHandler' driver.
WARNING - 2024-06-06 08:04:20 --> Session: Sessions is enabled, and one exists. Please don't $session->start();
INFO - 2024-06-06 08:04:23 --> Session: Class initialized using 'CodeIgniter\Session\Handlers\FileHandler' driver.
WARNING - 2024-06-06 08:04:23 --> Session: Sessions is enabled, and one exists. Please don't $session->start();
INFO - 2024-06-06 08:04:40 --> Session: Class initialized using 'CodeIgniter\Session\Handlers\FileHandler' driver.
WARNING - 2024-06-06 08:04:40 --> Session: Sessions is enabled, and one exists. Please don't $session->start();
INFO - 2024-06-06 08:04:43 --> Session: Class initialized using 'CodeIgniter\Session\Handlers\FileHandler' driver.
WARNING - 2024-06-06 08:04:43 --> Session: Sessions is enabled, and one exists. Please don't $session->start();
INFO - 2024-06-06 08:05:51 --> Session: Class initialized using 'CodeIgniter\Session\Handlers\FileHandler' driver.
WARNING - 2024-06-06 08:05:51 --> Session: Sessions is enabled, and one exists. Please don't $session->start();
INFO - 2024-06-06 08:05:53 --> Session: Class initialized using 'CodeIgniter\Session\Handlers\FileHandler' driver.
WARNING - 2024-06-06 08:05:53 --> Session: Sessions is enabled, and one exists. Please don't $session->start();
INFO - 2024-06-06 08:06:01 --> Session: Class initialized using 'CodeIgniter\Session\Handlers\FileHandler' driver.
WARNING - 2024-06-06 08:06:01 --> Session: Sessions is enabled, and one exists. Please don't $session->start();
INFO - 2024-06-06 08:06:02 --> Session: Class initialized using 'CodeIgniter\Session\Handlers\FileHandler' driver.
WARNING - 2024-06-06 08:06:02 --> Session: Sessions is enabled, and one exists. Please don't $session->start();
INFO - 2024-06-06 08:06:13 --> Session: Class initialized using 'CodeIgniter\Session\Handlers\FileHandler' driver.
WARNING - 2024-06-06 08:06:13 --> Session: Sessions is enabled, and one exists. Please don't $session->start();
INFO - 2024-06-06 08:06:18 --> Session: Class initialized using 'CodeIgniter\Session\Handlers\FileHandler' driver.
WARNING - 2024-06-06 08:06:18 --> Session: Sessions is enabled, and one exists. Please don't $session->start();
INFO - 2024-06-06 08:06:22 --> Session: Class initialized using 'CodeIgniter\Session\Handlers\FileHandler' driver.
WARNING - 2024-06-06 08:06:22 --> Session: Sessions is enabled, and one exists. Please don't $session->start();
INFO - 2024-06-06 08:06:27 --> Session: Class initialized using 'CodeIgniter\Session\Handlers\FileHandler' driver.
WARNING - 2024-06-06 08:06:27 --> Session: Sessions is enabled, and one exists. Please don't $session->start();
INFO - 2024-06-06 08:06:36 --> Session: Class initialized using 'CodeIgniter\Session\Handlers\FileHandler' driver.
WARNING - 2024-06-06 08:06:36 --> Session: Sessions is enabled, and one exists. Please don't $session->start();
INFO - 2024-06-06 08:07:35 --> Session: Class initialized using 'CodeIgniter\Session\Handlers\FileHandler' driver.
WARNING - 2024-06-06 08:07:35 --> Session: Sessions is enabled, and one exists. Please don't $session->start();
INFO - 2024-06-06 08:07:37 --> Session: Class initialized using 'CodeIgniter\Session\Handlers\FileHandler' driver.
WARNING - 2024-06-06 08:07:37 --> Session: Sessions is enabled, and one exists. Please don't $session->start();
INFO - 2024-06-06 08:07:39 --> Session: Class initialized using 'CodeIgniter\Session\Handlers\FileHandler' driver.
WARNING - 2024-06-06 08:07:39 --> Session: Sessions is enabled, and one exists. Please don't $session->start();
INFO - 2024-06-06 08:07:40 --> Session: Class initialized using 'CodeIgniter\Session\Handlers\FileHandler' driver.
WARNING - 2024-06-06 08:07:40 --> Session: Sessions is enabled, and one exists. Please don't $session->start();
INFO - 2024-06-06 08:07:42 --> Session: Class initialized using 'CodeIgniter\Session\Handlers\FileHandler' driver.
WARNING - 2024-06-06 08:07:42 --> Session: Sessions is enabled, and one exists. Please don't $session->start();
INFO - 2024-06-06 08:07:44 --> Session: Class initialized using 'CodeIgniter\Session\Handlers\FileHandler' driver.
WARNING - 2024-06-06 08:07:44 --> Session: Sessions is enabled, and one exists. Please don't $session->start();
INFO - 2024-06-06 08:08:27 --> Session: Class initialized using 'CodeIgniter\Session\Handlers\FileHandler' driver.
WARNING - 2024-06-06 08:08:27 --> Session: Sessions is enabled, and one exists. Please don't $session->start();
INFO - 2024-06-06 08:08:30 --> Session: Class initialized using 'CodeIgniter\Session\Handlers\FileHandler' driver.
WARNING - 2024-06-06 08:08:30 --> Session: Sessions is enabled, and one exists. Please don't $session->start();
INFO - 2024-06-06 08:08:35 --> Session: Class initialized using 'CodeIgniter\Session\Handlers\FileHandler' driver.
WARNING - 2024-06-06 08:08:35 --> Session: Sessions is enabled, and one exists. Please don't $session->start();
INFO - 2024-06-06 08:09:22 --> Session: Class initialized using 'CodeIgniter\Session\Handlers\FileHandler' driver.
WARNING - 2024-06-06 08:09:22 --> Session: Sessions is enabled, and one exists. Please don't $session->start();
INFO - 2024-06-06 08:10:04 --> Session: Class initialized using 'CodeIgniter\Session\Handlers\FileHandler' driver.
WARNING - 2024-06-06 08:10:04 --> Session: Sessions is enabled, and one exists. Please don't $session->start();
INFO - 2024-06-06 08:10:08 --> Session: Class initialized using 'CodeIgniter\Session\Handlers\FileHandler' driver.
WARNING - 2024-06-06 08:10:08 --> Session: Sessions is enabled, and one exists. Please don't $session->start();
INFO - 2024-06-06 08:10:10 --> Session: Class initialized using 'CodeIgniter\Session\Handlers\FileHandler' driver.
WARNING - 2024-06-06 08:10:10 --> Session: Sessions is enabled, and one exists. Please don't $session->start();
INFO - 2024-06-06 08:16:28 --> Session: Class initialized using 'CodeIgniter\Session\Handlers\FileHandler' driver.
WARNING - 2024-06-06 08:16:28 --> Session: Sessions is enabled, and one exists. Please don't $session->start();
INFO - 2024-06-06 08:16:30 --> Session: Class initialized using 'CodeIgniter\Session\Handlers\FileHandler' driver.
WARNING - 2024-06-06 08:16:30 --> Session: Sessions is enabled, and one exists. Please don't $session->start();
INFO - 2024-06-06 08:16:42 --> Session: Class initialized using 'CodeIgniter\Session\Handlers\FileHandler' driver.
WARNING - 2024-06-06 08:16:42 --> Session: Sessions is enabled, and one exists. Please don't $session->start();
INFO - 2024-06-06 08:17:09 --> Session: Class initialized using 'CodeIgniter\Session\Handlers\FileHandler' driver.
WARNING - 2024-06-06 08:17:09 --> Session: Sessions is enabled, and one exists. Please don't $session->start();
INFO - 2024-06-06 08:17:10 --> Session: Class initialized using 'CodeIgniter\Session\Handlers\FileHandler' driver.
WARNING - 2024-06-06 08:17:10 --> Session: Sessions is enabled, and one exists. Please don't $session->start();
INFO - 2024-06-06 08:17:33 --> Session: Class initialized using 'CodeIgniter\Session\Handlers\FileHandler' driver.
WARNING - 2024-06-06 08:17:33 --> Session: Sessions is enabled, and one exists. Please don't $session->start();
INFO - 2024-06-06 08:17:49 --> Session: Class initialized using 'CodeIgniter\Session\Handlers\FileHandler' driver.
WARNING - 2024-06-06 08:17:49 --> Session: Sessions is enabled, and one exists. Please don't $session->start();
INFO - 2024-06-06 08:17:50 --> Session: Class initialized using 'CodeIgniter\Session\Handlers\FileHandler' driver.
WARNING - 2024-06-06 08:17:50 --> Session: Sessions is enabled, and one exists. Please don't $session->start();
INFO - 2024-06-06 08:20:08 --> Session: Class initialized using 'CodeIgniter\Session\Handlers\FileHandler' driver.
WARNING - 2024-06-06 08:20:08 --> Session: Sessions is enabled, and one exists. Please don't $session->start();
INFO - 2024-06-06 08:20:11 --> Session: Class initialized using 'CodeIgniter\Session\Handlers\FileHandler' driver.
WARNING - 2024-06-06 08:20:11 --> Session: Sessions is enabled, and one exists. Please don't $session->start();
INFO - 2024-06-06 08:20:17 --> Session: Class initialized using 'CodeIgniter\Session\Handlers\FileHandler' driver.
WARNING - 2024-06-06 08:20:17 --> Session: Sessions is enabled, and one exists. Please don't $session->start();
INFO - 2024-06-06 08:20:54 --> Session: Class initialized using 'CodeIgniter\Session\Handlers\FileHandler' driver.
WARNING - 2024-06-06 08:20:54 --> Session: Sessions is enabled, and one exists. Please don't $session->start();
INFO - 2024-06-06 08:21:48 --> Session: Class initialized using 'CodeIgniter\Session\Handlers\FileHandler' driver.
WARNING - 2024-06-06 08:21:48 --> Session: Sessions is enabled, and one exists. Please don't $session->start();
INFO - 2024-06-06 08:22:13 --> Session: Class initialized using 'CodeIgniter\Session\Handlers\FileHandler' driver.
WARNING - 2024-06-06 08:22:13 --> Session: Sessions is enabled, and one exists. Please don't $session->start();
INFO - 2024-06-06 08:22:23 --> Session: Class initialized using 'CodeIgniter\Session\Handlers\FileHandler' driver.
WARNING - 2024-06-06 08:22:23 --> Session: Sessions is enabled, and one exists. Please don't $session->start();
INFO - 2024-06-06 08:22:42 --> Session: Class initialized using 'CodeIgniter\Session\Handlers\FileHandler' driver.
WARNING - 2024-06-06 08:22:42 --> Session: Sessions is enabled, and one exists. Please don't $session->start();
INFO - 2024-06-06 08:23:19 --> Session: Class initialized using 'CodeIgniter\Session\Handlers\FileHandler' driver.
WARNING - 2024-06-06 08:23:19 --> Session: Sessions is enabled, and one exists. Please don't $session->start();
INFO - 2024-06-06 08:39:39 --> Session: Class initialized using 'CodeIgniter\Session\Handlers\FileHandler' driver.
WARNING - 2024-06-06 08:39:39 --> Session: Sessions is enabled, and one exists. Please don't $session->start();
INFO - 2024-06-06 08:39:42 --> Session: Class initialized using 'CodeIgniter\Session\Handlers\FileHandler' driver.
WARNING - 2024-06-06 08:39:42 --> Session: Sessions is enabled, and one exists. Please don't $session->start();
INFO - 2024-06-06 08:39:53 --> Session: Class initialized using 'CodeIgniter\Session\Handlers\FileHandler' driver.
WARNING - 2024-06-06 08:39:53 --> Session: Sessions is enabled, and one exists. Please don't $session->start();
INFO - 2024-06-06 08:39:57 --> Session: Class initialized using 'CodeIgniter\Session\Handlers\FileHandler' driver.
WARNING - 2024-06-06 08:39:57 --> Session: Sessions is enabled, and one exists. Please don't $session->start();
INFO - 2024-06-06 08:39:58 --> Session: Class initialized using 'CodeIgniter\Session\Handlers\FileHandler' driver.
WARNING - 2024-06-06 08:39:58 --> Session: Sessions is enabled, and one exists. Please don't $session->start();
INFO - 2024-06-06 08:44:22 --> Session: Class initialized using 'CodeIgniter\Session\Handlers\FileHandler' driver.
WARNING - 2024-06-06 08:44:22 --> Session: Sessions is enabled, and one exists. Please don't $session->start();
INFO - 2024-06-06 08:44:48 --> Session: Class initialized using 'CodeIgniter\Session\Handlers\FileHandler' driver.
WARNING - 2024-06-06 08:44:48 --> Session: Sessions is enabled, and one exists. Please don't $session->start();
INFO - 2024-06-06 08:44:58 --> Session: Class initialized using 'CodeIgniter\Session\Handlers\FileHandler' driver.
WARNING - 2024-06-06 08:44:58 --> Session: Sessions is enabled, and one exists. Please don't $session->start();
INFO - 2024-06-06 08:45:03 --> Session: Class initialized using 'CodeIgniter\Session\Handlers\FileHandler' driver.
WARNING - 2024-06-06 08:45:03 --> Session: Sessions is enabled, and one exists. Please don't $session->start();
INFO - 2024-06-06 08:45:08 --> Session: Class initialized using 'CodeIgniter\Session\Handlers\FileHandler' driver.
WARNING - 2024-06-06 08:45:08 --> Session: Sessions is enabled, and one exists. Please don't $session->start();
INFO - 2024-06-06 08:45:55 --> Session: Class initialized using 'CodeIgniter\Session\Handlers\FileHandler' driver.
WARNING - 2024-06-06 08:45:55 --> Session: Sessions is enabled, and one exists. Please don't $session->start();
INFO - 2024-06-06 08:45:57 --> Session: Class initialized using 'CodeIgniter\Session\Handlers\FileHandler' driver.
WARNING - 2024-06-06 08:45:57 --> Session: Sessions is enabled, and one exists. Please don't $session->start();
INFO - 2024-06-06 08:45:59 --> Session: Class initialized using 'CodeIgniter\Session\Handlers\FileHandler' driver.
WARNING - 2024-06-06 08:45:59 --> Session: Sessions is enabled, and one exists. Please don't $session->start();
INFO - 2024-06-06 08:47:01 --> Session: Class initialized using 'CodeIgniter\Session\Handlers\FileHandler' driver.
WARNING - 2024-06-06 08:47:01 --> Session: Sessions is enabled, and one exists. Please don't $session->start();
INFO - 2024-06-06 08:47:07 --> Session: Class initialized using 'CodeIgniter\Session\Handlers\FileHandler' driver.
WARNING - 2024-06-06 08:47:07 --> Session: Sessions is enabled, and one exists. Please don't $session->start();
INFO - 2024-06-06 08:47:08 --> Session: Class initialized using 'CodeIgniter\Session\Handlers\FileHandler' driver.
WARNING - 2024-06-06 08:47:08 --> Session: Sessions is enabled, and one exists. Please don't $session->start();
INFO - 2024-06-06 08:47:10 --> Session: Class initialized using 'CodeIgniter\Session\Handlers\FileHandler' driver.
WARNING - 2024-06-06 08:47:10 --> Session: Sessions is enabled, and one exists. Please don't $session->start();
INFO - 2024-06-06 08:47:58 --> Session: Class initialized using 'CodeIgniter\Session\Handlers\FileHandler' driver.
WARNING - 2024-06-06 08:47:58 --> Session: Sessions is enabled, and one exists. Please don't $session->start();
INFO - 2024-06-06 08:48:00 --> Session: Class initialized using 'CodeIgniter\Session\Handlers\FileHandler' driver.
WARNING - 2024-06-06 08:48:00 --> Session: Sessions is enabled, and one exists. Please don't $session->start();
INFO - 2024-06-06 08:48:13 --> Session: Class initialized using 'CodeIgniter\Session\Handlers\FileHandler' driver.
WARNING - 2024-06-06 08:48:13 --> Session: Sessions is enabled, and one exists. Please don't $session->start();
INFO - 2024-06-06 08:48:38 --> Session: Class initialized using 'CodeIgniter\Session\Handlers\FileHandler' driver.
WARNING - 2024-06-06 08:48:38 --> Session: Sessions is enabled, and one exists. Please don't $session->start();
INFO - 2024-06-06 08:49:02 --> Session: Class initialized using 'CodeIgniter\Session\Handlers\FileHandler' driver.
WARNING - 2024-06-06 08:49:02 --> Session: Sessions is enabled, and one exists. Please don't $session->start();
INFO - 2024-06-06 08:49:40 --> Session: Class initialized using 'CodeIgniter\Session\Handlers\FileHandler' driver.
WARNING - 2024-06-06 08:49:40 --> Session: Sessions is enabled, and one exists. Please don't $session->start();
INFO - 2024-06-06 08:50:49 --> Session: Class initialized using 'CodeIgniter\Session\Handlers\FileHandler' driver.
WARNING - 2024-06-06 08:50:49 --> Session: Sessions is enabled, and one exists. Please don't $session->start();
INFO - 2024-06-06 08:51:47 --> Session: Class initialized using 'CodeIgniter\Session\Handlers\FileHandler' driver.
WARNING - 2024-06-06 08:51:47 --> Session: Sessions is enabled, and one exists. Please don't $session->start();
INFO - 2024-06-06 08:51:49 --> Session: Class initialized using 'CodeIgniter\Session\Handlers\FileHandler' driver.
WARNING - 2024-06-06 08:51:49 --> Session: Sessions is enabled, and one exists. Please don't $session->start();
INFO - 2024-06-06 08:51:54 --> Session: Class initialized using 'CodeIgniter\Session\Handlers\FileHandler' driver.
WARNING - 2024-06-06 08:51:54 --> Session: Sessions is enabled, and one exists. Please don't $session->start();
INFO - 2024-06-06 08:51:56 --> Session: Class initialized using 'CodeIgniter\Session\Handlers\FileHandler' driver.
WARNING - 2024-06-06 08:51:56 --> Session: Sessions is enabled, and one exists. Please don't $session->start();
INFO - 2024-06-06 08:52:11 --> Session: Class initialized using 'CodeIgniter\Session\Handlers\FileHandler' driver.
WARNING - 2024-06-06 08:52:11 --> Session: Sessions is enabled, and one exists. Please don't $session->start();
INFO - 2024-06-06 08:52:19 --> Session: Class initialized using 'CodeIgniter\Session\Handlers\FileHandler' driver.
WARNING - 2024-06-06 08:52:19 --> Session: Sessions is enabled, and one exists. Please don't $session->start();
INFO - 2024-06-06 08:52:21 --> Session: Class initialized using 'CodeIgniter\Session\Handlers\FileHandler' driver.
WARNING - 2024-06-06 08:52:21 --> Session: Sessions is enabled, and one exists. Please don't $session->start();
INFO - 2024-06-06 08:52:30 --> Session: Class initialized using 'CodeIgniter\Session\Handlers\FileHandler' driver.
WARNING - 2024-06-06 08:52:30 --> Session: Sessions is enabled, and one exists. Please don't $session->start();
INFO - 2024-06-06 08:52:31 --> Session: Class initialized using 'CodeIgniter\Session\Handlers\FileHandler' driver.
WARNING - 2024-06-06 08:52:31 --> Session: Sessions is enabled, and one exists. Please don't $session->start();
INFO - 2024-06-06 08:52:32 --> Session: Class initialized using 'CodeIgniter\Session\Handlers\FileHandler' driver.
WARNING - 2024-06-06 08:52:32 --> Session: Sessions is enabled, and one exists. Please don't $session->start();
INFO - 2024-06-06 08:53:58 --> Session: Class initialized using 'CodeIgniter\Session\Handlers\FileHandler' driver.
WARNING - 2024-06-06 08:53:58 --> Session: Sessions is enabled, and one exists. Please don't $session->start();
INFO - 2024-06-06 08:54:00 --> Session: Class initialized using 'CodeIgniter\Session\Handlers\FileHandler' driver.
WARNING - 2024-06-06 08:54:00 --> Session: Sessions is enabled, and one exists. Please don't $session->start();
INFO - 2024-06-06 08:54:01 --> Session: Class initialized using 'CodeIgniter\Session\Handlers\FileHandler' driver.
WARNING - 2024-06-06 08:54:01 --> Session: Sessions is enabled, and one exists. Please don't $session->start();
INFO - 2024-06-06 08:54:03 --> Session: Class initialized using 'CodeIgniter\Session\Handlers\FileHandler' driver.
WARNING - 2024-06-06 08:54:03 --> Session: Sessions is enabled, and one exists. Please don't $session->start();
INFO - 2024-06-06 08:54:05 --> Session: Class initialized using 'CodeIgniter\Session\Handlers\FileHandler' driver.
WARNING - 2024-06-06 08:54:05 --> Session: Sessions is enabled, and one exists. Please don't $session->start();
INFO - 2024-06-06 08:54:08 --> Session: Class initialized using 'CodeIgniter\Session\Handlers\FileHandler' driver.
WARNING - 2024-06-06 08:54:08 --> Session: Sessions is enabled, and one exists. Please don't $session->start();
INFO - 2024-06-06 08:54:10 --> Session: Class initialized using 'CodeIgniter\Session\Handlers\FileHandler' driver.
WARNING - 2024-06-06 08:54:10 --> Session: Sessions is enabled, and one exists. Please don't $session->start();
INFO - 2024-06-06 08:54:12 --> Session: Class initialized using 'CodeIgniter\Session\Handlers\FileHandler' driver.
WARNING - 2024-06-06 08:54:12 --> Session: Sessions is enabled, and one exists. Please don't $session->start();
INFO - 2024-06-06 08:54:15 --> Session: Class initialized using 'CodeIgniter\Session\Handlers\FileHandler' driver.
WARNING - 2024-06-06 08:54:15 --> Session: Sessions is enabled, and one exists. Please don't $session->start();
INFO - 2024-06-06 08:54:16 --> Session: Class initialized using 'CodeIgniter\Session\Handlers\FileHandler' driver.
WARNING - 2024-06-06 08:54:16 --> Session: Sessions is enabled, and one exists. Please don't $session->start();
INFO - 2024-06-06 08:54:37 --> Session: Class initialized using 'CodeIgniter\Session\Handlers\FileHandler' driver.
WARNING - 2024-06-06 08:54:37 --> Session: Sessions is enabled, and one exists. Please don't $session->start();
INFO - 2024-06-06 08:54:40 --> Session: Class initialized using 'CodeIgniter\Session\Handlers\FileHandler' driver.
WARNING - 2024-06-06 08:54:40 --> Session: Sessions is enabled, and one exists. Please don't $session->start();
INFO - 2024-06-06 08:54:42 --> Session: Class initialized using 'CodeIgniter\Session\Handlers\FileHandler' driver.
WARNING - 2024-06-06 08:54:42 --> Session: Sessions is enabled, and one exists. Please don't $session->start();
INFO - 2024-06-06 08:54:44 --> Session: Class initialized using 'CodeIgniter\Session\Handlers\FileHandler' driver.
WARNING - 2024-06-06 08:54:44 --> Session: Sessions is enabled, and one exists. Please don't $session->start();
INFO - 2024-06-06 08:54:46 --> Session: Class initialized using 'CodeIgniter\Session\Handlers\FileHandler' driver.
WARNING - 2024-06-06 08:54:46 --> Session: Sessions is enabled, and one exists. Please don't $session->start();
INFO - 2024-06-06 08:55:19 --> Session: Class initialized using 'CodeIgniter\Session\Handlers\FileHandler' driver.
WARNING - 2024-06-06 08:55:19 --> Session: Sessions is enabled, and one exists. Please don't $session->start();
INFO - 2024-06-06 08:55:23 --> Session: Class initialized using 'CodeIgniter\Session\Handlers\FileHandler' driver.
WARNING - 2024-06-06 08:55:23 --> Session: Sessions is enabled, and one exists. Please don't $session->start();
INFO - 2024-06-06 08:55:27 --> Session: Class initialized using 'CodeIgniter\Session\Handlers\FileHandler' driver.
WARNING - 2024-06-06 08:55:27 --> Session: Sessions is enabled, and one exists. Please don't $session->start();
INFO - 2024-06-06 08:55:59 --> Session: Class initialized using 'CodeIgniter\Session\Handlers\FileHandler' driver.
WARNING - 2024-06-06 08:55:59 --> Session: Sessions is enabled, and one exists. Please don't $session->start();
INFO - 2024-06-06 08:58:00 --> Session: Class initialized using 'CodeIgniter\Session\Handlers\FileHandler' driver.
WARNING - 2024-06-06 08:58:00 --> Session: Sessions is enabled, and one exists. Please don't $session->start();
INFO - 2024-06-06 08:58:03 --> Session: Class initialized using 'CodeIgniter\Session\Handlers\FileHandler' driver.
WARNING - 2024-06-06 08:58:03 --> Session: Sessions is enabled, and one exists. Please don't $session->start();
INFO - 2024-06-06 08:58:06 --> Session: Class initialized using 'CodeIgniter\Session\Handlers\FileHandler' driver.
WARNING - 2024-06-06 08:58:06 --> Session: Sessions is enabled, and one exists. Please don't $session->start();
INFO - 2024-06-06 08:58:07 --> Session: Class initialized using 'CodeIgniter\Session\Handlers\FileHandler' driver.
WARNING - 2024-06-06 08:58:07 --> Session: Sessions is enabled, and one exists. Please don't $session->start();
INFO - 2024-06-06 08:58:09 --> Session: Class initialized using 'CodeIgniter\Session\Handlers\FileHandler' driver.
WARNING - 2024-06-06 08:58:09 --> Session: Sessions is enabled, and one exists. Please don't $session->start();
INFO - 2024-06-06 08:58:11 --> Session: Class initialized using 'CodeIgniter\Session\Handlers\FileHandler' driver.
WARNING - 2024-06-06 08:58:11 --> Session: Sessions is enabled, and one exists. Please don't $session->start();
INFO - 2024-06-06 08:58:15 --> Session: Class initialized using 'CodeIgniter\Session\Handlers\FileHandler' driver.
WARNING - 2024-06-06 08:58:15 --> Session: Sessions is enabled, and one exists. Please don't $session->start();
INFO - 2024-06-06 09:00:38 --> Session: Class initialized using 'CodeIgniter\Session\Handlers\FileHandler' driver.
WARNING - 2024-06-06 09:00:38 --> Session: Sessions is enabled, and one exists. Please don't $session->start();
INFO - 2024-06-06 09:00:42 --> Session: Class initialized using 'CodeIgniter\Session\Handlers\FileHandler' driver.
WARNING - 2024-06-06 09:00:42 --> Session: Sessions is enabled, and one exists. Please don't $session->start();
INFO - 2024-06-06 09:00:44 --> Session: Class initialized using 'CodeIgniter\Session\Handlers\FileHandler' driver.
WARNING - 2024-06-06 09:00:44 --> Session: Sessions is enabled, and one exists. Please don't $session->start();
INFO - 2024-06-06 09:00:46 --> Session: Class initialized using 'CodeIgniter\Session\Handlers\FileHandler' driver.
WARNING - 2024-06-06 09:00:46 --> Session: Sessions is enabled, and one exists. Please don't $session->start();
INFO - 2024-06-06 09:04:17 --> Session: Class initialized using 'CodeIgniter\Session\Handlers\FileHandler' driver.
WARNING - 2024-06-06 09:04:17 --> Session: Sessions is enabled, and one exists. Please don't $session->start();
INFO - 2024-06-06 09:04:46 --> Session: Class initialized using 'CodeIgniter\Session\Handlers\FileHandler' driver.
WARNING - 2024-06-06 09:04:46 --> Session: Sessions is enabled, and one exists. Please don't $session->start();
INFO - 2024-06-06 09:09:01 --> Session: Class initialized using 'CodeIgniter\Session\Handlers\FileHandler' driver.
WARNING - 2024-06-06 09:09:01 --> Session: Sessions is enabled, and one exists. Please don't $session->start();
