INFO - 2024-07-18 07:43:55 --> Session: Class initialized using 'CodeIgniter\Session\Handlers\FileHandler' driver.
WARNING - 2024-07-18 07:43:55 --> Session: Sessions is enabled, and one exists. Please don't $session->start();
INFO - 2024-07-18 07:44:43 --> Session: Class initialized using 'CodeIgniter\Session\Handlers\FileHandler' driver.
WARNING - 2024-07-18 07:44:43 --> Session: Sessions is enabled, and one exists. Please don't $session->start();
INFO - 2024-07-18 07:44:50 --> Session: Class initialized using 'CodeIgniter\Session\Handlers\FileHandler' driver.
WARNING - 2024-07-18 07:44:50 --> Session: Sessions is enabled, and one exists. Please don't $session->start();
INFO - 2024-07-18 07:45:01 --> Session: Class initialized using 'CodeIgniter\Session\Handlers\FileHandler' driver.
WARNING - 2024-07-18 07:45:01 --> Session: Sessions is enabled, and one exists. Please don't $session->start();
INFO - 2024-07-18 07:55:10 --> Session: Class initialized using 'CodeIgniter\Session\Handlers\FileHandler' driver.
WARNING - 2024-07-18 07:55:10 --> Session: Sessions is enabled, and one exists. Please don't $session->start();
INFO - 2024-07-18 07:55:18 --> Session: Class initialized using 'CodeIgniter\Session\Handlers\FileHandler' driver.
WARNING - 2024-07-18 07:55:18 --> Session: Sessions is enabled, and one exists. Please don't $session->start();
INFO - 2024-07-18 07:55:32 --> Session: Class initialized using 'CodeIgniter\Session\Handlers\FileHandler' driver.
WARNING - 2024-07-18 07:55:32 --> Session: Sessions is enabled, and one exists. Please don't $session->start();
INFO - 2024-07-18 07:55:44 --> Session: Class initialized using 'CodeIgniter\Session\Handlers\FileHandler' driver.
WARNING - 2024-07-18 07:55:44 --> Session: Sessions is enabled, and one exists. Please don't $session->start();
INFO - 2024-07-18 07:57:40 --> Session: Class initialized using 'CodeIgniter\Session\Handlers\FileHandler' driver.
WARNING - 2024-07-18 07:57:40 --> Session: Sessions is enabled, and one exists. Please don't $session->start();
INFO - 2024-07-18 07:58:22 --> Session: Class initialized using 'CodeIgniter\Session\Handlers\FileHandler' driver.
WARNING - 2024-07-18 07:58:22 --> Session: Sessions is enabled, and one exists. Please don't $session->start();
INFO - 2024-07-18 08:01:52 --> Session: Class initialized using 'CodeIgniter\Session\Handlers\FileHandler' driver.
WARNING - 2024-07-18 08:01:52 --> Session: Sessions is enabled, and one exists. Please don't $session->start();
CRITICAL - 2024-07-18 08:01:52 --> Error: Cannot use object of type stdClass as array
[Method: GET, Route: perawatan/body-slimming]
in APPPATH\Controllers\Perawatan.php on line 83.
 1 SYSTEMPATH\CodeIgniter.php(933): App\Controllers\Perawatan->index('body-slimming')
 2 SYSTEMPATH\CodeIgniter.php(509): CodeIgniter\CodeIgniter->runController(Object(App\Controllers\Perawatan))
 3 SYSTEMPATH\CodeIgniter.php(355): CodeIgniter\CodeIgniter->handleRequest(null, Object(Config\Cache), false)
 4 SYSTEMPATH\Boot.php(312): CodeIgniter\CodeIgniter->run()
 5 SYSTEMPATH\Boot.php(67): CodeIgniter\Boot::runCodeIgniter(Object(CodeIgniter\CodeIgniter))
 6 FCPATH\index.php(56): CodeIgniter\Boot::bootWeb(Object(Config\Paths))
 7 SYSTEMPATH\Commands\Server\rewrite.php(49): require_once('D:\\Project\\dlbeauty\\public\\index.php')
INFO - 2024-07-18 08:02:00 --> Session: Class initialized using 'CodeIgniter\Session\Handlers\FileHandler' driver.
WARNING - 2024-07-18 08:02:00 --> Session: Sessions is enabled, and one exists. Please don't $session->start();
INFO - 2024-07-18 08:02:09 --> Session: Class initialized using 'CodeIgniter\Session\Handlers\FileHandler' driver.
WARNING - 2024-07-18 08:02:09 --> Session: Sessions is enabled, and one exists. Please don't $session->start();
INFO - 2024-07-18 08:02:16 --> Session: Class initialized using 'CodeIgniter\Session\Handlers\FileHandler' driver.
WARNING - 2024-07-18 08:02:16 --> Session: Sessions is enabled, and one exists. Please don't $session->start();
INFO - 2024-07-18 08:03:18 --> Session: Class initialized using 'CodeIgniter\Session\Handlers\FileHandler' driver.
WARNING - 2024-07-18 08:03:18 --> Session: Sessions is enabled, and one exists. Please don't $session->start();
INFO - 2024-07-18 08:04:44 --> Session: Class initialized using 'CodeIgniter\Session\Handlers\FileHandler' driver.
WARNING - 2024-07-18 08:04:44 --> Session: Sessions is enabled, and one exists. Please don't $session->start();
INFO - 2024-07-18 08:05:02 --> Session: Class initialized using 'CodeIgniter\Session\Handlers\FileHandler' driver.
WARNING - 2024-07-18 08:05:02 --> Session: Sessions is enabled, and one exists. Please don't $session->start();
INFO - 2024-07-18 08:05:15 --> Session: Class initialized using 'CodeIgniter\Session\Handlers\FileHandler' driver.
WARNING - 2024-07-18 08:05:15 --> Session: Sessions is enabled, and one exists. Please don't $session->start();
INFO - 2024-07-18 08:06:20 --> Session: Class initialized using 'CodeIgniter\Session\Handlers\FileHandler' driver.
WARNING - 2024-07-18 08:06:20 --> Session: Sessions is enabled, and one exists. Please don't $session->start();
INFO - 2024-07-18 08:07:06 --> Session: Class initialized using 'CodeIgniter\Session\Handlers\FileHandler' driver.
WARNING - 2024-07-18 08:07:06 --> Session: Sessions is enabled, and one exists. Please don't $session->start();
INFO - 2024-07-18 08:07:20 --> Session: Class initialized using 'CodeIgniter\Session\Handlers\FileHandler' driver.
WARNING - 2024-07-18 08:07:20 --> Session: Sessions is enabled, and one exists. Please don't $session->start();
INFO - 2024-07-18 08:08:27 --> Session: Class initialized using 'CodeIgniter\Session\Handlers\FileHandler' driver.
WARNING - 2024-07-18 08:08:27 --> Session: Sessions is enabled, and one exists. Please don't $session->start();
INFO - 2024-07-18 08:08:41 --> Session: Class initialized using 'CodeIgniter\Session\Handlers\FileHandler' driver.
WARNING - 2024-07-18 08:08:41 --> Session: Sessions is enabled, and one exists. Please don't $session->start();
INFO - 2024-07-18 08:08:48 --> Session: Class initialized using 'CodeIgniter\Session\Handlers\FileHandler' driver.
WARNING - 2024-07-18 08:08:48 --> Session: Sessions is enabled, and one exists. Please don't $session->start();
INFO - 2024-07-18 08:11:46 --> Session: Class initialized using 'CodeIgniter\Session\Handlers\FileHandler' driver.
WARNING - 2024-07-18 08:11:46 --> Session: Sessions is enabled, and one exists. Please don't $session->start();
INFO - 2024-07-18 08:13:32 --> Session: Class initialized using 'CodeIgniter\Session\Handlers\FileHandler' driver.
WARNING - 2024-07-18 08:13:32 --> Session: Sessions is enabled, and one exists. Please don't $session->start();
INFO - 2024-07-18 08:14:24 --> Session: Class initialized using 'CodeIgniter\Session\Handlers\FileHandler' driver.
WARNING - 2024-07-18 08:14:24 --> Session: Sessions is enabled, and one exists. Please don't $session->start();
INFO - 2024-07-18 08:15:17 --> Session: Class initialized using 'CodeIgniter\Session\Handlers\FileHandler' driver.
WARNING - 2024-07-18 08:15:17 --> Session: Sessions is enabled, and one exists. Please don't $session->start();
INFO - 2024-07-18 08:17:02 --> Session: Class initialized using 'CodeIgniter\Session\Handlers\FileHandler' driver.
WARNING - 2024-07-18 08:17:02 --> Session: Sessions is enabled, and one exists. Please don't $session->start();
INFO - 2024-07-18 08:18:07 --> Session: Class initialized using 'CodeIgniter\Session\Handlers\FileHandler' driver.
WARNING - 2024-07-18 08:18:07 --> Session: Sessions is enabled, and one exists. Please don't $session->start();
INFO - 2024-07-18 08:18:30 --> Session: Class initialized using 'CodeIgniter\Session\Handlers\FileHandler' driver.
WARNING - 2024-07-18 08:18:30 --> Session: Sessions is enabled, and one exists. Please don't $session->start();
INFO - 2024-07-18 08:18:38 --> Session: Class initialized using 'CodeIgniter\Session\Handlers\FileHandler' driver.
WARNING - 2024-07-18 08:18:38 --> Session: Sessions is enabled, and one exists. Please don't $session->start();
INFO - 2024-07-18 08:18:53 --> Session: Class initialized using 'CodeIgniter\Session\Handlers\FileHandler' driver.
WARNING - 2024-07-18 08:18:53 --> Session: Sessions is enabled, and one exists. Please don't $session->start();
INFO - 2024-07-18 08:19:11 --> Session: Class initialized using 'CodeIgniter\Session\Handlers\FileHandler' driver.
WARNING - 2024-07-18 08:19:11 --> Session: Sessions is enabled, and one exists. Please don't $session->start();
INFO - 2024-07-18 08:19:25 --> Session: Class initialized using 'CodeIgniter\Session\Handlers\FileHandler' driver.
WARNING - 2024-07-18 08:19:25 --> Session: Sessions is enabled, and one exists. Please don't $session->start();
INFO - 2024-07-18 08:19:40 --> Session: Class initialized using 'CodeIgniter\Session\Handlers\FileHandler' driver.
WARNING - 2024-07-18 08:19:40 --> Session: Sessions is enabled, and one exists. Please don't $session->start();
INFO - 2024-07-18 08:19:40 --> Session: Class initialized using 'CodeIgniter\Session\Handlers\FileHandler' driver.
WARNING - 2024-07-18 08:19:40 --> Session: Sessions is enabled, and one exists. Please don't $session->start();
INFO - 2024-07-18 08:19:56 --> Session: Class initialized using 'CodeIgniter\Session\Handlers\FileHandler' driver.
WARNING - 2024-07-18 08:19:56 --> Session: Sessions is enabled, and one exists. Please don't $session->start();
INFO - 2024-07-18 08:20:07 --> Session: Class initialized using 'CodeIgniter\Session\Handlers\FileHandler' driver.
WARNING - 2024-07-18 08:20:07 --> Session: Sessions is enabled, and one exists. Please don't $session->start();
INFO - 2024-07-18 08:20:19 --> Session: Class initialized using 'CodeIgniter\Session\Handlers\FileHandler' driver.
WARNING - 2024-07-18 08:20:19 --> Session: Sessions is enabled, and one exists. Please don't $session->start();
INFO - 2024-07-18 08:22:10 --> Session: Class initialized using 'CodeIgniter\Session\Handlers\FileHandler' driver.
WARNING - 2024-07-18 08:22:10 --> Session: Sessions is enabled, and one exists. Please don't $session->start();
INFO - 2024-07-18 08:22:29 --> Session: Class initialized using 'CodeIgniter\Session\Handlers\FileHandler' driver.
WARNING - 2024-07-18 08:22:29 --> Session: Sessions is enabled, and one exists. Please don't $session->start();
INFO - 2024-07-18 08:22:40 --> Session: Class initialized using 'CodeIgniter\Session\Handlers\FileHandler' driver.
WARNING - 2024-07-18 08:22:40 --> Session: Sessions is enabled, and one exists. Please don't $session->start();
INFO - 2024-07-18 08:22:46 --> Session: Class initialized using 'CodeIgniter\Session\Handlers\FileHandler' driver.
WARNING - 2024-07-18 08:22:46 --> Session: Sessions is enabled, and one exists. Please don't $session->start();
INFO - 2024-07-18 08:23:16 --> Session: Class initialized using 'CodeIgniter\Session\Handlers\FileHandler' driver.
WARNING - 2024-07-18 08:23:16 --> Session: Sessions is enabled, and one exists. Please don't $session->start();
INFO - 2024-07-18 08:23:17 --> Session: Class initialized using 'CodeIgniter\Session\Handlers\FileHandler' driver.
WARNING - 2024-07-18 08:23:17 --> Session: Sessions is enabled, and one exists. Please don't $session->start();
INFO - 2024-07-18 08:23:52 --> Session: Class initialized using 'CodeIgniter\Session\Handlers\FileHandler' driver.
WARNING - 2024-07-18 08:23:52 --> Session: Sessions is enabled, and one exists. Please don't $session->start();
INFO - 2024-07-18 08:23:53 --> Session: Class initialized using 'CodeIgniter\Session\Handlers\FileHandler' driver.
WARNING - 2024-07-18 08:23:53 --> Session: Sessions is enabled, and one exists. Please don't $session->start();
INFO - 2024-07-18 08:24:05 --> Session: Class initialized using 'CodeIgniter\Session\Handlers\FileHandler' driver.
WARNING - 2024-07-18 08:24:05 --> Session: Sessions is enabled, and one exists. Please don't $session->start();
INFO - 2024-07-18 08:24:05 --> Session: Class initialized using 'CodeIgniter\Session\Handlers\FileHandler' driver.
WARNING - 2024-07-18 08:24:05 --> Session: Sessions is enabled, and one exists. Please don't $session->start();
INFO - 2024-07-18 08:24:27 --> Session: Class initialized using 'CodeIgniter\Session\Handlers\FileHandler' driver.
WARNING - 2024-07-18 08:24:27 --> Session: Sessions is enabled, and one exists. Please don't $session->start();
INFO - 2024-07-18 08:24:46 --> Session: Class initialized using 'CodeIgniter\Session\Handlers\FileHandler' driver.
WARNING - 2024-07-18 08:24:46 --> Session: Sessions is enabled, and one exists. Please don't $session->start();
INFO - 2024-07-18 08:25:09 --> Session: Class initialized using 'CodeIgniter\Session\Handlers\FileHandler' driver.
WARNING - 2024-07-18 08:25:09 --> Session: Sessions is enabled, and one exists. Please don't $session->start();
INFO - 2024-07-18 08:25:28 --> Session: Class initialized using 'CodeIgniter\Session\Handlers\FileHandler' driver.
WARNING - 2024-07-18 08:25:28 --> Session: Sessions is enabled, and one exists. Please don't $session->start();
INFO - 2024-07-18 08:25:40 --> Session: Class initialized using 'CodeIgniter\Session\Handlers\FileHandler' driver.
WARNING - 2024-07-18 08:25:40 --> Session: Sessions is enabled, and one exists. Please don't $session->start();
INFO - 2024-07-18 08:25:59 --> Session: Class initialized using 'CodeIgniter\Session\Handlers\FileHandler' driver.
WARNING - 2024-07-18 08:25:59 --> Session: Sessions is enabled, and one exists. Please don't $session->start();
INFO - 2024-07-18 08:26:18 --> Session: Class initialized using 'CodeIgniter\Session\Handlers\FileHandler' driver.
WARNING - 2024-07-18 08:26:18 --> Session: Sessions is enabled, and one exists. Please don't $session->start();
INFO - 2024-07-18 08:26:45 --> Session: Class initialized using 'CodeIgniter\Session\Handlers\FileHandler' driver.
WARNING - 2024-07-18 08:26:45 --> Session: Sessions is enabled, and one exists. Please don't $session->start();
INFO - 2024-07-18 08:27:02 --> Session: Class initialized using 'CodeIgniter\Session\Handlers\FileHandler' driver.
WARNING - 2024-07-18 08:27:02 --> Session: Sessions is enabled, and one exists. Please don't $session->start();
INFO - 2024-07-18 08:28:13 --> Session: Class initialized using 'CodeIgniter\Session\Handlers\FileHandler' driver.
WARNING - 2024-07-18 08:28:13 --> Session: Sessions is enabled, and one exists. Please don't $session->start();
INFO - 2024-07-18 08:28:59 --> Session: Class initialized using 'CodeIgniter\Session\Handlers\FileHandler' driver.
WARNING - 2024-07-18 08:28:59 --> Session: Sessions is enabled, and one exists. Please don't $session->start();
INFO - 2024-07-18 08:29:07 --> Session: Class initialized using 'CodeIgniter\Session\Handlers\FileHandler' driver.
WARNING - 2024-07-18 08:29:07 --> Session: Sessions is enabled, and one exists. Please don't $session->start();
INFO - 2024-07-18 08:29:19 --> Session: Class initialized using 'CodeIgniter\Session\Handlers\FileHandler' driver.
WARNING - 2024-07-18 08:29:19 --> Session: Sessions is enabled, and one exists. Please don't $session->start();
INFO - 2024-07-18 08:29:22 --> Session: Class initialized using 'CodeIgniter\Session\Handlers\FileHandler' driver.
WARNING - 2024-07-18 08:29:22 --> Session: Sessions is enabled, and one exists. Please don't $session->start();
INFO - 2024-07-18 08:29:31 --> Session: Class initialized using 'CodeIgniter\Session\Handlers\FileHandler' driver.
WARNING - 2024-07-18 08:29:31 --> Session: Sessions is enabled, and one exists. Please don't $session->start();
INFO - 2024-07-18 08:29:42 --> Session: Class initialized using 'CodeIgniter\Session\Handlers\FileHandler' driver.
WARNING - 2024-07-18 08:29:42 --> Session: Sessions is enabled, and one exists. Please don't $session->start();
INFO - 2024-07-18 08:29:52 --> Session: Class initialized using 'CodeIgniter\Session\Handlers\FileHandler' driver.
WARNING - 2024-07-18 08:29:52 --> Session: Sessions is enabled, and one exists. Please don't $session->start();
INFO - 2024-07-18 08:30:17 --> Session: Class initialized using 'CodeIgniter\Session\Handlers\FileHandler' driver.
WARNING - 2024-07-18 08:30:17 --> Session: Sessions is enabled, and one exists. Please don't $session->start();
INFO - 2024-07-18 08:30:17 --> Session: Class initialized using 'CodeIgniter\Session\Handlers\FileHandler' driver.
WARNING - 2024-07-18 08:30:17 --> Session: Sessions is enabled, and one exists. Please don't $session->start();
INFO - 2024-07-18 08:30:26 --> Session: Class initialized using 'CodeIgniter\Session\Handlers\FileHandler' driver.
WARNING - 2024-07-18 08:30:26 --> Session: Sessions is enabled, and one exists. Please don't $session->start();
INFO - 2024-07-18 08:30:26 --> Session: Class initialized using 'CodeIgniter\Session\Handlers\FileHandler' driver.
WARNING - 2024-07-18 08:30:26 --> Session: Sessions is enabled, and one exists. Please don't $session->start();
INFO - 2024-07-18 08:31:01 --> Session: Class initialized using 'CodeIgniter\Session\Handlers\FileHandler' driver.
WARNING - 2024-07-18 08:31:01 --> Session: Sessions is enabled, and one exists. Please don't $session->start();
INFO - 2024-07-18 08:31:11 --> Session: Class initialized using 'CodeIgniter\Session\Handlers\FileHandler' driver.
WARNING - 2024-07-18 08:31:11 --> Session: Sessions is enabled, and one exists. Please don't $session->start();
INFO - 2024-07-18 08:31:27 --> Session: Class initialized using 'CodeIgniter\Session\Handlers\FileHandler' driver.
WARNING - 2024-07-18 08:31:27 --> Session: Sessions is enabled, and one exists. Please don't $session->start();
INFO - 2024-07-18 08:32:04 --> Session: Class initialized using 'CodeIgniter\Session\Handlers\FileHandler' driver.
WARNING - 2024-07-18 08:32:04 --> Session: Sessions is enabled, and one exists. Please don't $session->start();
INFO - 2024-07-18 08:32:05 --> Session: Class initialized using 'CodeIgniter\Session\Handlers\FileHandler' driver.
WARNING - 2024-07-18 08:32:05 --> Session: Sessions is enabled, and one exists. Please don't $session->start();
INFO - 2024-07-18 08:32:26 --> Session: Class initialized using 'CodeIgniter\Session\Handlers\FileHandler' driver.
WARNING - 2024-07-18 08:32:26 --> Session: Sessions is enabled, and one exists. Please don't $session->start();
INFO - 2024-07-18 08:32:27 --> Session: Class initialized using 'CodeIgniter\Session\Handlers\FileHandler' driver.
WARNING - 2024-07-18 08:32:27 --> Session: Sessions is enabled, and one exists. Please don't $session->start();
INFO - 2024-07-18 08:33:31 --> Session: Class initialized using 'CodeIgniter\Session\Handlers\FileHandler' driver.
WARNING - 2024-07-18 08:33:31 --> Session: Sessions is enabled, and one exists. Please don't $session->start();
INFO - 2024-07-18 08:33:32 --> Session: Class initialized using 'CodeIgniter\Session\Handlers\FileHandler' driver.
WARNING - 2024-07-18 08:33:32 --> Session: Sessions is enabled, and one exists. Please don't $session->start();
INFO - 2024-07-18 08:33:53 --> Session: Class initialized using 'CodeIgniter\Session\Handlers\FileHandler' driver.
WARNING - 2024-07-18 08:33:53 --> Session: Sessions is enabled, and one exists. Please don't $session->start();
INFO - 2024-07-18 08:34:01 --> Session: Class initialized using 'CodeIgniter\Session\Handlers\FileHandler' driver.
WARNING - 2024-07-18 08:34:01 --> Session: Sessions is enabled, and one exists. Please don't $session->start();
INFO - 2024-07-18 08:34:07 --> Session: Class initialized using 'CodeIgniter\Session\Handlers\FileHandler' driver.
WARNING - 2024-07-18 08:34:07 --> Session: Sessions is enabled, and one exists. Please don't $session->start();
INFO - 2024-07-18 08:34:28 --> Session: Class initialized using 'CodeIgniter\Session\Handlers\FileHandler' driver.
WARNING - 2024-07-18 08:34:28 --> Session: Sessions is enabled, and one exists. Please don't $session->start();
INFO - 2024-07-18 08:35:12 --> Session: Class initialized using 'CodeIgniter\Session\Handlers\FileHandler' driver.
WARNING - 2024-07-18 08:35:12 --> Session: Sessions is enabled, and one exists. Please don't $session->start();
INFO - 2024-07-18 08:35:13 --> Session: Class initialized using 'CodeIgniter\Session\Handlers\FileHandler' driver.
WARNING - 2024-07-18 08:35:13 --> Session: Sessions is enabled, and one exists. Please don't $session->start();
INFO - 2024-07-18 08:35:34 --> Session: Class initialized using 'CodeIgniter\Session\Handlers\FileHandler' driver.
WARNING - 2024-07-18 08:35:34 --> Session: Sessions is enabled, and one exists. Please don't $session->start();
INFO - 2024-07-18 08:35:51 --> Session: Class initialized using 'CodeIgniter\Session\Handlers\FileHandler' driver.
WARNING - 2024-07-18 08:35:51 --> Session: Sessions is enabled, and one exists. Please don't $session->start();
INFO - 2024-07-18 08:35:54 --> Session: Class initialized using 'CodeIgniter\Session\Handlers\FileHandler' driver.
WARNING - 2024-07-18 08:35:54 --> Session: Sessions is enabled, and one exists. Please don't $session->start();
INFO - 2024-07-18 08:36:32 --> Session: Class initialized using 'CodeIgniter\Session\Handlers\FileHandler' driver.
WARNING - 2024-07-18 08:36:32 --> Session: Sessions is enabled, and one exists. Please don't $session->start();
INFO - 2024-07-18 08:38:15 --> Session: Class initialized using 'CodeIgniter\Session\Handlers\FileHandler' driver.
WARNING - 2024-07-18 08:38:15 --> Session: Sessions is enabled, and one exists. Please don't $session->start();
INFO - 2024-07-18 08:38:15 --> Session: Class initialized using 'CodeIgniter\Session\Handlers\FileHandler' driver.
WARNING - 2024-07-18 08:38:15 --> Session: Sessions is enabled, and one exists. Please don't $session->start();
INFO - 2024-07-18 08:38:47 --> Session: Class initialized using 'CodeIgniter\Session\Handlers\FileHandler' driver.
WARNING - 2024-07-18 08:38:47 --> Session: Sessions is enabled, and one exists. Please don't $session->start();
INFO - 2024-07-18 08:38:48 --> Session: Class initialized using 'CodeIgniter\Session\Handlers\FileHandler' driver.
WARNING - 2024-07-18 08:38:48 --> Session: Sessions is enabled, and one exists. Please don't $session->start();
INFO - 2024-07-18 08:39:05 --> Session: Class initialized using 'CodeIgniter\Session\Handlers\FileHandler' driver.
WARNING - 2024-07-18 08:39:05 --> Session: Sessions is enabled, and one exists. Please don't $session->start();
INFO - 2024-07-18 08:40:43 --> Session: Class initialized using 'CodeIgniter\Session\Handlers\FileHandler' driver.
WARNING - 2024-07-18 08:40:43 --> Session: Sessions is enabled, and one exists. Please don't $session->start();
INFO - 2024-07-18 08:40:44 --> Session: Class initialized using 'CodeIgniter\Session\Handlers\FileHandler' driver.
WARNING - 2024-07-18 08:40:44 --> Session: Sessions is enabled, and one exists. Please don't $session->start();
INFO - 2024-07-18 08:41:14 --> Session: Class initialized using 'CodeIgniter\Session\Handlers\FileHandler' driver.
WARNING - 2024-07-18 08:41:14 --> Session: Sessions is enabled, and one exists. Please don't $session->start();
INFO - 2024-07-18 08:41:15 --> Session: Class initialized using 'CodeIgniter\Session\Handlers\FileHandler' driver.
WARNING - 2024-07-18 08:41:15 --> Session: Sessions is enabled, and one exists. Please don't $session->start();
INFO - 2024-07-18 08:41:29 --> Session: Class initialized using 'CodeIgniter\Session\Handlers\FileHandler' driver.
WARNING - 2024-07-18 08:41:29 --> Session: Sessions is enabled, and one exists. Please don't $session->start();
INFO - 2024-07-18 08:41:55 --> Session: Class initialized using 'CodeIgniter\Session\Handlers\FileHandler' driver.
WARNING - 2024-07-18 08:41:55 --> Session: Sessions is enabled, and one exists. Please don't $session->start();
INFO - 2024-07-18 08:42:15 --> Session: Class initialized using 'CodeIgniter\Session\Handlers\FileHandler' driver.
WARNING - 2024-07-18 08:42:15 --> Session: Sessions is enabled, and one exists. Please don't $session->start();
INFO - 2024-07-18 08:42:29 --> Session: Class initialized using 'CodeIgniter\Session\Handlers\FileHandler' driver.
WARNING - 2024-07-18 08:42:29 --> Session: Sessions is enabled, and one exists. Please don't $session->start();
INFO - 2024-07-18 08:42:41 --> Session: Class initialized using 'CodeIgniter\Session\Handlers\FileHandler' driver.
WARNING - 2024-07-18 08:42:41 --> Session: Sessions is enabled, and one exists. Please don't $session->start();
INFO - 2024-07-18 08:49:32 --> Session: Class initialized using 'CodeIgniter\Session\Handlers\FileHandler' driver.
WARNING - 2024-07-18 08:49:32 --> Session: Sessions is enabled, and one exists. Please don't $session->start();
INFO - 2024-07-18 08:49:36 --> Session: Class initialized using 'CodeIgniter\Session\Handlers\FileHandler' driver.
WARNING - 2024-07-18 08:49:36 --> Session: Sessions is enabled, and one exists. Please don't $session->start();
INFO - 2024-07-18 08:49:38 --> Session: Class initialized using 'CodeIgniter\Session\Handlers\FileHandler' driver.
WARNING - 2024-07-18 08:49:38 --> Session: Sessions is enabled, and one exists. Please don't $session->start();
INFO - 2024-07-18 08:49:46 --> Session: Class initialized using 'CodeIgniter\Session\Handlers\FileHandler' driver.
WARNING - 2024-07-18 08:49:46 --> Session: Sessions is enabled, and one exists. Please don't $session->start();
