INFO - 2025-04-07 05:24:32 --> Session: Class initialized using 'CodeIgniter\Session\Handlers\FileHandler' driver.
INFO - 2025-04-07 05:24:33 --> Session: Class initialized using 'CodeIgniter\Session\Handlers\FileHandler' driver.
WARNING - 2025-04-07 05:24:33 --> Session: Sessions is enabled, and one exists. Please don't $session->start();
INFO - 2025-04-07 05:24:44 --> Session: Class initialized using 'CodeIgniter\Session\Handlers\FileHandler' driver.
WARNING - 2025-04-07 05:24:44 --> Session: Sessions is enabled, and one exists. Please don't $session->start();
INFO - 2025-04-07 05:24:44 --> Session: Class initialized using 'CodeIgniter\Session\Handlers\FileHandler' driver.
WARNING - 2025-04-07 05:24:44 --> Session: Sessions is enabled, and one exists. Please don't $session->start();
INFO - 2025-04-07 05:25:02 --> Session: Class initialized using 'CodeIgniter\Session\Handlers\FileHandler' driver.
WARNING - 2025-04-07 05:25:02 --> Session: Sessions is enabled, and one exists. Please don't $session->start();
INFO - 2025-04-07 05:28:52 --> Session: Class initialized using 'CodeIgniter\Session\Handlers\FileHandler' driver.
WARNING - 2025-04-07 05:28:52 --> Session: Sessions is enabled, and one exists. Please don't $session->start();
INFO - 2025-04-07 05:32:08 --> Session: Class initialized using 'CodeIgniter\Session\Handlers\FileHandler' driver.
WARNING - 2025-04-07 05:32:08 --> Session: Sessions is enabled, and one exists. Please don't $session->start();
INFO - 2025-04-07 05:33:00 --> Session: Class initialized using 'CodeIgniter\Session\Handlers\FileHandler' driver.
WARNING - 2025-04-07 05:33:00 --> Session: Sessions is enabled, and one exists. Please don't $session->start();
INFO - 2025-04-07 05:33:08 --> Session: Class initialized using 'CodeIgniter\Session\Handlers\FileHandler' driver.
WARNING - 2025-04-07 05:33:08 --> Session: Sessions is enabled, and one exists. Please don't $session->start();
INFO - 2025-04-07 05:33:31 --> Session: Class initialized using 'CodeIgniter\Session\Handlers\FileHandler' driver.
WARNING - 2025-04-07 05:33:31 --> Session: Sessions is enabled, and one exists. Please don't $session->start();
INFO - 2025-04-07 05:36:24 --> Session: Class initialized using 'CodeIgniter\Session\Handlers\FileHandler' driver.
WARNING - 2025-04-07 05:36:24 --> Session: Sessions is enabled, and one exists. Please don't $session->start();
INFO - 2025-04-07 05:37:57 --> Session: Class initialized using 'CodeIgniter\Session\Handlers\FileHandler' driver.
WARNING - 2025-04-07 05:37:57 --> Session: Sessions is enabled, and one exists. Please don't $session->start();
INFO - 2025-04-07 05:38:28 --> Session: Class initialized using 'CodeIgniter\Session\Handlers\FileHandler' driver.
WARNING - 2025-04-07 05:38:28 --> Session: Sessions is enabled, and one exists. Please don't $session->start();
INFO - 2025-04-07 05:39:03 --> Session: Class initialized using 'CodeIgniter\Session\Handlers\FileHandler' driver.
WARNING - 2025-04-07 05:39:03 --> Session: Sessions is enabled, and one exists. Please don't $session->start();
INFO - 2025-04-07 05:39:21 --> Session: Class initialized using 'CodeIgniter\Session\Handlers\FileHandler' driver.
WARNING - 2025-04-07 05:39:21 --> Session: Sessions is enabled, and one exists. Please don't $session->start();
INFO - 2025-04-07 05:48:04 --> Session: Class initialized using 'CodeIgniter\Session\Handlers\FileHandler' driver.
WARNING - 2025-04-07 05:48:04 --> Session: Sessions is enabled, and one exists. Please don't $session->start();
INFO - 2025-04-07 05:48:11 --> Session: Class initialized using 'CodeIgniter\Session\Handlers\FileHandler' driver.
WARNING - 2025-04-07 05:48:11 --> Session: Sessions is enabled, and one exists. Please don't $session->start();
INFO - 2025-04-07 05:51:12 --> Session: Class initialized using 'CodeIgniter\Session\Handlers\FileHandler' driver.
WARNING - 2025-04-07 05:51:12 --> Session: Sessions is enabled, and one exists. Please don't $session->start();
INFO - 2025-04-07 05:51:41 --> Session: Class initialized using 'CodeIgniter\Session\Handlers\FileHandler' driver.
WARNING - 2025-04-07 05:51:41 --> Session: Sessions is enabled, and one exists. Please don't $session->start();
INFO - 2025-04-07 05:52:00 --> Session: Class initialized using 'CodeIgniter\Session\Handlers\FileHandler' driver.
WARNING - 2025-04-07 05:52:00 --> Session: Sessions is enabled, and one exists. Please don't $session->start();
INFO - 2025-04-07 05:56:45 --> Session: Class initialized using 'CodeIgniter\Session\Handlers\FileHandler' driver.
WARNING - 2025-04-07 05:56:45 --> Session: Sessions is enabled, and one exists. Please don't $session->start();
INFO - 2025-04-07 05:57:44 --> Session: Class initialized using 'CodeIgniter\Session\Handlers\FileHandler' driver.
WARNING - 2025-04-07 05:57:44 --> Session: Sessions is enabled, and one exists. Please don't $session->start();
INFO - 2025-04-07 05:58:43 --> Session: Class initialized using 'CodeIgniter\Session\Handlers\FileHandler' driver.
WARNING - 2025-04-07 05:58:43 --> Session: Sessions is enabled, and one exists. Please don't $session->start();
INFO - 2025-04-07 05:59:38 --> Session: Class initialized using 'CodeIgniter\Session\Handlers\FileHandler' driver.
WARNING - 2025-04-07 05:59:38 --> Session: Sessions is enabled, and one exists. Please don't $session->start();
INFO - 2025-04-07 05:59:51 --> Session: Class initialized using 'CodeIgniter\Session\Handlers\FileHandler' driver.
WARNING - 2025-04-07 05:59:51 --> Session: Sessions is enabled, and one exists. Please don't $session->start();
INFO - 2025-04-07 06:00:42 --> Session: Class initialized using 'CodeIgniter\Session\Handlers\FileHandler' driver.
WARNING - 2025-04-07 06:00:42 --> Session: Sessions is enabled, and one exists. Please don't $session->start();
INFO - 2025-04-07 06:01:00 --> Session: Class initialized using 'CodeIgniter\Session\Handlers\FileHandler' driver.
WARNING - 2025-04-07 06:01:00 --> Session: Sessions is enabled, and one exists. Please don't $session->start();
INFO - 2025-04-07 06:01:18 --> Session: Class initialized using 'CodeIgniter\Session\Handlers\FileHandler' driver.
WARNING - 2025-04-07 06:01:18 --> Session: Sessions is enabled, and one exists. Please don't $session->start();
INFO - 2025-04-07 06:02:34 --> Session: Class initialized using 'CodeIgniter\Session\Handlers\FileHandler' driver.
WARNING - 2025-04-07 06:02:34 --> Session: Sessions is enabled, and one exists. Please don't $session->start();
INFO - 2025-04-07 06:02:52 --> Session: Class initialized using 'CodeIgniter\Session\Handlers\FileHandler' driver.
WARNING - 2025-04-07 06:02:52 --> Session: Sessions is enabled, and one exists. Please don't $session->start();
INFO - 2025-04-07 06:06:55 --> Session: Class initialized using 'CodeIgniter\Session\Handlers\FileHandler' driver.
WARNING - 2025-04-07 06:06:55 --> Session: Sessions is enabled, and one exists. Please don't $session->start();
INFO - 2025-04-07 06:07:11 --> Session: Class initialized using 'CodeIgniter\Session\Handlers\FileHandler' driver.
WARNING - 2025-04-07 06:07:11 --> Session: Sessions is enabled, and one exists. Please don't $session->start();
INFO - 2025-04-07 06:10:20 --> Session: Class initialized using 'CodeIgniter\Session\Handlers\FileHandler' driver.
WARNING - 2025-04-07 06:10:20 --> Session: Sessions is enabled, and one exists. Please don't $session->start();
INFO - 2025-04-07 06:11:41 --> Session: Class initialized using 'CodeIgniter\Session\Handlers\FileHandler' driver.
WARNING - 2025-04-07 06:11:41 --> Session: Sessions is enabled, and one exists. Please don't $session->start();
INFO - 2025-04-07 06:12:29 --> Session: Class initialized using 'CodeIgniter\Session\Handlers\FileHandler' driver.
WARNING - 2025-04-07 06:12:29 --> Session: Sessions is enabled, and one exists. Please don't $session->start();
INFO - 2025-04-07 06:12:53 --> Session: Class initialized using 'CodeIgniter\Session\Handlers\FileHandler' driver.
WARNING - 2025-04-07 06:12:53 --> Session: Sessions is enabled, and one exists. Please don't $session->start();
INFO - 2025-04-07 06:14:37 --> Session: Class initialized using 'CodeIgniter\Session\Handlers\FileHandler' driver.
WARNING - 2025-04-07 06:14:37 --> Session: Sessions is enabled, and one exists. Please don't $session->start();
INFO - 2025-04-07 06:31:16 --> Session: Class initialized using 'CodeIgniter\Session\Handlers\FileHandler' driver.
WARNING - 2025-04-07 06:31:16 --> Session: Sessions is enabled, and one exists. Please don't $session->start();
INFO - 2025-04-07 06:48:18 --> Session: Class initialized using 'CodeIgniter\Session\Handlers\FileHandler' driver.
WARNING - 2025-04-07 06:48:18 --> Session: Sessions is enabled, and one exists. Please don't $session->start();
INFO - 2025-04-07 06:48:50 --> Session: Class initialized using 'CodeIgniter\Session\Handlers\FileHandler' driver.
WARNING - 2025-04-07 06:48:50 --> Session: Sessions is enabled, and one exists. Please don't $session->start();
CRITICAL - 2025-04-07 06:48:51 --> ErrorException: Undefined array key "asset_testimoni1"
[Method: POST, Route: admin/asset/edit/proses/landing-page]
in APPPATH\Controllers\Asset.php on line 43.
 1 APPPATH\Controllers\Asset.php(43): CodeIgniter\Debug\Exceptions->errorHandler(2, 'Undefined array key "asset_testimoni1"', 'D:\\Project\\dlbeauty\\app\\Controllers\\Asset.php', 43)
 2 SYSTEMPATH\CodeIgniter.php(933): App\Controllers\Asset->editAsset('landing-page')
 3 SYSTEMPATH\CodeIgniter.php(509): CodeIgniter\CodeIgniter->runController(Object(App\Controllers\Asset))
 4 SYSTEMPATH\CodeIgniter.php(355): CodeIgniter\CodeIgniter->handleRequest(null, Object(Config\Cache), false)
 5 SYSTEMPATH\Boot.php(312): CodeIgniter\CodeIgniter->run()
 6 SYSTEMPATH\Boot.php(67): CodeIgniter\Boot::runCodeIgniter(Object(CodeIgniter\CodeIgniter))
 7 FCPATH\index.php(56): CodeIgniter\Boot::bootWeb(Object(Config\Paths))
 8 SYSTEMPATH\Commands\Server\rewrite.php(49): require_once('D:\\Project\\dlbeauty\\public\\index.php')
INFO - 2025-04-07 06:51:20 --> Session: Class initialized using 'CodeIgniter\Session\Handlers\FileHandler' driver.
WARNING - 2025-04-07 06:51:20 --> Session: Sessions is enabled, and one exists. Please don't $session->start();
CRITICAL - 2025-04-07 06:51:20 --> ErrorException: Undefined array key "asset_testimoni1"
[Method: POST, Route: admin/asset/edit/proses/landing-page]
in APPPATH\Controllers\Asset.php on line 43.
 1 APPPATH\Controllers\Asset.php(43): CodeIgniter\Debug\Exceptions->errorHandler(2, 'Undefined array key "asset_testimoni1"', 'D:\\Project\\dlbeauty\\app\\Controllers\\Asset.php', 43)
 2 SYSTEMPATH\CodeIgniter.php(933): App\Controllers\Asset->editAsset('landing-page')
 3 SYSTEMPATH\CodeIgniter.php(509): CodeIgniter\CodeIgniter->runController(Object(App\Controllers\Asset))
 4 SYSTEMPATH\CodeIgniter.php(355): CodeIgniter\CodeIgniter->handleRequest(null, Object(Config\Cache), false)
 5 SYSTEMPATH\Boot.php(312): CodeIgniter\CodeIgniter->run()
 6 SYSTEMPATH\Boot.php(67): CodeIgniter\Boot::runCodeIgniter(Object(CodeIgniter\CodeIgniter))
 7 FCPATH\index.php(56): CodeIgniter\Boot::bootWeb(Object(Config\Paths))
 8 SYSTEMPATH\Commands\Server\rewrite.php(49): require_once('D:\\Project\\dlbeauty\\public\\index.php')
INFO - 2025-04-07 06:51:22 --> Session: Class initialized using 'CodeIgniter\Session\Handlers\FileHandler' driver.
WARNING - 2025-04-07 06:51:22 --> Session: Sessions is enabled, and one exists. Please don't $session->start();
INFO - 2025-04-07 06:51:44 --> Session: Class initialized using 'CodeIgniter\Session\Handlers\FileHandler' driver.
WARNING - 2025-04-07 06:51:44 --> Session: Sessions is enabled, and one exists. Please don't $session->start();
CRITICAL - 2025-04-07 06:51:44 --> ErrorException: Undefined array key "asset_testimoni2"
[Method: POST, Route: admin/asset/edit/proses/landing-page]
in APPPATH\Controllers\Asset.php on line 43.
 1 APPPATH\Controllers\Asset.php(43): CodeIgniter\Debug\Exceptions->errorHandler(2, 'Undefined array key "asset_testimoni2"', 'D:\\Project\\dlbeauty\\app\\Controllers\\Asset.php', 43)
 2 SYSTEMPATH\CodeIgniter.php(933): App\Controllers\Asset->editAsset('landing-page')
 3 SYSTEMPATH\CodeIgniter.php(509): CodeIgniter\CodeIgniter->runController(Object(App\Controllers\Asset))
 4 SYSTEMPATH\CodeIgniter.php(355): CodeIgniter\CodeIgniter->handleRequest(null, Object(Config\Cache), false)
 5 SYSTEMPATH\Boot.php(312): CodeIgniter\CodeIgniter->run()
 6 SYSTEMPATH\Boot.php(67): CodeIgniter\Boot::runCodeIgniter(Object(CodeIgniter\CodeIgniter))
 7 FCPATH\index.php(56): CodeIgniter\Boot::bootWeb(Object(Config\Paths))
 8 SYSTEMPATH\Commands\Server\rewrite.php(49): require_once('D:\\Project\\dlbeauty\\public\\index.php')
INFO - 2025-04-07 06:53:56 --> Session: Class initialized using 'CodeIgniter\Session\Handlers\FileHandler' driver.
WARNING - 2025-04-07 06:53:56 --> Session: Sessions is enabled, and one exists. Please don't $session->start();
INFO - 2025-04-07 06:54:02 --> Session: Class initialized using 'CodeIgniter\Session\Handlers\FileHandler' driver.
WARNING - 2025-04-07 06:54:02 --> Session: Sessions is enabled, and one exists. Please don't $session->start();
INFO - 2025-04-07 06:54:16 --> Session: Class initialized using 'CodeIgniter\Session\Handlers\FileHandler' driver.
WARNING - 2025-04-07 06:54:16 --> Session: Sessions is enabled, and one exists. Please don't $session->start();
INFO - 2025-04-07 06:54:50 --> Session: Class initialized using 'CodeIgniter\Session\Handlers\FileHandler' driver.
WARNING - 2025-04-07 06:54:50 --> Session: Sessions is enabled, and one exists. Please don't $session->start();
INFO - 2025-04-07 06:56:04 --> Session: Class initialized using 'CodeIgniter\Session\Handlers\FileHandler' driver.
WARNING - 2025-04-07 06:56:04 --> Session: Sessions is enabled, and one exists. Please don't $session->start();
INFO - 2025-04-07 06:56:07 --> Session: Class initialized using 'CodeIgniter\Session\Handlers\FileHandler' driver.
WARNING - 2025-04-07 06:56:07 --> Session: Sessions is enabled, and one exists. Please don't $session->start();
INFO - 2025-04-07 06:56:27 --> Session: Class initialized using 'CodeIgniter\Session\Handlers\FileHandler' driver.
WARNING - 2025-04-07 06:56:27 --> Session: Sessions is enabled, and one exists. Please don't $session->start();
INFO - 2025-04-07 06:56:29 --> Session: Class initialized using 'CodeIgniter\Session\Handlers\FileHandler' driver.
WARNING - 2025-04-07 06:56:29 --> Session: Sessions is enabled, and one exists. Please don't $session->start();
INFO - 2025-04-07 06:57:31 --> Session: Class initialized using 'CodeIgniter\Session\Handlers\FileHandler' driver.
WARNING - 2025-04-07 06:57:31 --> Session: Sessions is enabled, and one exists. Please don't $session->start();
INFO - 2025-04-07 06:57:43 --> Session: Class initialized using 'CodeIgniter\Session\Handlers\FileHandler' driver.
WARNING - 2025-04-07 06:57:43 --> Session: Sessions is enabled, and one exists. Please don't $session->start();
INFO - 2025-04-07 06:58:10 --> Session: Class initialized using 'CodeIgniter\Session\Handlers\FileHandler' driver.
WARNING - 2025-04-07 06:58:10 --> Session: Sessions is enabled, and one exists. Please don't $session->start();
CRITICAL - 2025-04-07 06:58:10 --> Error: Cannot access protected property CodeIgniter\HTTP\Files\UploadedFile::$originalMimeType
[Method: POST, Route: admin/asset/edit/proses/landing-page]
in APPPATH\Controllers\Asset.php on line 38.
 1 SYSTEMPATH\CodeIgniter.php(933): App\Controllers\Asset->editAsset('landing-page')
 2 SYSTEMPATH\CodeIgniter.php(509): CodeIgniter\CodeIgniter->runController(Object(App\Controllers\Asset))
 3 SYSTEMPATH\CodeIgniter.php(355): CodeIgniter\CodeIgniter->handleRequest(null, Object(Config\Cache), false)
 4 SYSTEMPATH\Boot.php(312): CodeIgniter\CodeIgniter->run()
 5 SYSTEMPATH\Boot.php(67): CodeIgniter\Boot::runCodeIgniter(Object(CodeIgniter\CodeIgniter))
 6 FCPATH\index.php(56): CodeIgniter\Boot::bootWeb(Object(Config\Paths))
 7 SYSTEMPATH\Commands\Server\rewrite.php(49): require_once('D:\\Project\\dlbeauty\\public\\index.php')
INFO - 2025-04-07 06:58:50 --> Session: Class initialized using 'CodeIgniter\Session\Handlers\FileHandler' driver.
WARNING - 2025-04-07 06:58:50 --> Session: Sessions is enabled, and one exists. Please don't $session->start();
INFO - 2025-04-07 06:59:22 --> Session: Class initialized using 'CodeIgniter\Session\Handlers\FileHandler' driver.
WARNING - 2025-04-07 06:59:22 --> Session: Sessions is enabled, and one exists. Please don't $session->start();
INFO - 2025-04-07 07:00:06 --> Session: Class initialized using 'CodeIgniter\Session\Handlers\FileHandler' driver.
WARNING - 2025-04-07 07:00:06 --> Session: Sessions is enabled, and one exists. Please don't $session->start();
INFO - 2025-04-07 07:00:33 --> Session: Class initialized using 'CodeIgniter\Session\Handlers\FileHandler' driver.
WARNING - 2025-04-07 07:00:33 --> Session: Sessions is enabled, and one exists. Please don't $session->start();
INFO - 2025-04-07 07:01:58 --> Session: Class initialized using 'CodeIgniter\Session\Handlers\FileHandler' driver.
WARNING - 2025-04-07 07:01:58 --> Session: Sessions is enabled, and one exists. Please don't $session->start();
INFO - 2025-04-07 07:02:17 --> Session: Class initialized using 'CodeIgniter\Session\Handlers\FileHandler' driver.
WARNING - 2025-04-07 07:02:17 --> Session: Sessions is enabled, and one exists. Please don't $session->start();
INFO - 2025-04-07 07:02:30 --> Session: Class initialized using 'CodeIgniter\Session\Handlers\FileHandler' driver.
WARNING - 2025-04-07 07:02:30 --> Session: Sessions is enabled, and one exists. Please don't $session->start();
INFO - 2025-04-07 07:02:35 --> Session: Class initialized using 'CodeIgniter\Session\Handlers\FileHandler' driver.
WARNING - 2025-04-07 07:02:35 --> Session: Sessions is enabled, and one exists. Please don't $session->start();
INFO - 2025-04-07 07:02:37 --> Session: Class initialized using 'CodeIgniter\Session\Handlers\FileHandler' driver.
WARNING - 2025-04-07 07:02:37 --> Session: Sessions is enabled, and one exists. Please don't $session->start();
INFO - 2025-04-07 07:02:46 --> Session: Class initialized using 'CodeIgniter\Session\Handlers\FileHandler' driver.
WARNING - 2025-04-07 07:02:46 --> Session: Sessions is enabled, and one exists. Please don't $session->start();
INFO - 2025-04-07 07:08:15 --> Session: Class initialized using 'CodeIgniter\Session\Handlers\FileHandler' driver.
WARNING - 2025-04-07 07:08:15 --> Session: Sessions is enabled, and one exists. Please don't $session->start();
INFO - 2025-04-07 07:08:21 --> Session: Class initialized using 'CodeIgniter\Session\Handlers\FileHandler' driver.
WARNING - 2025-04-07 07:08:21 --> Session: Sessions is enabled, and one exists. Please don't $session->start();
INFO - 2025-04-07 07:08:45 --> Session: Class initialized using 'CodeIgniter\Session\Handlers\FileHandler' driver.
WARNING - 2025-04-07 07:08:45 --> Session: Sessions is enabled, and one exists. Please don't $session->start();
ERROR - 2025-04-07 07:08:45 --> mysqli_sql_exception: Unknown column 'text-tagline2-title' in 'field list' in D:\Project\dlbeauty\vendor\codeigniter4\framework\system\Database\MySQLi\Connection.php:308
Stack trace:
#0 D:\Project\dlbeauty\vendor\codeigniter4\framework\system\Database\MySQLi\Connection.php(308): mysqli->query('UPDATE `t_asset...', 0)
#1 D:\Project\dlbeauty\vendor\codeigniter4\framework\system\Database\BaseConnection.php(722): CodeIgniter\Database\MySQLi\Connection->execute('UPDATE `t_asset...')
#2 D:\Project\dlbeauty\vendor\codeigniter4\framework\system\Database\BaseConnection.php(636): CodeIgniter\Database\BaseConnection->simpleQuery('UPDATE `t_asset...')
#3 D:\Project\dlbeauty\vendor\codeigniter4\framework\system\Database\BaseBuilder.php(2497): CodeIgniter\Database\BaseConnection->query('UPDATE `t_asset...', Array, false)
#4 D:\Project\dlbeauty\app\Models\AssetModel.php(19): CodeIgniter\Database\BaseBuilder->update()
#5 D:\Project\dlbeauty\app\Controllers\Asset.php(58): App\Models\AssetModel->editAsset(Array, 1)
#6 D:\Project\dlbeauty\vendor\codeigniter4\framework\system\CodeIgniter.php(933): App\Controllers\Asset->editAsset('landing-page')
#7 D:\Project\dlbeauty\vendor\codeigniter4\framework\system\CodeIgniter.php(509): CodeIgniter\CodeIgniter->runController(Object(App\Controllers\Asset))
#8 D:\Project\dlbeauty\vendor\codeigniter4\framework\system\CodeIgniter.php(355): CodeIgniter\CodeIgniter->handleRequest(NULL, Object(Config\Cache), false)
#9 D:\Project\dlbeauty\vendor\codeigniter4\framework\system\Boot.php(312): CodeIgniter\CodeIgniter->run()
#10 D:\Project\dlbeauty\vendor\codeigniter4\framework\system\Boot.php(67): CodeIgniter\Boot::runCodeIgniter(Object(CodeIgniter\CodeIgniter))
#11 D:\Project\dlbeauty\public\index.php(56): CodeIgniter\Boot::bootWeb(Object(Config\Paths))
#12 D:\Project\dlbeauty\vendor\codeigniter4\framework\system\Commands\Server\rewrite.php(49): require_once('D:\\Project\\dlbe...')
#13 {main}
CRITICAL - 2025-04-07 07:08:45 --> CodeIgniter\Database\Exceptions\DatabaseException: Unknown column 'text-tagline2-title' in 'field list'
[Method: POST, Route: admin/asset/edit/proses/landing-page]
in SYSTEMPATH\Database\BaseConnection.php on line 676.
 1 SYSTEMPATH\Database\BaseBuilder.php(2497): CodeIgniter\Database\BaseConnection->query('UPDATE `t_asset` SET `asset_testimoni1` = :asset_testimoni1:, `asset_testimoni3` = :asset_testimoni3:, `text_home_title` = :text_home_title:, `text_home_subtitle` = :text_home_subtitle:, `text_home_deskripsi` = :text_home_deskripsi:, `text_tagline_title` = :text_tagline_title:, `text_tagline_subtitle` = :text_tagline_subtitle:, `text-tagline2-title` = :text-tagline2-title:
WHERE `id_asset` = :id_asset:', [...], false)
 2 APPPATH\Models\AssetModel.php(19): CodeIgniter\Database\BaseBuilder->update()
 3 APPPATH\Controllers\Asset.php(58): App\Models\AssetModel->editAsset([...], 1)
 4 SYSTEMPATH\CodeIgniter.php(933): App\Controllers\Asset->editAsset('landing-page')
 5 SYSTEMPATH\CodeIgniter.php(509): CodeIgniter\CodeIgniter->runController(Object(App\Controllers\Asset))
 6 SYSTEMPATH\CodeIgniter.php(355): CodeIgniter\CodeIgniter->handleRequest(null, Object(Config\Cache), false)
 7 SYSTEMPATH\Boot.php(312): CodeIgniter\CodeIgniter->run()
 8 SYSTEMPATH\Boot.php(67): CodeIgniter\Boot::runCodeIgniter(Object(CodeIgniter\CodeIgniter))
 9 FCPATH\index.php(56): CodeIgniter\Boot::bootWeb(Object(Config\Paths))
10 SYSTEMPATH\Commands\Server\rewrite.php(49): require_once('D:\\Project\\dlbeauty\\public\\index.php')
CRITICAL - 2025-04-07 07:08:45 --> [Caused by] CodeIgniter\Database\Exceptions\DatabaseException: Unknown column 'text-tagline2-title' in 'field list'
in SYSTEMPATH\Database\MySQLi\Connection.php on line 313.
 1 SYSTEMPATH\Database\BaseConnection.php(722): CodeIgniter\Database\MySQLi\Connection->execute('UPDATE `t_asset` SET `asset_testimoni1` = \'review1.mp4\', `asset_testimoni3` = \'1744009725_101e7bc09f6838f6d73d.webp\', `text_home_title` = \'Glowing Skin\', `text_home_subtitle` = \'For a Confident You\', `text_home_deskripsi` = \'Wujudkan versi terbaikmu dari kulit sehat, cerah, dan bersinar impian kamu\', `text_tagline_title` = \'21 Tahun Wujudkan Kulit Glowing Kamu\', `text_tagline_subtitle` = \'Pilihan Terbaik untuk Perawatan Kulit\', `text-tagline2-title` = \'Dirancang khusus untuk masalah kulit kamu\'
WHERE `id_asset` = 1')
 2 SYSTEMPATH\Database\BaseConnection.php(636): CodeIgniter\Database\BaseConnection->simpleQuery('UPDATE `t_asset` SET `asset_testimoni1` = \'review1.mp4\', `asset_testimoni3` = \'1744009725_101e7bc09f6838f6d73d.webp\', `text_home_title` = \'Glowing Skin\', `text_home_subtitle` = \'For a Confident You\', `text_home_deskripsi` = \'Wujudkan versi terbaikmu dari kulit sehat, cerah, dan bersinar impian kamu\', `text_tagline_title` = \'21 Tahun Wujudkan Kulit Glowing Kamu\', `text_tagline_subtitle` = \'Pilihan Terbaik untuk Perawatan Kulit\', `text-tagline2-title` = \'Dirancang khusus untuk masalah kulit kamu\'
WHERE `id_asset` = 1')
 3 SYSTEMPATH\Database\BaseBuilder.php(2497): CodeIgniter\Database\BaseConnection->query('UPDATE `t_asset` SET `asset_testimoni1` = :asset_testimoni1:, `asset_testimoni3` = :asset_testimoni3:, `text_home_title` = :text_home_title:, `text_home_subtitle` = :text_home_subtitle:, `text_home_deskripsi` = :text_home_deskripsi:, `text_tagline_title` = :text_tagline_title:, `text_tagline_subtitle` = :text_tagline_subtitle:, `text-tagline2-title` = :text-tagline2-title:
WHERE `id_asset` = :id_asset:', [...], false)
 4 APPPATH\Models\AssetModel.php(19): CodeIgniter\Database\BaseBuilder->update()
 5 APPPATH\Controllers\Asset.php(58): App\Models\AssetModel->editAsset([...], 1)
 6 SYSTEMPATH\CodeIgniter.php(933): App\Controllers\Asset->editAsset('landing-page')
 7 SYSTEMPATH\CodeIgniter.php(509): CodeIgniter\CodeIgniter->runController(Object(App\Controllers\Asset))
 8 SYSTEMPATH\CodeIgniter.php(355): CodeIgniter\CodeIgniter->handleRequest(null, Object(Config\Cache), false)
 9 SYSTEMPATH\Boot.php(312): CodeIgniter\CodeIgniter->run()
10 SYSTEMPATH\Boot.php(67): CodeIgniter\Boot::runCodeIgniter(Object(CodeIgniter\CodeIgniter))
11 FCPATH\index.php(56): CodeIgniter\Boot::bootWeb(Object(Config\Paths))
12 SYSTEMPATH\Commands\Server\rewrite.php(49): require_once('D:\\Project\\dlbeauty\\public\\index.php')
CRITICAL - 2025-04-07 07:08:45 --> [Caused by] mysqli_sql_exception: Unknown column 'text-tagline2-title' in 'field list'
in SYSTEMPATH\Database\MySQLi\Connection.php on line 308.
 1 SYSTEMPATH\Database\MySQLi\Connection.php(308): mysqli->query('UPDATE `t_asset` SET `asset_testimoni1` = \'review1.mp4\', `asset_testimoni3` = \'1744009725_101e7bc09f6838f6d73d.webp\', `text_home_title` = \'Glowing Skin\', `text_home_subtitle` = \'For a Confident You\', `text_home_deskripsi` = \'Wujudkan versi terbaikmu dari kulit sehat, cerah, dan bersinar impian kamu\', `text_tagline_title` = \'21 Tahun Wujudkan Kulit Glowing Kamu\', `text_tagline_subtitle` = \'Pilihan Terbaik untuk Perawatan Kulit\', `text-tagline2-title` = \'Dirancang khusus untuk masalah kulit kamu\'
WHERE `id_asset` = 1', 0)
 2 SYSTEMPATH\Database\BaseConnection.php(722): CodeIgniter\Database\MySQLi\Connection->execute('UPDATE `t_asset` SET `asset_testimoni1` = \'review1.mp4\', `asset_testimoni3` = \'1744009725_101e7bc09f6838f6d73d.webp\', `text_home_title` = \'Glowing Skin\', `text_home_subtitle` = \'For a Confident You\', `text_home_deskripsi` = \'Wujudkan versi terbaikmu dari kulit sehat, cerah, dan bersinar impian kamu\', `text_tagline_title` = \'21 Tahun Wujudkan Kulit Glowing Kamu\', `text_tagline_subtitle` = \'Pilihan Terbaik untuk Perawatan Kulit\', `text-tagline2-title` = \'Dirancang khusus untuk masalah kulit kamu\'
WHERE `id_asset` = 1')
 3 SYSTEMPATH\Database\BaseConnection.php(636): CodeIgniter\Database\BaseConnection->simpleQuery('UPDATE `t_asset` SET `asset_testimoni1` = \'review1.mp4\', `asset_testimoni3` = \'1744009725_101e7bc09f6838f6d73d.webp\', `text_home_title` = \'Glowing Skin\', `text_home_subtitle` = \'For a Confident You\', `text_home_deskripsi` = \'Wujudkan versi terbaikmu dari kulit sehat, cerah, dan bersinar impian kamu\', `text_tagline_title` = \'21 Tahun Wujudkan Kulit Glowing Kamu\', `text_tagline_subtitle` = \'Pilihan Terbaik untuk Perawatan Kulit\', `text-tagline2-title` = \'Dirancang khusus untuk masalah kulit kamu\'
WHERE `id_asset` = 1')
 4 SYSTEMPATH\Database\BaseBuilder.php(2497): CodeIgniter\Database\BaseConnection->query('UPDATE `t_asset` SET `asset_testimoni1` = :asset_testimoni1:, `asset_testimoni3` = :asset_testimoni3:, `text_home_title` = :text_home_title:, `text_home_subtitle` = :text_home_subtitle:, `text_home_deskripsi` = :text_home_deskripsi:, `text_tagline_title` = :text_tagline_title:, `text_tagline_subtitle` = :text_tagline_subtitle:, `text-tagline2-title` = :text-tagline2-title:
WHERE `id_asset` = :id_asset:', [...], false)
 5 APPPATH\Models\AssetModel.php(19): CodeIgniter\Database\BaseBuilder->update()
 6 APPPATH\Controllers\Asset.php(58): App\Models\AssetModel->editAsset([...], 1)
 7 SYSTEMPATH\CodeIgniter.php(933): App\Controllers\Asset->editAsset('landing-page')
 8 SYSTEMPATH\CodeIgniter.php(509): CodeIgniter\CodeIgniter->runController(Object(App\Controllers\Asset))
 9 SYSTEMPATH\CodeIgniter.php(355): CodeIgniter\CodeIgniter->handleRequest(null, Object(Config\Cache), false)
10 SYSTEMPATH\Boot.php(312): CodeIgniter\CodeIgniter->run()
11 SYSTEMPATH\Boot.php(67): CodeIgniter\Boot::runCodeIgniter(Object(CodeIgniter\CodeIgniter))
12 FCPATH\index.php(56): CodeIgniter\Boot::bootWeb(Object(Config\Paths))
13 SYSTEMPATH\Commands\Server\rewrite.php(49): require_once('D:\\Project\\dlbeauty\\public\\index.php')
INFO - 2025-04-07 07:10:27 --> Session: Class initialized using 'CodeIgniter\Session\Handlers\FileHandler' driver.
WARNING - 2025-04-07 07:10:27 --> Session: Sessions is enabled, and one exists. Please don't $session->start();
INFO - 2025-04-07 07:11:15 --> Session: Class initialized using 'CodeIgniter\Session\Handlers\FileHandler' driver.
WARNING - 2025-04-07 07:11:15 --> Session: Sessions is enabled, and one exists. Please don't $session->start();
CRITICAL - 2025-04-07 07:11:15 --> ErrorException: Trying to access array offset on value of type bool
[Method: POST, Route: admin/asset/edit/proses/landing-page]
in APPPATH\Helpers\convert_jpg_to_webp_helper.php on line 6.
 1 APPPATH\Helpers\convert_jpg_to_webp_helper.php(6): CodeIgniter\Debug\Exceptions->errorHandler(2, 'Trying to access array offset on value of type bool', 'D:\\Project\\dlbeauty\\app\\Helpers\\convert_jpg_to_webp_helper.php', 6)
 2 APPPATH\Controllers\Asset.php(80): convertToWebP('C:\\xampp\\tmp\\phpA186.tmp', 'D:\\Project\\dlbeauty\\public\\images/banner/asset_testimoni1/review3.mp4')
 3 SYSTEMPATH\CodeIgniter.php(933): App\Controllers\Asset->editAsset('landing-page')
 4 SYSTEMPATH\CodeIgniter.php(509): CodeIgniter\CodeIgniter->runController(Object(App\Controllers\Asset))
 5 SYSTEMPATH\CodeIgniter.php(355): CodeIgniter\CodeIgniter->handleRequest(null, Object(Config\Cache), false)
 6 SYSTEMPATH\Boot.php(312): CodeIgniter\CodeIgniter->run()
 7 SYSTEMPATH\Boot.php(67): CodeIgniter\Boot::runCodeIgniter(Object(CodeIgniter\CodeIgniter))
 8 FCPATH\index.php(56): CodeIgniter\Boot::bootWeb(Object(Config\Paths))
 9 SYSTEMPATH\Commands\Server\rewrite.php(49): require_once('D:\\Project\\dlbeauty\\public\\index.php')
INFO - 2025-04-07 07:12:33 --> Session: Class initialized using 'CodeIgniter\Session\Handlers\FileHandler' driver.
WARNING - 2025-04-07 07:12:33 --> Session: Sessions is enabled, and one exists. Please don't $session->start();
INFO - 2025-04-07 07:13:13 --> Session: Class initialized using 'CodeIgniter\Session\Handlers\FileHandler' driver.
WARNING - 2025-04-07 07:13:13 --> Session: Sessions is enabled, and one exists. Please don't $session->start();
INFO - 2025-04-07 07:13:55 --> Session: Class initialized using 'CodeIgniter\Session\Handlers\FileHandler' driver.
WARNING - 2025-04-07 07:13:55 --> Session: Sessions is enabled, and one exists. Please don't $session->start();
INFO - 2025-04-07 07:14:08 --> Session: Class initialized using 'CodeIgniter\Session\Handlers\FileHandler' driver.
WARNING - 2025-04-07 07:14:08 --> Session: Sessions is enabled, and one exists. Please don't $session->start();
INFO - 2025-04-07 07:14:18 --> Session: Class initialized using 'CodeIgniter\Session\Handlers\FileHandler' driver.
WARNING - 2025-04-07 07:14:18 --> Session: Sessions is enabled, and one exists. Please don't $session->start();
INFO - 2025-04-07 07:15:39 --> Session: Class initialized using 'CodeIgniter\Session\Handlers\FileHandler' driver.
WARNING - 2025-04-07 07:15:39 --> Session: Sessions is enabled, and one exists. Please don't $session->start();
INFO - 2025-04-07 07:16:14 --> Session: Class initialized using 'CodeIgniter\Session\Handlers\FileHandler' driver.
WARNING - 2025-04-07 07:16:14 --> Session: Sessions is enabled, and one exists. Please don't $session->start();
INFO - 2025-04-07 07:16:27 --> Session: Class initialized using 'CodeIgniter\Session\Handlers\FileHandler' driver.
WARNING - 2025-04-07 07:16:27 --> Session: Sessions is enabled, and one exists. Please don't $session->start();
INFO - 2025-04-07 07:17:21 --> Session: Class initialized using 'CodeIgniter\Session\Handlers\FileHandler' driver.
WARNING - 2025-04-07 07:17:21 --> Session: Sessions is enabled, and one exists. Please don't $session->start();
INFO - 2025-04-07 07:18:39 --> Session: Class initialized using 'CodeIgniter\Session\Handlers\FileHandler' driver.
WARNING - 2025-04-07 07:18:39 --> Session: Sessions is enabled, and one exists. Please don't $session->start();
INFO - 2025-04-07 07:18:46 --> Session: Class initialized using 'CodeIgniter\Session\Handlers\FileHandler' driver.
WARNING - 2025-04-07 07:18:46 --> Session: Sessions is enabled, and one exists. Please don't $session->start();
INFO - 2025-04-07 07:19:02 --> Session: Class initialized using 'CodeIgniter\Session\Handlers\FileHandler' driver.
WARNING - 2025-04-07 07:19:02 --> Session: Sessions is enabled, and one exists. Please don't $session->start();
INFO - 2025-04-07 07:19:21 --> Session: Class initialized using 'CodeIgniter\Session\Handlers\FileHandler' driver.
WARNING - 2025-04-07 07:19:21 --> Session: Sessions is enabled, and one exists. Please don't $session->start();
CRITICAL - 2025-04-07 07:19:22 --> ErrorException: Trying to access array offset on value of type bool
[Method: POST, Route: admin/asset/edit/proses/landing-page]
in APPPATH\Helpers\convert_jpg_to_webp_helper.php on line 6.
 1 APPPATH\Helpers\convert_jpg_to_webp_helper.php(6): CodeIgniter\Debug\Exceptions->errorHandler(2, 'Trying to access array offset on value of type bool', 'D:\\Project\\dlbeauty\\app\\Helpers\\convert_jpg_to_webp_helper.php', 6)
 2 APPPATH\Controllers\Asset.php(84): convertToWebP('C:\\xampp\\tmp\\phpC01.tmp', 'D:\\Project\\dlbeauty\\public\\testimoni/review2.mp4')
 3 SYSTEMPATH\CodeIgniter.php(933): App\Controllers\Asset->editAsset('landing-page')
 4 SYSTEMPATH\CodeIgniter.php(509): CodeIgniter\CodeIgniter->runController(Object(App\Controllers\Asset))
 5 SYSTEMPATH\CodeIgniter.php(355): CodeIgniter\CodeIgniter->handleRequest(null, Object(Config\Cache), false)
 6 SYSTEMPATH\Boot.php(312): CodeIgniter\CodeIgniter->run()
 7 SYSTEMPATH\Boot.php(67): CodeIgniter\Boot::runCodeIgniter(Object(CodeIgniter\CodeIgniter))
 8 FCPATH\index.php(56): CodeIgniter\Boot::bootWeb(Object(Config\Paths))
 9 SYSTEMPATH\Commands\Server\rewrite.php(49): require_once('D:\\Project\\dlbeauty\\public\\index.php')
INFO - 2025-04-07 07:19:29 --> Session: Class initialized using 'CodeIgniter\Session\Handlers\FileHandler' driver.
WARNING - 2025-04-07 07:19:29 --> Session: Sessions is enabled, and one exists. Please don't $session->start();
INFO - 2025-04-07 07:20:22 --> Session: Class initialized using 'CodeIgniter\Session\Handlers\FileHandler' driver.
WARNING - 2025-04-07 07:20:22 --> Session: Sessions is enabled, and one exists. Please don't $session->start();
INFO - 2025-04-07 07:22:23 --> Session: Class initialized using 'CodeIgniter\Session\Handlers\FileHandler' driver.
WARNING - 2025-04-07 07:22:23 --> Session: Sessions is enabled, and one exists. Please don't $session->start();
INFO - 2025-04-07 07:22:48 --> Session: Class initialized using 'CodeIgniter\Session\Handlers\FileHandler' driver.
WARNING - 2025-04-07 07:22:48 --> Session: Sessions is enabled, and one exists. Please don't $session->start();
INFO - 2025-04-07 07:22:48 --> Session: Class initialized using 'CodeIgniter\Session\Handlers\FileHandler' driver.
WARNING - 2025-04-07 07:22:48 --> Session: Sessions is enabled, and one exists. Please don't $session->start();
INFO - 2025-04-07 07:23:26 --> Session: Class initialized using 'CodeIgniter\Session\Handlers\FileHandler' driver.
WARNING - 2025-04-07 07:23:26 --> Session: Sessions is enabled, and one exists. Please don't $session->start();
INFO - 2025-04-07 07:23:26 --> Session: Class initialized using 'CodeIgniter\Session\Handlers\FileHandler' driver.
WARNING - 2025-04-07 07:23:26 --> Session: Sessions is enabled, and one exists. Please don't $session->start();
INFO - 2025-04-07 07:24:35 --> Session: Class initialized using 'CodeIgniter\Session\Handlers\FileHandler' driver.
WARNING - 2025-04-07 07:24:35 --> Session: Sessions is enabled, and one exists. Please don't $session->start();
CRITICAL - 2025-04-07 07:24:35 --> CodeIgniter\View\Exceptions\ViewException: Invalid file: "admin/asset/index.php"
[Method: GET, Route: admin/asset]
in SYSTEMPATH\Exceptions\FrameworkException.php on line 41.
 1 SYSTEMPATH\View\View.php(222): CodeIgniter\Exceptions\FrameworkException::forInvalidFile('admin/asset/index.php')
 2 SYSTEMPATH\Common.php(1171): CodeIgniter\View\View->render('admin/asset/index', [], true)
 3 APPPATH\Controllers\Admin.php(1093): view('admin/asset/index', [...])
 4 SYSTEMPATH\CodeIgniter.php(933): App\Controllers\Admin->viewAsset()
 5 SYSTEMPATH\CodeIgniter.php(509): CodeIgniter\CodeIgniter->runController(Object(App\Controllers\Admin))
 6 SYSTEMPATH\CodeIgniter.php(355): CodeIgniter\CodeIgniter->handleRequest(null, Object(Config\Cache), false)
 7 SYSTEMPATH\Boot.php(312): CodeIgniter\CodeIgniter->run()
 8 SYSTEMPATH\Boot.php(67): CodeIgniter\Boot::runCodeIgniter(Object(CodeIgniter\CodeIgniter))
 9 FCPATH\index.php(56): CodeIgniter\Boot::bootWeb(Object(Config\Paths))
10 SYSTEMPATH\Commands\Server\rewrite.php(49): require_once('D:\\Project\\dlbeauty\\public\\index.php')
INFO - 2025-04-07 07:24:56 --> Session: Class initialized using 'CodeIgniter\Session\Handlers\FileHandler' driver.
WARNING - 2025-04-07 07:24:56 --> Session: Sessions is enabled, and one exists. Please don't $session->start();
INFO - 2025-04-07 07:25:45 --> Session: Class initialized using 'CodeIgniter\Session\Handlers\FileHandler' driver.
WARNING - 2025-04-07 07:25:45 --> Session: Sessions is enabled, and one exists. Please don't $session->start();
INFO - 2025-04-07 07:26:09 --> Session: Class initialized using 'CodeIgniter\Session\Handlers\FileHandler' driver.
WARNING - 2025-04-07 07:26:09 --> Session: Sessions is enabled, and one exists. Please don't $session->start();
INFO - 2025-04-07 07:26:09 --> Session: Class initialized using 'CodeIgniter\Session\Handlers\FileHandler' driver.
WARNING - 2025-04-07 07:26:09 --> Session: Sessions is enabled, and one exists. Please don't $session->start();
INFO - 2025-04-07 07:26:32 --> Session: Class initialized using 'CodeIgniter\Session\Handlers\FileHandler' driver.
WARNING - 2025-04-07 07:26:32 --> Session: Sessions is enabled, and one exists. Please don't $session->start();
INFO - 2025-04-07 07:28:34 --> Session: Class initialized using 'CodeIgniter\Session\Handlers\FileHandler' driver.
WARNING - 2025-04-07 07:28:34 --> Session: Sessions is enabled, and one exists. Please don't $session->start();
INFO - 2025-04-07 07:30:51 --> Session: Class initialized using 'CodeIgniter\Session\Handlers\FileHandler' driver.
WARNING - 2025-04-07 07:30:51 --> Session: Sessions is enabled, and one exists. Please don't $session->start();
ERROR - 2025-04-07 07:30:51 --> mysqli_sql_exception: Unknown column 'home' in 'field list' in D:\Project\dlbeauty\vendor\codeigniter4\framework\system\Database\MySQLi\Connection.php:308
Stack trace:
#0 D:\Project\dlbeauty\vendor\codeigniter4\framework\system\Database\MySQLi\Connection.php(308): mysqli->query('UPDATE `t_asset...', 0)
#1 D:\Project\dlbeauty\vendor\codeigniter4\framework\system\Database\BaseConnection.php(722): CodeIgniter\Database\MySQLi\Connection->execute('UPDATE `t_asset...')
#2 D:\Project\dlbeauty\vendor\codeigniter4\framework\system\Database\BaseConnection.php(636): CodeIgniter\Database\BaseConnection->simpleQuery('UPDATE `t_asset...')
#3 D:\Project\dlbeauty\vendor\codeigniter4\framework\system\Database\BaseBuilder.php(2497): CodeIgniter\Database\BaseConnection->query('UPDATE `t_asset...', Array, false)
#4 D:\Project\dlbeauty\app\Models\AssetModel.php(19): CodeIgniter\Database\BaseBuilder->update()
#5 D:\Project\dlbeauty\app\Controllers\Asset.php(58): App\Models\AssetModel->editAsset(Array, 1)
#6 D:\Project\dlbeauty\vendor\codeigniter4\framework\system\CodeIgniter.php(933): App\Controllers\Asset->editAsset('landing-page')
#7 D:\Project\dlbeauty\vendor\codeigniter4\framework\system\CodeIgniter.php(509): CodeIgniter\CodeIgniter->runController(Object(App\Controllers\Asset))
#8 D:\Project\dlbeauty\vendor\codeigniter4\framework\system\CodeIgniter.php(355): CodeIgniter\CodeIgniter->handleRequest(NULL, Object(Config\Cache), false)
#9 D:\Project\dlbeauty\vendor\codeigniter4\framework\system\Boot.php(312): CodeIgniter\CodeIgniter->run()
#10 D:\Project\dlbeauty\vendor\codeigniter4\framework\system\Boot.php(67): CodeIgniter\Boot::runCodeIgniter(Object(CodeIgniter\CodeIgniter))
#11 D:\Project\dlbeauty\public\index.php(56): CodeIgniter\Boot::bootWeb(Object(Config\Paths))
#12 D:\Project\dlbeauty\vendor\codeigniter4\framework\system\Commands\Server\rewrite.php(49): require_once('D:\\Project\\dlbe...')
#13 {main}
CRITICAL - 2025-04-07 07:30:51 --> CodeIgniter\Database\Exceptions\DatabaseException: Unknown column 'home' in 'field list'
[Method: POST, Route: admin/asset/edit/proses/landing-page]
in SYSTEMPATH\Database\BaseConnection.php on line 676.
 1 SYSTEMPATH\Database\BaseBuilder.php(2497): CodeIgniter\Database\BaseConnection->query('UPDATE `t_asset` SET `home` = :home:, `tagline` = :tagline:, `klinik` = :klinik:, `perawatan` = :perawatan:, `solusi` = :solusi:, `tagline2` = :tagline2:, `testimoni` = :testimoni:, `asset_testimoni1` = :asset_testimoni1:, `asset_testimoni2` = :asset_testimoni2:, `asset_testimoni3` = :asset_testimoni3:, `asset_testimoni4` = :asset_testimoni4:, `text_home_title` = :text_home_title:, `text_home_subtitle` = :text_home_subtitle:, `text_home_deskripsi` = :text_home_deskripsi:, `text_tagline_title` = :text_tagline_title:, `text_tagline_subtitle` = :text_tagline_subtitle:, `text_tagline2_title` = :text_tagline2_title:
WHERE `id_asset` = :id_asset:', [...], false)
 2 APPPATH\Models\AssetModel.php(19): CodeIgniter\Database\BaseBuilder->update()
 3 APPPATH\Controllers\Asset.php(58): App\Models\AssetModel->editAsset([...], 1)
 4 SYSTEMPATH\CodeIgniter.php(933): App\Controllers\Asset->editAsset('landing-page')
 5 SYSTEMPATH\CodeIgniter.php(509): CodeIgniter\CodeIgniter->runController(Object(App\Controllers\Asset))
 6 SYSTEMPATH\CodeIgniter.php(355): CodeIgniter\CodeIgniter->handleRequest(null, Object(Config\Cache), false)
 7 SYSTEMPATH\Boot.php(312): CodeIgniter\CodeIgniter->run()
 8 SYSTEMPATH\Boot.php(67): CodeIgniter\Boot::runCodeIgniter(Object(CodeIgniter\CodeIgniter))
 9 FCPATH\index.php(56): CodeIgniter\Boot::bootWeb(Object(Config\Paths))
10 SYSTEMPATH\Commands\Server\rewrite.php(49): require_once('D:\\Project\\dlbeauty\\public\\index.php')
CRITICAL - 2025-04-07 07:30:51 --> [Caused by] CodeIgniter\Database\Exceptions\DatabaseException: Unknown column 'home' in 'field list'
in SYSTEMPATH\Database\MySQLi\Connection.php on line 313.
 1 SYSTEMPATH\Database\BaseConnection.php(722): CodeIgniter\Database\MySQLi\Connection->execute('UPDATE `t_asset` SET `home` = \'1744011051_4bcdd94cb0913d5a704d.webp\', `tagline` = \'1744011051_5365789348c16cda64de.webp\', `klinik` = \'1744011051_1d93b79f082770ca62d7.webp\', `perawatan` = \'1744011051_a2ca0705050a20dde4df.webp\', `solusi` = \'1744011051_c4e25570d97d696d18e9.webp\', `tagline2` = \'1744011051_37f8f5aec6bf93b75a37.webp\', `testimoni` = \'1744011051_3cae8795c2e4e67d2db6.webp\', `asset_testimoni1` = \'1744011051_909a8eff2910610388b9.webp\', `asset_testimoni2` = \'1744011051_8a54ddb5492d5618860f.webp\', `asset_testimoni3` = \'review2.mp4\', `asset_testimoni4` = \'review3.mp4\', `text_home_title` = \'Glowing Skinnn\', `text_home_subtitle` = \'For a Confident Youuu\', `text_home_deskripsi` = \'Wujudkan versi terbaikmu dari kulit sehat, cerah, dan bersinar impian kamu kamu\', `text_tagline_title` = \'21 Tahun Wujudkan Kulit Glowing Kamuuuu\', `text_tagline_subtitle` = \'Pilihan Terbaik untuk Perawatan Kulittttt\', `text_tagline2_title` = \'Dirancang khusus untuk masalah kulit aww\'
WHERE `id_asset` = 1')
 2 SYSTEMPATH\Database\BaseConnection.php(636): CodeIgniter\Database\BaseConnection->simpleQuery('UPDATE `t_asset` SET `home` = \'1744011051_4bcdd94cb0913d5a704d.webp\', `tagline` = \'1744011051_5365789348c16cda64de.webp\', `klinik` = \'1744011051_1d93b79f082770ca62d7.webp\', `perawatan` = \'1744011051_a2ca0705050a20dde4df.webp\', `solusi` = \'1744011051_c4e25570d97d696d18e9.webp\', `tagline2` = \'1744011051_37f8f5aec6bf93b75a37.webp\', `testimoni` = \'1744011051_3cae8795c2e4e67d2db6.webp\', `asset_testimoni1` = \'1744011051_909a8eff2910610388b9.webp\', `asset_testimoni2` = \'1744011051_8a54ddb5492d5618860f.webp\', `asset_testimoni3` = \'review2.mp4\', `asset_testimoni4` = \'review3.mp4\', `text_home_title` = \'Glowing Skinnn\', `text_home_subtitle` = \'For a Confident Youuu\', `text_home_deskripsi` = \'Wujudkan versi terbaikmu dari kulit sehat, cerah, dan bersinar impian kamu kamu\', `text_tagline_title` = \'21 Tahun Wujudkan Kulit Glowing Kamuuuu\', `text_tagline_subtitle` = \'Pilihan Terbaik untuk Perawatan Kulittttt\', `text_tagline2_title` = \'Dirancang khusus untuk masalah kulit aww\'
WHERE `id_asset` = 1')
 3 SYSTEMPATH\Database\BaseBuilder.php(2497): CodeIgniter\Database\BaseConnection->query('UPDATE `t_asset` SET `home` = :home:, `tagline` = :tagline:, `klinik` = :klinik:, `perawatan` = :perawatan:, `solusi` = :solusi:, `tagline2` = :tagline2:, `testimoni` = :testimoni:, `asset_testimoni1` = :asset_testimoni1:, `asset_testimoni2` = :asset_testimoni2:, `asset_testimoni3` = :asset_testimoni3:, `asset_testimoni4` = :asset_testimoni4:, `text_home_title` = :text_home_title:, `text_home_subtitle` = :text_home_subtitle:, `text_home_deskripsi` = :text_home_deskripsi:, `text_tagline_title` = :text_tagline_title:, `text_tagline_subtitle` = :text_tagline_subtitle:, `text_tagline2_title` = :text_tagline2_title:
WHERE `id_asset` = :id_asset:', [...], false)
 4 APPPATH\Models\AssetModel.php(19): CodeIgniter\Database\BaseBuilder->update()
 5 APPPATH\Controllers\Asset.php(58): App\Models\AssetModel->editAsset([...], 1)
 6 SYSTEMPATH\CodeIgniter.php(933): App\Controllers\Asset->editAsset('landing-page')
 7 SYSTEMPATH\CodeIgniter.php(509): CodeIgniter\CodeIgniter->runController(Object(App\Controllers\Asset))
 8 SYSTEMPATH\CodeIgniter.php(355): CodeIgniter\CodeIgniter->handleRequest(null, Object(Config\Cache), false)
 9 SYSTEMPATH\Boot.php(312): CodeIgniter\CodeIgniter->run()
10 SYSTEMPATH\Boot.php(67): CodeIgniter\Boot::runCodeIgniter(Object(CodeIgniter\CodeIgniter))
11 FCPATH\index.php(56): CodeIgniter\Boot::bootWeb(Object(Config\Paths))
12 SYSTEMPATH\Commands\Server\rewrite.php(49): require_once('D:\\Project\\dlbeauty\\public\\index.php')
CRITICAL - 2025-04-07 07:30:51 --> [Caused by] mysqli_sql_exception: Unknown column 'home' in 'field list'
in SYSTEMPATH\Database\MySQLi\Connection.php on line 308.
 1 SYSTEMPATH\Database\MySQLi\Connection.php(308): mysqli->query('UPDATE `t_asset` SET `home` = \'1744011051_4bcdd94cb0913d5a704d.webp\', `tagline` = \'1744011051_5365789348c16cda64de.webp\', `klinik` = \'1744011051_1d93b79f082770ca62d7.webp\', `perawatan` = \'1744011051_a2ca0705050a20dde4df.webp\', `solusi` = \'1744011051_c4e25570d97d696d18e9.webp\', `tagline2` = \'1744011051_37f8f5aec6bf93b75a37.webp\', `testimoni` = \'1744011051_3cae8795c2e4e67d2db6.webp\', `asset_testimoni1` = \'1744011051_909a8eff2910610388b9.webp\', `asset_testimoni2` = \'1744011051_8a54ddb5492d5618860f.webp\', `asset_testimoni3` = \'review2.mp4\', `asset_testimoni4` = \'review3.mp4\', `text_home_title` = \'Glowing Skinnn\', `text_home_subtitle` = \'For a Confident Youuu\', `text_home_deskripsi` = \'Wujudkan versi terbaikmu dari kulit sehat, cerah, dan bersinar impian kamu kamu\', `text_tagline_title` = \'21 Tahun Wujudkan Kulit Glowing Kamuuuu\', `text_tagline_subtitle` = \'Pilihan Terbaik untuk Perawatan Kulittttt\', `text_tagline2_title` = \'Dirancang khusus untuk masalah kulit aww\'
WHERE `id_asset` = 1', 0)
 2 SYSTEMPATH\Database\BaseConnection.php(722): CodeIgniter\Database\MySQLi\Connection->execute('UPDATE `t_asset` SET `home` = \'1744011051_4bcdd94cb0913d5a704d.webp\', `tagline` = \'1744011051_5365789348c16cda64de.webp\', `klinik` = \'1744011051_1d93b79f082770ca62d7.webp\', `perawatan` = \'1744011051_a2ca0705050a20dde4df.webp\', `solusi` = \'1744011051_c4e25570d97d696d18e9.webp\', `tagline2` = \'1744011051_37f8f5aec6bf93b75a37.webp\', `testimoni` = \'1744011051_3cae8795c2e4e67d2db6.webp\', `asset_testimoni1` = \'1744011051_909a8eff2910610388b9.webp\', `asset_testimoni2` = \'1744011051_8a54ddb5492d5618860f.webp\', `asset_testimoni3` = \'review2.mp4\', `asset_testimoni4` = \'review3.mp4\', `text_home_title` = \'Glowing Skinnn\', `text_home_subtitle` = \'For a Confident Youuu\', `text_home_deskripsi` = \'Wujudkan versi terbaikmu dari kulit sehat, cerah, dan bersinar impian kamu kamu\', `text_tagline_title` = \'21 Tahun Wujudkan Kulit Glowing Kamuuuu\', `text_tagline_subtitle` = \'Pilihan Terbaik untuk Perawatan Kulittttt\', `text_tagline2_title` = \'Dirancang khusus untuk masalah kulit aww\'
WHERE `id_asset` = 1')
 3 SYSTEMPATH\Database\BaseConnection.php(636): CodeIgniter\Database\BaseConnection->simpleQuery('UPDATE `t_asset` SET `home` = \'1744011051_4bcdd94cb0913d5a704d.webp\', `tagline` = \'1744011051_5365789348c16cda64de.webp\', `klinik` = \'1744011051_1d93b79f082770ca62d7.webp\', `perawatan` = \'1744011051_a2ca0705050a20dde4df.webp\', `solusi` = \'1744011051_c4e25570d97d696d18e9.webp\', `tagline2` = \'1744011051_37f8f5aec6bf93b75a37.webp\', `testimoni` = \'1744011051_3cae8795c2e4e67d2db6.webp\', `asset_testimoni1` = \'1744011051_909a8eff2910610388b9.webp\', `asset_testimoni2` = \'1744011051_8a54ddb5492d5618860f.webp\', `asset_testimoni3` = \'review2.mp4\', `asset_testimoni4` = \'review3.mp4\', `text_home_title` = \'Glowing Skinnn\', `text_home_subtitle` = \'For a Confident Youuu\', `text_home_deskripsi` = \'Wujudkan versi terbaikmu dari kulit sehat, cerah, dan bersinar impian kamu kamu\', `text_tagline_title` = \'21 Tahun Wujudkan Kulit Glowing Kamuuuu\', `text_tagline_subtitle` = \'Pilihan Terbaik untuk Perawatan Kulittttt\', `text_tagline2_title` = \'Dirancang khusus untuk masalah kulit aww\'
WHERE `id_asset` = 1')
 4 SYSTEMPATH\Database\BaseBuilder.php(2497): CodeIgniter\Database\BaseConnection->query('UPDATE `t_asset` SET `home` = :home:, `tagline` = :tagline:, `klinik` = :klinik:, `perawatan` = :perawatan:, `solusi` = :solusi:, `tagline2` = :tagline2:, `testimoni` = :testimoni:, `asset_testimoni1` = :asset_testimoni1:, `asset_testimoni2` = :asset_testimoni2:, `asset_testimoni3` = :asset_testimoni3:, `asset_testimoni4` = :asset_testimoni4:, `text_home_title` = :text_home_title:, `text_home_subtitle` = :text_home_subtitle:, `text_home_deskripsi` = :text_home_deskripsi:, `text_tagline_title` = :text_tagline_title:, `text_tagline_subtitle` = :text_tagline_subtitle:, `text_tagline2_title` = :text_tagline2_title:
WHERE `id_asset` = :id_asset:', [...], false)
 5 APPPATH\Models\AssetModel.php(19): CodeIgniter\Database\BaseBuilder->update()
 6 APPPATH\Controllers\Asset.php(58): App\Models\AssetModel->editAsset([...], 1)
 7 SYSTEMPATH\CodeIgniter.php(933): App\Controllers\Asset->editAsset('landing-page')
 8 SYSTEMPATH\CodeIgniter.php(509): CodeIgniter\CodeIgniter->runController(Object(App\Controllers\Asset))
 9 SYSTEMPATH\CodeIgniter.php(355): CodeIgniter\CodeIgniter->handleRequest(null, Object(Config\Cache), false)
10 SYSTEMPATH\Boot.php(312): CodeIgniter\CodeIgniter->run()
11 SYSTEMPATH\Boot.php(67): CodeIgniter\Boot::runCodeIgniter(Object(CodeIgniter\CodeIgniter))
12 FCPATH\index.php(56): CodeIgniter\Boot::bootWeb(Object(Config\Paths))
13 SYSTEMPATH\Commands\Server\rewrite.php(49): require_once('D:\\Project\\dlbeauty\\public\\index.php')
INFO - 2025-04-07 07:33:43 --> Session: Class initialized using 'CodeIgniter\Session\Handlers\FileHandler' driver.
WARNING - 2025-04-07 07:33:43 --> Session: Sessions is enabled, and one exists. Please don't $session->start();
INFO - 2025-04-07 07:35:22 --> Session: Class initialized using 'CodeIgniter\Session\Handlers\FileHandler' driver.
WARNING - 2025-04-07 07:35:22 --> Session: Sessions is enabled, and one exists. Please don't $session->start();
INFO - 2025-04-07 07:35:25 --> Session: Class initialized using 'CodeIgniter\Session\Handlers\FileHandler' driver.
WARNING - 2025-04-07 07:35:25 --> Session: Sessions is enabled, and one exists. Please don't $session->start();
INFO - 2025-04-07 07:41:36 --> Session: Class initialized using 'CodeIgniter\Session\Handlers\FileHandler' driver.
WARNING - 2025-04-07 07:41:36 --> Session: Sessions is enabled, and one exists. Please don't $session->start();
INFO - 2025-04-07 07:43:07 --> Session: Class initialized using 'CodeIgniter\Session\Handlers\FileHandler' driver.
WARNING - 2025-04-07 07:43:07 --> Session: Sessions is enabled, and one exists. Please don't $session->start();
INFO - 2025-04-07 07:43:15 --> Session: Class initialized using 'CodeIgniter\Session\Handlers\FileHandler' driver.
WARNING - 2025-04-07 07:43:15 --> Session: Sessions is enabled, and one exists. Please don't $session->start();
INFO - 2025-04-07 07:45:03 --> Session: Class initialized using 'CodeIgniter\Session\Handlers\FileHandler' driver.
WARNING - 2025-04-07 07:45:03 --> Session: Sessions is enabled, and one exists. Please don't $session->start();
INFO - 2025-04-07 07:47:01 --> Session: Class initialized using 'CodeIgniter\Session\Handlers\FileHandler' driver.
WARNING - 2025-04-07 07:47:01 --> Session: Sessions is enabled, and one exists. Please don't $session->start();
INFO - 2025-04-07 07:47:08 --> Session: Class initialized using 'CodeIgniter\Session\Handlers\FileHandler' driver.
WARNING - 2025-04-07 07:47:08 --> Session: Sessions is enabled, and one exists. Please don't $session->start();
INFO - 2025-04-07 07:47:20 --> Session: Class initialized using 'CodeIgniter\Session\Handlers\FileHandler' driver.
WARNING - 2025-04-07 07:47:20 --> Session: Sessions is enabled, and one exists. Please don't $session->start();
INFO - 2025-04-07 07:48:46 --> Session: Class initialized using 'CodeIgniter\Session\Handlers\FileHandler' driver.
WARNING - 2025-04-07 07:48:46 --> Session: Sessions is enabled, and one exists. Please don't $session->start();
INFO - 2025-04-07 07:48:53 --> Session: Class initialized using 'CodeIgniter\Session\Handlers\FileHandler' driver.
WARNING - 2025-04-07 07:48:53 --> Session: Sessions is enabled, and one exists. Please don't $session->start();
INFO - 2025-04-07 07:49:03 --> Session: Class initialized using 'CodeIgniter\Session\Handlers\FileHandler' driver.
WARNING - 2025-04-07 07:49:03 --> Session: Sessions is enabled, and one exists. Please don't $session->start();
INFO - 2025-04-07 07:49:37 --> Session: Class initialized using 'CodeIgniter\Session\Handlers\FileHandler' driver.
WARNING - 2025-04-07 07:49:37 --> Session: Sessions is enabled, and one exists. Please don't $session->start();
INFO - 2025-04-07 07:50:18 --> Session: Class initialized using 'CodeIgniter\Session\Handlers\FileHandler' driver.
WARNING - 2025-04-07 07:50:18 --> Session: Sessions is enabled, and one exists. Please don't $session->start();
INFO - 2025-04-07 07:51:19 --> Session: Class initialized using 'CodeIgniter\Session\Handlers\FileHandler' driver.
WARNING - 2025-04-07 07:51:19 --> Session: Sessions is enabled, and one exists. Please don't $session->start();
INFO - 2025-04-07 07:53:11 --> Session: Class initialized using 'CodeIgniter\Session\Handlers\FileHandler' driver.
WARNING - 2025-04-07 07:53:11 --> Session: Sessions is enabled, and one exists. Please don't $session->start();
INFO - 2025-04-07 07:53:31 --> Session: Class initialized using 'CodeIgniter\Session\Handlers\FileHandler' driver.
WARNING - 2025-04-07 07:53:31 --> Session: Sessions is enabled, and one exists. Please don't $session->start();
INFO - 2025-04-07 07:53:31 --> Session: Class initialized using 'CodeIgniter\Session\Handlers\FileHandler' driver.
WARNING - 2025-04-07 07:53:31 --> Session: Sessions is enabled, and one exists. Please don't $session->start();
INFO - 2025-04-07 07:53:36 --> Session: Class initialized using 'CodeIgniter\Session\Handlers\FileHandler' driver.
WARNING - 2025-04-07 07:53:36 --> Session: Sessions is enabled, and one exists. Please don't $session->start();
INFO - 2025-04-07 07:56:25 --> Session: Class initialized using 'CodeIgniter\Session\Handlers\FileHandler' driver.
WARNING - 2025-04-07 07:56:25 --> Session: Sessions is enabled, and one exists. Please don't $session->start();
INFO - 2025-04-07 07:56:37 --> Session: Class initialized using 'CodeIgniter\Session\Handlers\FileHandler' driver.
WARNING - 2025-04-07 07:56:37 --> Session: Sessions is enabled, and one exists. Please don't $session->start();
INFO - 2025-04-07 07:57:31 --> Session: Class initialized using 'CodeIgniter\Session\Handlers\FileHandler' driver.
WARNING - 2025-04-07 07:57:31 --> Session: Sessions is enabled, and one exists. Please don't $session->start();
INFO - 2025-04-07 07:58:32 --> Session: Class initialized using 'CodeIgniter\Session\Handlers\FileHandler' driver.
WARNING - 2025-04-07 07:58:32 --> Session: Sessions is enabled, and one exists. Please don't $session->start();
INFO - 2025-04-07 08:10:41 --> Session: Class initialized using 'CodeIgniter\Session\Handlers\FileHandler' driver.
WARNING - 2025-04-07 08:10:41 --> Session: Sessions is enabled, and one exists. Please don't $session->start();
INFO - 2025-04-07 08:10:55 --> Session: Class initialized using 'CodeIgniter\Session\Handlers\FileHandler' driver.
WARNING - 2025-04-07 08:10:55 --> Session: Sessions is enabled, and one exists. Please don't $session->start();
INFO - 2025-04-07 08:11:13 --> Session: Class initialized using 'CodeIgniter\Session\Handlers\FileHandler' driver.
WARNING - 2025-04-07 08:11:13 --> Session: Sessions is enabled, and one exists. Please don't $session->start();
INFO - 2025-04-07 08:12:35 --> Session: Class initialized using 'CodeIgniter\Session\Handlers\FileHandler' driver.
WARNING - 2025-04-07 08:12:35 --> Session: Sessions is enabled, and one exists. Please don't $session->start();
INFO - 2025-04-07 08:13:23 --> Session: Class initialized using 'CodeIgniter\Session\Handlers\FileHandler' driver.
WARNING - 2025-04-07 08:13:23 --> Session: Sessions is enabled, and one exists. Please don't $session->start();
INFO - 2025-04-07 08:13:23 --> Session: Class initialized using 'CodeIgniter\Session\Handlers\FileHandler' driver.
WARNING - 2025-04-07 08:13:23 --> Session: Sessions is enabled, and one exists. Please don't $session->start();
INFO - 2025-04-07 08:13:24 --> Session: Class initialized using 'CodeIgniter\Session\Handlers\FileHandler' driver.
WARNING - 2025-04-07 08:13:24 --> Session: Sessions is enabled, and one exists. Please don't $session->start();
INFO - 2025-04-07 08:13:52 --> Session: Class initialized using 'CodeIgniter\Session\Handlers\FileHandler' driver.
WARNING - 2025-04-07 08:13:52 --> Session: Sessions is enabled, and one exists. Please don't $session->start();
CRITICAL - 2025-04-07 08:13:52 --> TypeError: array_merge(): Argument #2 must be of type array, null given
[Method: POST, Route: admin/asset/edit/proses/produk]
in APPPATH\Controllers\Asset.php on line 56.
 1 APPPATH\Controllers\Asset.php(56): array_merge([...], null)
 2 SYSTEMPATH\CodeIgniter.php(933): App\Controllers\Asset->editAsset('produk')
 3 SYSTEMPATH\CodeIgniter.php(509): CodeIgniter\CodeIgniter->runController(Object(App\Controllers\Asset))
 4 SYSTEMPATH\CodeIgniter.php(355): CodeIgniter\CodeIgniter->handleRequest(null, Object(Config\Cache), false)
 5 SYSTEMPATH\Boot.php(312): CodeIgniter\CodeIgniter->run()
 6 SYSTEMPATH\Boot.php(67): CodeIgniter\Boot::runCodeIgniter(Object(CodeIgniter\CodeIgniter))
 7 FCPATH\index.php(56): CodeIgniter\Boot::bootWeb(Object(Config\Paths))
 8 SYSTEMPATH\Commands\Server\rewrite.php(49): require_once('D:\\Project\\dlbeauty\\public\\index.php')
INFO - 2025-04-07 08:14:25 --> Session: Class initialized using 'CodeIgniter\Session\Handlers\FileHandler' driver.
WARNING - 2025-04-07 08:14:25 --> Session: Sessions is enabled, and one exists. Please don't $session->start();
CRITICAL - 2025-04-07 08:14:25 --> TypeError: array_merge(): Argument #2 must be of type array, null given
[Method: POST, Route: admin/asset/edit/proses/produk]
in APPPATH\Controllers\Asset.php on line 58.
 1 APPPATH\Controllers\Asset.php(58): array_merge([...], null)
 2 SYSTEMPATH\CodeIgniter.php(933): App\Controllers\Asset->editAsset('produk')
 3 SYSTEMPATH\CodeIgniter.php(509): CodeIgniter\CodeIgniter->runController(Object(App\Controllers\Asset))
 4 SYSTEMPATH\CodeIgniter.php(355): CodeIgniter\CodeIgniter->handleRequest(null, Object(Config\Cache), false)
 5 SYSTEMPATH\Boot.php(312): CodeIgniter\CodeIgniter->run()
 6 SYSTEMPATH\Boot.php(67): CodeIgniter\Boot::runCodeIgniter(Object(CodeIgniter\CodeIgniter))
 7 FCPATH\index.php(56): CodeIgniter\Boot::bootWeb(Object(Config\Paths))
 8 SYSTEMPATH\Commands\Server\rewrite.php(49): require_once('D:\\Project\\dlbeauty\\public\\index.php')
INFO - 2025-04-07 08:14:42 --> Session: Class initialized using 'CodeIgniter\Session\Handlers\FileHandler' driver.
WARNING - 2025-04-07 08:14:42 --> Session: Sessions is enabled, and one exists. Please don't $session->start();
INFO - 2025-04-07 08:15:01 --> Session: Class initialized using 'CodeIgniter\Session\Handlers\FileHandler' driver.
WARNING - 2025-04-07 08:15:01 --> Session: Sessions is enabled, and one exists. Please don't $session->start();
CRITICAL - 2025-04-07 08:15:01 --> TypeError: array_merge(): Argument #2 must be of type array, null given
[Method: POST, Route: admin/asset/edit/proses/produk]
in APPPATH\Controllers\Asset.php on line 58.
 1 APPPATH\Controllers\Asset.php(58): array_merge([...], null)
 2 SYSTEMPATH\CodeIgniter.php(933): App\Controllers\Asset->editAsset('produk')
 3 SYSTEMPATH\CodeIgniter.php(509): CodeIgniter\CodeIgniter->runController(Object(App\Controllers\Asset))
 4 SYSTEMPATH\CodeIgniter.php(355): CodeIgniter\CodeIgniter->handleRequest(null, Object(Config\Cache), false)
 5 SYSTEMPATH\Boot.php(312): CodeIgniter\CodeIgniter->run()
 6 SYSTEMPATH\Boot.php(67): CodeIgniter\Boot::runCodeIgniter(Object(CodeIgniter\CodeIgniter))
 7 FCPATH\index.php(56): CodeIgniter\Boot::bootWeb(Object(Config\Paths))
 8 SYSTEMPATH\Commands\Server\rewrite.php(49): require_once('D:\\Project\\dlbeauty\\public\\index.php')
INFO - 2025-04-07 08:15:14 --> Session: Class initialized using 'CodeIgniter\Session\Handlers\FileHandler' driver.
WARNING - 2025-04-07 08:15:14 --> Session: Sessions is enabled, and one exists. Please don't $session->start();
INFO - 2025-04-07 08:15:35 --> Session: Class initialized using 'CodeIgniter\Session\Handlers\FileHandler' driver.
WARNING - 2025-04-07 08:15:35 --> Session: Sessions is enabled, and one exists. Please don't $session->start();
INFO - 2025-04-07 08:15:37 --> Session: Class initialized using 'CodeIgniter\Session\Handlers\FileHandler' driver.
WARNING - 2025-04-07 08:15:37 --> Session: Sessions is enabled, and one exists. Please don't $session->start();
INFO - 2025-04-07 08:15:39 --> Session: Class initialized using 'CodeIgniter\Session\Handlers\FileHandler' driver.
WARNING - 2025-04-07 08:15:39 --> Session: Sessions is enabled, and one exists. Please don't $session->start();
INFO - 2025-04-07 08:15:55 --> Session: Class initialized using 'CodeIgniter\Session\Handlers\FileHandler' driver.
WARNING - 2025-04-07 08:15:55 --> Session: Sessions is enabled, and one exists. Please don't $session->start();
INFO - 2025-04-07 08:16:01 --> Session: Class initialized using 'CodeIgniter\Session\Handlers\FileHandler' driver.
WARNING - 2025-04-07 08:16:01 --> Session: Sessions is enabled, and one exists. Please don't $session->start();
INFO - 2025-04-07 08:16:26 --> Session: Class initialized using 'CodeIgniter\Session\Handlers\FileHandler' driver.
WARNING - 2025-04-07 08:16:26 --> Session: Sessions is enabled, and one exists. Please don't $session->start();
INFO - 2025-04-07 08:16:27 --> Session: Class initialized using 'CodeIgniter\Session\Handlers\FileHandler' driver.
WARNING - 2025-04-07 08:16:27 --> Session: Sessions is enabled, and one exists. Please don't $session->start();
INFO - 2025-04-07 08:16:31 --> Session: Class initialized using 'CodeIgniter\Session\Handlers\FileHandler' driver.
WARNING - 2025-04-07 08:16:31 --> Session: Sessions is enabled, and one exists. Please don't $session->start();
INFO - 2025-04-07 08:16:47 --> Session: Class initialized using 'CodeIgniter\Session\Handlers\FileHandler' driver.
WARNING - 2025-04-07 08:16:47 --> Session: Sessions is enabled, and one exists. Please don't $session->start();
INFO - 2025-04-07 08:17:00 --> Session: Class initialized using 'CodeIgniter\Session\Handlers\FileHandler' driver.
WARNING - 2025-04-07 08:17:00 --> Session: Sessions is enabled, and one exists. Please don't $session->start();
INFO - 2025-04-07 08:17:00 --> Session: Class initialized using 'CodeIgniter\Session\Handlers\FileHandler' driver.
WARNING - 2025-04-07 08:17:00 --> Session: Sessions is enabled, and one exists. Please don't $session->start();
INFO - 2025-04-07 08:17:06 --> Session: Class initialized using 'CodeIgniter\Session\Handlers\FileHandler' driver.
WARNING - 2025-04-07 08:17:06 --> Session: Sessions is enabled, and one exists. Please don't $session->start();
INFO - 2025-04-07 08:17:18 --> Session: Class initialized using 'CodeIgniter\Session\Handlers\FileHandler' driver.
WARNING - 2025-04-07 08:17:18 --> Session: Sessions is enabled, and one exists. Please don't $session->start();
INFO - 2025-04-07 14:39:20 --> Session: Class initialized using 'CodeIgniter\Session\Handlers\FileHandler' driver.
INFO - 2025-04-07 14:39:24 --> Session: Class initialized using 'CodeIgniter\Session\Handlers\FileHandler' driver.
WARNING - 2025-04-07 14:39:24 --> Session: Sessions is enabled, and one exists. Please don't $session->start();
INFO - 2025-04-07 14:39:25 --> Session: Class initialized using 'CodeIgniter\Session\Handlers\FileHandler' driver.
WARNING - 2025-04-07 14:39:25 --> Session: Sessions is enabled, and one exists. Please don't $session->start();
INFO - 2025-04-07 14:39:34 --> Session: Class initialized using 'CodeIgniter\Session\Handlers\FileHandler' driver.
WARNING - 2025-04-07 14:39:34 --> Session: Sessions is enabled, and one exists. Please don't $session->start();
INFO - 2025-04-07 14:39:34 --> Session: Class initialized using 'CodeIgniter\Session\Handlers\FileHandler' driver.
WARNING - 2025-04-07 14:39:34 --> Session: Sessions is enabled, and one exists. Please don't $session->start();
INFO - 2025-04-07 14:40:30 --> Session: Class initialized using 'CodeIgniter\Session\Handlers\FileHandler' driver.
WARNING - 2025-04-07 14:40:30 --> Session: Sessions is enabled, and one exists. Please don't $session->start();
