INFO - 2025-05-23 02:36:04 --> Session: Class initialized using 'CodeIgniter\Session\Handlers\FileHandler' driver.
WARNING - 2025-05-23 02:36:04 --> Session: Sessions is enabled, and one exists. Please don't $session->start();
ERROR - 2025-05-23 02:36:04 --> Error connecting to the database: mysqli_sql_exception: Unknown database 'db_dlbeauty' in D:\Project\dlbeauty\vendor\codeigniter4\framework\system\Database\MySQLi\Connection.php:186
Stack trace:
#0 D:\Project\dlbeauty\vendor\codeigniter4\framework\system\Database\MySQLi\Connection.php(186): mysqli->real_connect('localhost', 'root', Object(SensitiveParameterValue), 'db_dlbeauty', 3306, '', 0)
#1 D:\Project\dlbeauty\vendor\codeigniter4\framework\system\Database\BaseConnection.php(421): CodeIgniter\Database\MySQLi\Connection->connect(false)
#2 D:\Project\dlbeauty\vendor\codeigniter4\framework\system\Database\BaseConnection.php(604): CodeIgniter\Database\BaseConnection->initialize()
#3 D:\Project\dlbeauty\vendor\codeigniter4\framework\system\Database\BaseBuilder.php(1629): CodeIgniter\Database\BaseConnection->query('SELECT `k`.`id_...', Array, false)
#4 D:\Project\dlbeauty\app\Models\ClinicModel.php(15): CodeIgniter\Database\BaseBuilder->get()
#5 D:\Project\dlbeauty\app\Controllers\LandingPage.php(47): App\Models\ClinicModel->getClinic()
#6 D:\Project\dlbeauty\vendor\codeigniter4\framework\system\CodeIgniter.php(933): App\Controllers\LandingPage->index()
#7 D:\Project\dlbeauty\vendor\codeigniter4\framework\system\CodeIgniter.php(509): CodeIgniter\CodeIgniter->runController(Object(App\Controllers\LandingPage))
#8 D:\Project\dlbeauty\vendor\codeigniter4\framework\system\CodeIgniter.php(355): CodeIgniter\CodeIgniter->handleRequest(NULL, Object(Config\Cache), false)
#9 D:\Project\dlbeauty\vendor\codeigniter4\framework\system\Boot.php(312): CodeIgniter\CodeIgniter->run()
#10 D:\Project\dlbeauty\vendor\codeigniter4\framework\system\Boot.php(67): CodeIgniter\Boot::runCodeIgniter(Object(CodeIgniter\CodeIgniter))
#11 D:\Project\dlbeauty\public\index.php(56): CodeIgniter\Boot::bootWeb(Object(Config\Paths))
#12 D:\Project\dlbeauty\vendor\codeigniter4\framework\system\Commands\Server\rewrite.php(49): require_once('D:\\Project\\dlbe...')
#13 {main}

Next CodeIgniter\Database\Exceptions\DatabaseException: Unknown database 'db_dlbeauty' in D:\Project\dlbeauty\vendor\codeigniter4\framework\system\Database\MySQLi\Connection.php:231
Stack trace:
#0 D:\Project\dlbeauty\vendor\codeigniter4\framework\system\Database\BaseConnection.php(421): CodeIgniter\Database\MySQLi\Connection->connect(false)
#1 D:\Project\dlbeauty\vendor\codeigniter4\framework\system\Database\BaseConnection.php(604): CodeIgniter\Database\BaseConnection->initialize()
#2 D:\Project\dlbeauty\vendor\codeigniter4\framework\system\Database\BaseBuilder.php(1629): CodeIgniter\Database\BaseConnection->query('SELECT `k`.`id_...', Array, false)
#3 D:\Project\dlbeauty\app\Models\ClinicModel.php(15): CodeIgniter\Database\BaseBuilder->get()
#4 D:\Project\dlbeauty\app\Controllers\LandingPage.php(47): App\Models\ClinicModel->getClinic()
#5 D:\Project\dlbeauty\vendor\codeigniter4\framework\system\CodeIgniter.php(933): App\Controllers\LandingPage->index()
#6 D:\Project\dlbeauty\vendor\codeigniter4\framework\system\CodeIgniter.php(509): CodeIgniter\CodeIgniter->runController(Object(App\Controllers\LandingPage))
#7 D:\Project\dlbeauty\vendor\codeigniter4\framework\system\CodeIgniter.php(355): CodeIgniter\CodeIgniter->handleRequest(NULL, Object(Config\Cache), false)
#8 D:\Project\dlbeauty\vendor\codeigniter4\framework\system\Boot.php(312): CodeIgniter\CodeIgniter->run()
#9 D:\Project\dlbeauty\vendor\codeigniter4\framework\system\Boot.php(67): CodeIgniter\Boot::runCodeIgniter(Object(CodeIgniter\CodeIgniter))
#10 D:\Project\dlbeauty\public\index.php(56): CodeIgniter\Boot::bootWeb(Object(Config\Paths))
#11 D:\Project\dlbeauty\vendor\codeigniter4\framework\system\Commands\Server\rewrite.php(49): require_once('D:\\Project\\dlbe...')
#12 {main}
CRITICAL - 2025-05-23 02:36:04 --> CodeIgniter\Database\Exceptions\DatabaseException: Unable to connect to the database.
Main connection [MySQLi]: Unknown database 'db_dlbeauty'
[Method: GET, Route: /]
in SYSTEMPATH\Database\BaseConnection.php on line 457.
 1 SYSTEMPATH\Database\BaseConnection.php(604): CodeIgniter\Database\BaseConnection->initialize()
 2 SYSTEMPATH\Database\BaseBuilder.php(1629): CodeIgniter\Database\BaseConnection->query('SELECT `k`.`id_klinik`, `k`.`nama` as `nama_klinik`, `k`.`deskripsi`, `k`.`foto`, `k`.`no_wa`, `k`.`no_telp`, `l`.`id_lokasi_klinik`, `l`.`nama` as `lokasi`, `l`.`provinsi`, `l`.`kota`, `l`.`alamat`, `l`.`koordinat`
FROM `t_klinik` as `k`
JOIN `t_lokasi_klinik` as `l` ON `l`.`id_lokasi_klinik` = `k`.`id_lokasi_klinik`', [], false)
 3 APPPATH\Models\ClinicModel.php(15): CodeIgniter\Database\BaseBuilder->get()
 4 APPPATH\Controllers\LandingPage.php(47): App\Models\ClinicModel->getClinic()
 5 SYSTEMPATH\CodeIgniter.php(933): App\Controllers\LandingPage->index()
 6 SYSTEMPATH\CodeIgniter.php(509): CodeIgniter\CodeIgniter->runController(Object(App\Controllers\LandingPage))
 7 SYSTEMPATH\CodeIgniter.php(355): CodeIgniter\CodeIgniter->handleRequest(null, Object(Config\Cache), false)
 8 SYSTEMPATH\Boot.php(312): CodeIgniter\CodeIgniter->run()
 9 SYSTEMPATH\Boot.php(67): CodeIgniter\Boot::runCodeIgniter(Object(CodeIgniter\CodeIgniter))
10 FCPATH\index.php(56): CodeIgniter\Boot::bootWeb(Object(Config\Paths))
11 SYSTEMPATH\Commands\Server\rewrite.php(49): require_once('D:\\Project\\dlbeauty\\public\\index.php')
INFO - 2025-05-23 02:36:46 --> Session: Class initialized using 'CodeIgniter\Session\Handlers\FileHandler' driver.
WARNING - 2025-05-23 02:36:46 --> Session: Sessions is enabled, and one exists. Please don't $session->start();
INFO - 2025-05-23 02:36:51 --> Session: Class initialized using 'CodeIgniter\Session\Handlers\FileHandler' driver.
WARNING - 2025-05-23 02:36:52 --> Session: Sessions is enabled, and one exists. Please don't $session->start();
INFO - 2025-05-23 02:40:17 --> Session: Class initialized using 'CodeIgniter\Session\Handlers\FileHandler' driver.
WARNING - 2025-05-23 02:40:17 --> Session: Sessions is enabled, and one exists. Please don't $session->start();
INFO - 2025-05-23 02:40:20 --> Session: Class initialized using 'CodeIgniter\Session\Handlers\FileHandler' driver.
WARNING - 2025-05-23 02:40:20 --> Session: Sessions is enabled, and one exists. Please don't $session->start();
CRITICAL - 2025-05-23 02:40:20 --> ErrorException: Undefined variable $list_perawatan
[Method: GET, Route: promo/PRM001]
in APPPATH\Views\user\templates\navbar.php on line 22.
 1 APPPATH\Views\user\templates\navbar.php(22): CodeIgniter\Debug\Exceptions->errorHandler(2, 'Undefined variable $list_perawatan', 'D:\\Project\\dlbeauty\\app\\Views\\user\\templates\\navbar.php', 22)
 2 SYSTEMPATH\View\View.php(234): include('D:\\Project\\dlbeauty\\app\\Views\\user\\templates\\navbar.php')
 3 SYSTEMPATH\View\View.php(237): CodeIgniter\View\View->CodeIgniter\View\{closure}()
 4 SYSTEMPATH\View\View.php(484): CodeIgniter\View\View->render('user/templates/navbar', null, true)
 5 APPPATH\Views\user\templates\layout.php(12): CodeIgniter\View\View->include('user/templates/navbar')
 6 SYSTEMPATH\View\View.php(234): include('D:\\Project\\dlbeauty\\app\\Views\\user\\templates\\layout.php')
 7 SYSTEMPATH\View\View.php(237): CodeIgniter\View\View->CodeIgniter\View\{closure}()
 8 SYSTEMPATH\View\View.php(250): CodeIgniter\View\View->render('user/templates/layout', [], true)
 9 SYSTEMPATH\Common.php(1171): CodeIgniter\View\View->render('user/promo/detail_promo', [], true)
10 APPPATH\Controllers\Promo.php(72): view('user/promo/detail_promo', [...])
11 SYSTEMPATH\CodeIgniter.php(933): App\Controllers\Promo->detailPromo('PRM001')
12 SYSTEMPATH\CodeIgniter.php(509): CodeIgniter\CodeIgniter->runController(Object(App\Controllers\Promo))
13 SYSTEMPATH\CodeIgniter.php(355): CodeIgniter\CodeIgniter->handleRequest(null, Object(Config\Cache), false)
14 SYSTEMPATH\Boot.php(312): CodeIgniter\CodeIgniter->run()
15 SYSTEMPATH\Boot.php(67): CodeIgniter\Boot::runCodeIgniter(Object(CodeIgniter\CodeIgniter))
16 FCPATH\index.php(56): CodeIgniter\Boot::bootWeb(Object(Config\Paths))
17 SYSTEMPATH\Commands\Server\rewrite.php(49): require_once('D:\\Project\\dlbeauty\\public\\index.php')
INFO - 2025-05-23 02:40:25 --> Session: Class initialized using 'CodeIgniter\Session\Handlers\FileHandler' driver.
WARNING - 2025-05-23 02:40:25 --> Session: Sessions is enabled, and one exists. Please don't $session->start();
INFO - 2025-05-23 02:41:37 --> Session: Class initialized using 'CodeIgniter\Session\Handlers\FileHandler' driver.
WARNING - 2025-05-23 02:41:37 --> Session: Sessions is enabled, and one exists. Please don't $session->start();
CRITICAL - 2025-05-23 02:41:38 --> ErrorException: Undefined variable $list_perawatan
[Method: GET, Route: promo/PRM001]
in APPPATH\Views\user\templates\navbar.php on line 22.
 1 APPPATH\Views\user\templates\navbar.php(22): CodeIgniter\Debug\Exceptions->errorHandler(2, 'Undefined variable $list_perawatan', 'D:\\Project\\dlbeauty\\app\\Views\\user\\templates\\navbar.php', 22)
 2 SYSTEMPATH\View\View.php(234): include('D:\\Project\\dlbeauty\\app\\Views\\user\\templates\\navbar.php')
 3 SYSTEMPATH\View\View.php(237): CodeIgniter\View\View->CodeIgniter\View\{closure}()
 4 SYSTEMPATH\View\View.php(484): CodeIgniter\View\View->render('user/templates/navbar', null, true)
 5 APPPATH\Views\user\templates\layout.php(12): CodeIgniter\View\View->include('user/templates/navbar')
 6 SYSTEMPATH\View\View.php(234): include('D:\\Project\\dlbeauty\\app\\Views\\user\\templates\\layout.php')
 7 SYSTEMPATH\View\View.php(237): CodeIgniter\View\View->CodeIgniter\View\{closure}()
 8 SYSTEMPATH\View\View.php(250): CodeIgniter\View\View->render('user/templates/layout', [], true)
 9 SYSTEMPATH\Common.php(1171): CodeIgniter\View\View->render('user/promo/detail_promo', [], true)
10 APPPATH\Controllers\Promo.php(72): view('user/promo/detail_promo', [...])
11 SYSTEMPATH\CodeIgniter.php(933): App\Controllers\Promo->detailPromo('PRM001')
12 SYSTEMPATH\CodeIgniter.php(509): CodeIgniter\CodeIgniter->runController(Object(App\Controllers\Promo))
13 SYSTEMPATH\CodeIgniter.php(355): CodeIgniter\CodeIgniter->handleRequest(null, Object(Config\Cache), false)
14 SYSTEMPATH\Boot.php(312): CodeIgniter\CodeIgniter->run()
15 SYSTEMPATH\Boot.php(67): CodeIgniter\Boot::runCodeIgniter(Object(CodeIgniter\CodeIgniter))
16 FCPATH\index.php(56): CodeIgniter\Boot::bootWeb(Object(Config\Paths))
17 SYSTEMPATH\Commands\Server\rewrite.php(49): require_once('D:\\Project\\dlbeauty\\public\\index.php')
INFO - 2025-05-23 02:42:15 --> Session: Class initialized using 'CodeIgniter\Session\Handlers\FileHandler' driver.
WARNING - 2025-05-23 02:42:15 --> Session: Sessions is enabled, and one exists. Please don't $session->start();
CRITICAL - 2025-05-23 02:42:15 --> ErrorException: Undefined variable $asset
[Method: GET, Route: promo/PRM001]
in APPPATH\Views\user\templates\footer.php on line 13.
 1 APPPATH\Views\user\templates\footer.php(13): CodeIgniter\Debug\Exceptions->errorHandler(2, 'Undefined variable $asset', 'D:\\Project\\dlbeauty\\app\\Views\\user\\templates\\footer.php', 13)
 2 SYSTEMPATH\View\View.php(234): include('D:\\Project\\dlbeauty\\app\\Views\\user\\templates\\footer.php')
 3 SYSTEMPATH\View\View.php(237): CodeIgniter\View\View->CodeIgniter\View\{closure}()
 4 SYSTEMPATH\View\View.php(484): CodeIgniter\View\View->render('user/templates/footer', null, true)
 5 APPPATH\Views\user\templates\layout.php(22): CodeIgniter\View\View->include('user/templates/footer')
 6 SYSTEMPATH\View\View.php(234): include('D:\\Project\\dlbeauty\\app\\Views\\user\\templates\\layout.php')
 7 SYSTEMPATH\View\View.php(237): CodeIgniter\View\View->CodeIgniter\View\{closure}()
 8 SYSTEMPATH\View\View.php(250): CodeIgniter\View\View->render('user/templates/layout', [], true)
 9 SYSTEMPATH\Common.php(1171): CodeIgniter\View\View->render('user/promo/detail_promo', [], true)
10 APPPATH\Controllers\Promo.php(72): view('user/promo/detail_promo', [...])
11 SYSTEMPATH\CodeIgniter.php(933): App\Controllers\Promo->detailPromo('PRM001')
12 SYSTEMPATH\CodeIgniter.php(509): CodeIgniter\CodeIgniter->runController(Object(App\Controllers\Promo))
13 SYSTEMPATH\CodeIgniter.php(355): CodeIgniter\CodeIgniter->handleRequest(null, Object(Config\Cache), false)
14 SYSTEMPATH\Boot.php(312): CodeIgniter\CodeIgniter->run()
15 SYSTEMPATH\Boot.php(67): CodeIgniter\Boot::runCodeIgniter(Object(CodeIgniter\CodeIgniter))
16 FCPATH\index.php(56): CodeIgniter\Boot::bootWeb(Object(Config\Paths))
17 SYSTEMPATH\Commands\Server\rewrite.php(49): require_once('D:\\Project\\dlbeauty\\public\\index.php')
INFO - 2025-05-23 02:42:29 --> Session: Class initialized using 'CodeIgniter\Session\Handlers\FileHandler' driver.
WARNING - 2025-05-23 02:42:29 --> Session: Sessions is enabled, and one exists. Please don't $session->start();
INFO - 2025-05-23 02:42:44 --> Session: Class initialized using 'CodeIgniter\Session\Handlers\FileHandler' driver.
WARNING - 2025-05-23 02:42:44 --> Session: Sessions is enabled, and one exists. Please don't $session->start();
CRITICAL - 2025-05-23 02:42:44 --> ErrorException: Trying to access array offset on value of type null
[Method: GET, Route: promo/installHook.js.map]
in APPPATH\Views\user\promo\detail_promo.php on line 14.
 1 APPPATH\Views\user\promo\detail_promo.php(14): CodeIgniter\Debug\Exceptions->errorHandler(2, 'Trying to access array offset on value of type null', 'D:\\Project\\dlbeauty\\app\\Views\\user\\promo\\detail_promo.php', 14)
 2 SYSTEMPATH\View\View.php(234): include('D:\\Project\\dlbeauty\\app\\Views\\user\\promo\\detail_promo.php')
 3 SYSTEMPATH\View\View.php(237): CodeIgniter\View\View->CodeIgniter\View\{closure}()
 4 SYSTEMPATH\Common.php(1171): CodeIgniter\View\View->render('user/promo/detail_promo', [], true)
 5 APPPATH\Controllers\Promo.php(73): view('user/promo/detail_promo', [...])
 6 SYSTEMPATH\CodeIgniter.php(933): App\Controllers\Promo->detailPromo('installHook.js.map')
 7 SYSTEMPATH\CodeIgniter.php(509): CodeIgniter\CodeIgniter->runController(Object(App\Controllers\Promo))
 8 SYSTEMPATH\CodeIgniter.php(355): CodeIgniter\CodeIgniter->handleRequest(null, Object(Config\Cache), false)
 9 SYSTEMPATH\Boot.php(312): CodeIgniter\CodeIgniter->run()
10 SYSTEMPATH\Boot.php(67): CodeIgniter\Boot::runCodeIgniter(Object(CodeIgniter\CodeIgniter))
11 FCPATH\index.php(56): CodeIgniter\Boot::bootWeb(Object(Config\Paths))
12 SYSTEMPATH\Commands\Server\rewrite.php(49): require_once('D:\\Project\\dlbeauty\\public\\index.php')
INFO - 2025-05-23 02:43:41 --> Session: Class initialized using 'CodeIgniter\Session\Handlers\FileHandler' driver.
WARNING - 2025-05-23 02:43:41 --> Session: Sessions is enabled, and one exists. Please don't $session->start();
INFO - 2025-05-23 02:43:50 --> Session: Class initialized using 'CodeIgniter\Session\Handlers\FileHandler' driver.
WARNING - 2025-05-23 02:43:50 --> Session: Sessions is enabled, and one exists. Please don't $session->start();
INFO - 2025-05-23 02:44:15 --> Session: Class initialized using 'CodeIgniter\Session\Handlers\FileHandler' driver.
WARNING - 2025-05-23 02:44:15 --> Session: Sessions is enabled, and one exists. Please don't $session->start();
INFO - 2025-05-23 02:44:29 --> Session: Class initialized using 'CodeIgniter\Session\Handlers\FileHandler' driver.
WARNING - 2025-05-23 02:44:29 --> Session: Sessions is enabled, and one exists. Please don't $session->start();
INFO - 2025-05-23 02:44:41 --> Session: Class initialized using 'CodeIgniter\Session\Handlers\FileHandler' driver.
WARNING - 2025-05-23 02:44:41 --> Session: Sessions is enabled, and one exists. Please don't $session->start();
INFO - 2025-05-23 02:44:44 --> Session: Class initialized using 'CodeIgniter\Session\Handlers\FileHandler' driver.
WARNING - 2025-05-23 02:44:44 --> Session: Sessions is enabled, and one exists. Please don't $session->start();
INFO - 2025-05-23 02:44:47 --> Session: Class initialized using 'CodeIgniter\Session\Handlers\FileHandler' driver.
WARNING - 2025-05-23 02:44:47 --> Session: Sessions is enabled, and one exists. Please don't $session->start();
INFO - 2025-05-23 02:44:52 --> Session: Class initialized using 'CodeIgniter\Session\Handlers\FileHandler' driver.
WARNING - 2025-05-23 02:44:52 --> Session: Sessions is enabled, and one exists. Please don't $session->start();
INFO - 2025-05-23 02:45:15 --> Session: Class initialized using 'CodeIgniter\Session\Handlers\FileHandler' driver.
WARNING - 2025-05-23 02:45:15 --> Session: Sessions is enabled, and one exists. Please don't $session->start();
INFO - 2025-05-23 02:45:30 --> Session: Class initialized using 'CodeIgniter\Session\Handlers\FileHandler' driver.
WARNING - 2025-05-23 02:45:30 --> Session: Sessions is enabled, and one exists. Please don't $session->start();
INFO - 2025-05-23 02:46:37 --> Session: Class initialized using 'CodeIgniter\Session\Handlers\FileHandler' driver.
WARNING - 2025-05-23 02:46:37 --> Session: Sessions is enabled, and one exists. Please don't $session->start();
INFO - 2025-05-23 02:46:52 --> Session: Class initialized using 'CodeIgniter\Session\Handlers\FileHandler' driver.
WARNING - 2025-05-23 02:46:52 --> Session: Sessions is enabled, and one exists. Please don't $session->start();
INFO - 2025-05-23 02:47:04 --> Session: Class initialized using 'CodeIgniter\Session\Handlers\FileHandler' driver.
WARNING - 2025-05-23 02:47:04 --> Session: Sessions is enabled, and one exists. Please don't $session->start();
INFO - 2025-05-23 02:47:51 --> Session: Class initialized using 'CodeIgniter\Session\Handlers\FileHandler' driver.
WARNING - 2025-05-23 02:47:51 --> Session: Sessions is enabled, and one exists. Please don't $session->start();
INFO - 2025-05-23 02:48:06 --> Session: Class initialized using 'CodeIgniter\Session\Handlers\FileHandler' driver.
WARNING - 2025-05-23 02:48:06 --> Session: Sessions is enabled, and one exists. Please don't $session->start();
INFO - 2025-05-23 02:48:28 --> Session: Class initialized using 'CodeIgniter\Session\Handlers\FileHandler' driver.
WARNING - 2025-05-23 02:48:28 --> Session: Sessions is enabled, and one exists. Please don't $session->start();
INFO - 2025-05-23 02:49:19 --> Session: Class initialized using 'CodeIgniter\Session\Handlers\FileHandler' driver.
WARNING - 2025-05-23 02:49:19 --> Session: Sessions is enabled, and one exists. Please don't $session->start();
INFO - 2025-05-23 02:49:48 --> Session: Class initialized using 'CodeIgniter\Session\Handlers\FileHandler' driver.
WARNING - 2025-05-23 02:49:48 --> Session: Sessions is enabled, and one exists. Please don't $session->start();
INFO - 2025-05-23 02:50:10 --> Session: Class initialized using 'CodeIgniter\Session\Handlers\FileHandler' driver.
WARNING - 2025-05-23 02:50:10 --> Session: Sessions is enabled, and one exists. Please don't $session->start();
INFO - 2025-05-23 02:50:42 --> Session: Class initialized using 'CodeIgniter\Session\Handlers\FileHandler' driver.
WARNING - 2025-05-23 02:50:42 --> Session: Sessions is enabled, and one exists. Please don't $session->start();
INFO - 2025-05-23 02:51:07 --> Session: Class initialized using 'CodeIgniter\Session\Handlers\FileHandler' driver.
WARNING - 2025-05-23 02:51:07 --> Session: Sessions is enabled, and one exists. Please don't $session->start();
INFO - 2025-05-23 02:51:16 --> Session: Class initialized using 'CodeIgniter\Session\Handlers\FileHandler' driver.
WARNING - 2025-05-23 02:51:16 --> Session: Sessions is enabled, and one exists. Please don't $session->start();
INFO - 2025-05-23 02:51:29 --> Session: Class initialized using 'CodeIgniter\Session\Handlers\FileHandler' driver.
WARNING - 2025-05-23 02:51:29 --> Session: Sessions is enabled, and one exists. Please don't $session->start();
INFO - 2025-05-23 02:52:01 --> Session: Class initialized using 'CodeIgniter\Session\Handlers\FileHandler' driver.
WARNING - 2025-05-23 02:52:01 --> Session: Sessions is enabled, and one exists. Please don't $session->start();
INFO - 2025-05-23 02:52:40 --> Session: Class initialized using 'CodeIgniter\Session\Handlers\FileHandler' driver.
WARNING - 2025-05-23 02:52:40 --> Session: Sessions is enabled, and one exists. Please don't $session->start();
INFO - 2025-05-23 02:53:32 --> Session: Class initialized using 'CodeIgniter\Session\Handlers\FileHandler' driver.
WARNING - 2025-05-23 02:53:32 --> Session: Sessions is enabled, and one exists. Please don't $session->start();
INFO - 2025-05-23 02:53:36 --> Session: Class initialized using 'CodeIgniter\Session\Handlers\FileHandler' driver.
WARNING - 2025-05-23 02:53:36 --> Session: Sessions is enabled, and one exists. Please don't $session->start();
INFO - 2025-05-23 02:54:34 --> Session: Class initialized using 'CodeIgniter\Session\Handlers\FileHandler' driver.
WARNING - 2025-05-23 02:54:34 --> Session: Sessions is enabled, and one exists. Please don't $session->start();
INFO - 2025-05-23 02:55:54 --> Session: Class initialized using 'CodeIgniter\Session\Handlers\FileHandler' driver.
WARNING - 2025-05-23 02:55:54 --> Session: Sessions is enabled, and one exists. Please don't $session->start();
INFO - 2025-05-23 02:56:14 --> Session: Class initialized using 'CodeIgniter\Session\Handlers\FileHandler' driver.
WARNING - 2025-05-23 02:56:14 --> Session: Sessions is enabled, and one exists. Please don't $session->start();
INFO - 2025-05-23 02:56:26 --> Session: Class initialized using 'CodeIgniter\Session\Handlers\FileHandler' driver.
WARNING - 2025-05-23 02:56:26 --> Session: Sessions is enabled, and one exists. Please don't $session->start();
INFO - 2025-05-23 02:56:41 --> Session: Class initialized using 'CodeIgniter\Session\Handlers\FileHandler' driver.
WARNING - 2025-05-23 02:56:41 --> Session: Sessions is enabled, and one exists. Please don't $session->start();
INFO - 2025-05-23 02:57:01 --> Session: Class initialized using 'CodeIgniter\Session\Handlers\FileHandler' driver.
WARNING - 2025-05-23 02:57:01 --> Session: Sessions is enabled, and one exists. Please don't $session->start();
INFO - 2025-05-23 02:57:27 --> Session: Class initialized using 'CodeIgniter\Session\Handlers\FileHandler' driver.
WARNING - 2025-05-23 02:57:27 --> Session: Sessions is enabled, and one exists. Please don't $session->start();
INFO - 2025-05-23 02:57:31 --> Session: Class initialized using 'CodeIgniter\Session\Handlers\FileHandler' driver.
WARNING - 2025-05-23 02:57:31 --> Session: Sessions is enabled, and one exists. Please don't $session->start();
INFO - 2025-05-23 02:57:34 --> Session: Class initialized using 'CodeIgniter\Session\Handlers\FileHandler' driver.
WARNING - 2025-05-23 02:57:34 --> Session: Sessions is enabled, and one exists. Please don't $session->start();
INFO - 2025-05-23 02:57:59 --> Session: Class initialized using 'CodeIgniter\Session\Handlers\FileHandler' driver.
WARNING - 2025-05-23 02:57:59 --> Session: Sessions is enabled, and one exists. Please don't $session->start();
INFO - 2025-05-23 02:58:46 --> Session: Class initialized using 'CodeIgniter\Session\Handlers\FileHandler' driver.
WARNING - 2025-05-23 02:58:46 --> Session: Sessions is enabled, and one exists. Please don't $session->start();
INFO - 2025-05-23 03:00:18 --> Session: Class initialized using 'CodeIgniter\Session\Handlers\FileHandler' driver.
WARNING - 2025-05-23 03:00:18 --> Session: Sessions is enabled, and one exists. Please don't $session->start();
INFO - 2025-05-23 03:17:15 --> Session: Class initialized using 'CodeIgniter\Session\Handlers\FileHandler' driver.
WARNING - 2025-05-23 03:17:15 --> Session: Sessions is enabled, and one exists. Please don't $session->start();
CRITICAL - 2025-05-23 03:17:15 --> ErrorException: Undefined property: stdClass::$kategori
[Method: GET, Route: perawatan/body-whitening/program]
in APPPATH\Controllers\Perawatan.php on line 166.
 1 APPPATH\Controllers\Perawatan.php(166): CodeIgniter\Debug\Exceptions->errorHandler(2, 'Undefined property: stdClass::$kategori', 'D:\\Project\\dlbeauty\\app\\Controllers\\Perawatan.php', 166)
 2 [internal function]: App\Controllers\Perawatan->App\Controllers\{closure}(Object(stdClass))
 3 APPPATH\Controllers\Perawatan.php(165): array_map(Object(Closure), [...])
 4 SYSTEMPATH\CodeIgniter.php(933): App\Controllers\Perawatan->viewProgram('body-whitening')
 5 SYSTEMPATH\CodeIgniter.php(509): CodeIgniter\CodeIgniter->runController(Object(App\Controllers\Perawatan))
 6 SYSTEMPATH\CodeIgniter.php(355): CodeIgniter\CodeIgniter->handleRequest(null, Object(Config\Cache), false)
 7 SYSTEMPATH\Boot.php(312): CodeIgniter\CodeIgniter->run()
 8 SYSTEMPATH\Boot.php(67): CodeIgniter\Boot::runCodeIgniter(Object(CodeIgniter\CodeIgniter))
 9 FCPATH\index.php(56): CodeIgniter\Boot::bootWeb(Object(Config\Paths))
10 SYSTEMPATH\Commands\Server\rewrite.php(49): require_once('D:\\Project\\dlbeauty\\public\\index.php')
INFO - 2025-05-23 03:17:43 --> Session: Class initialized using 'CodeIgniter\Session\Handlers\FileHandler' driver.
WARNING - 2025-05-23 03:17:43 --> Session: Sessions is enabled, and one exists. Please don't $session->start();
CRITICAL - 2025-05-23 03:17:43 --> ErrorException: Undefined variable $kategori_program
[Method: GET, Route: perawatan/body-whitening/program]
in APPPATH\Views\user\perawatan\program.php on line 23.
 1 APPPATH\Views\user\perawatan\program.php(23): CodeIgniter\Debug\Exceptions->errorHandler(2, 'Undefined variable $kategori_program', 'D:\\Project\\dlbeauty\\app\\Views\\user\\perawatan\\program.php', 23)
 2 SYSTEMPATH\View\View.php(234): include('D:\\Project\\dlbeauty\\app\\Views\\user\\perawatan\\program.php')
 3 SYSTEMPATH\View\View.php(237): CodeIgniter\View\View->CodeIgniter\View\{closure}()
 4 SYSTEMPATH\Common.php(1171): CodeIgniter\View\View->render('user/perawatan/program', [], true)
 5 APPPATH\Controllers\Perawatan.php(178): view('user/perawatan/program', [...])
 6 SYSTEMPATH\CodeIgniter.php(933): App\Controllers\Perawatan->viewProgram('body-whitening')
 7 SYSTEMPATH\CodeIgniter.php(509): CodeIgniter\CodeIgniter->runController(Object(App\Controllers\Perawatan))
 8 SYSTEMPATH\CodeIgniter.php(355): CodeIgniter\CodeIgniter->handleRequest(null, Object(Config\Cache), false)
 9 SYSTEMPATH\Boot.php(312): CodeIgniter\CodeIgniter->run()
10 SYSTEMPATH\Boot.php(67): CodeIgniter\Boot::runCodeIgniter(Object(CodeIgniter\CodeIgniter))
11 FCPATH\index.php(56): CodeIgniter\Boot::bootWeb(Object(Config\Paths))
12 SYSTEMPATH\Commands\Server\rewrite.php(49): require_once('D:\\Project\\dlbeauty\\public\\index.php')
INFO - 2025-05-23 03:17:59 --> Session: Class initialized using 'CodeIgniter\Session\Handlers\FileHandler' driver.
WARNING - 2025-05-23 03:17:59 --> Session: Sessions is enabled, and one exists. Please don't $session->start();
CRITICAL - 2025-05-23 03:17:59 --> ErrorException: Undefined variable $kategori_program
[Method: GET, Route: perawatan/body-whitening/program]
in APPPATH\Views\user\perawatan\program.php on line 23.
 1 APPPATH\Views\user\perawatan\program.php(23): CodeIgniter\Debug\Exceptions->errorHandler(2, 'Undefined variable $kategori_program', 'D:\\Project\\dlbeauty\\app\\Views\\user\\perawatan\\program.php', 23)
 2 SYSTEMPATH\View\View.php(234): include('D:\\Project\\dlbeauty\\app\\Views\\user\\perawatan\\program.php')
 3 SYSTEMPATH\View\View.php(237): CodeIgniter\View\View->CodeIgniter\View\{closure}()
 4 SYSTEMPATH\Common.php(1171): CodeIgniter\View\View->render('user/perawatan/program', [], true)
 5 APPPATH\Controllers\Perawatan.php(178): view('user/perawatan/program', [...])
 6 SYSTEMPATH\CodeIgniter.php(933): App\Controllers\Perawatan->viewProgram('body-whitening')
 7 SYSTEMPATH\CodeIgniter.php(509): CodeIgniter\CodeIgniter->runController(Object(App\Controllers\Perawatan))
 8 SYSTEMPATH\CodeIgniter.php(355): CodeIgniter\CodeIgniter->handleRequest(null, Object(Config\Cache), false)
 9 SYSTEMPATH\Boot.php(312): CodeIgniter\CodeIgniter->run()
10 SYSTEMPATH\Boot.php(67): CodeIgniter\Boot::runCodeIgniter(Object(CodeIgniter\CodeIgniter))
11 FCPATH\index.php(56): CodeIgniter\Boot::bootWeb(Object(Config\Paths))
12 SYSTEMPATH\Commands\Server\rewrite.php(49): require_once('D:\\Project\\dlbeauty\\public\\index.php')
INFO - 2025-05-23 03:18:19 --> Session: Class initialized using 'CodeIgniter\Session\Handlers\FileHandler' driver.
WARNING - 2025-05-23 03:18:19 --> Session: Sessions is enabled, and one exists. Please don't $session->start();
INFO - 2025-05-23 03:18:19 --> Session: Class initialized using 'CodeIgniter\Session\Handlers\FileHandler' driver.
WARNING - 2025-05-23 03:18:19 --> Session: Sessions is enabled, and one exists. Please don't $session->start();
INFO - 2025-05-23 03:19:02 --> Session: Class initialized using 'CodeIgniter\Session\Handlers\FileHandler' driver.
WARNING - 2025-05-23 03:19:02 --> Session: Sessions is enabled, and one exists. Please don't $session->start();
CRITICAL - 2025-05-23 03:19:02 --> ErrorException: Undefined property: stdClass::$kategori
[Method: GET, Route: perawatan/body-whitening/program]
in APPPATH\Controllers\Perawatan.php on line 166.
 1 APPPATH\Controllers\Perawatan.php(166): CodeIgniter\Debug\Exceptions->errorHandler(2, 'Undefined property: stdClass::$kategori', 'D:\\Project\\dlbeauty\\app\\Controllers\\Perawatan.php', 166)
 2 [internal function]: App\Controllers\Perawatan->App\Controllers\{closure}(Object(stdClass))
 3 APPPATH\Controllers\Perawatan.php(165): array_map(Object(Closure), [...])
 4 SYSTEMPATH\CodeIgniter.php(933): App\Controllers\Perawatan->viewProgram('body-whitening')
 5 SYSTEMPATH\CodeIgniter.php(509): CodeIgniter\CodeIgniter->runController(Object(App\Controllers\Perawatan))
 6 SYSTEMPATH\CodeIgniter.php(355): CodeIgniter\CodeIgniter->handleRequest(null, Object(Config\Cache), false)
 7 SYSTEMPATH\Boot.php(312): CodeIgniter\CodeIgniter->run()
 8 SYSTEMPATH\Boot.php(67): CodeIgniter\Boot::runCodeIgniter(Object(CodeIgniter\CodeIgniter))
 9 FCPATH\index.php(56): CodeIgniter\Boot::bootWeb(Object(Config\Paths))
10 SYSTEMPATH\Commands\Server\rewrite.php(49): require_once('D:\\Project\\dlbeauty\\public\\index.php')
INFO - 2025-05-23 03:19:17 --> Session: Class initialized using 'CodeIgniter\Session\Handlers\FileHandler' driver.
WARNING - 2025-05-23 03:19:17 --> Session: Sessions is enabled, and one exists. Please don't $session->start();
INFO - 2025-05-23 03:19:26 --> Session: Class initialized using 'CodeIgniter\Session\Handlers\FileHandler' driver.
WARNING - 2025-05-23 03:19:26 --> Session: Sessions is enabled, and one exists. Please don't $session->start();
CRITICAL - 2025-05-23 03:19:26 --> ErrorException: Undefined variable $kategori_program
[Method: GET, Route: perawatan/body-whitening/program]
in APPPATH\Views\user\perawatan\program.php on line 23.
 1 APPPATH\Views\user\perawatan\program.php(23): CodeIgniter\Debug\Exceptions->errorHandler(2, 'Undefined variable $kategori_program', 'D:\\Project\\dlbeauty\\app\\Views\\user\\perawatan\\program.php', 23)
 2 SYSTEMPATH\View\View.php(234): include('D:\\Project\\dlbeauty\\app\\Views\\user\\perawatan\\program.php')
 3 SYSTEMPATH\View\View.php(237): CodeIgniter\View\View->CodeIgniter\View\{closure}()
 4 SYSTEMPATH\Common.php(1171): CodeIgniter\View\View->render('user/perawatan/program', [], true)
 5 APPPATH\Controllers\Perawatan.php(178): view('user/perawatan/program', [...])
 6 SYSTEMPATH\CodeIgniter.php(933): App\Controllers\Perawatan->viewProgram('body-whitening')
 7 SYSTEMPATH\CodeIgniter.php(509): CodeIgniter\CodeIgniter->runController(Object(App\Controllers\Perawatan))
 8 SYSTEMPATH\CodeIgniter.php(355): CodeIgniter\CodeIgniter->handleRequest(null, Object(Config\Cache), false)
 9 SYSTEMPATH\Boot.php(312): CodeIgniter\CodeIgniter->run()
10 SYSTEMPATH\Boot.php(67): CodeIgniter\Boot::runCodeIgniter(Object(CodeIgniter\CodeIgniter))
11 FCPATH\index.php(56): CodeIgniter\Boot::bootWeb(Object(Config\Paths))
12 SYSTEMPATH\Commands\Server\rewrite.php(49): require_once('D:\\Project\\dlbeauty\\public\\index.php')
INFO - 2025-05-23 03:19:38 --> Session: Class initialized using 'CodeIgniter\Session\Handlers\FileHandler' driver.
WARNING - 2025-05-23 03:19:38 --> Session: Sessions is enabled, and one exists. Please don't $session->start();
INFO - 2025-05-23 03:19:54 --> Session: Class initialized using 'CodeIgniter\Session\Handlers\FileHandler' driver.
WARNING - 2025-05-23 03:19:54 --> Session: Sessions is enabled, and one exists. Please don't $session->start();
INFO - 2025-05-23 03:20:03 --> Session: Class initialized using 'CodeIgniter\Session\Handlers\FileHandler' driver.
WARNING - 2025-05-23 03:20:03 --> Session: Sessions is enabled, and one exists. Please don't $session->start();
INFO - 2025-05-23 03:20:23 --> Session: Class initialized using 'CodeIgniter\Session\Handlers\FileHandler' driver.
WARNING - 2025-05-23 03:20:23 --> Session: Sessions is enabled, and one exists. Please don't $session->start();
INFO - 2025-05-23 03:21:08 --> Session: Class initialized using 'CodeIgniter\Session\Handlers\FileHandler' driver.
WARNING - 2025-05-23 03:21:08 --> Session: Sessions is enabled, and one exists. Please don't $session->start();
INFO - 2025-05-23 03:21:23 --> Session: Class initialized using 'CodeIgniter\Session\Handlers\FileHandler' driver.
WARNING - 2025-05-23 03:21:23 --> Session: Sessions is enabled, and one exists. Please don't $session->start();
INFO - 2025-05-23 03:21:41 --> Session: Class initialized using 'CodeIgniter\Session\Handlers\FileHandler' driver.
WARNING - 2025-05-23 03:21:41 --> Session: Sessions is enabled, and one exists. Please don't $session->start();
INFO - 2025-05-23 03:21:50 --> Session: Class initialized using 'CodeIgniter\Session\Handlers\FileHandler' driver.
WARNING - 2025-05-23 03:21:50 --> Session: Sessions is enabled, and one exists. Please don't $session->start();
INFO - 2025-05-23 03:21:54 --> Session: Class initialized using 'CodeIgniter\Session\Handlers\FileHandler' driver.
WARNING - 2025-05-23 03:21:54 --> Session: Sessions is enabled, and one exists. Please don't $session->start();
INFO - 2025-05-23 03:25:08 --> Session: Class initialized using 'CodeIgniter\Session\Handlers\FileHandler' driver.
WARNING - 2025-05-23 03:25:08 --> Session: Sessions is enabled, and one exists. Please don't $session->start();
INFO - 2025-05-23 03:25:25 --> Session: Class initialized using 'CodeIgniter\Session\Handlers\FileHandler' driver.
WARNING - 2025-05-23 03:25:25 --> Session: Sessions is enabled, and one exists. Please don't $session->start();
INFO - 2025-05-23 03:25:28 --> Session: Class initialized using 'CodeIgniter\Session\Handlers\FileHandler' driver.
WARNING - 2025-05-23 03:25:28 --> Session: Sessions is enabled, and one exists. Please don't $session->start();
INFO - 2025-05-23 03:25:44 --> Session: Class initialized using 'CodeIgniter\Session\Handlers\FileHandler' driver.
WARNING - 2025-05-23 03:25:44 --> Session: Sessions is enabled, and one exists. Please don't $session->start();
INFO - 2025-05-23 03:25:47 --> Session: Class initialized using 'CodeIgniter\Session\Handlers\FileHandler' driver.
WARNING - 2025-05-23 03:25:47 --> Session: Sessions is enabled, and one exists. Please don't $session->start();
INFO - 2025-05-23 03:25:52 --> Session: Class initialized using 'CodeIgniter\Session\Handlers\FileHandler' driver.
WARNING - 2025-05-23 03:25:52 --> Session: Sessions is enabled, and one exists. Please don't $session->start();
INFO - 2025-05-23 03:25:57 --> Session: Class initialized using 'CodeIgniter\Session\Handlers\FileHandler' driver.
WARNING - 2025-05-23 03:25:57 --> Session: Sessions is enabled, and one exists. Please don't $session->start();
INFO - 2025-05-23 03:26:01 --> Session: Class initialized using 'CodeIgniter\Session\Handlers\FileHandler' driver.
WARNING - 2025-05-23 03:26:01 --> Session: Sessions is enabled, and one exists. Please don't $session->start();
INFO - 2025-05-23 03:26:17 --> Session: Class initialized using 'CodeIgniter\Session\Handlers\FileHandler' driver.
WARNING - 2025-05-23 03:26:17 --> Session: Sessions is enabled, and one exists. Please don't $session->start();
INFO - 2025-05-23 03:26:22 --> Session: Class initialized using 'CodeIgniter\Session\Handlers\FileHandler' driver.
WARNING - 2025-05-23 03:26:22 --> Session: Sessions is enabled, and one exists. Please don't $session->start();
INFO - 2025-05-23 03:28:22 --> Session: Class initialized using 'CodeIgniter\Session\Handlers\FileHandler' driver.
WARNING - 2025-05-23 03:28:22 --> Session: Sessions is enabled, and one exists. Please don't $session->start();
INFO - 2025-05-23 03:28:35 --> Session: Class initialized using 'CodeIgniter\Session\Handlers\FileHandler' driver.
WARNING - 2025-05-23 03:28:35 --> Session: Sessions is enabled, and one exists. Please don't $session->start();
INFO - 2025-05-23 03:28:45 --> Session: Class initialized using 'CodeIgniter\Session\Handlers\FileHandler' driver.
WARNING - 2025-05-23 03:28:45 --> Session: Sessions is enabled, and one exists. Please don't $session->start();
INFO - 2025-05-23 03:28:52 --> Session: Class initialized using 'CodeIgniter\Session\Handlers\FileHandler' driver.
WARNING - 2025-05-23 03:28:52 --> Session: Sessions is enabled, and one exists. Please don't $session->start();
INFO - 2025-05-23 03:29:02 --> Session: Class initialized using 'CodeIgniter\Session\Handlers\FileHandler' driver.
WARNING - 2025-05-23 03:29:02 --> Session: Sessions is enabled, and one exists. Please don't $session->start();
INFO - 2025-05-23 03:29:08 --> Session: Class initialized using 'CodeIgniter\Session\Handlers\FileHandler' driver.
WARNING - 2025-05-23 03:29:08 --> Session: Sessions is enabled, and one exists. Please don't $session->start();
INFO - 2025-05-23 03:29:15 --> Session: Class initialized using 'CodeIgniter\Session\Handlers\FileHandler' driver.
WARNING - 2025-05-23 03:29:15 --> Session: Sessions is enabled, and one exists. Please don't $session->start();
INFO - 2025-05-23 03:29:48 --> Session: Class initialized using 'CodeIgniter\Session\Handlers\FileHandler' driver.
WARNING - 2025-05-23 03:29:48 --> Session: Sessions is enabled, and one exists. Please don't $session->start();
INFO - 2025-05-23 03:29:59 --> Session: Class initialized using 'CodeIgniter\Session\Handlers\FileHandler' driver.
WARNING - 2025-05-23 03:29:59 --> Session: Sessions is enabled, and one exists. Please don't $session->start();
INFO - 2025-05-23 03:30:07 --> Session: Class initialized using 'CodeIgniter\Session\Handlers\FileHandler' driver.
WARNING - 2025-05-23 03:30:07 --> Session: Sessions is enabled, and one exists. Please don't $session->start();
INFO - 2025-05-23 03:31:09 --> Session: Class initialized using 'CodeIgniter\Session\Handlers\FileHandler' driver.
WARNING - 2025-05-23 03:31:09 --> Session: Sessions is enabled, and one exists. Please don't $session->start();
INFO - 2025-05-23 03:31:23 --> Session: Class initialized using 'CodeIgniter\Session\Handlers\FileHandler' driver.
WARNING - 2025-05-23 03:31:23 --> Session: Sessions is enabled, and one exists. Please don't $session->start();
INFO - 2025-05-23 03:31:30 --> Session: Class initialized using 'CodeIgniter\Session\Handlers\FileHandler' driver.
WARNING - 2025-05-23 03:31:30 --> Session: Sessions is enabled, and one exists. Please don't $session->start();
INFO - 2025-05-23 03:31:34 --> Session: Class initialized using 'CodeIgniter\Session\Handlers\FileHandler' driver.
WARNING - 2025-05-23 03:31:34 --> Session: Sessions is enabled, and one exists. Please don't $session->start();
INFO - 2025-05-23 03:32:18 --> Session: Class initialized using 'CodeIgniter\Session\Handlers\FileHandler' driver.
WARNING - 2025-05-23 03:32:18 --> Session: Sessions is enabled, and one exists. Please don't $session->start();
INFO - 2025-05-23 03:32:22 --> Session: Class initialized using 'CodeIgniter\Session\Handlers\FileHandler' driver.
WARNING - 2025-05-23 03:32:22 --> Session: Sessions is enabled, and one exists. Please don't $session->start();
INFO - 2025-05-23 03:32:29 --> Session: Class initialized using 'CodeIgniter\Session\Handlers\FileHandler' driver.
WARNING - 2025-05-23 03:32:29 --> Session: Sessions is enabled, and one exists. Please don't $session->start();
INFO - 2025-05-23 03:37:01 --> Session: Class initialized using 'CodeIgniter\Session\Handlers\FileHandler' driver.
WARNING - 2025-05-23 03:37:01 --> Session: Sessions is enabled, and one exists. Please don't $session->start();
INFO - 2025-05-23 03:37:05 --> Session: Class initialized using 'CodeIgniter\Session\Handlers\FileHandler' driver.
WARNING - 2025-05-23 03:37:05 --> Session: Sessions is enabled, and one exists. Please don't $session->start();
