INFO - 2025-06-21 05:05:47 --> Session: Class initialized using 'CodeIgniter\Session\Handlers\FileHandler' driver.
WARNING - 2025-06-21 05:05:47 --> Session: Sessions is enabled, and one exists. Please don't $session->start();
INFO - 2025-06-21 05:05:49 --> Session: Class initialized using 'CodeIgniter\Session\Handlers\FileHandler' driver.
WARNING - 2025-06-21 05:05:49 --> Session: Sessions is enabled, and one exists. Please don't $session->start();
INFO - 2025-06-21 05:06:04 --> Session: Class initialized using 'CodeIgniter\Session\Handlers\FileHandler' driver.
WARNING - 2025-06-21 05:06:04 --> Session: Sessions is enabled, and one exists. Please don't $session->start();
INFO - 2025-06-21 05:06:07 --> Session: Class initialized using 'CodeIgniter\Session\Handlers\FileHandler' driver.
WARNING - 2025-06-21 05:06:07 --> Session: Sessions is enabled, and one exists. Please don't $session->start();
INFO - 2025-06-21 05:06:15 --> Session: Class initialized using 'CodeIgniter\Session\Handlers\FileHandler' driver.
WARNING - 2025-06-21 05:06:15 --> Session: Sessions is enabled, and one exists. Please don't $session->start();
INFO - 2025-06-21 05:06:48 --> Session: Class initialized using 'CodeIgniter\Session\Handlers\FileHandler' driver.
WARNING - 2025-06-21 05:06:48 --> Session: Sessions is enabled, and one exists. Please don't $session->start();
INFO - 2025-06-21 05:06:50 --> Session: Class initialized using 'CodeIgniter\Session\Handlers\FileHandler' driver.
WARNING - 2025-06-21 05:06:50 --> Session: Sessions is enabled, and one exists. Please don't $session->start();
INFO - 2025-06-21 05:06:51 --> Session: Class initialized using 'CodeIgniter\Session\Handlers\FileHandler' driver.
WARNING - 2025-06-21 05:06:51 --> Session: Sessions is enabled, and one exists. Please don't $session->start();
INFO - 2025-06-21 05:06:53 --> Session: Class initialized using 'CodeIgniter\Session\Handlers\FileHandler' driver.
WARNING - 2025-06-21 05:06:53 --> Session: Sessions is enabled, and one exists. Please don't $session->start();
INFO - 2025-06-21 05:06:55 --> Session: Class initialized using 'CodeIgniter\Session\Handlers\FileHandler' driver.
WARNING - 2025-06-21 05:06:55 --> Session: Sessions is enabled, and one exists. Please don't $session->start();
INFO - 2025-06-21 05:06:57 --> Session: Class initialized using 'CodeIgniter\Session\Handlers\FileHandler' driver.
WARNING - 2025-06-21 05:06:57 --> Session: Sessions is enabled, and one exists. Please don't $session->start();
INFO - 2025-06-21 05:07:00 --> Session: Class initialized using 'CodeIgniter\Session\Handlers\FileHandler' driver.
WARNING - 2025-06-21 05:07:00 --> Session: Sessions is enabled, and one exists. Please don't $session->start();
INFO - 2025-06-21 05:07:03 --> Session: Class initialized using 'CodeIgniter\Session\Handlers\FileHandler' driver.
WARNING - 2025-06-21 05:07:03 --> Session: Sessions is enabled, and one exists. Please don't $session->start();
INFO - 2025-06-21 05:07:05 --> Session: Class initialized using 'CodeIgniter\Session\Handlers\FileHandler' driver.
WARNING - 2025-06-21 05:07:05 --> Session: Sessions is enabled, and one exists. Please don't $session->start();
INFO - 2025-06-21 05:07:13 --> Session: Class initialized using 'CodeIgniter\Session\Handlers\FileHandler' driver.
WARNING - 2025-06-21 05:07:13 --> Session: Sessions is enabled, and one exists. Please don't $session->start();
INFO - 2025-06-21 05:07:37 --> Session: Class initialized using 'CodeIgniter\Session\Handlers\FileHandler' driver.
WARNING - 2025-06-21 05:07:37 --> Session: Sessions is enabled, and one exists. Please don't $session->start();
INFO - 2025-06-21 05:10:20 --> Session: Class initialized using 'CodeIgniter\Session\Handlers\FileHandler' driver.
WARNING - 2025-06-21 05:10:20 --> Session: Sessions is enabled, and one exists. Please don't $session->start();
INFO - 2025-06-21 05:10:22 --> Session: Class initialized using 'CodeIgniter\Session\Handlers\FileHandler' driver.
WARNING - 2025-06-21 05:10:22 --> Session: Sessions is enabled, and one exists. Please don't $session->start();
INFO - 2025-06-21 05:11:15 --> Session: Class initialized using 'CodeIgniter\Session\Handlers\FileHandler' driver.
WARNING - 2025-06-21 05:11:15 --> Session: Sessions is enabled, and one exists. Please don't $session->start();
INFO - 2025-06-21 05:11:17 --> Session: Class initialized using 'CodeIgniter\Session\Handlers\FileHandler' driver.
WARNING - 2025-06-21 05:11:17 --> Session: Sessions is enabled, and one exists. Please don't $session->start();
INFO - 2025-06-21 05:11:51 --> Session: Class initialized using 'CodeIgniter\Session\Handlers\FileHandler' driver.
WARNING - 2025-06-21 05:11:51 --> Session: Sessions is enabled, and one exists. Please don't $session->start();
INFO - 2025-06-21 05:14:00 --> Session: Class initialized using 'CodeIgniter\Session\Handlers\FileHandler' driver.
WARNING - 2025-06-21 05:14:00 --> Session: Sessions is enabled, and one exists. Please don't $session->start();
INFO - 2025-06-21 05:15:10 --> Session: Class initialized using 'CodeIgniter\Session\Handlers\FileHandler' driver.
WARNING - 2025-06-21 05:15:10 --> Session: Sessions is enabled, and one exists. Please don't $session->start();
INFO - 2025-06-21 05:17:08 --> Session: Class initialized using 'CodeIgniter\Session\Handlers\FileHandler' driver.
WARNING - 2025-06-21 05:17:08 --> Session: Sessions is enabled, and one exists. Please don't $session->start();
INFO - 2025-06-21 05:17:32 --> Session: Class initialized using 'CodeIgniter\Session\Handlers\FileHandler' driver.
WARNING - 2025-06-21 05:17:32 --> Session: Sessions is enabled, and one exists. Please don't $session->start();
INFO - 2025-06-21 05:19:16 --> Session: Class initialized using 'CodeIgniter\Session\Handlers\FileHandler' driver.
WARNING - 2025-06-21 05:19:16 --> Session: Sessions is enabled, and one exists. Please don't $session->start();
INFO - 2025-06-21 05:20:06 --> Session: Class initialized using 'CodeIgniter\Session\Handlers\FileHandler' driver.
WARNING - 2025-06-21 05:20:06 --> Session: Sessions is enabled, and one exists. Please don't $session->start();
INFO - 2025-06-21 05:20:49 --> Session: Class initialized using 'CodeIgniter\Session\Handlers\FileHandler' driver.
WARNING - 2025-06-21 05:20:49 --> Session: Sessions is enabled, and one exists. Please don't $session->start();
INFO - 2025-06-21 05:21:25 --> Session: Class initialized using 'CodeIgniter\Session\Handlers\FileHandler' driver.
WARNING - 2025-06-21 05:21:25 --> Session: Sessions is enabled, and one exists. Please don't $session->start();
INFO - 2025-06-21 05:21:49 --> Session: Class initialized using 'CodeIgniter\Session\Handlers\FileHandler' driver.
WARNING - 2025-06-21 05:21:49 --> Session: Sessions is enabled, and one exists. Please don't $session->start();
INFO - 2025-06-21 05:22:47 --> Session: Class initialized using 'CodeIgniter\Session\Handlers\FileHandler' driver.
WARNING - 2025-06-21 05:22:47 --> Session: Sessions is enabled, and one exists. Please don't $session->start();
INFO - 2025-06-21 05:23:15 --> Session: Class initialized using 'CodeIgniter\Session\Handlers\FileHandler' driver.
WARNING - 2025-06-21 05:23:15 --> Session: Sessions is enabled, and one exists. Please don't $session->start();
INFO - 2025-06-21 05:23:29 --> Session: Class initialized using 'CodeIgniter\Session\Handlers\FileHandler' driver.
WARNING - 2025-06-21 05:23:29 --> Session: Sessions is enabled, and one exists. Please don't $session->start();
INFO - 2025-06-21 05:23:38 --> Session: Class initialized using 'CodeIgniter\Session\Handlers\FileHandler' driver.
WARNING - 2025-06-21 05:23:38 --> Session: Sessions is enabled, and one exists. Please don't $session->start();
INFO - 2025-06-21 05:23:50 --> Session: Class initialized using 'CodeIgniter\Session\Handlers\FileHandler' driver.
WARNING - 2025-06-21 05:23:50 --> Session: Sessions is enabled, and one exists. Please don't $session->start();
INFO - 2025-06-21 05:29:22 --> Session: Class initialized using 'CodeIgniter\Session\Handlers\FileHandler' driver.
WARNING - 2025-06-21 05:29:22 --> Session: Sessions is enabled, and one exists. Please don't $session->start();
INFO - 2025-06-21 05:30:08 --> Session: Class initialized using 'CodeIgniter\Session\Handlers\FileHandler' driver.
WARNING - 2025-06-21 05:30:08 --> Session: Sessions is enabled, and one exists. Please don't $session->start();
INFO - 2025-06-21 05:30:23 --> Session: Class initialized using 'CodeIgniter\Session\Handlers\FileHandler' driver.
WARNING - 2025-06-21 05:30:23 --> Session: Sessions is enabled, and one exists. Please don't $session->start();
INFO - 2025-06-21 05:35:47 --> Session: Class initialized using 'CodeIgniter\Session\Handlers\FileHandler' driver.
WARNING - 2025-06-21 05:35:47 --> Session: Sessions is enabled, and one exists. Please don't $session->start();
INFO - 2025-06-21 05:36:07 --> Session: Class initialized using 'CodeIgniter\Session\Handlers\FileHandler' driver.
WARNING - 2025-06-21 05:36:07 --> Session: Sessions is enabled, and one exists. Please don't $session->start();
INFO - 2025-06-21 05:36:17 --> Session: Class initialized using 'CodeIgniter\Session\Handlers\FileHandler' driver.
WARNING - 2025-06-21 05:36:17 --> Session: Sessions is enabled, and one exists. Please don't $session->start();
INFO - 2025-06-21 05:37:08 --> Session: Class initialized using 'CodeIgniter\Session\Handlers\FileHandler' driver.
WARNING - 2025-06-21 05:37:08 --> Session: Sessions is enabled, and one exists. Please don't $session->start();
INFO - 2025-06-21 05:37:12 --> Session: Class initialized using 'CodeIgniter\Session\Handlers\FileHandler' driver.
WARNING - 2025-06-21 05:37:12 --> Session: Sessions is enabled, and one exists. Please don't $session->start();
INFO - 2025-06-21 05:37:16 --> Session: Class initialized using 'CodeIgniter\Session\Handlers\FileHandler' driver.
WARNING - 2025-06-21 05:37:16 --> Session: Sessions is enabled, and one exists. Please don't $session->start();
INFO - 2025-06-21 05:37:20 --> Session: Class initialized using 'CodeIgniter\Session\Handlers\FileHandler' driver.
WARNING - 2025-06-21 05:37:20 --> Session: Sessions is enabled, and one exists. Please don't $session->start();
CRITICAL - 2025-06-21 05:37:20 --> ErrorException: Undefined variable $dataStockInbound
[Method: GET, Route: dashboard/detail/stock-in-out-bar]
in APPPATH\Views\dashboard\detail.php on line 110.
 1 APPPATH\Views\dashboard\detail.php(110): CodeIgniter\Debug\Exceptions->errorHandler(2, 'Undefined variable $dataStockInbound', 'D:\\Project\\esgotado\\app\\Views\\dashboard\\detail.php', 110)
 2 SYSTEMPATH\View\View.php(234): include('D:\\Project\\esgotado\\app\\Views\\dashboard\\detail.php')
 3 SYSTEMPATH\View\View.php(237): CodeIgniter\View\View->CodeIgniter\View\{closure}()
 4 SYSTEMPATH\Common.php(1171): CodeIgniter\View\View->render('dashboard/detail', [], true)
 5 APPPATH\Controllers\Home.php(133): view('dashboard/detail', [...])
 6 SYSTEMPATH\CodeIgniter.php(933): App\Controllers\Home->detailDashboardView('stock-in-out-bar')
 7 SYSTEMPATH\CodeIgniter.php(509): CodeIgniter\CodeIgniter->runController(Object(App\Controllers\Home))
 8 SYSTEMPATH\CodeIgniter.php(355): CodeIgniter\CodeIgniter->handleRequest(null, Object(Config\Cache), false)
 9 SYSTEMPATH\Boot.php(312): CodeIgniter\CodeIgniter->run()
10 SYSTEMPATH\Boot.php(67): CodeIgniter\Boot::runCodeIgniter(Object(CodeIgniter\CodeIgniter))
11 FCPATH\index.php(56): CodeIgniter\Boot::bootWeb(Object(Config\Paths))
12 SYSTEMPATH\Commands\Server\rewrite.php(49): require_once('D:\\Project\\esgotado\\public\\index.php')
INFO - 2025-06-21 05:37:25 --> Session: Class initialized using 'CodeIgniter\Session\Handlers\FileHandler' driver.
WARNING - 2025-06-21 05:37:25 --> Session: Sessions is enabled, and one exists. Please don't $session->start();
INFO - 2025-06-21 05:40:55 --> Session: Class initialized using 'CodeIgniter\Session\Handlers\FileHandler' driver.
WARNING - 2025-06-21 05:40:55 --> Session: Sessions is enabled, and one exists. Please don't $session->start();
INFO - 2025-06-21 05:41:01 --> Session: Class initialized using 'CodeIgniter\Session\Handlers\FileHandler' driver.
WARNING - 2025-06-21 05:41:01 --> Session: Sessions is enabled, and one exists. Please don't $session->start();
INFO - 2025-06-21 05:45:47 --> Session: Class initialized using 'CodeIgniter\Session\Handlers\FileHandler' driver.
WARNING - 2025-06-21 05:45:47 --> Session: Sessions is enabled, and one exists. Please don't $session->start();
INFO - 2025-06-21 05:45:57 --> Session: Class initialized using 'CodeIgniter\Session\Handlers\FileHandler' driver.
WARNING - 2025-06-21 05:45:57 --> Session: Sessions is enabled, and one exists. Please don't $session->start();
INFO - 2025-06-21 05:46:09 --> Session: Class initialized using 'CodeIgniter\Session\Handlers\FileHandler' driver.
WARNING - 2025-06-21 05:46:09 --> Session: Sessions is enabled, and one exists. Please don't $session->start();
INFO - 2025-06-21 05:49:46 --> Session: Class initialized using 'CodeIgniter\Session\Handlers\FileHandler' driver.
WARNING - 2025-06-21 05:49:46 --> Session: Sessions is enabled, and one exists. Please don't $session->start();
INFO - 2025-06-21 05:49:57 --> Session: Class initialized using 'CodeIgniter\Session\Handlers\FileHandler' driver.
WARNING - 2025-06-21 05:49:57 --> Session: Sessions is enabled, and one exists. Please don't $session->start();
INFO - 2025-06-21 05:50:03 --> Session: Class initialized using 'CodeIgniter\Session\Handlers\FileHandler' driver.
WARNING - 2025-06-21 05:50:03 --> Session: Sessions is enabled, and one exists. Please don't $session->start();
INFO - 2025-06-21 05:50:14 --> Session: Class initialized using 'CodeIgniter\Session\Handlers\FileHandler' driver.
WARNING - 2025-06-21 05:50:14 --> Session: Sessions is enabled, and one exists. Please don't $session->start();
INFO - 2025-06-21 05:52:07 --> Session: Class initialized using 'CodeIgniter\Session\Handlers\FileHandler' driver.
WARNING - 2025-06-21 05:52:07 --> Session: Sessions is enabled, and one exists. Please don't $session->start();
INFO - 2025-06-21 05:53:01 --> Session: Class initialized using 'CodeIgniter\Session\Handlers\FileHandler' driver.
WARNING - 2025-06-21 05:53:01 --> Session: Sessions is enabled, and one exists. Please don't $session->start();
INFO - 2025-06-21 05:56:02 --> Session: Class initialized using 'CodeIgniter\Session\Handlers\FileHandler' driver.
WARNING - 2025-06-21 05:56:02 --> Session: Sessions is enabled, and one exists. Please don't $session->start();
INFO - 2025-06-21 05:56:19 --> Session: Class initialized using 'CodeIgniter\Session\Handlers\FileHandler' driver.
WARNING - 2025-06-21 05:56:19 --> Session: Sessions is enabled, and one exists. Please don't $session->start();
INFO - 2025-06-21 05:56:46 --> Session: Class initialized using 'CodeIgniter\Session\Handlers\FileHandler' driver.
WARNING - 2025-06-21 05:56:46 --> Session: Sessions is enabled, and one exists. Please don't $session->start();
INFO - 2025-06-21 06:14:48 --> Session: Class initialized using 'CodeIgniter\Session\Handlers\FileHandler' driver.
WARNING - 2025-06-21 06:14:48 --> Session: Sessions is enabled, and one exists. Please don't $session->start();
INFO - 2025-06-21 06:19:12 --> Session: Class initialized using 'CodeIgniter\Session\Handlers\FileHandler' driver.
WARNING - 2025-06-21 06:19:12 --> Session: Sessions is enabled, and one exists. Please don't $session->start();
INFO - 2025-06-21 06:25:05 --> Session: Class initialized using 'CodeIgniter\Session\Handlers\FileHandler' driver.
WARNING - 2025-06-21 06:25:05 --> Session: Sessions is enabled, and one exists. Please don't $session->start();
INFO - 2025-06-21 06:25:28 --> Session: Class initialized using 'CodeIgniter\Session\Handlers\FileHandler' driver.
WARNING - 2025-06-21 06:25:28 --> Session: Sessions is enabled, and one exists. Please don't $session->start();
INFO - 2025-06-21 06:26:03 --> Session: Class initialized using 'CodeIgniter\Session\Handlers\FileHandler' driver.
WARNING - 2025-06-21 06:26:03 --> Session: Sessions is enabled, and one exists. Please don't $session->start();
INFO - 2025-06-21 06:26:45 --> Session: Class initialized using 'CodeIgniter\Session\Handlers\FileHandler' driver.
WARNING - 2025-06-21 06:26:45 --> Session: Sessions is enabled, and one exists. Please don't $session->start();
INFO - 2025-06-21 06:27:35 --> Session: Class initialized using 'CodeIgniter\Session\Handlers\FileHandler' driver.
WARNING - 2025-06-21 06:27:35 --> Session: Sessions is enabled, and one exists. Please don't $session->start();
CRITICAL - 2025-06-21 06:27:35 --> ErrorException: Undefined variable $input
[Method: GET, Route: dashboard/detail/stock-in-out-bar]
in APPPATH\Views\dashboard\detail.php on line 16.
 1 APPPATH\Views\dashboard\detail.php(16): CodeIgniter\Debug\Exceptions->errorHandler(2, 'Undefined variable $input', 'D:\\Project\\esgotado\\app\\Views\\dashboard\\detail.php', 16)
 2 SYSTEMPATH\View\View.php(234): include('D:\\Project\\esgotado\\app\\Views\\dashboard\\detail.php')
 3 SYSTEMPATH\View\View.php(237): CodeIgniter\View\View->CodeIgniter\View\{closure}()
 4 SYSTEMPATH\Common.php(1171): CodeIgniter\View\View->render('dashboard/detail', [], true)
 5 APPPATH\Controllers\Home.php(133): view('dashboard/detail', [...])
 6 SYSTEMPATH\CodeIgniter.php(933): App\Controllers\Home->detailDashboardView('stock-in-out-bar')
 7 SYSTEMPATH\CodeIgniter.php(509): CodeIgniter\CodeIgniter->runController(Object(App\Controllers\Home))
 8 SYSTEMPATH\CodeIgniter.php(355): CodeIgniter\CodeIgniter->handleRequest(null, Object(Config\Cache), false)
 9 SYSTEMPATH\Boot.php(312): CodeIgniter\CodeIgniter->run()
10 SYSTEMPATH\Boot.php(67): CodeIgniter\Boot::runCodeIgniter(Object(CodeIgniter\CodeIgniter))
11 FCPATH\index.php(56): CodeIgniter\Boot::bootWeb(Object(Config\Paths))
12 SYSTEMPATH\Commands\Server\rewrite.php(49): require_once('D:\\Project\\esgotado\\public\\index.php')
INFO - 2025-06-21 06:29:05 --> Session: Class initialized using 'CodeIgniter\Session\Handlers\FileHandler' driver.
WARNING - 2025-06-21 06:29:05 --> Session: Sessions is enabled, and one exists. Please don't $session->start();
INFO - 2025-06-21 06:29:08 --> Session: Class initialized using 'CodeIgniter\Session\Handlers\FileHandler' driver.
WARNING - 2025-06-21 06:29:08 --> Session: Sessions is enabled, and one exists. Please don't $session->start();
INFO - 2025-06-21 06:29:11 --> Session: Class initialized using 'CodeIgniter\Session\Handlers\FileHandler' driver.
WARNING - 2025-06-21 06:29:11 --> Session: Sessions is enabled, and one exists. Please don't $session->start();
INFO - 2025-06-21 06:29:21 --> Session: Class initialized using 'CodeIgniter\Session\Handlers\FileHandler' driver.
WARNING - 2025-06-21 06:29:21 --> Session: Sessions is enabled, and one exists. Please don't $session->start();
INFO - 2025-06-21 06:29:54 --> Session: Class initialized using 'CodeIgniter\Session\Handlers\FileHandler' driver.
WARNING - 2025-06-21 06:29:54 --> Session: Sessions is enabled, and one exists. Please don't $session->start();
INFO - 2025-06-21 06:30:02 --> Session: Class initialized using 'CodeIgniter\Session\Handlers\FileHandler' driver.
WARNING - 2025-06-21 06:30:02 --> Session: Sessions is enabled, and one exists. Please don't $session->start();
INFO - 2025-06-21 06:30:44 --> Session: Class initialized using 'CodeIgniter\Session\Handlers\FileHandler' driver.
WARNING - 2025-06-21 06:30:44 --> Session: Sessions is enabled, and one exists. Please don't $session->start();
INFO - 2025-06-21 06:31:05 --> Session: Class initialized using 'CodeIgniter\Session\Handlers\FileHandler' driver.
WARNING - 2025-06-21 06:31:05 --> Session: Sessions is enabled, and one exists. Please don't $session->start();
INFO - 2025-06-21 06:32:11 --> Session: Class initialized using 'CodeIgniter\Session\Handlers\FileHandler' driver.
WARNING - 2025-06-21 06:32:11 --> Session: Sessions is enabled, and one exists. Please don't $session->start();
INFO - 2025-06-21 06:32:49 --> Session: Class initialized using 'CodeIgniter\Session\Handlers\FileHandler' driver.
WARNING - 2025-06-21 06:32:49 --> Session: Sessions is enabled, and one exists. Please don't $session->start();
INFO - 2025-06-21 06:33:34 --> Session: Class initialized using 'CodeIgniter\Session\Handlers\FileHandler' driver.
WARNING - 2025-06-21 06:33:34 --> Session: Sessions is enabled, and one exists. Please don't $session->start();
INFO - 2025-06-21 06:33:58 --> Session: Class initialized using 'CodeIgniter\Session\Handlers\FileHandler' driver.
WARNING - 2025-06-21 06:33:58 --> Session: Sessions is enabled, and one exists. Please don't $session->start();
INFO - 2025-06-21 06:34:14 --> Session: Class initialized using 'CodeIgniter\Session\Handlers\FileHandler' driver.
WARNING - 2025-06-21 06:34:14 --> Session: Sessions is enabled, and one exists. Please don't $session->start();
INFO - 2025-06-21 06:34:31 --> Session: Class initialized using 'CodeIgniter\Session\Handlers\FileHandler' driver.
WARNING - 2025-06-21 06:34:31 --> Session: Sessions is enabled, and one exists. Please don't $session->start();
INFO - 2025-06-21 06:34:32 --> Session: Class initialized using 'CodeIgniter\Session\Handlers\FileHandler' driver.
WARNING - 2025-06-21 06:34:32 --> Session: Sessions is enabled, and one exists. Please don't $session->start();
INFO - 2025-06-21 06:35:17 --> Session: Class initialized using 'CodeIgniter\Session\Handlers\FileHandler' driver.
WARNING - 2025-06-21 06:35:17 --> Session: Sessions is enabled, and one exists. Please don't $session->start();
INFO - 2025-06-21 07:26:48 --> Session: Class initialized using 'CodeIgniter\Session\Handlers\FileHandler' driver.
WARNING - 2025-06-21 07:26:48 --> Session: Sessions is enabled, and one exists. Please don't $session->start();
CRITICAL - 2025-06-21 07:26:48 --> ErrorException: Undefined variable $id
[Method: GET, Route: dashboard/detail/stock-in-out-bar]
in APPPATH\Views\dashboard\detail.php on line 21.
 1 APPPATH\Views\dashboard\detail.php(21): CodeIgniter\Debug\Exceptions->errorHandler(2, 'Undefined variable $id', 'D:\\Project\\esgotado\\app\\Views\\dashboard\\detail.php', 21)
 2 SYSTEMPATH\View\View.php(234): include('D:\\Project\\esgotado\\app\\Views\\dashboard\\detail.php')
 3 SYSTEMPATH\View\View.php(237): CodeIgniter\View\View->CodeIgniter\View\{closure}()
 4 SYSTEMPATH\Common.php(1171): CodeIgniter\View\View->render('dashboard/detail', [], true)
 5 APPPATH\Controllers\Home.php(133): view('dashboard/detail', [...])
 6 SYSTEMPATH\CodeIgniter.php(933): App\Controllers\Home->detailDashboardView('stock-in-out-bar')
 7 SYSTEMPATH\CodeIgniter.php(509): CodeIgniter\CodeIgniter->runController(Object(App\Controllers\Home))
 8 SYSTEMPATH\CodeIgniter.php(355): CodeIgniter\CodeIgniter->handleRequest(null, Object(Config\Cache), false)
 9 SYSTEMPATH\Boot.php(312): CodeIgniter\CodeIgniter->run()
10 SYSTEMPATH\Boot.php(67): CodeIgniter\Boot::runCodeIgniter(Object(CodeIgniter\CodeIgniter))
11 FCPATH\index.php(56): CodeIgniter\Boot::bootWeb(Object(Config\Paths))
12 SYSTEMPATH\Commands\Server\rewrite.php(49): require_once('D:\\Project\\esgotado\\public\\index.php')
INFO - 2025-06-21 07:26:58 --> Session: Class initialized using 'CodeIgniter\Session\Handlers\FileHandler' driver.
WARNING - 2025-06-21 07:26:58 --> Session: Sessions is enabled, and one exists. Please don't $session->start();
INFO - 2025-06-21 07:28:25 --> Session: Class initialized using 'CodeIgniter\Session\Handlers\FileHandler' driver.
WARNING - 2025-06-21 07:28:25 --> Session: Sessions is enabled, and one exists. Please don't $session->start();
CRITICAL - 2025-06-21 07:28:25 --> ErrorException: Undefined variable $id
[Method: GET, Route: dashboard/detail/stock-in-out-bar]
in APPPATH\Views\dashboard\detail.php on line 21.
 1 APPPATH\Views\dashboard\detail.php(21): CodeIgniter\Debug\Exceptions->errorHandler(2, 'Undefined variable $id', 'D:\\Project\\esgotado\\app\\Views\\dashboard\\detail.php', 21)
 2 SYSTEMPATH\View\View.php(234): include('D:\\Project\\esgotado\\app\\Views\\dashboard\\detail.php')
 3 SYSTEMPATH\View\View.php(237): CodeIgniter\View\View->CodeIgniter\View\{closure}()
 4 SYSTEMPATH\Common.php(1171): CodeIgniter\View\View->render('dashboard/detail', [], true)
 5 APPPATH\Controllers\Home.php(135): view('dashboard/detail', [...])
 6 SYSTEMPATH\CodeIgniter.php(933): App\Controllers\Home->detailDashboardView('stock-in-out-bar')
 7 SYSTEMPATH\CodeIgniter.php(509): CodeIgniter\CodeIgniter->runController(Object(App\Controllers\Home))
 8 SYSTEMPATH\CodeIgniter.php(355): CodeIgniter\CodeIgniter->handleRequest(null, Object(Config\Cache), false)
 9 SYSTEMPATH\Boot.php(312): CodeIgniter\CodeIgniter->run()
10 SYSTEMPATH\Boot.php(67): CodeIgniter\Boot::runCodeIgniter(Object(CodeIgniter\CodeIgniter))
11 FCPATH\index.php(56): CodeIgniter\Boot::bootWeb(Object(Config\Paths))
12 SYSTEMPATH\Commands\Server\rewrite.php(49): require_once('D:\\Project\\esgotado\\public\\index.php')
INFO - 2025-06-21 07:28:34 --> Session: Class initialized using 'CodeIgniter\Session\Handlers\FileHandler' driver.
WARNING - 2025-06-21 07:28:34 --> Session: Sessions is enabled, and one exists. Please don't $session->start();
INFO - 2025-06-21 07:28:46 --> Session: Class initialized using 'CodeIgniter\Session\Handlers\FileHandler' driver.
WARNING - 2025-06-21 07:28:46 --> Session: Sessions is enabled, and one exists. Please don't $session->start();
INFO - 2025-06-21 07:28:59 --> Session: Class initialized using 'CodeIgniter\Session\Handlers\FileHandler' driver.
WARNING - 2025-06-21 07:28:59 --> Session: Sessions is enabled, and one exists. Please don't $session->start();
INFO - 2025-06-21 07:30:59 --> Session: Class initialized using 'CodeIgniter\Session\Handlers\FileHandler' driver.
WARNING - 2025-06-21 07:30:59 --> Session: Sessions is enabled, and one exists. Please don't $session->start();
INFO - 2025-06-21 07:31:18 --> Session: Class initialized using 'CodeIgniter\Session\Handlers\FileHandler' driver.
WARNING - 2025-06-21 07:31:18 --> Session: Sessions is enabled, and one exists. Please don't $session->start();
INFO - 2025-06-21 07:34:25 --> Session: Class initialized using 'CodeIgniter\Session\Handlers\FileHandler' driver.
WARNING - 2025-06-21 07:34:25 --> Session: Sessions is enabled, and one exists. Please don't $session->start();
INFO - 2025-06-21 07:35:26 --> Session: Class initialized using 'CodeIgniter\Session\Handlers\FileHandler' driver.
WARNING - 2025-06-21 07:35:26 --> Session: Sessions is enabled, and one exists. Please don't $session->start();
INFO - 2025-06-21 07:38:31 --> Session: Class initialized using 'CodeIgniter\Session\Handlers\FileHandler' driver.
WARNING - 2025-06-21 07:38:31 --> Session: Sessions is enabled, and one exists. Please don't $session->start();
INFO - 2025-06-21 07:38:37 --> Session: Class initialized using 'CodeIgniter\Session\Handlers\FileHandler' driver.
WARNING - 2025-06-21 07:38:37 --> Session: Sessions is enabled, and one exists. Please don't $session->start();
INFO - 2025-06-21 07:38:41 --> Session: Class initialized using 'CodeIgniter\Session\Handlers\FileHandler' driver.
WARNING - 2025-06-21 07:38:41 --> Session: Sessions is enabled, and one exists. Please don't $session->start();
INFO - 2025-06-21 07:38:45 --> Session: Class initialized using 'CodeIgniter\Session\Handlers\FileHandler' driver.
WARNING - 2025-06-21 07:38:45 --> Session: Sessions is enabled, and one exists. Please don't $session->start();
INFO - 2025-06-21 07:38:50 --> Session: Class initialized using 'CodeIgniter\Session\Handlers\FileHandler' driver.
WARNING - 2025-06-21 07:38:50 --> Session: Sessions is enabled, and one exists. Please don't $session->start();
INFO - 2025-06-21 07:38:54 --> Session: Class initialized using 'CodeIgniter\Session\Handlers\FileHandler' driver.
WARNING - 2025-06-21 07:38:54 --> Session: Sessions is enabled, and one exists. Please don't $session->start();
INFO - 2025-06-21 07:39:23 --> Session: Class initialized using 'CodeIgniter\Session\Handlers\FileHandler' driver.
WARNING - 2025-06-21 07:39:23 --> Session: Sessions is enabled, and one exists. Please don't $session->start();
INFO - 2025-06-21 07:39:41 --> Session: Class initialized using 'CodeIgniter\Session\Handlers\FileHandler' driver.
WARNING - 2025-06-21 07:39:41 --> Session: Sessions is enabled, and one exists. Please don't $session->start();
INFO - 2025-06-21 07:39:44 --> Session: Class initialized using 'CodeIgniter\Session\Handlers\FileHandler' driver.
WARNING - 2025-06-21 07:39:44 --> Session: Sessions is enabled, and one exists. Please don't $session->start();
INFO - 2025-06-21 07:40:28 --> Session: Class initialized using 'CodeIgniter\Session\Handlers\FileHandler' driver.
WARNING - 2025-06-21 07:40:28 --> Session: Sessions is enabled, and one exists. Please don't $session->start();
INFO - 2025-06-21 07:41:14 --> Session: Class initialized using 'CodeIgniter\Session\Handlers\FileHandler' driver.
WARNING - 2025-06-21 07:41:14 --> Session: Sessions is enabled, and one exists. Please don't $session->start();
INFO - 2025-06-21 07:41:37 --> Session: Class initialized using 'CodeIgniter\Session\Handlers\FileHandler' driver.
WARNING - 2025-06-21 07:41:37 --> Session: Sessions is enabled, and one exists. Please don't $session->start();
INFO - 2025-06-21 07:41:42 --> Session: Class initialized using 'CodeIgniter\Session\Handlers\FileHandler' driver.
WARNING - 2025-06-21 07:41:42 --> Session: Sessions is enabled, and one exists. Please don't $session->start();
INFO - 2025-06-21 07:41:54 --> Session: Class initialized using 'CodeIgniter\Session\Handlers\FileHandler' driver.
WARNING - 2025-06-21 07:41:54 --> Session: Sessions is enabled, and one exists. Please don't $session->start();
INFO - 2025-06-21 07:41:57 --> Session: Class initialized using 'CodeIgniter\Session\Handlers\FileHandler' driver.
WARNING - 2025-06-21 07:41:57 --> Session: Sessions is enabled, and one exists. Please don't $session->start();
INFO - 2025-06-21 07:42:10 --> Session: Class initialized using 'CodeIgniter\Session\Handlers\FileHandler' driver.
WARNING - 2025-06-21 07:42:10 --> Session: Sessions is enabled, and one exists. Please don't $session->start();
INFO - 2025-06-21 07:42:12 --> Session: Class initialized using 'CodeIgniter\Session\Handlers\FileHandler' driver.
WARNING - 2025-06-21 07:42:12 --> Session: Sessions is enabled, and one exists. Please don't $session->start();
INFO - 2025-06-21 07:43:01 --> Session: Class initialized using 'CodeIgniter\Session\Handlers\FileHandler' driver.
WARNING - 2025-06-21 07:43:01 --> Session: Sessions is enabled, and one exists. Please don't $session->start();
INFO - 2025-06-21 07:43:01 --> Session: Class initialized using 'CodeIgniter\Session\Handlers\FileHandler' driver.
WARNING - 2025-06-21 07:43:01 --> Session: Sessions is enabled, and one exists. Please don't $session->start();
INFO - 2025-06-21 07:43:04 --> Session: Class initialized using 'CodeIgniter\Session\Handlers\FileHandler' driver.
WARNING - 2025-06-21 07:43:04 --> Session: Sessions is enabled, and one exists. Please don't $session->start();
INFO - 2025-06-21 07:43:10 --> Session: Class initialized using 'CodeIgniter\Session\Handlers\FileHandler' driver.
WARNING - 2025-06-21 07:43:10 --> Session: Sessions is enabled, and one exists. Please don't $session->start();
INFO - 2025-06-21 07:43:26 --> Session: Class initialized using 'CodeIgniter\Session\Handlers\FileHandler' driver.
WARNING - 2025-06-21 07:43:26 --> Session: Sessions is enabled, and one exists. Please don't $session->start();
INFO - 2025-06-21 07:43:30 --> Session: Class initialized using 'CodeIgniter\Session\Handlers\FileHandler' driver.
WARNING - 2025-06-21 07:43:30 --> Session: Sessions is enabled, and one exists. Please don't $session->start();
INFO - 2025-06-21 07:43:37 --> Session: Class initialized using 'CodeIgniter\Session\Handlers\FileHandler' driver.
WARNING - 2025-06-21 07:43:37 --> Session: Sessions is enabled, and one exists. Please don't $session->start();
INFO - 2025-06-21 07:43:48 --> Session: Class initialized using 'CodeIgniter\Session\Handlers\FileHandler' driver.
WARNING - 2025-06-21 07:43:48 --> Session: Sessions is enabled, and one exists. Please don't $session->start();
INFO - 2025-06-21 07:44:13 --> Session: Class initialized using 'CodeIgniter\Session\Handlers\FileHandler' driver.
WARNING - 2025-06-21 07:44:13 --> Session: Sessions is enabled, and one exists. Please don't $session->start();
INFO - 2025-06-21 07:44:19 --> Session: Class initialized using 'CodeIgniter\Session\Handlers\FileHandler' driver.
WARNING - 2025-06-21 07:44:19 --> Session: Sessions is enabled, and one exists. Please don't $session->start();
INFO - 2025-06-21 07:45:55 --> Session: Class initialized using 'CodeIgniter\Session\Handlers\FileHandler' driver.
WARNING - 2025-06-21 07:45:55 --> Session: Sessions is enabled, and one exists. Please don't $session->start();
INFO - 2025-06-21 07:46:12 --> Session: Class initialized using 'CodeIgniter\Session\Handlers\FileHandler' driver.
WARNING - 2025-06-21 07:46:12 --> Session: Sessions is enabled, and one exists. Please don't $session->start();
INFO - 2025-06-21 07:46:15 --> Session: Class initialized using 'CodeIgniter\Session\Handlers\FileHandler' driver.
WARNING - 2025-06-21 07:46:15 --> Session: Sessions is enabled, and one exists. Please don't $session->start();
INFO - 2025-06-21 07:46:25 --> Session: Class initialized using 'CodeIgniter\Session\Handlers\FileHandler' driver.
WARNING - 2025-06-21 07:46:25 --> Session: Sessions is enabled, and one exists. Please don't $session->start();
INFO - 2025-06-21 07:46:55 --> Session: Class initialized using 'CodeIgniter\Session\Handlers\FileHandler' driver.
WARNING - 2025-06-21 07:46:55 --> Session: Sessions is enabled, and one exists. Please don't $session->start();
INFO - 2025-06-21 08:06:09 --> Session: Class initialized using 'CodeIgniter\Session\Handlers\FileHandler' driver.
WARNING - 2025-06-21 08:06:09 --> Session: Sessions is enabled, and one exists. Please don't $session->start();
INFO - 2025-06-21 08:06:43 --> Session: Class initialized using 'CodeIgniter\Session\Handlers\FileHandler' driver.
WARNING - 2025-06-21 08:06:43 --> Session: Sessions is enabled, and one exists. Please don't $session->start();
INFO - 2025-06-21 08:07:17 --> Session: Class initialized using 'CodeIgniter\Session\Handlers\FileHandler' driver.
WARNING - 2025-06-21 08:07:17 --> Session: Sessions is enabled, and one exists. Please don't $session->start();
INFO - 2025-06-21 08:07:31 --> Session: Class initialized using 'CodeIgniter\Session\Handlers\FileHandler' driver.
WARNING - 2025-06-21 08:07:31 --> Session: Sessions is enabled, and one exists. Please don't $session->start();
INFO - 2025-06-21 08:07:48 --> Session: Class initialized using 'CodeIgniter\Session\Handlers\FileHandler' driver.
WARNING - 2025-06-21 08:07:48 --> Session: Sessions is enabled, and one exists. Please don't $session->start();
INFO - 2025-06-21 08:09:42 --> Session: Class initialized using 'CodeIgniter\Session\Handlers\FileHandler' driver.
WARNING - 2025-06-21 08:09:42 --> Session: Sessions is enabled, and one exists. Please don't $session->start();
INFO - 2025-06-21 08:10:25 --> Session: Class initialized using 'CodeIgniter\Session\Handlers\FileHandler' driver.
WARNING - 2025-06-21 08:10:25 --> Session: Sessions is enabled, and one exists. Please don't $session->start();
INFO - 2025-06-21 08:12:19 --> Session: Class initialized using 'CodeIgniter\Session\Handlers\FileHandler' driver.
WARNING - 2025-06-21 08:12:19 --> Session: Sessions is enabled, and one exists. Please don't $session->start();
INFO - 2025-06-21 08:13:02 --> Session: Class initialized using 'CodeIgniter\Session\Handlers\FileHandler' driver.
WARNING - 2025-06-21 08:13:02 --> Session: Sessions is enabled, and one exists. Please don't $session->start();
INFO - 2025-06-21 08:13:26 --> Session: Class initialized using 'CodeIgniter\Session\Handlers\FileHandler' driver.
WARNING - 2025-06-21 08:13:26 --> Session: Sessions is enabled, and one exists. Please don't $session->start();
INFO - 2025-06-21 08:13:46 --> Session: Class initialized using 'CodeIgniter\Session\Handlers\FileHandler' driver.
WARNING - 2025-06-21 08:13:46 --> Session: Sessions is enabled, and one exists. Please don't $session->start();
INFO - 2025-06-21 08:13:53 --> Session: Class initialized using 'CodeIgniter\Session\Handlers\FileHandler' driver.
WARNING - 2025-06-21 08:13:53 --> Session: Sessions is enabled, and one exists. Please don't $session->start();
INFO - 2025-06-21 08:14:08 --> Session: Class initialized using 'CodeIgniter\Session\Handlers\FileHandler' driver.
WARNING - 2025-06-21 08:14:08 --> Session: Sessions is enabled, and one exists. Please don't $session->start();
INFO - 2025-06-21 08:14:27 --> Session: Class initialized using 'CodeIgniter\Session\Handlers\FileHandler' driver.
WARNING - 2025-06-21 08:14:27 --> Session: Sessions is enabled, and one exists. Please don't $session->start();
INFO - 2025-06-21 08:14:49 --> Session: Class initialized using 'CodeIgniter\Session\Handlers\FileHandler' driver.
WARNING - 2025-06-21 08:14:49 --> Session: Sessions is enabled, and one exists. Please don't $session->start();
INFO - 2025-06-21 08:14:57 --> Session: Class initialized using 'CodeIgniter\Session\Handlers\FileHandler' driver.
WARNING - 2025-06-21 08:14:57 --> Session: Sessions is enabled, and one exists. Please don't $session->start();
INFO - 2025-06-21 08:15:12 --> Session: Class initialized using 'CodeIgniter\Session\Handlers\FileHandler' driver.
WARNING - 2025-06-21 08:15:12 --> Session: Sessions is enabled, and one exists. Please don't $session->start();
INFO - 2025-06-21 08:15:16 --> Session: Class initialized using 'CodeIgniter\Session\Handlers\FileHandler' driver.
WARNING - 2025-06-21 08:15:16 --> Session: Sessions is enabled, and one exists. Please don't $session->start();
INFO - 2025-06-21 08:16:14 --> Session: Class initialized using 'CodeIgniter\Session\Handlers\FileHandler' driver.
WARNING - 2025-06-21 08:16:14 --> Session: Sessions is enabled, and one exists. Please don't $session->start();
INFO - 2025-06-21 08:16:29 --> Session: Class initialized using 'CodeIgniter\Session\Handlers\FileHandler' driver.
WARNING - 2025-06-21 08:16:29 --> Session: Sessions is enabled, and one exists. Please don't $session->start();
INFO - 2025-06-21 08:16:33 --> Session: Class initialized using 'CodeIgniter\Session\Handlers\FileHandler' driver.
WARNING - 2025-06-21 08:16:33 --> Session: Sessions is enabled, and one exists. Please don't $session->start();
INFO - 2025-06-21 08:16:46 --> Session: Class initialized using 'CodeIgniter\Session\Handlers\FileHandler' driver.
WARNING - 2025-06-21 08:16:46 --> Session: Sessions is enabled, and one exists. Please don't $session->start();
INFO - 2025-06-21 08:16:54 --> Session: Class initialized using 'CodeIgniter\Session\Handlers\FileHandler' driver.
WARNING - 2025-06-21 08:16:54 --> Session: Sessions is enabled, and one exists. Please don't $session->start();
INFO - 2025-06-21 08:18:27 --> Session: Class initialized using 'CodeIgniter\Session\Handlers\FileHandler' driver.
WARNING - 2025-06-21 08:18:28 --> Session: Sessions is enabled, and one exists. Please don't $session->start();
INFO - 2025-06-21 08:18:30 --> Session: Class initialized using 'CodeIgniter\Session\Handlers\FileHandler' driver.
WARNING - 2025-06-21 08:18:30 --> Session: Sessions is enabled, and one exists. Please don't $session->start();
INFO - 2025-06-21 08:18:33 --> Session: Class initialized using 'CodeIgniter\Session\Handlers\FileHandler' driver.
WARNING - 2025-06-21 08:18:33 --> Session: Sessions is enabled, and one exists. Please don't $session->start();
INFO - 2025-06-21 08:18:35 --> Session: Class initialized using 'CodeIgniter\Session\Handlers\FileHandler' driver.
WARNING - 2025-06-21 08:18:35 --> Session: Sessions is enabled, and one exists. Please don't $session->start();
INFO - 2025-06-21 08:18:38 --> Session: Class initialized using 'CodeIgniter\Session\Handlers\FileHandler' driver.
WARNING - 2025-06-21 08:18:38 --> Session: Sessions is enabled, and one exists. Please don't $session->start();
INFO - 2025-06-21 08:18:40 --> Session: Class initialized using 'CodeIgniter\Session\Handlers\FileHandler' driver.
WARNING - 2025-06-21 08:18:40 --> Session: Sessions is enabled, and one exists. Please don't $session->start();
INFO - 2025-06-21 08:19:34 --> Session: Class initialized using 'CodeIgniter\Session\Handlers\FileHandler' driver.
WARNING - 2025-06-21 08:19:34 --> Session: Sessions is enabled, and one exists. Please don't $session->start();
INFO - 2025-06-21 08:19:36 --> Session: Class initialized using 'CodeIgniter\Session\Handlers\FileHandler' driver.
WARNING - 2025-06-21 08:19:36 --> Session: Sessions is enabled, and one exists. Please don't $session->start();
INFO - 2025-06-21 08:22:17 --> Session: Class initialized using 'CodeIgniter\Session\Handlers\FileHandler' driver.
WARNING - 2025-06-21 08:22:17 --> Session: Sessions is enabled, and one exists. Please don't $session->start();
INFO - 2025-06-21 08:22:48 --> Session: Class initialized using 'CodeIgniter\Session\Handlers\FileHandler' driver.
WARNING - 2025-06-21 08:22:48 --> Session: Sessions is enabled, and one exists. Please don't $session->start();
INFO - 2025-06-21 08:23:37 --> Session: Class initialized using 'CodeIgniter\Session\Handlers\FileHandler' driver.
WARNING - 2025-06-21 08:23:37 --> Session: Sessions is enabled, and one exists. Please don't $session->start();
INFO - 2025-06-21 08:25:23 --> Session: Class initialized using 'CodeIgniter\Session\Handlers\FileHandler' driver.
WARNING - 2025-06-21 08:25:23 --> Session: Sessions is enabled, and one exists. Please don't $session->start();
INFO - 2025-06-21 08:28:07 --> Session: Class initialized using 'CodeIgniter\Session\Handlers\FileHandler' driver.
WARNING - 2025-06-21 08:28:07 --> Session: Sessions is enabled, and one exists. Please don't $session->start();
INFO - 2025-06-21 08:28:14 --> Session: Class initialized using 'CodeIgniter\Session\Handlers\FileHandler' driver.
WARNING - 2025-06-21 08:28:14 --> Session: Sessions is enabled, and one exists. Please don't $session->start();
INFO - 2025-06-21 08:28:15 --> Session: Class initialized using 'CodeIgniter\Session\Handlers\FileHandler' driver.
WARNING - 2025-06-21 08:28:15 --> Session: Sessions is enabled, and one exists. Please don't $session->start();
INFO - 2025-06-21 08:29:53 --> Session: Class initialized using 'CodeIgniter\Session\Handlers\FileHandler' driver.
WARNING - 2025-06-21 08:29:53 --> Session: Sessions is enabled, and one exists. Please don't $session->start();
INFO - 2025-06-21 08:30:07 --> Session: Class initialized using 'CodeIgniter\Session\Handlers\FileHandler' driver.
WARNING - 2025-06-21 08:30:07 --> Session: Sessions is enabled, and one exists. Please don't $session->start();
INFO - 2025-06-21 08:30:09 --> Session: Class initialized using 'CodeIgniter\Session\Handlers\FileHandler' driver.
WARNING - 2025-06-21 08:30:09 --> Session: Sessions is enabled, and one exists. Please don't $session->start();
INFO - 2025-06-21 08:30:50 --> Session: Class initialized using 'CodeIgniter\Session\Handlers\FileHandler' driver.
WARNING - 2025-06-21 08:30:50 --> Session: Sessions is enabled, and one exists. Please don't $session->start();
INFO - 2025-06-21 08:31:10 --> Session: Class initialized using 'CodeIgniter\Session\Handlers\FileHandler' driver.
WARNING - 2025-06-21 08:31:10 --> Session: Sessions is enabled, and one exists. Please don't $session->start();
INFO - 2025-06-21 08:31:20 --> Session: Class initialized using 'CodeIgniter\Session\Handlers\FileHandler' driver.
WARNING - 2025-06-21 08:31:21 --> Session: Sessions is enabled, and one exists. Please don't $session->start();
INFO - 2025-06-21 08:32:25 --> Session: Class initialized using 'CodeIgniter\Session\Handlers\FileHandler' driver.
WARNING - 2025-06-21 08:32:25 --> Session: Sessions is enabled, and one exists. Please don't $session->start();
INFO - 2025-06-21 08:32:36 --> Session: Class initialized using 'CodeIgniter\Session\Handlers\FileHandler' driver.
WARNING - 2025-06-21 08:32:36 --> Session: Sessions is enabled, and one exists. Please don't $session->start();
INFO - 2025-06-21 08:32:55 --> Session: Class initialized using 'CodeIgniter\Session\Handlers\FileHandler' driver.
WARNING - 2025-06-21 08:32:55 --> Session: Sessions is enabled, and one exists. Please don't $session->start();
INFO - 2025-06-21 08:33:12 --> Session: Class initialized using 'CodeIgniter\Session\Handlers\FileHandler' driver.
WARNING - 2025-06-21 08:33:12 --> Session: Sessions is enabled, and one exists. Please don't $session->start();
INFO - 2025-06-21 08:34:43 --> Session: Class initialized using 'CodeIgniter\Session\Handlers\FileHandler' driver.
WARNING - 2025-06-21 08:34:43 --> Session: Sessions is enabled, and one exists. Please don't $session->start();
INFO - 2025-06-21 08:36:49 --> Session: Class initialized using 'CodeIgniter\Session\Handlers\FileHandler' driver.
WARNING - 2025-06-21 08:36:49 --> Session: Sessions is enabled, and one exists. Please don't $session->start();
INFO - 2025-06-21 08:38:12 --> Session: Class initialized using 'CodeIgniter\Session\Handlers\FileHandler' driver.
WARNING - 2025-06-21 08:38:12 --> Session: Sessions is enabled, and one exists. Please don't $session->start();
INFO - 2025-06-21 08:40:37 --> Session: Class initialized using 'CodeIgniter\Session\Handlers\FileHandler' driver.
WARNING - 2025-06-21 08:40:37 --> Session: Sessions is enabled, and one exists. Please don't $session->start();
INFO - 2025-06-21 08:42:03 --> Session: Class initialized using 'CodeIgniter\Session\Handlers\FileHandler' driver.
WARNING - 2025-06-21 08:42:03 --> Session: Sessions is enabled, and one exists. Please don't $session->start();
INFO - 2025-06-21 08:42:26 --> Session: Class initialized using 'CodeIgniter\Session\Handlers\FileHandler' driver.
WARNING - 2025-06-21 08:42:26 --> Session: Sessions is enabled, and one exists. Please don't $session->start();
INFO - 2025-06-21 08:42:30 --> Session: Class initialized using 'CodeIgniter\Session\Handlers\FileHandler' driver.
WARNING - 2025-06-21 08:42:30 --> Session: Sessions is enabled, and one exists. Please don't $session->start();
INFO - 2025-06-21 08:42:36 --> Session: Class initialized using 'CodeIgniter\Session\Handlers\FileHandler' driver.
WARNING - 2025-06-21 08:42:36 --> Session: Sessions is enabled, and one exists. Please don't $session->start();
INFO - 2025-06-21 08:44:01 --> Session: Class initialized using 'CodeIgniter\Session\Handlers\FileHandler' driver.
WARNING - 2025-06-21 08:44:01 --> Session: Sessions is enabled, and one exists. Please don't $session->start();
INFO - 2025-06-21 08:44:17 --> Session: Class initialized using 'CodeIgniter\Session\Handlers\FileHandler' driver.
WARNING - 2025-06-21 08:44:17 --> Session: Sessions is enabled, and one exists. Please don't $session->start();
INFO - 2025-06-21 08:45:16 --> Session: Class initialized using 'CodeIgniter\Session\Handlers\FileHandler' driver.
WARNING - 2025-06-21 08:45:16 --> Session: Sessions is enabled, and one exists. Please don't $session->start();
INFO - 2025-06-21 08:45:22 --> Session: Class initialized using 'CodeIgniter\Session\Handlers\FileHandler' driver.
WARNING - 2025-06-21 08:45:22 --> Session: Sessions is enabled, and one exists. Please don't $session->start();
INFO - 2025-06-21 08:45:23 --> Session: Class initialized using 'CodeIgniter\Session\Handlers\FileHandler' driver.
WARNING - 2025-06-21 08:45:23 --> Session: Sessions is enabled, and one exists. Please don't $session->start();
INFO - 2025-06-21 08:45:40 --> Session: Class initialized using 'CodeIgniter\Session\Handlers\FileHandler' driver.
WARNING - 2025-06-21 08:45:40 --> Session: Sessions is enabled, and one exists. Please don't $session->start();
INFO - 2025-06-21 08:45:47 --> Session: Class initialized using 'CodeIgniter\Session\Handlers\FileHandler' driver.
WARNING - 2025-06-21 08:45:47 --> Session: Sessions is enabled, and one exists. Please don't $session->start();
INFO - 2025-06-21 12:29:18 --> Session: Class initialized using 'CodeIgniter\Session\Handlers\FileHandler' driver.
INFO - 2025-06-21 12:29:19 --> Session: Class initialized using 'CodeIgniter\Session\Handlers\FileHandler' driver.
WARNING - 2025-06-21 12:29:20 --> Session: Sessions is enabled, and one exists. Please don't $session->start();
INFO - 2025-06-21 12:29:26 --> Session: Class initialized using 'CodeIgniter\Session\Handlers\FileHandler' driver.
WARNING - 2025-06-21 12:29:26 --> Session: Sessions is enabled, and one exists. Please don't $session->start();
INFO - 2025-06-21 12:29:26 --> Session: Class initialized using 'CodeIgniter\Session\Handlers\FileHandler' driver.
WARNING - 2025-06-21 12:29:27 --> Session: Sessions is enabled, and one exists. Please don't $session->start();
INFO - 2025-06-21 12:29:38 --> Session: Class initialized using 'CodeIgniter\Session\Handlers\FileHandler' driver.
WARNING - 2025-06-21 12:29:38 --> Session: Sessions is enabled, and one exists. Please don't $session->start();
INFO - 2025-06-21 12:29:40 --> Session: Class initialized using 'CodeIgniter\Session\Handlers\FileHandler' driver.
WARNING - 2025-06-21 12:29:40 --> Session: Sessions is enabled, and one exists. Please don't $session->start();
INFO - 2025-06-21 12:30:16 --> Session: Class initialized using 'CodeIgniter\Session\Handlers\FileHandler' driver.
WARNING - 2025-06-21 12:30:16 --> Session: Sessions is enabled, and one exists. Please don't $session->start();
INFO - 2025-06-21 12:30:18 --> Session: Class initialized using 'CodeIgniter\Session\Handlers\FileHandler' driver.
WARNING - 2025-06-21 12:30:18 --> Session: Sessions is enabled, and one exists. Please don't $session->start();
INFO - 2025-06-21 12:30:25 --> Session: Class initialized using 'CodeIgniter\Session\Handlers\FileHandler' driver.
WARNING - 2025-06-21 12:30:25 --> Session: Sessions is enabled, and one exists. Please don't $session->start();
INFO - 2025-06-21 12:30:40 --> Session: Class initialized using 'CodeIgniter\Session\Handlers\FileHandler' driver.
WARNING - 2025-06-21 12:30:40 --> Session: Sessions is enabled, and one exists. Please don't $session->start();
INFO - 2025-06-21 12:30:44 --> Session: Class initialized using 'CodeIgniter\Session\Handlers\FileHandler' driver.
WARNING - 2025-06-21 12:30:44 --> Session: Sessions is enabled, and one exists. Please don't $session->start();
INFO - 2025-06-21 12:30:48 --> Session: Class initialized using 'CodeIgniter\Session\Handlers\FileHandler' driver.
WARNING - 2025-06-21 12:30:48 --> Session: Sessions is enabled, and one exists. Please don't $session->start();
INFO - 2025-06-21 12:32:49 --> Session: Class initialized using 'CodeIgniter\Session\Handlers\FileHandler' driver.
WARNING - 2025-06-21 12:32:49 --> Session: Sessions is enabled, and one exists. Please don't $session->start();
INFO - 2025-06-21 12:33:22 --> Session: Class initialized using 'CodeIgniter\Session\Handlers\FileHandler' driver.
WARNING - 2025-06-21 12:33:22 --> Session: Sessions is enabled, and one exists. Please don't $session->start();
INFO - 2025-06-21 12:33:24 --> Session: Class initialized using 'CodeIgniter\Session\Handlers\FileHandler' driver.
WARNING - 2025-06-21 12:33:24 --> Session: Sessions is enabled, and one exists. Please don't $session->start();
INFO - 2025-06-21 12:33:27 --> Session: Class initialized using 'CodeIgniter\Session\Handlers\FileHandler' driver.
WARNING - 2025-06-21 12:33:27 --> Session: Sessions is enabled, and one exists. Please don't $session->start();
INFO - 2025-06-21 12:33:30 --> Session: Class initialized using 'CodeIgniter\Session\Handlers\FileHandler' driver.
WARNING - 2025-06-21 12:33:30 --> Session: Sessions is enabled, and one exists. Please don't $session->start();
INFO - 2025-06-21 12:33:42 --> Session: Class initialized using 'CodeIgniter\Session\Handlers\FileHandler' driver.
WARNING - 2025-06-21 12:33:42 --> Session: Sessions is enabled, and one exists. Please don't $session->start();
INFO - 2025-06-21 12:33:45 --> Session: Class initialized using 'CodeIgniter\Session\Handlers\FileHandler' driver.
WARNING - 2025-06-21 12:33:45 --> Session: Sessions is enabled, and one exists. Please don't $session->start();
INFO - 2025-06-21 12:37:54 --> Session: Class initialized using 'CodeIgniter\Session\Handlers\FileHandler' driver.
WARNING - 2025-06-21 12:37:54 --> Session: Sessions is enabled, and one exists. Please don't $session->start();
INFO - 2025-06-21 12:37:59 --> Session: Class initialized using 'CodeIgniter\Session\Handlers\FileHandler' driver.
WARNING - 2025-06-21 12:37:59 --> Session: Sessions is enabled, and one exists. Please don't $session->start();
INFO - 2025-06-21 12:37:59 --> Session: Class initialized using 'CodeIgniter\Session\Handlers\FileHandler' driver.
WARNING - 2025-06-21 12:37:59 --> Session: Sessions is enabled, and one exists. Please don't $session->start();
INFO - 2025-06-21 12:38:04 --> Session: Class initialized using 'CodeIgniter\Session\Handlers\FileHandler' driver.
WARNING - 2025-06-21 12:38:04 --> Session: Sessions is enabled, and one exists. Please don't $session->start();
INFO - 2025-06-21 12:38:11 --> Session: Class initialized using 'CodeIgniter\Session\Handlers\FileHandler' driver.
WARNING - 2025-06-21 12:38:11 --> Session: Sessions is enabled, and one exists. Please don't $session->start();
INFO - 2025-06-21 12:38:11 --> Session: Class initialized using 'CodeIgniter\Session\Handlers\FileHandler' driver.
WARNING - 2025-06-21 12:38:11 --> Session: Sessions is enabled, and one exists. Please don't $session->start();
INFO - 2025-06-21 12:38:15 --> Session: Class initialized using 'CodeIgniter\Session\Handlers\FileHandler' driver.
WARNING - 2025-06-21 12:38:15 --> Session: Sessions is enabled, and one exists. Please don't $session->start();
INFO - 2025-06-21 12:38:15 --> Session: Class initialized using 'CodeIgniter\Session\Handlers\FileHandler' driver.
WARNING - 2025-06-21 12:38:15 --> Session: Sessions is enabled, and one exists. Please don't $session->start();
INFO - 2025-06-21 12:38:22 --> Session: Class initialized using 'CodeIgniter\Session\Handlers\FileHandler' driver.
WARNING - 2025-06-21 12:38:22 --> Session: Sessions is enabled, and one exists. Please don't $session->start();
INFO - 2025-06-21 12:38:22 --> Session: Class initialized using 'CodeIgniter\Session\Handlers\FileHandler' driver.
WARNING - 2025-06-21 12:38:22 --> Session: Sessions is enabled, and one exists. Please don't $session->start();
INFO - 2025-06-21 12:38:26 --> Session: Class initialized using 'CodeIgniter\Session\Handlers\FileHandler' driver.
WARNING - 2025-06-21 12:38:26 --> Session: Sessions is enabled, and one exists. Please don't $session->start();
INFO - 2025-06-21 12:38:26 --> Session: Class initialized using 'CodeIgniter\Session\Handlers\FileHandler' driver.
WARNING - 2025-06-21 12:38:26 --> Session: Sessions is enabled, and one exists. Please don't $session->start();
INFO - 2025-06-21 12:38:31 --> Session: Class initialized using 'CodeIgniter\Session\Handlers\FileHandler' driver.
WARNING - 2025-06-21 12:38:31 --> Session: Sessions is enabled, and one exists. Please don't $session->start();
INFO - 2025-06-21 12:38:31 --> Session: Class initialized using 'CodeIgniter\Session\Handlers\FileHandler' driver.
WARNING - 2025-06-21 12:38:31 --> Session: Sessions is enabled, and one exists. Please don't $session->start();
INFO - 2025-06-21 12:38:33 --> Session: Class initialized using 'CodeIgniter\Session\Handlers\FileHandler' driver.
WARNING - 2025-06-21 12:38:33 --> Session: Sessions is enabled, and one exists. Please don't $session->start();
INFO - 2025-06-21 12:38:36 --> Session: Class initialized using 'CodeIgniter\Session\Handlers\FileHandler' driver.
WARNING - 2025-06-21 12:38:36 --> Session: Sessions is enabled, and one exists. Please don't $session->start();
INFO - 2025-06-21 12:38:39 --> Session: Class initialized using 'CodeIgniter\Session\Handlers\FileHandler' driver.
WARNING - 2025-06-21 12:38:39 --> Session: Sessions is enabled, and one exists. Please don't $session->start();
INFO - 2025-06-21 12:38:44 --> Session: Class initialized using 'CodeIgniter\Session\Handlers\FileHandler' driver.
WARNING - 2025-06-21 12:38:44 --> Session: Sessions is enabled, and one exists. Please don't $session->start();
INFO - 2025-06-21 12:38:44 --> Session: Class initialized using 'CodeIgniter\Session\Handlers\FileHandler' driver.
WARNING - 2025-06-21 12:38:44 --> Session: Sessions is enabled, and one exists. Please don't $session->start();
INFO - 2025-06-21 12:38:48 --> Session: Class initialized using 'CodeIgniter\Session\Handlers\FileHandler' driver.
WARNING - 2025-06-21 12:38:48 --> Session: Sessions is enabled, and one exists. Please don't $session->start();
INFO - 2025-06-21 12:38:50 --> Session: Class initialized using 'CodeIgniter\Session\Handlers\FileHandler' driver.
WARNING - 2025-06-21 12:38:50 --> Session: Sessions is enabled, and one exists. Please don't $session->start();
INFO - 2025-06-21 12:38:57 --> Session: Class initialized using 'CodeIgniter\Session\Handlers\FileHandler' driver.
WARNING - 2025-06-21 12:38:57 --> Session: Sessions is enabled, and one exists. Please don't $session->start();
INFO - 2025-06-21 12:38:57 --> Session: Class initialized using 'CodeIgniter\Session\Handlers\FileHandler' driver.
WARNING - 2025-06-21 12:38:57 --> Session: Sessions is enabled, and one exists. Please don't $session->start();
INFO - 2025-06-21 12:39:21 --> Session: Class initialized using 'CodeIgniter\Session\Handlers\FileHandler' driver.
WARNING - 2025-06-21 12:39:21 --> Session: Sessions is enabled, and one exists. Please don't $session->start();
INFO - 2025-06-21 12:40:06 --> Session: Class initialized using 'CodeIgniter\Session\Handlers\FileHandler' driver.
WARNING - 2025-06-21 12:40:06 --> Session: Sessions is enabled, and one exists. Please don't $session->start();
INFO - 2025-06-21 12:40:08 --> Session: Class initialized using 'CodeIgniter\Session\Handlers\FileHandler' driver.
WARNING - 2025-06-21 12:40:08 --> Session: Sessions is enabled, and one exists. Please don't $session->start();
INFO - 2025-06-21 12:40:12 --> Session: Class initialized using 'CodeIgniter\Session\Handlers\FileHandler' driver.
WARNING - 2025-06-21 12:40:12 --> Session: Sessions is enabled, and one exists. Please don't $session->start();
INFO - 2025-06-21 12:40:12 --> Session: Class initialized using 'CodeIgniter\Session\Handlers\FileHandler' driver.
WARNING - 2025-06-21 12:40:12 --> Session: Sessions is enabled, and one exists. Please don't $session->start();
INFO - 2025-06-21 12:40:17 --> Session: Class initialized using 'CodeIgniter\Session\Handlers\FileHandler' driver.
WARNING - 2025-06-21 12:40:17 --> Session: Sessions is enabled, and one exists. Please don't $session->start();
INFO - 2025-06-21 12:40:18 --> Session: Class initialized using 'CodeIgniter\Session\Handlers\FileHandler' driver.
WARNING - 2025-06-21 12:40:18 --> Session: Sessions is enabled, and one exists. Please don't $session->start();
INFO - 2025-06-21 12:40:22 --> Session: Class initialized using 'CodeIgniter\Session\Handlers\FileHandler' driver.
WARNING - 2025-06-21 12:40:22 --> Session: Sessions is enabled, and one exists. Please don't $session->start();
INFO - 2025-06-21 12:40:22 --> Session: Class initialized using 'CodeIgniter\Session\Handlers\FileHandler' driver.
WARNING - 2025-06-21 12:40:22 --> Session: Sessions is enabled, and one exists. Please don't $session->start();
INFO - 2025-06-21 12:40:25 --> Session: Class initialized using 'CodeIgniter\Session\Handlers\FileHandler' driver.
WARNING - 2025-06-21 12:40:25 --> Session: Sessions is enabled, and one exists. Please don't $session->start();
INFO - 2025-06-21 12:40:25 --> Session: Class initialized using 'CodeIgniter\Session\Handlers\FileHandler' driver.
WARNING - 2025-06-21 12:40:25 --> Session: Sessions is enabled, and one exists. Please don't $session->start();
INFO - 2025-06-21 12:40:27 --> Session: Class initialized using 'CodeIgniter\Session\Handlers\FileHandler' driver.
WARNING - 2025-06-21 12:40:27 --> Session: Sessions is enabled, and one exists. Please don't $session->start();
INFO - 2025-06-21 12:44:37 --> Session: Class initialized using 'CodeIgniter\Session\Handlers\FileHandler' driver.
WARNING - 2025-06-21 12:44:37 --> Session: Sessions is enabled, and one exists. Please don't $session->start();
INFO - 2025-06-21 12:44:39 --> Session: Class initialized using 'CodeIgniter\Session\Handlers\FileHandler' driver.
WARNING - 2025-06-21 12:44:39 --> Session: Sessions is enabled, and one exists. Please don't $session->start();
INFO - 2025-06-21 12:44:42 --> Session: Class initialized using 'CodeIgniter\Session\Handlers\FileHandler' driver.
WARNING - 2025-06-21 12:44:42 --> Session: Sessions is enabled, and one exists. Please don't $session->start();
INFO - 2025-06-21 12:44:45 --> Session: Class initialized using 'CodeIgniter\Session\Handlers\FileHandler' driver.
WARNING - 2025-06-21 12:44:45 --> Session: Sessions is enabled, and one exists. Please don't $session->start();
INFO - 2025-06-21 12:44:47 --> Session: Class initialized using 'CodeIgniter\Session\Handlers\FileHandler' driver.
WARNING - 2025-06-21 12:44:47 --> Session: Sessions is enabled, and one exists. Please don't $session->start();
INFO - 2025-06-21 12:44:50 --> Session: Class initialized using 'CodeIgniter\Session\Handlers\FileHandler' driver.
WARNING - 2025-06-21 12:44:50 --> Session: Sessions is enabled, and one exists. Please don't $session->start();
INFO - 2025-06-21 12:44:52 --> Session: Class initialized using 'CodeIgniter\Session\Handlers\FileHandler' driver.
WARNING - 2025-06-21 12:44:52 --> Session: Sessions is enabled, and one exists. Please don't $session->start();
INFO - 2025-06-21 12:44:55 --> Session: Class initialized using 'CodeIgniter\Session\Handlers\FileHandler' driver.
WARNING - 2025-06-21 12:44:55 --> Session: Sessions is enabled, and one exists. Please don't $session->start();
INFO - 2025-06-21 12:44:59 --> Session: Class initialized using 'CodeIgniter\Session\Handlers\FileHandler' driver.
WARNING - 2025-06-21 12:44:59 --> Session: Sessions is enabled, and one exists. Please don't $session->start();
INFO - 2025-06-21 12:45:30 --> Session: Class initialized using 'CodeIgniter\Session\Handlers\FileHandler' driver.
WARNING - 2025-06-21 12:45:30 --> Session: Sessions is enabled, and one exists. Please don't $session->start();
INFO - 2025-06-21 12:45:49 --> Session: Class initialized using 'CodeIgniter\Session\Handlers\FileHandler' driver.
WARNING - 2025-06-21 12:45:49 --> Session: Sessions is enabled, and one exists. Please don't $session->start();
INFO - 2025-06-21 12:45:53 --> Session: Class initialized using 'CodeIgniter\Session\Handlers\FileHandler' driver.
WARNING - 2025-06-21 12:45:53 --> Session: Sessions is enabled, and one exists. Please don't $session->start();
INFO - 2025-06-21 12:46:02 --> Session: Class initialized using 'CodeIgniter\Session\Handlers\FileHandler' driver.
WARNING - 2025-06-21 12:46:02 --> Session: Sessions is enabled, and one exists. Please don't $session->start();
INFO - 2025-06-21 12:46:29 --> Session: Class initialized using 'CodeIgniter\Session\Handlers\FileHandler' driver.
WARNING - 2025-06-21 12:46:29 --> Session: Sessions is enabled, and one exists. Please don't $session->start();
INFO - 2025-06-21 12:46:40 --> Session: Class initialized using 'CodeIgniter\Session\Handlers\FileHandler' driver.
WARNING - 2025-06-21 12:46:40 --> Session: Sessions is enabled, and one exists. Please don't $session->start();
INFO - 2025-06-21 12:46:49 --> Session: Class initialized using 'CodeIgniter\Session\Handlers\FileHandler' driver.
WARNING - 2025-06-21 12:46:49 --> Session: Sessions is enabled, and one exists. Please don't $session->start();
INFO - 2025-06-21 12:52:30 --> Session: Class initialized using 'CodeIgniter\Session\Handlers\FileHandler' driver.
WARNING - 2025-06-21 12:52:30 --> Session: Sessions is enabled, and one exists. Please don't $session->start();
INFO - 2025-06-21 12:52:34 --> Session: Class initialized using 'CodeIgniter\Session\Handlers\FileHandler' driver.
WARNING - 2025-06-21 12:52:34 --> Session: Sessions is enabled, and one exists. Please don't $session->start();
INFO - 2025-06-21 12:52:44 --> Session: Class initialized using 'CodeIgniter\Session\Handlers\FileHandler' driver.
WARNING - 2025-06-21 12:52:44 --> Session: Sessions is enabled, and one exists. Please don't $session->start();
INFO - 2025-06-21 12:56:57 --> Session: Class initialized using 'CodeIgniter\Session\Handlers\FileHandler' driver.
WARNING - 2025-06-21 12:56:57 --> Session: Sessions is enabled, and one exists. Please don't $session->start();
CRITICAL - 2025-06-21 12:56:57 --> ErrorException: Undefined variable $type
[Method: GET, Route: profile]
in APPPATH\Views\dashboard\detail.php on line 9.
 1 APPPATH\Views\dashboard\detail.php(9): CodeIgniter\Debug\Exceptions->errorHandler(2, 'Undefined variable $type', 'D:\\Project\\esgotado\\app\\Views\\dashboard\\detail.php', 9)
 2 SYSTEMPATH\View\View.php(234): include('D:\\Project\\esgotado\\app\\Views\\dashboard\\detail.php')
 3 SYSTEMPATH\View\View.php(237): CodeIgniter\View\View->CodeIgniter\View\{closure}()
 4 SYSTEMPATH\Common.php(1171): CodeIgniter\View\View->render('dashboard/detail', [], true)
 5 APPPATH\Controllers\Home.php(172): view('dashboard/detail', [...])
 6 SYSTEMPATH\CodeIgniter.php(933): App\Controllers\Home->profileView()
 7 SYSTEMPATH\CodeIgniter.php(509): CodeIgniter\CodeIgniter->runController(Object(App\Controllers\Home))
 8 SYSTEMPATH\CodeIgniter.php(355): CodeIgniter\CodeIgniter->handleRequest(null, Object(Config\Cache), false)
 9 SYSTEMPATH\Boot.php(312): CodeIgniter\CodeIgniter->run()
10 SYSTEMPATH\Boot.php(67): CodeIgniter\Boot::runCodeIgniter(Object(CodeIgniter\CodeIgniter))
11 FCPATH\index.php(56): CodeIgniter\Boot::bootWeb(Object(Config\Paths))
12 SYSTEMPATH\Commands\Server\rewrite.php(49): require_once('D:\\Project\\esgotado\\public\\index.php')
INFO - 2025-06-21 12:57:10 --> Session: Class initialized using 'CodeIgniter\Session\Handlers\FileHandler' driver.
WARNING - 2025-06-21 12:57:10 --> Session: Sessions is enabled, and one exists. Please don't $session->start();
INFO - 2025-06-21 12:58:16 --> Session: Class initialized using 'CodeIgniter\Session\Handlers\FileHandler' driver.
WARNING - 2025-06-21 12:58:16 --> Session: Sessions is enabled, and one exists. Please don't $session->start();
INFO - 2025-06-21 12:58:17 --> Session: Class initialized using 'CodeIgniter\Session\Handlers\FileHandler' driver.
WARNING - 2025-06-21 12:58:17 --> Session: Sessions is enabled, and one exists. Please don't $session->start();
INFO - 2025-06-21 12:58:22 --> Session: Class initialized using 'CodeIgniter\Session\Handlers\FileHandler' driver.
WARNING - 2025-06-21 12:58:22 --> Session: Sessions is enabled, and one exists. Please don't $session->start();
INFO - 2025-06-21 12:59:50 --> Session: Class initialized using 'CodeIgniter\Session\Handlers\FileHandler' driver.
WARNING - 2025-06-21 12:59:50 --> Session: Sessions is enabled, and one exists. Please don't $session->start();
INFO - 2025-06-21 13:00:00 --> Session: Class initialized using 'CodeIgniter\Session\Handlers\FileHandler' driver.
WARNING - 2025-06-21 13:00:00 --> Session: Sessions is enabled, and one exists. Please don't $session->start();
INFO - 2025-06-21 13:00:00 --> Session: Class initialized using 'CodeIgniter\Session\Handlers\FileHandler' driver.
WARNING - 2025-06-21 13:00:00 --> Session: Sessions is enabled, and one exists. Please don't $session->start();
INFO - 2025-06-21 13:00:10 --> Session: Class initialized using 'CodeIgniter\Session\Handlers\FileHandler' driver.
WARNING - 2025-06-21 13:00:10 --> Session: Sessions is enabled, and one exists. Please don't $session->start();
INFO - 2025-06-21 13:01:28 --> Session: Class initialized using 'CodeIgniter\Session\Handlers\FileHandler' driver.
WARNING - 2025-06-21 13:01:28 --> Session: Sessions is enabled, and one exists. Please don't $session->start();
INFO - 2025-06-21 13:01:45 --> Session: Class initialized using 'CodeIgniter\Session\Handlers\FileHandler' driver.
WARNING - 2025-06-21 13:01:45 --> Session: Sessions is enabled, and one exists. Please don't $session->start();
INFO - 2025-06-21 13:02:00 --> Session: Class initialized using 'CodeIgniter\Session\Handlers\FileHandler' driver.
WARNING - 2025-06-21 13:02:00 --> Session: Sessions is enabled, and one exists. Please don't $session->start();
INFO - 2025-06-21 13:02:16 --> Session: Class initialized using 'CodeIgniter\Session\Handlers\FileHandler' driver.
WARNING - 2025-06-21 13:02:16 --> Session: Sessions is enabled, and one exists. Please don't $session->start();
INFO - 2025-06-21 13:02:20 --> Session: Class initialized using 'CodeIgniter\Session\Handlers\FileHandler' driver.
WARNING - 2025-06-21 13:02:20 --> Session: Sessions is enabled, and one exists. Please don't $session->start();
INFO - 2025-06-21 13:02:20 --> Session: Class initialized using 'CodeIgniter\Session\Handlers\FileHandler' driver.
WARNING - 2025-06-21 13:02:20 --> Session: Sessions is enabled, and one exists. Please don't $session->start();
INFO - 2025-06-21 13:02:26 --> Session: Class initialized using 'CodeIgniter\Session\Handlers\FileHandler' driver.
WARNING - 2025-06-21 13:02:26 --> Session: Sessions is enabled, and one exists. Please don't $session->start();
INFO - 2025-06-21 13:02:26 --> Session: Class initialized using 'CodeIgniter\Session\Handlers\FileHandler' driver.
WARNING - 2025-06-21 13:02:26 --> Session: Sessions is enabled, and one exists. Please don't $session->start();
INFO - 2025-06-21 13:02:31 --> Session: Class initialized using 'CodeIgniter\Session\Handlers\FileHandler' driver.
WARNING - 2025-06-21 13:02:31 --> Session: Sessions is enabled, and one exists. Please don't $session->start();
INFO - 2025-06-21 13:03:24 --> Session: Class initialized using 'CodeIgniter\Session\Handlers\FileHandler' driver.
WARNING - 2025-06-21 13:03:24 --> Session: Sessions is enabled, and one exists. Please don't $session->start();
INFO - 2025-06-21 13:03:26 --> Session: Class initialized using 'CodeIgniter\Session\Handlers\FileHandler' driver.
WARNING - 2025-06-21 13:03:26 --> Session: Sessions is enabled, and one exists. Please don't $session->start();
INFO - 2025-06-21 13:03:27 --> Session: Class initialized using 'CodeIgniter\Session\Handlers\FileHandler' driver.
WARNING - 2025-06-21 13:03:27 --> Session: Sessions is enabled, and one exists. Please don't $session->start();
INFO - 2025-06-21 13:03:34 --> Session: Class initialized using 'CodeIgniter\Session\Handlers\FileHandler' driver.
WARNING - 2025-06-21 13:03:34 --> Session: Sessions is enabled, and one exists. Please don't $session->start();
INFO - 2025-06-21 13:03:34 --> Session: Class initialized using 'CodeIgniter\Session\Handlers\FileHandler' driver.
WARNING - 2025-06-21 13:03:34 --> Session: Sessions is enabled, and one exists. Please don't $session->start();
INFO - 2025-06-21 13:03:38 --> Session: Class initialized using 'CodeIgniter\Session\Handlers\FileHandler' driver.
WARNING - 2025-06-21 13:03:38 --> Session: Sessions is enabled, and one exists. Please don't $session->start();
INFO - 2025-06-21 13:03:51 --> Session: Class initialized using 'CodeIgniter\Session\Handlers\FileHandler' driver.
WARNING - 2025-06-21 13:03:51 --> Session: Sessions is enabled, and one exists. Please don't $session->start();
INFO - 2025-06-21 13:04:02 --> Session: Class initialized using 'CodeIgniter\Session\Handlers\FileHandler' driver.
WARNING - 2025-06-21 13:04:02 --> Session: Sessions is enabled, and one exists. Please don't $session->start();
INFO - 2025-06-21 13:05:18 --> Session: Class initialized using 'CodeIgniter\Session\Handlers\FileHandler' driver.
WARNING - 2025-06-21 13:05:18 --> Session: Sessions is enabled, and one exists. Please don't $session->start();
INFO - 2025-06-21 13:05:36 --> Session: Class initialized using 'CodeIgniter\Session\Handlers\FileHandler' driver.
WARNING - 2025-06-21 13:05:36 --> Session: Sessions is enabled, and one exists. Please don't $session->start();
INFO - 2025-06-21 13:05:51 --> Session: Class initialized using 'CodeIgniter\Session\Handlers\FileHandler' driver.
WARNING - 2025-06-21 13:05:51 --> Session: Sessions is enabled, and one exists. Please don't $session->start();
INFO - 2025-06-21 13:06:59 --> Session: Class initialized using 'CodeIgniter\Session\Handlers\FileHandler' driver.
WARNING - 2025-06-21 13:06:59 --> Session: Sessions is enabled, and one exists. Please don't $session->start();
INFO - 2025-06-21 13:07:11 --> Session: Class initialized using 'CodeIgniter\Session\Handlers\FileHandler' driver.
WARNING - 2025-06-21 13:07:11 --> Session: Sessions is enabled, and one exists. Please don't $session->start();
INFO - 2025-06-21 13:07:31 --> Session: Class initialized using 'CodeIgniter\Session\Handlers\FileHandler' driver.
WARNING - 2025-06-21 13:07:31 --> Session: Sessions is enabled, and one exists. Please don't $session->start();
INFO - 2025-06-21 13:07:45 --> Session: Class initialized using 'CodeIgniter\Session\Handlers\FileHandler' driver.
WARNING - 2025-06-21 13:07:45 --> Session: Sessions is enabled, and one exists. Please don't $session->start();
INFO - 2025-06-21 13:08:32 --> Session: Class initialized using 'CodeIgniter\Session\Handlers\FileHandler' driver.
WARNING - 2025-06-21 13:08:32 --> Session: Sessions is enabled, and one exists. Please don't $session->start();
CRITICAL - 2025-06-21 13:08:32 --> ErrorException: Undefined array key "phone"
[Method: GET, Route: profile]
in APPPATH\Views\profile\index.php on line 34.
 1 APPPATH\Views\profile\index.php(34): CodeIgniter\Debug\Exceptions->errorHandler(2, 'Undefined array key "phone"', 'D:\\Project\\esgotado\\app\\Views\\profile\\index.php', 34)
 2 SYSTEMPATH\View\View.php(234): include('D:\\Project\\esgotado\\app\\Views\\profile\\index.php')
 3 SYSTEMPATH\View\View.php(237): CodeIgniter\View\View->CodeIgniter\View\{closure}()
 4 SYSTEMPATH\Common.php(1171): CodeIgniter\View\View->render('profile/index', [], true)
 5 APPPATH\Controllers\Home.php(172): view('profile/index', [...])
 6 SYSTEMPATH\CodeIgniter.php(933): App\Controllers\Home->profileView()
 7 SYSTEMPATH\CodeIgniter.php(509): CodeIgniter\CodeIgniter->runController(Object(App\Controllers\Home))
 8 SYSTEMPATH\CodeIgniter.php(355): CodeIgniter\CodeIgniter->handleRequest(null, Object(Config\Cache), false)
 9 SYSTEMPATH\Boot.php(312): CodeIgniter\CodeIgniter->run()
10 SYSTEMPATH\Boot.php(67): CodeIgniter\Boot::runCodeIgniter(Object(CodeIgniter\CodeIgniter))
11 FCPATH\index.php(56): CodeIgniter\Boot::bootWeb(Object(Config\Paths))
12 SYSTEMPATH\Commands\Server\rewrite.php(49): require_once('D:\\Project\\esgotado\\public\\index.php')
INFO - 2025-06-21 13:09:52 --> Session: Class initialized using 'CodeIgniter\Session\Handlers\FileHandler' driver.
WARNING - 2025-06-21 13:09:52 --> Session: Sessions is enabled, and one exists. Please don't $session->start();
INFO - 2025-06-21 13:09:56 --> Session: Class initialized using 'CodeIgniter\Session\Handlers\FileHandler' driver.
WARNING - 2025-06-21 13:09:56 --> Session: Sessions is enabled, and one exists. Please don't $session->start();
INFO - 2025-06-21 13:09:56 --> Session: Class initialized using 'CodeIgniter\Session\Handlers\FileHandler' driver.
WARNING - 2025-06-21 13:09:56 --> Session: Sessions is enabled, and one exists. Please don't $session->start();
INFO - 2025-06-21 13:10:02 --> Session: Class initialized using 'CodeIgniter\Session\Handlers\FileHandler' driver.
WARNING - 2025-06-21 13:10:02 --> Session: Sessions is enabled, and one exists. Please don't $session->start();
INFO - 2025-06-21 13:10:02 --> Session: Class initialized using 'CodeIgniter\Session\Handlers\FileHandler' driver.
WARNING - 2025-06-21 13:10:02 --> Session: Sessions is enabled, and one exists. Please don't $session->start();
INFO - 2025-06-21 13:10:06 --> Session: Class initialized using 'CodeIgniter\Session\Handlers\FileHandler' driver.
WARNING - 2025-06-21 13:10:06 --> Session: Sessions is enabled, and one exists. Please don't $session->start();
INFO - 2025-06-21 13:10:26 --> Session: Class initialized using 'CodeIgniter\Session\Handlers\FileHandler' driver.
WARNING - 2025-06-21 13:10:26 --> Session: Sessions is enabled, and one exists. Please don't $session->start();
INFO - 2025-06-21 13:10:41 --> Session: Class initialized using 'CodeIgniter\Session\Handlers\FileHandler' driver.
WARNING - 2025-06-21 13:10:41 --> Session: Sessions is enabled, and one exists. Please don't $session->start();
INFO - 2025-06-21 13:13:06 --> Session: Class initialized using 'CodeIgniter\Session\Handlers\FileHandler' driver.
WARNING - 2025-06-21 13:13:06 --> Session: Sessions is enabled, and one exists. Please don't $session->start();
INFO - 2025-06-21 13:14:46 --> Session: Class initialized using 'CodeIgniter\Session\Handlers\FileHandler' driver.
WARNING - 2025-06-21 13:14:46 --> Session: Sessions is enabled, and one exists. Please don't $session->start();
INFO - 2025-06-21 13:14:46 --> Session: Class initialized using 'CodeIgniter\Session\Handlers\FileHandler' driver.
WARNING - 2025-06-21 13:14:46 --> Session: Sessions is enabled, and one exists. Please don't $session->start();
INFO - 2025-06-21 13:15:00 --> Session: Class initialized using 'CodeIgniter\Session\Handlers\FileHandler' driver.
WARNING - 2025-06-21 13:15:00 --> Session: Sessions is enabled, and one exists. Please don't $session->start();
INFO - 2025-06-21 13:17:53 --> Session: Class initialized using 'CodeIgniter\Session\Handlers\FileHandler' driver.
WARNING - 2025-06-21 13:17:53 --> Session: Sessions is enabled, and one exists. Please don't $session->start();
INFO - 2025-06-21 13:19:00 --> Session: Class initialized using 'CodeIgniter\Session\Handlers\FileHandler' driver.
WARNING - 2025-06-21 13:19:00 --> Session: Sessions is enabled, and one exists. Please don't $session->start();
INFO - 2025-06-21 13:20:13 --> Session: Class initialized using 'CodeIgniter\Session\Handlers\FileHandler' driver.
WARNING - 2025-06-21 13:20:13 --> Session: Sessions is enabled, and one exists. Please don't $session->start();
INFO - 2025-06-21 13:20:28 --> Session: Class initialized using 'CodeIgniter\Session\Handlers\FileHandler' driver.
WARNING - 2025-06-21 13:20:28 --> Session: Sessions is enabled, and one exists. Please don't $session->start();
INFO - 2025-06-21 13:20:54 --> Session: Class initialized using 'CodeIgniter\Session\Handlers\FileHandler' driver.
WARNING - 2025-06-21 13:20:54 --> Session: Sessions is enabled, and one exists. Please don't $session->start();
INFO - 2025-06-21 13:28:29 --> Session: Class initialized using 'CodeIgniter\Session\Handlers\FileHandler' driver.
WARNING - 2025-06-21 13:28:29 --> Session: Sessions is enabled, and one exists. Please don't $session->start();
INFO - 2025-06-21 13:28:29 --> Session: Class initialized using 'CodeIgniter\Session\Handlers\FileHandler' driver.
WARNING - 2025-06-21 13:28:29 --> Session: Sessions is enabled, and one exists. Please don't $session->start();
INFO - 2025-06-21 13:28:58 --> Session: Class initialized using 'CodeIgniter\Session\Handlers\FileHandler' driver.
WARNING - 2025-06-21 13:28:58 --> Session: Sessions is enabled, and one exists. Please don't $session->start();
INFO - 2025-06-21 13:28:58 --> Session: Class initialized using 'CodeIgniter\Session\Handlers\FileHandler' driver.
WARNING - 2025-06-21 13:28:58 --> Session: Sessions is enabled, and one exists. Please don't $session->start();
INFO - 2025-06-21 13:30:20 --> Session: Class initialized using 'CodeIgniter\Session\Handlers\FileHandler' driver.
WARNING - 2025-06-21 13:30:20 --> Session: Sessions is enabled, and one exists. Please don't $session->start();
CRITICAL - 2025-06-21 13:30:20 --> ErrorException: Undefined array key "name"
[Method: POST, Route: signup/process]
in APPPATH\Controllers\Auth.php on line 64.
 1 APPPATH\Controllers\Auth.php(64): CodeIgniter\Debug\Exceptions->errorHandler(2, 'Undefined array key "name"', 'D:\\Project\\esgotado\\app\\Controllers\\Auth.php', 64)
 2 SYSTEMPATH\CodeIgniter.php(933): App\Controllers\Auth->signupProcess()
 3 SYSTEMPATH\CodeIgniter.php(509): CodeIgniter\CodeIgniter->runController(Object(App\Controllers\Auth))
 4 SYSTEMPATH\CodeIgniter.php(355): CodeIgniter\CodeIgniter->handleRequest(null, Object(Config\Cache), false)
 5 SYSTEMPATH\Boot.php(312): CodeIgniter\CodeIgniter->run()
 6 SYSTEMPATH\Boot.php(67): CodeIgniter\Boot::runCodeIgniter(Object(CodeIgniter\CodeIgniter))
 7 FCPATH\index.php(56): CodeIgniter\Boot::bootWeb(Object(Config\Paths))
 8 SYSTEMPATH\Commands\Server\rewrite.php(49): require_once('D:\\Project\\esgotado\\public\\index.php')
INFO - 2025-06-21 13:30:27 --> Session: Class initialized using 'CodeIgniter\Session\Handlers\FileHandler' driver.
WARNING - 2025-06-21 13:30:27 --> Session: Sessions is enabled, and one exists. Please don't $session->start();
INFO - 2025-06-21 13:30:31 --> Session: Class initialized using 'CodeIgniter\Session\Handlers\FileHandler' driver.
WARNING - 2025-06-21 13:30:31 --> Session: Sessions is enabled, and one exists. Please don't $session->start();
INFO - 2025-06-21 13:31:04 --> Session: Class initialized using 'CodeIgniter\Session\Handlers\FileHandler' driver.
WARNING - 2025-06-21 13:31:04 --> Session: Sessions is enabled, and one exists. Please don't $session->start();
INFO - 2025-06-21 13:31:04 --> Session: Class initialized using 'CodeIgniter\Session\Handlers\FileHandler' driver.
WARNING - 2025-06-21 13:31:04 --> Session: Sessions is enabled, and one exists. Please don't $session->start();
INFO - 2025-06-21 13:31:23 --> Session: Class initialized using 'CodeIgniter\Session\Handlers\FileHandler' driver.
WARNING - 2025-06-21 13:31:23 --> Session: Sessions is enabled, and one exists. Please don't $session->start();
INFO - 2025-06-21 13:31:23 --> Session: Class initialized using 'CodeIgniter\Session\Handlers\FileHandler' driver.
WARNING - 2025-06-21 13:31:23 --> Session: Sessions is enabled, and one exists. Please don't $session->start();
INFO - 2025-06-21 13:35:11 --> Session: Class initialized using 'CodeIgniter\Session\Handlers\FileHandler' driver.
WARNING - 2025-06-21 13:35:11 --> Session: Sessions is enabled, and one exists. Please don't $session->start();
INFO - 2025-06-21 13:35:51 --> Session: Class initialized using 'CodeIgniter\Session\Handlers\FileHandler' driver.
WARNING - 2025-06-21 13:35:51 --> Session: Sessions is enabled, and one exists. Please don't $session->start();
INFO - 2025-06-21 13:35:51 --> Session: Class initialized using 'CodeIgniter\Session\Handlers\FileHandler' driver.
WARNING - 2025-06-21 13:35:51 --> Session: Sessions is enabled, and one exists. Please don't $session->start();
INFO - 2025-06-21 13:36:06 --> Session: Class initialized using 'CodeIgniter\Session\Handlers\FileHandler' driver.
WARNING - 2025-06-21 13:36:06 --> Session: Sessions is enabled, and one exists. Please don't $session->start();
INFO - 2025-06-21 13:37:19 --> Session: Class initialized using 'CodeIgniter\Session\Handlers\FileHandler' driver.
WARNING - 2025-06-21 13:37:19 --> Session: Sessions is enabled, and one exists. Please don't $session->start();
INFO - 2025-06-21 13:37:19 --> Session: Class initialized using 'CodeIgniter\Session\Handlers\FileHandler' driver.
WARNING - 2025-06-21 13:37:19 --> Session: Sessions is enabled, and one exists. Please don't $session->start();
INFO - 2025-06-21 13:38:47 --> Session: Class initialized using 'CodeIgniter\Session\Handlers\FileHandler' driver.
WARNING - 2025-06-21 13:38:47 --> Session: Sessions is enabled, and one exists. Please don't $session->start();
INFO - 2025-06-21 13:39:10 --> Session: Class initialized using 'CodeIgniter\Session\Handlers\FileHandler' driver.
WARNING - 2025-06-21 13:39:10 --> Session: Sessions is enabled, and one exists. Please don't $session->start();
INFO - 2025-06-21 13:39:10 --> Session: Class initialized using 'CodeIgniter\Session\Handlers\FileHandler' driver.
WARNING - 2025-06-21 13:39:10 --> Session: Sessions is enabled, and one exists. Please don't $session->start();
INFO - 2025-06-21 13:39:21 --> Session: Class initialized using 'CodeIgniter\Session\Handlers\FileHandler' driver.
WARNING - 2025-06-21 13:39:21 --> Session: Sessions is enabled, and one exists. Please don't $session->start();
INFO - 2025-06-21 13:39:21 --> Session: Class initialized using 'CodeIgniter\Session\Handlers\FileHandler' driver.
WARNING - 2025-06-21 13:39:21 --> Session: Sessions is enabled, and one exists. Please don't $session->start();
INFO - 2025-06-21 13:39:28 --> Session: Class initialized using 'CodeIgniter\Session\Handlers\FileHandler' driver.
WARNING - 2025-06-21 13:39:28 --> Session: Sessions is enabled, and one exists. Please don't $session->start();
INFO - 2025-06-21 14:50:55 --> Session: Class initialized using 'CodeIgniter\Session\Handlers\FileHandler' driver.
WARNING - 2025-06-21 14:50:55 --> Session: Sessions is enabled, and one exists. Please don't $session->start();
INFO - 2025-06-21 14:51:00 --> Session: Class initialized using 'CodeIgniter\Session\Handlers\FileHandler' driver.
WARNING - 2025-06-21 14:51:00 --> Session: Sessions is enabled, and one exists. Please don't $session->start();
INFO - 2025-06-21 15:22:04 --> Session: Class initialized using 'CodeIgniter\Session\Handlers\FileHandler' driver.
WARNING - 2025-06-21 15:22:04 --> Session: Sessions is enabled, and one exists. Please don't $session->start();
INFO - 2025-06-21 15:24:02 --> Session: Class initialized using 'CodeIgniter\Session\Handlers\FileHandler' driver.
WARNING - 2025-06-21 15:24:02 --> Session: Sessions is enabled, and one exists. Please don't $session->start();
INFO - 2025-06-21 15:28:54 --> Session: Class initialized using 'CodeIgniter\Session\Handlers\FileHandler' driver.
WARNING - 2025-06-21 15:28:54 --> Session: Sessions is enabled, and one exists. Please don't $session->start();
INFO - 2025-06-21 15:33:46 --> Session: Class initialized using 'CodeIgniter\Session\Handlers\FileHandler' driver.
WARNING - 2025-06-21 15:33:46 --> Session: Sessions is enabled, and one exists. Please don't $session->start();
INFO - 2025-06-21 15:34:35 --> Session: Class initialized using 'CodeIgniter\Session\Handlers\FileHandler' driver.
WARNING - 2025-06-21 15:34:35 --> Session: Sessions is enabled, and one exists. Please don't $session->start();
INFO - 2025-06-21 15:35:14 --> Session: Class initialized using 'CodeIgniter\Session\Handlers\FileHandler' driver.
WARNING - 2025-06-21 15:35:14 --> Session: Sessions is enabled, and one exists. Please don't $session->start();
INFO - 2025-06-21 15:40:30 --> Session: Class initialized using 'CodeIgniter\Session\Handlers\FileHandler' driver.
WARNING - 2025-06-21 15:40:30 --> Session: Sessions is enabled, and one exists. Please don't $session->start();
INFO - 2025-06-21 15:40:40 --> Session: Class initialized using 'CodeIgniter\Session\Handlers\FileHandler' driver.
WARNING - 2025-06-21 15:40:40 --> Session: Sessions is enabled, and one exists. Please don't $session->start();
INFO - 2025-06-21 15:40:42 --> Session: Class initialized using 'CodeIgniter\Session\Handlers\FileHandler' driver.
WARNING - 2025-06-21 15:40:42 --> Session: Sessions is enabled, and one exists. Please don't $session->start();
INFO - 2025-06-21 15:41:20 --> Session: Class initialized using 'CodeIgniter\Session\Handlers\FileHandler' driver.
WARNING - 2025-06-21 15:41:20 --> Session: Sessions is enabled, and one exists. Please don't $session->start();
INFO - 2025-06-21 15:41:20 --> Session: Class initialized using 'CodeIgniter\Session\Handlers\FileHandler' driver.
WARNING - 2025-06-21 15:41:20 --> Session: Sessions is enabled, and one exists. Please don't $session->start();
INFO - 2025-06-21 15:41:58 --> Session: Class initialized using 'CodeIgniter\Session\Handlers\FileHandler' driver.
WARNING - 2025-06-21 15:41:58 --> Session: Sessions is enabled, and one exists. Please don't $session->start();
INFO - 2025-06-21 15:44:19 --> Session: Class initialized using 'CodeIgniter\Session\Handlers\FileHandler' driver.
WARNING - 2025-06-21 15:44:19 --> Session: Sessions is enabled, and one exists. Please don't $session->start();
INFO - 2025-06-21 15:44:47 --> Session: Class initialized using 'CodeIgniter\Session\Handlers\FileHandler' driver.
WARNING - 2025-06-21 15:44:47 --> Session: Sessions is enabled, and one exists. Please don't $session->start();
INFO - 2025-06-21 15:44:59 --> Session: Class initialized using 'CodeIgniter\Session\Handlers\FileHandler' driver.
WARNING - 2025-06-21 15:44:59 --> Session: Sessions is enabled, and one exists. Please don't $session->start();
INFO - 2025-06-21 15:45:08 --> Session: Class initialized using 'CodeIgniter\Session\Handlers\FileHandler' driver.
WARNING - 2025-06-21 15:45:08 --> Session: Sessions is enabled, and one exists. Please don't $session->start();
INFO - 2025-06-21 15:45:39 --> Session: Class initialized using 'CodeIgniter\Session\Handlers\FileHandler' driver.
WARNING - 2025-06-21 15:45:39 --> Session: Sessions is enabled, and one exists. Please don't $session->start();
CRITICAL - 2025-06-21 15:45:39 --> ErrorException: Undefined variable $inventory
[Method: GET, Route: /]
in APPPATH\Views\dashboard\index.php on line 101.
 1 APPPATH\Views\dashboard\index.php(101): CodeIgniter\Debug\Exceptions->errorHandler(2, 'Undefined variable $inventory', 'D:\\Project\\esgotado\\app\\Views\\dashboard\\index.php', 101)
 2 SYSTEMPATH\View\View.php(234): include('D:\\Project\\esgotado\\app\\Views\\dashboard\\index.php')
 3 SYSTEMPATH\View\View.php(237): CodeIgniter\View\View->CodeIgniter\View\{closure}()
 4 SYSTEMPATH\Common.php(1171): CodeIgniter\View\View->render('dashboard/index', [], true)
 5 APPPATH\Controllers\Home.php(100): view('dashboard/index', [...])
 6 SYSTEMPATH\CodeIgniter.php(933): App\Controllers\Home->index()
 7 SYSTEMPATH\CodeIgniter.php(509): CodeIgniter\CodeIgniter->runController(Object(App\Controllers\Home))
 8 SYSTEMPATH\CodeIgniter.php(355): CodeIgniter\CodeIgniter->handleRequest(null, Object(Config\Cache), false)
 9 SYSTEMPATH\Boot.php(312): CodeIgniter\CodeIgniter->run()
10 SYSTEMPATH\Boot.php(67): CodeIgniter\Boot::runCodeIgniter(Object(CodeIgniter\CodeIgniter))
11 FCPATH\index.php(56): CodeIgniter\Boot::bootWeb(Object(Config\Paths))
12 SYSTEMPATH\Commands\Server\rewrite.php(49): require_once('D:\\Project\\esgotado\\public\\index.php')
INFO - 2025-06-21 16:21:47 --> Session: Class initialized using 'CodeIgniter\Session\Handlers\FileHandler' driver.
WARNING - 2025-06-21 16:21:47 --> Session: Sessions is enabled, and one exists. Please don't $session->start();
INFO - 2025-06-21 16:23:52 --> Session: Class initialized using 'CodeIgniter\Session\Handlers\FileHandler' driver.
WARNING - 2025-06-21 16:23:52 --> Session: Sessions is enabled, and one exists. Please don't $session->start();
INFO - 2025-06-21 16:24:25 --> Session: Class initialized using 'CodeIgniter\Session\Handlers\FileHandler' driver.
WARNING - 2025-06-21 16:24:25 --> Session: Sessions is enabled, and one exists. Please don't $session->start();
INFO - 2025-06-21 16:28:02 --> Session: Class initialized using 'CodeIgniter\Session\Handlers\FileHandler' driver.
WARNING - 2025-06-21 16:28:02 --> Session: Sessions is enabled, and one exists. Please don't $session->start();
