INFO - 2024-06-03 03:30:08 --> Session: Class initialized using 'CodeIgniter\Session\Handlers\FileHandler' driver.
WARNING - 2024-06-03 03:30:09 --> Session: Sessions is enabled, and one exists. Please don't $session->start();
INFO - 2024-06-03 03:30:12 --> Session: Class initialized using 'CodeIgniter\Session\Handlers\FileHandler' driver.
WARNING - 2024-06-03 03:30:12 --> Session: Sessions is enabled, and one exists. Please don't $session->start();
INFO - 2024-06-03 03:30:17 --> Session: Class initialized using 'CodeIgniter\Session\Handlers\FileHandler' driver.
WARNING - 2024-06-03 03:30:17 --> Session: Sessions is enabled, and one exists. Please don't $session->start();
INFO - 2024-06-03 03:30:34 --> Session: Class initialized using 'CodeIgniter\Session\Handlers\FileHandler' driver.
WARNING - 2024-06-03 03:30:34 --> Session: Sessions is enabled, and one exists. Please don't $session->start();
INFO - 2024-06-03 03:30:41 --> Session: Class initialized using 'CodeIgniter\Session\Handlers\FileHandler' driver.
WARNING - 2024-06-03 03:30:41 --> Session: Sessions is enabled, and one exists. Please don't $session->start();
INFO - 2024-06-03 03:34:54 --> Session: Class initialized using 'CodeIgniter\Session\Handlers\FileHandler' driver.
WARNING - 2024-06-03 03:34:54 --> Session: Sessions is enabled, and one exists. Please don't $session->start();
INFO - 2024-06-03 03:35:26 --> Session: Class initialized using 'CodeIgniter\Session\Handlers\FileHandler' driver.
WARNING - 2024-06-03 03:35:26 --> Session: Sessions is enabled, and one exists. Please don't $session->start();
INFO - 2024-06-03 03:35:28 --> Session: Class initialized using 'CodeIgniter\Session\Handlers\FileHandler' driver.
WARNING - 2024-06-03 03:35:28 --> Session: Sessions is enabled, and one exists. Please don't $session->start();
INFO - 2024-06-03 03:35:52 --> Session: Class initialized using 'CodeIgniter\Session\Handlers\FileHandler' driver.
WARNING - 2024-06-03 03:35:52 --> Session: Sessions is enabled, and one exists. Please don't $session->start();
INFO - 2024-06-03 03:37:03 --> Session: Class initialized using 'CodeIgniter\Session\Handlers\FileHandler' driver.
WARNING - 2024-06-03 03:37:03 --> Session: Sessions is enabled, and one exists. Please don't $session->start();
INFO - 2024-06-03 03:37:10 --> Session: Class initialized using 'CodeIgniter\Session\Handlers\FileHandler' driver.
WARNING - 2024-06-03 03:37:10 --> Session: Sessions is enabled, and one exists. Please don't $session->start();
INFO - 2024-06-03 03:38:47 --> Session: Class initialized using 'CodeIgniter\Session\Handlers\FileHandler' driver.
WARNING - 2024-06-03 03:38:47 --> Session: Sessions is enabled, and one exists. Please don't $session->start();
INFO - 2024-06-03 03:39:01 --> Session: Class initialized using 'CodeIgniter\Session\Handlers\FileHandler' driver.
WARNING - 2024-06-03 03:39:01 --> Session: Sessions is enabled, and one exists. Please don't $session->start();
INFO - 2024-06-03 03:39:53 --> Session: Class initialized using 'CodeIgniter\Session\Handlers\FileHandler' driver.
WARNING - 2024-06-03 03:39:53 --> Session: Sessions is enabled, and one exists. Please don't $session->start();
INFO - 2024-06-03 03:40:30 --> Session: Class initialized using 'CodeIgniter\Session\Handlers\FileHandler' driver.
WARNING - 2024-06-03 03:40:30 --> Session: Sessions is enabled, and one exists. Please don't $session->start();
INFO - 2024-06-03 03:41:18 --> Session: Class initialized using 'CodeIgniter\Session\Handlers\FileHandler' driver.
WARNING - 2024-06-03 03:41:18 --> Session: Sessions is enabled, and one exists. Please don't $session->start();
INFO - 2024-06-03 03:42:09 --> Session: Class initialized using 'CodeIgniter\Session\Handlers\FileHandler' driver.
WARNING - 2024-06-03 03:42:09 --> Session: Sessions is enabled, and one exists. Please don't $session->start();
INFO - 2024-06-03 03:43:04 --> Session: Class initialized using 'CodeIgniter\Session\Handlers\FileHandler' driver.
WARNING - 2024-06-03 03:43:04 --> Session: Sessions is enabled, and one exists. Please don't $session->start();
INFO - 2024-06-03 03:43:11 --> Session: Class initialized using 'CodeIgniter\Session\Handlers\FileHandler' driver.
WARNING - 2024-06-03 03:43:11 --> Session: Sessions is enabled, and one exists. Please don't $session->start();
INFO - 2024-06-03 03:43:24 --> Session: Class initialized using 'CodeIgniter\Session\Handlers\FileHandler' driver.
WARNING - 2024-06-03 03:43:24 --> Session: Sessions is enabled, and one exists. Please don't $session->start();
INFO - 2024-06-03 03:44:32 --> Session: Class initialized using 'CodeIgniter\Session\Handlers\FileHandler' driver.
WARNING - 2024-06-03 03:44:32 --> Session: Sessions is enabled, and one exists. Please don't $session->start();
INFO - 2024-06-03 03:44:34 --> Session: Class initialized using 'CodeIgniter\Session\Handlers\FileHandler' driver.
WARNING - 2024-06-03 03:44:34 --> Session: Sessions is enabled, and one exists. Please don't $session->start();
INFO - 2024-06-03 03:44:37 --> Session: Class initialized using 'CodeIgniter\Session\Handlers\FileHandler' driver.
WARNING - 2024-06-03 03:44:37 --> Session: Sessions is enabled, and one exists. Please don't $session->start();
INFO - 2024-06-03 03:44:39 --> Session: Class initialized using 'CodeIgniter\Session\Handlers\FileHandler' driver.
WARNING - 2024-06-03 03:44:39 --> Session: Sessions is enabled, and one exists. Please don't $session->start();
INFO - 2024-06-03 03:44:45 --> Session: Class initialized using 'CodeIgniter\Session\Handlers\FileHandler' driver.
WARNING - 2024-06-03 03:44:45 --> Session: Sessions is enabled, and one exists. Please don't $session->start();
INFO - 2024-06-03 03:50:21 --> Session: Class initialized using 'CodeIgniter\Session\Handlers\FileHandler' driver.
WARNING - 2024-06-03 03:50:21 --> Session: Sessions is enabled, and one exists. Please don't $session->start();
INFO - 2024-06-03 03:50:47 --> Session: Class initialized using 'CodeIgniter\Session\Handlers\FileHandler' driver.
WARNING - 2024-06-03 03:50:47 --> Session: Sessions is enabled, and one exists. Please don't $session->start();
INFO - 2024-06-03 03:51:08 --> Session: Class initialized using 'CodeIgniter\Session\Handlers\FileHandler' driver.
WARNING - 2024-06-03 03:51:08 --> Session: Sessions is enabled, and one exists. Please don't $session->start();
INFO - 2024-06-03 03:51:58 --> Session: Class initialized using 'CodeIgniter\Session\Handlers\FileHandler' driver.
WARNING - 2024-06-03 03:51:58 --> Session: Sessions is enabled, and one exists. Please don't $session->start();
INFO - 2024-06-03 03:53:22 --> Session: Class initialized using 'CodeIgniter\Session\Handlers\FileHandler' driver.
WARNING - 2024-06-03 03:53:22 --> Session: Sessions is enabled, and one exists. Please don't $session->start();
INFO - 2024-06-03 03:53:57 --> Session: Class initialized using 'CodeIgniter\Session\Handlers\FileHandler' driver.
WARNING - 2024-06-03 03:53:57 --> Session: Sessions is enabled, and one exists. Please don't $session->start();
INFO - 2024-06-03 03:54:11 --> Session: Class initialized using 'CodeIgniter\Session\Handlers\FileHandler' driver.
WARNING - 2024-06-03 03:54:11 --> Session: Sessions is enabled, and one exists. Please don't $session->start();
INFO - 2024-06-03 03:54:35 --> Session: Class initialized using 'CodeIgniter\Session\Handlers\FileHandler' driver.
WARNING - 2024-06-03 03:54:35 --> Session: Sessions is enabled, and one exists. Please don't $session->start();
INFO - 2024-06-03 03:54:47 --> Session: Class initialized using 'CodeIgniter\Session\Handlers\FileHandler' driver.
WARNING - 2024-06-03 03:54:47 --> Session: Sessions is enabled, and one exists. Please don't $session->start();
INFO - 2024-06-03 03:55:03 --> Session: Class initialized using 'CodeIgniter\Session\Handlers\FileHandler' driver.
WARNING - 2024-06-03 03:55:03 --> Session: Sessions is enabled, and one exists. Please don't $session->start();
INFO - 2024-06-03 03:55:38 --> Session: Class initialized using 'CodeIgniter\Session\Handlers\FileHandler' driver.
WARNING - 2024-06-03 03:55:38 --> Session: Sessions is enabled, and one exists. Please don't $session->start();
INFO - 2024-06-03 03:55:57 --> Session: Class initialized using 'CodeIgniter\Session\Handlers\FileHandler' driver.
WARNING - 2024-06-03 03:55:57 --> Session: Sessions is enabled, and one exists. Please don't $session->start();
INFO - 2024-06-03 03:56:01 --> Session: Class initialized using 'CodeIgniter\Session\Handlers\FileHandler' driver.
WARNING - 2024-06-03 03:56:01 --> Session: Sessions is enabled, and one exists. Please don't $session->start();
INFO - 2024-06-03 03:56:10 --> Session: Class initialized using 'CodeIgniter\Session\Handlers\FileHandler' driver.
WARNING - 2024-06-03 03:56:10 --> Session: Sessions is enabled, and one exists. Please don't $session->start();
INFO - 2024-06-03 03:56:37 --> Session: Class initialized using 'CodeIgniter\Session\Handlers\FileHandler' driver.
WARNING - 2024-06-03 03:56:37 --> Session: Sessions is enabled, and one exists. Please don't $session->start();
INFO - 2024-06-03 03:58:25 --> Session: Class initialized using 'CodeIgniter\Session\Handlers\FileHandler' driver.
WARNING - 2024-06-03 03:58:25 --> Session: Sessions is enabled, and one exists. Please don't $session->start();
INFO - 2024-06-03 03:58:34 --> Session: Class initialized using 'CodeIgniter\Session\Handlers\FileHandler' driver.
WARNING - 2024-06-03 03:58:34 --> Session: Sessions is enabled, and one exists. Please don't $session->start();
INFO - 2024-06-03 03:58:45 --> Session: Class initialized using 'CodeIgniter\Session\Handlers\FileHandler' driver.
WARNING - 2024-06-03 03:58:45 --> Session: Sessions is enabled, and one exists. Please don't $session->start();
INFO - 2024-06-03 04:04:38 --> Session: Class initialized using 'CodeIgniter\Session\Handlers\FileHandler' driver.
WARNING - 2024-06-03 04:04:38 --> Session: Sessions is enabled, and one exists. Please don't $session->start();
INFO - 2024-06-03 04:08:34 --> Session: Class initialized using 'CodeIgniter\Session\Handlers\FileHandler' driver.
WARNING - 2024-06-03 04:08:34 --> Session: Sessions is enabled, and one exists. Please don't $session->start();
INFO - 2024-06-03 04:09:03 --> Session: Class initialized using 'CodeIgniter\Session\Handlers\FileHandler' driver.
WARNING - 2024-06-03 04:09:03 --> Session: Sessions is enabled, and one exists. Please don't $session->start();
INFO - 2024-06-03 04:09:13 --> Session: Class initialized using 'CodeIgniter\Session\Handlers\FileHandler' driver.
WARNING - 2024-06-03 04:09:13 --> Session: Sessions is enabled, and one exists. Please don't $session->start();
INFO - 2024-06-03 04:09:46 --> Session: Class initialized using 'CodeIgniter\Session\Handlers\FileHandler' driver.
WARNING - 2024-06-03 04:09:46 --> Session: Sessions is enabled, and one exists. Please don't $session->start();
INFO - 2024-06-03 04:20:06 --> Session: Class initialized using 'CodeIgniter\Session\Handlers\FileHandler' driver.
WARNING - 2024-06-03 04:20:06 --> Session: Sessions is enabled, and one exists. Please don't $session->start();
INFO - 2024-06-03 04:40:51 --> Session: Class initialized using 'CodeIgniter\Session\Handlers\FileHandler' driver.
WARNING - 2024-06-03 04:40:51 --> Session: Sessions is enabled, and one exists. Please don't $session->start();
INFO - 2024-06-03 04:41:13 --> Session: Class initialized using 'CodeIgniter\Session\Handlers\FileHandler' driver.
WARNING - 2024-06-03 04:41:13 --> Session: Sessions is enabled, and one exists. Please don't $session->start();
INFO - 2024-06-03 04:41:26 --> Session: Class initialized using 'CodeIgniter\Session\Handlers\FileHandler' driver.
WARNING - 2024-06-03 04:41:26 --> Session: Sessions is enabled, and one exists. Please don't $session->start();
INFO - 2024-06-03 04:41:56 --> Session: Class initialized using 'CodeIgniter\Session\Handlers\FileHandler' driver.
WARNING - 2024-06-03 04:41:56 --> Session: Sessions is enabled, and one exists. Please don't $session->start();
INFO - 2024-06-03 04:42:03 --> Session: Class initialized using 'CodeIgniter\Session\Handlers\FileHandler' driver.
WARNING - 2024-06-03 04:42:03 --> Session: Sessions is enabled, and one exists. Please don't $session->start();
INFO - 2024-06-03 04:42:14 --> Session: Class initialized using 'CodeIgniter\Session\Handlers\FileHandler' driver.
WARNING - 2024-06-03 04:42:14 --> Session: Sessions is enabled, and one exists. Please don't $session->start();
INFO - 2024-06-03 04:44:39 --> Session: Class initialized using 'CodeIgniter\Session\Handlers\FileHandler' driver.
WARNING - 2024-06-03 04:44:39 --> Session: Sessions is enabled, and one exists. Please don't $session->start();
INFO - 2024-06-03 04:45:26 --> Session: Class initialized using 'CodeIgniter\Session\Handlers\FileHandler' driver.
WARNING - 2024-06-03 04:45:26 --> Session: Sessions is enabled, and one exists. Please don't $session->start();
INFO - 2024-06-03 04:45:53 --> Session: Class initialized using 'CodeIgniter\Session\Handlers\FileHandler' driver.
WARNING - 2024-06-03 04:45:53 --> Session: Sessions is enabled, and one exists. Please don't $session->start();
INFO - 2024-06-03 04:46:43 --> Session: Class initialized using 'CodeIgniter\Session\Handlers\FileHandler' driver.
WARNING - 2024-06-03 04:46:43 --> Session: Sessions is enabled, and one exists. Please don't $session->start();
INFO - 2024-06-03 04:49:35 --> Session: Class initialized using 'CodeIgniter\Session\Handlers\FileHandler' driver.
WARNING - 2024-06-03 04:49:35 --> Session: Sessions is enabled, and one exists. Please don't $session->start();
INFO - 2024-06-03 04:52:20 --> Session: Class initialized using 'CodeIgniter\Session\Handlers\FileHandler' driver.
WARNING - 2024-06-03 04:52:20 --> Session: Sessions is enabled, and one exists. Please don't $session->start();
INFO - 2024-06-03 04:52:41 --> Session: Class initialized using 'CodeIgniter\Session\Handlers\FileHandler' driver.
WARNING - 2024-06-03 04:52:41 --> Session: Sessions is enabled, and one exists. Please don't $session->start();
INFO - 2024-06-03 04:52:50 --> Session: Class initialized using 'CodeIgniter\Session\Handlers\FileHandler' driver.
WARNING - 2024-06-03 04:52:50 --> Session: Sessions is enabled, and one exists. Please don't $session->start();
INFO - 2024-06-03 04:53:28 --> Session: Class initialized using 'CodeIgniter\Session\Handlers\FileHandler' driver.
WARNING - 2024-06-03 04:53:28 --> Session: Sessions is enabled, and one exists. Please don't $session->start();
INFO - 2024-06-03 04:53:42 --> Session: Class initialized using 'CodeIgniter\Session\Handlers\FileHandler' driver.
WARNING - 2024-06-03 04:53:42 --> Session: Sessions is enabled, and one exists. Please don't $session->start();
INFO - 2024-06-03 04:54:19 --> Session: Class initialized using 'CodeIgniter\Session\Handlers\FileHandler' driver.
WARNING - 2024-06-03 04:54:19 --> Session: Sessions is enabled, and one exists. Please don't $session->start();
INFO - 2024-06-03 04:55:15 --> Session: Class initialized using 'CodeIgniter\Session\Handlers\FileHandler' driver.
WARNING - 2024-06-03 04:55:15 --> Session: Sessions is enabled, and one exists. Please don't $session->start();
INFO - 2024-06-03 04:55:33 --> Session: Class initialized using 'CodeIgniter\Session\Handlers\FileHandler' driver.
WARNING - 2024-06-03 04:55:33 --> Session: Sessions is enabled, and one exists. Please don't $session->start();
INFO - 2024-06-03 04:55:52 --> Session: Class initialized using 'CodeIgniter\Session\Handlers\FileHandler' driver.
WARNING - 2024-06-03 04:55:52 --> Session: Sessions is enabled, and one exists. Please don't $session->start();
INFO - 2024-06-03 04:56:19 --> Session: Class initialized using 'CodeIgniter\Session\Handlers\FileHandler' driver.
WARNING - 2024-06-03 04:56:19 --> Session: Sessions is enabled, and one exists. Please don't $session->start();
INFO - 2024-06-03 04:56:33 --> Session: Class initialized using 'CodeIgniter\Session\Handlers\FileHandler' driver.
WARNING - 2024-06-03 04:56:33 --> Session: Sessions is enabled, and one exists. Please don't $session->start();
INFO - 2024-06-03 04:57:12 --> Session: Class initialized using 'CodeIgniter\Session\Handlers\FileHandler' driver.
WARNING - 2024-06-03 04:57:12 --> Session: Sessions is enabled, and one exists. Please don't $session->start();
INFO - 2024-06-03 04:59:25 --> Session: Class initialized using 'CodeIgniter\Session\Handlers\FileHandler' driver.
WARNING - 2024-06-03 04:59:26 --> Session: Sessions is enabled, and one exists. Please don't $session->start();
INFO - 2024-06-03 04:59:56 --> Session: Class initialized using 'CodeIgniter\Session\Handlers\FileHandler' driver.
WARNING - 2024-06-03 04:59:56 --> Session: Sessions is enabled, and one exists. Please don't $session->start();
INFO - 2024-06-03 05:00:49 --> Session: Class initialized using 'CodeIgniter\Session\Handlers\FileHandler' driver.
WARNING - 2024-06-03 05:00:49 --> Session: Sessions is enabled, and one exists. Please don't $session->start();
INFO - 2024-06-03 05:01:45 --> Session: Class initialized using 'CodeIgniter\Session\Handlers\FileHandler' driver.
WARNING - 2024-06-03 05:01:45 --> Session: Sessions is enabled, and one exists. Please don't $session->start();
INFO - 2024-06-03 05:01:50 --> Session: Class initialized using 'CodeIgniter\Session\Handlers\FileHandler' driver.
WARNING - 2024-06-03 05:01:50 --> Session: Sessions is enabled, and one exists. Please don't $session->start();
INFO - 2024-06-03 05:03:02 --> Session: Class initialized using 'CodeIgniter\Session\Handlers\FileHandler' driver.
WARNING - 2024-06-03 05:03:02 --> Session: Sessions is enabled, and one exists. Please don't $session->start();
INFO - 2024-06-03 05:03:13 --> Session: Class initialized using 'CodeIgniter\Session\Handlers\FileHandler' driver.
WARNING - 2024-06-03 05:03:13 --> Session: Sessions is enabled, and one exists. Please don't $session->start();
INFO - 2024-06-03 05:03:16 --> Session: Class initialized using 'CodeIgniter\Session\Handlers\FileHandler' driver.
WARNING - 2024-06-03 05:03:16 --> Session: Sessions is enabled, and one exists. Please don't $session->start();
INFO - 2024-06-03 05:03:28 --> Session: Class initialized using 'CodeIgniter\Session\Handlers\FileHandler' driver.
WARNING - 2024-06-03 05:03:28 --> Session: Sessions is enabled, and one exists. Please don't $session->start();
INFO - 2024-06-03 05:03:45 --> Session: Class initialized using 'CodeIgniter\Session\Handlers\FileHandler' driver.
WARNING - 2024-06-03 05:03:45 --> Session: Sessions is enabled, and one exists. Please don't $session->start();
INFO - 2024-06-03 05:04:41 --> Session: Class initialized using 'CodeIgniter\Session\Handlers\FileHandler' driver.
WARNING - 2024-06-03 05:04:41 --> Session: Sessions is enabled, and one exists. Please don't $session->start();
INFO - 2024-06-03 05:04:48 --> Session: Class initialized using 'CodeIgniter\Session\Handlers\FileHandler' driver.
INFO - 2024-06-03 05:04:49 --> Session: Class initialized using 'CodeIgniter\Session\Handlers\FileHandler' driver.
WARNING - 2024-06-03 05:04:49 --> Session: Sessions is enabled, and one exists. Please don't $session->start();
INFO - 2024-06-03 05:05:00 --> Session: Class initialized using 'CodeIgniter\Session\Handlers\FileHandler' driver.
WARNING - 2024-06-03 05:05:00 --> Session: Sessions is enabled, and one exists. Please don't $session->start();
INFO - 2024-06-03 05:05:01 --> Session: Class initialized using 'CodeIgniter\Session\Handlers\FileHandler' driver.
WARNING - 2024-06-03 05:05:01 --> Session: Sessions is enabled, and one exists. Please don't $session->start();
INFO - 2024-06-03 05:05:03 --> Session: Class initialized using 'CodeIgniter\Session\Handlers\FileHandler' driver.
WARNING - 2024-06-03 05:05:03 --> Session: Sessions is enabled, and one exists. Please don't $session->start();
INFO - 2024-06-03 05:05:06 --> Session: Class initialized using 'CodeIgniter\Session\Handlers\FileHandler' driver.
WARNING - 2024-06-03 05:05:06 --> Session: Sessions is enabled, and one exists. Please don't $session->start();
INFO - 2024-06-03 05:05:09 --> Session: Class initialized using 'CodeIgniter\Session\Handlers\FileHandler' driver.
WARNING - 2024-06-03 05:05:09 --> Session: Sessions is enabled, and one exists. Please don't $session->start();
INFO - 2024-06-03 05:05:12 --> Session: Class initialized using 'CodeIgniter\Session\Handlers\FileHandler' driver.
WARNING - 2024-06-03 05:05:12 --> Session: Sessions is enabled, and one exists. Please don't $session->start();
INFO - 2024-06-03 05:05:15 --> Session: Class initialized using 'CodeIgniter\Session\Handlers\FileHandler' driver.
WARNING - 2024-06-03 05:05:15 --> Session: Sessions is enabled, and one exists. Please don't $session->start();
INFO - 2024-06-03 05:05:33 --> Session: Class initialized using 'CodeIgniter\Session\Handlers\FileHandler' driver.
WARNING - 2024-06-03 05:05:33 --> Session: Sessions is enabled, and one exists. Please don't $session->start();
INFO - 2024-06-03 05:05:33 --> Session: Class initialized using 'CodeIgniter\Session\Handlers\FileHandler' driver.
WARNING - 2024-06-03 05:05:33 --> Session: Sessions is enabled, and one exists. Please don't $session->start();
INFO - 2024-06-03 05:05:44 --> Session: Class initialized using 'CodeIgniter\Session\Handlers\FileHandler' driver.
INFO - 2024-06-03 05:05:44 --> Session: Class initialized using 'CodeIgniter\Session\Handlers\FileHandler' driver.
WARNING - 2024-06-03 05:05:44 --> Session: Sessions is enabled, and one exists. Please don't $session->start();
INFO - 2024-06-03 05:05:48 --> Session: Class initialized using 'CodeIgniter\Session\Handlers\FileHandler' driver.
WARNING - 2024-06-03 05:05:48 --> Session: Sessions is enabled, and one exists. Please don't $session->start();
INFO - 2024-06-03 05:05:58 --> Session: Class initialized using 'CodeIgniter\Session\Handlers\FileHandler' driver.
WARNING - 2024-06-03 05:05:58 --> Session: Sessions is enabled, and one exists. Please don't $session->start();
INFO - 2024-06-03 05:06:01 --> Session: Class initialized using 'CodeIgniter\Session\Handlers\FileHandler' driver.
WARNING - 2024-06-03 05:06:01 --> Session: Sessions is enabled, and one exists. Please don't $session->start();
INFO - 2024-06-03 05:06:12 --> Session: Class initialized using 'CodeIgniter\Session\Handlers\FileHandler' driver.
WARNING - 2024-06-03 05:06:12 --> Session: Sessions is enabled, and one exists. Please don't $session->start();
INFO - 2024-06-03 05:08:12 --> Session: Class initialized using 'CodeIgniter\Session\Handlers\FileHandler' driver.
WARNING - 2024-06-03 05:08:12 --> Session: Sessions is enabled, and one exists. Please don't $session->start();
INFO - 2024-06-03 05:11:55 --> Session: Class initialized using 'CodeIgniter\Session\Handlers\FileHandler' driver.
WARNING - 2024-06-03 05:11:56 --> Session: Sessions is enabled, and one exists. Please don't $session->start();
INFO - 2024-06-03 05:39:25 --> Session: Class initialized using 'CodeIgniter\Session\Handlers\FileHandler' driver.
WARNING - 2024-06-03 05:39:25 --> Session: Sessions is enabled, and one exists. Please don't $session->start();
INFO - 2024-06-03 05:41:01 --> Session: Class initialized using 'CodeIgniter\Session\Handlers\FileHandler' driver.
WARNING - 2024-06-03 05:41:01 --> Session: Sessions is enabled, and one exists. Please don't $session->start();
INFO - 2024-06-03 05:41:59 --> Session: Class initialized using 'CodeIgniter\Session\Handlers\FileHandler' driver.
WARNING - 2024-06-03 05:41:59 --> Session: Sessions is enabled, and one exists. Please don't $session->start();
INFO - 2024-06-03 05:42:00 --> Session: Class initialized using 'CodeIgniter\Session\Handlers\FileHandler' driver.
WARNING - 2024-06-03 05:42:00 --> Session: Sessions is enabled, and one exists. Please don't $session->start();
INFO - 2024-06-03 05:44:43 --> Session: Class initialized using 'CodeIgniter\Session\Handlers\FileHandler' driver.
WARNING - 2024-06-03 05:44:43 --> Session: Sessions is enabled, and one exists. Please don't $session->start();
INFO - 2024-06-03 08:05:56 --> Session: Class initialized using 'CodeIgniter\Session\Handlers\FileHandler' driver.
WARNING - 2024-06-03 08:05:57 --> Session: Sessions is enabled, and one exists. Please don't $session->start();
INFO - 2024-06-03 08:06:55 --> Session: Class initialized using 'CodeIgniter\Session\Handlers\FileHandler' driver.
WARNING - 2024-06-03 08:06:55 --> Session: Sessions is enabled, and one exists. Please don't $session->start();
INFO - 2024-06-03 08:07:02 --> Session: Class initialized using 'CodeIgniter\Session\Handlers\FileHandler' driver.
WARNING - 2024-06-03 08:07:02 --> Session: Sessions is enabled, and one exists. Please don't $session->start();
INFO - 2024-06-03 08:07:14 --> Session: Class initialized using 'CodeIgniter\Session\Handlers\FileHandler' driver.
WARNING - 2024-06-03 08:07:14 --> Session: Sessions is enabled, and one exists. Please don't $session->start();
INFO - 2024-06-03 08:08:36 --> Session: Class initialized using 'CodeIgniter\Session\Handlers\FileHandler' driver.
WARNING - 2024-06-03 08:08:36 --> Session: Sessions is enabled, and one exists. Please don't $session->start();
INFO - 2024-06-03 08:09:46 --> Session: Class initialized using 'CodeIgniter\Session\Handlers\FileHandler' driver.
WARNING - 2024-06-03 08:09:46 --> Session: Sessions is enabled, and one exists. Please don't $session->start();
INFO - 2024-06-03 08:09:57 --> Session: Class initialized using 'CodeIgniter\Session\Handlers\FileHandler' driver.
WARNING - 2024-06-03 08:09:57 --> Session: Sessions is enabled, and one exists. Please don't $session->start();
INFO - 2024-06-03 08:10:00 --> Session: Class initialized using 'CodeIgniter\Session\Handlers\FileHandler' driver.
INFO - 2024-06-03 08:10:00 --> Session: Class initialized using 'CodeIgniter\Session\Handlers\FileHandler' driver.
WARNING - 2024-06-03 08:10:00 --> Session: Sessions is enabled, and one exists. Please don't $session->start();
INFO - 2024-06-03 08:10:04 --> Session: Class initialized using 'CodeIgniter\Session\Handlers\FileHandler' driver.
WARNING - 2024-06-03 08:10:04 --> Session: Sessions is enabled, and one exists. Please don't $session->start();
INFO - 2024-06-03 08:10:04 --> Session: Class initialized using 'CodeIgniter\Session\Handlers\FileHandler' driver.
WARNING - 2024-06-03 08:10:04 --> Session: Sessions is enabled, and one exists. Please don't $session->start();
INFO - 2024-06-03 08:10:11 --> Session: Class initialized using 'CodeIgniter\Session\Handlers\FileHandler' driver.
WARNING - 2024-06-03 08:10:11 --> Session: Sessions is enabled, and one exists. Please don't $session->start();
INFO - 2024-06-03 08:10:11 --> Session: Class initialized using 'CodeIgniter\Session\Handlers\FileHandler' driver.
WARNING - 2024-06-03 08:10:11 --> Session: Sessions is enabled, and one exists. Please don't $session->start();
INFO - 2024-06-03 08:10:13 --> Session: Class initialized using 'CodeIgniter\Session\Handlers\FileHandler' driver.
WARNING - 2024-06-03 08:10:13 --> Session: Sessions is enabled, and one exists. Please don't $session->start();
INFO - 2024-06-03 08:10:15 --> Session: Class initialized using 'CodeIgniter\Session\Handlers\FileHandler' driver.
WARNING - 2024-06-03 08:10:15 --> Session: Sessions is enabled, and one exists. Please don't $session->start();
INFO - 2024-06-03 08:10:23 --> Session: Class initialized using 'CodeIgniter\Session\Handlers\FileHandler' driver.
WARNING - 2024-06-03 08:10:23 --> Session: Sessions is enabled, and one exists. Please don't $session->start();
INFO - 2024-06-03 08:10:29 --> Session: Class initialized using 'CodeIgniter\Session\Handlers\FileHandler' driver.
WARNING - 2024-06-03 08:10:29 --> Session: Sessions is enabled, and one exists. Please don't $session->start();
INFO - 2024-06-03 08:10:33 --> Session: Class initialized using 'CodeIgniter\Session\Handlers\FileHandler' driver.
WARNING - 2024-06-03 08:10:33 --> Session: Sessions is enabled, and one exists. Please don't $session->start();
INFO - 2024-06-03 08:10:33 --> Session: Class initialized using 'CodeIgniter\Session\Handlers\FileHandler' driver.
WARNING - 2024-06-03 08:10:33 --> Session: Sessions is enabled, and one exists. Please don't $session->start();
INFO - 2024-06-03 08:10:36 --> Session: Class initialized using 'CodeIgniter\Session\Handlers\FileHandler' driver.
WARNING - 2024-06-03 08:10:36 --> Session: Sessions is enabled, and one exists. Please don't $session->start();
INFO - 2024-06-03 08:10:39 --> Session: Class initialized using 'CodeIgniter\Session\Handlers\FileHandler' driver.
WARNING - 2024-06-03 08:10:39 --> Session: Sessions is enabled, and one exists. Please don't $session->start();
INFO - 2024-06-03 08:10:40 --> Session: Class initialized using 'CodeIgniter\Session\Handlers\FileHandler' driver.
WARNING - 2024-06-03 08:10:40 --> Session: Sessions is enabled, and one exists. Please don't $session->start();
INFO - 2024-06-03 08:11:46 --> Session: Class initialized using 'CodeIgniter\Session\Handlers\FileHandler' driver.
WARNING - 2024-06-03 08:11:46 --> Session: Sessions is enabled, and one exists. Please don't $session->start();
INFO - 2024-06-03 08:12:22 --> Session: Class initialized using 'CodeIgniter\Session\Handlers\FileHandler' driver.
WARNING - 2024-06-03 08:12:22 --> Session: Sessions is enabled, and one exists. Please don't $session->start();
INFO - 2024-06-03 08:13:38 --> Session: Class initialized using 'CodeIgniter\Session\Handlers\FileHandler' driver.
WARNING - 2024-06-03 08:13:38 --> Session: Sessions is enabled, and one exists. Please don't $session->start();
INFO - 2024-06-03 08:14:18 --> Session: Class initialized using 'CodeIgniter\Session\Handlers\FileHandler' driver.
WARNING - 2024-06-03 08:14:18 --> Session: Sessions is enabled, and one exists. Please don't $session->start();
INFO - 2024-06-03 08:16:51 --> Session: Class initialized using 'CodeIgniter\Session\Handlers\FileHandler' driver.
WARNING - 2024-06-03 08:16:51 --> Session: Sessions is enabled, and one exists. Please don't $session->start();
INFO - 2024-06-03 08:17:52 --> Session: Class initialized using 'CodeIgniter\Session\Handlers\FileHandler' driver.
WARNING - 2024-06-03 08:17:52 --> Session: Sessions is enabled, and one exists. Please don't $session->start();
INFO - 2024-06-03 08:18:15 --> Session: Class initialized using 'CodeIgniter\Session\Handlers\FileHandler' driver.
WARNING - 2024-06-03 08:18:15 --> Session: Sessions is enabled, and one exists. Please don't $session->start();
INFO - 2024-06-03 08:18:25 --> Session: Class initialized using 'CodeIgniter\Session\Handlers\FileHandler' driver.
WARNING - 2024-06-03 08:18:25 --> Session: Sessions is enabled, and one exists. Please don't $session->start();
INFO - 2024-06-03 08:18:35 --> Session: Class initialized using 'CodeIgniter\Session\Handlers\FileHandler' driver.
WARNING - 2024-06-03 08:18:35 --> Session: Sessions is enabled, and one exists. Please don't $session->start();
INFO - 2024-06-03 08:18:54 --> Session: Class initialized using 'CodeIgniter\Session\Handlers\FileHandler' driver.
WARNING - 2024-06-03 08:18:54 --> Session: Sessions is enabled, and one exists. Please don't $session->start();
INFO - 2024-06-03 08:19:04 --> Session: Class initialized using 'CodeIgniter\Session\Handlers\FileHandler' driver.
WARNING - 2024-06-03 08:19:04 --> Session: Sessions is enabled, and one exists. Please don't $session->start();
INFO - 2024-06-03 08:19:38 --> Session: Class initialized using 'CodeIgniter\Session\Handlers\FileHandler' driver.
WARNING - 2024-06-03 08:19:38 --> Session: Sessions is enabled, and one exists. Please don't $session->start();
INFO - 2024-06-03 08:44:52 --> Session: Class initialized using 'CodeIgniter\Session\Handlers\FileHandler' driver.
WARNING - 2024-06-03 08:44:52 --> Session: Sessions is enabled, and one exists. Please don't $session->start();
INFO - 2024-06-03 08:45:31 --> Session: Class initialized using 'CodeIgniter\Session\Handlers\FileHandler' driver.
WARNING - 2024-06-03 08:45:31 --> Session: Sessions is enabled, and one exists. Please don't $session->start();
INFO - 2024-06-03 08:45:34 --> Session: Class initialized using 'CodeIgniter\Session\Handlers\FileHandler' driver.
INFO - 2024-06-03 08:45:34 --> Session: Class initialized using 'CodeIgniter\Session\Handlers\FileHandler' driver.
WARNING - 2024-06-03 08:45:34 --> Session: Sessions is enabled, and one exists. Please don't $session->start();
INFO - 2024-06-03 08:45:41 --> Session: Class initialized using 'CodeIgniter\Session\Handlers\FileHandler' driver.
WARNING - 2024-06-03 08:45:41 --> Session: Sessions is enabled, and one exists. Please don't $session->start();
INFO - 2024-06-03 08:45:41 --> Session: Class initialized using 'CodeIgniter\Session\Handlers\FileHandler' driver.
WARNING - 2024-06-03 08:45:41 --> Session: Sessions is enabled, and one exists. Please don't $session->start();
INFO - 2024-06-03 08:45:43 --> Session: Class initialized using 'CodeIgniter\Session\Handlers\FileHandler' driver.
WARNING - 2024-06-03 08:45:43 --> Session: Sessions is enabled, and one exists. Please don't $session->start();
INFO - 2024-06-03 08:45:45 --> Session: Class initialized using 'CodeIgniter\Session\Handlers\FileHandler' driver.
WARNING - 2024-06-03 08:45:45 --> Session: Sessions is enabled, and one exists. Please don't $session->start();
INFO - 2024-06-03 08:48:21 --> Session: Class initialized using 'CodeIgniter\Session\Handlers\FileHandler' driver.
WARNING - 2024-06-03 08:48:21 --> Session: Sessions is enabled, and one exists. Please don't $session->start();
INFO - 2024-06-03 08:48:22 --> Session: Class initialized using 'CodeIgniter\Session\Handlers\FileHandler' driver.
WARNING - 2024-06-03 08:48:22 --> Session: Sessions is enabled, and one exists. Please don't $session->start();
INFO - 2024-06-03 08:48:28 --> Session: Class initialized using 'CodeIgniter\Session\Handlers\FileHandler' driver.
WARNING - 2024-06-03 08:48:28 --> Session: Sessions is enabled, and one exists. Please don't $session->start();
CRITICAL - 2024-06-03 08:48:28 --> Error: Object of class stdClass could not be converted to string
[Method: GET, Route: produk]
in APPPATH\Views\user\produk\produk.php on line 122.
 1 SYSTEMPATH\View\View.php(234): include()
 2 SYSTEMPATH\View\View.php(237): CodeIgniter\View\View->CodeIgniter\View\{closure}()
 3 SYSTEMPATH\Common.php(1171): CodeIgniter\View\View->render('user/produk/produk', [], true)
 4 APPPATH\Controllers\Produk.php(40): view('user/produk/produk', [...])
 5 SYSTEMPATH\CodeIgniter.php(933): App\Controllers\Produk->index()
 6 SYSTEMPATH\CodeIgniter.php(509): CodeIgniter\CodeIgniter->runController(Object(App\Controllers\Produk))
 7 SYSTEMPATH\CodeIgniter.php(355): CodeIgniter\CodeIgniter->handleRequest(null, Object(Config\Cache), false)
 8 SYSTEMPATH\Boot.php(312): CodeIgniter\CodeIgniter->run()
 9 SYSTEMPATH\Boot.php(67): CodeIgniter\Boot::runCodeIgniter(Object(CodeIgniter\CodeIgniter))
10 FCPATH\index.php(56): CodeIgniter\Boot::bootWeb(Object(Config\Paths))
11 SYSTEMPATH\Commands\Server\rewrite.php(49): require_once('D:\\Project\\dlbeauty\\public\\index.php')
INFO - 2024-06-03 08:48:42 --> Session: Class initialized using 'CodeIgniter\Session\Handlers\FileHandler' driver.
WARNING - 2024-06-03 08:48:42 --> Session: Sessions is enabled, and one exists. Please don't $session->start();
INFO - 2024-06-03 08:49:33 --> Session: Class initialized using 'CodeIgniter\Session\Handlers\FileHandler' driver.
WARNING - 2024-06-03 08:49:33 --> Session: Sessions is enabled, and one exists. Please don't $session->start();
INFO - 2024-06-03 08:49:42 --> Session: Class initialized using 'CodeIgniter\Session\Handlers\FileHandler' driver.
WARNING - 2024-06-03 08:49:42 --> Session: Sessions is enabled, and one exists. Please don't $session->start();
INFO - 2024-06-03 08:49:48 --> Session: Class initialized using 'CodeIgniter\Session\Handlers\FileHandler' driver.
WARNING - 2024-06-03 08:49:48 --> Session: Sessions is enabled, and one exists. Please don't $session->start();
INFO - 2024-06-03 08:50:16 --> Session: Class initialized using 'CodeIgniter\Session\Handlers\FileHandler' driver.
WARNING - 2024-06-03 08:50:16 --> Session: Sessions is enabled, and one exists. Please don't $session->start();
INFO - 2024-06-03 08:50:25 --> Session: Class initialized using 'CodeIgniter\Session\Handlers\FileHandler' driver.
WARNING - 2024-06-03 08:50:25 --> Session: Sessions is enabled, and one exists. Please don't $session->start();
INFO - 2024-06-03 08:50:30 --> Session: Class initialized using 'CodeIgniter\Session\Handlers\FileHandler' driver.
WARNING - 2024-06-03 08:50:30 --> Session: Sessions is enabled, and one exists. Please don't $session->start();
INFO - 2024-06-03 08:50:32 --> Session: Class initialized using 'CodeIgniter\Session\Handlers\FileHandler' driver.
WARNING - 2024-06-03 08:50:32 --> Session: Sessions is enabled, and one exists. Please don't $session->start();
INFO - 2024-06-03 08:50:33 --> Session: Class initialized using 'CodeIgniter\Session\Handlers\FileHandler' driver.
WARNING - 2024-06-03 08:50:33 --> Session: Sessions is enabled, and one exists. Please don't $session->start();
INFO - 2024-06-03 08:50:54 --> Session: Class initialized using 'CodeIgniter\Session\Handlers\FileHandler' driver.
WARNING - 2024-06-03 08:50:54 --> Session: Sessions is enabled, and one exists. Please don't $session->start();
CRITICAL - 2024-06-03 08:50:54 --> ParseError: syntax error, unexpected variable "$item", expecting "," or ";"
[Method: GET, Route: produk]
in APPPATH\Views\user\produk\produk.php on line 130.
 1 SYSTEMPATH\View\View.php(237): CodeIgniter\View\View->CodeIgniter\View\{closure}()
 2 SYSTEMPATH\Common.php(1171): CodeIgniter\View\View->render('user/produk/produk', [], true)
 3 APPPATH\Controllers\Produk.php(40): view('user/produk/produk', [...])
 4 SYSTEMPATH\CodeIgniter.php(933): App\Controllers\Produk->index()
 5 SYSTEMPATH\CodeIgniter.php(509): CodeIgniter\CodeIgniter->runController(Object(App\Controllers\Produk))
 6 SYSTEMPATH\CodeIgniter.php(355): CodeIgniter\CodeIgniter->handleRequest(null, Object(Config\Cache), false)
 7 SYSTEMPATH\Boot.php(312): CodeIgniter\CodeIgniter->run()
 8 SYSTEMPATH\Boot.php(67): CodeIgniter\Boot::runCodeIgniter(Object(CodeIgniter\CodeIgniter))
 9 FCPATH\index.php(56): CodeIgniter\Boot::bootWeb(Object(Config\Paths))
10 SYSTEMPATH\Commands\Server\rewrite.php(49): require_once('D:\\Project\\dlbeauty\\public\\index.php')
INFO - 2024-06-03 08:51:08 --> Session: Class initialized using 'CodeIgniter\Session\Handlers\FileHandler' driver.
WARNING - 2024-06-03 08:51:08 --> Session: Sessions is enabled, and one exists. Please don't $session->start();
INFO - 2024-06-03 08:51:58 --> Session: Class initialized using 'CodeIgniter\Session\Handlers\FileHandler' driver.
WARNING - 2024-06-03 08:51:58 --> Session: Sessions is enabled, and one exists. Please don't $session->start();
INFO - 2024-06-03 08:52:09 --> Session: Class initialized using 'CodeIgniter\Session\Handlers\FileHandler' driver.
WARNING - 2024-06-03 08:52:09 --> Session: Sessions is enabled, and one exists. Please don't $session->start();
INFO - 2024-06-03 08:52:27 --> Session: Class initialized using 'CodeIgniter\Session\Handlers\FileHandler' driver.
WARNING - 2024-06-03 08:52:27 --> Session: Sessions is enabled, and one exists. Please don't $session->start();
INFO - 2024-06-03 08:52:32 --> Session: Class initialized using 'CodeIgniter\Session\Handlers\FileHandler' driver.
WARNING - 2024-06-03 08:52:32 --> Session: Sessions is enabled, and one exists. Please don't $session->start();
INFO - 2024-06-03 09:28:08 --> Session: Class initialized using 'CodeIgniter\Session\Handlers\FileHandler' driver.
WARNING - 2024-06-03 09:28:08 --> Session: Sessions is enabled, and one exists. Please don't $session->start();
CRITICAL - 2024-06-03 09:28:08 --> ErrorException: Undefined variable $valP
[Method: GET, Route: produk]
in APPPATH\Views\user\produk\produk.php on line 125.
 1 APPPATH\Views\user\produk\produk.php(125): CodeIgniter\Debug\Exceptions->errorHandler(2, 'Undefined variable $valP', 'D:\\Project\\dlbeauty\\app\\Views\\user\\produk\\produk.php', 125)
 2 SYSTEMPATH\View\View.php(234): include('D:\\Project\\dlbeauty\\app\\Views\\user\\produk\\produk.php')
 3 SYSTEMPATH\View\View.php(237): CodeIgniter\View\View->CodeIgniter\View\{closure}()
 4 SYSTEMPATH\Common.php(1171): CodeIgniter\View\View->render('user/produk/produk', [], true)
 5 APPPATH\Controllers\Produk.php(40): view('user/produk/produk', [...])
 6 SYSTEMPATH\CodeIgniter.php(933): App\Controllers\Produk->index()
 7 SYSTEMPATH\CodeIgniter.php(509): CodeIgniter\CodeIgniter->runController(Object(App\Controllers\Produk))
 8 SYSTEMPATH\CodeIgniter.php(355): CodeIgniter\CodeIgniter->handleRequest(null, Object(Config\Cache), false)
 9 SYSTEMPATH\Boot.php(312): CodeIgniter\CodeIgniter->run()
10 SYSTEMPATH\Boot.php(67): CodeIgniter\Boot::runCodeIgniter(Object(CodeIgniter\CodeIgniter))
11 FCPATH\index.php(56): CodeIgniter\Boot::bootWeb(Object(Config\Paths))
12 SYSTEMPATH\Commands\Server\rewrite.php(49): require_once('D:\\Project\\dlbeauty\\public\\index.php')
INFO - 2024-06-03 09:28:17 --> Session: Class initialized using 'CodeIgniter\Session\Handlers\FileHandler' driver.
WARNING - 2024-06-03 09:28:17 --> Session: Sessions is enabled, and one exists. Please don't $session->start();
INFO - 2024-06-03 09:28:38 --> Session: Class initialized using 'CodeIgniter\Session\Handlers\FileHandler' driver.
WARNING - 2024-06-03 09:28:38 --> Session: Sessions is enabled, and one exists. Please don't $session->start();
INFO - 2024-06-03 09:29:20 --> Session: Class initialized using 'CodeIgniter\Session\Handlers\FileHandler' driver.
WARNING - 2024-06-03 09:29:20 --> Session: Sessions is enabled, and one exists. Please don't $session->start();
INFO - 2024-06-03 09:29:45 --> Session: Class initialized using 'CodeIgniter\Session\Handlers\FileHandler' driver.
WARNING - 2024-06-03 09:29:45 --> Session: Sessions is enabled, and one exists. Please don't $session->start();
INFO - 2024-06-03 09:30:09 --> Session: Class initialized using 'CodeIgniter\Session\Handlers\FileHandler' driver.
WARNING - 2024-06-03 09:30:09 --> Session: Sessions is enabled, and one exists. Please don't $session->start();
INFO - 2024-06-03 09:30:14 --> Session: Class initialized using 'CodeIgniter\Session\Handlers\FileHandler' driver.
WARNING - 2024-06-03 09:30:14 --> Session: Sessions is enabled, and one exists. Please don't $session->start();
INFO - 2024-06-03 09:30:22 --> Session: Class initialized using 'CodeIgniter\Session\Handlers\FileHandler' driver.
WARNING - 2024-06-03 09:30:22 --> Session: Sessions is enabled, and one exists. Please don't $session->start();
INFO - 2024-06-03 09:30:33 --> Session: Class initialized using 'CodeIgniter\Session\Handlers\FileHandler' driver.
WARNING - 2024-06-03 09:30:33 --> Session: Sessions is enabled, and one exists. Please don't $session->start();
INFO - 2024-06-03 09:30:46 --> Session: Class initialized using 'CodeIgniter\Session\Handlers\FileHandler' driver.
WARNING - 2024-06-03 09:30:46 --> Session: Sessions is enabled, and one exists. Please don't $session->start();
INFO - 2024-06-03 09:31:55 --> Session: Class initialized using 'CodeIgniter\Session\Handlers\FileHandler' driver.
WARNING - 2024-06-03 09:31:55 --> Session: Sessions is enabled, and one exists. Please don't $session->start();
CRITICAL - 2024-06-03 09:31:55 --> ErrorException: Attempt to read property "deskripsi" on array
[Method: GET, Route: produk/PRD001]
in APPPATH\Views\user\produk\detail_produk.php on line 23.
 1 APPPATH\Views\user\produk\detail_produk.php(23): CodeIgniter\Debug\Exceptions->errorHandler(2, 'Attempt to read property "deskripsi" on array', 'D:\\Project\\dlbeauty\\app\\Views\\user\\produk\\detail_produk.php', 23)
 2 SYSTEMPATH\View\View.php(234): include('D:\\Project\\dlbeauty\\app\\Views\\user\\produk\\detail_produk.php')
 3 SYSTEMPATH\View\View.php(237): CodeIgniter\View\View->CodeIgniter\View\{closure}()
 4 SYSTEMPATH\Common.php(1171): CodeIgniter\View\View->render('user/produk/detail_produk', [], true)
 5 APPPATH\Controllers\Produk.php(63): view('user/produk/detail_produk', [...])
 6 SYSTEMPATH\CodeIgniter.php(933): App\Controllers\Produk->detailProduk('PRD001')
 7 SYSTEMPATH\CodeIgniter.php(509): CodeIgniter\CodeIgniter->runController(Object(App\Controllers\Produk))
 8 SYSTEMPATH\CodeIgniter.php(355): CodeIgniter\CodeIgniter->handleRequest(null, Object(Config\Cache), false)
 9 SYSTEMPATH\Boot.php(312): CodeIgniter\CodeIgniter->run()
10 SYSTEMPATH\Boot.php(67): CodeIgniter\Boot::runCodeIgniter(Object(CodeIgniter\CodeIgniter))
11 FCPATH\index.php(56): CodeIgniter\Boot::bootWeb(Object(Config\Paths))
12 SYSTEMPATH\Commands\Server\rewrite.php(49): require_once('D:\\Project\\dlbeauty\\public\\index.php')
INFO - 2024-06-03 09:32:06 --> Session: Class initialized using 'CodeIgniter\Session\Handlers\FileHandler' driver.
WARNING - 2024-06-03 09:32:06 --> Session: Sessions is enabled, and one exists. Please don't $session->start();
INFO - 2024-06-03 09:32:55 --> Session: Class initialized using 'CodeIgniter\Session\Handlers\FileHandler' driver.
WARNING - 2024-06-03 09:32:55 --> Session: Sessions is enabled, and one exists. Please don't $session->start();
INFO - 2024-06-03 09:33:20 --> Session: Class initialized using 'CodeIgniter\Session\Handlers\FileHandler' driver.
WARNING - 2024-06-03 09:33:20 --> Session: Sessions is enabled, and one exists. Please don't $session->start();
INFO - 2024-06-03 09:33:39 --> Session: Class initialized using 'CodeIgniter\Session\Handlers\FileHandler' driver.
WARNING - 2024-06-03 09:33:39 --> Session: Sessions is enabled, and one exists. Please don't $session->start();
INFO - 2024-06-03 09:33:44 --> Session: Class initialized using 'CodeIgniter\Session\Handlers\FileHandler' driver.
WARNING - 2024-06-03 09:33:44 --> Session: Sessions is enabled, and one exists. Please don't $session->start();
INFO - 2024-06-03 09:33:59 --> Session: Class initialized using 'CodeIgniter\Session\Handlers\FileHandler' driver.
WARNING - 2024-06-03 09:33:59 --> Session: Sessions is enabled, and one exists. Please don't $session->start();
INFO - 2024-06-03 09:34:06 --> Session: Class initialized using 'CodeIgniter\Session\Handlers\FileHandler' driver.
WARNING - 2024-06-03 09:34:06 --> Session: Sessions is enabled, and one exists. Please don't $session->start();
INFO - 2024-06-03 09:34:10 --> Session: Class initialized using 'CodeIgniter\Session\Handlers\FileHandler' driver.
WARNING - 2024-06-03 09:34:10 --> Session: Sessions is enabled, and one exists. Please don't $session->start();
INFO - 2024-06-03 09:34:24 --> Session: Class initialized using 'CodeIgniter\Session\Handlers\FileHandler' driver.
WARNING - 2024-06-03 09:34:24 --> Session: Sessions is enabled, and one exists. Please don't $session->start();
INFO - 2024-06-03 09:34:29 --> Session: Class initialized using 'CodeIgniter\Session\Handlers\FileHandler' driver.
WARNING - 2024-06-03 09:34:29 --> Session: Sessions is enabled, and one exists. Please don't $session->start();
INFO - 2024-06-03 09:34:46 --> Session: Class initialized using 'CodeIgniter\Session\Handlers\FileHandler' driver.
WARNING - 2024-06-03 09:34:46 --> Session: Sessions is enabled, and one exists. Please don't $session->start();
INFO - 2024-06-03 09:35:23 --> Session: Class initialized using 'CodeIgniter\Session\Handlers\FileHandler' driver.
WARNING - 2024-06-03 09:35:23 --> Session: Sessions is enabled, and one exists. Please don't $session->start();
INFO - 2024-06-03 09:35:35 --> Session: Class initialized using 'CodeIgniter\Session\Handlers\FileHandler' driver.
WARNING - 2024-06-03 09:35:35 --> Session: Sessions is enabled, and one exists. Please don't $session->start();
INFO - 2024-06-03 09:35:41 --> Session: Class initialized using 'CodeIgniter\Session\Handlers\FileHandler' driver.
WARNING - 2024-06-03 09:35:42 --> Session: Sessions is enabled, and one exists. Please don't $session->start();
INFO - 2024-06-03 09:35:55 --> Session: Class initialized using 'CodeIgniter\Session\Handlers\FileHandler' driver.
WARNING - 2024-06-03 09:35:55 --> Session: Sessions is enabled, and one exists. Please don't $session->start();
INFO - 2024-06-03 09:37:17 --> Session: Class initialized using 'CodeIgniter\Session\Handlers\FileHandler' driver.
WARNING - 2024-06-03 09:37:17 --> Session: Sessions is enabled, and one exists. Please don't $session->start();
INFO - 2024-06-03 09:37:48 --> Session: Class initialized using 'CodeIgniter\Session\Handlers\FileHandler' driver.
WARNING - 2024-06-03 09:37:48 --> Session: Sessions is enabled, and one exists. Please don't $session->start();
INFO - 2024-06-03 09:37:56 --> Session: Class initialized using 'CodeIgniter\Session\Handlers\FileHandler' driver.
WARNING - 2024-06-03 09:37:56 --> Session: Sessions is enabled, and one exists. Please don't $session->start();
INFO - 2024-06-03 09:38:05 --> Session: Class initialized using 'CodeIgniter\Session\Handlers\FileHandler' driver.
WARNING - 2024-06-03 09:38:05 --> Session: Sessions is enabled, and one exists. Please don't $session->start();
INFO - 2024-06-03 09:38:21 --> Session: Class initialized using 'CodeIgniter\Session\Handlers\FileHandler' driver.
WARNING - 2024-06-03 09:38:21 --> Session: Sessions is enabled, and one exists. Please don't $session->start();
INFO - 2024-06-03 09:39:28 --> Session: Class initialized using 'CodeIgniter\Session\Handlers\FileHandler' driver.
WARNING - 2024-06-03 09:39:28 --> Session: Sessions is enabled, and one exists. Please don't $session->start();
