INFO - 2025-06-18 03:47:23 --> Session: Class initialized using 'CodeIgniter\Session\Handlers\FileHandler' driver.
INFO - 2025-06-18 03:47:24 --> Session: Class initialized using 'CodeIgniter\Session\Handlers\FileHandler' driver.
WARNING - 2025-06-18 03:47:24 --> Session: Sessions is enabled, and one exists. Please don't $session->start();
INFO - 2025-06-18 07:22:10 --> Session: Class initialized using 'CodeIgniter\Session\Handlers\FileHandler' driver.
WARNING - 2025-06-18 07:22:10 --> Session: Sessions is enabled, and one exists. Please don't $session->start();
INFO - 2025-06-18 07:22:11 --> Session: Class initialized using 'CodeIgniter\Session\Handlers\FileHandler' driver.
WARNING - 2025-06-18 07:22:11 --> Session: Sessions is enabled, and one exists. Please don't $session->start();
INFO - 2025-06-18 07:23:02 --> Session: Class initialized using 'CodeIgniter\Session\Handlers\FileHandler' driver.
WARNING - 2025-06-18 07:23:02 --> Session: Sessions is enabled, and one exists. Please don't $session->start();
INFO - 2025-06-18 07:23:07 --> Session: Class initialized using 'CodeIgniter\Session\Handlers\FileHandler' driver.
WARNING - 2025-06-18 07:23:07 --> Session: Sessions is enabled, and one exists. Please don't $session->start();
INFO - 2025-06-18 07:26:36 --> Session: Class initialized using 'CodeIgniter\Session\Handlers\FileHandler' driver.
WARNING - 2025-06-18 07:26:36 --> Session: Sessions is enabled, and one exists. Please don't $session->start();
INFO - 2025-06-18 07:26:39 --> Session: Class initialized using 'CodeIgniter\Session\Handlers\FileHandler' driver.
WARNING - 2025-06-18 07:26:39 --> Session: Sessions is enabled, and one exists. Please don't $session->start();
INFO - 2025-06-18 07:34:16 --> Session: Class initialized using 'CodeIgniter\Session\Handlers\FileHandler' driver.
WARNING - 2025-06-18 07:34:16 --> Session: Sessions is enabled, and one exists. Please don't $session->start();
INFO - 2025-06-18 07:34:19 --> Session: Class initialized using 'CodeIgniter\Session\Handlers\FileHandler' driver.
WARNING - 2025-06-18 07:34:19 --> Session: Sessions is enabled, and one exists. Please don't $session->start();
INFO - 2025-06-18 07:34:23 --> Session: Class initialized using 'CodeIgniter\Session\Handlers\FileHandler' driver.
WARNING - 2025-06-18 07:34:23 --> Session: Sessions is enabled, and one exists. Please don't $session->start();
INFO - 2025-06-18 13:00:38 --> Session: Class initialized using 'CodeIgniter\Session\Handlers\FileHandler' driver.
INFO - 2025-06-18 13:00:38 --> Session: Class initialized using 'CodeIgniter\Session\Handlers\FileHandler' driver.
WARNING - 2025-06-18 13:00:38 --> Session: Sessions is enabled, and one exists. Please don't $session->start();
INFO - 2025-06-18 13:00:43 --> Session: Class initialized using 'CodeIgniter\Session\Handlers\FileHandler' driver.
WARNING - 2025-06-18 13:00:43 --> Session: Sessions is enabled, and one exists. Please don't $session->start();
INFO - 2025-06-18 13:00:43 --> Session: Class initialized using 'CodeIgniter\Session\Handlers\FileHandler' driver.
WARNING - 2025-06-18 13:00:43 --> Session: Sessions is enabled, and one exists. Please don't $session->start();
INFO - 2025-06-18 13:00:47 --> Session: Class initialized using 'CodeIgniter\Session\Handlers\FileHandler' driver.
WARNING - 2025-06-18 13:00:47 --> Session: Sessions is enabled, and one exists. Please don't $session->start();
INFO - 2025-06-18 13:03:05 --> Session: Class initialized using 'CodeIgniter\Session\Handlers\FileHandler' driver.
WARNING - 2025-06-18 13:03:05 --> Session: Sessions is enabled, and one exists. Please don't $session->start();
INFO - 2025-06-18 13:03:07 --> Session: Class initialized using 'CodeIgniter\Session\Handlers\FileHandler' driver.
WARNING - 2025-06-18 13:03:07 --> Session: Sessions is enabled, and one exists. Please don't $session->start();
INFO - 2025-06-18 13:03:25 --> Session: Class initialized using 'CodeIgniter\Session\Handlers\FileHandler' driver.
WARNING - 2025-06-18 13:03:25 --> Session: Sessions is enabled, and one exists. Please don't $session->start();
INFO - 2025-06-18 13:21:54 --> Session: Class initialized using 'CodeIgniter\Session\Handlers\FileHandler' driver.
WARNING - 2025-06-18 13:21:54 --> Session: Sessions is enabled, and one exists. Please don't $session->start();
INFO - 2025-06-18 13:21:57 --> Session: Class initialized using 'CodeIgniter\Session\Handlers\FileHandler' driver.
WARNING - 2025-06-18 13:21:57 --> Session: Sessions is enabled, and one exists. Please don't $session->start();
INFO - 2025-06-18 13:21:57 --> Session: Class initialized using 'CodeIgniter\Session\Handlers\FileHandler' driver.
WARNING - 2025-06-18 13:21:57 --> Session: Sessions is enabled, and one exists. Please don't $session->start();
INFO - 2025-06-18 13:22:27 --> Session: Class initialized using 'CodeIgniter\Session\Handlers\FileHandler' driver.
WARNING - 2025-06-18 13:22:27 --> Session: Sessions is enabled, and one exists. Please don't $session->start();
INFO - 2025-06-18 13:22:30 --> Session: Class initialized using 'CodeIgniter\Session\Handlers\FileHandler' driver.
WARNING - 2025-06-18 13:22:30 --> Session: Sessions is enabled, and one exists. Please don't $session->start();
INFO - 2025-06-18 13:22:30 --> Session: Class initialized using 'CodeIgniter\Session\Handlers\FileHandler' driver.
WARNING - 2025-06-18 13:22:30 --> Session: Sessions is enabled, and one exists. Please don't $session->start();
INFO - 2025-06-18 13:22:56 --> Session: Class initialized using 'CodeIgniter\Session\Handlers\FileHandler' driver.
CRITICAL - 2025-06-18 13:22:56 --> ParseError: Unmatched '}'
[Method: POST, Route: production/inbound/add/process]
in APPPATH\Controllers\Inbound.php on line 61.
 1 VENDORPATH\composer\ClassLoader.php(427): Composer\Autoload\{closure}('D:\\Project\\esgotado\\vendor\\composer/../../app\\Controllers\\Inbound.php')
 2 [internal function]: Composer\Autoload\ClassLoader->loadClass('App\\Controllers\\Inbound')
 3 SYSTEMPATH\CodeIgniter.php(887): class_exists('\\App\\Controllers\\Inbound', true)
 4 SYSTEMPATH\CodeIgniter.php(496): CodeIgniter\CodeIgniter->startController()
 5 SYSTEMPATH\CodeIgniter.php(355): CodeIgniter\CodeIgniter->handleRequest(null, Object(Config\Cache), false)
 6 SYSTEMPATH\Boot.php(312): CodeIgniter\CodeIgniter->run()
 7 SYSTEMPATH\Boot.php(67): CodeIgniter\Boot::runCodeIgniter(Object(CodeIgniter\CodeIgniter))
 8 FCPATH\index.php(56): CodeIgniter\Boot::bootWeb(Object(Config\Paths))
 9 SYSTEMPATH\Commands\Server\rewrite.php(49): require_once('D:\\Project\\esgotado\\public\\index.php')
INFO - 2025-06-18 13:23:12 --> Session: Class initialized using 'CodeIgniter\Session\Handlers\FileHandler' driver.
WARNING - 2025-06-18 13:23:12 --> Session: Sessions is enabled, and one exists. Please don't $session->start();
INFO - 2025-06-18 13:24:23 --> Session: Class initialized using 'CodeIgniter\Session\Handlers\FileHandler' driver.
WARNING - 2025-06-18 13:24:23 --> Session: Sessions is enabled, and one exists. Please don't $session->start();
INFO - 2025-06-18 13:24:25 --> Session: Class initialized using 'CodeIgniter\Session\Handlers\FileHandler' driver.
WARNING - 2025-06-18 13:24:25 --> Session: Sessions is enabled, and one exists. Please don't $session->start();
INFO - 2025-06-18 13:24:27 --> Session: Class initialized using 'CodeIgniter\Session\Handlers\FileHandler' driver.
WARNING - 2025-06-18 13:24:27 --> Session: Sessions is enabled, and one exists. Please don't $session->start();
INFO - 2025-06-18 13:24:45 --> Session: Class initialized using 'CodeIgniter\Session\Handlers\FileHandler' driver.
WARNING - 2025-06-18 13:24:45 --> Session: Sessions is enabled, and one exists. Please don't $session->start();
INFO - 2025-06-18 13:41:12 --> Session: Class initialized using 'CodeIgniter\Session\Handlers\FileHandler' driver.
WARNING - 2025-06-18 13:41:13 --> Session: Sessions is enabled, and one exists. Please don't $session->start();
INFO - 2025-06-18 13:41:22 --> Session: Class initialized using 'CodeIgniter\Session\Handlers\FileHandler' driver.
WARNING - 2025-06-18 13:41:23 --> Session: Sessions is enabled, and one exists. Please don't $session->start();
