INFO - 2025-06-19 03:01:03 --> Session: Class initialized using 'CodeIgniter\Session\Handlers\FileHandler' driver.
INFO - 2025-06-19 03:01:04 --> Session: Class initialized using 'CodeIgniter\Session\Handlers\FileHandler' driver.
WARNING - 2025-06-19 03:01:04 --> Session: Sessions is enabled, and one exists. Please don't $session->start();
INFO - 2025-06-19 03:01:12 --> Session: Class initialized using 'CodeIgniter\Session\Handlers\FileHandler' driver.
WARNING - 2025-06-19 03:01:12 --> Session: Sessions is enabled, and one exists. Please don't $session->start();
INFO - 2025-06-19 03:01:13 --> Session: Class initialized using 'CodeIgniter\Session\Handlers\FileHandler' driver.
WARNING - 2025-06-19 03:01:13 --> Session: Sessions is enabled, and one exists. Please don't $session->start();
INFO - 2025-06-19 03:01:18 --> Session: Class initialized using 'CodeIgniter\Session\Handlers\FileHandler' driver.
WARNING - 2025-06-19 03:01:18 --> Session: Sessions is enabled, and one exists. Please don't $session->start();
INFO - 2025-06-19 03:01:22 --> Session: Class initialized using 'CodeIgniter\Session\Handlers\FileHandler' driver.
WARNING - 2025-06-19 03:01:22 --> Session: Sessions is enabled, and one exists. Please don't $session->start();
CRITICAL - 2025-06-19 03:01:22 --> ErrorException: Undefined property: stdClass::$type_materials
[Method: GET, Route: production/inbound/add]
in APPPATH\Views\production\inbound\add.php on line 34.
 1 APPPATH\Views\production\inbound\add.php(34): CodeIgniter\Debug\Exceptions->errorHandler(2, 'Undefined property: stdClass::$type_materials', 'D:\\Project\\esgotado\\app\\Views\\production\\inbound\\add.php', 34)
 2 SYSTEMPATH\View\View.php(234): include('D:\\Project\\esgotado\\app\\Views\\production\\inbound\\add.php')
 3 SYSTEMPATH\View\View.php(237): CodeIgniter\View\View->CodeIgniter\View\{closure}()
 4 SYSTEMPATH\Common.php(1171): CodeIgniter\View\View->render('production/inbound/add', [], true)
 5 APPPATH\Controllers\Production.php(57): view('production/inbound/add', [...])
 6 SYSTEMPATH\CodeIgniter.php(933): App\Controllers\Production->addInboundView()
 7 SYSTEMPATH\CodeIgniter.php(509): CodeIgniter\CodeIgniter->runController(Object(App\Controllers\Production))
 8 SYSTEMPATH\CodeIgniter.php(355): CodeIgniter\CodeIgniter->handleRequest(null, Object(Config\Cache), false)
 9 SYSTEMPATH\Boot.php(312): CodeIgniter\CodeIgniter->run()
10 SYSTEMPATH\Boot.php(67): CodeIgniter\Boot::runCodeIgniter(Object(CodeIgniter\CodeIgniter))
11 FCPATH\index.php(56): CodeIgniter\Boot::bootWeb(Object(Config\Paths))
12 SYSTEMPATH\Commands\Server\rewrite.php(49): require_once('D:\\Project\\esgotado\\public\\index.php')
INFO - 2025-06-19 03:02:14 --> Session: Class initialized using 'CodeIgniter\Session\Handlers\FileHandler' driver.
WARNING - 2025-06-19 03:02:14 --> Session: Sessions is enabled, and one exists. Please don't $session->start();
INFO - 2025-06-19 03:05:36 --> Session: Class initialized using 'CodeIgniter\Session\Handlers\FileHandler' driver.
WARNING - 2025-06-19 03:05:36 --> Session: Sessions is enabled, and one exists. Please don't $session->start();
INFO - 2025-06-19 03:11:50 --> Session: Class initialized using 'CodeIgniter\Session\Handlers\FileHandler' driver.
WARNING - 2025-06-19 03:11:50 --> Session: Sessions is enabled, and one exists. Please don't $session->start();
INFO - 2025-06-19 03:12:52 --> Session: Class initialized using 'CodeIgniter\Session\Handlers\FileHandler' driver.
WARNING - 2025-06-19 03:12:52 --> Session: Sessions is enabled, and one exists. Please don't $session->start();
INFO - 2025-06-19 03:13:49 --> Session: Class initialized using 'CodeIgniter\Session\Handlers\FileHandler' driver.
WARNING - 2025-06-19 03:13:49 --> Session: Sessions is enabled, and one exists. Please don't $session->start();
INFO - 2025-06-19 03:14:09 --> Session: Class initialized using 'CodeIgniter\Session\Handlers\FileHandler' driver.
WARNING - 2025-06-19 03:14:09 --> Session: Sessions is enabled, and one exists. Please don't $session->start();
INFO - 2025-06-19 03:14:09 --> Session: Class initialized using 'CodeIgniter\Session\Handlers\FileHandler' driver.
WARNING - 2025-06-19 03:14:09 --> Session: Sessions is enabled, and one exists. Please don't $session->start();
INFO - 2025-06-19 03:21:10 --> Session: Class initialized using 'CodeIgniter\Session\Handlers\FileHandler' driver.
WARNING - 2025-06-19 03:21:10 --> Session: Sessions is enabled, and one exists. Please don't $session->start();
INFO - 2025-06-19 03:21:18 --> Session: Class initialized using 'CodeIgniter\Session\Handlers\FileHandler' driver.
WARNING - 2025-06-19 03:21:18 --> Session: Sessions is enabled, and one exists. Please don't $session->start();
INFO - 2025-06-19 03:21:18 --> Session: Class initialized using 'CodeIgniter\Session\Handlers\FileHandler' driver.
WARNING - 2025-06-19 03:21:18 --> Session: Sessions is enabled, and one exists. Please don't $session->start();
INFO - 2025-06-19 03:23:54 --> Session: Class initialized using 'CodeIgniter\Session\Handlers\FileHandler' driver.
WARNING - 2025-06-19 03:23:54 --> Session: Sessions is enabled, and one exists. Please don't $session->start();
INFO - 2025-06-19 03:23:57 --> Session: Class initialized using 'CodeIgniter\Session\Handlers\FileHandler' driver.
WARNING - 2025-06-19 03:23:57 --> Session: Sessions is enabled, and one exists. Please don't $session->start();
INFO - 2025-06-19 03:23:57 --> Session: Class initialized using 'CodeIgniter\Session\Handlers\FileHandler' driver.
WARNING - 2025-06-19 03:23:57 --> Session: Sessions is enabled, and one exists. Please don't $session->start();
INFO - 2025-06-19 03:24:04 --> Session: Class initialized using 'CodeIgniter\Session\Handlers\FileHandler' driver.
WARNING - 2025-06-19 03:24:04 --> Session: Sessions is enabled, and one exists. Please don't $session->start();
INFO - 2025-06-19 03:24:04 --> Session: Class initialized using 'CodeIgniter\Session\Handlers\FileHandler' driver.
WARNING - 2025-06-19 03:24:04 --> Session: Sessions is enabled, and one exists. Please don't $session->start();
INFO - 2025-06-19 03:24:31 --> Session: Class initialized using 'CodeIgniter\Session\Handlers\FileHandler' driver.
WARNING - 2025-06-19 03:24:31 --> Session: Sessions is enabled, and one exists. Please don't $session->start();
INFO - 2025-06-19 03:29:47 --> Session: Class initialized using 'CodeIgniter\Session\Handlers\FileHandler' driver.
WARNING - 2025-06-19 03:29:47 --> Session: Sessions is enabled, and one exists. Please don't $session->start();
INFO - 2025-06-19 03:30:30 --> Session: Class initialized using 'CodeIgniter\Session\Handlers\FileHandler' driver.
WARNING - 2025-06-19 03:30:30 --> Session: Sessions is enabled, and one exists. Please don't $session->start();
CRITICAL - 2025-06-19 03:30:30 --> ErrorException: Undefined property: stdClass::$type
[Method: GET, Route: production/inbound]
in APPPATH\Views\production\inbound\index.php on line 32.
 1 APPPATH\Views\production\inbound\index.php(32): CodeIgniter\Debug\Exceptions->errorHandler(2, 'Undefined property: stdClass::$type', 'D:\\Project\\esgotado\\app\\Views\\production\\inbound\\index.php', 32)
 2 SYSTEMPATH\View\View.php(234): include('D:\\Project\\esgotado\\app\\Views\\production\\inbound\\index.php')
 3 SYSTEMPATH\View\View.php(237): CodeIgniter\View\View->CodeIgniter\View\{closure}()
 4 SYSTEMPATH\Common.php(1171): CodeIgniter\View\View->render('production/inbound/index', [], true)
 5 APPPATH\Controllers\Production.php(42): view('production/inbound/index', [...])
 6 SYSTEMPATH\CodeIgniter.php(933): App\Controllers\Production->inboundView()
 7 SYSTEMPATH\CodeIgniter.php(509): CodeIgniter\CodeIgniter->runController(Object(App\Controllers\Production))
 8 SYSTEMPATH\CodeIgniter.php(355): CodeIgniter\CodeIgniter->handleRequest(null, Object(Config\Cache), false)
 9 SYSTEMPATH\Boot.php(312): CodeIgniter\CodeIgniter->run()
10 SYSTEMPATH\Boot.php(67): CodeIgniter\Boot::runCodeIgniter(Object(CodeIgniter\CodeIgniter))
11 FCPATH\index.php(56): CodeIgniter\Boot::bootWeb(Object(Config\Paths))
12 SYSTEMPATH\Commands\Server\rewrite.php(49): require_once('D:\\Project\\esgotado\\public\\index.php')
INFO - 2025-06-19 03:30:56 --> Session: Class initialized using 'CodeIgniter\Session\Handlers\FileHandler' driver.
WARNING - 2025-06-19 03:30:56 --> Session: Sessions is enabled, and one exists. Please don't $session->start();
INFO - 2025-06-19 03:34:36 --> Session: Class initialized using 'CodeIgniter\Session\Handlers\FileHandler' driver.
WARNING - 2025-06-19 03:34:36 --> Session: Sessions is enabled, and one exists. Please don't $session->start();
INFO - 2025-06-19 03:36:26 --> Session: Class initialized using 'CodeIgniter\Session\Handlers\FileHandler' driver.
WARNING - 2025-06-19 03:36:26 --> Session: Sessions is enabled, and one exists. Please don't $session->start();
INFO - 2025-06-19 03:36:37 --> Session: Class initialized using 'CodeIgniter\Session\Handlers\FileHandler' driver.
WARNING - 2025-06-19 03:36:37 --> Session: Sessions is enabled, and one exists. Please don't $session->start();
INFO - 2025-06-19 03:36:52 --> Session: Class initialized using 'CodeIgniter\Session\Handlers\FileHandler' driver.
WARNING - 2025-06-19 03:36:52 --> Session: Sessions is enabled, and one exists. Please don't $session->start();
INFO - 2025-06-19 03:38:30 --> Session: Class initialized using 'CodeIgniter\Session\Handlers\FileHandler' driver.
WARNING - 2025-06-19 03:38:30 --> Session: Sessions is enabled, and one exists. Please don't $session->start();
INFO - 2025-06-19 03:39:21 --> Session: Class initialized using 'CodeIgniter\Session\Handlers\FileHandler' driver.
WARNING - 2025-06-19 03:39:21 --> Session: Sessions is enabled, and one exists. Please don't $session->start();
INFO - 2025-06-19 03:39:41 --> Session: Class initialized using 'CodeIgniter\Session\Handlers\FileHandler' driver.
WARNING - 2025-06-19 03:39:41 --> Session: Sessions is enabled, and one exists. Please don't $session->start();
INFO - 2025-06-19 03:41:05 --> Session: Class initialized using 'CodeIgniter\Session\Handlers\FileHandler' driver.
WARNING - 2025-06-19 03:41:05 --> Session: Sessions is enabled, and one exists. Please don't $session->start();
INFO - 2025-06-19 03:41:10 --> Session: Class initialized using 'CodeIgniter\Session\Handlers\FileHandler' driver.
WARNING - 2025-06-19 03:41:10 --> Session: Sessions is enabled, and one exists. Please don't $session->start();
INFO - 2025-06-19 03:41:14 --> Session: Class initialized using 'CodeIgniter\Session\Handlers\FileHandler' driver.
WARNING - 2025-06-19 03:41:14 --> Session: Sessions is enabled, and one exists. Please don't $session->start();
INFO - 2025-06-19 03:44:24 --> Session: Class initialized using 'CodeIgniter\Session\Handlers\FileHandler' driver.
WARNING - 2025-06-19 03:44:24 --> Session: Sessions is enabled, and one exists. Please don't $session->start();
INFO - 2025-06-19 03:44:27 --> Session: Class initialized using 'CodeIgniter\Session\Handlers\FileHandler' driver.
WARNING - 2025-06-19 03:44:27 --> Session: Sessions is enabled, and one exists. Please don't $session->start();
INFO - 2025-06-19 03:44:33 --> Session: Class initialized using 'CodeIgniter\Session\Handlers\FileHandler' driver.
WARNING - 2025-06-19 03:44:33 --> Session: Sessions is enabled, and one exists. Please don't $session->start();
INFO - 2025-06-19 03:46:47 --> Session: Class initialized using 'CodeIgniter\Session\Handlers\FileHandler' driver.
WARNING - 2025-06-19 03:46:47 --> Session: Sessions is enabled, and one exists. Please don't $session->start();
INFO - 2025-06-19 03:47:05 --> Session: Class initialized using 'CodeIgniter\Session\Handlers\FileHandler' driver.
WARNING - 2025-06-19 03:47:05 --> Session: Sessions is enabled, and one exists. Please don't $session->start();
CRITICAL - 2025-06-19 03:47:05 --> ErrorException: Undefined array key "code_sku"
[Method: POST, Route: production/inbound/add/process]
in APPPATH\Controllers\Inbound.php on line 43.
 1 APPPATH\Controllers\Inbound.php(43): CodeIgniter\Debug\Exceptions->errorHandler(2, 'Undefined array key "code_sku"', 'D:\\Project\\esgotado\\app\\Controllers\\Inbound.php', 43)
 2 SYSTEMPATH\CodeIgniter.php(933): App\Controllers\Inbound->addInboundProcess()
 3 SYSTEMPATH\CodeIgniter.php(509): CodeIgniter\CodeIgniter->runController(Object(App\Controllers\Inbound))
 4 SYSTEMPATH\CodeIgniter.php(355): CodeIgniter\CodeIgniter->handleRequest(null, Object(Config\Cache), false)
 5 SYSTEMPATH\Boot.php(312): CodeIgniter\CodeIgniter->run()
 6 SYSTEMPATH\Boot.php(67): CodeIgniter\Boot::runCodeIgniter(Object(CodeIgniter\CodeIgniter))
 7 FCPATH\index.php(56): CodeIgniter\Boot::bootWeb(Object(Config\Paths))
 8 SYSTEMPATH\Commands\Server\rewrite.php(49): require_once('D:\\Project\\esgotado\\public\\index.php')
INFO - 2025-06-19 03:47:24 --> Session: Class initialized using 'CodeIgniter\Session\Handlers\FileHandler' driver.
WARNING - 2025-06-19 03:47:24 --> Session: Sessions is enabled, and one exists. Please don't $session->start();
INFO - 2025-06-19 03:48:21 --> Session: Class initialized using 'CodeIgniter\Session\Handlers\FileHandler' driver.
WARNING - 2025-06-19 03:48:21 --> Session: Sessions is enabled, and one exists. Please don't $session->start();
INFO - 2025-06-19 03:48:31 --> Session: Class initialized using 'CodeIgniter\Session\Handlers\FileHandler' driver.
WARNING - 2025-06-19 03:48:31 --> Session: Sessions is enabled, and one exists. Please don't $session->start();
INFO - 2025-06-19 03:49:00 --> Session: Class initialized using 'CodeIgniter\Session\Handlers\FileHandler' driver.
WARNING - 2025-06-19 03:49:00 --> Session: Sessions is enabled, and one exists. Please don't $session->start();
INFO - 2025-06-19 03:49:44 --> Session: Class initialized using 'CodeIgniter\Session\Handlers\FileHandler' driver.
WARNING - 2025-06-19 03:49:44 --> Session: Sessions is enabled, and one exists. Please don't $session->start();
INFO - 2025-06-19 03:50:17 --> Session: Class initialized using 'CodeIgniter\Session\Handlers\FileHandler' driver.
WARNING - 2025-06-19 03:50:17 --> Session: Sessions is enabled, and one exists. Please don't $session->start();
INFO - 2025-06-19 03:51:05 --> Session: Class initialized using 'CodeIgniter\Session\Handlers\FileHandler' driver.
WARNING - 2025-06-19 03:51:05 --> Session: Sessions is enabled, and one exists. Please don't $session->start();
INFO - 2025-06-19 04:09:22 --> Session: Class initialized using 'CodeIgniter\Session\Handlers\FileHandler' driver.
WARNING - 2025-06-19 04:09:22 --> Session: Sessions is enabled, and one exists. Please don't $session->start();
INFO - 2025-06-19 04:10:44 --> Session: Class initialized using 'CodeIgniter\Session\Handlers\FileHandler' driver.
WARNING - 2025-06-19 04:10:44 --> Session: Sessions is enabled, and one exists. Please don't $session->start();
INFO - 2025-06-19 04:10:44 --> Session: Class initialized using 'CodeIgniter\Session\Handlers\FileHandler' driver.
WARNING - 2025-06-19 04:10:44 --> Session: Sessions is enabled, and one exists. Please don't $session->start();
INFO - 2025-06-19 04:11:14 --> Session: Class initialized using 'CodeIgniter\Session\Handlers\FileHandler' driver.
WARNING - 2025-06-19 04:11:14 --> Session: Sessions is enabled, and one exists. Please don't $session->start();
INFO - 2025-06-19 04:11:16 --> Session: Class initialized using 'CodeIgniter\Session\Handlers\FileHandler' driver.
WARNING - 2025-06-19 04:11:16 --> Session: Sessions is enabled, and one exists. Please don't $session->start();
