INFO - 2024-06-16 04:32:19 --> Session: Class initialized using 'CodeIgniter\Session\Handlers\FileHandler' driver.
WARNING - 2024-06-16 04:32:19 --> Session: Sessions is enabled, and one exists. Please don't $session->start();
INFO - 2024-06-16 04:32:29 --> Session: Class initialized using 'CodeIgniter\Session\Handlers\FileHandler' driver.
WARNING - 2024-06-16 04:32:31 --> Session: Sessions is enabled, and one exists. Please don't $session->start();
INFO - 2024-06-16 04:46:30 --> Session: Class initialized using 'CodeIgniter\Session\Handlers\FileHandler' driver.
WARNING - 2024-06-16 04:46:30 --> Session: Sessions is enabled, and one exists. Please don't $session->start();
INFO - 2024-06-16 04:49:55 --> Session: Class initialized using 'CodeIgniter\Session\Handlers\FileHandler' driver.
WARNING - 2024-06-16 04:49:55 --> Session: Sessions is enabled, and one exists. Please don't $session->start();
INFO - 2024-06-16 04:50:00 --> Session: Class initialized using 'CodeIgniter\Session\Handlers\FileHandler' driver.
WARNING - 2024-06-16 04:50:00 --> Session: Sessions is enabled, and one exists. Please don't $session->start();
INFO - 2024-06-16 04:52:40 --> Session: Class initialized using 'CodeIgniter\Session\Handlers\FileHandler' driver.
WARNING - 2024-06-16 04:52:40 --> Session: Sessions is enabled, and one exists. Please don't $session->start();
INFO - 2024-06-16 04:54:54 --> Session: Class initialized using 'CodeIgniter\Session\Handlers\FileHandler' driver.
WARNING - 2024-06-16 04:54:54 --> Session: Sessions is enabled, and one exists. Please don't $session->start();
INFO - 2024-06-16 04:55:35 --> Session: Class initialized using 'CodeIgniter\Session\Handlers\FileHandler' driver.
WARNING - 2024-06-16 04:55:35 --> Session: Sessions is enabled, and one exists. Please don't $session->start();
INFO - 2024-06-16 04:56:00 --> Session: Class initialized using 'CodeIgniter\Session\Handlers\FileHandler' driver.
WARNING - 2024-06-16 04:56:00 --> Session: Sessions is enabled, and one exists. Please don't $session->start();
INFO - 2024-06-16 04:56:48 --> Session: Class initialized using 'CodeIgniter\Session\Handlers\FileHandler' driver.
WARNING - 2024-06-16 04:56:48 --> Session: Sessions is enabled, and one exists. Please don't $session->start();
INFO - 2024-06-16 04:57:46 --> Session: Class initialized using 'CodeIgniter\Session\Handlers\FileHandler' driver.
WARNING - 2024-06-16 04:57:46 --> Session: Sessions is enabled, and one exists. Please don't $session->start();
INFO - 2024-06-16 04:58:08 --> Session: Class initialized using 'CodeIgniter\Session\Handlers\FileHandler' driver.
WARNING - 2024-06-16 04:58:08 --> Session: Sessions is enabled, and one exists. Please don't $session->start();
INFO - 2024-06-16 05:00:23 --> Session: Class initialized using 'CodeIgniter\Session\Handlers\FileHandler' driver.
WARNING - 2024-06-16 05:00:23 --> Session: Sessions is enabled, and one exists. Please don't $session->start();
INFO - 2024-06-16 05:00:40 --> Session: Class initialized using 'CodeIgniter\Session\Handlers\FileHandler' driver.
WARNING - 2024-06-16 05:00:40 --> Session: Sessions is enabled, and one exists. Please don't $session->start();
INFO - 2024-06-16 05:01:33 --> Session: Class initialized using 'CodeIgniter\Session\Handlers\FileHandler' driver.
WARNING - 2024-06-16 05:01:33 --> Session: Sessions is enabled, and one exists. Please don't $session->start();
INFO - 2024-06-16 05:01:53 --> Session: Class initialized using 'CodeIgniter\Session\Handlers\FileHandler' driver.
WARNING - 2024-06-16 05:01:53 --> Session: Sessions is enabled, and one exists. Please don't $session->start();
INFO - 2024-06-16 05:01:53 --> Session: Class initialized using 'CodeIgniter\Session\Handlers\FileHandler' driver.
WARNING - 2024-06-16 05:01:53 --> Session: Sessions is enabled, and one exists. Please don't $session->start();
INFO - 2024-06-16 05:02:25 --> Session: Class initialized using 'CodeIgniter\Session\Handlers\FileHandler' driver.
WARNING - 2024-06-16 05:02:25 --> Session: Sessions is enabled, and one exists. Please don't $session->start();
INFO - 2024-06-16 05:03:51 --> Session: Class initialized using 'CodeIgniter\Session\Handlers\FileHandler' driver.
WARNING - 2024-06-16 05:03:51 --> Session: Sessions is enabled, and one exists. Please don't $session->start();
INFO - 2024-06-16 05:04:13 --> Session: Class initialized using 'CodeIgniter\Session\Handlers\FileHandler' driver.
WARNING - 2024-06-16 05:04:13 --> Session: Sessions is enabled, and one exists. Please don't $session->start();
INFO - 2024-06-16 05:04:39 --> Session: Class initialized using 'CodeIgniter\Session\Handlers\FileHandler' driver.
WARNING - 2024-06-16 05:04:39 --> Session: Sessions is enabled, and one exists. Please don't $session->start();
INFO - 2024-06-16 05:05:15 --> Session: Class initialized using 'CodeIgniter\Session\Handlers\FileHandler' driver.
WARNING - 2024-06-16 05:05:15 --> Session: Sessions is enabled, and one exists. Please don't $session->start();
INFO - 2024-06-16 05:05:25 --> Session: Class initialized using 'CodeIgniter\Session\Handlers\FileHandler' driver.
WARNING - 2024-06-16 05:05:25 --> Session: Sessions is enabled, and one exists. Please don't $session->start();
INFO - 2024-06-16 05:06:00 --> Session: Class initialized using 'CodeIgniter\Session\Handlers\FileHandler' driver.
WARNING - 2024-06-16 05:06:00 --> Session: Sessions is enabled, and one exists. Please don't $session->start();
INFO - 2024-06-16 05:07:06 --> Session: Class initialized using 'CodeIgniter\Session\Handlers\FileHandler' driver.
WARNING - 2024-06-16 05:07:06 --> Session: Sessions is enabled, and one exists. Please don't $session->start();
INFO - 2024-06-16 05:07:15 --> Session: Class initialized using 'CodeIgniter\Session\Handlers\FileHandler' driver.
WARNING - 2024-06-16 05:07:15 --> Session: Sessions is enabled, and one exists. Please don't $session->start();
INFO - 2024-06-16 05:07:54 --> Session: Class initialized using 'CodeIgniter\Session\Handlers\FileHandler' driver.
WARNING - 2024-06-16 05:07:54 --> Session: Sessions is enabled, and one exists. Please don't $session->start();
INFO - 2024-06-16 05:08:31 --> Session: Class initialized using 'CodeIgniter\Session\Handlers\FileHandler' driver.
WARNING - 2024-06-16 05:08:31 --> Session: Sessions is enabled, and one exists. Please don't $session->start();
INFO - 2024-06-16 05:08:49 --> Session: Class initialized using 'CodeIgniter\Session\Handlers\FileHandler' driver.
WARNING - 2024-06-16 05:08:49 --> Session: Sessions is enabled, and one exists. Please don't $session->start();
INFO - 2024-06-16 05:08:57 --> Session: Class initialized using 'CodeIgniter\Session\Handlers\FileHandler' driver.
WARNING - 2024-06-16 05:08:57 --> Session: Sessions is enabled, and one exists. Please don't $session->start();
INFO - 2024-06-16 05:09:00 --> Session: Class initialized using 'CodeIgniter\Session\Handlers\FileHandler' driver.
WARNING - 2024-06-16 05:09:00 --> Session: Sessions is enabled, and one exists. Please don't $session->start();
INFO - 2024-06-16 05:09:03 --> Session: Class initialized using 'CodeIgniter\Session\Handlers\FileHandler' driver.
WARNING - 2024-06-16 05:09:03 --> Session: Sessions is enabled, and one exists. Please don't $session->start();
INFO - 2024-06-16 05:09:09 --> Session: Class initialized using 'CodeIgniter\Session\Handlers\FileHandler' driver.
WARNING - 2024-06-16 05:09:09 --> Session: Sessions is enabled, and one exists. Please don't $session->start();
INFO - 2024-06-16 05:10:08 --> Session: Class initialized using 'CodeIgniter\Session\Handlers\FileHandler' driver.
WARNING - 2024-06-16 05:10:08 --> Session: Sessions is enabled, and one exists. Please don't $session->start();
INFO - 2024-06-16 05:10:19 --> Session: Class initialized using 'CodeIgniter\Session\Handlers\FileHandler' driver.
WARNING - 2024-06-16 05:10:19 --> Session: Sessions is enabled, and one exists. Please don't $session->start();
INFO - 2024-06-16 05:10:21 --> Session: Class initialized using 'CodeIgniter\Session\Handlers\FileHandler' driver.
WARNING - 2024-06-16 05:10:21 --> Session: Sessions is enabled, and one exists. Please don't $session->start();
INFO - 2024-06-16 05:10:54 --> Session: Class initialized using 'CodeIgniter\Session\Handlers\FileHandler' driver.
WARNING - 2024-06-16 05:10:54 --> Session: Sessions is enabled, and one exists. Please don't $session->start();
INFO - 2024-06-16 05:11:12 --> Session: Class initialized using 'CodeIgniter\Session\Handlers\FileHandler' driver.
WARNING - 2024-06-16 05:11:12 --> Session: Sessions is enabled, and one exists. Please don't $session->start();
INFO - 2024-06-16 05:11:16 --> Session: Class initialized using 'CodeIgniter\Session\Handlers\FileHandler' driver.
WARNING - 2024-06-16 05:11:16 --> Session: Sessions is enabled, and one exists. Please don't $session->start();
INFO - 2024-06-16 05:11:19 --> Session: Class initialized using 'CodeIgniter\Session\Handlers\FileHandler' driver.
WARNING - 2024-06-16 05:11:19 --> Session: Sessions is enabled, and one exists. Please don't $session->start();
INFO - 2024-06-16 05:11:25 --> Session: Class initialized using 'CodeIgniter\Session\Handlers\FileHandler' driver.
WARNING - 2024-06-16 05:11:25 --> Session: Sessions is enabled, and one exists. Please don't $session->start();
INFO - 2024-06-16 05:11:34 --> Session: Class initialized using 'CodeIgniter\Session\Handlers\FileHandler' driver.
WARNING - 2024-06-16 05:11:34 --> Session: Sessions is enabled, and one exists. Please don't $session->start();
INFO - 2024-06-16 05:11:38 --> Session: Class initialized using 'CodeIgniter\Session\Handlers\FileHandler' driver.
WARNING - 2024-06-16 05:11:38 --> Session: Sessions is enabled, and one exists. Please don't $session->start();
INFO - 2024-06-16 05:12:20 --> Session: Class initialized using 'CodeIgniter\Session\Handlers\FileHandler' driver.
WARNING - 2024-06-16 05:12:20 --> Session: Sessions is enabled, and one exists. Please don't $session->start();
INFO - 2024-06-16 05:12:23 --> Session: Class initialized using 'CodeIgniter\Session\Handlers\FileHandler' driver.
WARNING - 2024-06-16 05:12:23 --> Session: Sessions is enabled, and one exists. Please don't $session->start();
INFO - 2024-06-16 05:12:25 --> Session: Class initialized using 'CodeIgniter\Session\Handlers\FileHandler' driver.
WARNING - 2024-06-16 05:12:25 --> Session: Sessions is enabled, and one exists. Please don't $session->start();
INFO - 2024-06-16 05:12:36 --> Session: Class initialized using 'CodeIgniter\Session\Handlers\FileHandler' driver.
WARNING - 2024-06-16 05:12:36 --> Session: Sessions is enabled, and one exists. Please don't $session->start();
INFO - 2024-06-16 05:12:53 --> Session: Class initialized using 'CodeIgniter\Session\Handlers\FileHandler' driver.
WARNING - 2024-06-16 05:12:53 --> Session: Sessions is enabled, and one exists. Please don't $session->start();
INFO - 2024-06-16 05:13:00 --> Session: Class initialized using 'CodeIgniter\Session\Handlers\FileHandler' driver.
WARNING - 2024-06-16 05:13:00 --> Session: Sessions is enabled, and one exists. Please don't $session->start();
INFO - 2024-06-16 05:13:47 --> Session: Class initialized using 'CodeIgniter\Session\Handlers\FileHandler' driver.
WARNING - 2024-06-16 05:13:47 --> Session: Sessions is enabled, and one exists. Please don't $session->start();
INFO - 2024-06-16 05:14:26 --> Session: Class initialized using 'CodeIgniter\Session\Handlers\FileHandler' driver.
WARNING - 2024-06-16 05:14:26 --> Session: Sessions is enabled, and one exists. Please don't $session->start();
INFO - 2024-06-16 05:14:32 --> Session: Class initialized using 'CodeIgniter\Session\Handlers\FileHandler' driver.
WARNING - 2024-06-16 05:14:32 --> Session: Sessions is enabled, and one exists. Please don't $session->start();
INFO - 2024-06-16 05:14:36 --> Session: Class initialized using 'CodeIgniter\Session\Handlers\FileHandler' driver.
WARNING - 2024-06-16 05:14:36 --> Session: Sessions is enabled, and one exists. Please don't $session->start();
INFO - 2024-06-16 05:14:46 --> Session: Class initialized using 'CodeIgniter\Session\Handlers\FileHandler' driver.
WARNING - 2024-06-16 05:14:46 --> Session: Sessions is enabled, and one exists. Please don't $session->start();
INFO - 2024-06-16 05:14:59 --> Session: Class initialized using 'CodeIgniter\Session\Handlers\FileHandler' driver.
WARNING - 2024-06-16 05:14:59 --> Session: Sessions is enabled, and one exists. Please don't $session->start();
INFO - 2024-06-16 05:15:18 --> Session: Class initialized using 'CodeIgniter\Session\Handlers\FileHandler' driver.
WARNING - 2024-06-16 05:15:18 --> Session: Sessions is enabled, and one exists. Please don't $session->start();
INFO - 2024-06-16 05:15:33 --> Session: Class initialized using 'CodeIgniter\Session\Handlers\FileHandler' driver.
WARNING - 2024-06-16 05:15:33 --> Session: Sessions is enabled, and one exists. Please don't $session->start();
INFO - 2024-06-16 05:15:44 --> Session: Class initialized using 'CodeIgniter\Session\Handlers\FileHandler' driver.
WARNING - 2024-06-16 05:15:44 --> Session: Sessions is enabled, and one exists. Please don't $session->start();
INFO - 2024-06-16 05:15:49 --> Session: Class initialized using 'CodeIgniter\Session\Handlers\FileHandler' driver.
WARNING - 2024-06-16 05:15:49 --> Session: Sessions is enabled, and one exists. Please don't $session->start();
INFO - 2024-06-16 05:15:59 --> Session: Class initialized using 'CodeIgniter\Session\Handlers\FileHandler' driver.
WARNING - 2024-06-16 05:15:59 --> Session: Sessions is enabled, and one exists. Please don't $session->start();
INFO - 2024-06-16 05:16:07 --> Session: Class initialized using 'CodeIgniter\Session\Handlers\FileHandler' driver.
WARNING - 2024-06-16 05:16:07 --> Session: Sessions is enabled, and one exists. Please don't $session->start();
INFO - 2024-06-16 05:16:10 --> Session: Class initialized using 'CodeIgniter\Session\Handlers\FileHandler' driver.
WARNING - 2024-06-16 05:16:10 --> Session: Sessions is enabled, and one exists. Please don't $session->start();
INFO - 2024-06-16 05:16:13 --> Session: Class initialized using 'CodeIgniter\Session\Handlers\FileHandler' driver.
WARNING - 2024-06-16 05:16:13 --> Session: Sessions is enabled, and one exists. Please don't $session->start();
INFO - 2024-06-16 05:16:17 --> Session: Class initialized using 'CodeIgniter\Session\Handlers\FileHandler' driver.
WARNING - 2024-06-16 05:16:17 --> Session: Sessions is enabled, and one exists. Please don't $session->start();
INFO - 2024-06-16 05:16:58 --> Session: Class initialized using 'CodeIgniter\Session\Handlers\FileHandler' driver.
WARNING - 2024-06-16 05:16:58 --> Session: Sessions is enabled, and one exists. Please don't $session->start();
INFO - 2024-06-16 05:17:01 --> Session: Class initialized using 'CodeIgniter\Session\Handlers\FileHandler' driver.
WARNING - 2024-06-16 05:17:01 --> Session: Sessions is enabled, and one exists. Please don't $session->start();
INFO - 2024-06-16 05:17:05 --> Session: Class initialized using 'CodeIgniter\Session\Handlers\FileHandler' driver.
WARNING - 2024-06-16 05:17:05 --> Session: Sessions is enabled, and one exists. Please don't $session->start();
INFO - 2024-06-16 05:17:24 --> Session: Class initialized using 'CodeIgniter\Session\Handlers\FileHandler' driver.
WARNING - 2024-06-16 05:17:24 --> Session: Sessions is enabled, and one exists. Please don't $session->start();
INFO - 2024-06-16 05:17:26 --> Session: Class initialized using 'CodeIgniter\Session\Handlers\FileHandler' driver.
WARNING - 2024-06-16 05:17:26 --> Session: Sessions is enabled, and one exists. Please don't $session->start();
INFO - 2024-06-16 05:17:32 --> Session: Class initialized using 'CodeIgniter\Session\Handlers\FileHandler' driver.
WARNING - 2024-06-16 05:17:32 --> Session: Sessions is enabled, and one exists. Please don't $session->start();
INFO - 2024-06-16 05:17:41 --> Session: Class initialized using 'CodeIgniter\Session\Handlers\FileHandler' driver.
WARNING - 2024-06-16 05:17:41 --> Session: Sessions is enabled, and one exists. Please don't $session->start();
INFO - 2024-06-16 05:17:48 --> Session: Class initialized using 'CodeIgniter\Session\Handlers\FileHandler' driver.
WARNING - 2024-06-16 05:17:48 --> Session: Sessions is enabled, and one exists. Please don't $session->start();
INFO - 2024-06-16 05:17:50 --> Session: Class initialized using 'CodeIgniter\Session\Handlers\FileHandler' driver.
WARNING - 2024-06-16 05:17:50 --> Session: Sessions is enabled, and one exists. Please don't $session->start();
INFO - 2024-06-16 05:18:51 --> Session: Class initialized using 'CodeIgniter\Session\Handlers\FileHandler' driver.
WARNING - 2024-06-16 05:18:51 --> Session: Sessions is enabled, and one exists. Please don't $session->start();
INFO - 2024-06-16 05:18:55 --> Session: Class initialized using 'CodeIgniter\Session\Handlers\FileHandler' driver.
WARNING - 2024-06-16 05:18:55 --> Session: Sessions is enabled, and one exists. Please don't $session->start();
INFO - 2024-06-16 05:18:57 --> Session: Class initialized using 'CodeIgniter\Session\Handlers\FileHandler' driver.
WARNING - 2024-06-16 05:18:57 --> Session: Sessions is enabled, and one exists. Please don't $session->start();
INFO - 2024-06-16 05:19:05 --> Session: Class initialized using 'CodeIgniter\Session\Handlers\FileHandler' driver.
WARNING - 2024-06-16 05:19:05 --> Session: Sessions is enabled, and one exists. Please don't $session->start();
INFO - 2024-06-16 05:19:08 --> Session: Class initialized using 'CodeIgniter\Session\Handlers\FileHandler' driver.
WARNING - 2024-06-16 05:19:08 --> Session: Sessions is enabled, and one exists. Please don't $session->start();
INFO - 2024-06-16 05:21:04 --> Session: Class initialized using 'CodeIgniter\Session\Handlers\FileHandler' driver.
WARNING - 2024-06-16 05:21:04 --> Session: Sessions is enabled, and one exists. Please don't $session->start();
INFO - 2024-06-16 05:21:09 --> Session: Class initialized using 'CodeIgniter\Session\Handlers\FileHandler' driver.
WARNING - 2024-06-16 05:21:09 --> Session: Sessions is enabled, and one exists. Please don't $session->start();
INFO - 2024-06-16 05:21:15 --> Session: Class initialized using 'CodeIgniter\Session\Handlers\FileHandler' driver.
WARNING - 2024-06-16 05:21:15 --> Session: Sessions is enabled, and one exists. Please don't $session->start();
INFO - 2024-06-16 05:21:22 --> Session: Class initialized using 'CodeIgniter\Session\Handlers\FileHandler' driver.
WARNING - 2024-06-16 05:21:22 --> Session: Sessions is enabled, and one exists. Please don't $session->start();
INFO - 2024-06-16 05:22:48 --> Session: Class initialized using 'CodeIgniter\Session\Handlers\FileHandler' driver.
WARNING - 2024-06-16 05:22:48 --> Session: Sessions is enabled, and one exists. Please don't $session->start();
INFO - 2024-06-16 05:22:53 --> Session: Class initialized using 'CodeIgniter\Session\Handlers\FileHandler' driver.
WARNING - 2024-06-16 05:22:53 --> Session: Sessions is enabled, and one exists. Please don't $session->start();
INFO - 2024-06-16 05:22:56 --> Session: Class initialized using 'CodeIgniter\Session\Handlers\FileHandler' driver.
WARNING - 2024-06-16 05:22:56 --> Session: Sessions is enabled, and one exists. Please don't $session->start();
INFO - 2024-06-16 05:22:59 --> Session: Class initialized using 'CodeIgniter\Session\Handlers\FileHandler' driver.
WARNING - 2024-06-16 05:22:59 --> Session: Sessions is enabled, and one exists. Please don't $session->start();
INFO - 2024-06-16 05:23:00 --> Session: Class initialized using 'CodeIgniter\Session\Handlers\FileHandler' driver.
WARNING - 2024-06-16 05:23:00 --> Session: Sessions is enabled, and one exists. Please don't $session->start();
INFO - 2024-06-16 05:23:08 --> Session: Class initialized using 'CodeIgniter\Session\Handlers\FileHandler' driver.
WARNING - 2024-06-16 05:23:08 --> Session: Sessions is enabled, and one exists. Please don't $session->start();
INFO - 2024-06-16 05:23:30 --> Session: Class initialized using 'CodeIgniter\Session\Handlers\FileHandler' driver.
WARNING - 2024-06-16 05:23:30 --> Session: Sessions is enabled, and one exists. Please don't $session->start();
INFO - 2024-06-16 05:23:33 --> Session: Class initialized using 'CodeIgniter\Session\Handlers\FileHandler' driver.
WARNING - 2024-06-16 05:23:33 --> Session: Sessions is enabled, and one exists. Please don't $session->start();
INFO - 2024-06-16 05:23:36 --> Session: Class initialized using 'CodeIgniter\Session\Handlers\FileHandler' driver.
WARNING - 2024-06-16 05:23:36 --> Session: Sessions is enabled, and one exists. Please don't $session->start();
INFO - 2024-06-16 05:23:45 --> Session: Class initialized using 'CodeIgniter\Session\Handlers\FileHandler' driver.
WARNING - 2024-06-16 05:23:45 --> Session: Sessions is enabled, and one exists. Please don't $session->start();
INFO - 2024-06-16 05:23:47 --> Session: Class initialized using 'CodeIgniter\Session\Handlers\FileHandler' driver.
WARNING - 2024-06-16 05:23:47 --> Session: Sessions is enabled, and one exists. Please don't $session->start();
INFO - 2024-06-16 05:23:50 --> Session: Class initialized using 'CodeIgniter\Session\Handlers\FileHandler' driver.
WARNING - 2024-06-16 05:23:50 --> Session: Sessions is enabled, and one exists. Please don't $session->start();
INFO - 2024-06-16 05:23:56 --> Session: Class initialized using 'CodeIgniter\Session\Handlers\FileHandler' driver.
WARNING - 2024-06-16 05:23:56 --> Session: Sessions is enabled, and one exists. Please don't $session->start();
INFO - 2024-06-16 05:23:56 --> Session: Class initialized using 'CodeIgniter\Session\Handlers\FileHandler' driver.
WARNING - 2024-06-16 05:23:56 --> Session: Sessions is enabled, and one exists. Please don't $session->start();
INFO - 2024-06-16 05:24:31 --> Session: Class initialized using 'CodeIgniter\Session\Handlers\FileHandler' driver.
WARNING - 2024-06-16 05:24:31 --> Session: Sessions is enabled, and one exists. Please don't $session->start();
INFO - 2024-06-16 05:24:35 --> Session: Class initialized using 'CodeIgniter\Session\Handlers\FileHandler' driver.
WARNING - 2024-06-16 05:24:35 --> Session: Sessions is enabled, and one exists. Please don't $session->start();
INFO - 2024-06-16 05:24:38 --> Session: Class initialized using 'CodeIgniter\Session\Handlers\FileHandler' driver.
WARNING - 2024-06-16 05:24:38 --> Session: Sessions is enabled, and one exists. Please don't $session->start();
INFO - 2024-06-16 05:25:41 --> Session: Class initialized using 'CodeIgniter\Session\Handlers\FileHandler' driver.
WARNING - 2024-06-16 05:25:41 --> Session: Sessions is enabled, and one exists. Please don't $session->start();
INFO - 2024-06-16 05:25:47 --> Session: Class initialized using 'CodeIgniter\Session\Handlers\FileHandler' driver.
WARNING - 2024-06-16 05:25:47 --> Session: Sessions is enabled, and one exists. Please don't $session->start();
INFO - 2024-06-16 05:25:47 --> Session: Class initialized using 'CodeIgniter\Session\Handlers\FileHandler' driver.
WARNING - 2024-06-16 05:25:47 --> Session: Sessions is enabled, and one exists. Please don't $session->start();
INFO - 2024-06-16 05:26:01 --> Session: Class initialized using 'CodeIgniter\Session\Handlers\FileHandler' driver.
WARNING - 2024-06-16 05:26:01 --> Session: Sessions is enabled, and one exists. Please don't $session->start();
INFO - 2024-06-16 05:26:04 --> Session: Class initialized using 'CodeIgniter\Session\Handlers\FileHandler' driver.
WARNING - 2024-06-16 05:26:04 --> Session: Sessions is enabled, and one exists. Please don't $session->start();
INFO - 2024-06-16 05:29:00 --> Session: Class initialized using 'CodeIgniter\Session\Handlers\FileHandler' driver.
WARNING - 2024-06-16 05:29:00 --> Session: Sessions is enabled, and one exists. Please don't $session->start();
INFO - 2024-06-16 05:29:06 --> Session: Class initialized using 'CodeIgniter\Session\Handlers\FileHandler' driver.
WARNING - 2024-06-16 05:29:06 --> Session: Sessions is enabled, and one exists. Please don't $session->start();
INFO - 2024-06-16 05:29:06 --> Session: Class initialized using 'CodeIgniter\Session\Handlers\FileHandler' driver.
WARNING - 2024-06-16 05:29:06 --> Session: Sessions is enabled, and one exists. Please don't $session->start();
INFO - 2024-06-16 05:29:15 --> Session: Class initialized using 'CodeIgniter\Session\Handlers\FileHandler' driver.
WARNING - 2024-06-16 05:29:15 --> Session: Sessions is enabled, and one exists. Please don't $session->start();
CRITICAL - 2024-06-16 05:29:15 --> TypeError: CodeIgniter\Validation\FileRules::uploaded(): Argument #1 ($blank) must be of type ?string, CodeIgniter\HTTP\Files\UploadedFile given, called in D:\Project\dlbeauty\vendor\codeigniter4\framework\system\Validation\Validation.php on line 336
[Method: POST, Route: admin/produk/edit/proses/PRD002]
in SYSTEMPATH\Validation\FileRules.php on line 53.
 1 SYSTEMPATH\Validation\Validation.php(336): CodeIgniter\Validation\FileRules->uploaded(Object(CodeIgniter\HTTP\Files\UploadedFile), 'image', [...], null, 'image')
 2 SYSTEMPATH\Validation\Validation.php(201): CodeIgniter\Validation\Validation->processRules('image', 'image', Object(CodeIgniter\HTTP\Files\UploadedFile), [...], [...], 'image')
 3 APPPATH\Controllers\Produk.php(167): CodeIgniter\Validation\Validation->run([...], 'produk')
 4 SYSTEMPATH\CodeIgniter.php(933): App\Controllers\Produk->editProduk('PRD002')
 5 SYSTEMPATH\CodeIgniter.php(509): CodeIgniter\CodeIgniter->runController(Object(App\Controllers\Produk))
 6 SYSTEMPATH\CodeIgniter.php(355): CodeIgniter\CodeIgniter->handleRequest(null, Object(Config\Cache), false)
 7 SYSTEMPATH\Boot.php(312): CodeIgniter\CodeIgniter->run()
 8 SYSTEMPATH\Boot.php(67): CodeIgniter\Boot::runCodeIgniter(Object(CodeIgniter\CodeIgniter))
 9 FCPATH\index.php(56): CodeIgniter\Boot::bootWeb(Object(Config\Paths))
10 SYSTEMPATH\Commands\Server\rewrite.php(49): require_once('D:\\Project\\dlbeauty\\public\\index.php')
INFO - 2024-06-16 05:29:24 --> Session: Class initialized using 'CodeIgniter\Session\Handlers\FileHandler' driver.
WARNING - 2024-06-16 05:29:24 --> Session: Sessions is enabled, and one exists. Please don't $session->start();
INFO - 2024-06-16 05:30:04 --> Session: Class initialized using 'CodeIgniter\Session\Handlers\FileHandler' driver.
WARNING - 2024-06-16 05:30:04 --> Session: Sessions is enabled, and one exists. Please don't $session->start();
INFO - 2024-06-16 05:30:07 --> Session: Class initialized using 'CodeIgniter\Session\Handlers\FileHandler' driver.
WARNING - 2024-06-16 05:30:07 --> Session: Sessions is enabled, and one exists. Please don't $session->start();
INFO - 2024-06-16 05:30:09 --> Session: Class initialized using 'CodeIgniter\Session\Handlers\FileHandler' driver.
WARNING - 2024-06-16 05:30:09 --> Session: Sessions is enabled, and one exists. Please don't $session->start();
INFO - 2024-06-16 05:30:13 --> Session: Class initialized using 'CodeIgniter\Session\Handlers\FileHandler' driver.
WARNING - 2024-06-16 05:30:13 --> Session: Sessions is enabled, and one exists. Please don't $session->start();
INFO - 2024-06-16 05:30:14 --> Session: Class initialized using 'CodeIgniter\Session\Handlers\FileHandler' driver.
WARNING - 2024-06-16 05:30:14 --> Session: Sessions is enabled, and one exists. Please don't $session->start();
INFO - 2024-06-16 05:32:06 --> Session: Class initialized using 'CodeIgniter\Session\Handlers\FileHandler' driver.
WARNING - 2024-06-16 05:32:06 --> Session: Sessions is enabled, and one exists. Please don't $session->start();
INFO - 2024-06-16 05:32:12 --> Session: Class initialized using 'CodeIgniter\Session\Handlers\FileHandler' driver.
WARNING - 2024-06-16 05:32:12 --> Session: Sessions is enabled, and one exists. Please don't $session->start();
INFO - 2024-06-16 05:32:15 --> Session: Class initialized using 'CodeIgniter\Session\Handlers\FileHandler' driver.
WARNING - 2024-06-16 05:32:15 --> Session: Sessions is enabled, and one exists. Please don't $session->start();
INFO - 2024-06-16 05:32:36 --> Session: Class initialized using 'CodeIgniter\Session\Handlers\FileHandler' driver.
WARNING - 2024-06-16 05:32:36 --> Session: Sessions is enabled, and one exists. Please don't $session->start();
INFO - 2024-06-16 05:32:36 --> Session: Class initialized using 'CodeIgniter\Session\Handlers\FileHandler' driver.
WARNING - 2024-06-16 05:32:36 --> Session: Sessions is enabled, and one exists. Please don't $session->start();
INFO - 2024-06-16 05:32:47 --> Session: Class initialized using 'CodeIgniter\Session\Handlers\FileHandler' driver.
WARNING - 2024-06-16 05:32:47 --> Session: Sessions is enabled, and one exists. Please don't $session->start();
INFO - 2024-06-16 05:32:47 --> Session: Class initialized using 'CodeIgniter\Session\Handlers\FileHandler' driver.
WARNING - 2024-06-16 05:32:47 --> Session: Sessions is enabled, and one exists. Please don't $session->start();
INFO - 2024-06-16 05:32:57 --> Session: Class initialized using 'CodeIgniter\Session\Handlers\FileHandler' driver.
WARNING - 2024-06-16 05:32:57 --> Session: Sessions is enabled, and one exists. Please don't $session->start();
INFO - 2024-06-16 05:33:00 --> Session: Class initialized using 'CodeIgniter\Session\Handlers\FileHandler' driver.
WARNING - 2024-06-16 05:33:00 --> Session: Sessions is enabled, and one exists. Please don't $session->start();
INFO - 2024-06-16 05:39:33 --> Session: Class initialized using 'CodeIgniter\Session\Handlers\FileHandler' driver.
WARNING - 2024-06-16 05:39:33 --> Session: Sessions is enabled, and one exists. Please don't $session->start();
INFO - 2024-06-16 05:39:44 --> Session: Class initialized using 'CodeIgniter\Session\Handlers\FileHandler' driver.
WARNING - 2024-06-16 05:39:44 --> Session: Sessions is enabled, and one exists. Please don't $session->start();
INFO - 2024-06-16 05:39:53 --> Session: Class initialized using 'CodeIgniter\Session\Handlers\FileHandler' driver.
WARNING - 2024-06-16 05:39:53 --> Session: Sessions is enabled, and one exists. Please don't $session->start();
INFO - 2024-06-16 05:42:37 --> Session: Class initialized using 'CodeIgniter\Session\Handlers\FileHandler' driver.
WARNING - 2024-06-16 05:42:37 --> Session: Sessions is enabled, and one exists. Please don't $session->start();
INFO - 2024-06-16 05:43:03 --> Session: Class initialized using 'CodeIgniter\Session\Handlers\FileHandler' driver.
WARNING - 2024-06-16 05:43:03 --> Session: Sessions is enabled, and one exists. Please don't $session->start();
INFO - 2024-06-16 05:43:07 --> Session: Class initialized using 'CodeIgniter\Session\Handlers\FileHandler' driver.
WARNING - 2024-06-16 05:43:07 --> Session: Sessions is enabled, and one exists. Please don't $session->start();
INFO - 2024-06-16 05:43:25 --> Session: Class initialized using 'CodeIgniter\Session\Handlers\FileHandler' driver.
WARNING - 2024-06-16 05:43:25 --> Session: Sessions is enabled, and one exists. Please don't $session->start();
INFO - 2024-06-16 05:43:26 --> Session: Class initialized using 'CodeIgniter\Session\Handlers\FileHandler' driver.
WARNING - 2024-06-16 05:43:26 --> Session: Sessions is enabled, and one exists. Please don't $session->start();
INFO - 2024-06-16 05:44:15 --> Session: Class initialized using 'CodeIgniter\Session\Handlers\FileHandler' driver.
WARNING - 2024-06-16 05:44:15 --> Session: Sessions is enabled, and one exists. Please don't $session->start();
INFO - 2024-06-16 05:44:51 --> Session: Class initialized using 'CodeIgniter\Session\Handlers\FileHandler' driver.
WARNING - 2024-06-16 05:44:51 --> Session: Sessions is enabled, and one exists. Please don't $session->start();
INFO - 2024-06-16 05:44:52 --> Session: Class initialized using 'CodeIgniter\Session\Handlers\FileHandler' driver.
WARNING - 2024-06-16 05:44:52 --> Session: Sessions is enabled, and one exists. Please don't $session->start();
INFO - 2024-06-16 05:46:13 --> Session: Class initialized using 'CodeIgniter\Session\Handlers\FileHandler' driver.
WARNING - 2024-06-16 05:46:13 --> Session: Sessions is enabled, and one exists. Please don't $session->start();
INFO - 2024-06-16 05:46:51 --> Session: Class initialized using 'CodeIgniter\Session\Handlers\FileHandler' driver.
WARNING - 2024-06-16 05:46:51 --> Session: Sessions is enabled, and one exists. Please don't $session->start();
INFO - 2024-06-16 05:46:51 --> Session: Class initialized using 'CodeIgniter\Session\Handlers\FileHandler' driver.
WARNING - 2024-06-16 05:46:51 --> Session: Sessions is enabled, and one exists. Please don't $session->start();
INFO - 2024-06-16 05:52:03 --> Session: Class initialized using 'CodeIgniter\Session\Handlers\FileHandler' driver.
WARNING - 2024-06-16 05:52:03 --> Session: Sessions is enabled, and one exists. Please don't $session->start();
INFO - 2024-06-16 05:52:12 --> Session: Class initialized using 'CodeIgniter\Session\Handlers\FileHandler' driver.
WARNING - 2024-06-16 05:52:12 --> Session: Sessions is enabled, and one exists. Please don't $session->start();
INFO - 2024-06-16 05:52:18 --> Session: Class initialized using 'CodeIgniter\Session\Handlers\FileHandler' driver.
WARNING - 2024-06-16 05:52:18 --> Session: Sessions is enabled, and one exists. Please don't $session->start();
INFO - 2024-06-16 05:52:19 --> Session: Class initialized using 'CodeIgniter\Session\Handlers\FileHandler' driver.
WARNING - 2024-06-16 05:52:19 --> Session: Sessions is enabled, and one exists. Please don't $session->start();
INFO - 2024-06-16 05:52:26 --> Session: Class initialized using 'CodeIgniter\Session\Handlers\FileHandler' driver.
WARNING - 2024-06-16 05:52:26 --> Session: Sessions is enabled, and one exists. Please don't $session->start();
INFO - 2024-06-16 05:52:57 --> Session: Class initialized using 'CodeIgniter\Session\Handlers\FileHandler' driver.
WARNING - 2024-06-16 05:52:57 --> Session: Sessions is enabled, and one exists. Please don't $session->start();
INFO - 2024-06-16 05:53:00 --> Session: Class initialized using 'CodeIgniter\Session\Handlers\FileHandler' driver.
WARNING - 2024-06-16 05:53:00 --> Session: Sessions is enabled, and one exists. Please don't $session->start();
INFO - 2024-06-16 05:53:05 --> Session: Class initialized using 'CodeIgniter\Session\Handlers\FileHandler' driver.
WARNING - 2024-06-16 05:53:05 --> Session: Sessions is enabled, and one exists. Please don't $session->start();
INFO - 2024-06-16 05:53:08 --> Session: Class initialized using 'CodeIgniter\Session\Handlers\FileHandler' driver.
WARNING - 2024-06-16 05:53:08 --> Session: Sessions is enabled, and one exists. Please don't $session->start();
INFO - 2024-06-16 05:53:15 --> Session: Class initialized using 'CodeIgniter\Session\Handlers\FileHandler' driver.
WARNING - 2024-06-16 05:53:15 --> Session: Sessions is enabled, and one exists. Please don't $session->start();
INFO - 2024-06-16 05:53:15 --> Session: Class initialized using 'CodeIgniter\Session\Handlers\FileHandler' driver.
WARNING - 2024-06-16 05:53:15 --> Session: Sessions is enabled, and one exists. Please don't $session->start();
INFO - 2024-06-16 05:53:20 --> Session: Class initialized using 'CodeIgniter\Session\Handlers\FileHandler' driver.
WARNING - 2024-06-16 05:53:20 --> Session: Sessions is enabled, and one exists. Please don't $session->start();
INFO - 2024-06-16 05:53:44 --> Session: Class initialized using 'CodeIgniter\Session\Handlers\FileHandler' driver.
WARNING - 2024-06-16 05:53:44 --> Session: Sessions is enabled, and one exists. Please don't $session->start();
INFO - 2024-06-16 05:53:44 --> Session: Class initialized using 'CodeIgniter\Session\Handlers\FileHandler' driver.
WARNING - 2024-06-16 05:53:44 --> Session: Sessions is enabled, and one exists. Please don't $session->start();
INFO - 2024-06-16 05:53:49 --> Session: Class initialized using 'CodeIgniter\Session\Handlers\FileHandler' driver.
WARNING - 2024-06-16 05:53:49 --> Session: Sessions is enabled, and one exists. Please don't $session->start();
INFO - 2024-06-16 05:54:03 --> Session: Class initialized using 'CodeIgniter\Session\Handlers\FileHandler' driver.
WARNING - 2024-06-16 05:54:03 --> Session: Sessions is enabled, and one exists. Please don't $session->start();
INFO - 2024-06-16 05:54:06 --> Session: Class initialized using 'CodeIgniter\Session\Handlers\FileHandler' driver.
WARNING - 2024-06-16 05:54:06 --> Session: Sessions is enabled, and one exists. Please don't $session->start();
INFO - 2024-06-16 05:54:41 --> Session: Class initialized using 'CodeIgniter\Session\Handlers\FileHandler' driver.
WARNING - 2024-06-16 05:54:41 --> Session: Sessions is enabled, and one exists. Please don't $session->start();
INFO - 2024-06-16 05:56:53 --> Session: Class initialized using 'CodeIgniter\Session\Handlers\FileHandler' driver.
WARNING - 2024-06-16 05:56:53 --> Session: Sessions is enabled, and one exists. Please don't $session->start();
INFO - 2024-06-16 05:56:58 --> Session: Class initialized using 'CodeIgniter\Session\Handlers\FileHandler' driver.
WARNING - 2024-06-16 05:56:58 --> Session: Sessions is enabled, and one exists. Please don't $session->start();
INFO - 2024-06-16 05:57:12 --> Session: Class initialized using 'CodeIgniter\Session\Handlers\FileHandler' driver.
WARNING - 2024-06-16 05:57:12 --> Session: Sessions is enabled, and one exists. Please don't $session->start();
INFO - 2024-06-16 05:57:13 --> Session: Class initialized using 'CodeIgniter\Session\Handlers\FileHandler' driver.
WARNING - 2024-06-16 05:57:13 --> Session: Sessions is enabled, and one exists. Please don't $session->start();
INFO - 2024-06-16 05:57:17 --> Session: Class initialized using 'CodeIgniter\Session\Handlers\FileHandler' driver.
WARNING - 2024-06-16 05:57:17 --> Session: Sessions is enabled, and one exists. Please don't $session->start();
INFO - 2024-06-16 05:57:33 --> Session: Class initialized using 'CodeIgniter\Session\Handlers\FileHandler' driver.
WARNING - 2024-06-16 05:57:33 --> Session: Sessions is enabled, and one exists. Please don't $session->start();
INFO - 2024-06-16 05:57:33 --> Session: Class initialized using 'CodeIgniter\Session\Handlers\FileHandler' driver.
WARNING - 2024-06-16 05:57:33 --> Session: Sessions is enabled, and one exists. Please don't $session->start();
INFO - 2024-06-16 05:58:10 --> Session: Class initialized using 'CodeIgniter\Session\Handlers\FileHandler' driver.
WARNING - 2024-06-16 05:58:10 --> Session: Sessions is enabled, and one exists. Please don't $session->start();
INFO - 2024-06-16 05:58:21 --> Session: Class initialized using 'CodeIgniter\Session\Handlers\FileHandler' driver.
WARNING - 2024-06-16 05:58:21 --> Session: Sessions is enabled, and one exists. Please don't $session->start();
INFO - 2024-06-16 05:58:22 --> Session: Class initialized using 'CodeIgniter\Session\Handlers\FileHandler' driver.
WARNING - 2024-06-16 05:58:22 --> Session: Sessions is enabled, and one exists. Please don't $session->start();
INFO - 2024-06-16 05:58:36 --> Session: Class initialized using 'CodeIgniter\Session\Handlers\FileHandler' driver.
WARNING - 2024-06-16 05:58:36 --> Session: Sessions is enabled, and one exists. Please don't $session->start();
INFO - 2024-06-16 06:00:47 --> Session: Class initialized using 'CodeIgniter\Session\Handlers\FileHandler' driver.
WARNING - 2024-06-16 06:00:47 --> Session: Sessions is enabled, and one exists. Please don't $session->start();
INFO - 2024-06-16 06:00:50 --> Session: Class initialized using 'CodeIgniter\Session\Handlers\FileHandler' driver.
WARNING - 2024-06-16 06:00:50 --> Session: Sessions is enabled, and one exists. Please don't $session->start();
INFO - 2024-06-16 06:01:01 --> Session: Class initialized using 'CodeIgniter\Session\Handlers\FileHandler' driver.
WARNING - 2024-06-16 06:01:01 --> Session: Sessions is enabled, and one exists. Please don't $session->start();
INFO - 2024-06-16 06:01:01 --> Session: Class initialized using 'CodeIgniter\Session\Handlers\FileHandler' driver.
WARNING - 2024-06-16 06:01:01 --> Session: Sessions is enabled, and one exists. Please don't $session->start();
INFO - 2024-06-16 06:01:05 --> Session: Class initialized using 'CodeIgniter\Session\Handlers\FileHandler' driver.
WARNING - 2024-06-16 06:01:05 --> Session: Sessions is enabled, and one exists. Please don't $session->start();
INFO - 2024-06-16 06:01:42 --> Session: Class initialized using 'CodeIgniter\Session\Handlers\FileHandler' driver.
WARNING - 2024-06-16 06:01:42 --> Session: Sessions is enabled, and one exists. Please don't $session->start();
CRITICAL - 2024-06-16 06:01:43 --> ErrorException: Trying to access array offset on value of type null
[Method: GET, Route: admin/promo/edit/proses/PRM001]
in APPPATH\Views\admin\promo\edit.php on line 18.
 1 APPPATH\Views\admin\promo\edit.php(18): CodeIgniter\Debug\Exceptions->errorHandler(2, 'Trying to access array offset on value of type null', 'D:\\Project\\dlbeauty\\app\\Views\\admin\\promo\\edit.php', 18)
 2 SYSTEMPATH\View\View.php(234): include('D:\\Project\\dlbeauty\\app\\Views\\admin\\promo\\edit.php')
 3 SYSTEMPATH\View\View.php(237): CodeIgniter\View\View->CodeIgniter\View\{closure}()
 4 SYSTEMPATH\Common.php(1171): CodeIgniter\View\View->render('admin/promo/edit', [], true)
 5 APPPATH\Controllers\Admin.php(226): view('admin/promo/edit', [...])
 6 SYSTEMPATH\CodeIgniter.php(933): App\Controllers\Admin->viewEditPromo('proses', 'PRM001')
 7 SYSTEMPATH\CodeIgniter.php(509): CodeIgniter\CodeIgniter->runController(Object(App\Controllers\Admin))
 8 SYSTEMPATH\CodeIgniter.php(355): CodeIgniter\CodeIgniter->handleRequest(null, Object(Config\Cache), false)
 9 SYSTEMPATH\Boot.php(312): CodeIgniter\CodeIgniter->run()
10 SYSTEMPATH\Boot.php(67): CodeIgniter\Boot::runCodeIgniter(Object(CodeIgniter\CodeIgniter))
11 FCPATH\index.php(56): CodeIgniter\Boot::bootWeb(Object(Config\Paths))
12 SYSTEMPATH\Commands\Server\rewrite.php(49): require_once('D:\\Project\\dlbeauty\\public\\index.php')
INFO - 2024-06-16 06:01:53 --> Session: Class initialized using 'CodeIgniter\Session\Handlers\FileHandler' driver.
WARNING - 2024-06-16 06:01:53 --> Session: Sessions is enabled, and one exists. Please don't $session->start();
INFO - 2024-06-16 06:01:53 --> Session: Class initialized using 'CodeIgniter\Session\Handlers\FileHandler' driver.
WARNING - 2024-06-16 06:01:53 --> Session: Sessions is enabled, and one exists. Please don't $session->start();
INFO - 2024-06-16 06:02:06 --> Session: Class initialized using 'CodeIgniter\Session\Handlers\FileHandler' driver.
WARNING - 2024-06-16 06:02:06 --> Session: Sessions is enabled, and one exists. Please don't $session->start();
INFO - 2024-06-16 06:02:17 --> Session: Class initialized using 'CodeIgniter\Session\Handlers\FileHandler' driver.
WARNING - 2024-06-16 06:02:17 --> Session: Sessions is enabled, and one exists. Please don't $session->start();
INFO - 2024-06-16 06:02:18 --> Session: Class initialized using 'CodeIgniter\Session\Handlers\FileHandler' driver.
WARNING - 2024-06-16 06:02:18 --> Session: Sessions is enabled, and one exists. Please don't $session->start();
INFO - 2024-06-16 06:02:28 --> Session: Class initialized using 'CodeIgniter\Session\Handlers\FileHandler' driver.
WARNING - 2024-06-16 06:02:28 --> Session: Sessions is enabled, and one exists. Please don't $session->start();
INFO - 2024-06-16 06:04:45 --> Session: Class initialized using 'CodeIgniter\Session\Handlers\FileHandler' driver.
WARNING - 2024-06-16 06:04:45 --> Session: Sessions is enabled, and one exists. Please don't $session->start();
INFO - 2024-06-16 06:04:52 --> Session: Class initialized using 'CodeIgniter\Session\Handlers\FileHandler' driver.
WARNING - 2024-06-16 06:04:52 --> Session: Sessions is enabled, and one exists. Please don't $session->start();
INFO - 2024-06-16 06:04:52 --> Session: Class initialized using 'CodeIgniter\Session\Handlers\FileHandler' driver.
WARNING - 2024-06-16 06:04:52 --> Session: Sessions is enabled, and one exists. Please don't $session->start();
INFO - 2024-06-16 06:04:56 --> Session: Class initialized using 'CodeIgniter\Session\Handlers\FileHandler' driver.
WARNING - 2024-06-16 06:04:56 --> Session: Sessions is enabled, and one exists. Please don't $session->start();
INFO - 2024-06-16 06:05:24 --> Session: Class initialized using 'CodeIgniter\Session\Handlers\FileHandler' driver.
WARNING - 2024-06-16 06:05:24 --> Session: Sessions is enabled, and one exists. Please don't $session->start();
INFO - 2024-06-16 06:05:25 --> Session: Class initialized using 'CodeIgniter\Session\Handlers\FileHandler' driver.
WARNING - 2024-06-16 06:05:25 --> Session: Sessions is enabled, and one exists. Please don't $session->start();
INFO - 2024-06-16 06:05:30 --> Session: Class initialized using 'CodeIgniter\Session\Handlers\FileHandler' driver.
WARNING - 2024-06-16 06:05:30 --> Session: Sessions is enabled, and one exists. Please don't $session->start();
INFO - 2024-06-16 06:05:42 --> Session: Class initialized using 'CodeIgniter\Session\Handlers\FileHandler' driver.
WARNING - 2024-06-16 06:05:42 --> Session: Sessions is enabled, and one exists. Please don't $session->start();
INFO - 2024-06-16 06:05:43 --> Session: Class initialized using 'CodeIgniter\Session\Handlers\FileHandler' driver.
WARNING - 2024-06-16 06:05:43 --> Session: Sessions is enabled, and one exists. Please don't $session->start();
INFO - 2024-06-16 06:08:04 --> Session: Class initialized using 'CodeIgniter\Session\Handlers\FileHandler' driver.
WARNING - 2024-06-16 06:08:04 --> Session: Sessions is enabled, and one exists. Please don't $session->start();
INFO - 2024-06-16 06:08:43 --> Session: Class initialized using 'CodeIgniter\Session\Handlers\FileHandler' driver.
WARNING - 2024-06-16 06:08:43 --> Session: Sessions is enabled, and one exists. Please don't $session->start();
INFO - 2024-06-16 06:08:46 --> Session: Class initialized using 'CodeIgniter\Session\Handlers\FileHandler' driver.
WARNING - 2024-06-16 06:08:46 --> Session: Sessions is enabled, and one exists. Please don't $session->start();
INFO - 2024-06-16 06:09:44 --> Session: Class initialized using 'CodeIgniter\Session\Handlers\FileHandler' driver.
WARNING - 2024-06-16 06:09:44 --> Session: Sessions is enabled, and one exists. Please don't $session->start();
INFO - 2024-06-16 06:09:51 --> Session: Class initialized using 'CodeIgniter\Session\Handlers\FileHandler' driver.
WARNING - 2024-06-16 06:09:51 --> Session: Sessions is enabled, and one exists. Please don't $session->start();
INFO - 2024-06-16 06:09:56 --> Session: Class initialized using 'CodeIgniter\Session\Handlers\FileHandler' driver.
WARNING - 2024-06-16 06:09:56 --> Session: Sessions is enabled, and one exists. Please don't $session->start();
INFO - 2024-06-16 06:10:01 --> Session: Class initialized using 'CodeIgniter\Session\Handlers\FileHandler' driver.
WARNING - 2024-06-16 06:10:01 --> Session: Sessions is enabled, and one exists. Please don't $session->start();
INFO - 2024-06-16 06:11:00 --> Session: Class initialized using 'CodeIgniter\Session\Handlers\FileHandler' driver.
WARNING - 2024-06-16 06:11:00 --> Session: Sessions is enabled, and one exists. Please don't $session->start();
INFO - 2024-06-16 06:13:28 --> Session: Class initialized using 'CodeIgniter\Session\Handlers\FileHandler' driver.
WARNING - 2024-06-16 06:13:28 --> Session: Sessions is enabled, and one exists. Please don't $session->start();
INFO - 2024-06-16 06:14:03 --> Session: Class initialized using 'CodeIgniter\Session\Handlers\FileHandler' driver.
WARNING - 2024-06-16 06:14:03 --> Session: Sessions is enabled, and one exists. Please don't $session->start();
INFO - 2024-06-16 06:15:09 --> Session: Class initialized using 'CodeIgniter\Session\Handlers\FileHandler' driver.
WARNING - 2024-06-16 06:15:09 --> Session: Sessions is enabled, and one exists. Please don't $session->start();
INFO - 2024-06-16 06:17:11 --> Session: Class initialized using 'CodeIgniter\Session\Handlers\FileHandler' driver.
WARNING - 2024-06-16 06:17:11 --> Session: Sessions is enabled, and one exists. Please don't $session->start();
INFO - 2024-06-16 06:17:52 --> Session: Class initialized using 'CodeIgniter\Session\Handlers\FileHandler' driver.
WARNING - 2024-06-16 06:17:52 --> Session: Sessions is enabled, and one exists. Please don't $session->start();
INFO - 2024-06-16 06:18:30 --> Session: Class initialized using 'CodeIgniter\Session\Handlers\FileHandler' driver.
WARNING - 2024-06-16 06:18:30 --> Session: Sessions is enabled, and one exists. Please don't $session->start();
INFO - 2024-06-16 06:23:07 --> Session: Class initialized using 'CodeIgniter\Session\Handlers\FileHandler' driver.
WARNING - 2024-06-16 06:23:07 --> Session: Sessions is enabled, and one exists. Please don't $session->start();
INFO - 2024-06-16 06:25:26 --> Session: Class initialized using 'CodeIgniter\Session\Handlers\FileHandler' driver.
WARNING - 2024-06-16 06:25:26 --> Session: Sessions is enabled, and one exists. Please don't $session->start();
INFO - 2024-06-16 06:49:09 --> Session: Class initialized using 'CodeIgniter\Session\Handlers\FileHandler' driver.
WARNING - 2024-06-16 06:49:09 --> Session: Sessions is enabled, and one exists. Please don't $session->start();
INFO - 2024-06-16 06:49:11 --> Session: Class initialized using 'CodeIgniter\Session\Handlers\FileHandler' driver.
WARNING - 2024-06-16 06:49:11 --> Session: Sessions is enabled, and one exists. Please don't $session->start();
INFO - 2024-06-16 06:49:26 --> Session: Class initialized using 'CodeIgniter\Session\Handlers\FileHandler' driver.
WARNING - 2024-06-16 06:49:26 --> Session: Sessions is enabled, and one exists. Please don't $session->start();
INFO - 2024-06-16 06:49:31 --> Session: Class initialized using 'CodeIgniter\Session\Handlers\FileHandler' driver.
WARNING - 2024-06-16 06:49:31 --> Session: Sessions is enabled, and one exists. Please don't $session->start();
INFO - 2024-06-16 06:49:36 --> Session: Class initialized using 'CodeIgniter\Session\Handlers\FileHandler' driver.
WARNING - 2024-06-16 06:49:36 --> Session: Sessions is enabled, and one exists. Please don't $session->start();
INFO - 2024-06-16 06:49:42 --> Session: Class initialized using 'CodeIgniter\Session\Handlers\FileHandler' driver.
WARNING - 2024-06-16 06:49:42 --> Session: Sessions is enabled, and one exists. Please don't $session->start();
INFO - 2024-06-16 06:51:18 --> Session: Class initialized using 'CodeIgniter\Session\Handlers\FileHandler' driver.
WARNING - 2024-06-16 06:51:18 --> Session: Sessions is enabled, and one exists. Please don't $session->start();
INFO - 2024-06-16 06:51:23 --> Session: Class initialized using 'CodeIgniter\Session\Handlers\FileHandler' driver.
WARNING - 2024-06-16 06:51:23 --> Session: Sessions is enabled, and one exists. Please don't $session->start();
INFO - 2024-06-16 06:51:55 --> Session: Class initialized using 'CodeIgniter\Session\Handlers\FileHandler' driver.
WARNING - 2024-06-16 06:51:55 --> Session: Sessions is enabled, and one exists. Please don't $session->start();
INFO - 2024-06-16 06:57:14 --> Session: Class initialized using 'CodeIgniter\Session\Handlers\FileHandler' driver.
WARNING - 2024-06-16 06:57:14 --> Session: Sessions is enabled, and one exists. Please don't $session->start();
INFO - 2024-06-16 13:03:12 --> Session: Class initialized using 'CodeIgniter\Session\Handlers\FileHandler' driver.
WARNING - 2024-06-16 13:03:12 --> Session: Sessions is enabled, and one exists. Please don't $session->start();
