INFO - 2024-07-09 06:23:44 --> Session: Class initialized using 'CodeIgniter\Session\Handlers\FileHandler' driver.
WARNING - 2024-07-09 06:23:44 --> Session: Sessions is enabled, and one exists. Please don't $session->start();
INFO - 2024-07-09 06:27:26 --> Session: Class initialized using 'CodeIgniter\Session\Handlers\FileHandler' driver.
WARNING - 2024-07-09 06:27:26 --> Session: Sessions is enabled, and one exists. Please don't $session->start();
INFO - 2024-07-09 06:28:22 --> Session: Class initialized using 'CodeIgniter\Session\Handlers\FileHandler' driver.
WARNING - 2024-07-09 06:28:22 --> Session: Sessions is enabled, and one exists. Please don't $session->start();
INFO - 2024-07-09 06:30:10 --> Session: Class initialized using 'CodeIgniter\Session\Handlers\FileHandler' driver.
WARNING - 2024-07-09 06:30:10 --> Session: Sessions is enabled, and one exists. Please don't $session->start();
INFO - 2024-07-09 06:30:34 --> Session: Class initialized using 'CodeIgniter\Session\Handlers\FileHandler' driver.
WARNING - 2024-07-09 06:30:34 --> Session: Sessions is enabled, and one exists. Please don't $session->start();
INFO - 2024-07-09 06:30:43 --> Session: Class initialized using 'CodeIgniter\Session\Handlers\FileHandler' driver.
WARNING - 2024-07-09 06:30:43 --> Session: Sessions is enabled, and one exists. Please don't $session->start();
INFO - 2024-07-09 06:31:00 --> Session: Class initialized using 'CodeIgniter\Session\Handlers\FileHandler' driver.
WARNING - 2024-07-09 06:31:00 --> Session: Sessions is enabled, and one exists. Please don't $session->start();
INFO - 2024-07-09 06:31:23 --> Session: Class initialized using 'CodeIgniter\Session\Handlers\FileHandler' driver.
WARNING - 2024-07-09 06:31:23 --> Session: Sessions is enabled, and one exists. Please don't $session->start();
INFO - 2024-07-09 06:31:49 --> Session: Class initialized using 'CodeIgniter\Session\Handlers\FileHandler' driver.
WARNING - 2024-07-09 06:31:49 --> Session: Sessions is enabled, and one exists. Please don't $session->start();
INFO - 2024-07-09 06:32:03 --> Session: Class initialized using 'CodeIgniter\Session\Handlers\FileHandler' driver.
WARNING - 2024-07-09 06:32:03 --> Session: Sessions is enabled, and one exists. Please don't $session->start();
INFO - 2024-07-09 06:37:12 --> Session: Class initialized using 'CodeIgniter\Session\Handlers\FileHandler' driver.
WARNING - 2024-07-09 06:37:12 --> Session: Sessions is enabled, and one exists. Please don't $session->start();
INFO - 2024-07-09 06:37:32 --> Session: Class initialized using 'CodeIgniter\Session\Handlers\FileHandler' driver.
WARNING - 2024-07-09 06:37:32 --> Session: Sessions is enabled, and one exists. Please don't $session->start();
INFO - 2024-07-09 06:37:47 --> Session: Class initialized using 'CodeIgniter\Session\Handlers\FileHandler' driver.
WARNING - 2024-07-09 06:37:47 --> Session: Sessions is enabled, and one exists. Please don't $session->start();
INFO - 2024-07-09 06:38:08 --> Session: Class initialized using 'CodeIgniter\Session\Handlers\FileHandler' driver.
WARNING - 2024-07-09 06:38:08 --> Session: Sessions is enabled, and one exists. Please don't $session->start();
INFO - 2024-07-09 06:40:52 --> Session: Class initialized using 'CodeIgniter\Session\Handlers\FileHandler' driver.
WARNING - 2024-07-09 06:40:52 --> Session: Sessions is enabled, and one exists. Please don't $session->start();
INFO - 2024-07-09 06:42:52 --> Session: Class initialized using 'CodeIgniter\Session\Handlers\FileHandler' driver.
WARNING - 2024-07-09 06:42:52 --> Session: Sessions is enabled, and one exists. Please don't $session->start();
INFO - 2024-07-09 06:43:27 --> Session: Class initialized using 'CodeIgniter\Session\Handlers\FileHandler' driver.
WARNING - 2024-07-09 06:43:27 --> Session: Sessions is enabled, and one exists. Please don't $session->start();
INFO - 2024-07-09 06:43:37 --> Session: Class initialized using 'CodeIgniter\Session\Handlers\FileHandler' driver.
WARNING - 2024-07-09 06:43:37 --> Session: Sessions is enabled, and one exists. Please don't $session->start();
INFO - 2024-07-09 06:43:58 --> Session: Class initialized using 'CodeIgniter\Session\Handlers\FileHandler' driver.
WARNING - 2024-07-09 06:43:58 --> Session: Sessions is enabled, and one exists. Please don't $session->start();
INFO - 2024-07-09 06:44:24 --> Session: Class initialized using 'CodeIgniter\Session\Handlers\FileHandler' driver.
WARNING - 2024-07-09 06:44:24 --> Session: Sessions is enabled, and one exists. Please don't $session->start();
INFO - 2024-07-09 06:44:31 --> Session: Class initialized using 'CodeIgniter\Session\Handlers\FileHandler' driver.
WARNING - 2024-07-09 06:44:31 --> Session: Sessions is enabled, and one exists. Please don't $session->start();
INFO - 2024-07-09 06:46:43 --> Session: Class initialized using 'CodeIgniter\Session\Handlers\FileHandler' driver.
WARNING - 2024-07-09 06:46:43 --> Session: Sessions is enabled, and one exists. Please don't $session->start();
INFO - 2024-07-09 06:46:59 --> Session: Class initialized using 'CodeIgniter\Session\Handlers\FileHandler' driver.
WARNING - 2024-07-09 06:46:59 --> Session: Sessions is enabled, and one exists. Please don't $session->start();
INFO - 2024-07-09 06:47:11 --> Session: Class initialized using 'CodeIgniter\Session\Handlers\FileHandler' driver.
WARNING - 2024-07-09 06:47:11 --> Session: Sessions is enabled, and one exists. Please don't $session->start();
INFO - 2024-07-09 06:47:43 --> Session: Class initialized using 'CodeIgniter\Session\Handlers\FileHandler' driver.
WARNING - 2024-07-09 06:47:43 --> Session: Sessions is enabled, and one exists. Please don't $session->start();
INFO - 2024-07-09 06:48:21 --> Session: Class initialized using 'CodeIgniter\Session\Handlers\FileHandler' driver.
WARNING - 2024-07-09 06:48:21 --> Session: Sessions is enabled, and one exists. Please don't $session->start();
INFO - 2024-07-09 06:49:20 --> Session: Class initialized using 'CodeIgniter\Session\Handlers\FileHandler' driver.
WARNING - 2024-07-09 06:49:20 --> Session: Sessions is enabled, and one exists. Please don't $session->start();
INFO - 2024-07-09 06:49:22 --> Session: Class initialized using 'CodeIgniter\Session\Handlers\FileHandler' driver.
WARNING - 2024-07-09 06:49:22 --> Session: Sessions is enabled, and one exists. Please don't $session->start();
INFO - 2024-07-09 06:50:36 --> Session: Class initialized using 'CodeIgniter\Session\Handlers\FileHandler' driver.
WARNING - 2024-07-09 06:50:36 --> Session: Sessions is enabled, and one exists. Please don't $session->start();
INFO - 2024-07-09 06:50:39 --> Session: Class initialized using 'CodeIgniter\Session\Handlers\FileHandler' driver.
WARNING - 2024-07-09 06:50:39 --> Session: Sessions is enabled, and one exists. Please don't $session->start();
INFO - 2024-07-09 06:51:03 --> Session: Class initialized using 'CodeIgniter\Session\Handlers\FileHandler' driver.
WARNING - 2024-07-09 06:51:03 --> Session: Sessions is enabled, and one exists. Please don't $session->start();
INFO - 2024-07-09 06:51:05 --> Session: Class initialized using 'CodeIgniter\Session\Handlers\FileHandler' driver.
WARNING - 2024-07-09 06:51:05 --> Session: Sessions is enabled, and one exists. Please don't $session->start();
INFO - 2024-07-09 06:51:18 --> Session: Class initialized using 'CodeIgniter\Session\Handlers\FileHandler' driver.
WARNING - 2024-07-09 06:51:18 --> Session: Sessions is enabled, and one exists. Please don't $session->start();
INFO - 2024-07-09 06:51:35 --> Session: Class initialized using 'CodeIgniter\Session\Handlers\FileHandler' driver.
WARNING - 2024-07-09 06:51:35 --> Session: Sessions is enabled, and one exists. Please don't $session->start();
INFO - 2024-07-09 06:51:54 --> Session: Class initialized using 'CodeIgniter\Session\Handlers\FileHandler' driver.
WARNING - 2024-07-09 06:51:54 --> Session: Sessions is enabled, and one exists. Please don't $session->start();
INFO - 2024-07-09 06:52:16 --> Session: Class initialized using 'CodeIgniter\Session\Handlers\FileHandler' driver.
WARNING - 2024-07-09 06:52:16 --> Session: Sessions is enabled, and one exists. Please don't $session->start();
INFO - 2024-07-09 06:52:28 --> Session: Class initialized using 'CodeIgniter\Session\Handlers\FileHandler' driver.
WARNING - 2024-07-09 06:52:28 --> Session: Sessions is enabled, and one exists. Please don't $session->start();
INFO - 2024-07-09 06:53:27 --> Session: Class initialized using 'CodeIgniter\Session\Handlers\FileHandler' driver.
WARNING - 2024-07-09 06:53:27 --> Session: Sessions is enabled, and one exists. Please don't $session->start();
INFO - 2024-07-09 06:54:42 --> Session: Class initialized using 'CodeIgniter\Session\Handlers\FileHandler' driver.
WARNING - 2024-07-09 06:54:42 --> Session: Sessions is enabled, and one exists. Please don't $session->start();
INFO - 2024-07-09 06:55:20 --> Session: Class initialized using 'CodeIgniter\Session\Handlers\FileHandler' driver.
WARNING - 2024-07-09 06:55:20 --> Session: Sessions is enabled, and one exists. Please don't $session->start();
INFO - 2024-07-09 06:55:32 --> Session: Class initialized using 'CodeIgniter\Session\Handlers\FileHandler' driver.
WARNING - 2024-07-09 06:55:32 --> Session: Sessions is enabled, and one exists. Please don't $session->start();
INFO - 2024-07-09 06:55:48 --> Session: Class initialized using 'CodeIgniter\Session\Handlers\FileHandler' driver.
WARNING - 2024-07-09 06:55:48 --> Session: Sessions is enabled, and one exists. Please don't $session->start();
INFO - 2024-07-09 06:56:02 --> Session: Class initialized using 'CodeIgniter\Session\Handlers\FileHandler' driver.
WARNING - 2024-07-09 06:56:02 --> Session: Sessions is enabled, and one exists. Please don't $session->start();
INFO - 2024-07-09 06:58:19 --> Session: Class initialized using 'CodeIgniter\Session\Handlers\FileHandler' driver.
WARNING - 2024-07-09 06:58:19 --> Session: Sessions is enabled, and one exists. Please don't $session->start();
INFO - 2024-07-09 06:59:09 --> Session: Class initialized using 'CodeIgniter\Session\Handlers\FileHandler' driver.
WARNING - 2024-07-09 06:59:09 --> Session: Sessions is enabled, and one exists. Please don't $session->start();
INFO - 2024-07-09 06:59:20 --> Session: Class initialized using 'CodeIgniter\Session\Handlers\FileHandler' driver.
WARNING - 2024-07-09 06:59:20 --> Session: Sessions is enabled, and one exists. Please don't $session->start();
INFO - 2024-07-09 07:03:01 --> Session: Class initialized using 'CodeIgniter\Session\Handlers\FileHandler' driver.
WARNING - 2024-07-09 07:03:01 --> Session: Sessions is enabled, and one exists. Please don't $session->start();
INFO - 2024-07-09 07:03:32 --> Session: Class initialized using 'CodeIgniter\Session\Handlers\FileHandler' driver.
WARNING - 2024-07-09 07:03:32 --> Session: Sessions is enabled, and one exists. Please don't $session->start();
INFO - 2024-07-09 07:05:32 --> Session: Class initialized using 'CodeIgniter\Session\Handlers\FileHandler' driver.
WARNING - 2024-07-09 07:05:32 --> Session: Sessions is enabled, and one exists. Please don't $session->start();
INFO - 2024-07-09 07:06:05 --> Session: Class initialized using 'CodeIgniter\Session\Handlers\FileHandler' driver.
WARNING - 2024-07-09 07:06:05 --> Session: Sessions is enabled, and one exists. Please don't $session->start();
INFO - 2024-07-09 07:06:46 --> Session: Class initialized using 'CodeIgniter\Session\Handlers\FileHandler' driver.
WARNING - 2024-07-09 07:06:46 --> Session: Sessions is enabled, and one exists. Please don't $session->start();
INFO - 2024-07-09 07:07:50 --> Session: Class initialized using 'CodeIgniter\Session\Handlers\FileHandler' driver.
WARNING - 2024-07-09 07:07:50 --> Session: Sessions is enabled, and one exists. Please don't $session->start();
INFO - 2024-07-09 07:08:12 --> Session: Class initialized using 'CodeIgniter\Session\Handlers\FileHandler' driver.
WARNING - 2024-07-09 07:08:12 --> Session: Sessions is enabled, and one exists. Please don't $session->start();
INFO - 2024-07-09 07:16:17 --> Session: Class initialized using 'CodeIgniter\Session\Handlers\FileHandler' driver.
WARNING - 2024-07-09 07:16:17 --> Session: Sessions is enabled, and one exists. Please don't $session->start();
INFO - 2024-07-09 07:16:21 --> Session: Class initialized using 'CodeIgniter\Session\Handlers\FileHandler' driver.
WARNING - 2024-07-09 07:16:21 --> Session: Sessions is enabled, and one exists. Please don't $session->start();
INFO - 2024-07-09 07:17:12 --> Session: Class initialized using 'CodeIgniter\Session\Handlers\FileHandler' driver.
WARNING - 2024-07-09 07:17:12 --> Session: Sessions is enabled, and one exists. Please don't $session->start();
INFO - 2024-07-09 07:17:13 --> Session: Class initialized using 'CodeIgniter\Session\Handlers\FileHandler' driver.
WARNING - 2024-07-09 07:17:13 --> Session: Sessions is enabled, and one exists. Please don't $session->start();
INFO - 2024-07-09 07:17:31 --> Session: Class initialized using 'CodeIgniter\Session\Handlers\FileHandler' driver.
WARNING - 2024-07-09 07:17:31 --> Session: Sessions is enabled, and one exists. Please don't $session->start();
INFO - 2024-07-09 07:17:32 --> Session: Class initialized using 'CodeIgniter\Session\Handlers\FileHandler' driver.
WARNING - 2024-07-09 07:17:32 --> Session: Sessions is enabled, and one exists. Please don't $session->start();
INFO - 2024-07-09 07:17:57 --> Session: Class initialized using 'CodeIgniter\Session\Handlers\FileHandler' driver.
WARNING - 2024-07-09 07:17:57 --> Session: Sessions is enabled, and one exists. Please don't $session->start();
INFO - 2024-07-09 07:17:58 --> Session: Class initialized using 'CodeIgniter\Session\Handlers\FileHandler' driver.
WARNING - 2024-07-09 07:17:58 --> Session: Sessions is enabled, and one exists. Please don't $session->start();
INFO - 2024-07-09 07:19:15 --> Session: Class initialized using 'CodeIgniter\Session\Handlers\FileHandler' driver.
WARNING - 2024-07-09 07:19:15 --> Session: Sessions is enabled, and one exists. Please don't $session->start();
INFO - 2024-07-09 07:19:55 --> Session: Class initialized using 'CodeIgniter\Session\Handlers\FileHandler' driver.
WARNING - 2024-07-09 07:19:55 --> Session: Sessions is enabled, and one exists. Please don't $session->start();
INFO - 2024-07-09 07:19:58 --> Session: Class initialized using 'CodeIgniter\Session\Handlers\FileHandler' driver.
WARNING - 2024-07-09 07:19:58 --> Session: Sessions is enabled, and one exists. Please don't $session->start();
INFO - 2024-07-09 07:20:14 --> Session: Class initialized using 'CodeIgniter\Session\Handlers\FileHandler' driver.
WARNING - 2024-07-09 07:20:14 --> Session: Sessions is enabled, and one exists. Please don't $session->start();
INFO - 2024-07-09 07:20:16 --> Session: Class initialized using 'CodeIgniter\Session\Handlers\FileHandler' driver.
WARNING - 2024-07-09 07:20:16 --> Session: Sessions is enabled, and one exists. Please don't $session->start();
INFO - 2024-07-09 07:21:01 --> Session: Class initialized using 'CodeIgniter\Session\Handlers\FileHandler' driver.
WARNING - 2024-07-09 07:21:01 --> Session: Sessions is enabled, and one exists. Please don't $session->start();
INFO - 2024-07-09 07:21:03 --> Session: Class initialized using 'CodeIgniter\Session\Handlers\FileHandler' driver.
WARNING - 2024-07-09 07:21:03 --> Session: Sessions is enabled, and one exists. Please don't $session->start();
INFO - 2024-07-09 07:21:32 --> Session: Class initialized using 'CodeIgniter\Session\Handlers\FileHandler' driver.
WARNING - 2024-07-09 07:21:32 --> Session: Sessions is enabled, and one exists. Please don't $session->start();
INFO - 2024-07-09 07:21:34 --> Session: Class initialized using 'CodeIgniter\Session\Handlers\FileHandler' driver.
WARNING - 2024-07-09 07:21:34 --> Session: Sessions is enabled, and one exists. Please don't $session->start();
INFO - 2024-07-09 07:21:55 --> Session: Class initialized using 'CodeIgniter\Session\Handlers\FileHandler' driver.
WARNING - 2024-07-09 07:21:55 --> Session: Sessions is enabled, and one exists. Please don't $session->start();
INFO - 2024-07-09 07:21:57 --> Session: Class initialized using 'CodeIgniter\Session\Handlers\FileHandler' driver.
WARNING - 2024-07-09 07:21:57 --> Session: Sessions is enabled, and one exists. Please don't $session->start();
INFO - 2024-07-09 07:22:07 --> Session: Class initialized using 'CodeIgniter\Session\Handlers\FileHandler' driver.
WARNING - 2024-07-09 07:22:07 --> Session: Sessions is enabled, and one exists. Please don't $session->start();
INFO - 2024-07-09 07:22:08 --> Session: Class initialized using 'CodeIgniter\Session\Handlers\FileHandler' driver.
WARNING - 2024-07-09 07:22:08 --> Session: Sessions is enabled, and one exists. Please don't $session->start();
INFO - 2024-07-09 07:22:26 --> Session: Class initialized using 'CodeIgniter\Session\Handlers\FileHandler' driver.
WARNING - 2024-07-09 07:22:26 --> Session: Sessions is enabled, and one exists. Please don't $session->start();
INFO - 2024-07-09 07:22:28 --> Session: Class initialized using 'CodeIgniter\Session\Handlers\FileHandler' driver.
WARNING - 2024-07-09 07:22:28 --> Session: Sessions is enabled, and one exists. Please don't $session->start();
INFO - 2024-07-09 07:22:55 --> Session: Class initialized using 'CodeIgniter\Session\Handlers\FileHandler' driver.
WARNING - 2024-07-09 07:22:55 --> Session: Sessions is enabled, and one exists. Please don't $session->start();
INFO - 2024-07-09 07:22:57 --> Session: Class initialized using 'CodeIgniter\Session\Handlers\FileHandler' driver.
WARNING - 2024-07-09 07:22:57 --> Session: Sessions is enabled, and one exists. Please don't $session->start();
INFO - 2024-07-09 07:23:27 --> Session: Class initialized using 'CodeIgniter\Session\Handlers\FileHandler' driver.
WARNING - 2024-07-09 07:23:27 --> Session: Sessions is enabled, and one exists. Please don't $session->start();
INFO - 2024-07-09 07:23:29 --> Session: Class initialized using 'CodeIgniter\Session\Handlers\FileHandler' driver.
WARNING - 2024-07-09 07:23:29 --> Session: Sessions is enabled, and one exists. Please don't $session->start();
INFO - 2024-07-09 07:23:56 --> Session: Class initialized using 'CodeIgniter\Session\Handlers\FileHandler' driver.
WARNING - 2024-07-09 07:23:56 --> Session: Sessions is enabled, and one exists. Please don't $session->start();
INFO - 2024-07-09 07:23:57 --> Session: Class initialized using 'CodeIgniter\Session\Handlers\FileHandler' driver.
WARNING - 2024-07-09 07:23:57 --> Session: Sessions is enabled, and one exists. Please don't $session->start();
INFO - 2024-07-09 07:24:25 --> Session: Class initialized using 'CodeIgniter\Session\Handlers\FileHandler' driver.
WARNING - 2024-07-09 07:24:25 --> Session: Sessions is enabled, and one exists. Please don't $session->start();
INFO - 2024-07-09 07:25:18 --> Session: Class initialized using 'CodeIgniter\Session\Handlers\FileHandler' driver.
WARNING - 2024-07-09 07:25:18 --> Session: Sessions is enabled, and one exists. Please don't $session->start();
INFO - 2024-07-09 07:25:56 --> Session: Class initialized using 'CodeIgniter\Session\Handlers\FileHandler' driver.
WARNING - 2024-07-09 07:25:56 --> Session: Sessions is enabled, and one exists. Please don't $session->start();
INFO - 2024-07-09 07:26:16 --> Session: Class initialized using 'CodeIgniter\Session\Handlers\FileHandler' driver.
WARNING - 2024-07-09 07:26:16 --> Session: Sessions is enabled, and one exists. Please don't $session->start();
INFO - 2024-07-09 07:26:25 --> Session: Class initialized using 'CodeIgniter\Session\Handlers\FileHandler' driver.
WARNING - 2024-07-09 07:26:25 --> Session: Sessions is enabled, and one exists. Please don't $session->start();
INFO - 2024-07-09 07:26:44 --> Session: Class initialized using 'CodeIgniter\Session\Handlers\FileHandler' driver.
WARNING - 2024-07-09 07:26:44 --> Session: Sessions is enabled, and one exists. Please don't $session->start();
INFO - 2024-07-09 07:26:55 --> Session: Class initialized using 'CodeIgniter\Session\Handlers\FileHandler' driver.
WARNING - 2024-07-09 07:26:55 --> Session: Sessions is enabled, and one exists. Please don't $session->start();
INFO - 2024-07-09 07:26:56 --> Session: Class initialized using 'CodeIgniter\Session\Handlers\FileHandler' driver.
WARNING - 2024-07-09 07:26:56 --> Session: Sessions is enabled, and one exists. Please don't $session->start();
INFO - 2024-07-09 07:27:03 --> Session: Class initialized using 'CodeIgniter\Session\Handlers\FileHandler' driver.
WARNING - 2024-07-09 07:27:03 --> Session: Sessions is enabled, and one exists. Please don't $session->start();
INFO - 2024-07-09 07:27:15 --> Session: Class initialized using 'CodeIgniter\Session\Handlers\FileHandler' driver.
WARNING - 2024-07-09 07:27:15 --> Session: Sessions is enabled, and one exists. Please don't $session->start();
INFO - 2024-07-09 07:27:34 --> Session: Class initialized using 'CodeIgniter\Session\Handlers\FileHandler' driver.
WARNING - 2024-07-09 07:27:34 --> Session: Sessions is enabled, and one exists. Please don't $session->start();
INFO - 2024-07-09 07:27:35 --> Session: Class initialized using 'CodeIgniter\Session\Handlers\FileHandler' driver.
WARNING - 2024-07-09 07:27:35 --> Session: Sessions is enabled, and one exists. Please don't $session->start();
INFO - 2024-07-09 07:27:57 --> Session: Class initialized using 'CodeIgniter\Session\Handlers\FileHandler' driver.
WARNING - 2024-07-09 07:27:57 --> Session: Sessions is enabled, and one exists. Please don't $session->start();
INFO - 2024-07-09 07:27:58 --> Session: Class initialized using 'CodeIgniter\Session\Handlers\FileHandler' driver.
WARNING - 2024-07-09 07:27:58 --> Session: Sessions is enabled, and one exists. Please don't $session->start();
INFO - 2024-07-09 07:28:13 --> Session: Class initialized using 'CodeIgniter\Session\Handlers\FileHandler' driver.
WARNING - 2024-07-09 07:28:13 --> Session: Sessions is enabled, and one exists. Please don't $session->start();
INFO - 2024-07-09 07:28:14 --> Session: Class initialized using 'CodeIgniter\Session\Handlers\FileHandler' driver.
WARNING - 2024-07-09 07:28:14 --> Session: Sessions is enabled, and one exists. Please don't $session->start();
INFO - 2024-07-09 07:28:35 --> Session: Class initialized using 'CodeIgniter\Session\Handlers\FileHandler' driver.
WARNING - 2024-07-09 07:28:35 --> Session: Sessions is enabled, and one exists. Please don't $session->start();
INFO - 2024-07-09 07:28:49 --> Session: Class initialized using 'CodeIgniter\Session\Handlers\FileHandler' driver.
WARNING - 2024-07-09 07:28:49 --> Session: Sessions is enabled, and one exists. Please don't $session->start();
INFO - 2024-07-09 07:28:58 --> Session: Class initialized using 'CodeIgniter\Session\Handlers\FileHandler' driver.
WARNING - 2024-07-09 07:28:58 --> Session: Sessions is enabled, and one exists. Please don't $session->start();
INFO - 2024-07-09 07:29:10 --> Session: Class initialized using 'CodeIgniter\Session\Handlers\FileHandler' driver.
WARNING - 2024-07-09 07:29:10 --> Session: Sessions is enabled, and one exists. Please don't $session->start();
INFO - 2024-07-09 07:29:17 --> Session: Class initialized using 'CodeIgniter\Session\Handlers\FileHandler' driver.
WARNING - 2024-07-09 07:29:17 --> Session: Sessions is enabled, and one exists. Please don't $session->start();
INFO - 2024-07-09 07:29:22 --> Session: Class initialized using 'CodeIgniter\Session\Handlers\FileHandler' driver.
WARNING - 2024-07-09 07:29:22 --> Session: Sessions is enabled, and one exists. Please don't $session->start();
INFO - 2024-07-09 07:29:31 --> Session: Class initialized using 'CodeIgniter\Session\Handlers\FileHandler' driver.
WARNING - 2024-07-09 07:29:31 --> Session: Sessions is enabled, and one exists. Please don't $session->start();
INFO - 2024-07-09 07:29:38 --> Session: Class initialized using 'CodeIgniter\Session\Handlers\FileHandler' driver.
WARNING - 2024-07-09 07:29:38 --> Session: Sessions is enabled, and one exists. Please don't $session->start();
INFO - 2024-07-09 07:29:53 --> Session: Class initialized using 'CodeIgniter\Session\Handlers\FileHandler' driver.
WARNING - 2024-07-09 07:29:53 --> Session: Sessions is enabled, and one exists. Please don't $session->start();
INFO - 2024-07-09 07:30:49 --> Session: Class initialized using 'CodeIgniter\Session\Handlers\FileHandler' driver.
WARNING - 2024-07-09 07:30:49 --> Session: Sessions is enabled, and one exists. Please don't $session->start();
INFO - 2024-07-09 07:31:47 --> Session: Class initialized using 'CodeIgniter\Session\Handlers\FileHandler' driver.
WARNING - 2024-07-09 07:31:47 --> Session: Sessions is enabled, and one exists. Please don't $session->start();
INFO - 2024-07-09 07:32:00 --> Session: Class initialized using 'CodeIgniter\Session\Handlers\FileHandler' driver.
WARNING - 2024-07-09 07:32:00 --> Session: Sessions is enabled, and one exists. Please don't $session->start();
INFO - 2024-07-09 07:32:44 --> Session: Class initialized using 'CodeIgniter\Session\Handlers\FileHandler' driver.
WARNING - 2024-07-09 07:32:44 --> Session: Sessions is enabled, and one exists. Please don't $session->start();
INFO - 2024-07-09 07:33:26 --> Session: Class initialized using 'CodeIgniter\Session\Handlers\FileHandler' driver.
WARNING - 2024-07-09 07:33:26 --> Session: Sessions is enabled, and one exists. Please don't $session->start();
INFO - 2024-07-09 07:33:36 --> Session: Class initialized using 'CodeIgniter\Session\Handlers\FileHandler' driver.
WARNING - 2024-07-09 07:33:36 --> Session: Sessions is enabled, and one exists. Please don't $session->start();
INFO - 2024-07-09 07:33:50 --> Session: Class initialized using 'CodeIgniter\Session\Handlers\FileHandler' driver.
WARNING - 2024-07-09 07:33:50 --> Session: Sessions is enabled, and one exists. Please don't $session->start();
INFO - 2024-07-09 07:34:27 --> Session: Class initialized using 'CodeIgniter\Session\Handlers\FileHandler' driver.
WARNING - 2024-07-09 07:34:27 --> Session: Sessions is enabled, and one exists. Please don't $session->start();
INFO - 2024-07-09 07:35:48 --> Session: Class initialized using 'CodeIgniter\Session\Handlers\FileHandler' driver.
WARNING - 2024-07-09 07:35:48 --> Session: Sessions is enabled, and one exists. Please don't $session->start();
INFO - 2024-07-09 07:36:38 --> Session: Class initialized using 'CodeIgniter\Session\Handlers\FileHandler' driver.
WARNING - 2024-07-09 07:36:38 --> Session: Sessions is enabled, and one exists. Please don't $session->start();
INFO - 2024-07-09 07:36:38 --> Session: Class initialized using 'CodeIgniter\Session\Handlers\FileHandler' driver.
WARNING - 2024-07-09 07:36:38 --> Session: Sessions is enabled, and one exists. Please don't $session->start();
INFO - 2024-07-09 07:42:48 --> Session: Class initialized using 'CodeIgniter\Session\Handlers\FileHandler' driver.
WARNING - 2024-07-09 07:42:48 --> Session: Sessions is enabled, and one exists. Please don't $session->start();
INFO - 2024-07-09 07:43:20 --> Session: Class initialized using 'CodeIgniter\Session\Handlers\FileHandler' driver.
WARNING - 2024-07-09 07:43:20 --> Session: Sessions is enabled, and one exists. Please don't $session->start();
INFO - 2024-07-09 07:45:00 --> Session: Class initialized using 'CodeIgniter\Session\Handlers\FileHandler' driver.
WARNING - 2024-07-09 07:45:00 --> Session: Sessions is enabled, and one exists. Please don't $session->start();
INFO - 2024-07-09 08:02:34 --> Session: Class initialized using 'CodeIgniter\Session\Handlers\FileHandler' driver.
WARNING - 2024-07-09 08:02:36 --> Session: Sessions is enabled, and one exists. Please don't $session->start();
INFO - 2024-07-09 08:02:50 --> Session: Class initialized using 'CodeIgniter\Session\Handlers\FileHandler' driver.
WARNING - 2024-07-09 08:02:50 --> Session: Sessions is enabled, and one exists. Please don't $session->start();
INFO - 2024-07-09 08:02:51 --> Session: Class initialized using 'CodeIgniter\Session\Handlers\FileHandler' driver.
WARNING - 2024-07-09 08:02:52 --> Session: Sessions is enabled, and one exists. Please don't $session->start();
INFO - 2024-07-09 08:03:21 --> Session: Class initialized using 'CodeIgniter\Session\Handlers\FileHandler' driver.
WARNING - 2024-07-09 08:03:21 --> Session: Sessions is enabled, and one exists. Please don't $session->start();
INFO - 2024-07-09 08:24:40 --> Session: Class initialized using 'CodeIgniter\Session\Handlers\FileHandler' driver.
WARNING - 2024-07-09 08:24:40 --> Session: Sessions is enabled, and one exists. Please don't $session->start();
INFO - 2024-07-09 08:24:47 --> Session: Class initialized using 'CodeIgniter\Session\Handlers\FileHandler' driver.
WARNING - 2024-07-09 08:24:47 --> Session: Sessions is enabled, and one exists. Please don't $session->start();
CRITICAL - 2024-07-09 08:24:48 --> CodeIgniter\View\Exceptions\ViewException: Invalid file: "admin/testimoni/index.php"
[Method: GET, Route: admin/testimoni]
in SYSTEMPATH\Exceptions\FrameworkException.php on line 41.
 1 SYSTEMPATH\View\View.php(222): CodeIgniter\Exceptions\FrameworkException::forInvalidFile('admin/testimoni/index.php')
 2 SYSTEMPATH\Common.php(1171): CodeIgniter\View\View->render('admin/testimoni/index', [], true)
 3 APPPATH\Controllers\Admin.php(943): view('admin/testimoni/index', [...])
 4 SYSTEMPATH\CodeIgniter.php(933): App\Controllers\Admin->viewTestimoni()
 5 SYSTEMPATH\CodeIgniter.php(509): CodeIgniter\CodeIgniter->runController(Object(App\Controllers\Admin))
 6 SYSTEMPATH\CodeIgniter.php(355): CodeIgniter\CodeIgniter->handleRequest(null, Object(Config\Cache), false)
 7 SYSTEMPATH\Boot.php(312): CodeIgniter\CodeIgniter->run()
 8 SYSTEMPATH\Boot.php(67): CodeIgniter\Boot::runCodeIgniter(Object(CodeIgniter\CodeIgniter))
 9 FCPATH\index.php(56): CodeIgniter\Boot::bootWeb(Object(Config\Paths))
10 SYSTEMPATH\Commands\Server\rewrite.php(49): require_once('D:\\Project\\dlbeauty\\public\\index.php')
INFO - 2024-07-09 08:26:20 --> Session: Class initialized using 'CodeIgniter\Session\Handlers\FileHandler' driver.
WARNING - 2024-07-09 08:26:20 --> Session: Sessions is enabled, and one exists. Please don't $session->start();
INFO - 2024-07-09 08:27:22 --> Session: Class initialized using 'CodeIgniter\Session\Handlers\FileHandler' driver.
WARNING - 2024-07-09 08:27:22 --> Session: Sessions is enabled, and one exists. Please don't $session->start();
INFO - 2024-07-09 08:27:42 --> Session: Class initialized using 'CodeIgniter\Session\Handlers\FileHandler' driver.
WARNING - 2024-07-09 08:27:42 --> Session: Sessions is enabled, and one exists. Please don't $session->start();
INFO - 2024-07-09 08:28:54 --> Session: Class initialized using 'CodeIgniter\Session\Handlers\FileHandler' driver.
WARNING - 2024-07-09 08:28:54 --> Session: Sessions is enabled, and one exists. Please don't $session->start();
INFO - 2024-07-09 08:29:07 --> Session: Class initialized using 'CodeIgniter\Session\Handlers\FileHandler' driver.
WARNING - 2024-07-09 08:29:07 --> Session: Sessions is enabled, and one exists. Please don't $session->start();
INFO - 2024-07-09 08:33:59 --> Session: Class initialized using 'CodeIgniter\Session\Handlers\FileHandler' driver.
WARNING - 2024-07-09 08:33:59 --> Session: Sessions is enabled, and one exists. Please don't $session->start();
CRITICAL - 2024-07-09 08:33:59 --> ErrorException: Undefined property: stdClass::$id_produk
[Method: GET, Route: admin/testimoni]
in APPPATH\Views\admin\testimoni\index.php on line 64.
 1 APPPATH\Views\admin\testimoni\index.php(64): CodeIgniter\Debug\Exceptions->errorHandler(2, 'Undefined property: stdClass::$id_produk', 'D:\\Project\\dlbeauty\\app\\Views\\admin\\testimoni\\index.php', 64)
 2 SYSTEMPATH\View\View.php(234): include('D:\\Project\\dlbeauty\\app\\Views\\admin\\testimoni\\index.php')
 3 SYSTEMPATH\View\View.php(237): CodeIgniter\View\View->CodeIgniter\View\{closure}()
 4 SYSTEMPATH\Common.php(1171): CodeIgniter\View\View->render('admin/testimoni/index', [], true)
 5 APPPATH\Controllers\Admin.php(943): view('admin/testimoni/index', [...])
 6 SYSTEMPATH\CodeIgniter.php(933): App\Controllers\Admin->viewTestimoni()
 7 SYSTEMPATH\CodeIgniter.php(509): CodeIgniter\CodeIgniter->runController(Object(App\Controllers\Admin))
 8 SYSTEMPATH\CodeIgniter.php(355): CodeIgniter\CodeIgniter->handleRequest(null, Object(Config\Cache), false)
 9 SYSTEMPATH\Boot.php(312): CodeIgniter\CodeIgniter->run()
10 SYSTEMPATH\Boot.php(67): CodeIgniter\Boot::runCodeIgniter(Object(CodeIgniter\CodeIgniter))
11 FCPATH\index.php(56): CodeIgniter\Boot::bootWeb(Object(Config\Paths))
12 SYSTEMPATH\Commands\Server\rewrite.php(49): require_once('D:\\Project\\dlbeauty\\public\\index.php')
INFO - 2024-07-09 08:34:37 --> Session: Class initialized using 'CodeIgniter\Session\Handlers\FileHandler' driver.
WARNING - 2024-07-09 08:34:37 --> Session: Sessions is enabled, and one exists. Please don't $session->start();
INFO - 2024-07-09 08:39:55 --> Session: Class initialized using 'CodeIgniter\Session\Handlers\FileHandler' driver.
WARNING - 2024-07-09 08:39:55 --> Session: Sessions is enabled, and one exists. Please don't $session->start();
INFO - 2024-07-09 08:40:15 --> Session: Class initialized using 'CodeIgniter\Session\Handlers\FileHandler' driver.
WARNING - 2024-07-09 08:40:15 --> Session: Sessions is enabled, and one exists. Please don't $session->start();
INFO - 2024-07-09 08:51:57 --> Session: Class initialized using 'CodeIgniter\Session\Handlers\FileHandler' driver.
WARNING - 2024-07-09 08:51:57 --> Session: Sessions is enabled, and one exists. Please don't $session->start();
INFO - 2024-07-09 08:51:59 --> Session: Class initialized using 'CodeIgniter\Session\Handlers\FileHandler' driver.
WARNING - 2024-07-09 08:51:59 --> Session: Sessions is enabled, and one exists. Please don't $session->start();
CRITICAL - 2024-07-09 08:51:59 --> ErrorException: Undefined variable $kategori
[Method: GET, Route: admin/testimoni/tambah]
in APPPATH\Views\admin\testimoni\add.php on line 38.
 1 APPPATH\Views\admin\testimoni\add.php(38): CodeIgniter\Debug\Exceptions->errorHandler(2, 'Undefined variable $kategori', 'D:\\Project\\dlbeauty\\app\\Views\\admin\\testimoni\\add.php', 38)
 2 SYSTEMPATH\View\View.php(234): include('D:\\Project\\dlbeauty\\app\\Views\\admin\\testimoni\\add.php')
 3 SYSTEMPATH\View\View.php(237): CodeIgniter\View\View->CodeIgniter\View\{closure}()
 4 SYSTEMPATH\Common.php(1171): CodeIgniter\View\View->render('admin/testimoni/add', [], true)
 5 APPPATH\Controllers\Admin.php(965): view('admin/testimoni/add', [...])
 6 SYSTEMPATH\CodeIgniter.php(933): App\Controllers\Admin->viewAddTestimoni()
 7 SYSTEMPATH\CodeIgniter.php(509): CodeIgniter\CodeIgniter->runController(Object(App\Controllers\Admin))
 8 SYSTEMPATH\CodeIgniter.php(355): CodeIgniter\CodeIgniter->handleRequest(null, Object(Config\Cache), false)
 9 SYSTEMPATH\Boot.php(312): CodeIgniter\CodeIgniter->run()
10 SYSTEMPATH\Boot.php(67): CodeIgniter\Boot::runCodeIgniter(Object(CodeIgniter\CodeIgniter))
11 FCPATH\index.php(56): CodeIgniter\Boot::bootWeb(Object(Config\Paths))
12 SYSTEMPATH\Commands\Server\rewrite.php(49): require_once('D:\\Project\\dlbeauty\\public\\index.php')
