INFO - 2024-08-05 01:59:51 --> Session: Class initialized using 'CodeIgniter\Session\Handlers\FileHandler' driver.
WARNING - 2024-08-05 01:59:51 --> Session: Sessions is enabled, and one exists. Please don't $session->start();
INFO - 2024-08-05 01:59:58 --> Session: Class initialized using 'CodeIgniter\Session\Handlers\FileHandler' driver.
INFO - 2024-08-05 01:59:58 --> Session: Class initialized using 'CodeIgniter\Session\Handlers\FileHandler' driver.
WARNING - 2024-08-05 01:59:58 --> Session: Sessions is enabled, and one exists. Please don't $session->start();
INFO - 2024-08-05 02:01:24 --> Session: Class initialized using 'CodeIgniter\Session\Handlers\FileHandler' driver.
WARNING - 2024-08-05 02:01:24 --> Session: Sessions is enabled, and one exists. Please don't $session->start();
INFO - 2024-08-05 02:01:31 --> Session: Class initialized using 'CodeIgniter\Session\Handlers\FileHandler' driver.
WARNING - 2024-08-05 02:01:31 --> Session: Sessions is enabled, and one exists. Please don't $session->start();
INFO - 2024-08-05 02:02:08 --> Session: Class initialized using 'CodeIgniter\Session\Handlers\FileHandler' driver.
WARNING - 2024-08-05 02:02:08 --> Session: Sessions is enabled, and one exists. Please don't $session->start();
INFO - 2024-08-05 02:02:20 --> Session: Class initialized using 'CodeIgniter\Session\Handlers\FileHandler' driver.
WARNING - 2024-08-05 02:02:20 --> Session: Sessions is enabled, and one exists. Please don't $session->start();
INFO - 2024-08-05 02:02:26 --> Session: Class initialized using 'CodeIgniter\Session\Handlers\FileHandler' driver.
WARNING - 2024-08-05 02:02:26 --> Session: Sessions is enabled, and one exists. Please don't $session->start();
INFO - 2024-08-05 02:17:56 --> Session: Class initialized using 'CodeIgniter\Session\Handlers\FileHandler' driver.
WARNING - 2024-08-05 02:17:56 --> Session: Sessions is enabled, and one exists. Please don't $session->start();
INFO - 2024-08-05 02:17:59 --> Session: Class initialized using 'CodeIgniter\Session\Handlers\FileHandler' driver.
WARNING - 2024-08-05 02:17:59 --> Session: Sessions is enabled, and one exists. Please don't $session->start();
INFO - 2024-08-05 02:18:12 --> Session: Class initialized using 'CodeIgniter\Session\Handlers\FileHandler' driver.
WARNING - 2024-08-05 02:18:12 --> Session: Sessions is enabled, and one exists. Please don't $session->start();
INFO - 2024-08-05 03:23:48 --> Session: Class initialized using 'CodeIgniter\Session\Handlers\FileHandler' driver.
WARNING - 2024-08-05 03:23:48 --> Session: Sessions is enabled, and one exists. Please don't $session->start();
INFO - 2024-08-05 03:23:59 --> Session: Class initialized using 'CodeIgniter\Session\Handlers\FileHandler' driver.
WARNING - 2024-08-05 03:23:59 --> Session: Sessions is enabled, and one exists. Please don't $session->start();
INFO - 2024-08-05 03:24:04 --> Session: Class initialized using 'CodeIgniter\Session\Handlers\FileHandler' driver.
WARNING - 2024-08-05 03:24:04 --> Session: Sessions is enabled, and one exists. Please don't $session->start();
INFO - 2024-08-05 03:24:09 --> Session: Class initialized using 'CodeIgniter\Session\Handlers\FileHandler' driver.
WARNING - 2024-08-05 03:24:09 --> Session: Sessions is enabled, and one exists. Please don't $session->start();
INFO - 2024-08-05 03:24:14 --> Session: Class initialized using 'CodeIgniter\Session\Handlers\FileHandler' driver.
WARNING - 2024-08-05 03:24:14 --> Session: Sessions is enabled, and one exists. Please don't $session->start();
INFO - 2024-08-05 03:24:24 --> Session: Class initialized using 'CodeIgniter\Session\Handlers\FileHandler' driver.
WARNING - 2024-08-05 03:24:24 --> Session: Sessions is enabled, and one exists. Please don't $session->start();
INFO - 2024-08-05 03:25:50 --> Session: Class initialized using 'CodeIgniter\Session\Handlers\FileHandler' driver.
WARNING - 2024-08-05 03:25:50 --> Session: Sessions is enabled, and one exists. Please don't $session->start();
INFO - 2024-08-05 03:25:58 --> Session: Class initialized using 'CodeIgniter\Session\Handlers\FileHandler' driver.
WARNING - 2024-08-05 03:25:58 --> Session: Sessions is enabled, and one exists. Please don't $session->start();
INFO - 2024-08-05 03:26:39 --> Session: Class initialized using 'CodeIgniter\Session\Handlers\FileHandler' driver.
WARNING - 2024-08-05 03:26:39 --> Session: Sessions is enabled, and one exists. Please don't $session->start();
INFO - 2024-08-05 03:27:19 --> Session: Class initialized using 'CodeIgniter\Session\Handlers\FileHandler' driver.
WARNING - 2024-08-05 03:27:19 --> Session: Sessions is enabled, and one exists. Please don't $session->start();
INFO - 2024-08-05 03:27:27 --> Session: Class initialized using 'CodeIgniter\Session\Handlers\FileHandler' driver.
WARNING - 2024-08-05 03:27:27 --> Session: Sessions is enabled, and one exists. Please don't $session->start();
INFO - 2024-08-05 03:27:53 --> Session: Class initialized using 'CodeIgniter\Session\Handlers\FileHandler' driver.
WARNING - 2024-08-05 03:27:53 --> Session: Sessions is enabled, and one exists. Please don't $session->start();
INFO - 2024-08-05 03:28:49 --> Session: Class initialized using 'CodeIgniter\Session\Handlers\FileHandler' driver.
WARNING - 2024-08-05 03:28:49 --> Session: Sessions is enabled, and one exists. Please don't $session->start();
INFO - 2024-08-05 03:29:13 --> Session: Class initialized using 'CodeIgniter\Session\Handlers\FileHandler' driver.
WARNING - 2024-08-05 03:29:13 --> Session: Sessions is enabled, and one exists. Please don't $session->start();
INFO - 2024-08-05 03:29:30 --> Session: Class initialized using 'CodeIgniter\Session\Handlers\FileHandler' driver.
WARNING - 2024-08-05 03:29:30 --> Session: Sessions is enabled, and one exists. Please don't $session->start();
INFO - 2024-08-05 03:29:52 --> Session: Class initialized using 'CodeIgniter\Session\Handlers\FileHandler' driver.
WARNING - 2024-08-05 03:29:52 --> Session: Sessions is enabled, and one exists. Please don't $session->start();
INFO - 2024-08-05 03:30:05 --> Session: Class initialized using 'CodeIgniter\Session\Handlers\FileHandler' driver.
WARNING - 2024-08-05 03:30:05 --> Session: Sessions is enabled, and one exists. Please don't $session->start();
INFO - 2024-08-05 03:30:17 --> Session: Class initialized using 'CodeIgniter\Session\Handlers\FileHandler' driver.
WARNING - 2024-08-05 03:30:17 --> Session: Sessions is enabled, and one exists. Please don't $session->start();
INFO - 2024-08-05 03:30:29 --> Session: Class initialized using 'CodeIgniter\Session\Handlers\FileHandler' driver.
WARNING - 2024-08-05 03:30:29 --> Session: Sessions is enabled, and one exists. Please don't $session->start();
INFO - 2024-08-05 03:30:40 --> Session: Class initialized using 'CodeIgniter\Session\Handlers\FileHandler' driver.
WARNING - 2024-08-05 03:30:40 --> Session: Sessions is enabled, and one exists. Please don't $session->start();
INFO - 2024-08-05 03:31:06 --> Session: Class initialized using 'CodeIgniter\Session\Handlers\FileHandler' driver.
WARNING - 2024-08-05 03:31:06 --> Session: Sessions is enabled, and one exists. Please don't $session->start();
INFO - 2024-08-05 03:31:07 --> Session: Class initialized using 'CodeIgniter\Session\Handlers\FileHandler' driver.
WARNING - 2024-08-05 03:31:07 --> Session: Sessions is enabled, and one exists. Please don't $session->start();
INFO - 2024-08-05 03:31:19 --> Session: Class initialized using 'CodeIgniter\Session\Handlers\FileHandler' driver.
WARNING - 2024-08-05 03:31:19 --> Session: Sessions is enabled, and one exists. Please don't $session->start();
INFO - 2024-08-05 03:31:20 --> Session: Class initialized using 'CodeIgniter\Session\Handlers\FileHandler' driver.
WARNING - 2024-08-05 03:31:20 --> Session: Sessions is enabled, and one exists. Please don't $session->start();
INFO - 2024-08-05 03:31:28 --> Session: Class initialized using 'CodeIgniter\Session\Handlers\FileHandler' driver.
WARNING - 2024-08-05 03:31:28 --> Session: Sessions is enabled, and one exists. Please don't $session->start();
INFO - 2024-08-05 03:31:42 --> Session: Class initialized using 'CodeIgniter\Session\Handlers\FileHandler' driver.
WARNING - 2024-08-05 03:31:42 --> Session: Sessions is enabled, and one exists. Please don't $session->start();
INFO - 2024-08-05 03:31:46 --> Session: Class initialized using 'CodeIgniter\Session\Handlers\FileHandler' driver.
WARNING - 2024-08-05 03:31:46 --> Session: Sessions is enabled, and one exists. Please don't $session->start();
INFO - 2024-08-05 03:32:02 --> Session: Class initialized using 'CodeIgniter\Session\Handlers\FileHandler' driver.
WARNING - 2024-08-05 03:32:02 --> Session: Sessions is enabled, and one exists. Please don't $session->start();
INFO - 2024-08-05 03:39:33 --> Session: Class initialized using 'CodeIgniter\Session\Handlers\FileHandler' driver.
WARNING - 2024-08-05 03:39:33 --> Session: Sessions is enabled, and one exists. Please don't $session->start();
INFO - 2024-08-05 03:39:46 --> Session: Class initialized using 'CodeIgniter\Session\Handlers\FileHandler' driver.
WARNING - 2024-08-05 03:39:46 --> Session: Sessions is enabled, and one exists. Please don't $session->start();
INFO - 2024-08-05 03:39:47 --> Session: Class initialized using 'CodeIgniter\Session\Handlers\FileHandler' driver.
WARNING - 2024-08-05 03:39:47 --> Session: Sessions is enabled, and one exists. Please don't $session->start();
INFO - 2024-08-05 03:39:52 --> Session: Class initialized using 'CodeIgniter\Session\Handlers\FileHandler' driver.
WARNING - 2024-08-05 03:39:52 --> Session: Sessions is enabled, and one exists. Please don't $session->start();
INFO - 2024-08-05 03:52:57 --> Session: Class initialized using 'CodeIgniter\Session\Handlers\FileHandler' driver.
WARNING - 2024-08-05 03:52:57 --> Session: Sessions is enabled, and one exists. Please don't $session->start();
INFO - 2024-08-05 03:52:59 --> Session: Class initialized using 'CodeIgniter\Session\Handlers\FileHandler' driver.
WARNING - 2024-08-05 03:52:59 --> Session: Sessions is enabled, and one exists. Please don't $session->start();
INFO - 2024-08-05 03:53:02 --> Session: Class initialized using 'CodeIgniter\Session\Handlers\FileHandler' driver.
WARNING - 2024-08-05 03:53:02 --> Session: Sessions is enabled, and one exists. Please don't $session->start();
INFO - 2024-08-05 03:53:04 --> Session: Class initialized using 'CodeIgniter\Session\Handlers\FileHandler' driver.
WARNING - 2024-08-05 03:53:04 --> Session: Sessions is enabled, and one exists. Please don't $session->start();
INFO - 2024-08-05 03:53:19 --> Session: Class initialized using 'CodeIgniter\Session\Handlers\FileHandler' driver.
WARNING - 2024-08-05 03:53:19 --> Session: Sessions is enabled, and one exists. Please don't $session->start();
INFO - 2024-08-05 07:34:01 --> Session: Class initialized using 'CodeIgniter\Session\Handlers\FileHandler' driver.
WARNING - 2024-08-05 07:34:01 --> Session: Sessions is enabled, and one exists. Please don't $session->start();
INFO - 2024-08-05 07:35:00 --> Session: Class initialized using 'CodeIgniter\Session\Handlers\FileHandler' driver.
WARNING - 2024-08-05 07:35:00 --> Session: Sessions is enabled, and one exists. Please don't $session->start();
INFO - 2024-08-05 07:39:52 --> Session: Class initialized using 'CodeIgniter\Session\Handlers\FileHandler' driver.
INFO - 2024-08-05 07:39:53 --> Session: Class initialized using 'CodeIgniter\Session\Handlers\FileHandler' driver.
WARNING - 2024-08-05 07:39:53 --> Session: Sessions is enabled, and one exists. Please don't $session->start();
INFO - 2024-08-05 07:39:58 --> Session: Class initialized using 'CodeIgniter\Session\Handlers\FileHandler' driver.
WARNING - 2024-08-05 07:39:58 --> Session: Sessions is enabled, and one exists. Please don't $session->start();
INFO - 2024-08-05 07:39:58 --> Session: Class initialized using 'CodeIgniter\Session\Handlers\FileHandler' driver.
WARNING - 2024-08-05 07:39:58 --> Session: Sessions is enabled, and one exists. Please don't $session->start();
INFO - 2024-08-05 07:40:01 --> Session: Class initialized using 'CodeIgniter\Session\Handlers\FileHandler' driver.
WARNING - 2024-08-05 07:40:01 --> Session: Sessions is enabled, and one exists. Please don't $session->start();
INFO - 2024-08-05 07:40:06 --> Session: Class initialized using 'CodeIgniter\Session\Handlers\FileHandler' driver.
WARNING - 2024-08-05 07:40:06 --> Session: Sessions is enabled, and one exists. Please don't $session->start();
INFO - 2024-08-05 07:40:53 --> Session: Class initialized using 'CodeIgniter\Session\Handlers\FileHandler' driver.
WARNING - 2024-08-05 07:40:53 --> Session: Sessions is enabled, and one exists. Please don't $session->start();
INFO - 2024-08-05 07:40:53 --> Session: Class initialized using 'CodeIgniter\Session\Handlers\FileHandler' driver.
WARNING - 2024-08-05 07:40:53 --> Session: Sessions is enabled, and one exists. Please don't $session->start();
INFO - 2024-08-05 07:40:57 --> Session: Class initialized using 'CodeIgniter\Session\Handlers\FileHandler' driver.
WARNING - 2024-08-05 07:40:57 --> Session: Sessions is enabled, and one exists. Please don't $session->start();
INFO - 2024-08-05 07:41:02 --> Session: Class initialized using 'CodeIgniter\Session\Handlers\FileHandler' driver.
WARNING - 2024-08-05 07:41:02 --> Session: Sessions is enabled, and one exists. Please don't $session->start();
INFO - 2024-08-05 07:41:02 --> Session: Class initialized using 'CodeIgniter\Session\Handlers\FileHandler' driver.
WARNING - 2024-08-05 07:41:02 --> Session: Sessions is enabled, and one exists. Please don't $session->start();
INFO - 2024-08-05 07:41:10 --> Session: Class initialized using 'CodeIgniter\Session\Handlers\FileHandler' driver.
WARNING - 2024-08-05 07:41:10 --> Session: Sessions is enabled, and one exists. Please don't $session->start();
INFO - 2024-08-05 07:41:16 --> Session: Class initialized using 'CodeIgniter\Session\Handlers\FileHandler' driver.
WARNING - 2024-08-05 07:41:16 --> Session: Sessions is enabled, and one exists. Please don't $session->start();
INFO - 2024-08-05 07:41:16 --> Session: Class initialized using 'CodeIgniter\Session\Handlers\FileHandler' driver.
WARNING - 2024-08-05 07:41:16 --> Session: Sessions is enabled, and one exists. Please don't $session->start();
INFO - 2024-08-05 07:41:19 --> Session: Class initialized using 'CodeIgniter\Session\Handlers\FileHandler' driver.
WARNING - 2024-08-05 07:41:19 --> Session: Sessions is enabled, and one exists. Please don't $session->start();
INFO - 2024-08-05 07:41:28 --> Session: Class initialized using 'CodeIgniter\Session\Handlers\FileHandler' driver.
WARNING - 2024-08-05 07:41:28 --> Session: Sessions is enabled, and one exists. Please don't $session->start();
INFO - 2024-08-05 07:41:28 --> Session: Class initialized using 'CodeIgniter\Session\Handlers\FileHandler' driver.
WARNING - 2024-08-05 07:41:28 --> Session: Sessions is enabled, and one exists. Please don't $session->start();
INFO - 2024-08-05 07:41:32 --> Session: Class initialized using 'CodeIgniter\Session\Handlers\FileHandler' driver.
WARNING - 2024-08-05 07:41:32 --> Session: Sessions is enabled, and one exists. Please don't $session->start();
INFO - 2024-08-05 07:41:38 --> Session: Class initialized using 'CodeIgniter\Session\Handlers\FileHandler' driver.
WARNING - 2024-08-05 07:41:38 --> Session: Sessions is enabled, and one exists. Please don't $session->start();
INFO - 2024-08-05 07:41:38 --> Session: Class initialized using 'CodeIgniter\Session\Handlers\FileHandler' driver.
WARNING - 2024-08-05 07:41:38 --> Session: Sessions is enabled, and one exists. Please don't $session->start();
INFO - 2024-08-05 07:41:41 --> Session: Class initialized using 'CodeIgniter\Session\Handlers\FileHandler' driver.
WARNING - 2024-08-05 07:41:41 --> Session: Sessions is enabled, and one exists. Please don't $session->start();
INFO - 2024-08-05 07:41:48 --> Session: Class initialized using 'CodeIgniter\Session\Handlers\FileHandler' driver.
WARNING - 2024-08-05 07:41:48 --> Session: Sessions is enabled, and one exists. Please don't $session->start();
INFO - 2024-08-05 07:41:48 --> Session: Class initialized using 'CodeIgniter\Session\Handlers\FileHandler' driver.
WARNING - 2024-08-05 07:41:48 --> Session: Sessions is enabled, and one exists. Please don't $session->start();
INFO - 2024-08-05 07:45:32 --> Session: Class initialized using 'CodeIgniter\Session\Handlers\FileHandler' driver.
WARNING - 2024-08-05 07:45:32 --> Session: Sessions is enabled, and one exists. Please don't $session->start();
INFO - 2024-08-05 07:45:43 --> Session: Class initialized using 'CodeIgniter\Session\Handlers\FileHandler' driver.
WARNING - 2024-08-05 07:45:43 --> Session: Sessions is enabled, and one exists. Please don't $session->start();
CRITICAL - 2024-08-05 07:45:43 --> ErrorException: Trying to access array offset on value of type null
[Method: POST, Route: admin/perawatan/edit/proses/3]
in APPPATH\Controllers\Perawatan.php on line 332.
 1 APPPATH\Controllers\Perawatan.php(332): CodeIgniter\Debug\Exceptions->errorHandler(2, 'Trying to access array offset on value of type null', 'D:\\Project\\dlbeauty\\app\\Controllers\\Perawatan.php', 332)
 2 SYSTEMPATH\CodeIgniter.php(933): App\Controllers\Perawatan->editPerawatan('3')
 3 SYSTEMPATH\CodeIgniter.php(509): CodeIgniter\CodeIgniter->runController(Object(App\Controllers\Perawatan))
 4 SYSTEMPATH\CodeIgniter.php(355): CodeIgniter\CodeIgniter->handleRequest(null, Object(Config\Cache), false)
 5 SYSTEMPATH\Boot.php(312): CodeIgniter\CodeIgniter->run()
 6 SYSTEMPATH\Boot.php(67): CodeIgniter\Boot::runCodeIgniter(Object(CodeIgniter\CodeIgniter))
 7 FCPATH\index.php(56): CodeIgniter\Boot::bootWeb(Object(Config\Paths))
 8 SYSTEMPATH\Commands\Server\rewrite.php(49): require_once('D:\\Project\\dlbeauty\\public\\index.php')
INFO - 2024-08-05 07:48:13 --> Session: Class initialized using 'CodeIgniter\Session\Handlers\FileHandler' driver.
WARNING - 2024-08-05 07:48:13 --> Session: Sessions is enabled, and one exists. Please don't $session->start();
INFO - 2024-08-05 07:49:13 --> Session: Class initialized using 'CodeIgniter\Session\Handlers\FileHandler' driver.
WARNING - 2024-08-05 07:49:13 --> Session: Sessions is enabled, and one exists. Please don't $session->start();
INFO - 2024-08-05 07:49:15 --> Session: Class initialized using 'CodeIgniter\Session\Handlers\FileHandler' driver.
WARNING - 2024-08-05 07:49:15 --> Session: Sessions is enabled, and one exists. Please don't $session->start();
INFO - 2024-08-05 07:49:18 --> Session: Class initialized using 'CodeIgniter\Session\Handlers\FileHandler' driver.
WARNING - 2024-08-05 07:49:18 --> Session: Sessions is enabled, and one exists. Please don't $session->start();
INFO - 2024-08-05 07:49:21 --> Session: Class initialized using 'CodeIgniter\Session\Handlers\FileHandler' driver.
WARNING - 2024-08-05 07:49:21 --> Session: Sessions is enabled, and one exists. Please don't $session->start();
INFO - 2024-08-05 07:55:01 --> Session: Class initialized using 'CodeIgniter\Session\Handlers\FileHandler' driver.
WARNING - 2024-08-05 07:55:01 --> Session: Sessions is enabled, and one exists. Please don't $session->start();
INFO - 2024-08-05 07:55:04 --> Session: Class initialized using 'CodeIgniter\Session\Handlers\FileHandler' driver.
WARNING - 2024-08-05 07:55:04 --> Session: Sessions is enabled, and one exists. Please don't $session->start();
INFO - 2024-08-05 07:55:07 --> Session: Class initialized using 'CodeIgniter\Session\Handlers\FileHandler' driver.
WARNING - 2024-08-05 07:55:07 --> Session: Sessions is enabled, and one exists. Please don't $session->start();
INFO - 2024-08-05 07:55:44 --> Session: Class initialized using 'CodeIgniter\Session\Handlers\FileHandler' driver.
WARNING - 2024-08-05 07:55:44 --> Session: Sessions is enabled, and one exists. Please don't $session->start();
INFO - 2024-08-05 07:55:47 --> Session: Class initialized using 'CodeIgniter\Session\Handlers\FileHandler' driver.
WARNING - 2024-08-05 07:55:47 --> Session: Sessions is enabled, and one exists. Please don't $session->start();
INFO - 2024-08-05 07:56:18 --> Session: Class initialized using 'CodeIgniter\Session\Handlers\FileHandler' driver.
WARNING - 2024-08-05 07:56:18 --> Session: Sessions is enabled, and one exists. Please don't $session->start();
CRITICAL - 2024-08-05 07:56:18 --> ErrorException: Trying to access array offset on value of type null
[Method: POST, Route: admin/perawatan/edit/proses/3]
in APPPATH\Controllers\Perawatan.php on line 333.
 1 APPPATH\Controllers\Perawatan.php(333): CodeIgniter\Debug\Exceptions->errorHandler(2, 'Trying to access array offset on value of type null', 'D:\\Project\\dlbeauty\\app\\Controllers\\Perawatan.php', 333)
 2 SYSTEMPATH\CodeIgniter.php(933): App\Controllers\Perawatan->editPerawatan('3')
 3 SYSTEMPATH\CodeIgniter.php(509): CodeIgniter\CodeIgniter->runController(Object(App\Controllers\Perawatan))
 4 SYSTEMPATH\CodeIgniter.php(355): CodeIgniter\CodeIgniter->handleRequest(null, Object(Config\Cache), false)
 5 SYSTEMPATH\Boot.php(312): CodeIgniter\CodeIgniter->run()
 6 SYSTEMPATH\Boot.php(67): CodeIgniter\Boot::runCodeIgniter(Object(CodeIgniter\CodeIgniter))
 7 FCPATH\index.php(56): CodeIgniter\Boot::bootWeb(Object(Config\Paths))
 8 SYSTEMPATH\Commands\Server\rewrite.php(49): require_once('D:\\Project\\dlbeauty\\public\\index.php')
INFO - 2024-08-05 07:56:49 --> Session: Class initialized using 'CodeIgniter\Session\Handlers\FileHandler' driver.
WARNING - 2024-08-05 07:56:49 --> Session: Sessions is enabled, and one exists. Please don't $session->start();
CRITICAL - 2024-08-05 07:56:49 --> ErrorException: Undefined array key "id_details"
[Method: POST, Route: admin/perawatan/edit/proses/3]
in APPPATH\Controllers\Perawatan.php on line 353.
 1 APPPATH\Controllers\Perawatan.php(353): CodeIgniter\Debug\Exceptions->errorHandler(2, 'Undefined array key "id_details"', 'D:\\Project\\dlbeauty\\app\\Controllers\\Perawatan.php', 353)
 2 SYSTEMPATH\CodeIgniter.php(933): App\Controllers\Perawatan->editPerawatan('3')
 3 SYSTEMPATH\CodeIgniter.php(509): CodeIgniter\CodeIgniter->runController(Object(App\Controllers\Perawatan))
 4 SYSTEMPATH\CodeIgniter.php(355): CodeIgniter\CodeIgniter->handleRequest(null, Object(Config\Cache), false)
 5 SYSTEMPATH\Boot.php(312): CodeIgniter\CodeIgniter->run()
 6 SYSTEMPATH\Boot.php(67): CodeIgniter\Boot::runCodeIgniter(Object(CodeIgniter\CodeIgniter))
 7 FCPATH\index.php(56): CodeIgniter\Boot::bootWeb(Object(Config\Paths))
 8 SYSTEMPATH\Commands\Server\rewrite.php(49): require_once('D:\\Project\\dlbeauty\\public\\index.php')
INFO - 2024-08-05 08:00:50 --> Session: Class initialized using 'CodeIgniter\Session\Handlers\FileHandler' driver.
WARNING - 2024-08-05 08:00:50 --> Session: Sessions is enabled, and one exists. Please don't $session->start();
CRITICAL - 2024-08-05 08:00:50 --> ErrorException: Undefined array key "id_details"
[Method: POST, Route: admin/perawatan/edit/proses/3]
in APPPATH\Controllers\Perawatan.php on line 353.
 1 APPPATH\Controllers\Perawatan.php(353): CodeIgniter\Debug\Exceptions->errorHandler(2, 'Undefined array key "id_details"', 'D:\\Project\\dlbeauty\\app\\Controllers\\Perawatan.php', 353)
 2 SYSTEMPATH\CodeIgniter.php(933): App\Controllers\Perawatan->editPerawatan('3')
 3 SYSTEMPATH\CodeIgniter.php(509): CodeIgniter\CodeIgniter->runController(Object(App\Controllers\Perawatan))
 4 SYSTEMPATH\CodeIgniter.php(355): CodeIgniter\CodeIgniter->handleRequest(null, Object(Config\Cache), false)
 5 SYSTEMPATH\Boot.php(312): CodeIgniter\CodeIgniter->run()
 6 SYSTEMPATH\Boot.php(67): CodeIgniter\Boot::runCodeIgniter(Object(CodeIgniter\CodeIgniter))
 7 FCPATH\index.php(56): CodeIgniter\Boot::bootWeb(Object(Config\Paths))
 8 SYSTEMPATH\Commands\Server\rewrite.php(49): require_once('D:\\Project\\dlbeauty\\public\\index.php')
INFO - 2024-08-05 08:01:30 --> Session: Class initialized using 'CodeIgniter\Session\Handlers\FileHandler' driver.
WARNING - 2024-08-05 08:01:30 --> Session: Sessions is enabled, and one exists. Please don't $session->start();
INFO - 2024-08-05 08:01:30 --> Session: Class initialized using 'CodeIgniter\Session\Handlers\FileHandler' driver.
WARNING - 2024-08-05 08:01:30 --> Session: Sessions is enabled, and one exists. Please don't $session->start();
INFO - 2024-08-05 08:01:38 --> Session: Class initialized using 'CodeIgniter\Session\Handlers\FileHandler' driver.
WARNING - 2024-08-05 08:01:38 --> Session: Sessions is enabled, and one exists. Please don't $session->start();
INFO - 2024-08-05 08:01:54 --> Session: Class initialized using 'CodeIgniter\Session\Handlers\FileHandler' driver.
WARNING - 2024-08-05 08:01:54 --> Session: Sessions is enabled, and one exists. Please don't $session->start();
CRITICAL - 2024-08-05 08:01:54 --> ErrorException: Undefined array key 1
[Method: POST, Route: admin/perawatan/edit/proses/3]
in APPPATH\Controllers\Perawatan.php on line 333.
 1 APPPATH\Controllers\Perawatan.php(333): CodeIgniter\Debug\Exceptions->errorHandler(2, 'Undefined array key 1', 'D:\\Project\\dlbeauty\\app\\Controllers\\Perawatan.php', 333)
 2 SYSTEMPATH\CodeIgniter.php(933): App\Controllers\Perawatan->editPerawatan('3')
 3 SYSTEMPATH\CodeIgniter.php(509): CodeIgniter\CodeIgniter->runController(Object(App\Controllers\Perawatan))
 4 SYSTEMPATH\CodeIgniter.php(355): CodeIgniter\CodeIgniter->handleRequest(null, Object(Config\Cache), false)
 5 SYSTEMPATH\Boot.php(312): CodeIgniter\CodeIgniter->run()
 6 SYSTEMPATH\Boot.php(67): CodeIgniter\Boot::runCodeIgniter(Object(CodeIgniter\CodeIgniter))
 7 FCPATH\index.php(56): CodeIgniter\Boot::bootWeb(Object(Config\Paths))
 8 SYSTEMPATH\Commands\Server\rewrite.php(49): require_once('D:\\Project\\dlbeauty\\public\\index.php')
INFO - 2024-08-05 08:02:35 --> Session: Class initialized using 'CodeIgniter\Session\Handlers\FileHandler' driver.
WARNING - 2024-08-05 08:02:35 --> Session: Sessions is enabled, and one exists. Please don't $session->start();
CRITICAL - 2024-08-05 08:02:35 --> ErrorException: Undefined array key 1
[Method: POST, Route: admin/perawatan/edit/proses/3]
in APPPATH\Controllers\Perawatan.php on line 356.
 1 APPPATH\Controllers\Perawatan.php(356): CodeIgniter\Debug\Exceptions->errorHandler(2, 'Undefined array key 1', 'D:\\Project\\dlbeauty\\app\\Controllers\\Perawatan.php', 356)
 2 SYSTEMPATH\CodeIgniter.php(933): App\Controllers\Perawatan->editPerawatan('3')
 3 SYSTEMPATH\CodeIgniter.php(509): CodeIgniter\CodeIgniter->runController(Object(App\Controllers\Perawatan))
 4 SYSTEMPATH\CodeIgniter.php(355): CodeIgniter\CodeIgniter->handleRequest(null, Object(Config\Cache), false)
 5 SYSTEMPATH\Boot.php(312): CodeIgniter\CodeIgniter->run()
 6 SYSTEMPATH\Boot.php(67): CodeIgniter\Boot::runCodeIgniter(Object(CodeIgniter\CodeIgniter))
 7 FCPATH\index.php(56): CodeIgniter\Boot::bootWeb(Object(Config\Paths))
 8 SYSTEMPATH\Commands\Server\rewrite.php(49): require_once('D:\\Project\\dlbeauty\\public\\index.php')
INFO - 2024-08-05 08:02:39 --> Session: Class initialized using 'CodeIgniter\Session\Handlers\FileHandler' driver.
WARNING - 2024-08-05 08:02:39 --> Session: Sessions is enabled, and one exists. Please don't $session->start();
CRITICAL - 2024-08-05 08:02:39 --> ErrorException: Undefined array key 1
[Method: POST, Route: admin/perawatan/edit/proses/3]
in APPPATH\Controllers\Perawatan.php on line 356.
 1 APPPATH\Controllers\Perawatan.php(356): CodeIgniter\Debug\Exceptions->errorHandler(2, 'Undefined array key 1', 'D:\\Project\\dlbeauty\\app\\Controllers\\Perawatan.php', 356)
 2 SYSTEMPATH\CodeIgniter.php(933): App\Controllers\Perawatan->editPerawatan('3')
 3 SYSTEMPATH\CodeIgniter.php(509): CodeIgniter\CodeIgniter->runController(Object(App\Controllers\Perawatan))
 4 SYSTEMPATH\CodeIgniter.php(355): CodeIgniter\CodeIgniter->handleRequest(null, Object(Config\Cache), false)
 5 SYSTEMPATH\Boot.php(312): CodeIgniter\CodeIgniter->run()
 6 SYSTEMPATH\Boot.php(67): CodeIgniter\Boot::runCodeIgniter(Object(CodeIgniter\CodeIgniter))
 7 FCPATH\index.php(56): CodeIgniter\Boot::bootWeb(Object(Config\Paths))
 8 SYSTEMPATH\Commands\Server\rewrite.php(49): require_once('D:\\Project\\dlbeauty\\public\\index.php')
INFO - 2024-08-05 08:02:41 --> Session: Class initialized using 'CodeIgniter\Session\Handlers\FileHandler' driver.
WARNING - 2024-08-05 08:02:41 --> Session: Sessions is enabled, and one exists. Please don't $session->start();
INFO - 2024-08-05 08:02:45 --> Session: Class initialized using 'CodeIgniter\Session\Handlers\FileHandler' driver.
WARNING - 2024-08-05 08:02:45 --> Session: Sessions is enabled, and one exists. Please don't $session->start();
INFO - 2024-08-05 08:02:52 --> Session: Class initialized using 'CodeIgniter\Session\Handlers\FileHandler' driver.
WARNING - 2024-08-05 08:02:52 --> Session: Sessions is enabled, and one exists. Please don't $session->start();
INFO - 2024-08-05 08:03:11 --> Session: Class initialized using 'CodeIgniter\Session\Handlers\FileHandler' driver.
WARNING - 2024-08-05 08:03:11 --> Session: Sessions is enabled, and one exists. Please don't $session->start();
CRITICAL - 2024-08-05 08:03:11 --> ErrorException: Undefined array key 1
[Method: POST, Route: admin/perawatan/edit/proses/3]
in APPPATH\Controllers\Perawatan.php on line 356.
 1 APPPATH\Controllers\Perawatan.php(356): CodeIgniter\Debug\Exceptions->errorHandler(2, 'Undefined array key 1', 'D:\\Project\\dlbeauty\\app\\Controllers\\Perawatan.php', 356)
 2 SYSTEMPATH\CodeIgniter.php(933): App\Controllers\Perawatan->editPerawatan('3')
 3 SYSTEMPATH\CodeIgniter.php(509): CodeIgniter\CodeIgniter->runController(Object(App\Controllers\Perawatan))
 4 SYSTEMPATH\CodeIgniter.php(355): CodeIgniter\CodeIgniter->handleRequest(null, Object(Config\Cache), false)
 5 SYSTEMPATH\Boot.php(312): CodeIgniter\CodeIgniter->run()
 6 SYSTEMPATH\Boot.php(67): CodeIgniter\Boot::runCodeIgniter(Object(CodeIgniter\CodeIgniter))
 7 FCPATH\index.php(56): CodeIgniter\Boot::bootWeb(Object(Config\Paths))
 8 SYSTEMPATH\Commands\Server\rewrite.php(49): require_once('D:\\Project\\dlbeauty\\public\\index.php')
INFO - 2024-08-05 08:03:30 --> Session: Class initialized using 'CodeIgniter\Session\Handlers\FileHandler' driver.
WARNING - 2024-08-05 08:03:30 --> Session: Sessions is enabled, and one exists. Please don't $session->start();
INFO - 2024-08-05 08:03:30 --> Session: Class initialized using 'CodeIgniter\Session\Handlers\FileHandler' driver.
WARNING - 2024-08-05 08:03:30 --> Session: Sessions is enabled, and one exists. Please don't $session->start();
INFO - 2024-08-05 08:03:36 --> Session: Class initialized using 'CodeIgniter\Session\Handlers\FileHandler' driver.
WARNING - 2024-08-05 08:03:36 --> Session: Sessions is enabled, and one exists. Please don't $session->start();
INFO - 2024-08-05 08:03:42 --> Session: Class initialized using 'CodeIgniter\Session\Handlers\FileHandler' driver.
WARNING - 2024-08-05 08:03:42 --> Session: Sessions is enabled, and one exists. Please don't $session->start();
INFO - 2024-08-05 08:03:42 --> Session: Class initialized using 'CodeIgniter\Session\Handlers\FileHandler' driver.
WARNING - 2024-08-05 08:03:42 --> Session: Sessions is enabled, and one exists. Please don't $session->start();
INFO - 2024-08-05 08:03:52 --> Session: Class initialized using 'CodeIgniter\Session\Handlers\FileHandler' driver.
WARNING - 2024-08-05 08:03:52 --> Session: Sessions is enabled, and one exists. Please don't $session->start();
INFO - 2024-08-05 08:04:10 --> Session: Class initialized using 'CodeIgniter\Session\Handlers\FileHandler' driver.
WARNING - 2024-08-05 08:04:10 --> Session: Sessions is enabled, and one exists. Please don't $session->start();
INFO - 2024-08-05 08:04:11 --> Session: Class initialized using 'CodeIgniter\Session\Handlers\FileHandler' driver.
WARNING - 2024-08-05 08:04:11 --> Session: Sessions is enabled, and one exists. Please don't $session->start();
INFO - 2024-08-05 08:04:22 --> Session: Class initialized using 'CodeIgniter\Session\Handlers\FileHandler' driver.
WARNING - 2024-08-05 08:04:22 --> Session: Sessions is enabled, and one exists. Please don't $session->start();
INFO - 2024-08-05 08:04:27 --> Session: Class initialized using 'CodeIgniter\Session\Handlers\FileHandler' driver.
WARNING - 2024-08-05 08:04:27 --> Session: Sessions is enabled, and one exists. Please don't $session->start();
INFO - 2024-08-05 08:04:34 --> Session: Class initialized using 'CodeIgniter\Session\Handlers\FileHandler' driver.
WARNING - 2024-08-05 08:04:34 --> Session: Sessions is enabled, and one exists. Please don't $session->start();
INFO - 2024-08-05 08:04:39 --> Session: Class initialized using 'CodeIgniter\Session\Handlers\FileHandler' driver.
WARNING - 2024-08-05 08:04:39 --> Session: Sessions is enabled, and one exists. Please don't $session->start();
INFO - 2024-08-05 08:04:42 --> Session: Class initialized using 'CodeIgniter\Session\Handlers\FileHandler' driver.
WARNING - 2024-08-05 08:04:42 --> Session: Sessions is enabled, and one exists. Please don't $session->start();
INFO - 2024-08-05 08:04:50 --> Session: Class initialized using 'CodeIgniter\Session\Handlers\FileHandler' driver.
WARNING - 2024-08-05 08:04:50 --> Session: Sessions is enabled, and one exists. Please don't $session->start();
INFO - 2024-08-05 09:41:03 --> Session: Class initialized using 'CodeIgniter\Session\Handlers\FileHandler' driver.
WARNING - 2024-08-05 09:41:03 --> Session: Sessions is enabled, and one exists. Please don't $session->start();
