INFO - 2025-06-15 00:42:53 --> Session: Class initialized using 'CodeIgniter\Session\Handlers\FileHandler' driver.
WARNING - 2025-06-15 00:42:53 --> Session: Sessions is enabled, and one exists. Please don't $session->start();
CRITICAL - 2025-06-15 00:42:53 --> ErrorException: Undefined array key "isLogged"
[Method: GET, Route: production/outbound]
in APPPATH\Views\templates\navbar.php on line 2.
 1 APPPATH\Views\templates\navbar.php(2): CodeIgniter\Debug\Exceptions->errorHandler(2, 'Undefined array key "isLogged"', 'D:\\Project\\esgotado\\app\\Views\\templates\\navbar.php', 2)
 2 SYSTEMPATH\View\View.php(234): include('D:\\Project\\esgotado\\app\\Views\\templates\\navbar.php')
 3 SYSTEMPATH\View\View.php(237): CodeIgniter\View\View->CodeIgniter\View\{closure}()
 4 SYSTEMPATH\View\View.php(484): CodeIgniter\View\View->render('templates/navbar', null, true)
 5 APPPATH\Views\templates\layout.php(30): CodeIgniter\View\View->include('templates/navbar')
 6 SYSTEMPATH\View\View.php(234): include('D:\\Project\\esgotado\\app\\Views\\templates\\layout.php')
 7 SYSTEMPATH\View\View.php(237): CodeIgniter\View\View->CodeIgniter\View\{closure}()
 8 SYSTEMPATH\View\View.php(250): CodeIgniter\View\View->render('templates/layout', [], true)
 9 SYSTEMPATH\Common.php(1171): CodeIgniter\View\View->render('production/outbound/index', [], true)
10 APPPATH\Controllers\Production.php(48): view('production/outbound/index')
11 SYSTEMPATH\CodeIgniter.php(933): App\Controllers\Production->outboundView()
12 SYSTEMPATH\CodeIgniter.php(509): CodeIgniter\CodeIgniter->runController(Object(App\Controllers\Production))
13 SYSTEMPATH\CodeIgniter.php(355): CodeIgniter\CodeIgniter->handleRequest(null, Object(Config\Cache), false)
14 SYSTEMPATH\Boot.php(312): CodeIgniter\CodeIgniter->run()
15 SYSTEMPATH\Boot.php(67): CodeIgniter\Boot::runCodeIgniter(Object(CodeIgniter\CodeIgniter))
16 FCPATH\index.php(56): CodeIgniter\Boot::bootWeb(Object(Config\Paths))
17 SYSTEMPATH\Commands\Server\rewrite.php(49): require_once('D:\\Project\\esgotado\\public\\index.php')
INFO - 2025-06-15 00:42:56 --> Session: Class initialized using 'CodeIgniter\Session\Handlers\FileHandler' driver.
WARNING - 2025-06-15 00:42:56 --> Session: Sessions is enabled, and one exists. Please don't $session->start();
CRITICAL - 2025-06-15 00:42:56 --> ErrorException: Undefined array key "isLogged"
[Method: GET, Route: production/inbound]
in APPPATH\Views\templates\navbar.php on line 2.
 1 APPPATH\Views\templates\navbar.php(2): CodeIgniter\Debug\Exceptions->errorHandler(2, 'Undefined array key "isLogged"', 'D:\\Project\\esgotado\\app\\Views\\templates\\navbar.php', 2)
 2 SYSTEMPATH\View\View.php(234): include('D:\\Project\\esgotado\\app\\Views\\templates\\navbar.php')
 3 SYSTEMPATH\View\View.php(237): CodeIgniter\View\View->CodeIgniter\View\{closure}()
 4 SYSTEMPATH\View\View.php(484): CodeIgniter\View\View->render('templates/navbar', null, true)
 5 APPPATH\Views\templates\layout.php(30): CodeIgniter\View\View->include('templates/navbar')
 6 SYSTEMPATH\View\View.php(234): include('D:\\Project\\esgotado\\app\\Views\\templates\\layout.php')
 7 SYSTEMPATH\View\View.php(237): CodeIgniter\View\View->CodeIgniter\View\{closure}()
 8 SYSTEMPATH\View\View.php(250): CodeIgniter\View\View->render('templates/layout', [], true)
 9 SYSTEMPATH\Common.php(1171): CodeIgniter\View\View->render('production/inbound/index', [], true)
10 APPPATH\Controllers\Production.php(31): view('production/inbound/index')
11 SYSTEMPATH\CodeIgniter.php(933): App\Controllers\Production->inboundView()
12 SYSTEMPATH\CodeIgniter.php(509): CodeIgniter\CodeIgniter->runController(Object(App\Controllers\Production))
13 SYSTEMPATH\CodeIgniter.php(355): CodeIgniter\CodeIgniter->handleRequest(null, Object(Config\Cache), false)
14 SYSTEMPATH\Boot.php(312): CodeIgniter\CodeIgniter->run()
15 SYSTEMPATH\Boot.php(67): CodeIgniter\Boot::runCodeIgniter(Object(CodeIgniter\CodeIgniter))
16 FCPATH\index.php(56): CodeIgniter\Boot::bootWeb(Object(Config\Paths))
17 SYSTEMPATH\Commands\Server\rewrite.php(49): require_once('D:\\Project\\esgotado\\public\\index.php')
INFO - 2025-06-15 00:42:58 --> Session: Class initialized using 'CodeIgniter\Session\Handlers\FileHandler' driver.
WARNING - 2025-06-15 00:42:58 --> Session: Sessions is enabled, and one exists. Please don't $session->start();
CRITICAL - 2025-06-15 00:42:58 --> ErrorException: Undefined array key "isLogged"
[Method: GET, Route: production/inbound]
in APPPATH\Views\templates\navbar.php on line 2.
 1 APPPATH\Views\templates\navbar.php(2): CodeIgniter\Debug\Exceptions->errorHandler(2, 'Undefined array key "isLogged"', 'D:\\Project\\esgotado\\app\\Views\\templates\\navbar.php', 2)
 2 SYSTEMPATH\View\View.php(234): include('D:\\Project\\esgotado\\app\\Views\\templates\\navbar.php')
 3 SYSTEMPATH\View\View.php(237): CodeIgniter\View\View->CodeIgniter\View\{closure}()
 4 SYSTEMPATH\View\View.php(484): CodeIgniter\View\View->render('templates/navbar', null, true)
 5 APPPATH\Views\templates\layout.php(30): CodeIgniter\View\View->include('templates/navbar')
 6 SYSTEMPATH\View\View.php(234): include('D:\\Project\\esgotado\\app\\Views\\templates\\layout.php')
 7 SYSTEMPATH\View\View.php(237): CodeIgniter\View\View->CodeIgniter\View\{closure}()
 8 SYSTEMPATH\View\View.php(250): CodeIgniter\View\View->render('templates/layout', [], true)
 9 SYSTEMPATH\Common.php(1171): CodeIgniter\View\View->render('production/inbound/index', [], true)
10 APPPATH\Controllers\Production.php(31): view('production/inbound/index')
11 SYSTEMPATH\CodeIgniter.php(933): App\Controllers\Production->inboundView()
12 SYSTEMPATH\CodeIgniter.php(509): CodeIgniter\CodeIgniter->runController(Object(App\Controllers\Production))
13 SYSTEMPATH\CodeIgniter.php(355): CodeIgniter\CodeIgniter->handleRequest(null, Object(Config\Cache), false)
14 SYSTEMPATH\Boot.php(312): CodeIgniter\CodeIgniter->run()
15 SYSTEMPATH\Boot.php(67): CodeIgniter\Boot::runCodeIgniter(Object(CodeIgniter\CodeIgniter))
16 FCPATH\index.php(56): CodeIgniter\Boot::bootWeb(Object(Config\Paths))
17 SYSTEMPATH\Commands\Server\rewrite.php(49): require_once('D:\\Project\\esgotado\\public\\index.php')
INFO - 2025-06-15 00:43:02 --> Session: Class initialized using 'CodeIgniter\Session\Handlers\FileHandler' driver.
WARNING - 2025-06-15 00:43:02 --> Session: Sessions is enabled, and one exists. Please don't $session->start();
CRITICAL - 2025-06-15 00:43:02 --> ErrorException: Undefined array key "isLogged"
[Method: GET, Route: production/outbound]
in APPPATH\Views\templates\navbar.php on line 2.
 1 APPPATH\Views\templates\navbar.php(2): CodeIgniter\Debug\Exceptions->errorHandler(2, 'Undefined array key "isLogged"', 'D:\\Project\\esgotado\\app\\Views\\templates\\navbar.php', 2)
 2 SYSTEMPATH\View\View.php(234): include('D:\\Project\\esgotado\\app\\Views\\templates\\navbar.php')
 3 SYSTEMPATH\View\View.php(237): CodeIgniter\View\View->CodeIgniter\View\{closure}()
 4 SYSTEMPATH\View\View.php(484): CodeIgniter\View\View->render('templates/navbar', null, true)
 5 APPPATH\Views\templates\layout.php(30): CodeIgniter\View\View->include('templates/navbar')
 6 SYSTEMPATH\View\View.php(234): include('D:\\Project\\esgotado\\app\\Views\\templates\\layout.php')
 7 SYSTEMPATH\View\View.php(237): CodeIgniter\View\View->CodeIgniter\View\{closure}()
 8 SYSTEMPATH\View\View.php(250): CodeIgniter\View\View->render('templates/layout', [], true)
 9 SYSTEMPATH\Common.php(1171): CodeIgniter\View\View->render('production/outbound/index', [], true)
10 APPPATH\Controllers\Production.php(48): view('production/outbound/index')
11 SYSTEMPATH\CodeIgniter.php(933): App\Controllers\Production->outboundView()
12 SYSTEMPATH\CodeIgniter.php(509): CodeIgniter\CodeIgniter->runController(Object(App\Controllers\Production))
13 SYSTEMPATH\CodeIgniter.php(355): CodeIgniter\CodeIgniter->handleRequest(null, Object(Config\Cache), false)
14 SYSTEMPATH\Boot.php(312): CodeIgniter\CodeIgniter->run()
15 SYSTEMPATH\Boot.php(67): CodeIgniter\Boot::runCodeIgniter(Object(CodeIgniter\CodeIgniter))
16 FCPATH\index.php(56): CodeIgniter\Boot::bootWeb(Object(Config\Paths))
17 SYSTEMPATH\Commands\Server\rewrite.php(49): require_once('D:\\Project\\esgotado\\public\\index.php')
INFO - 2025-06-15 00:43:03 --> Session: Class initialized using 'CodeIgniter\Session\Handlers\FileHandler' driver.
WARNING - 2025-06-15 00:43:03 --> Session: Sessions is enabled, and one exists. Please don't $session->start();
CRITICAL - 2025-06-15 00:43:03 --> ErrorException: Undefined array key "isLogged"
[Method: GET, Route: production/inbound]
in APPPATH\Views\templates\navbar.php on line 2.
 1 APPPATH\Views\templates\navbar.php(2): CodeIgniter\Debug\Exceptions->errorHandler(2, 'Undefined array key "isLogged"', 'D:\\Project\\esgotado\\app\\Views\\templates\\navbar.php', 2)
 2 SYSTEMPATH\View\View.php(234): include('D:\\Project\\esgotado\\app\\Views\\templates\\navbar.php')
 3 SYSTEMPATH\View\View.php(237): CodeIgniter\View\View->CodeIgniter\View\{closure}()
 4 SYSTEMPATH\View\View.php(484): CodeIgniter\View\View->render('templates/navbar', null, true)
 5 APPPATH\Views\templates\layout.php(30): CodeIgniter\View\View->include('templates/navbar')
 6 SYSTEMPATH\View\View.php(234): include('D:\\Project\\esgotado\\app\\Views\\templates\\layout.php')
 7 SYSTEMPATH\View\View.php(237): CodeIgniter\View\View->CodeIgniter\View\{closure}()
 8 SYSTEMPATH\View\View.php(250): CodeIgniter\View\View->render('templates/layout', [], true)
 9 SYSTEMPATH\Common.php(1171): CodeIgniter\View\View->render('production/inbound/index', [], true)
10 APPPATH\Controllers\Production.php(31): view('production/inbound/index')
11 SYSTEMPATH\CodeIgniter.php(933): App\Controllers\Production->inboundView()
12 SYSTEMPATH\CodeIgniter.php(509): CodeIgniter\CodeIgniter->runController(Object(App\Controllers\Production))
13 SYSTEMPATH\CodeIgniter.php(355): CodeIgniter\CodeIgniter->handleRequest(null, Object(Config\Cache), false)
14 SYSTEMPATH\Boot.php(312): CodeIgniter\CodeIgniter->run()
15 SYSTEMPATH\Boot.php(67): CodeIgniter\Boot::runCodeIgniter(Object(CodeIgniter\CodeIgniter))
16 FCPATH\index.php(56): CodeIgniter\Boot::bootWeb(Object(Config\Paths))
17 SYSTEMPATH\Commands\Server\rewrite.php(49): require_once('D:\\Project\\esgotado\\public\\index.php')
INFO - 2025-06-15 01:38:04 --> Session: Class initialized using 'CodeIgniter\Session\Handlers\FileHandler' driver.
WARNING - 2025-06-15 01:38:04 --> Session: Sessions is enabled, and one exists. Please don't $session->start();
CRITICAL - 2025-06-15 01:38:04 --> ErrorException: Undefined array key "isLogged"
[Method: GET, Route: production/outbound]
in APPPATH\Views\templates\navbar.php on line 2.
 1 APPPATH\Views\templates\navbar.php(2): CodeIgniter\Debug\Exceptions->errorHandler(2, 'Undefined array key "isLogged"', 'D:\\Project\\esgotado\\app\\Views\\templates\\navbar.php', 2)
 2 SYSTEMPATH\View\View.php(234): include('D:\\Project\\esgotado\\app\\Views\\templates\\navbar.php')
 3 SYSTEMPATH\View\View.php(237): CodeIgniter\View\View->CodeIgniter\View\{closure}()
 4 SYSTEMPATH\View\View.php(484): CodeIgniter\View\View->render('templates/navbar', null, true)
 5 APPPATH\Views\templates\layout.php(30): CodeIgniter\View\View->include('templates/navbar')
 6 SYSTEMPATH\View\View.php(234): include('D:\\Project\\esgotado\\app\\Views\\templates\\layout.php')
 7 SYSTEMPATH\View\View.php(237): CodeIgniter\View\View->CodeIgniter\View\{closure}()
 8 SYSTEMPATH\View\View.php(250): CodeIgniter\View\View->render('templates/layout', [], true)
 9 SYSTEMPATH\Common.php(1171): CodeIgniter\View\View->render('production/outbound/index', [], true)
10 APPPATH\Controllers\Production.php(48): view('production/outbound/index')
11 SYSTEMPATH\CodeIgniter.php(933): App\Controllers\Production->outboundView()
12 SYSTEMPATH\CodeIgniter.php(509): CodeIgniter\CodeIgniter->runController(Object(App\Controllers\Production))
13 SYSTEMPATH\CodeIgniter.php(355): CodeIgniter\CodeIgniter->handleRequest(null, Object(Config\Cache), false)
14 SYSTEMPATH\Boot.php(312): CodeIgniter\CodeIgniter->run()
15 SYSTEMPATH\Boot.php(67): CodeIgniter\Boot::runCodeIgniter(Object(CodeIgniter\CodeIgniter))
16 FCPATH\index.php(56): CodeIgniter\Boot::bootWeb(Object(Config\Paths))
17 SYSTEMPATH\Commands\Server\rewrite.php(49): require_once('D:\\Project\\esgotado\\public\\index.php')
INFO - 2025-06-15 02:06:17 --> Session: Class initialized using 'CodeIgniter\Session\Handlers\FileHandler' driver.
WARNING - 2025-06-15 02:06:17 --> Session: Sessions is enabled, and one exists. Please don't $session->start();
CRITICAL - 2025-06-15 02:06:17 --> ErrorException: Undefined array key "isLogged"
[Method: GET, Route: production/outbound]
in APPPATH\Views\templates\navbar.php on line 2.
 1 APPPATH\Views\templates\navbar.php(2): CodeIgniter\Debug\Exceptions->errorHandler(2, 'Undefined array key "isLogged"', 'D:\\Project\\esgotado\\app\\Views\\templates\\navbar.php', 2)
 2 SYSTEMPATH\View\View.php(234): include('D:\\Project\\esgotado\\app\\Views\\templates\\navbar.php')
 3 SYSTEMPATH\View\View.php(237): CodeIgniter\View\View->CodeIgniter\View\{closure}()
 4 SYSTEMPATH\View\View.php(484): CodeIgniter\View\View->render('templates/navbar', null, true)
 5 APPPATH\Views\templates\layout.php(30): CodeIgniter\View\View->include('templates/navbar')
 6 SYSTEMPATH\View\View.php(234): include('D:\\Project\\esgotado\\app\\Views\\templates\\layout.php')
 7 SYSTEMPATH\View\View.php(237): CodeIgniter\View\View->CodeIgniter\View\{closure}()
 8 SYSTEMPATH\View\View.php(250): CodeIgniter\View\View->render('templates/layout', [], true)
 9 SYSTEMPATH\Common.php(1171): CodeIgniter\View\View->render('production/outbound/index', [], true)
10 APPPATH\Controllers\Production.php(48): view('production/outbound/index')
11 SYSTEMPATH\CodeIgniter.php(933): App\Controllers\Production->outboundView()
12 SYSTEMPATH\CodeIgniter.php(509): CodeIgniter\CodeIgniter->runController(Object(App\Controllers\Production))
13 SYSTEMPATH\CodeIgniter.php(355): CodeIgniter\CodeIgniter->handleRequest(null, Object(Config\Cache), false)
14 SYSTEMPATH\Boot.php(312): CodeIgniter\CodeIgniter->run()
15 SYSTEMPATH\Boot.php(67): CodeIgniter\Boot::runCodeIgniter(Object(CodeIgniter\CodeIgniter))
16 FCPATH\index.php(56): CodeIgniter\Boot::bootWeb(Object(Config\Paths))
17 SYSTEMPATH\Commands\Server\rewrite.php(49): require_once('D:\\Project\\esgotado\\public\\index.php')
INFO - 2025-06-15 02:06:25 --> Session: Class initialized using 'CodeIgniter\Session\Handlers\FileHandler' driver.
WARNING - 2025-06-15 02:06:25 --> Session: Sessions is enabled, and one exists. Please don't $session->start();
CRITICAL - 2025-06-15 02:06:25 --> ErrorException: Undefined array key "isLogged"
[Method: GET, Route: /]
in APPPATH\Views\templates\navbar.php on line 2.
 1 APPPATH\Views\templates\navbar.php(2): CodeIgniter\Debug\Exceptions->errorHandler(2, 'Undefined array key "isLogged"', 'D:\\Project\\esgotado\\app\\Views\\templates\\navbar.php', 2)
 2 SYSTEMPATH\View\View.php(234): include('D:\\Project\\esgotado\\app\\Views\\templates\\navbar.php')
 3 SYSTEMPATH\View\View.php(237): CodeIgniter\View\View->CodeIgniter\View\{closure}()
 4 SYSTEMPATH\View\View.php(484): CodeIgniter\View\View->render('templates/navbar', null, true)
 5 APPPATH\Views\templates\layout.php(30): CodeIgniter\View\View->include('templates/navbar')
 6 SYSTEMPATH\View\View.php(234): include('D:\\Project\\esgotado\\app\\Views\\templates\\layout.php')
 7 SYSTEMPATH\View\View.php(237): CodeIgniter\View\View->CodeIgniter\View\{closure}()
 8 SYSTEMPATH\View\View.php(250): CodeIgniter\View\View->render('templates/layout', [], true)
 9 SYSTEMPATH\Common.php(1171): CodeIgniter\View\View->render('dashboard/index', [], true)
10 APPPATH\Controllers\Home.php(27): view('dashboard/index')
11 SYSTEMPATH\CodeIgniter.php(933): App\Controllers\Home->index()
12 SYSTEMPATH\CodeIgniter.php(509): CodeIgniter\CodeIgniter->runController(Object(App\Controllers\Home))
13 SYSTEMPATH\CodeIgniter.php(355): CodeIgniter\CodeIgniter->handleRequest(null, Object(Config\Cache), false)
14 SYSTEMPATH\Boot.php(312): CodeIgniter\CodeIgniter->run()
15 SYSTEMPATH\Boot.php(67): CodeIgniter\Boot::runCodeIgniter(Object(CodeIgniter\CodeIgniter))
16 FCPATH\index.php(56): CodeIgniter\Boot::bootWeb(Object(Config\Paths))
17 SYSTEMPATH\Commands\Server\rewrite.php(49): require_once('D:\\Project\\esgotado\\public\\index.php')
INFO - 2025-06-15 02:07:13 --> Session: Class initialized using 'CodeIgniter\Session\Handlers\FileHandler' driver.
WARNING - 2025-06-15 02:07:13 --> Session: Sessions is enabled, and one exists. Please don't $session->start();
CRITICAL - 2025-06-15 02:07:13 --> ErrorException: Undefined array key "isLogged"
[Method: GET, Route: /]
in APPPATH\Views\templates\navbar.php on line 2.
 1 APPPATH\Views\templates\navbar.php(2): CodeIgniter\Debug\Exceptions->errorHandler(2, 'Undefined array key "isLogged"', 'D:\\Project\\esgotado\\app\\Views\\templates\\navbar.php', 2)
 2 SYSTEMPATH\View\View.php(234): include('D:\\Project\\esgotado\\app\\Views\\templates\\navbar.php')
 3 SYSTEMPATH\View\View.php(237): CodeIgniter\View\View->CodeIgniter\View\{closure}()
 4 SYSTEMPATH\View\View.php(484): CodeIgniter\View\View->render('templates/navbar', null, true)
 5 APPPATH\Views\templates\layout.php(30): CodeIgniter\View\View->include('templates/navbar')
 6 SYSTEMPATH\View\View.php(234): include('D:\\Project\\esgotado\\app\\Views\\templates\\layout.php')
 7 SYSTEMPATH\View\View.php(237): CodeIgniter\View\View->CodeIgniter\View\{closure}()
 8 SYSTEMPATH\View\View.php(250): CodeIgniter\View\View->render('templates/layout', [], true)
 9 SYSTEMPATH\Common.php(1171): CodeIgniter\View\View->render('dashboard/index', [], true)
10 APPPATH\Controllers\Home.php(27): view('dashboard/index')
11 SYSTEMPATH\CodeIgniter.php(933): App\Controllers\Home->index()
12 SYSTEMPATH\CodeIgniter.php(509): CodeIgniter\CodeIgniter->runController(Object(App\Controllers\Home))
13 SYSTEMPATH\CodeIgniter.php(355): CodeIgniter\CodeIgniter->handleRequest(null, Object(Config\Cache), false)
14 SYSTEMPATH\Boot.php(312): CodeIgniter\CodeIgniter->run()
15 SYSTEMPATH\Boot.php(67): CodeIgniter\Boot::runCodeIgniter(Object(CodeIgniter\CodeIgniter))
16 FCPATH\index.php(56): CodeIgniter\Boot::bootWeb(Object(Config\Paths))
17 SYSTEMPATH\Commands\Server\rewrite.php(49): require_once('D:\\Project\\esgotado\\public\\index.php')
INFO - 2025-06-15 02:08:31 --> Session: Class initialized using 'CodeIgniter\Session\Handlers\FileHandler' driver.
WARNING - 2025-06-15 02:08:31 --> Session: Sessions is enabled, and one exists. Please don't $session->start();
INFO - 2025-06-15 02:08:43 --> Session: Class initialized using 'CodeIgniter\Session\Handlers\FileHandler' driver.
WARNING - 2025-06-15 02:08:43 --> Session: Sessions is enabled, and one exists. Please don't $session->start();
INFO - 2025-06-15 02:11:33 --> Session: Class initialized using 'CodeIgniter\Session\Handlers\FileHandler' driver.
WARNING - 2025-06-15 02:11:33 --> Session: Sessions is enabled, and one exists. Please don't $session->start();
INFO - 2025-06-15 02:11:35 --> Session: Class initialized using 'CodeIgniter\Session\Handlers\FileHandler' driver.
WARNING - 2025-06-15 02:11:35 --> Session: Sessions is enabled, and one exists. Please don't $session->start();
INFO - 2025-06-15 02:12:56 --> Session: Class initialized using 'CodeIgniter\Session\Handlers\FileHandler' driver.
WARNING - 2025-06-15 02:12:56 --> Session: Sessions is enabled, and one exists. Please don't $session->start();
INFO - 2025-06-15 02:13:24 --> Session: Class initialized using 'CodeIgniter\Session\Handlers\FileHandler' driver.
WARNING - 2025-06-15 02:13:24 --> Session: Sessions is enabled, and one exists. Please don't $session->start();
INFO - 2025-06-15 02:13:34 --> Session: Class initialized using 'CodeIgniter\Session\Handlers\FileHandler' driver.
WARNING - 2025-06-15 02:13:34 --> Session: Sessions is enabled, and one exists. Please don't $session->start();
INFO - 2025-06-15 02:14:52 --> Session: Class initialized using 'CodeIgniter\Session\Handlers\FileHandler' driver.
WARNING - 2025-06-15 02:14:52 --> Session: Sessions is enabled, and one exists. Please don't $session->start();
INFO - 2025-06-15 02:15:12 --> Session: Class initialized using 'CodeIgniter\Session\Handlers\FileHandler' driver.
WARNING - 2025-06-15 02:15:12 --> Session: Sessions is enabled, and one exists. Please don't $session->start();
INFO - 2025-06-15 02:15:13 --> Session: Class initialized using 'CodeIgniter\Session\Handlers\FileHandler' driver.
WARNING - 2025-06-15 02:15:13 --> Session: Sessions is enabled, and one exists. Please don't $session->start();
INFO - 2025-06-15 02:15:42 --> Session: Class initialized using 'CodeIgniter\Session\Handlers\FileHandler' driver.
WARNING - 2025-06-15 02:15:42 --> Session: Sessions is enabled, and one exists. Please don't $session->start();
INFO - 2025-06-15 02:15:46 --> Session: Class initialized using 'CodeIgniter\Session\Handlers\FileHandler' driver.
WARNING - 2025-06-15 02:15:46 --> Session: Sessions is enabled, and one exists. Please don't $session->start();
INFO - 2025-06-15 02:15:47 --> Session: Class initialized using 'CodeIgniter\Session\Handlers\FileHandler' driver.
WARNING - 2025-06-15 02:15:47 --> Session: Sessions is enabled, and one exists. Please don't $session->start();
INFO - 2025-06-15 02:16:23 --> Session: Class initialized using 'CodeIgniter\Session\Handlers\FileHandler' driver.
WARNING - 2025-06-15 02:16:23 --> Session: Sessions is enabled, and one exists. Please don't $session->start();
INFO - 2025-06-15 02:16:28 --> Session: Class initialized using 'CodeIgniter\Session\Handlers\FileHandler' driver.
WARNING - 2025-06-15 02:16:28 --> Session: Sessions is enabled, and one exists. Please don't $session->start();
INFO - 2025-06-15 02:16:51 --> Session: Class initialized using 'CodeIgniter\Session\Handlers\FileHandler' driver.
WARNING - 2025-06-15 02:16:51 --> Session: Sessions is enabled, and one exists. Please don't $session->start();
INFO - 2025-06-15 02:17:48 --> Session: Class initialized using 'CodeIgniter\Session\Handlers\FileHandler' driver.
WARNING - 2025-06-15 02:17:48 --> Session: Sessions is enabled, and one exists. Please don't $session->start();
INFO - 2025-06-15 02:17:56 --> Session: Class initialized using 'CodeIgniter\Session\Handlers\FileHandler' driver.
WARNING - 2025-06-15 02:17:56 --> Session: Sessions is enabled, and one exists. Please don't $session->start();
INFO - 2025-06-15 02:18:18 --> Session: Class initialized using 'CodeIgniter\Session\Handlers\FileHandler' driver.
WARNING - 2025-06-15 02:18:18 --> Session: Sessions is enabled, and one exists. Please don't $session->start();
INFO - 2025-06-15 02:20:44 --> Session: Class initialized using 'CodeIgniter\Session\Handlers\FileHandler' driver.
WARNING - 2025-06-15 02:20:44 --> Session: Sessions is enabled, and one exists. Please don't $session->start();
INFO - 2025-06-15 02:20:46 --> Session: Class initialized using 'CodeIgniter\Session\Handlers\FileHandler' driver.
WARNING - 2025-06-15 02:20:46 --> Session: Sessions is enabled, and one exists. Please don't $session->start();
INFO - 2025-06-15 02:23:28 --> Session: Class initialized using 'CodeIgniter\Session\Handlers\FileHandler' driver.
WARNING - 2025-06-15 02:23:28 --> Session: Sessions is enabled, and one exists. Please don't $session->start();
INFO - 2025-06-15 02:23:38 --> Session: Class initialized using 'CodeIgniter\Session\Handlers\FileHandler' driver.
WARNING - 2025-06-15 02:23:38 --> Session: Sessions is enabled, and one exists. Please don't $session->start();
INFO - 2025-06-15 02:25:57 --> Session: Class initialized using 'CodeIgniter\Session\Handlers\FileHandler' driver.
WARNING - 2025-06-15 02:25:57 --> Session: Sessions is enabled, and one exists. Please don't $session->start();
INFO - 2025-06-15 02:26:27 --> Session: Class initialized using 'CodeIgniter\Session\Handlers\FileHandler' driver.
WARNING - 2025-06-15 02:26:27 --> Session: Sessions is enabled, and one exists. Please don't $session->start();
INFO - 2025-06-15 02:26:52 --> Session: Class initialized using 'CodeIgniter\Session\Handlers\FileHandler' driver.
WARNING - 2025-06-15 02:26:52 --> Session: Sessions is enabled, and one exists. Please don't $session->start();
INFO - 2025-06-15 02:27:01 --> Session: Class initialized using 'CodeIgniter\Session\Handlers\FileHandler' driver.
WARNING - 2025-06-15 02:27:01 --> Session: Sessions is enabled, and one exists. Please don't $session->start();
INFO - 2025-06-15 09:05:01 --> Session: Class initialized using 'CodeIgniter\Session\Handlers\FileHandler' driver.
WARNING - 2025-06-15 09:05:01 --> Session: Sessions is enabled, and one exists. Please don't $session->start();
CRITICAL - 2025-06-15 09:05:01 --> ErrorException: Undefined array key "isLogged"
[Method: GET, Route: production/inbound/add]
in APPPATH\Views\templates\navbar.php on line 2.
 1 APPPATH\Views\templates\navbar.php(2): CodeIgniter\Debug\Exceptions->errorHandler(2, 'Undefined array key "isLogged"', 'D:\\Project\\esgotado\\app\\Views\\templates\\navbar.php', 2)
 2 SYSTEMPATH\View\View.php(234): include('D:\\Project\\esgotado\\app\\Views\\templates\\navbar.php')
 3 SYSTEMPATH\View\View.php(237): CodeIgniter\View\View->CodeIgniter\View\{closure}()
 4 SYSTEMPATH\View\View.php(484): CodeIgniter\View\View->render('templates/navbar', null, true)
 5 APPPATH\Views\templates\layout.php(30): CodeIgniter\View\View->include('templates/navbar')
 6 SYSTEMPATH\View\View.php(234): include('D:\\Project\\esgotado\\app\\Views\\templates\\layout.php')
 7 SYSTEMPATH\View\View.php(237): CodeIgniter\View\View->CodeIgniter\View\{closure}()
 8 SYSTEMPATH\View\View.php(250): CodeIgniter\View\View->render('templates/layout', [], true)
 9 SYSTEMPATH\Common.php(1171): CodeIgniter\View\View->render('production/inbound/add', [], true)
10 APPPATH\Controllers\Production.php(52): view('production/inbound/add')
11 SYSTEMPATH\CodeIgniter.php(933): App\Controllers\Production->addInboundView()
12 SYSTEMPATH\CodeIgniter.php(509): CodeIgniter\CodeIgniter->runController(Object(App\Controllers\Production))
13 SYSTEMPATH\CodeIgniter.php(355): CodeIgniter\CodeIgniter->handleRequest(null, Object(Config\Cache), false)
14 SYSTEMPATH\Boot.php(312): CodeIgniter\CodeIgniter->run()
15 SYSTEMPATH\Boot.php(67): CodeIgniter\Boot::runCodeIgniter(Object(CodeIgniter\CodeIgniter))
16 FCPATH\index.php(56): CodeIgniter\Boot::bootWeb(Object(Config\Paths))
17 SYSTEMPATH\Commands\Server\rewrite.php(49): require_once('D:\\Project\\esgotado\\public\\index.php')
INFO - 2025-06-15 09:05:14 --> Session: Class initialized using 'CodeIgniter\Session\Handlers\FileHandler' driver.
WARNING - 2025-06-15 09:05:14 --> Session: Sessions is enabled, and one exists. Please don't $session->start();
CRITICAL - 2025-06-15 09:05:14 --> ErrorException: Undefined array key "isLogged"
[Method: GET, Route: production/inbound/add]
in APPPATH\Views\templates\navbar.php on line 2.
 1 APPPATH\Views\templates\navbar.php(2): CodeIgniter\Debug\Exceptions->errorHandler(2, 'Undefined array key "isLogged"', 'D:\\Project\\esgotado\\app\\Views\\templates\\navbar.php', 2)
 2 SYSTEMPATH\View\View.php(234): include('D:\\Project\\esgotado\\app\\Views\\templates\\navbar.php')
 3 SYSTEMPATH\View\View.php(237): CodeIgniter\View\View->CodeIgniter\View\{closure}()
 4 SYSTEMPATH\View\View.php(484): CodeIgniter\View\View->render('templates/navbar', null, true)
 5 APPPATH\Views\templates\layout.php(30): CodeIgniter\View\View->include('templates/navbar')
 6 SYSTEMPATH\View\View.php(234): include('D:\\Project\\esgotado\\app\\Views\\templates\\layout.php')
 7 SYSTEMPATH\View\View.php(237): CodeIgniter\View\View->CodeIgniter\View\{closure}()
 8 SYSTEMPATH\View\View.php(250): CodeIgniter\View\View->render('templates/layout', [], true)
 9 SYSTEMPATH\Common.php(1171): CodeIgniter\View\View->render('production/inbound/add', [], true)
10 APPPATH\Controllers\Production.php(52): view('production/inbound/add')
11 SYSTEMPATH\CodeIgniter.php(933): App\Controllers\Production->addInboundView()
12 SYSTEMPATH\CodeIgniter.php(509): CodeIgniter\CodeIgniter->runController(Object(App\Controllers\Production))
13 SYSTEMPATH\CodeIgniter.php(355): CodeIgniter\CodeIgniter->handleRequest(null, Object(Config\Cache), false)
14 SYSTEMPATH\Boot.php(312): CodeIgniter\CodeIgniter->run()
15 SYSTEMPATH\Boot.php(67): CodeIgniter\Boot::runCodeIgniter(Object(CodeIgniter\CodeIgniter))
16 FCPATH\index.php(56): CodeIgniter\Boot::bootWeb(Object(Config\Paths))
17 SYSTEMPATH\Commands\Server\rewrite.php(49): require_once('D:\\Project\\esgotado\\public\\index.php')
INFO - 2025-06-15 09:05:24 --> Session: Class initialized using 'CodeIgniter\Session\Handlers\FileHandler' driver.
WARNING - 2025-06-15 09:05:24 --> Session: Sessions is enabled, and one exists. Please don't $session->start();
INFO - 2025-06-15 09:05:29 --> Session: Class initialized using 'CodeIgniter\Session\Handlers\FileHandler' driver.
WARNING - 2025-06-15 09:05:29 --> Session: Sessions is enabled, and one exists. Please don't $session->start();
INFO - 2025-06-15 09:05:33 --> Session: Class initialized using 'CodeIgniter\Session\Handlers\FileHandler' driver.
WARNING - 2025-06-15 09:05:33 --> Session: Sessions is enabled, and one exists. Please don't $session->start();
INFO - 2025-06-15 09:06:51 --> Session: Class initialized using 'CodeIgniter\Session\Handlers\FileHandler' driver.
WARNING - 2025-06-15 09:06:51 --> Session: Sessions is enabled, and one exists. Please don't $session->start();
INFO - 2025-06-15 09:07:11 --> Session: Class initialized using 'CodeIgniter\Session\Handlers\FileHandler' driver.
WARNING - 2025-06-15 09:07:11 --> Session: Sessions is enabled, and one exists. Please don't $session->start();
INFO - 2025-06-15 09:07:14 --> Session: Class initialized using 'CodeIgniter\Session\Handlers\FileHandler' driver.
WARNING - 2025-06-15 09:07:14 --> Session: Sessions is enabled, and one exists. Please don't $session->start();
INFO - 2025-06-15 09:07:16 --> Session: Class initialized using 'CodeIgniter\Session\Handlers\FileHandler' driver.
WARNING - 2025-06-15 09:07:16 --> Session: Sessions is enabled, and one exists. Please don't $session->start();
INFO - 2025-06-15 09:07:21 --> Session: Class initialized using 'CodeIgniter\Session\Handlers\FileHandler' driver.
WARNING - 2025-06-15 09:07:21 --> Session: Sessions is enabled, and one exists. Please don't $session->start();
INFO - 2025-06-15 09:08:00 --> Session: Class initialized using 'CodeIgniter\Session\Handlers\FileHandler' driver.
WARNING - 2025-06-15 09:08:00 --> Session: Sessions is enabled, and one exists. Please don't $session->start();
INFO - 2025-06-15 09:08:25 --> Session: Class initialized using 'CodeIgniter\Session\Handlers\FileHandler' driver.
WARNING - 2025-06-15 09:08:25 --> Session: Sessions is enabled, and one exists. Please don't $session->start();
INFO - 2025-06-15 09:08:27 --> Session: Class initialized using 'CodeIgniter\Session\Handlers\FileHandler' driver.
WARNING - 2025-06-15 09:08:27 --> Session: Sessions is enabled, and one exists. Please don't $session->start();
INFO - 2025-06-15 09:08:30 --> Session: Class initialized using 'CodeIgniter\Session\Handlers\FileHandler' driver.
WARNING - 2025-06-15 09:08:30 --> Session: Sessions is enabled, and one exists. Please don't $session->start();
INFO - 2025-06-15 09:08:35 --> Session: Class initialized using 'CodeIgniter\Session\Handlers\FileHandler' driver.
WARNING - 2025-06-15 09:08:35 --> Session: Sessions is enabled, and one exists. Please don't $session->start();
INFO - 2025-06-15 09:09:01 --> Session: Class initialized using 'CodeIgniter\Session\Handlers\FileHandler' driver.
WARNING - 2025-06-15 09:09:01 --> Session: Sessions is enabled, and one exists. Please don't $session->start();
INFO - 2025-06-15 09:10:17 --> Session: Class initialized using 'CodeIgniter\Session\Handlers\FileHandler' driver.
WARNING - 2025-06-15 09:10:17 --> Session: Sessions is enabled, and one exists. Please don't $session->start();
INFO - 2025-06-15 09:12:41 --> Session: Class initialized using 'CodeIgniter\Session\Handlers\FileHandler' driver.
WARNING - 2025-06-15 09:12:41 --> Session: Sessions is enabled, and one exists. Please don't $session->start();
INFO - 2025-06-15 09:12:50 --> Session: Class initialized using 'CodeIgniter\Session\Handlers\FileHandler' driver.
WARNING - 2025-06-15 09:12:50 --> Session: Sessions is enabled, and one exists. Please don't $session->start();
INFO - 2025-06-15 09:13:37 --> Session: Class initialized using 'CodeIgniter\Session\Handlers\FileHandler' driver.
WARNING - 2025-06-15 09:13:37 --> Session: Sessions is enabled, and one exists. Please don't $session->start();
INFO - 2025-06-15 09:15:28 --> Session: Class initialized using 'CodeIgniter\Session\Handlers\FileHandler' driver.
WARNING - 2025-06-15 09:15:28 --> Session: Sessions is enabled, and one exists. Please don't $session->start();
INFO - 2025-06-15 09:15:31 --> Session: Class initialized using 'CodeIgniter\Session\Handlers\FileHandler' driver.
WARNING - 2025-06-15 09:15:31 --> Session: Sessions is enabled, and one exists. Please don't $session->start();
INFO - 2025-06-15 09:15:37 --> Session: Class initialized using 'CodeIgniter\Session\Handlers\FileHandler' driver.
WARNING - 2025-06-15 09:15:37 --> Session: Sessions is enabled, and one exists. Please don't $session->start();
INFO - 2025-06-15 09:16:17 --> Session: Class initialized using 'CodeIgniter\Session\Handlers\FileHandler' driver.
WARNING - 2025-06-15 09:16:17 --> Session: Sessions is enabled, and one exists. Please don't $session->start();
INFO - 2025-06-15 09:16:26 --> Session: Class initialized using 'CodeIgniter\Session\Handlers\FileHandler' driver.
WARNING - 2025-06-15 09:16:26 --> Session: Sessions is enabled, and one exists. Please don't $session->start();
INFO - 2025-06-15 09:17:11 --> Session: Class initialized using 'CodeIgniter\Session\Handlers\FileHandler' driver.
WARNING - 2025-06-15 09:17:11 --> Session: Sessions is enabled, and one exists. Please don't $session->start();
INFO - 2025-06-15 09:17:17 --> Session: Class initialized using 'CodeIgniter\Session\Handlers\FileHandler' driver.
WARNING - 2025-06-15 09:17:17 --> Session: Sessions is enabled, and one exists. Please don't $session->start();
INFO - 2025-06-15 09:18:08 --> Session: Class initialized using 'CodeIgniter\Session\Handlers\FileHandler' driver.
WARNING - 2025-06-15 09:18:08 --> Session: Sessions is enabled, and one exists. Please don't $session->start();
INFO - 2025-06-15 09:18:14 --> Session: Class initialized using 'CodeIgniter\Session\Handlers\FileHandler' driver.
WARNING - 2025-06-15 09:18:14 --> Session: Sessions is enabled, and one exists. Please don't $session->start();
INFO - 2025-06-15 09:19:00 --> Session: Class initialized using 'CodeIgniter\Session\Handlers\FileHandler' driver.
WARNING - 2025-06-15 09:19:00 --> Session: Sessions is enabled, and one exists. Please don't $session->start();
INFO - 2025-06-15 09:19:27 --> Session: Class initialized using 'CodeIgniter\Session\Handlers\FileHandler' driver.
WARNING - 2025-06-15 09:19:27 --> Session: Sessions is enabled, and one exists. Please don't $session->start();
INFO - 2025-06-15 09:20:11 --> Session: Class initialized using 'CodeIgniter\Session\Handlers\FileHandler' driver.
WARNING - 2025-06-15 09:20:11 --> Session: Sessions is enabled, and one exists. Please don't $session->start();
INFO - 2025-06-15 09:20:12 --> Session: Class initialized using 'CodeIgniter\Session\Handlers\FileHandler' driver.
WARNING - 2025-06-15 09:20:12 --> Session: Sessions is enabled, and one exists. Please don't $session->start();
INFO - 2025-06-15 09:20:21 --> Session: Class initialized using 'CodeIgniter\Session\Handlers\FileHandler' driver.
WARNING - 2025-06-15 09:20:21 --> Session: Sessions is enabled, and one exists. Please don't $session->start();
INFO - 2025-06-15 09:20:24 --> Session: Class initialized using 'CodeIgniter\Session\Handlers\FileHandler' driver.
WARNING - 2025-06-15 09:20:24 --> Session: Sessions is enabled, and one exists. Please don't $session->start();
INFO - 2025-06-15 09:20:28 --> Session: Class initialized using 'CodeIgniter\Session\Handlers\FileHandler' driver.
WARNING - 2025-06-15 09:20:28 --> Session: Sessions is enabled, and one exists. Please don't $session->start();
INFO - 2025-06-15 09:28:48 --> Session: Class initialized using 'CodeIgniter\Session\Handlers\FileHandler' driver.
WARNING - 2025-06-15 09:28:48 --> Session: Sessions is enabled, and one exists. Please don't $session->start();
INFO - 2025-06-15 09:29:01 --> Session: Class initialized using 'CodeIgniter\Session\Handlers\FileHandler' driver.
WARNING - 2025-06-15 09:29:01 --> Session: Sessions is enabled, and one exists. Please don't $session->start();
INFO - 2025-06-15 09:29:01 --> Session: Class initialized using 'CodeIgniter\Session\Handlers\FileHandler' driver.
WARNING - 2025-06-15 09:29:01 --> Session: Sessions is enabled, and one exists. Please don't $session->start();
INFO - 2025-06-15 09:29:02 --> Session: Class initialized using 'CodeIgniter\Session\Handlers\FileHandler' driver.
WARNING - 2025-06-15 09:29:02 --> Session: Sessions is enabled, and one exists. Please don't $session->start();
INFO - 2025-06-15 09:29:06 --> Session: Class initialized using 'CodeIgniter\Session\Handlers\FileHandler' driver.
WARNING - 2025-06-15 09:29:06 --> Session: Sessions is enabled, and one exists. Please don't $session->start();
INFO - 2025-06-15 09:29:41 --> Session: Class initialized using 'CodeIgniter\Session\Handlers\FileHandler' driver.
WARNING - 2025-06-15 09:29:41 --> Session: Sessions is enabled, and one exists. Please don't $session->start();
INFO - 2025-06-15 13:55:10 --> Session: Class initialized using 'CodeIgniter\Session\Handlers\FileHandler' driver.
WARNING - 2025-06-15 13:55:10 --> Session: Sessions is enabled, and one exists. Please don't $session->start();
CRITICAL - 2025-06-15 13:55:11 --> ErrorException: Undefined array key "isLogged"
[Method: GET, Route: production/outbound]
in APPPATH\Views\templates\navbar.php on line 2.
 1 APPPATH\Views\templates\navbar.php(2): CodeIgniter\Debug\Exceptions->errorHandler(2, 'Undefined array key "isLogged"', 'D:\\Project\\esgotado\\app\\Views\\templates\\navbar.php', 2)
 2 SYSTEMPATH\View\View.php(234): include('D:\\Project\\esgotado\\app\\Views\\templates\\navbar.php')
 3 SYSTEMPATH\View\View.php(237): CodeIgniter\View\View->CodeIgniter\View\{closure}()
 4 SYSTEMPATH\View\View.php(484): CodeIgniter\View\View->render('templates/navbar', null, true)
 5 APPPATH\Views\templates\layout.php(30): CodeIgniter\View\View->include('templates/navbar')
 6 SYSTEMPATH\View\View.php(234): include('D:\\Project\\esgotado\\app\\Views\\templates\\layout.php')
 7 SYSTEMPATH\View\View.php(237): CodeIgniter\View\View->CodeIgniter\View\{closure}()
 8 SYSTEMPATH\View\View.php(250): CodeIgniter\View\View->render('templates/layout', [], true)
 9 SYSTEMPATH\Common.php(1171): CodeIgniter\View\View->render('production/outbound/index', [], true)
10 APPPATH\Controllers\Production.php(90): view('production/outbound/index')
11 SYSTEMPATH\CodeIgniter.php(933): App\Controllers\Production->outboundView()
12 SYSTEMPATH\CodeIgniter.php(509): CodeIgniter\CodeIgniter->runController(Object(App\Controllers\Production))
13 SYSTEMPATH\CodeIgniter.php(355): CodeIgniter\CodeIgniter->handleRequest(null, Object(Config\Cache), false)
14 SYSTEMPATH\Boot.php(312): CodeIgniter\CodeIgniter->run()
15 SYSTEMPATH\Boot.php(67): CodeIgniter\Boot::runCodeIgniter(Object(CodeIgniter\CodeIgniter))
16 FCPATH\index.php(56): CodeIgniter\Boot::bootWeb(Object(Config\Paths))
17 SYSTEMPATH\Commands\Server\rewrite.php(49): require_once('D:\\Project\\esgotado\\public\\index.php')
INFO - 2025-06-15 13:55:12 --> Session: Class initialized using 'CodeIgniter\Session\Handlers\FileHandler' driver.
WARNING - 2025-06-15 13:55:12 --> Session: Sessions is enabled, and one exists. Please don't $session->start();
CRITICAL - 2025-06-15 13:55:12 --> ErrorException: Undefined array key "isLogged"
[Method: GET, Route: production/outbound]
in APPPATH\Views\templates\navbar.php on line 2.
 1 APPPATH\Views\templates\navbar.php(2): CodeIgniter\Debug\Exceptions->errorHandler(2, 'Undefined array key "isLogged"', 'D:\\Project\\esgotado\\app\\Views\\templates\\navbar.php', 2)
 2 SYSTEMPATH\View\View.php(234): include('D:\\Project\\esgotado\\app\\Views\\templates\\navbar.php')
 3 SYSTEMPATH\View\View.php(237): CodeIgniter\View\View->CodeIgniter\View\{closure}()
 4 SYSTEMPATH\View\View.php(484): CodeIgniter\View\View->render('templates/navbar', null, true)
 5 APPPATH\Views\templates\layout.php(30): CodeIgniter\View\View->include('templates/navbar')
 6 SYSTEMPATH\View\View.php(234): include('D:\\Project\\esgotado\\app\\Views\\templates\\layout.php')
 7 SYSTEMPATH\View\View.php(237): CodeIgniter\View\View->CodeIgniter\View\{closure}()
 8 SYSTEMPATH\View\View.php(250): CodeIgniter\View\View->render('templates/layout', [], true)
 9 SYSTEMPATH\Common.php(1171): CodeIgniter\View\View->render('production/outbound/index', [], true)
10 APPPATH\Controllers\Production.php(90): view('production/outbound/index')
11 SYSTEMPATH\CodeIgniter.php(933): App\Controllers\Production->outboundView()
12 SYSTEMPATH\CodeIgniter.php(509): CodeIgniter\CodeIgniter->runController(Object(App\Controllers\Production))
13 SYSTEMPATH\CodeIgniter.php(355): CodeIgniter\CodeIgniter->handleRequest(null, Object(Config\Cache), false)
14 SYSTEMPATH\Boot.php(312): CodeIgniter\CodeIgniter->run()
15 SYSTEMPATH\Boot.php(67): CodeIgniter\Boot::runCodeIgniter(Object(CodeIgniter\CodeIgniter))
16 FCPATH\index.php(56): CodeIgniter\Boot::bootWeb(Object(Config\Paths))
17 SYSTEMPATH\Commands\Server\rewrite.php(49): require_once('D:\\Project\\esgotado\\public\\index.php')
INFO - 2025-06-15 13:55:14 --> Session: Class initialized using 'CodeIgniter\Session\Handlers\FileHandler' driver.
WARNING - 2025-06-15 13:55:14 --> Session: Sessions is enabled, and one exists. Please don't $session->start();
CRITICAL - 2025-06-15 13:55:14 --> ErrorException: Undefined array key "isLogged"
[Method: GET, Route: production/inbound]
in APPPATH\Views\templates\navbar.php on line 2.
 1 APPPATH\Views\templates\navbar.php(2): CodeIgniter\Debug\Exceptions->errorHandler(2, 'Undefined array key "isLogged"', 'D:\\Project\\esgotado\\app\\Views\\templates\\navbar.php', 2)
 2 SYSTEMPATH\View\View.php(234): include('D:\\Project\\esgotado\\app\\Views\\templates\\navbar.php')
 3 SYSTEMPATH\View\View.php(237): CodeIgniter\View\View->CodeIgniter\View\{closure}()
 4 SYSTEMPATH\View\View.php(484): CodeIgniter\View\View->render('templates/navbar', null, true)
 5 APPPATH\Views\templates\layout.php(30): CodeIgniter\View\View->include('templates/navbar')
 6 SYSTEMPATH\View\View.php(234): include('D:\\Project\\esgotado\\app\\Views\\templates\\layout.php')
 7 SYSTEMPATH\View\View.php(237): CodeIgniter\View\View->CodeIgniter\View\{closure}()
 8 SYSTEMPATH\View\View.php(250): CodeIgniter\View\View->render('templates/layout', [], true)
 9 SYSTEMPATH\Common.php(1171): CodeIgniter\View\View->render('production/inbound/index', [], true)
10 APPPATH\Controllers\Production.php(31): view('production/inbound/index')
11 SYSTEMPATH\CodeIgniter.php(933): App\Controllers\Production->inboundView()
12 SYSTEMPATH\CodeIgniter.php(509): CodeIgniter\CodeIgniter->runController(Object(App\Controllers\Production))
13 SYSTEMPATH\CodeIgniter.php(355): CodeIgniter\CodeIgniter->handleRequest(null, Object(Config\Cache), false)
14 SYSTEMPATH\Boot.php(312): CodeIgniter\CodeIgniter->run()
15 SYSTEMPATH\Boot.php(67): CodeIgniter\Boot::runCodeIgniter(Object(CodeIgniter\CodeIgniter))
16 FCPATH\index.php(56): CodeIgniter\Boot::bootWeb(Object(Config\Paths))
17 SYSTEMPATH\Commands\Server\rewrite.php(49): require_once('D:\\Project\\esgotado\\public\\index.php')
INFO - 2025-06-15 13:55:22 --> Session: Class initialized using 'CodeIgniter\Session\Handlers\FileHandler' driver.
WARNING - 2025-06-15 13:55:22 --> Session: Sessions is enabled, and one exists. Please don't $session->start();
CRITICAL - 2025-06-15 13:55:22 --> ErrorException: Undefined array key "isLogged"
[Method: GET, Route: production/inbound/edit/1]
in APPPATH\Views\templates\navbar.php on line 2.
 1 APPPATH\Views\templates\navbar.php(2): CodeIgniter\Debug\Exceptions->errorHandler(2, 'Undefined array key "isLogged"', 'D:\\Project\\esgotado\\app\\Views\\templates\\navbar.php', 2)
 2 SYSTEMPATH\View\View.php(234): include('D:\\Project\\esgotado\\app\\Views\\templates\\navbar.php')
 3 SYSTEMPATH\View\View.php(237): CodeIgniter\View\View->CodeIgniter\View\{closure}()
 4 SYSTEMPATH\View\View.php(484): CodeIgniter\View\View->render('templates/navbar', null, true)
 5 APPPATH\Views\templates\layout.php(30): CodeIgniter\View\View->include('templates/navbar')
 6 SYSTEMPATH\View\View.php(234): include('D:\\Project\\esgotado\\app\\Views\\templates\\layout.php')
 7 SYSTEMPATH\View\View.php(237): CodeIgniter\View\View->CodeIgniter\View\{closure}()
 8 SYSTEMPATH\View\View.php(250): CodeIgniter\View\View->render('templates/layout', [], true)
 9 SYSTEMPATH\Common.php(1171): CodeIgniter\View\View->render('production/inbound/edit', [], true)
10 APPPATH\Controllers\Production.php(73): view('production/inbound/edit')
11 SYSTEMPATH\CodeIgniter.php(933): App\Controllers\Production->editInboundView('1')
12 SYSTEMPATH\CodeIgniter.php(509): CodeIgniter\CodeIgniter->runController(Object(App\Controllers\Production))
13 SYSTEMPATH\CodeIgniter.php(355): CodeIgniter\CodeIgniter->handleRequest(null, Object(Config\Cache), false)
14 SYSTEMPATH\Boot.php(312): CodeIgniter\CodeIgniter->run()
15 SYSTEMPATH\Boot.php(67): CodeIgniter\Boot::runCodeIgniter(Object(CodeIgniter\CodeIgniter))
16 FCPATH\index.php(56): CodeIgniter\Boot::bootWeb(Object(Config\Paths))
17 SYSTEMPATH\Commands\Server\rewrite.php(49): require_once('D:\\Project\\esgotado\\public\\index.php')
INFO - 2025-06-15 13:55:24 --> Session: Class initialized using 'CodeIgniter\Session\Handlers\FileHandler' driver.
WARNING - 2025-06-15 13:55:24 --> Session: Sessions is enabled, and one exists. Please don't $session->start();
CRITICAL - 2025-06-15 13:55:24 --> ErrorException: Undefined array key "isLogged"
[Method: GET, Route: production/inbound/edit/installHook.js.map]
in APPPATH\Views\templates\navbar.php on line 2.
 1 APPPATH\Views\templates\navbar.php(2): CodeIgniter\Debug\Exceptions->errorHandler(2, 'Undefined array key "isLogged"', 'D:\\Project\\esgotado\\app\\Views\\templates\\navbar.php', 2)
 2 SYSTEMPATH\View\View.php(234): include('D:\\Project\\esgotado\\app\\Views\\templates\\navbar.php')
 3 SYSTEMPATH\View\View.php(237): CodeIgniter\View\View->CodeIgniter\View\{closure}()
 4 SYSTEMPATH\View\View.php(484): CodeIgniter\View\View->render('templates/navbar', null, true)
 5 APPPATH\Views\templates\layout.php(30): CodeIgniter\View\View->include('templates/navbar')
 6 SYSTEMPATH\View\View.php(234): include('D:\\Project\\esgotado\\app\\Views\\templates\\layout.php')
 7 SYSTEMPATH\View\View.php(237): CodeIgniter\View\View->CodeIgniter\View\{closure}()
 8 SYSTEMPATH\View\View.php(250): CodeIgniter\View\View->render('templates/layout', [], true)
 9 SYSTEMPATH\Common.php(1171): CodeIgniter\View\View->render('production/inbound/edit', [], true)
10 APPPATH\Controllers\Production.php(73): view('production/inbound/edit')
11 SYSTEMPATH\CodeIgniter.php(933): App\Controllers\Production->editInboundView('installHook.js.map')
12 SYSTEMPATH\CodeIgniter.php(509): CodeIgniter\CodeIgniter->runController(Object(App\Controllers\Production))
13 SYSTEMPATH\CodeIgniter.php(355): CodeIgniter\CodeIgniter->handleRequest(null, Object(Config\Cache), false)
14 SYSTEMPATH\Boot.php(312): CodeIgniter\CodeIgniter->run()
15 SYSTEMPATH\Boot.php(67): CodeIgniter\Boot::runCodeIgniter(Object(CodeIgniter\CodeIgniter))
16 FCPATH\index.php(56): CodeIgniter\Boot::bootWeb(Object(Config\Paths))
17 SYSTEMPATH\Commands\Server\rewrite.php(49): require_once('D:\\Project\\esgotado\\public\\index.php')
INFO - 2025-06-15 13:55:25 --> Session: Class initialized using 'CodeIgniter\Session\Handlers\FileHandler' driver.
WARNING - 2025-06-15 13:55:25 --> Session: Sessions is enabled, and one exists. Please don't $session->start();
CRITICAL - 2025-06-15 13:55:25 --> ErrorException: Undefined array key "isLogged"
[Method: GET, Route: production/inbound/edit/1]
in APPPATH\Views\templates\navbar.php on line 2.
 1 APPPATH\Views\templates\navbar.php(2): CodeIgniter\Debug\Exceptions->errorHandler(2, 'Undefined array key "isLogged"', 'D:\\Project\\esgotado\\app\\Views\\templates\\navbar.php', 2)
 2 SYSTEMPATH\View\View.php(234): include('D:\\Project\\esgotado\\app\\Views\\templates\\navbar.php')
 3 SYSTEMPATH\View\View.php(237): CodeIgniter\View\View->CodeIgniter\View\{closure}()
 4 SYSTEMPATH\View\View.php(484): CodeIgniter\View\View->render('templates/navbar', null, true)
 5 APPPATH\Views\templates\layout.php(30): CodeIgniter\View\View->include('templates/navbar')
 6 SYSTEMPATH\View\View.php(234): include('D:\\Project\\esgotado\\app\\Views\\templates\\layout.php')
 7 SYSTEMPATH\View\View.php(237): CodeIgniter\View\View->CodeIgniter\View\{closure}()
 8 SYSTEMPATH\View\View.php(250): CodeIgniter\View\View->render('templates/layout', [], true)
 9 SYSTEMPATH\Common.php(1171): CodeIgniter\View\View->render('production/inbound/edit', [], true)
10 APPPATH\Controllers\Production.php(73): view('production/inbound/edit')
11 SYSTEMPATH\CodeIgniter.php(933): App\Controllers\Production->editInboundView('1')
12 SYSTEMPATH\CodeIgniter.php(509): CodeIgniter\CodeIgniter->runController(Object(App\Controllers\Production))
13 SYSTEMPATH\CodeIgniter.php(355): CodeIgniter\CodeIgniter->handleRequest(null, Object(Config\Cache), false)
14 SYSTEMPATH\Boot.php(312): CodeIgniter\CodeIgniter->run()
15 SYSTEMPATH\Boot.php(67): CodeIgniter\Boot::runCodeIgniter(Object(CodeIgniter\CodeIgniter))
16 FCPATH\index.php(56): CodeIgniter\Boot::bootWeb(Object(Config\Paths))
17 SYSTEMPATH\Commands\Server\rewrite.php(49): require_once('D:\\Project\\esgotado\\public\\index.php')
INFO - 2025-06-15 13:55:25 --> Session: Class initialized using 'CodeIgniter\Session\Handlers\FileHandler' driver.
WARNING - 2025-06-15 13:55:25 --> Session: Sessions is enabled, and one exists. Please don't $session->start();
CRITICAL - 2025-06-15 13:55:25 --> ErrorException: Undefined array key "isLogged"
[Method: GET, Route: production/inbound/edit/installHook.js.map]
in APPPATH\Views\templates\navbar.php on line 2.
 1 APPPATH\Views\templates\navbar.php(2): CodeIgniter\Debug\Exceptions->errorHandler(2, 'Undefined array key "isLogged"', 'D:\\Project\\esgotado\\app\\Views\\templates\\navbar.php', 2)
 2 SYSTEMPATH\View\View.php(234): include('D:\\Project\\esgotado\\app\\Views\\templates\\navbar.php')
 3 SYSTEMPATH\View\View.php(237): CodeIgniter\View\View->CodeIgniter\View\{closure}()
 4 SYSTEMPATH\View\View.php(484): CodeIgniter\View\View->render('templates/navbar', null, true)
 5 APPPATH\Views\templates\layout.php(30): CodeIgniter\View\View->include('templates/navbar')
 6 SYSTEMPATH\View\View.php(234): include('D:\\Project\\esgotado\\app\\Views\\templates\\layout.php')
 7 SYSTEMPATH\View\View.php(237): CodeIgniter\View\View->CodeIgniter\View\{closure}()
 8 SYSTEMPATH\View\View.php(250): CodeIgniter\View\View->render('templates/layout', [], true)
 9 SYSTEMPATH\Common.php(1171): CodeIgniter\View\View->render('production/inbound/edit', [], true)
10 APPPATH\Controllers\Production.php(73): view('production/inbound/edit')
11 SYSTEMPATH\CodeIgniter.php(933): App\Controllers\Production->editInboundView('installHook.js.map')
12 SYSTEMPATH\CodeIgniter.php(509): CodeIgniter\CodeIgniter->runController(Object(App\Controllers\Production))
13 SYSTEMPATH\CodeIgniter.php(355): CodeIgniter\CodeIgniter->handleRequest(null, Object(Config\Cache), false)
14 SYSTEMPATH\Boot.php(312): CodeIgniter\CodeIgniter->run()
15 SYSTEMPATH\Boot.php(67): CodeIgniter\Boot::runCodeIgniter(Object(CodeIgniter\CodeIgniter))
16 FCPATH\index.php(56): CodeIgniter\Boot::bootWeb(Object(Config\Paths))
17 SYSTEMPATH\Commands\Server\rewrite.php(49): require_once('D:\\Project\\esgotado\\public\\index.php')
INFO - 2025-06-15 13:55:38 --> Session: Class initialized using 'CodeIgniter\Session\Handlers\FileHandler' driver.
WARNING - 2025-06-15 13:55:38 --> Session: Sessions is enabled, and one exists. Please don't $session->start();
CRITICAL - 2025-06-15 13:55:38 --> ErrorException: Undefined array key "isLogged"
[Method: GET, Route: production/inbound]
in APPPATH\Views\templates\navbar.php on line 2.
 1 APPPATH\Views\templates\navbar.php(2): CodeIgniter\Debug\Exceptions->errorHandler(2, 'Undefined array key "isLogged"', 'D:\\Project\\esgotado\\app\\Views\\templates\\navbar.php', 2)
 2 SYSTEMPATH\View\View.php(234): include('D:\\Project\\esgotado\\app\\Views\\templates\\navbar.php')
 3 SYSTEMPATH\View\View.php(237): CodeIgniter\View\View->CodeIgniter\View\{closure}()
 4 SYSTEMPATH\View\View.php(484): CodeIgniter\View\View->render('templates/navbar', null, true)
 5 APPPATH\Views\templates\layout.php(30): CodeIgniter\View\View->include('templates/navbar')
 6 SYSTEMPATH\View\View.php(234): include('D:\\Project\\esgotado\\app\\Views\\templates\\layout.php')
 7 SYSTEMPATH\View\View.php(237): CodeIgniter\View\View->CodeIgniter\View\{closure}()
 8 SYSTEMPATH\View\View.php(250): CodeIgniter\View\View->render('templates/layout', [], true)
 9 SYSTEMPATH\Common.php(1171): CodeIgniter\View\View->render('production/inbound/index', [], true)
10 APPPATH\Controllers\Production.php(31): view('production/inbound/index')
11 SYSTEMPATH\CodeIgniter.php(933): App\Controllers\Production->inboundView()
12 SYSTEMPATH\CodeIgniter.php(509): CodeIgniter\CodeIgniter->runController(Object(App\Controllers\Production))
13 SYSTEMPATH\CodeIgniter.php(355): CodeIgniter\CodeIgniter->handleRequest(null, Object(Config\Cache), false)
14 SYSTEMPATH\Boot.php(312): CodeIgniter\CodeIgniter->run()
15 SYSTEMPATH\Boot.php(67): CodeIgniter\Boot::runCodeIgniter(Object(CodeIgniter\CodeIgniter))
16 FCPATH\index.php(56): CodeIgniter\Boot::bootWeb(Object(Config\Paths))
17 SYSTEMPATH\Commands\Server\rewrite.php(49): require_once('D:\\Project\\esgotado\\public\\index.php')
INFO - 2025-06-15 13:55:42 --> Session: Class initialized using 'CodeIgniter\Session\Handlers\FileHandler' driver.
WARNING - 2025-06-15 13:55:42 --> Session: Sessions is enabled, and one exists. Please don't $session->start();
INFO - 2025-06-15 13:56:03 --> Session: Class initialized using 'CodeIgniter\Session\Handlers\FileHandler' driver.
WARNING - 2025-06-15 13:56:03 --> Session: Sessions is enabled, and one exists. Please don't $session->start();
INFO - 2025-06-15 14:02:36 --> Session: Class initialized using 'CodeIgniter\Session\Handlers\FileHandler' driver.
WARNING - 2025-06-15 14:02:36 --> Session: Sessions is enabled, and one exists. Please don't $session->start();
INFO - 2025-06-15 14:06:16 --> Session: Class initialized using 'CodeIgniter\Session\Handlers\FileHandler' driver.
WARNING - 2025-06-15 14:06:16 --> Session: Sessions is enabled, and one exists. Please don't $session->start();
INFO - 2025-06-15 14:07:05 --> Session: Class initialized using 'CodeIgniter\Session\Handlers\FileHandler' driver.
WARNING - 2025-06-15 14:07:05 --> Session: Sessions is enabled, and one exists. Please don't $session->start();
INFO - 2025-06-15 14:07:48 --> Session: Class initialized using 'CodeIgniter\Session\Handlers\FileHandler' driver.
WARNING - 2025-06-15 14:07:48 --> Session: Sessions is enabled, and one exists. Please don't $session->start();
INFO - 2025-06-15 14:09:19 --> Session: Class initialized using 'CodeIgniter\Session\Handlers\FileHandler' driver.
WARNING - 2025-06-15 14:09:19 --> Session: Sessions is enabled, and one exists. Please don't $session->start();
INFO - 2025-06-15 14:09:49 --> Session: Class initialized using 'CodeIgniter\Session\Handlers\FileHandler' driver.
WARNING - 2025-06-15 14:09:49 --> Session: Sessions is enabled, and one exists. Please don't $session->start();
INFO - 2025-06-15 14:10:45 --> Session: Class initialized using 'CodeIgniter\Session\Handlers\FileHandler' driver.
WARNING - 2025-06-15 14:10:45 --> Session: Sessions is enabled, and one exists. Please don't $session->start();
INFO - 2025-06-15 14:10:57 --> Session: Class initialized using 'CodeIgniter\Session\Handlers\FileHandler' driver.
WARNING - 2025-06-15 14:10:57 --> Session: Sessions is enabled, and one exists. Please don't $session->start();
INFO - 2025-06-15 14:11:53 --> Session: Class initialized using 'CodeIgniter\Session\Handlers\FileHandler' driver.
WARNING - 2025-06-15 14:11:53 --> Session: Sessions is enabled, and one exists. Please don't $session->start();
INFO - 2025-06-15 14:12:10 --> Session: Class initialized using 'CodeIgniter\Session\Handlers\FileHandler' driver.
WARNING - 2025-06-15 14:12:10 --> Session: Sessions is enabled, and one exists. Please don't $session->start();
INFO - 2025-06-15 14:13:10 --> Session: Class initialized using 'CodeIgniter\Session\Handlers\FileHandler' driver.
WARNING - 2025-06-15 14:13:10 --> Session: Sessions is enabled, and one exists. Please don't $session->start();
INFO - 2025-06-15 14:13:40 --> Session: Class initialized using 'CodeIgniter\Session\Handlers\FileHandler' driver.
WARNING - 2025-06-15 14:13:40 --> Session: Sessions is enabled, and one exists. Please don't $session->start();
INFO - 2025-06-15 14:18:07 --> Session: Class initialized using 'CodeIgniter\Session\Handlers\FileHandler' driver.
WARNING - 2025-06-15 14:18:07 --> Session: Sessions is enabled, and one exists. Please don't $session->start();
INFO - 2025-06-15 14:19:02 --> Session: Class initialized using 'CodeIgniter\Session\Handlers\FileHandler' driver.
WARNING - 2025-06-15 14:19:02 --> Session: Sessions is enabled, and one exists. Please don't $session->start();
INFO - 2025-06-15 14:19:08 --> Session: Class initialized using 'CodeIgniter\Session\Handlers\FileHandler' driver.
WARNING - 2025-06-15 14:19:08 --> Session: Sessions is enabled, and one exists. Please don't $session->start();
INFO - 2025-06-15 14:19:13 --> Session: Class initialized using 'CodeIgniter\Session\Handlers\FileHandler' driver.
WARNING - 2025-06-15 14:19:13 --> Session: Sessions is enabled, and one exists. Please don't $session->start();
INFO - 2025-06-15 14:19:46 --> Session: Class initialized using 'CodeIgniter\Session\Handlers\FileHandler' driver.
WARNING - 2025-06-15 14:19:46 --> Session: Sessions is enabled, and one exists. Please don't $session->start();
INFO - 2025-06-15 14:20:31 --> Session: Class initialized using 'CodeIgniter\Session\Handlers\FileHandler' driver.
WARNING - 2025-06-15 14:20:31 --> Session: Sessions is enabled, and one exists. Please don't $session->start();
INFO - 2025-06-15 14:20:38 --> Session: Class initialized using 'CodeIgniter\Session\Handlers\FileHandler' driver.
WARNING - 2025-06-15 14:20:38 --> Session: Sessions is enabled, and one exists. Please don't $session->start();
INFO - 2025-06-15 14:20:59 --> Session: Class initialized using 'CodeIgniter\Session\Handlers\FileHandler' driver.
WARNING - 2025-06-15 14:20:59 --> Session: Sessions is enabled, and one exists. Please don't $session->start();
INFO - 2025-06-15 14:22:14 --> Session: Class initialized using 'CodeIgniter\Session\Handlers\FileHandler' driver.
WARNING - 2025-06-15 14:22:14 --> Session: Sessions is enabled, and one exists. Please don't $session->start();
INFO - 2025-06-15 14:23:26 --> Session: Class initialized using 'CodeIgniter\Session\Handlers\FileHandler' driver.
WARNING - 2025-06-15 14:23:26 --> Session: Sessions is enabled, and one exists. Please don't $session->start();
INFO - 2025-06-15 14:24:14 --> Session: Class initialized using 'CodeIgniter\Session\Handlers\FileHandler' driver.
WARNING - 2025-06-15 14:24:14 --> Session: Sessions is enabled, and one exists. Please don't $session->start();
INFO - 2025-06-15 14:26:20 --> Session: Class initialized using 'CodeIgniter\Session\Handlers\FileHandler' driver.
WARNING - 2025-06-15 14:26:20 --> Session: Sessions is enabled, and one exists. Please don't $session->start();
INFO - 2025-06-15 14:27:13 --> Session: Class initialized using 'CodeIgniter\Session\Handlers\FileHandler' driver.
WARNING - 2025-06-15 14:27:13 --> Session: Sessions is enabled, and one exists. Please don't $session->start();
INFO - 2025-06-15 14:27:15 --> Session: Class initialized using 'CodeIgniter\Session\Handlers\FileHandler' driver.
WARNING - 2025-06-15 14:27:15 --> Session: Sessions is enabled, and one exists. Please don't $session->start();
INFO - 2025-06-15 14:27:17 --> Session: Class initialized using 'CodeIgniter\Session\Handlers\FileHandler' driver.
WARNING - 2025-06-15 14:27:17 --> Session: Sessions is enabled, and one exists. Please don't $session->start();
INFO - 2025-06-15 14:27:19 --> Session: Class initialized using 'CodeIgniter\Session\Handlers\FileHandler' driver.
WARNING - 2025-06-15 14:27:19 --> Session: Sessions is enabled, and one exists. Please don't $session->start();
INFO - 2025-06-15 14:27:19 --> Session: Class initialized using 'CodeIgniter\Session\Handlers\FileHandler' driver.
WARNING - 2025-06-15 14:27:19 --> Session: Sessions is enabled, and one exists. Please don't $session->start();
INFO - 2025-06-15 14:28:23 --> Session: Class initialized using 'CodeIgniter\Session\Handlers\FileHandler' driver.
WARNING - 2025-06-15 14:28:23 --> Session: Sessions is enabled, and one exists. Please don't $session->start();
INFO - 2025-06-15 14:28:50 --> Session: Class initialized using 'CodeIgniter\Session\Handlers\FileHandler' driver.
WARNING - 2025-06-15 14:28:50 --> Session: Sessions is enabled, and one exists. Please don't $session->start();
INFO - 2025-06-15 14:28:58 --> Session: Class initialized using 'CodeIgniter\Session\Handlers\FileHandler' driver.
WARNING - 2025-06-15 14:28:58 --> Session: Sessions is enabled, and one exists. Please don't $session->start();
INFO - 2025-06-15 14:29:14 --> Session: Class initialized using 'CodeIgniter\Session\Handlers\FileHandler' driver.
WARNING - 2025-06-15 14:29:14 --> Session: Sessions is enabled, and one exists. Please don't $session->start();
INFO - 2025-06-15 14:29:16 --> Session: Class initialized using 'CodeIgniter\Session\Handlers\FileHandler' driver.
WARNING - 2025-06-15 14:29:16 --> Session: Sessions is enabled, and one exists. Please don't $session->start();
INFO - 2025-06-15 14:29:20 --> Session: Class initialized using 'CodeIgniter\Session\Handlers\FileHandler' driver.
WARNING - 2025-06-15 14:29:20 --> Session: Sessions is enabled, and one exists. Please don't $session->start();
INFO - 2025-06-15 14:29:22 --> Session: Class initialized using 'CodeIgniter\Session\Handlers\FileHandler' driver.
WARNING - 2025-06-15 14:29:22 --> Session: Sessions is enabled, and one exists. Please don't $session->start();
INFO - 2025-06-15 14:29:23 --> Session: Class initialized using 'CodeIgniter\Session\Handlers\FileHandler' driver.
WARNING - 2025-06-15 14:29:23 --> Session: Sessions is enabled, and one exists. Please don't $session->start();
INFO - 2025-06-15 14:32:06 --> Session: Class initialized using 'CodeIgniter\Session\Handlers\FileHandler' driver.
WARNING - 2025-06-15 14:32:06 --> Session: Sessions is enabled, and one exists. Please don't $session->start();
INFO - 2025-06-15 14:32:10 --> Session: Class initialized using 'CodeIgniter\Session\Handlers\FileHandler' driver.
WARNING - 2025-06-15 14:32:10 --> Session: Sessions is enabled, and one exists. Please don't $session->start();
INFO - 2025-06-15 14:32:11 --> Session: Class initialized using 'CodeIgniter\Session\Handlers\FileHandler' driver.
WARNING - 2025-06-15 14:32:11 --> Session: Sessions is enabled, and one exists. Please don't $session->start();
INFO - 2025-06-15 14:32:13 --> Session: Class initialized using 'CodeIgniter\Session\Handlers\FileHandler' driver.
WARNING - 2025-06-15 14:32:13 --> Session: Sessions is enabled, and one exists. Please don't $session->start();
INFO - 2025-06-15 14:32:15 --> Session: Class initialized using 'CodeIgniter\Session\Handlers\FileHandler' driver.
WARNING - 2025-06-15 14:32:15 --> Session: Sessions is enabled, and one exists. Please don't $session->start();
INFO - 2025-06-15 14:32:20 --> Session: Class initialized using 'CodeIgniter\Session\Handlers\FileHandler' driver.
WARNING - 2025-06-15 14:32:20 --> Session: Sessions is enabled, and one exists. Please don't $session->start();
INFO - 2025-06-15 14:35:04 --> Session: Class initialized using 'CodeIgniter\Session\Handlers\FileHandler' driver.
WARNING - 2025-06-15 14:35:04 --> Session: Sessions is enabled, and one exists. Please don't $session->start();
INFO - 2025-06-15 14:35:08 --> Session: Class initialized using 'CodeIgniter\Session\Handlers\FileHandler' driver.
WARNING - 2025-06-15 14:35:08 --> Session: Sessions is enabled, and one exists. Please don't $session->start();
INFO - 2025-06-15 14:36:06 --> Session: Class initialized using 'CodeIgniter\Session\Handlers\FileHandler' driver.
WARNING - 2025-06-15 14:36:06 --> Session: Sessions is enabled, and one exists. Please don't $session->start();
INFO - 2025-06-15 14:36:50 --> Session: Class initialized using 'CodeIgniter\Session\Handlers\FileHandler' driver.
WARNING - 2025-06-15 14:36:50 --> Session: Sessions is enabled, and one exists. Please don't $session->start();
INFO - 2025-06-15 14:37:15 --> Session: Class initialized using 'CodeIgniter\Session\Handlers\FileHandler' driver.
WARNING - 2025-06-15 14:37:15 --> Session: Sessions is enabled, and one exists. Please don't $session->start();
INFO - 2025-06-15 14:37:42 --> Session: Class initialized using 'CodeIgniter\Session\Handlers\FileHandler' driver.
WARNING - 2025-06-15 14:37:42 --> Session: Sessions is enabled, and one exists. Please don't $session->start();
INFO - 2025-06-15 14:37:57 --> Session: Class initialized using 'CodeIgniter\Session\Handlers\FileHandler' driver.
WARNING - 2025-06-15 14:37:57 --> Session: Sessions is enabled, and one exists. Please don't $session->start();
INFO - 2025-06-15 14:38:09 --> Session: Class initialized using 'CodeIgniter\Session\Handlers\FileHandler' driver.
WARNING - 2025-06-15 14:38:09 --> Session: Sessions is enabled, and one exists. Please don't $session->start();
INFO - 2025-06-15 14:38:25 --> Session: Class initialized using 'CodeIgniter\Session\Handlers\FileHandler' driver.
WARNING - 2025-06-15 14:38:25 --> Session: Sessions is enabled, and one exists. Please don't $session->start();
INFO - 2025-06-15 14:39:22 --> Session: Class initialized using 'CodeIgniter\Session\Handlers\FileHandler' driver.
WARNING - 2025-06-15 14:39:22 --> Session: Sessions is enabled, and one exists. Please don't $session->start();
INFO - 2025-06-15 14:39:37 --> Session: Class initialized using 'CodeIgniter\Session\Handlers\FileHandler' driver.
WARNING - 2025-06-15 14:39:37 --> Session: Sessions is enabled, and one exists. Please don't $session->start();
INFO - 2025-06-15 14:39:58 --> Session: Class initialized using 'CodeIgniter\Session\Handlers\FileHandler' driver.
WARNING - 2025-06-15 14:39:58 --> Session: Sessions is enabled, and one exists. Please don't $session->start();
INFO - 2025-06-15 14:40:09 --> Session: Class initialized using 'CodeIgniter\Session\Handlers\FileHandler' driver.
WARNING - 2025-06-15 14:40:09 --> Session: Sessions is enabled, and one exists. Please don't $session->start();
INFO - 2025-06-15 14:40:27 --> Session: Class initialized using 'CodeIgniter\Session\Handlers\FileHandler' driver.
WARNING - 2025-06-15 14:40:27 --> Session: Sessions is enabled, and one exists. Please don't $session->start();
INFO - 2025-06-15 14:40:35 --> Session: Class initialized using 'CodeIgniter\Session\Handlers\FileHandler' driver.
WARNING - 2025-06-15 14:40:35 --> Session: Sessions is enabled, and one exists. Please don't $session->start();
INFO - 2025-06-15 14:40:46 --> Session: Class initialized using 'CodeIgniter\Session\Handlers\FileHandler' driver.
WARNING - 2025-06-15 14:40:46 --> Session: Sessions is enabled, and one exists. Please don't $session->start();
INFO - 2025-06-15 14:42:07 --> Session: Class initialized using 'CodeIgniter\Session\Handlers\FileHandler' driver.
WARNING - 2025-06-15 14:42:07 --> Session: Sessions is enabled, and one exists. Please don't $session->start();
INFO - 2025-06-15 14:42:18 --> Session: Class initialized using 'CodeIgniter\Session\Handlers\FileHandler' driver.
WARNING - 2025-06-15 14:42:18 --> Session: Sessions is enabled, and one exists. Please don't $session->start();
INFO - 2025-06-15 14:42:36 --> Session: Class initialized using 'CodeIgniter\Session\Handlers\FileHandler' driver.
WARNING - 2025-06-15 14:42:36 --> Session: Sessions is enabled, and one exists. Please don't $session->start();
INFO - 2025-06-15 14:43:28 --> Session: Class initialized using 'CodeIgniter\Session\Handlers\FileHandler' driver.
WARNING - 2025-06-15 14:43:28 --> Session: Sessions is enabled, and one exists. Please don't $session->start();
INFO - 2025-06-15 14:43:44 --> Session: Class initialized using 'CodeIgniter\Session\Handlers\FileHandler' driver.
WARNING - 2025-06-15 14:43:44 --> Session: Sessions is enabled, and one exists. Please don't $session->start();
INFO - 2025-06-15 14:43:59 --> Session: Class initialized using 'CodeIgniter\Session\Handlers\FileHandler' driver.
WARNING - 2025-06-15 14:43:59 --> Session: Sessions is enabled, and one exists. Please don't $session->start();
INFO - 2025-06-15 14:44:11 --> Session: Class initialized using 'CodeIgniter\Session\Handlers\FileHandler' driver.
WARNING - 2025-06-15 14:44:11 --> Session: Sessions is enabled, and one exists. Please don't $session->start();
INFO - 2025-06-15 14:44:25 --> Session: Class initialized using 'CodeIgniter\Session\Handlers\FileHandler' driver.
WARNING - 2025-06-15 14:44:25 --> Session: Sessions is enabled, and one exists. Please don't $session->start();
INFO - 2025-06-15 14:44:40 --> Session: Class initialized using 'CodeIgniter\Session\Handlers\FileHandler' driver.
WARNING - 2025-06-15 14:44:40 --> Session: Sessions is enabled, and one exists. Please don't $session->start();
INFO - 2025-06-15 14:44:59 --> Session: Class initialized using 'CodeIgniter\Session\Handlers\FileHandler' driver.
WARNING - 2025-06-15 14:44:59 --> Session: Sessions is enabled, and one exists. Please don't $session->start();
INFO - 2025-06-15 14:45:12 --> Session: Class initialized using 'CodeIgniter\Session\Handlers\FileHandler' driver.
WARNING - 2025-06-15 14:45:12 --> Session: Sessions is enabled, and one exists. Please don't $session->start();
INFO - 2025-06-15 14:45:35 --> Session: Class initialized using 'CodeIgniter\Session\Handlers\FileHandler' driver.
WARNING - 2025-06-15 14:45:35 --> Session: Sessions is enabled, and one exists. Please don't $session->start();
INFO - 2025-06-15 14:45:48 --> Session: Class initialized using 'CodeIgniter\Session\Handlers\FileHandler' driver.
WARNING - 2025-06-15 14:45:48 --> Session: Sessions is enabled, and one exists. Please don't $session->start();
INFO - 2025-06-15 14:46:15 --> Session: Class initialized using 'CodeIgniter\Session\Handlers\FileHandler' driver.
WARNING - 2025-06-15 14:46:15 --> Session: Sessions is enabled, and one exists. Please don't $session->start();
INFO - 2025-06-15 14:46:15 --> Session: Class initialized using 'CodeIgniter\Session\Handlers\FileHandler' driver.
WARNING - 2025-06-15 14:46:15 --> Session: Sessions is enabled, and one exists. Please don't $session->start();
INFO - 2025-06-15 14:47:02 --> Session: Class initialized using 'CodeIgniter\Session\Handlers\FileHandler' driver.
WARNING - 2025-06-15 14:47:02 --> Session: Sessions is enabled, and one exists. Please don't $session->start();
INFO - 2025-06-15 14:47:31 --> Session: Class initialized using 'CodeIgniter\Session\Handlers\FileHandler' driver.
WARNING - 2025-06-15 14:47:31 --> Session: Sessions is enabled, and one exists. Please don't $session->start();
INFO - 2025-06-15 14:47:51 --> Session: Class initialized using 'CodeIgniter\Session\Handlers\FileHandler' driver.
WARNING - 2025-06-15 14:47:51 --> Session: Sessions is enabled, and one exists. Please don't $session->start();
INFO - 2025-06-15 14:49:16 --> Session: Class initialized using 'CodeIgniter\Session\Handlers\FileHandler' driver.
WARNING - 2025-06-15 14:49:16 --> Session: Sessions is enabled, and one exists. Please don't $session->start();
INFO - 2025-06-15 14:49:29 --> Session: Class initialized using 'CodeIgniter\Session\Handlers\FileHandler' driver.
WARNING - 2025-06-15 14:49:29 --> Session: Sessions is enabled, and one exists. Please don't $session->start();
INFO - 2025-06-15 14:49:31 --> Session: Class initialized using 'CodeIgniter\Session\Handlers\FileHandler' driver.
WARNING - 2025-06-15 14:49:31 --> Session: Sessions is enabled, and one exists. Please don't $session->start();
INFO - 2025-06-15 14:49:34 --> Session: Class initialized using 'CodeIgniter\Session\Handlers\FileHandler' driver.
WARNING - 2025-06-15 14:49:34 --> Session: Sessions is enabled, and one exists. Please don't $session->start();
INFO - 2025-06-15 14:49:38 --> Session: Class initialized using 'CodeIgniter\Session\Handlers\FileHandler' driver.
WARNING - 2025-06-15 14:49:38 --> Session: Sessions is enabled, and one exists. Please don't $session->start();
INFO - 2025-06-15 14:49:40 --> Session: Class initialized using 'CodeIgniter\Session\Handlers\FileHandler' driver.
WARNING - 2025-06-15 14:49:40 --> Session: Sessions is enabled, and one exists. Please don't $session->start();
INFO - 2025-06-15 14:50:08 --> Session: Class initialized using 'CodeIgniter\Session\Handlers\FileHandler' driver.
WARNING - 2025-06-15 14:50:08 --> Session: Sessions is enabled, and one exists. Please don't $session->start();
INFO - 2025-06-15 14:50:11 --> Session: Class initialized using 'CodeIgniter\Session\Handlers\FileHandler' driver.
WARNING - 2025-06-15 14:50:11 --> Session: Sessions is enabled, and one exists. Please don't $session->start();
INFO - 2025-06-15 14:50:13 --> Session: Class initialized using 'CodeIgniter\Session\Handlers\FileHandler' driver.
WARNING - 2025-06-15 14:50:13 --> Session: Sessions is enabled, and one exists. Please don't $session->start();
INFO - 2025-06-15 14:52:00 --> Session: Class initialized using 'CodeIgniter\Session\Handlers\FileHandler' driver.
WARNING - 2025-06-15 14:52:00 --> Session: Sessions is enabled, and one exists. Please don't $session->start();
INFO - 2025-06-15 14:52:02 --> Session: Class initialized using 'CodeIgniter\Session\Handlers\FileHandler' driver.
WARNING - 2025-06-15 14:52:02 --> Session: Sessions is enabled, and one exists. Please don't $session->start();
CRITICAL - 2025-06-15 14:52:02 --> CodeIgniter\View\Exceptions\ViewException: Invalid file: "production/stock/index.php"
[Method: GET, Route: production/stock]
in SYSTEMPATH\Exceptions\FrameworkException.php on line 41.
 1 SYSTEMPATH\View\View.php(222): CodeIgniter\Exceptions\FrameworkException::forInvalidFile('production/stock/index.php')
 2 SYSTEMPATH\Common.php(1171): CodeIgniter\View\View->render('production/stock/index', [], true)
 3 APPPATH\Controllers\Production.php(149): view('production/stock/index')
 4 SYSTEMPATH\CodeIgniter.php(933): App\Controllers\Production->stockView()
 5 SYSTEMPATH\CodeIgniter.php(509): CodeIgniter\CodeIgniter->runController(Object(App\Controllers\Production))
 6 SYSTEMPATH\CodeIgniter.php(355): CodeIgniter\CodeIgniter->handleRequest(null, Object(Config\Cache), false)
 7 SYSTEMPATH\Boot.php(312): CodeIgniter\CodeIgniter->run()
 8 SYSTEMPATH\Boot.php(67): CodeIgniter\Boot::runCodeIgniter(Object(CodeIgniter\CodeIgniter))
 9 FCPATH\index.php(56): CodeIgniter\Boot::bootWeb(Object(Config\Paths))
10 SYSTEMPATH\Commands\Server\rewrite.php(49): require_once('D:\\Project\\esgotado\\public\\index.php')
INFO - 2025-06-15 14:52:03 --> Session: Class initialized using 'CodeIgniter\Session\Handlers\FileHandler' driver.
WARNING - 2025-06-15 14:52:03 --> Session: Sessions is enabled, and one exists. Please don't $session->start();
CRITICAL - 2025-06-15 14:52:03 --> CodeIgniter\View\Exceptions\ViewException: Invalid file: "production/stock/index.php"
[Method: GET, Route: production/stock]
in SYSTEMPATH\Exceptions\FrameworkException.php on line 41.
 1 SYSTEMPATH\View\View.php(222): CodeIgniter\Exceptions\FrameworkException::forInvalidFile('production/stock/index.php')
 2 SYSTEMPATH\Common.php(1171): CodeIgniter\View\View->render('production/stock/index', [], true)
 3 APPPATH\Controllers\Production.php(149): view('production/stock/index')
 4 SYSTEMPATH\CodeIgniter.php(933): App\Controllers\Production->stockView()
 5 SYSTEMPATH\CodeIgniter.php(509): CodeIgniter\CodeIgniter->runController(Object(App\Controllers\Production))
 6 SYSTEMPATH\CodeIgniter.php(355): CodeIgniter\CodeIgniter->handleRequest(null, Object(Config\Cache), false)
 7 SYSTEMPATH\Boot.php(312): CodeIgniter\CodeIgniter->run()
 8 SYSTEMPATH\Boot.php(67): CodeIgniter\Boot::runCodeIgniter(Object(CodeIgniter\CodeIgniter))
 9 FCPATH\index.php(56): CodeIgniter\Boot::bootWeb(Object(Config\Paths))
10 SYSTEMPATH\Commands\Server\rewrite.php(49): require_once('D:\\Project\\esgotado\\public\\index.php')
INFO - 2025-06-15 14:52:17 --> Session: Class initialized using 'CodeIgniter\Session\Handlers\FileHandler' driver.
WARNING - 2025-06-15 14:52:17 --> Session: Sessions is enabled, and one exists. Please don't $session->start();
INFO - 2025-06-15 14:53:12 --> Session: Class initialized using 'CodeIgniter\Session\Handlers\FileHandler' driver.
WARNING - 2025-06-15 14:53:12 --> Session: Sessions is enabled, and one exists. Please don't $session->start();
INFO - 2025-06-15 14:53:21 --> Session: Class initialized using 'CodeIgniter\Session\Handlers\FileHandler' driver.
WARNING - 2025-06-15 14:53:21 --> Session: Sessions is enabled, and one exists. Please don't $session->start();
INFO - 2025-06-15 14:53:32 --> Session: Class initialized using 'CodeIgniter\Session\Handlers\FileHandler' driver.
WARNING - 2025-06-15 14:53:32 --> Session: Sessions is enabled, and one exists. Please don't $session->start();
INFO - 2025-06-15 14:54:30 --> Session: Class initialized using 'CodeIgniter\Session\Handlers\FileHandler' driver.
WARNING - 2025-06-15 14:54:30 --> Session: Sessions is enabled, and one exists. Please don't $session->start();
INFO - 2025-06-15 14:54:33 --> Session: Class initialized using 'CodeIgniter\Session\Handlers\FileHandler' driver.
WARNING - 2025-06-15 14:54:33 --> Session: Sessions is enabled, and one exists. Please don't $session->start();
INFO - 2025-06-15 14:55:37 --> Session: Class initialized using 'CodeIgniter\Session\Handlers\FileHandler' driver.
WARNING - 2025-06-15 14:55:37 --> Session: Sessions is enabled, and one exists. Please don't $session->start();
INFO - 2025-06-15 14:56:44 --> Session: Class initialized using 'CodeIgniter\Session\Handlers\FileHandler' driver.
WARNING - 2025-06-15 14:56:44 --> Session: Sessions is enabled, and one exists. Please don't $session->start();
INFO - 2025-06-15 14:58:39 --> Session: Class initialized using 'CodeIgniter\Session\Handlers\FileHandler' driver.
WARNING - 2025-06-15 14:58:39 --> Session: Sessions is enabled, and one exists. Please don't $session->start();
INFO - 2025-06-15 14:58:41 --> Session: Class initialized using 'CodeIgniter\Session\Handlers\FileHandler' driver.
WARNING - 2025-06-15 14:58:41 --> Session: Sessions is enabled, and one exists. Please don't $session->start();
INFO - 2025-06-15 14:59:04 --> Session: Class initialized using 'CodeIgniter\Session\Handlers\FileHandler' driver.
WARNING - 2025-06-15 14:59:04 --> Session: Sessions is enabled, and one exists. Please don't $session->start();
INFO - 2025-06-15 15:00:29 --> Session: Class initialized using 'CodeIgniter\Session\Handlers\FileHandler' driver.
WARNING - 2025-06-15 15:00:29 --> Session: Sessions is enabled, and one exists. Please don't $session->start();
INFO - 2025-06-15 15:00:47 --> Session: Class initialized using 'CodeIgniter\Session\Handlers\FileHandler' driver.
WARNING - 2025-06-15 15:00:47 --> Session: Sessions is enabled, and one exists. Please don't $session->start();
INFO - 2025-06-15 15:01:16 --> Session: Class initialized using 'CodeIgniter\Session\Handlers\FileHandler' driver.
WARNING - 2025-06-15 15:01:16 --> Session: Sessions is enabled, and one exists. Please don't $session->start();
INFO - 2025-06-15 15:01:50 --> Session: Class initialized using 'CodeIgniter\Session\Handlers\FileHandler' driver.
WARNING - 2025-06-15 15:01:50 --> Session: Sessions is enabled, and one exists. Please don't $session->start();
INFO - 2025-06-15 15:01:57 --> Session: Class initialized using 'CodeIgniter\Session\Handlers\FileHandler' driver.
WARNING - 2025-06-15 15:01:57 --> Session: Sessions is enabled, and one exists. Please don't $session->start();
INFO - 2025-06-15 15:02:14 --> Session: Class initialized using 'CodeIgniter\Session\Handlers\FileHandler' driver.
WARNING - 2025-06-15 15:02:14 --> Session: Sessions is enabled, and one exists. Please don't $session->start();
INFO - 2025-06-15 15:02:23 --> Session: Class initialized using 'CodeIgniter\Session\Handlers\FileHandler' driver.
WARNING - 2025-06-15 15:02:23 --> Session: Sessions is enabled, and one exists. Please don't $session->start();
INFO - 2025-06-15 15:02:35 --> Session: Class initialized using 'CodeIgniter\Session\Handlers\FileHandler' driver.
WARNING - 2025-06-15 15:02:35 --> Session: Sessions is enabled, and one exists. Please don't $session->start();
INFO - 2025-06-15 15:02:42 --> Session: Class initialized using 'CodeIgniter\Session\Handlers\FileHandler' driver.
WARNING - 2025-06-15 15:02:42 --> Session: Sessions is enabled, and one exists. Please don't $session->start();
INFO - 2025-06-15 15:02:47 --> Session: Class initialized using 'CodeIgniter\Session\Handlers\FileHandler' driver.
WARNING - 2025-06-15 15:02:47 --> Session: Sessions is enabled, and one exists. Please don't $session->start();
INFO - 2025-06-15 15:03:09 --> Session: Class initialized using 'CodeIgniter\Session\Handlers\FileHandler' driver.
WARNING - 2025-06-15 15:03:09 --> Session: Sessions is enabled, and one exists. Please don't $session->start();
INFO - 2025-06-15 15:03:20 --> Session: Class initialized using 'CodeIgniter\Session\Handlers\FileHandler' driver.
WARNING - 2025-06-15 15:03:20 --> Session: Sessions is enabled, and one exists. Please don't $session->start();
INFO - 2025-06-15 15:03:38 --> Session: Class initialized using 'CodeIgniter\Session\Handlers\FileHandler' driver.
WARNING - 2025-06-15 15:03:38 --> Session: Sessions is enabled, and one exists. Please don't $session->start();
INFO - 2025-06-15 15:04:05 --> Session: Class initialized using 'CodeIgniter\Session\Handlers\FileHandler' driver.
WARNING - 2025-06-15 15:04:05 --> Session: Sessions is enabled, and one exists. Please don't $session->start();
INFO - 2025-06-15 15:04:06 --> Session: Class initialized using 'CodeIgniter\Session\Handlers\FileHandler' driver.
WARNING - 2025-06-15 15:04:06 --> Session: Sessions is enabled, and one exists. Please don't $session->start();
INFO - 2025-06-15 15:09:10 --> Session: Class initialized using 'CodeIgniter\Session\Handlers\FileHandler' driver.
WARNING - 2025-06-15 15:09:10 --> Session: Sessions is enabled, and one exists. Please don't $session->start();
INFO - 2025-06-15 15:10:00 --> Session: Class initialized using 'CodeIgniter\Session\Handlers\FileHandler' driver.
WARNING - 2025-06-15 15:10:00 --> Session: Sessions is enabled, and one exists. Please don't $session->start();
INFO - 2025-06-15 15:11:09 --> Session: Class initialized using 'CodeIgniter\Session\Handlers\FileHandler' driver.
WARNING - 2025-06-15 15:11:09 --> Session: Sessions is enabled, and one exists. Please don't $session->start();
INFO - 2025-06-15 15:12:19 --> Session: Class initialized using 'CodeIgniter\Session\Handlers\FileHandler' driver.
WARNING - 2025-06-15 15:12:19 --> Session: Sessions is enabled, and one exists. Please don't $session->start();
INFO - 2025-06-15 15:13:11 --> Session: Class initialized using 'CodeIgniter\Session\Handlers\FileHandler' driver.
WARNING - 2025-06-15 15:13:11 --> Session: Sessions is enabled, and one exists. Please don't $session->start();
INFO - 2025-06-15 15:13:29 --> Session: Class initialized using 'CodeIgniter\Session\Handlers\FileHandler' driver.
WARNING - 2025-06-15 15:13:29 --> Session: Sessions is enabled, and one exists. Please don't $session->start();
INFO - 2025-06-15 15:13:55 --> Session: Class initialized using 'CodeIgniter\Session\Handlers\FileHandler' driver.
WARNING - 2025-06-15 15:13:55 --> Session: Sessions is enabled, and one exists. Please don't $session->start();
INFO - 2025-06-15 15:15:31 --> Session: Class initialized using 'CodeIgniter\Session\Handlers\FileHandler' driver.
WARNING - 2025-06-15 15:15:31 --> Session: Sessions is enabled, and one exists. Please don't $session->start();
INFO - 2025-06-15 15:17:59 --> Session: Class initialized using 'CodeIgniter\Session\Handlers\FileHandler' driver.
WARNING - 2025-06-15 15:17:59 --> Session: Sessions is enabled, and one exists. Please don't $session->start();
INFO - 2025-06-15 15:18:38 --> Session: Class initialized using 'CodeIgniter\Session\Handlers\FileHandler' driver.
WARNING - 2025-06-15 15:18:38 --> Session: Sessions is enabled, and one exists. Please don't $session->start();
INFO - 2025-06-15 15:20:21 --> Session: Class initialized using 'CodeIgniter\Session\Handlers\FileHandler' driver.
WARNING - 2025-06-15 15:20:21 --> Session: Sessions is enabled, and one exists. Please don't $session->start();
INFO - 2025-06-15 15:20:49 --> Session: Class initialized using 'CodeIgniter\Session\Handlers\FileHandler' driver.
WARNING - 2025-06-15 15:20:49 --> Session: Sessions is enabled, and one exists. Please don't $session->start();
INFO - 2025-06-15 15:21:30 --> Session: Class initialized using 'CodeIgniter\Session\Handlers\FileHandler' driver.
WARNING - 2025-06-15 15:21:30 --> Session: Sessions is enabled, and one exists. Please don't $session->start();
INFO - 2025-06-15 15:23:52 --> Session: Class initialized using 'CodeIgniter\Session\Handlers\FileHandler' driver.
WARNING - 2025-06-15 15:23:52 --> Session: Sessions is enabled, and one exists. Please don't $session->start();
INFO - 2025-06-15 15:24:20 --> Session: Class initialized using 'CodeIgniter\Session\Handlers\FileHandler' driver.
WARNING - 2025-06-15 15:24:20 --> Session: Sessions is enabled, and one exists. Please don't $session->start();
INFO - 2025-06-15 15:24:42 --> Session: Class initialized using 'CodeIgniter\Session\Handlers\FileHandler' driver.
WARNING - 2025-06-15 15:24:42 --> Session: Sessions is enabled, and one exists. Please don't $session->start();
INFO - 2025-06-15 15:24:56 --> Session: Class initialized using 'CodeIgniter\Session\Handlers\FileHandler' driver.
WARNING - 2025-06-15 15:24:56 --> Session: Sessions is enabled, and one exists. Please don't $session->start();
INFO - 2025-06-15 15:25:12 --> Session: Class initialized using 'CodeIgniter\Session\Handlers\FileHandler' driver.
WARNING - 2025-06-15 15:25:12 --> Session: Sessions is enabled, and one exists. Please don't $session->start();
INFO - 2025-06-15 15:25:33 --> Session: Class initialized using 'CodeIgniter\Session\Handlers\FileHandler' driver.
WARNING - 2025-06-15 15:25:33 --> Session: Sessions is enabled, and one exists. Please don't $session->start();
INFO - 2025-06-15 15:25:48 --> Session: Class initialized using 'CodeIgniter\Session\Handlers\FileHandler' driver.
WARNING - 2025-06-15 15:25:48 --> Session: Sessions is enabled, and one exists. Please don't $session->start();
INFO - 2025-06-15 15:25:59 --> Session: Class initialized using 'CodeIgniter\Session\Handlers\FileHandler' driver.
WARNING - 2025-06-15 15:25:59 --> Session: Sessions is enabled, and one exists. Please don't $session->start();
INFO - 2025-06-15 15:26:30 --> Session: Class initialized using 'CodeIgniter\Session\Handlers\FileHandler' driver.
WARNING - 2025-06-15 15:26:30 --> Session: Sessions is enabled, and one exists. Please don't $session->start();
INFO - 2025-06-15 15:26:42 --> Session: Class initialized using 'CodeIgniter\Session\Handlers\FileHandler' driver.
WARNING - 2025-06-15 15:26:42 --> Session: Sessions is enabled, and one exists. Please don't $session->start();
INFO - 2025-06-15 15:26:57 --> Session: Class initialized using 'CodeIgniter\Session\Handlers\FileHandler' driver.
WARNING - 2025-06-15 15:26:57 --> Session: Sessions is enabled, and one exists. Please don't $session->start();
INFO - 2025-06-15 15:27:14 --> Session: Class initialized using 'CodeIgniter\Session\Handlers\FileHandler' driver.
WARNING - 2025-06-15 15:27:14 --> Session: Sessions is enabled, and one exists. Please don't $session->start();
INFO - 2025-06-15 15:27:21 --> Session: Class initialized using 'CodeIgniter\Session\Handlers\FileHandler' driver.
WARNING - 2025-06-15 15:27:21 --> Session: Sessions is enabled, and one exists. Please don't $session->start();
INFO - 2025-06-15 15:27:33 --> Session: Class initialized using 'CodeIgniter\Session\Handlers\FileHandler' driver.
WARNING - 2025-06-15 15:27:33 --> Session: Sessions is enabled, and one exists. Please don't $session->start();
INFO - 2025-06-15 15:27:50 --> Session: Class initialized using 'CodeIgniter\Session\Handlers\FileHandler' driver.
WARNING - 2025-06-15 15:27:50 --> Session: Sessions is enabled, and one exists. Please don't $session->start();
INFO - 2025-06-15 15:28:52 --> Session: Class initialized using 'CodeIgniter\Session\Handlers\FileHandler' driver.
WARNING - 2025-06-15 15:28:52 --> Session: Sessions is enabled, and one exists. Please don't $session->start();
INFO - 2025-06-15 15:29:49 --> Session: Class initialized using 'CodeIgniter\Session\Handlers\FileHandler' driver.
WARNING - 2025-06-15 15:29:49 --> Session: Sessions is enabled, and one exists. Please don't $session->start();
INFO - 2025-06-15 15:30:20 --> Session: Class initialized using 'CodeIgniter\Session\Handlers\FileHandler' driver.
WARNING - 2025-06-15 15:30:20 --> Session: Sessions is enabled, and one exists. Please don't $session->start();
INFO - 2025-06-15 15:30:23 --> Session: Class initialized using 'CodeIgniter\Session\Handlers\FileHandler' driver.
WARNING - 2025-06-15 15:30:23 --> Session: Sessions is enabled, and one exists. Please don't $session->start();
INFO - 2025-06-15 15:30:25 --> Session: Class initialized using 'CodeIgniter\Session\Handlers\FileHandler' driver.
WARNING - 2025-06-15 15:30:25 --> Session: Sessions is enabled, and one exists. Please don't $session->start();
INFO - 2025-06-15 15:30:27 --> Session: Class initialized using 'CodeIgniter\Session\Handlers\FileHandler' driver.
WARNING - 2025-06-15 15:30:27 --> Session: Sessions is enabled, and one exists. Please don't $session->start();
INFO - 2025-06-15 15:30:29 --> Session: Class initialized using 'CodeIgniter\Session\Handlers\FileHandler' driver.
WARNING - 2025-06-15 15:30:29 --> Session: Sessions is enabled, and one exists. Please don't $session->start();
INFO - 2025-06-15 15:30:33 --> Session: Class initialized using 'CodeIgniter\Session\Handlers\FileHandler' driver.
WARNING - 2025-06-15 15:30:33 --> Session: Sessions is enabled, and one exists. Please don't $session->start();
INFO - 2025-06-15 15:30:35 --> Session: Class initialized using 'CodeIgniter\Session\Handlers\FileHandler' driver.
WARNING - 2025-06-15 15:30:35 --> Session: Sessions is enabled, and one exists. Please don't $session->start();
INFO - 2025-06-15 15:30:59 --> Session: Class initialized using 'CodeIgniter\Session\Handlers\FileHandler' driver.
WARNING - 2025-06-15 15:30:59 --> Session: Sessions is enabled, and one exists. Please don't $session->start();
INFO - 2025-06-15 15:32:41 --> Session: Class initialized using 'CodeIgniter\Session\Handlers\FileHandler' driver.
WARNING - 2025-06-15 15:32:41 --> Session: Sessions is enabled, and one exists. Please don't $session->start();
INFO - 2025-06-15 15:32:48 --> Session: Class initialized using 'CodeIgniter\Session\Handlers\FileHandler' driver.
WARNING - 2025-06-15 15:32:48 --> Session: Sessions is enabled, and one exists. Please don't $session->start();
INFO - 2025-06-15 15:33:05 --> Session: Class initialized using 'CodeIgniter\Session\Handlers\FileHandler' driver.
WARNING - 2025-06-15 15:33:05 --> Session: Sessions is enabled, and one exists. Please don't $session->start();
INFO - 2025-06-15 15:34:34 --> Session: Class initialized using 'CodeIgniter\Session\Handlers\FileHandler' driver.
WARNING - 2025-06-15 15:34:34 --> Session: Sessions is enabled, and one exists. Please don't $session->start();
INFO - 2025-06-15 15:34:36 --> Session: Class initialized using 'CodeIgniter\Session\Handlers\FileHandler' driver.
WARNING - 2025-06-15 15:34:36 --> Session: Sessions is enabled, and one exists. Please don't $session->start();
INFO - 2025-06-15 15:35:39 --> Session: Class initialized using 'CodeIgniter\Session\Handlers\FileHandler' driver.
WARNING - 2025-06-15 15:35:39 --> Session: Sessions is enabled, and one exists. Please don't $session->start();
INFO - 2025-06-15 15:35:43 --> Session: Class initialized using 'CodeIgniter\Session\Handlers\FileHandler' driver.
WARNING - 2025-06-15 15:35:43 --> Session: Sessions is enabled, and one exists. Please don't $session->start();
INFO - 2025-06-15 15:35:47 --> Session: Class initialized using 'CodeIgniter\Session\Handlers\FileHandler' driver.
WARNING - 2025-06-15 15:35:47 --> Session: Sessions is enabled, and one exists. Please don't $session->start();
INFO - 2025-06-15 15:36:13 --> Session: Class initialized using 'CodeIgniter\Session\Handlers\FileHandler' driver.
WARNING - 2025-06-15 15:36:13 --> Session: Sessions is enabled, and one exists. Please don't $session->start();
INFO - 2025-06-15 15:39:31 --> Session: Class initialized using 'CodeIgniter\Session\Handlers\FileHandler' driver.
WARNING - 2025-06-15 15:39:31 --> Session: Sessions is enabled, and one exists. Please don't $session->start();
INFO - 2025-06-15 15:39:36 --> Session: Class initialized using 'CodeIgniter\Session\Handlers\FileHandler' driver.
WARNING - 2025-06-15 15:39:36 --> Session: Sessions is enabled, and one exists. Please don't $session->start();
INFO - 2025-06-15 15:39:45 --> Session: Class initialized using 'CodeIgniter\Session\Handlers\FileHandler' driver.
WARNING - 2025-06-15 15:39:45 --> Session: Sessions is enabled, and one exists. Please don't $session->start();
INFO - 2025-06-15 15:40:03 --> Session: Class initialized using 'CodeIgniter\Session\Handlers\FileHandler' driver.
WARNING - 2025-06-15 15:40:03 --> Session: Sessions is enabled, and one exists. Please don't $session->start();
INFO - 2025-06-15 15:40:05 --> Session: Class initialized using 'CodeIgniter\Session\Handlers\FileHandler' driver.
WARNING - 2025-06-15 15:40:05 --> Session: Sessions is enabled, and one exists. Please don't $session->start();
INFO - 2025-06-15 15:40:09 --> Session: Class initialized using 'CodeIgniter\Session\Handlers\FileHandler' driver.
WARNING - 2025-06-15 15:40:09 --> Session: Sessions is enabled, and one exists. Please don't $session->start();
INFO - 2025-06-15 15:40:49 --> Session: Class initialized using 'CodeIgniter\Session\Handlers\FileHandler' driver.
WARNING - 2025-06-15 15:40:49 --> Session: Sessions is enabled, and one exists. Please don't $session->start();
INFO - 2025-06-15 15:45:26 --> Session: Class initialized using 'CodeIgniter\Session\Handlers\FileHandler' driver.
WARNING - 2025-06-15 15:45:26 --> Session: Sessions is enabled, and one exists. Please don't $session->start();
INFO - 2025-06-15 15:45:36 --> Session: Class initialized using 'CodeIgniter\Session\Handlers\FileHandler' driver.
WARNING - 2025-06-15 15:45:36 --> Session: Sessions is enabled, and one exists. Please don't $session->start();
INFO - 2025-06-15 15:45:38 --> Session: Class initialized using 'CodeIgniter\Session\Handlers\FileHandler' driver.
WARNING - 2025-06-15 15:45:38 --> Session: Sessions is enabled, and one exists. Please don't $session->start();
INFO - 2025-06-15 15:45:40 --> Session: Class initialized using 'CodeIgniter\Session\Handlers\FileHandler' driver.
WARNING - 2025-06-15 15:45:40 --> Session: Sessions is enabled, and one exists. Please don't $session->start();
INFO - 2025-06-15 15:45:44 --> Session: Class initialized using 'CodeIgniter\Session\Handlers\FileHandler' driver.
WARNING - 2025-06-15 15:45:44 --> Session: Sessions is enabled, and one exists. Please don't $session->start();
