INFO - 2024-08-01 01:58:50 --> Session: Class initialized using 'CodeIgniter\Session\Handlers\FileHandler' driver.
WARNING - 2024-08-01 01:58:50 --> Session: Sessions is enabled, and one exists. Please don't $session->start();
INFO - 2024-08-01 02:00:05 --> Session: Class initialized using 'CodeIgniter\Session\Handlers\FileHandler' driver.
WARNING - 2024-08-01 02:00:05 --> Session: Sessions is enabled, and one exists. Please don't $session->start();
INFO - 2024-08-01 02:00:13 --> Session: Class initialized using 'CodeIgniter\Session\Handlers\FileHandler' driver.
WARNING - 2024-08-01 02:00:13 --> Session: Sessions is enabled, and one exists. Please don't $session->start();
INFO - 2024-08-01 02:01:46 --> Session: Class initialized using 'CodeIgniter\Session\Handlers\FileHandler' driver.
WARNING - 2024-08-01 02:01:46 --> Session: Sessions is enabled, and one exists. Please don't $session->start();
INFO - 2024-08-01 02:01:53 --> Session: Class initialized using 'CodeIgniter\Session\Handlers\FileHandler' driver.
WARNING - 2024-08-01 02:01:53 --> Session: Sessions is enabled, and one exists. Please don't $session->start();
INFO - 2024-08-01 02:01:59 --> Session: Class initialized using 'CodeIgniter\Session\Handlers\FileHandler' driver.
WARNING - 2024-08-01 02:01:59 --> Session: Sessions is enabled, and one exists. Please don't $session->start();
INFO - 2024-08-01 02:02:08 --> Session: Class initialized using 'CodeIgniter\Session\Handlers\FileHandler' driver.
WARNING - 2024-08-01 02:02:08 --> Session: Sessions is enabled, and one exists. Please don't $session->start();
INFO - 2024-08-01 02:02:10 --> Session: Class initialized using 'CodeIgniter\Session\Handlers\FileHandler' driver.
WARNING - 2024-08-01 02:02:10 --> Session: Sessions is enabled, and one exists. Please don't $session->start();
INFO - 2024-08-01 02:03:58 --> Session: Class initialized using 'CodeIgniter\Session\Handlers\FileHandler' driver.
WARNING - 2024-08-01 02:03:58 --> Session: Sessions is enabled, and one exists. Please don't $session->start();
INFO - 2024-08-01 02:12:38 --> Session: Class initialized using 'CodeIgniter\Session\Handlers\FileHandler' driver.
WARNING - 2024-08-01 02:12:38 --> Session: Sessions is enabled, and one exists. Please don't $session->start();
INFO - 2024-08-01 02:13:08 --> Session: Class initialized using 'CodeIgniter\Session\Handlers\FileHandler' driver.
WARNING - 2024-08-01 02:13:08 --> Session: Sessions is enabled, and one exists. Please don't $session->start();
INFO - 2024-08-01 02:13:41 --> Session: Class initialized using 'CodeIgniter\Session\Handlers\FileHandler' driver.
WARNING - 2024-08-01 02:13:41 --> Session: Sessions is enabled, and one exists. Please don't $session->start();
INFO - 2024-08-01 02:14:14 --> Session: Class initialized using 'CodeIgniter\Session\Handlers\FileHandler' driver.
WARNING - 2024-08-01 02:14:14 --> Session: Sessions is enabled, and one exists. Please don't $session->start();
INFO - 2024-08-01 02:15:29 --> Session: Class initialized using 'CodeIgniter\Session\Handlers\FileHandler' driver.
WARNING - 2024-08-01 02:15:29 --> Session: Sessions is enabled, and one exists. Please don't $session->start();
INFO - 2024-08-01 02:16:01 --> Session: Class initialized using 'CodeIgniter\Session\Handlers\FileHandler' driver.
WARNING - 2024-08-01 02:16:01 --> Session: Sessions is enabled, and one exists. Please don't $session->start();
CRITICAL - 2024-08-01 02:16:01 --> ErrorException: Undefined variable $detailPerawatan
[Method: GET, Route: perawatan/acne-series/treatment]
in APPPATH\Views\user\perawatan\treatment.php on line 14.
 1 APPPATH\Views\user\perawatan\treatment.php(14): CodeIgniter\Debug\Exceptions->errorHandler(2, 'Undefined variable $detailPerawatan', 'D:\\Project\\dlbeauty\\app\\Views\\user\\perawatan\\treatment.php', 14)
 2 SYSTEMPATH\View\View.php(234): include('D:\\Project\\dlbeauty\\app\\Views\\user\\perawatan\\treatment.php')
 3 SYSTEMPATH\View\View.php(237): CodeIgniter\View\View->CodeIgniter\View\{closure}()
 4 SYSTEMPATH\Common.php(1171): CodeIgniter\View\View->render('user/perawatan/treatment', [], true)
 5 APPPATH\Controllers\Perawatan.php(139): view('user/perawatan/treatment', [...])
 6 SYSTEMPATH\CodeIgniter.php(933): App\Controllers\Perawatan->viewTreatment('acne-series')
 7 SYSTEMPATH\CodeIgniter.php(509): CodeIgniter\CodeIgniter->runController(Object(App\Controllers\Perawatan))
 8 SYSTEMPATH\CodeIgniter.php(355): CodeIgniter\CodeIgniter->handleRequest(null, Object(Config\Cache), false)
 9 SYSTEMPATH\Boot.php(312): CodeIgniter\CodeIgniter->run()
10 SYSTEMPATH\Boot.php(67): CodeIgniter\Boot::runCodeIgniter(Object(CodeIgniter\CodeIgniter))
11 FCPATH\index.php(56): CodeIgniter\Boot::bootWeb(Object(Config\Paths))
12 SYSTEMPATH\Commands\Server\rewrite.php(49): require_once('D:\\Project\\dlbeauty\\public\\index.php')
INFO - 2024-08-01 02:16:15 --> Session: Class initialized using 'CodeIgniter\Session\Handlers\FileHandler' driver.
WARNING - 2024-08-01 02:16:15 --> Session: Sessions is enabled, and one exists. Please don't $session->start();
INFO - 2024-08-01 02:21:16 --> Session: Class initialized using 'CodeIgniter\Session\Handlers\FileHandler' driver.
WARNING - 2024-08-01 02:21:16 --> Session: Sessions is enabled, and one exists. Please don't $session->start();
INFO - 2024-08-01 02:21:19 --> Session: Class initialized using 'CodeIgniter\Session\Handlers\FileHandler' driver.
WARNING - 2024-08-01 02:21:19 --> Session: Sessions is enabled, and one exists. Please don't $session->start();
INFO - 2024-08-01 02:22:45 --> Session: Class initialized using 'CodeIgniter\Session\Handlers\FileHandler' driver.
WARNING - 2024-08-01 02:22:45 --> Session: Sessions is enabled, and one exists. Please don't $session->start();
INFO - 2024-08-01 02:23:41 --> Session: Class initialized using 'CodeIgniter\Session\Handlers\FileHandler' driver.
WARNING - 2024-08-01 02:23:41 --> Session: Sessions is enabled, and one exists. Please don't $session->start();
INFO - 2024-08-01 02:24:27 --> Session: Class initialized using 'CodeIgniter\Session\Handlers\FileHandler' driver.
WARNING - 2024-08-01 02:24:27 --> Session: Sessions is enabled, and one exists. Please don't $session->start();
INFO - 2024-08-01 02:39:17 --> Session: Class initialized using 'CodeIgniter\Session\Handlers\FileHandler' driver.
WARNING - 2024-08-01 02:39:17 --> Session: Sessions is enabled, and one exists. Please don't $session->start();
INFO - 2024-08-01 07:00:42 --> Session: Class initialized using 'CodeIgniter\Session\Handlers\FileHandler' driver.
WARNING - 2024-08-01 07:00:42 --> Session: Sessions is enabled, and one exists. Please don't $session->start();
INFO - 2024-08-01 07:00:55 --> Session: Class initialized using 'CodeIgniter\Session\Handlers\FileHandler' driver.
WARNING - 2024-08-01 07:00:55 --> Session: Sessions is enabled, and one exists. Please don't $session->start();
INFO - 2024-08-01 07:01:54 --> Session: Class initialized using 'CodeIgniter\Session\Handlers\FileHandler' driver.
WARNING - 2024-08-01 07:01:54 --> Session: Sessions is enabled, and one exists. Please don't $session->start();
INFO - 2024-08-01 07:02:49 --> Session: Class initialized using 'CodeIgniter\Session\Handlers\FileHandler' driver.
WARNING - 2024-08-01 07:02:49 --> Session: Sessions is enabled, and one exists. Please don't $session->start();
INFO - 2024-08-01 07:03:19 --> Session: Class initialized using 'CodeIgniter\Session\Handlers\FileHandler' driver.
WARNING - 2024-08-01 07:03:19 --> Session: Sessions is enabled, and one exists. Please don't $session->start();
INFO - 2024-08-01 07:03:52 --> Session: Class initialized using 'CodeIgniter\Session\Handlers\FileHandler' driver.
WARNING - 2024-08-01 07:03:52 --> Session: Sessions is enabled, and one exists. Please don't $session->start();
INFO - 2024-08-01 13:36:06 --> Session: Class initialized using 'CodeIgniter\Session\Handlers\FileHandler' driver.
WARNING - 2024-08-01 13:36:06 --> Session: Sessions is enabled, and one exists. Please don't $session->start();
INFO - 2024-08-01 13:36:12 --> Session: Class initialized using 'CodeIgniter\Session\Handlers\FileHandler' driver.
WARNING - 2024-08-01 13:36:12 --> Session: Sessions is enabled, and one exists. Please don't $session->start();
INFO - 2024-08-01 13:36:16 --> Session: Class initialized using 'CodeIgniter\Session\Handlers\FileHandler' driver.
WARNING - 2024-08-01 13:36:16 --> Session: Sessions is enabled, and one exists. Please don't $session->start();
INFO - 2024-08-01 13:40:24 --> Session: Class initialized using 'CodeIgniter\Session\Handlers\FileHandler' driver.
WARNING - 2024-08-01 13:40:24 --> Session: Sessions is enabled, and one exists. Please don't $session->start();
CRITICAL - 2024-08-01 13:40:26 --> CodeIgniter\HTTP\Exceptions\BadRequestException: The URI you submitted has disallowed characters: "${item.foto}"
[Method: GET, Route: images/treatment/$%7Bitem.foto%7D]
in SYSTEMPATH\Router\Router.php on line 736.
 1 SYSTEMPATH\Router\Router.php(203): CodeIgniter\Router\Router->checkDisallowedChars('images/treatment/${item.foto}')
 2 SYSTEMPATH\CodeIgniter.php(834): CodeIgniter\Router\Router->handle('images/treatment/${item.foto}')
 3 SYSTEMPATH\CodeIgniter.php(457): CodeIgniter\CodeIgniter->tryToRouteIt(Object(CodeIgniter\Router\RouteCollection))
 4 SYSTEMPATH\CodeIgniter.php(355): CodeIgniter\CodeIgniter->handleRequest(null, Object(Config\Cache), false)
 5 SYSTEMPATH\Boot.php(312): CodeIgniter\CodeIgniter->run()
 6 SYSTEMPATH\Boot.php(67): CodeIgniter\Boot::runCodeIgniter(Object(CodeIgniter\CodeIgniter))
 7 FCPATH\index.php(56): CodeIgniter\Boot::bootWeb(Object(Config\Paths))
 8 SYSTEMPATH\Commands\Server\rewrite.php(49): require_once('D:\\Project\\dlbeauty\\public\\index.php')
INFO - 2024-08-01 13:43:37 --> Session: Class initialized using 'CodeIgniter\Session\Handlers\FileHandler' driver.
WARNING - 2024-08-01 13:43:37 --> Session: Sessions is enabled, and one exists. Please don't $session->start();
INFO - 2024-08-01 13:44:22 --> Session: Class initialized using 'CodeIgniter\Session\Handlers\FileHandler' driver.
WARNING - 2024-08-01 13:44:22 --> Session: Sessions is enabled, and one exists. Please don't $session->start();
INFO - 2024-08-01 13:44:49 --> Session: Class initialized using 'CodeIgniter\Session\Handlers\FileHandler' driver.
WARNING - 2024-08-01 13:44:49 --> Session: Sessions is enabled, and one exists. Please don't $session->start();
INFO - 2024-08-01 13:45:01 --> Session: Class initialized using 'CodeIgniter\Session\Handlers\FileHandler' driver.
WARNING - 2024-08-01 13:45:01 --> Session: Sessions is enabled, and one exists. Please don't $session->start();
INFO - 2024-08-01 13:45:08 --> Session: Class initialized using 'CodeIgniter\Session\Handlers\FileHandler' driver.
WARNING - 2024-08-01 13:45:08 --> Session: Sessions is enabled, and one exists. Please don't $session->start();
INFO - 2024-08-01 13:45:42 --> Session: Class initialized using 'CodeIgniter\Session\Handlers\FileHandler' driver.
WARNING - 2024-08-01 13:45:42 --> Session: Sessions is enabled, and one exists. Please don't $session->start();
INFO - 2024-08-01 13:46:05 --> Session: Class initialized using 'CodeIgniter\Session\Handlers\FileHandler' driver.
WARNING - 2024-08-01 13:46:05 --> Session: Sessions is enabled, and one exists. Please don't $session->start();
CRITICAL - 2024-08-01 13:46:05 --> ArgumentCountError: preg_replace() expects at least 3 arguments, 2 given
[Method: GET, Route: perawatan/acne-series/treatment]
in APPPATH\Views\user\perawatan\treatment.php on line 66.
 1 APPPATH\Views\user\perawatan\treatment.php(66): preg_replace('/\\s\\s+/', ' ')
 2 SYSTEMPATH\View\View.php(234): include('D:\\Project\\dlbeauty\\app\\Views\\user\\perawatan\\treatment.php')
 3 SYSTEMPATH\View\View.php(237): CodeIgniter\View\View->CodeIgniter\View\{closure}()
 4 SYSTEMPATH\Common.php(1171): CodeIgniter\View\View->render('user/perawatan/treatment', [], true)
 5 APPPATH\Controllers\Perawatan.php(150): view('user/perawatan/treatment', [...])
 6 SYSTEMPATH\CodeIgniter.php(933): App\Controllers\Perawatan->viewTreatment('acne-series')
 7 SYSTEMPATH\CodeIgniter.php(509): CodeIgniter\CodeIgniter->runController(Object(App\Controllers\Perawatan))
 8 SYSTEMPATH\CodeIgniter.php(355): CodeIgniter\CodeIgniter->handleRequest(null, Object(Config\Cache), false)
 9 SYSTEMPATH\Boot.php(312): CodeIgniter\CodeIgniter->run()
10 SYSTEMPATH\Boot.php(67): CodeIgniter\Boot::runCodeIgniter(Object(CodeIgniter\CodeIgniter))
11 FCPATH\index.php(56): CodeIgniter\Boot::bootWeb(Object(Config\Paths))
12 SYSTEMPATH\Commands\Server\rewrite.php(49): require_once('D:\\Project\\dlbeauty\\public\\index.php')
INFO - 2024-08-01 13:46:18 --> Session: Class initialized using 'CodeIgniter\Session\Handlers\FileHandler' driver.
WARNING - 2024-08-01 13:46:18 --> Session: Sessions is enabled, and one exists. Please don't $session->start();
INFO - 2024-08-01 13:46:35 --> Session: Class initialized using 'CodeIgniter\Session\Handlers\FileHandler' driver.
WARNING - 2024-08-01 13:46:35 --> Session: Sessions is enabled, and one exists. Please don't $session->start();
INFO - 2024-08-01 13:47:17 --> Session: Class initialized using 'CodeIgniter\Session\Handlers\FileHandler' driver.
WARNING - 2024-08-01 13:47:17 --> Session: Sessions is enabled, and one exists. Please don't $session->start();
INFO - 2024-08-01 13:47:31 --> Session: Class initialized using 'CodeIgniter\Session\Handlers\FileHandler' driver.
WARNING - 2024-08-01 13:47:31 --> Session: Sessions is enabled, and one exists. Please don't $session->start();
INFO - 2024-08-01 13:49:05 --> Session: Class initialized using 'CodeIgniter\Session\Handlers\FileHandler' driver.
WARNING - 2024-08-01 13:49:05 --> Session: Sessions is enabled, and one exists. Please don't $session->start();
INFO - 2024-08-01 13:49:25 --> Session: Class initialized using 'CodeIgniter\Session\Handlers\FileHandler' driver.
WARNING - 2024-08-01 13:49:25 --> Session: Sessions is enabled, and one exists. Please don't $session->start();
INFO - 2024-08-01 13:50:57 --> Session: Class initialized using 'CodeIgniter\Session\Handlers\FileHandler' driver.
WARNING - 2024-08-01 13:50:57 --> Session: Sessions is enabled, and one exists. Please don't $session->start();
INFO - 2024-08-01 13:51:10 --> Session: Class initialized using 'CodeIgniter\Session\Handlers\FileHandler' driver.
WARNING - 2024-08-01 13:51:10 --> Session: Sessions is enabled, and one exists. Please don't $session->start();
INFO - 2024-08-01 13:51:15 --> Session: Class initialized using 'CodeIgniter\Session\Handlers\FileHandler' driver.
WARNING - 2024-08-01 13:51:15 --> Session: Sessions is enabled, and one exists. Please don't $session->start();
INFO - 2024-08-01 13:52:03 --> Session: Class initialized using 'CodeIgniter\Session\Handlers\FileHandler' driver.
WARNING - 2024-08-01 13:52:03 --> Session: Sessions is enabled, and one exists. Please don't $session->start();
INFO - 2024-08-01 13:52:20 --> Session: Class initialized using 'CodeIgniter\Session\Handlers\FileHandler' driver.
WARNING - 2024-08-01 13:52:20 --> Session: Sessions is enabled, and one exists. Please don't $session->start();
INFO - 2024-08-01 13:52:46 --> Session: Class initialized using 'CodeIgniter\Session\Handlers\FileHandler' driver.
WARNING - 2024-08-01 13:52:46 --> Session: Sessions is enabled, and one exists. Please don't $session->start();
INFO - 2024-08-01 13:53:10 --> Session: Class initialized using 'CodeIgniter\Session\Handlers\FileHandler' driver.
WARNING - 2024-08-01 13:53:10 --> Session: Sessions is enabled, and one exists. Please don't $session->start();
INFO - 2024-08-01 13:53:26 --> Session: Class initialized using 'CodeIgniter\Session\Handlers\FileHandler' driver.
WARNING - 2024-08-01 13:53:26 --> Session: Sessions is enabled, and one exists. Please don't $session->start();
INFO - 2024-08-01 13:53:46 --> Session: Class initialized using 'CodeIgniter\Session\Handlers\FileHandler' driver.
WARNING - 2024-08-01 13:53:46 --> Session: Sessions is enabled, and one exists. Please don't $session->start();
INFO - 2024-08-01 13:54:06 --> Session: Class initialized using 'CodeIgniter\Session\Handlers\FileHandler' driver.
WARNING - 2024-08-01 13:54:06 --> Session: Sessions is enabled, and one exists. Please don't $session->start();
INFO - 2024-08-01 13:54:33 --> Session: Class initialized using 'CodeIgniter\Session\Handlers\FileHandler' driver.
WARNING - 2024-08-01 13:54:33 --> Session: Sessions is enabled, and one exists. Please don't $session->start();
INFO - 2024-08-01 13:55:14 --> Session: Class initialized using 'CodeIgniter\Session\Handlers\FileHandler' driver.
WARNING - 2024-08-01 13:55:14 --> Session: Sessions is enabled, and one exists. Please don't $session->start();
INFO - 2024-08-01 13:56:13 --> Session: Class initialized using 'CodeIgniter\Session\Handlers\FileHandler' driver.
WARNING - 2024-08-01 13:56:13 --> Session: Sessions is enabled, and one exists. Please don't $session->start();
INFO - 2024-08-01 13:56:59 --> Session: Class initialized using 'CodeIgniter\Session\Handlers\FileHandler' driver.
WARNING - 2024-08-01 13:56:59 --> Session: Sessions is enabled, and one exists. Please don't $session->start();
INFO - 2024-08-01 14:00:45 --> Session: Class initialized using 'CodeIgniter\Session\Handlers\FileHandler' driver.
WARNING - 2024-08-01 14:00:45 --> Session: Sessions is enabled, and one exists. Please don't $session->start();
INFO - 2024-08-01 14:01:21 --> Session: Class initialized using 'CodeIgniter\Session\Handlers\FileHandler' driver.
WARNING - 2024-08-01 14:01:21 --> Session: Sessions is enabled, and one exists. Please don't $session->start();
INFO - 2024-08-01 14:01:30 --> Session: Class initialized using 'CodeIgniter\Session\Handlers\FileHandler' driver.
WARNING - 2024-08-01 14:01:30 --> Session: Sessions is enabled, and one exists. Please don't $session->start();
INFO - 2024-08-01 14:01:33 --> Session: Class initialized using 'CodeIgniter\Session\Handlers\FileHandler' driver.
WARNING - 2024-08-01 14:01:33 --> Session: Sessions is enabled, and one exists. Please don't $session->start();
INFO - 2024-08-01 14:01:36 --> Session: Class initialized using 'CodeIgniter\Session\Handlers\FileHandler' driver.
WARNING - 2024-08-01 14:01:36 --> Session: Sessions is enabled, and one exists. Please don't $session->start();
INFO - 2024-08-01 14:04:06 --> Session: Class initialized using 'CodeIgniter\Session\Handlers\FileHandler' driver.
WARNING - 2024-08-01 14:04:06 --> Session: Sessions is enabled, and one exists. Please don't $session->start();
INFO - 2024-08-01 14:04:22 --> Session: Class initialized using 'CodeIgniter\Session\Handlers\FileHandler' driver.
WARNING - 2024-08-01 14:04:22 --> Session: Sessions is enabled, and one exists. Please don't $session->start();
INFO - 2024-08-01 14:04:28 --> Session: Class initialized using 'CodeIgniter\Session\Handlers\FileHandler' driver.
WARNING - 2024-08-01 14:04:28 --> Session: Sessions is enabled, and one exists. Please don't $session->start();
INFO - 2024-08-01 14:04:37 --> Session: Class initialized using 'CodeIgniter\Session\Handlers\FileHandler' driver.
WARNING - 2024-08-01 14:04:37 --> Session: Sessions is enabled, and one exists. Please don't $session->start();
INFO - 2024-08-01 14:04:38 --> Session: Class initialized using 'CodeIgniter\Session\Handlers\FileHandler' driver.
WARNING - 2024-08-01 14:04:38 --> Session: Sessions is enabled, and one exists. Please don't $session->start();
INFO - 2024-08-01 14:04:59 --> Session: Class initialized using 'CodeIgniter\Session\Handlers\FileHandler' driver.
WARNING - 2024-08-01 14:04:59 --> Session: Sessions is enabled, and one exists. Please don't $session->start();
INFO - 2024-08-01 14:05:06 --> Session: Class initialized using 'CodeIgniter\Session\Handlers\FileHandler' driver.
WARNING - 2024-08-01 14:05:06 --> Session: Sessions is enabled, and one exists. Please don't $session->start();
INFO - 2024-08-01 14:06:06 --> Session: Class initialized using 'CodeIgniter\Session\Handlers\FileHandler' driver.
WARNING - 2024-08-01 14:06:06 --> Session: Sessions is enabled, and one exists. Please don't $session->start();
INFO - 2024-08-01 14:06:12 --> Session: Class initialized using 'CodeIgniter\Session\Handlers\FileHandler' driver.
WARNING - 2024-08-01 14:06:12 --> Session: Sessions is enabled, and one exists. Please don't $session->start();
INFO - 2024-08-01 14:06:34 --> Session: Class initialized using 'CodeIgniter\Session\Handlers\FileHandler' driver.
WARNING - 2024-08-01 14:06:34 --> Session: Sessions is enabled, and one exists. Please don't $session->start();
INFO - 2024-08-01 14:09:40 --> Session: Class initialized using 'CodeIgniter\Session\Handlers\FileHandler' driver.
WARNING - 2024-08-01 14:09:40 --> Session: Sessions is enabled, and one exists. Please don't $session->start();
INFO - 2024-08-01 14:09:51 --> Session: Class initialized using 'CodeIgniter\Session\Handlers\FileHandler' driver.
WARNING - 2024-08-01 14:09:51 --> Session: Sessions is enabled, and one exists. Please don't $session->start();
INFO - 2024-08-01 14:09:52 --> Session: Class initialized using 'CodeIgniter\Session\Handlers\FileHandler' driver.
WARNING - 2024-08-01 14:09:52 --> Session: Sessions is enabled, and one exists. Please don't $session->start();
INFO - 2024-08-01 14:09:59 --> Session: Class initialized using 'CodeIgniter\Session\Handlers\FileHandler' driver.
WARNING - 2024-08-01 14:09:59 --> Session: Sessions is enabled, and one exists. Please don't $session->start();
INFO - 2024-08-01 14:10:04 --> Session: Class initialized using 'CodeIgniter\Session\Handlers\FileHandler' driver.
WARNING - 2024-08-01 14:10:04 --> Session: Sessions is enabled, and one exists. Please don't $session->start();
INFO - 2024-08-01 14:10:18 --> Session: Class initialized using 'CodeIgniter\Session\Handlers\FileHandler' driver.
WARNING - 2024-08-01 14:10:18 --> Session: Sessions is enabled, and one exists. Please don't $session->start();
INFO - 2024-08-01 14:10:37 --> Session: Class initialized using 'CodeIgniter\Session\Handlers\FileHandler' driver.
WARNING - 2024-08-01 14:10:37 --> Session: Sessions is enabled, and one exists. Please don't $session->start();
INFO - 2024-08-01 14:10:57 --> Session: Class initialized using 'CodeIgniter\Session\Handlers\FileHandler' driver.
WARNING - 2024-08-01 14:10:57 --> Session: Sessions is enabled, and one exists. Please don't $session->start();
INFO - 2024-08-01 14:11:15 --> Session: Class initialized using 'CodeIgniter\Session\Handlers\FileHandler' driver.
WARNING - 2024-08-01 14:11:15 --> Session: Sessions is enabled, and one exists. Please don't $session->start();
INFO - 2024-08-01 14:11:38 --> Session: Class initialized using 'CodeIgniter\Session\Handlers\FileHandler' driver.
WARNING - 2024-08-01 14:11:38 --> Session: Sessions is enabled, and one exists. Please don't $session->start();
INFO - 2024-08-01 14:11:40 --> Session: Class initialized using 'CodeIgniter\Session\Handlers\FileHandler' driver.
WARNING - 2024-08-01 14:11:40 --> Session: Sessions is enabled, and one exists. Please don't $session->start();
INFO - 2024-08-01 14:12:05 --> Session: Class initialized using 'CodeIgniter\Session\Handlers\FileHandler' driver.
WARNING - 2024-08-01 14:12:05 --> Session: Sessions is enabled, and one exists. Please don't $session->start();
INFO - 2024-08-01 14:12:15 --> Session: Class initialized using 'CodeIgniter\Session\Handlers\FileHandler' driver.
WARNING - 2024-08-01 14:12:15 --> Session: Sessions is enabled, and one exists. Please don't $session->start();
INFO - 2024-08-01 14:12:36 --> Session: Class initialized using 'CodeIgniter\Session\Handlers\FileHandler' driver.
WARNING - 2024-08-01 14:12:36 --> Session: Sessions is enabled, and one exists. Please don't $session->start();
INFO - 2024-08-01 14:12:47 --> Session: Class initialized using 'CodeIgniter\Session\Handlers\FileHandler' driver.
WARNING - 2024-08-01 14:12:47 --> Session: Sessions is enabled, and one exists. Please don't $session->start();
INFO - 2024-08-01 14:12:54 --> Session: Class initialized using 'CodeIgniter\Session\Handlers\FileHandler' driver.
WARNING - 2024-08-01 14:12:54 --> Session: Sessions is enabled, and one exists. Please don't $session->start();
INFO - 2024-08-01 14:12:59 --> Session: Class initialized using 'CodeIgniter\Session\Handlers\FileHandler' driver.
WARNING - 2024-08-01 14:12:59 --> Session: Sessions is enabled, and one exists. Please don't $session->start();
INFO - 2024-08-01 14:13:31 --> Session: Class initialized using 'CodeIgniter\Session\Handlers\FileHandler' driver.
WARNING - 2024-08-01 14:13:31 --> Session: Sessions is enabled, and one exists. Please don't $session->start();
INFO - 2024-08-01 14:13:38 --> Session: Class initialized using 'CodeIgniter\Session\Handlers\FileHandler' driver.
WARNING - 2024-08-01 14:13:38 --> Session: Sessions is enabled, and one exists. Please don't $session->start();
INFO - 2024-08-01 14:13:47 --> Session: Class initialized using 'CodeIgniter\Session\Handlers\FileHandler' driver.
WARNING - 2024-08-01 14:13:47 --> Session: Sessions is enabled, and one exists. Please don't $session->start();
INFO - 2024-08-01 14:13:55 --> Session: Class initialized using 'CodeIgniter\Session\Handlers\FileHandler' driver.
WARNING - 2024-08-01 14:13:55 --> Session: Sessions is enabled, and one exists. Please don't $session->start();
INFO - 2024-08-01 14:14:17 --> Session: Class initialized using 'CodeIgniter\Session\Handlers\FileHandler' driver.
WARNING - 2024-08-01 14:14:17 --> Session: Sessions is enabled, and one exists. Please don't $session->start();
INFO - 2024-08-01 14:15:54 --> Session: Class initialized using 'CodeIgniter\Session\Handlers\FileHandler' driver.
WARNING - 2024-08-01 14:15:54 --> Session: Sessions is enabled, and one exists. Please don't $session->start();
INFO - 2024-08-01 14:16:11 --> Session: Class initialized using 'CodeIgniter\Session\Handlers\FileHandler' driver.
WARNING - 2024-08-01 14:16:11 --> Session: Sessions is enabled, and one exists. Please don't $session->start();
INFO - 2024-08-01 14:16:20 --> Session: Class initialized using 'CodeIgniter\Session\Handlers\FileHandler' driver.
WARNING - 2024-08-01 14:16:20 --> Session: Sessions is enabled, and one exists. Please don't $session->start();
INFO - 2024-08-01 14:16:28 --> Session: Class initialized using 'CodeIgniter\Session\Handlers\FileHandler' driver.
WARNING - 2024-08-01 14:16:28 --> Session: Sessions is enabled, and one exists. Please don't $session->start();
INFO - 2024-08-01 14:16:34 --> Session: Class initialized using 'CodeIgniter\Session\Handlers\FileHandler' driver.
WARNING - 2024-08-01 14:16:34 --> Session: Sessions is enabled, and one exists. Please don't $session->start();
INFO - 2024-08-01 14:16:42 --> Session: Class initialized using 'CodeIgniter\Session\Handlers\FileHandler' driver.
WARNING - 2024-08-01 14:16:42 --> Session: Sessions is enabled, and one exists. Please don't $session->start();
INFO - 2024-08-01 14:18:24 --> Session: Class initialized using 'CodeIgniter\Session\Handlers\FileHandler' driver.
WARNING - 2024-08-01 14:18:24 --> Session: Sessions is enabled, and one exists. Please don't $session->start();
INFO - 2024-08-01 14:18:27 --> Session: Class initialized using 'CodeIgniter\Session\Handlers\FileHandler' driver.
WARNING - 2024-08-01 14:18:27 --> Session: Sessions is enabled, and one exists. Please don't $session->start();
INFO - 2024-08-01 14:18:32 --> Session: Class initialized using 'CodeIgniter\Session\Handlers\FileHandler' driver.
WARNING - 2024-08-01 14:18:32 --> Session: Sessions is enabled, and one exists. Please don't $session->start();
INFO - 2024-08-01 14:19:00 --> Session: Class initialized using 'CodeIgniter\Session\Handlers\FileHandler' driver.
WARNING - 2024-08-01 14:19:00 --> Session: Sessions is enabled, and one exists. Please don't $session->start();
INFO - 2024-08-01 14:19:06 --> Session: Class initialized using 'CodeIgniter\Session\Handlers\FileHandler' driver.
WARNING - 2024-08-01 14:19:06 --> Session: Sessions is enabled, and one exists. Please don't $session->start();
INFO - 2024-08-01 14:19:09 --> Session: Class initialized using 'CodeIgniter\Session\Handlers\FileHandler' driver.
WARNING - 2024-08-01 14:19:09 --> Session: Sessions is enabled, and one exists. Please don't $session->start();
INFO - 2024-08-01 14:19:11 --> Session: Class initialized using 'CodeIgniter\Session\Handlers\FileHandler' driver.
WARNING - 2024-08-01 14:19:11 --> Session: Sessions is enabled, and one exists. Please don't $session->start();
INFO - 2024-08-01 14:19:16 --> Session: Class initialized using 'CodeIgniter\Session\Handlers\FileHandler' driver.
WARNING - 2024-08-01 14:19:16 --> Session: Sessions is enabled, and one exists. Please don't $session->start();
INFO - 2024-08-01 14:19:18 --> Session: Class initialized using 'CodeIgniter\Session\Handlers\FileHandler' driver.
WARNING - 2024-08-01 14:19:18 --> Session: Sessions is enabled, and one exists. Please don't $session->start();
INFO - 2024-08-01 14:19:22 --> Session: Class initialized using 'CodeIgniter\Session\Handlers\FileHandler' driver.
WARNING - 2024-08-01 14:19:22 --> Session: Sessions is enabled, and one exists. Please don't $session->start();
INFO - 2024-08-01 14:19:25 --> Session: Class initialized using 'CodeIgniter\Session\Handlers\FileHandler' driver.
WARNING - 2024-08-01 14:19:25 --> Session: Sessions is enabled, and one exists. Please don't $session->start();
INFO - 2024-08-01 14:19:49 --> Session: Class initialized using 'CodeIgniter\Session\Handlers\FileHandler' driver.
WARNING - 2024-08-01 14:19:49 --> Session: Sessions is enabled, and one exists. Please don't $session->start();
INFO - 2024-08-01 14:19:57 --> Session: Class initialized using 'CodeIgniter\Session\Handlers\FileHandler' driver.
WARNING - 2024-08-01 14:19:57 --> Session: Sessions is enabled, and one exists. Please don't $session->start();
INFO - 2024-08-01 14:20:02 --> Session: Class initialized using 'CodeIgniter\Session\Handlers\FileHandler' driver.
WARNING - 2024-08-01 14:20:02 --> Session: Sessions is enabled, and one exists. Please don't $session->start();
INFO - 2024-08-01 14:20:05 --> Session: Class initialized using 'CodeIgniter\Session\Handlers\FileHandler' driver.
WARNING - 2024-08-01 14:20:05 --> Session: Sessions is enabled, and one exists. Please don't $session->start();
INFO - 2024-08-01 14:20:09 --> Session: Class initialized using 'CodeIgniter\Session\Handlers\FileHandler' driver.
WARNING - 2024-08-01 14:20:09 --> Session: Sessions is enabled, and one exists. Please don't $session->start();
INFO - 2024-08-01 14:20:20 --> Session: Class initialized using 'CodeIgniter\Session\Handlers\FileHandler' driver.
WARNING - 2024-08-01 14:20:20 --> Session: Sessions is enabled, and one exists. Please don't $session->start();
INFO - 2024-08-01 14:20:22 --> Session: Class initialized using 'CodeIgniter\Session\Handlers\FileHandler' driver.
WARNING - 2024-08-01 14:20:22 --> Session: Sessions is enabled, and one exists. Please don't $session->start();
INFO - 2024-08-01 14:20:24 --> Session: Class initialized using 'CodeIgniter\Session\Handlers\FileHandler' driver.
WARNING - 2024-08-01 14:20:24 --> Session: Sessions is enabled, and one exists. Please don't $session->start();
INFO - 2024-08-01 14:20:29 --> Session: Class initialized using 'CodeIgniter\Session\Handlers\FileHandler' driver.
WARNING - 2024-08-01 14:20:29 --> Session: Sessions is enabled, and one exists. Please don't $session->start();
INFO - 2024-08-01 14:20:48 --> Session: Class initialized using 'CodeIgniter\Session\Handlers\FileHandler' driver.
WARNING - 2024-08-01 14:20:48 --> Session: Sessions is enabled, and one exists. Please don't $session->start();
INFO - 2024-08-01 14:20:50 --> Session: Class initialized using 'CodeIgniter\Session\Handlers\FileHandler' driver.
WARNING - 2024-08-01 14:20:50 --> Session: Sessions is enabled, and one exists. Please don't $session->start();
INFO - 2024-08-01 14:21:00 --> Session: Class initialized using 'CodeIgniter\Session\Handlers\FileHandler' driver.
WARNING - 2024-08-01 14:21:00 --> Session: Sessions is enabled, and one exists. Please don't $session->start();
INFO - 2024-08-01 14:21:02 --> Session: Class initialized using 'CodeIgniter\Session\Handlers\FileHandler' driver.
WARNING - 2024-08-01 14:21:02 --> Session: Sessions is enabled, and one exists. Please don't $session->start();
INFO - 2024-08-01 14:21:06 --> Session: Class initialized using 'CodeIgniter\Session\Handlers\FileHandler' driver.
WARNING - 2024-08-01 14:21:06 --> Session: Sessions is enabled, and one exists. Please don't $session->start();
INFO - 2024-08-01 14:21:09 --> Session: Class initialized using 'CodeIgniter\Session\Handlers\FileHandler' driver.
WARNING - 2024-08-01 14:21:09 --> Session: Sessions is enabled, and one exists. Please don't $session->start();
INFO - 2024-08-01 14:21:22 --> Session: Class initialized using 'CodeIgniter\Session\Handlers\FileHandler' driver.
WARNING - 2024-08-01 14:21:22 --> Session: Sessions is enabled, and one exists. Please don't $session->start();
INFO - 2024-08-01 14:21:27 --> Session: Class initialized using 'CodeIgniter\Session\Handlers\FileHandler' driver.
WARNING - 2024-08-01 14:21:27 --> Session: Sessions is enabled, and one exists. Please don't $session->start();
INFO - 2024-08-01 14:22:35 --> Session: Class initialized using 'CodeIgniter\Session\Handlers\FileHandler' driver.
WARNING - 2024-08-01 14:22:35 --> Session: Sessions is enabled, and one exists. Please don't $session->start();
INFO - 2024-08-01 14:22:45 --> Session: Class initialized using 'CodeIgniter\Session\Handlers\FileHandler' driver.
WARNING - 2024-08-01 14:22:45 --> Session: Sessions is enabled, and one exists. Please don't $session->start();
INFO - 2024-08-01 14:23:18 --> Session: Class initialized using 'CodeIgniter\Session\Handlers\FileHandler' driver.
WARNING - 2024-08-01 14:23:18 --> Session: Sessions is enabled, and one exists. Please don't $session->start();
INFO - 2024-08-01 14:23:29 --> Session: Class initialized using 'CodeIgniter\Session\Handlers\FileHandler' driver.
WARNING - 2024-08-01 14:23:29 --> Session: Sessions is enabled, and one exists. Please don't $session->start();
INFO - 2024-08-01 14:23:29 --> Session: Class initialized using 'CodeIgniter\Session\Handlers\FileHandler' driver.
WARNING - 2024-08-01 14:23:30 --> Session: Sessions is enabled, and one exists. Please don't $session->start();
INFO - 2024-08-01 14:23:31 --> Session: Class initialized using 'CodeIgniter\Session\Handlers\FileHandler' driver.
WARNING - 2024-08-01 14:23:31 --> Session: Sessions is enabled, and one exists. Please don't $session->start();
INFO - 2024-08-01 14:23:31 --> Session: Class initialized using 'CodeIgniter\Session\Handlers\FileHandler' driver.
WARNING - 2024-08-01 14:23:31 --> Session: Sessions is enabled, and one exists. Please don't $session->start();
INFO - 2024-08-01 14:23:32 --> Session: Class initialized using 'CodeIgniter\Session\Handlers\FileHandler' driver.
WARNING - 2024-08-01 14:23:32 --> Session: Sessions is enabled, and one exists. Please don't $session->start();
INFO - 2024-08-01 14:23:33 --> Session: Class initialized using 'CodeIgniter\Session\Handlers\FileHandler' driver.
WARNING - 2024-08-01 14:23:33 --> Session: Sessions is enabled, and one exists. Please don't $session->start();
INFO - 2024-08-01 14:24:18 --> Session: Class initialized using 'CodeIgniter\Session\Handlers\FileHandler' driver.
WARNING - 2024-08-01 14:24:18 --> Session: Sessions is enabled, and one exists. Please don't $session->start();
INFO - 2024-08-01 14:24:35 --> Session: Class initialized using 'CodeIgniter\Session\Handlers\FileHandler' driver.
WARNING - 2024-08-01 14:24:35 --> Session: Sessions is enabled, and one exists. Please don't $session->start();
INFO - 2024-08-01 14:24:48 --> Session: Class initialized using 'CodeIgniter\Session\Handlers\FileHandler' driver.
WARNING - 2024-08-01 14:24:48 --> Session: Sessions is enabled, and one exists. Please don't $session->start();
INFO - 2024-08-01 14:25:09 --> Session: Class initialized using 'CodeIgniter\Session\Handlers\FileHandler' driver.
WARNING - 2024-08-01 14:25:09 --> Session: Sessions is enabled, and one exists. Please don't $session->start();
INFO - 2024-08-01 14:25:34 --> Session: Class initialized using 'CodeIgniter\Session\Handlers\FileHandler' driver.
WARNING - 2024-08-01 14:25:34 --> Session: Sessions is enabled, and one exists. Please don't $session->start();
