CRITICAL - 2024-05-11 10:08:09 --> CodeIgniter\HTTP\Exceptions\BadRequestException: The URI you submitted has disallowed characters: "<"
[Method: GET, Route: %3C]
in SYSTEMPATH\Router\Router.php on line 736.
 1 SYSTEMPATH\Router\Router.php(203): CodeIgniter\Router\Router->checkDisallowedChars('<')
 2 SYSTEMPATH\CodeIgniter.php(834): CodeIgniter\Router\Router->handle('<')
 3 SYSTEMPATH\CodeIgniter.php(457): CodeIgniter\CodeIgniter->tryToRouteIt(Object(CodeIgniter\Router\RouteCollection))
 4 SYSTEMPATH\CodeIgniter.php(355): CodeIgniter\CodeIgniter->handleRequest(null, Object(Config\Cache), false)
 5 SYSTEMPATH\Boot.php(312): CodeIgniter\CodeIgniter->run()
 6 SYSTEMPATH\Boot.php(67): CodeIgniter\Boot::runCodeIgniter(Object(CodeIgniter\CodeIgniter))
 7 FCPATH\index.php(56): CodeIgniter\Boot::bootWeb(Object(Config\Paths))
CRITICAL - 2024-05-11 10:08:16 --> CodeIgniter\HTTP\Exceptions\BadRequestException: The URI you submitted has disallowed characters: "<"
[Method: GET, Route: %3C]
in SYSTEMPATH\Router\Router.php on line 736.
 1 SYSTEMPATH\Router\Router.php(203): CodeIgniter\Router\Router->checkDisallowedChars('<')
 2 SYSTEMPATH\CodeIgniter.php(834): CodeIgniter\Router\Router->handle('<')
 3 SYSTEMPATH\CodeIgniter.php(457): CodeIgniter\CodeIgniter->tryToRouteIt(Object(CodeIgniter\Router\RouteCollection))
 4 SYSTEMPATH\CodeIgniter.php(355): CodeIgniter\CodeIgniter->handleRequest(null, Object(Config\Cache), false)
 5 SYSTEMPATH\Boot.php(312): CodeIgniter\CodeIgniter->run()
 6 SYSTEMPATH\Boot.php(67): CodeIgniter\Boot::runCodeIgniter(Object(CodeIgniter\CodeIgniter))
 7 FCPATH\index.php(56): CodeIgniter\Boot::bootWeb(Object(Config\Paths))
CRITICAL - 2024-05-11 10:09:09 --> CodeIgniter\HTTP\Exceptions\BadRequestException: The URI you submitted has disallowed characters: "<"
[Method: GET, Route: %3C]
in SYSTEMPATH\Router\Router.php on line 736.
 1 SYSTEMPATH\Router\Router.php(203): CodeIgniter\Router\Router->checkDisallowedChars('<')
 2 SYSTEMPATH\CodeIgniter.php(834): CodeIgniter\Router\Router->handle('<')
 3 SYSTEMPATH\CodeIgniter.php(457): CodeIgniter\CodeIgniter->tryToRouteIt(Object(CodeIgniter\Router\RouteCollection))
 4 SYSTEMPATH\CodeIgniter.php(355): CodeIgniter\CodeIgniter->handleRequest(null, Object(Config\Cache), false)
 5 SYSTEMPATH\Boot.php(312): CodeIgniter\CodeIgniter->run()
 6 SYSTEMPATH\Boot.php(67): CodeIgniter\Boot::runCodeIgniter(Object(CodeIgniter\CodeIgniter))
 7 FCPATH\index.php(56): CodeIgniter\Boot::bootWeb(Object(Config\Paths))
CRITICAL - 2024-05-11 10:16:53 --> CodeIgniter\HTTP\Exceptions\BadRequestException: The URI you submitted has disallowed characters: "<"
[Method: GET, Route: %3C]
in SYSTEMPATH\Router\Router.php on line 736.
 1 SYSTEMPATH\Router\Router.php(203): CodeIgniter\Router\Router->checkDisallowedChars('<')
 2 SYSTEMPATH\CodeIgniter.php(834): CodeIgniter\Router\Router->handle('<')
 3 SYSTEMPATH\CodeIgniter.php(457): CodeIgniter\CodeIgniter->tryToRouteIt(Object(CodeIgniter\Router\RouteCollection))
 4 SYSTEMPATH\CodeIgniter.php(355): CodeIgniter\CodeIgniter->handleRequest(null, Object(Config\Cache), false)
 5 SYSTEMPATH\Boot.php(312): CodeIgniter\CodeIgniter->run()
 6 SYSTEMPATH\Boot.php(67): CodeIgniter\Boot::runCodeIgniter(Object(CodeIgniter\CodeIgniter))
 7 FCPATH\index.php(56): CodeIgniter\Boot::bootWeb(Object(Config\Paths))
CRITICAL - 2024-05-11 10:17:11 --> CodeIgniter\HTTP\Exceptions\BadRequestException: The URI you submitted has disallowed characters: "<"
[Method: GET, Route: %3C]
in SYSTEMPATH\Router\Router.php on line 736.
 1 SYSTEMPATH\Router\Router.php(203): CodeIgniter\Router\Router->checkDisallowedChars('<')
 2 SYSTEMPATH\CodeIgniter.php(834): CodeIgniter\Router\Router->handle('<')
 3 SYSTEMPATH\CodeIgniter.php(457): CodeIgniter\CodeIgniter->tryToRouteIt(Object(CodeIgniter\Router\RouteCollection))
 4 SYSTEMPATH\CodeIgniter.php(355): CodeIgniter\CodeIgniter->handleRequest(null, Object(Config\Cache), false)
 5 SYSTEMPATH\Boot.php(312): CodeIgniter\CodeIgniter->run()
 6 SYSTEMPATH\Boot.php(67): CodeIgniter\Boot::runCodeIgniter(Object(CodeIgniter\CodeIgniter))
 7 FCPATH\index.php(56): CodeIgniter\Boot::bootWeb(Object(Config\Paths))
CRITICAL - 2024-05-11 11:07:11 --> Error: Call to undefined method CodeIgniter\View\View::view()
[Method: GET, Route: produk/2]
in APPPATH\Views\produk\detail_produk.php on line 7.
 1 SYSTEMPATH\View\View.php(234): include()
 2 SYSTEMPATH\View\View.php(237): CodeIgniter\View\View->CodeIgniter\View\{closure}()
 3 SYSTEMPATH\Common.php(1171): CodeIgniter\View\View->render('produk/detail_produk', [], true)
 4 APPPATH\Controllers\Produk.php(25): view('produk/detail_produk', [...])
 5 SYSTEMPATH\CodeIgniter.php(933): App\Controllers\Produk->detailProduk('2')
 6 SYSTEMPATH\CodeIgniter.php(509): CodeIgniter\CodeIgniter->runController(Object(App\Controllers\Produk))
 7 SYSTEMPATH\CodeIgniter.php(355): CodeIgniter\CodeIgniter->handleRequest(null, Object(Config\Cache), false)
 8 SYSTEMPATH\Boot.php(312): CodeIgniter\CodeIgniter->run()
 9 SYSTEMPATH\Boot.php(67): CodeIgniter\Boot::runCodeIgniter(Object(CodeIgniter\CodeIgniter))
10 FCPATH\index.php(56): CodeIgniter\Boot::bootWeb(Object(Config\Paths))
11 SYSTEMPATH\Commands\Server\rewrite.php(49): require_once('D:\\Project\\dlbeauty\\public\\index.php')
CRITICAL - 2024-05-11 11:07:16 --> Error: Call to undefined method CodeIgniter\View\View::view()
[Method: GET, Route: produk/1]
in APPPATH\Views\produk\detail_produk.php on line 7.
 1 SYSTEMPATH\View\View.php(234): include()
 2 SYSTEMPATH\View\View.php(237): CodeIgniter\View\View->CodeIgniter\View\{closure}()
 3 SYSTEMPATH\Common.php(1171): CodeIgniter\View\View->render('produk/detail_produk', [], true)
 4 APPPATH\Controllers\Produk.php(25): view('produk/detail_produk', [...])
 5 SYSTEMPATH\CodeIgniter.php(933): App\Controllers\Produk->detailProduk('1')
 6 SYSTEMPATH\CodeIgniter.php(509): CodeIgniter\CodeIgniter->runController(Object(App\Controllers\Produk))
 7 SYSTEMPATH\CodeIgniter.php(355): CodeIgniter\CodeIgniter->handleRequest(null, Object(Config\Cache), false)
 8 SYSTEMPATH\Boot.php(312): CodeIgniter\CodeIgniter->run()
 9 SYSTEMPATH\Boot.php(67): CodeIgniter\Boot::runCodeIgniter(Object(CodeIgniter\CodeIgniter))
10 FCPATH\index.php(56): CodeIgniter\Boot::bootWeb(Object(Config\Paths))
11 SYSTEMPATH\Commands\Server\rewrite.php(49): require_once('D:\\Project\\dlbeauty\\public\\index.php')
CRITICAL - 2024-05-11 11:14:05 --> TypeError: App\Controllers\LandingPage::index(): Return value must be of type string, none returned
[Method: GET, Route: /]
in APPPATH\Controllers\LandingPage.php on line 25.
 1 SYSTEMPATH\CodeIgniter.php(933): App\Controllers\LandingPage->index()
 2 SYSTEMPATH\CodeIgniter.php(509): CodeIgniter\CodeIgniter->runController(Object(App\Controllers\LandingPage))
 3 SYSTEMPATH\CodeIgniter.php(355): CodeIgniter\CodeIgniter->handleRequest(null, Object(Config\Cache), false)
 4 SYSTEMPATH\Boot.php(312): CodeIgniter\CodeIgniter->run()
 5 SYSTEMPATH\Boot.php(67): CodeIgniter\Boot::runCodeIgniter(Object(CodeIgniter\CodeIgniter))
 6 FCPATH\index.php(56): CodeIgniter\Boot::bootWeb(Object(Config\Paths))
 7 SYSTEMPATH\Commands\Server\rewrite.php(49): require_once('D:\\Project\\dlbeauty\\public\\index.php')
CRITICAL - 2024-05-11 11:21:05 --> ErrorException: Undefined array key 1
[Method: GET, Route: /]
in APPPATH\Views\templates\navbar.php on line 2.
 1 APPPATH\Views\templates\navbar.php(2): CodeIgniter\Debug\Exceptions->errorHandler(2, 'Undefined array key 1', 'D:\\Project\\dlbeauty\\app\\Views\\templates\\navbar.php', 2)
 2 SYSTEMPATH\View\View.php(234): include('D:\\Project\\dlbeauty\\app\\Views\\templates\\navbar.php')
 3 SYSTEMPATH\View\View.php(237): CodeIgniter\View\View->CodeIgniter\View\{closure}()
 4 SYSTEMPATH\View\View.php(484): CodeIgniter\View\View->render('templates/navbar', null, true)
 5 APPPATH\Views\templates\layout.php(9): CodeIgniter\View\View->include('templates/navbar')
 6 SYSTEMPATH\View\View.php(234): include('D:\\Project\\dlbeauty\\app\\Views\\templates\\layout.php')
 7 SYSTEMPATH\View\View.php(237): CodeIgniter\View\View->CodeIgniter\View\{closure}()
 8 SYSTEMPATH\View\View.php(250): CodeIgniter\View\View->render('templates/layout', [], true)
 9 SYSTEMPATH\Common.php(1171): CodeIgniter\View\View->render('landing_page', [], true)
10 APPPATH\Controllers\LandingPage.php(25): view('landing_page')
11 SYSTEMPATH\CodeIgniter.php(933): App\Controllers\LandingPage->index()
12 SYSTEMPATH\CodeIgniter.php(509): CodeIgniter\CodeIgniter->runController(Object(App\Controllers\LandingPage))
13 SYSTEMPATH\CodeIgniter.php(355): CodeIgniter\CodeIgniter->handleRequest(null, Object(Config\Cache), false)
14 SYSTEMPATH\Boot.php(312): CodeIgniter\CodeIgniter->run()
15 SYSTEMPATH\Boot.php(67): CodeIgniter\Boot::runCodeIgniter(Object(CodeIgniter\CodeIgniter))
16 FCPATH\index.php(56): CodeIgniter\Boot::bootWeb(Object(Config\Paths))
17 SYSTEMPATH\Commands\Server\rewrite.php(49): require_once('D:\\Project\\dlbeauty\\public\\index.php')
CRITICAL - 2024-05-11 11:21:11 --> ErrorException: Undefined array key 1
[Method: GET, Route: /]
in APPPATH\Views\templates\navbar.php on line 2.
 1 APPPATH\Views\templates\navbar.php(2): CodeIgniter\Debug\Exceptions->errorHandler(2, 'Undefined array key 1', 'D:\\Project\\dlbeauty\\app\\Views\\templates\\navbar.php', 2)
 2 SYSTEMPATH\View\View.php(234): include('D:\\Project\\dlbeauty\\app\\Views\\templates\\navbar.php')
 3 SYSTEMPATH\View\View.php(237): CodeIgniter\View\View->CodeIgniter\View\{closure}()
 4 SYSTEMPATH\View\View.php(484): CodeIgniter\View\View->render('templates/navbar', null, true)
 5 APPPATH\Views\templates\layout.php(9): CodeIgniter\View\View->include('templates/navbar')
 6 SYSTEMPATH\View\View.php(234): include('D:\\Project\\dlbeauty\\app\\Views\\templates\\layout.php')
 7 SYSTEMPATH\View\View.php(237): CodeIgniter\View\View->CodeIgniter\View\{closure}()
 8 SYSTEMPATH\View\View.php(250): CodeIgniter\View\View->render('templates/layout', [], true)
 9 SYSTEMPATH\Common.php(1171): CodeIgniter\View\View->render('landing_page', [], true)
10 APPPATH\Controllers\LandingPage.php(25): view('landing_page')
11 SYSTEMPATH\CodeIgniter.php(933): App\Controllers\LandingPage->index()
12 SYSTEMPATH\CodeIgniter.php(509): CodeIgniter\CodeIgniter->runController(Object(App\Controllers\LandingPage))
13 SYSTEMPATH\CodeIgniter.php(355): CodeIgniter\CodeIgniter->handleRequest(null, Object(Config\Cache), false)
14 SYSTEMPATH\Boot.php(312): CodeIgniter\CodeIgniter->run()
15 SYSTEMPATH\Boot.php(67): CodeIgniter\Boot::runCodeIgniter(Object(CodeIgniter\CodeIgniter))
16 FCPATH\index.php(56): CodeIgniter\Boot::bootWeb(Object(Config\Paths))
17 SYSTEMPATH\Commands\Server\rewrite.php(49): require_once('D:\\Project\\dlbeauty\\public\\index.php')
CRITICAL - 2024-05-11 11:21:19 --> ErrorException: Undefined array key 1
[Method: GET, Route: /]
in APPPATH\Views\templates\navbar.php on line 2.
 1 APPPATH\Views\templates\navbar.php(2): CodeIgniter\Debug\Exceptions->errorHandler(2, 'Undefined array key 1', 'D:\\Project\\dlbeauty\\app\\Views\\templates\\navbar.php', 2)
 2 SYSTEMPATH\View\View.php(234): include('D:\\Project\\dlbeauty\\app\\Views\\templates\\navbar.php')
 3 SYSTEMPATH\View\View.php(237): CodeIgniter\View\View->CodeIgniter\View\{closure}()
 4 SYSTEMPATH\View\View.php(484): CodeIgniter\View\View->render('templates/navbar', null, true)
 5 APPPATH\Views\templates\layout.php(9): CodeIgniter\View\View->include('templates/navbar')
 6 SYSTEMPATH\View\View.php(234): include('D:\\Project\\dlbeauty\\app\\Views\\templates\\layout.php')
 7 SYSTEMPATH\View\View.php(237): CodeIgniter\View\View->CodeIgniter\View\{closure}()
 8 SYSTEMPATH\View\View.php(250): CodeIgniter\View\View->render('templates/layout', [], true)
 9 SYSTEMPATH\Common.php(1171): CodeIgniter\View\View->render('landing_page', [], true)
10 APPPATH\Controllers\LandingPage.php(25): view('landing_page')
11 SYSTEMPATH\CodeIgniter.php(933): App\Controllers\LandingPage->index()
12 SYSTEMPATH\CodeIgniter.php(509): CodeIgniter\CodeIgniter->runController(Object(App\Controllers\LandingPage))
13 SYSTEMPATH\CodeIgniter.php(355): CodeIgniter\CodeIgniter->handleRequest(null, Object(Config\Cache), false)
14 SYSTEMPATH\Boot.php(312): CodeIgniter\CodeIgniter->run()
15 SYSTEMPATH\Boot.php(67): CodeIgniter\Boot::runCodeIgniter(Object(CodeIgniter\CodeIgniter))
16 FCPATH\index.php(56): CodeIgniter\Boot::bootWeb(Object(Config\Paths))
17 SYSTEMPATH\Commands\Server\rewrite.php(49): require_once('D:\\Project\\dlbeauty\\public\\index.php')
CRITICAL - 2024-05-11 11:21:31 --> ErrorException: Undefined array key 1
[Method: GET, Route: /]
in APPPATH\Views\templates\navbar.php on line 2.
 1 APPPATH\Views\templates\navbar.php(2): CodeIgniter\Debug\Exceptions->errorHandler(2, 'Undefined array key 1', 'D:\\Project\\dlbeauty\\app\\Views\\templates\\navbar.php', 2)
 2 SYSTEMPATH\View\View.php(234): include('D:\\Project\\dlbeauty\\app\\Views\\templates\\navbar.php')
 3 SYSTEMPATH\View\View.php(237): CodeIgniter\View\View->CodeIgniter\View\{closure}()
 4 SYSTEMPATH\View\View.php(484): CodeIgniter\View\View->render('templates/navbar', null, true)
 5 APPPATH\Views\templates\layout.php(9): CodeIgniter\View\View->include('templates/navbar')
 6 SYSTEMPATH\View\View.php(234): include('D:\\Project\\dlbeauty\\app\\Views\\templates\\layout.php')
 7 SYSTEMPATH\View\View.php(237): CodeIgniter\View\View->CodeIgniter\View\{closure}()
 8 SYSTEMPATH\View\View.php(250): CodeIgniter\View\View->render('templates/layout', [], true)
 9 SYSTEMPATH\Common.php(1171): CodeIgniter\View\View->render('landing_page', [], true)
10 APPPATH\Controllers\LandingPage.php(25): view('landing_page')
11 SYSTEMPATH\CodeIgniter.php(933): App\Controllers\LandingPage->index()
12 SYSTEMPATH\CodeIgniter.php(509): CodeIgniter\CodeIgniter->runController(Object(App\Controllers\LandingPage))
13 SYSTEMPATH\CodeIgniter.php(355): CodeIgniter\CodeIgniter->handleRequest(null, Object(Config\Cache), false)
14 SYSTEMPATH\Boot.php(312): CodeIgniter\CodeIgniter->run()
15 SYSTEMPATH\Boot.php(67): CodeIgniter\Boot::runCodeIgniter(Object(CodeIgniter\CodeIgniter))
16 FCPATH\index.php(56): CodeIgniter\Boot::bootWeb(Object(Config\Paths))
17 SYSTEMPATH\Commands\Server\rewrite.php(49): require_once('D:\\Project\\dlbeauty\\public\\index.php')
CRITICAL - 2024-05-11 11:21:33 --> ErrorException: Undefined array key 1
[Method: GET, Route: /]
in APPPATH\Views\templates\navbar.php on line 2.
 1 APPPATH\Views\templates\navbar.php(2): CodeIgniter\Debug\Exceptions->errorHandler(2, 'Undefined array key 1', 'D:\\Project\\dlbeauty\\app\\Views\\templates\\navbar.php', 2)
 2 SYSTEMPATH\View\View.php(234): include('D:\\Project\\dlbeauty\\app\\Views\\templates\\navbar.php')
 3 SYSTEMPATH\View\View.php(237): CodeIgniter\View\View->CodeIgniter\View\{closure}()
 4 SYSTEMPATH\View\View.php(484): CodeIgniter\View\View->render('templates/navbar', null, true)
 5 APPPATH\Views\templates\layout.php(9): CodeIgniter\View\View->include('templates/navbar')
 6 SYSTEMPATH\View\View.php(234): include('D:\\Project\\dlbeauty\\app\\Views\\templates\\layout.php')
 7 SYSTEMPATH\View\View.php(237): CodeIgniter\View\View->CodeIgniter\View\{closure}()
 8 SYSTEMPATH\View\View.php(250): CodeIgniter\View\View->render('templates/layout', [], true)
 9 SYSTEMPATH\Common.php(1171): CodeIgniter\View\View->render('landing_page', [], true)
10 APPPATH\Controllers\LandingPage.php(25): view('landing_page')
11 SYSTEMPATH\CodeIgniter.php(933): App\Controllers\LandingPage->index()
12 SYSTEMPATH\CodeIgniter.php(509): CodeIgniter\CodeIgniter->runController(Object(App\Controllers\LandingPage))
13 SYSTEMPATH\CodeIgniter.php(355): CodeIgniter\CodeIgniter->handleRequest(null, Object(Config\Cache), false)
14 SYSTEMPATH\Boot.php(312): CodeIgniter\CodeIgniter->run()
15 SYSTEMPATH\Boot.php(67): CodeIgniter\Boot::runCodeIgniter(Object(CodeIgniter\CodeIgniter))
16 FCPATH\index.php(56): CodeIgniter\Boot::bootWeb(Object(Config\Paths))
17 SYSTEMPATH\Commands\Server\rewrite.php(49): require_once('D:\\Project\\dlbeauty\\public\\index.php')
CRITICAL - 2024-05-11 11:22:05 --> ErrorException: Array to string conversion
[Method: GET, Route: /]
in APPPATH\Views\templates\navbar.php on line 3.
 1 APPPATH\Views\templates\navbar.php(3): CodeIgniter\Debug\Exceptions->errorHandler(2, 'Array to string conversion', 'D:\\Project\\dlbeauty\\app\\Views\\templates\\navbar.php', 3)
 2 SYSTEMPATH\View\View.php(234): include('D:\\Project\\dlbeauty\\app\\Views\\templates\\navbar.php')
 3 SYSTEMPATH\View\View.php(237): CodeIgniter\View\View->CodeIgniter\View\{closure}()
 4 SYSTEMPATH\View\View.php(484): CodeIgniter\View\View->render('templates/navbar', null, true)
 5 APPPATH\Views\templates\layout.php(9): CodeIgniter\View\View->include('templates/navbar')
 6 SYSTEMPATH\View\View.php(234): include('D:\\Project\\dlbeauty\\app\\Views\\templates\\layout.php')
 7 SYSTEMPATH\View\View.php(237): CodeIgniter\View\View->CodeIgniter\View\{closure}()
 8 SYSTEMPATH\View\View.php(250): CodeIgniter\View\View->render('templates/layout', [], true)
 9 SYSTEMPATH\Common.php(1171): CodeIgniter\View\View->render('landing_page', [], true)
10 APPPATH\Controllers\LandingPage.php(25): view('landing_page')
11 SYSTEMPATH\CodeIgniter.php(933): App\Controllers\LandingPage->index()
12 SYSTEMPATH\CodeIgniter.php(509): CodeIgniter\CodeIgniter->runController(Object(App\Controllers\LandingPage))
13 SYSTEMPATH\CodeIgniter.php(355): CodeIgniter\CodeIgniter->handleRequest(null, Object(Config\Cache), false)
14 SYSTEMPATH\Boot.php(312): CodeIgniter\CodeIgniter->run()
15 SYSTEMPATH\Boot.php(67): CodeIgniter\Boot::runCodeIgniter(Object(CodeIgniter\CodeIgniter))
16 FCPATH\index.php(56): CodeIgniter\Boot::bootWeb(Object(Config\Paths))
17 SYSTEMPATH\Commands\Server\rewrite.php(49): require_once('D:\\Project\\dlbeauty\\public\\index.php')
CRITICAL - 2024-05-11 11:22:10 --> ErrorException: Array to string conversion
[Method: GET, Route: /]
in APPPATH\Views\templates\navbar.php on line 3.
 1 APPPATH\Views\templates\navbar.php(3): CodeIgniter\Debug\Exceptions->errorHandler(2, 'Array to string conversion', 'D:\\Project\\dlbeauty\\app\\Views\\templates\\navbar.php', 3)
 2 SYSTEMPATH\View\View.php(234): include('D:\\Project\\dlbeauty\\app\\Views\\templates\\navbar.php')
 3 SYSTEMPATH\View\View.php(237): CodeIgniter\View\View->CodeIgniter\View\{closure}()
 4 SYSTEMPATH\View\View.php(484): CodeIgniter\View\View->render('templates/navbar', null, true)
 5 APPPATH\Views\templates\layout.php(9): CodeIgniter\View\View->include('templates/navbar')
 6 SYSTEMPATH\View\View.php(234): include('D:\\Project\\dlbeauty\\app\\Views\\templates\\layout.php')
 7 SYSTEMPATH\View\View.php(237): CodeIgniter\View\View->CodeIgniter\View\{closure}()
 8 SYSTEMPATH\View\View.php(250): CodeIgniter\View\View->render('templates/layout', [], true)
 9 SYSTEMPATH\Common.php(1171): CodeIgniter\View\View->render('landing_page', [], true)
10 APPPATH\Controllers\LandingPage.php(25): view('landing_page')
11 SYSTEMPATH\CodeIgniter.php(933): App\Controllers\LandingPage->index()
12 SYSTEMPATH\CodeIgniter.php(509): CodeIgniter\CodeIgniter->runController(Object(App\Controllers\LandingPage))
13 SYSTEMPATH\CodeIgniter.php(355): CodeIgniter\CodeIgniter->handleRequest(null, Object(Config\Cache), false)
14 SYSTEMPATH\Boot.php(312): CodeIgniter\CodeIgniter->run()
15 SYSTEMPATH\Boot.php(67): CodeIgniter\Boot::runCodeIgniter(Object(CodeIgniter\CodeIgniter))
16 FCPATH\index.php(56): CodeIgniter\Boot::bootWeb(Object(Config\Paths))
17 SYSTEMPATH\Commands\Server\rewrite.php(49): require_once('D:\\Project\\dlbeauty\\public\\index.php')
CRITICAL - 2024-05-11 11:22:11 --> ErrorException: Array to string conversion
[Method: GET, Route: /]
in APPPATH\Views\templates\navbar.php on line 3.
 1 APPPATH\Views\templates\navbar.php(3): CodeIgniter\Debug\Exceptions->errorHandler(2, 'Array to string conversion', 'D:\\Project\\dlbeauty\\app\\Views\\templates\\navbar.php', 3)
 2 SYSTEMPATH\View\View.php(234): include('D:\\Project\\dlbeauty\\app\\Views\\templates\\navbar.php')
 3 SYSTEMPATH\View\View.php(237): CodeIgniter\View\View->CodeIgniter\View\{closure}()
 4 SYSTEMPATH\View\View.php(484): CodeIgniter\View\View->render('templates/navbar', null, true)
 5 APPPATH\Views\templates\layout.php(9): CodeIgniter\View\View->include('templates/navbar')
 6 SYSTEMPATH\View\View.php(234): include('D:\\Project\\dlbeauty\\app\\Views\\templates\\layout.php')
 7 SYSTEMPATH\View\View.php(237): CodeIgniter\View\View->CodeIgniter\View\{closure}()
 8 SYSTEMPATH\View\View.php(250): CodeIgniter\View\View->render('templates/layout', [], true)
 9 SYSTEMPATH\Common.php(1171): CodeIgniter\View\View->render('landing_page', [], true)
10 APPPATH\Controllers\LandingPage.php(25): view('landing_page')
11 SYSTEMPATH\CodeIgniter.php(933): App\Controllers\LandingPage->index()
12 SYSTEMPATH\CodeIgniter.php(509): CodeIgniter\CodeIgniter->runController(Object(App\Controllers\LandingPage))
13 SYSTEMPATH\CodeIgniter.php(355): CodeIgniter\CodeIgniter->handleRequest(null, Object(Config\Cache), false)
14 SYSTEMPATH\Boot.php(312): CodeIgniter\CodeIgniter->run()
15 SYSTEMPATH\Boot.php(67): CodeIgniter\Boot::runCodeIgniter(Object(CodeIgniter\CodeIgniter))
16 FCPATH\index.php(56): CodeIgniter\Boot::bootWeb(Object(Config\Paths))
17 SYSTEMPATH\Commands\Server\rewrite.php(49): require_once('D:\\Project\\dlbeauty\\public\\index.php')
CRITICAL - 2024-05-11 11:22:22 --> ErrorException: Array to string conversion
[Method: GET, Route: /]
in APPPATH\Views\templates\navbar.php on line 3.
 1 APPPATH\Views\templates\navbar.php(3): CodeIgniter\Debug\Exceptions->errorHandler(2, 'Array to string conversion', 'D:\\Project\\dlbeauty\\app\\Views\\templates\\navbar.php', 3)
 2 SYSTEMPATH\View\View.php(234): include('D:\\Project\\dlbeauty\\app\\Views\\templates\\navbar.php')
 3 SYSTEMPATH\View\View.php(237): CodeIgniter\View\View->CodeIgniter\View\{closure}()
 4 SYSTEMPATH\View\View.php(484): CodeIgniter\View\View->render('templates/navbar', null, true)
 5 APPPATH\Views\templates\layout.php(9): CodeIgniter\View\View->include('templates/navbar')
 6 SYSTEMPATH\View\View.php(234): include('D:\\Project\\dlbeauty\\app\\Views\\templates\\layout.php')
 7 SYSTEMPATH\View\View.php(237): CodeIgniter\View\View->CodeIgniter\View\{closure}()
 8 SYSTEMPATH\View\View.php(250): CodeIgniter\View\View->render('templates/layout', [], true)
 9 SYSTEMPATH\Common.php(1171): CodeIgniter\View\View->render('landing_page', [], true)
10 APPPATH\Controllers\LandingPage.php(25): view('landing_page')
11 SYSTEMPATH\CodeIgniter.php(933): App\Controllers\LandingPage->index()
12 SYSTEMPATH\CodeIgniter.php(509): CodeIgniter\CodeIgniter->runController(Object(App\Controllers\LandingPage))
13 SYSTEMPATH\CodeIgniter.php(355): CodeIgniter\CodeIgniter->handleRequest(null, Object(Config\Cache), false)
14 SYSTEMPATH\Boot.php(312): CodeIgniter\CodeIgniter->run()
15 SYSTEMPATH\Boot.php(67): CodeIgniter\Boot::runCodeIgniter(Object(CodeIgniter\CodeIgniter))
16 FCPATH\index.php(56): CodeIgniter\Boot::bootWeb(Object(Config\Paths))
17 SYSTEMPATH\Commands\Server\rewrite.php(49): require_once('D:\\Project\\dlbeauty\\public\\index.php')
CRITICAL - 2024-05-11 11:23:30 --> ErrorException: Undefined array key 1
[Method: GET, Route: /]
in APPPATH\Views\landing_page.php on line 4.
 1 APPPATH\Views\landing_page.php(4): CodeIgniter\Debug\Exceptions->errorHandler(2, 'Undefined array key 1', 'D:\\Project\\dlbeauty\\app\\Views\\landing_page.php', 4)
 2 SYSTEMPATH\View\View.php(234): include('D:\\Project\\dlbeauty\\app\\Views\\landing_page.php')
 3 SYSTEMPATH\View\View.php(237): CodeIgniter\View\View->CodeIgniter\View\{closure}()
 4 SYSTEMPATH\Common.php(1171): CodeIgniter\View\View->render('landing_page', [], true)
 5 APPPATH\Controllers\LandingPage.php(25): view('landing_page')
 6 SYSTEMPATH\CodeIgniter.php(933): App\Controllers\LandingPage->index()
 7 SYSTEMPATH\CodeIgniter.php(509): CodeIgniter\CodeIgniter->runController(Object(App\Controllers\LandingPage))
 8 SYSTEMPATH\CodeIgniter.php(355): CodeIgniter\CodeIgniter->handleRequest(null, Object(Config\Cache), false)
 9 SYSTEMPATH\Boot.php(312): CodeIgniter\CodeIgniter->run()
10 SYSTEMPATH\Boot.php(67): CodeIgniter\Boot::runCodeIgniter(Object(CodeIgniter\CodeIgniter))
11 FCPATH\index.php(56): CodeIgniter\Boot::bootWeb(Object(Config\Paths))
12 SYSTEMPATH\Commands\Server\rewrite.php(49): require_once('D:\\Project\\dlbeauty\\public\\index.php')
CRITICAL - 2024-05-11 11:26:30 --> ErrorException: Undefined variable $route
[Method: GET, Route: /]
in APPPATH\Views\templates\navbar.php on line 2.
 1 APPPATH\Views\templates\navbar.php(2): CodeIgniter\Debug\Exceptions->errorHandler(2, 'Undefined variable $route', 'D:\\Project\\dlbeauty\\app\\Views\\templates\\navbar.php', 2)
 2 SYSTEMPATH\View\View.php(234): include('D:\\Project\\dlbeauty\\app\\Views\\templates\\navbar.php')
 3 SYSTEMPATH\View\View.php(237): CodeIgniter\View\View->CodeIgniter\View\{closure}()
 4 SYSTEMPATH\View\View.php(484): CodeIgniter\View\View->render('templates/navbar', null, true)
 5 APPPATH\Views\templates\layout.php(9): CodeIgniter\View\View->include('templates/navbar')
 6 SYSTEMPATH\View\View.php(234): include('D:\\Project\\dlbeauty\\app\\Views\\templates\\layout.php')
 7 SYSTEMPATH\View\View.php(237): CodeIgniter\View\View->CodeIgniter\View\{closure}()
 8 SYSTEMPATH\View\View.php(250): CodeIgniter\View\View->render('templates/layout', [], true)
 9 SYSTEMPATH\Common.php(1171): CodeIgniter\View\View->render('landing_page', [], true)
10 APPPATH\Controllers\LandingPage.php(25): view('landing_page')
11 SYSTEMPATH\CodeIgniter.php(933): App\Controllers\LandingPage->index()
12 SYSTEMPATH\CodeIgniter.php(509): CodeIgniter\CodeIgniter->runController(Object(App\Controllers\LandingPage))
13 SYSTEMPATH\CodeIgniter.php(355): CodeIgniter\CodeIgniter->handleRequest(null, Object(Config\Cache), false)
14 SYSTEMPATH\Boot.php(312): CodeIgniter\CodeIgniter->run()
15 SYSTEMPATH\Boot.php(67): CodeIgniter\Boot::runCodeIgniter(Object(CodeIgniter\CodeIgniter))
16 FCPATH\index.php(56): CodeIgniter\Boot::bootWeb(Object(Config\Paths))
17 SYSTEMPATH\Commands\Server\rewrite.php(49): require_once('D:\\Project\\dlbeauty\\public\\index.php')
CRITICAL - 2024-05-11 11:27:39 --> ErrorException: Undefined variable $route
[Method: GET, Route: /]
in APPPATH\Views\templates\navbar.php on line 2.
 1 APPPATH\Views\templates\navbar.php(2): CodeIgniter\Debug\Exceptions->errorHandler(2, 'Undefined variable $route', 'D:\\Project\\dlbeauty\\app\\Views\\templates\\navbar.php', 2)
 2 SYSTEMPATH\View\View.php(234): include('D:\\Project\\dlbeauty\\app\\Views\\templates\\navbar.php')
 3 SYSTEMPATH\View\View.php(237): CodeIgniter\View\View->CodeIgniter\View\{closure}()
 4 SYSTEMPATH\View\View.php(484): CodeIgniter\View\View->render('templates/navbar', null, true)
 5 APPPATH\Views\templates\layout.php(9): CodeIgniter\View\View->include('templates/navbar')
 6 SYSTEMPATH\View\View.php(234): include('D:\\Project\\dlbeauty\\app\\Views\\templates\\layout.php')
 7 SYSTEMPATH\View\View.php(237): CodeIgniter\View\View->CodeIgniter\View\{closure}()
 8 SYSTEMPATH\View\View.php(250): CodeIgniter\View\View->render('templates/layout', [], true)
 9 SYSTEMPATH\Common.php(1171): CodeIgniter\View\View->render('landing_page', [], true)
10 APPPATH\Controllers\LandingPage.php(25): view('landing_page')
11 SYSTEMPATH\CodeIgniter.php(933): App\Controllers\LandingPage->index()
12 SYSTEMPATH\CodeIgniter.php(509): CodeIgniter\CodeIgniter->runController(Object(App\Controllers\LandingPage))
13 SYSTEMPATH\CodeIgniter.php(355): CodeIgniter\CodeIgniter->handleRequest(null, Object(Config\Cache), false)
14 SYSTEMPATH\Boot.php(312): CodeIgniter\CodeIgniter->run()
15 SYSTEMPATH\Boot.php(67): CodeIgniter\Boot::runCodeIgniter(Object(CodeIgniter\CodeIgniter))
16 FCPATH\index.php(56): CodeIgniter\Boot::bootWeb(Object(Config\Paths))
17 SYSTEMPATH\Commands\Server\rewrite.php(49): require_once('D:\\Project\\dlbeauty\\public\\index.php')
INFO - 2024-05-11 11:28:55 --> Session: Class initialized using 'CodeIgniter\Session\Handlers\FileHandler' driver.
WARNING - 2024-05-11 11:28:55 --> Session: Sessions is enabled, and one exists. Please don't $session->start();
CRITICAL - 2024-05-11 11:28:55 --> ErrorException: Undefined variable $route
[Method: GET, Route: /]
in APPPATH\Views\templates\navbar.php on line 2.
 1 APPPATH\Views\templates\navbar.php(2): CodeIgniter\Debug\Exceptions->errorHandler(2, 'Undefined variable $route', 'D:\\Project\\dlbeauty\\app\\Views\\templates\\navbar.php', 2)
 2 SYSTEMPATH\View\View.php(234): include('D:\\Project\\dlbeauty\\app\\Views\\templates\\navbar.php')
 3 SYSTEMPATH\View\View.php(237): CodeIgniter\View\View->CodeIgniter\View\{closure}()
 4 SYSTEMPATH\View\View.php(484): CodeIgniter\View\View->render('templates/navbar', null, true)
 5 APPPATH\Views\templates\layout.php(9): CodeIgniter\View\View->include('templates/navbar')
 6 SYSTEMPATH\View\View.php(234): include('D:\\Project\\dlbeauty\\app\\Views\\templates\\layout.php')
 7 SYSTEMPATH\View\View.php(237): CodeIgniter\View\View->CodeIgniter\View\{closure}()
 8 SYSTEMPATH\View\View.php(250): CodeIgniter\View\View->render('templates/layout', [], true)
 9 SYSTEMPATH\Common.php(1171): CodeIgniter\View\View->render('landing_page', [], true)
10 APPPATH\Controllers\LandingPage.php(25): view('landing_page')
11 SYSTEMPATH\CodeIgniter.php(933): App\Controllers\LandingPage->index()
12 SYSTEMPATH\CodeIgniter.php(509): CodeIgniter\CodeIgniter->runController(Object(App\Controllers\LandingPage))
13 SYSTEMPATH\CodeIgniter.php(355): CodeIgniter\CodeIgniter->handleRequest(null, Object(Config\Cache), false)
14 SYSTEMPATH\Boot.php(312): CodeIgniter\CodeIgniter->run()
15 SYSTEMPATH\Boot.php(67): CodeIgniter\Boot::runCodeIgniter(Object(CodeIgniter\CodeIgniter))
16 FCPATH\index.php(56): CodeIgniter\Boot::bootWeb(Object(Config\Paths))
17 SYSTEMPATH\Commands\Server\rewrite.php(49): require_once('D:\\Project\\dlbeauty\\public\\index.php')
INFO - 2024-05-11 11:29:52 --> Session: Class initialized using 'CodeIgniter\Session\Handlers\FileHandler' driver.
WARNING - 2024-05-11 11:29:52 --> Session: Sessions is enabled, and one exists. Please don't $session->start();
INFO - 2024-05-11 11:29:59 --> Session: Class initialized using 'CodeIgniter\Session\Handlers\FileHandler' driver.
WARNING - 2024-05-11 11:29:59 --> Session: Sessions is enabled, and one exists. Please don't $session->start();
CRITICAL - 2024-05-11 11:29:59 --> TypeError: count(): Argument #1 ($value) must be of type Countable|array, string given
[Method: GET, Route: produk]
in APPPATH\Views\templates\navbar.php on line 2.
 1 SYSTEMPATH\View\View.php(234): include()
 2 SYSTEMPATH\View\View.php(237): CodeIgniter\View\View->CodeIgniter\View\{closure}()
 3 SYSTEMPATH\View\View.php(484): CodeIgniter\View\View->render('templates/navbar', null, true)
 4 APPPATH\Views\templates\layout.php(9): CodeIgniter\View\View->include('templates/navbar')
 5 SYSTEMPATH\View\View.php(234): include('D:\\Project\\dlbeauty\\app\\Views\\templates\\layout.php')
 6 SYSTEMPATH\View\View.php(237): CodeIgniter\View\View->CodeIgniter\View\{closure}()
 7 SYSTEMPATH\View\View.php(250): CodeIgniter\View\View->render('templates/layout', [], true)
 8 SYSTEMPATH\Common.php(1171): CodeIgniter\View\View->render('produk/produk', [], true)
 9 APPPATH\Controllers\Produk.php(19): view('produk/produk')
10 SYSTEMPATH\CodeIgniter.php(933): App\Controllers\Produk->index()
11 SYSTEMPATH\CodeIgniter.php(509): CodeIgniter\CodeIgniter->runController(Object(App\Controllers\Produk))
12 SYSTEMPATH\CodeIgniter.php(355): CodeIgniter\CodeIgniter->handleRequest(null, Object(Config\Cache), false)
13 SYSTEMPATH\Boot.php(312): CodeIgniter\CodeIgniter->run()
14 SYSTEMPATH\Boot.php(67): CodeIgniter\Boot::runCodeIgniter(Object(CodeIgniter\CodeIgniter))
15 FCPATH\index.php(56): CodeIgniter\Boot::bootWeb(Object(Config\Paths))
16 SYSTEMPATH\Commands\Server\rewrite.php(49): require_once('D:\\Project\\dlbeauty\\public\\index.php')
INFO - 2024-05-11 11:31:36 --> Session: Class initialized using 'CodeIgniter\Session\Handlers\FileHandler' driver.
WARNING - 2024-05-11 11:31:36 --> Session: Sessions is enabled, and one exists. Please don't $session->start();
INFO - 2024-05-11 11:31:41 --> Session: Class initialized using 'CodeIgniter\Session\Handlers\FileHandler' driver.
WARNING - 2024-05-11 11:31:41 --> Session: Sessions is enabled, and one exists. Please don't $session->start();
INFO - 2024-05-11 11:34:05 --> Session: Class initialized using 'CodeIgniter\Session\Handlers\FileHandler' driver.
WARNING - 2024-05-11 11:34:05 --> Session: Sessions is enabled, and one exists. Please don't $session->start();
INFO - 2024-05-11 11:34:22 --> Session: Class initialized using 'CodeIgniter\Session\Handlers\FileHandler' driver.
WARNING - 2024-05-11 11:34:22 --> Session: Sessions is enabled, and one exists. Please don't $session->start();
INFO - 2024-05-11 11:34:53 --> Session: Class initialized using 'CodeIgniter\Session\Handlers\FileHandler' driver.
WARNING - 2024-05-11 11:34:53 --> Session: Sessions is enabled, and one exists. Please don't $session->start();
INFO - 2024-05-11 11:34:56 --> Session: Class initialized using 'CodeIgniter\Session\Handlers\FileHandler' driver.
WARNING - 2024-05-11 11:34:56 --> Session: Sessions is enabled, and one exists. Please don't $session->start();
INFO - 2024-05-11 11:34:59 --> Session: Class initialized using 'CodeIgniter\Session\Handlers\FileHandler' driver.
WARNING - 2024-05-11 11:34:59 --> Session: Sessions is enabled, and one exists. Please don't $session->start();
INFO - 2024-05-11 11:35:01 --> Session: Class initialized using 'CodeIgniter\Session\Handlers\FileHandler' driver.
WARNING - 2024-05-11 11:35:01 --> Session: Sessions is enabled, and one exists. Please don't $session->start();
INFO - 2024-05-11 11:35:34 --> Session: Class initialized using 'CodeIgniter\Session\Handlers\FileHandler' driver.
WARNING - 2024-05-11 11:35:34 --> Session: Sessions is enabled, and one exists. Please don't $session->start();
INFO - 2024-05-11 11:37:24 --> Session: Class initialized using 'CodeIgniter\Session\Handlers\FileHandler' driver.
WARNING - 2024-05-11 11:37:24 --> Session: Sessions is enabled, and one exists. Please don't $session->start();
INFO - 2024-05-11 11:37:26 --> Session: Class initialized using 'CodeIgniter\Session\Handlers\FileHandler' driver.
WARNING - 2024-05-11 11:37:26 --> Session: Sessions is enabled, and one exists. Please don't $session->start();
CRITICAL - 2024-05-11 11:37:26 --> ErrorException: Undefined array key 2
[Method: GET, Route: produk]
in APPPATH\Views\templates\breadcrumb.php on line 3.
 1 APPPATH\Views\templates\breadcrumb.php(3): CodeIgniter\Debug\Exceptions->errorHandler(2, 'Undefined array key 2', 'D:\\Project\\dlbeauty\\app\\Views\\templates\\breadcrumb.php', 3)
 2 SYSTEMPATH\View\View.php(234): include('D:\\Project\\dlbeauty\\app\\Views\\templates\\breadcrumb.php')
 3 SYSTEMPATH\View\View.php(237): CodeIgniter\View\View->CodeIgniter\View\{closure}()
 4 SYSTEMPATH\View\View.php(484): CodeIgniter\View\View->render('templates/breadcrumb', null, true)
 5 APPPATH\Views\produk\produk.php(7): CodeIgniter\View\View->include('templates/breadcrumb')
 6 SYSTEMPATH\View\View.php(234): include('D:\\Project\\dlbeauty\\app\\Views\\produk\\produk.php')
 7 SYSTEMPATH\View\View.php(237): CodeIgniter\View\View->CodeIgniter\View\{closure}()
 8 SYSTEMPATH\Common.php(1171): CodeIgniter\View\View->render('produk/produk', [], true)
 9 APPPATH\Controllers\Produk.php(29): view('produk/produk')
10 SYSTEMPATH\CodeIgniter.php(933): App\Controllers\Produk->index()
11 SYSTEMPATH\CodeIgniter.php(509): CodeIgniter\CodeIgniter->runController(Object(App\Controllers\Produk))
12 SYSTEMPATH\CodeIgniter.php(355): CodeIgniter\CodeIgniter->handleRequest(null, Object(Config\Cache), false)
13 SYSTEMPATH\Boot.php(312): CodeIgniter\CodeIgniter->run()
14 SYSTEMPATH\Boot.php(67): CodeIgniter\Boot::runCodeIgniter(Object(CodeIgniter\CodeIgniter))
15 FCPATH\index.php(56): CodeIgniter\Boot::bootWeb(Object(Config\Paths))
16 SYSTEMPATH\Commands\Server\rewrite.php(49): require_once('D:\\Project\\dlbeauty\\public\\index.php')
INFO - 2024-05-11 11:37:35 --> Session: Class initialized using 'CodeIgniter\Session\Handlers\FileHandler' driver.
WARNING - 2024-05-11 11:37:35 --> Session: Sessions is enabled, and one exists. Please don't $session->start();
INFO - 2024-05-11 11:37:52 --> Session: Class initialized using 'CodeIgniter\Session\Handlers\FileHandler' driver.
WARNING - 2024-05-11 11:37:52 --> Session: Sessions is enabled, and one exists. Please don't $session->start();
INFO - 2024-05-11 11:38:40 --> Session: Class initialized using 'CodeIgniter\Session\Handlers\FileHandler' driver.
WARNING - 2024-05-11 11:38:40 --> Session: Sessions is enabled, and one exists. Please don't $session->start();
INFO - 2024-05-11 11:38:54 --> Session: Class initialized using 'CodeIgniter\Session\Handlers\FileHandler' driver.
WARNING - 2024-05-11 11:38:54 --> Session: Sessions is enabled, and one exists. Please don't $session->start();
INFO - 2024-05-11 11:41:00 --> Session: Class initialized using 'CodeIgniter\Session\Handlers\FileHandler' driver.
WARNING - 2024-05-11 11:41:00 --> Session: Sessions is enabled, and one exists. Please don't $session->start();
INFO - 2024-05-11 11:41:07 --> Session: Class initialized using 'CodeIgniter\Session\Handlers\FileHandler' driver.
WARNING - 2024-05-11 11:41:07 --> Session: Sessions is enabled, and one exists. Please don't $session->start();
INFO - 2024-05-11 11:41:23 --> Session: Class initialized using 'CodeIgniter\Session\Handlers\FileHandler' driver.
WARNING - 2024-05-11 11:41:23 --> Session: Sessions is enabled, and one exists. Please don't $session->start();
INFO - 2024-05-11 11:42:10 --> Session: Class initialized using 'CodeIgniter\Session\Handlers\FileHandler' driver.
WARNING - 2024-05-11 11:42:10 --> Session: Sessions is enabled, and one exists. Please don't $session->start();
INFO - 2024-05-11 11:42:16 --> Session: Class initialized using 'CodeIgniter\Session\Handlers\FileHandler' driver.
WARNING - 2024-05-11 11:42:16 --> Session: Sessions is enabled, and one exists. Please don't $session->start();
INFO - 2024-05-11 11:42:20 --> Session: Class initialized using 'CodeIgniter\Session\Handlers\FileHandler' driver.
WARNING - 2024-05-11 11:42:20 --> Session: Sessions is enabled, and one exists. Please don't $session->start();
INFO - 2024-05-11 11:42:24 --> Session: Class initialized using 'CodeIgniter\Session\Handlers\FileHandler' driver.
WARNING - 2024-05-11 11:42:24 --> Session: Sessions is enabled, and one exists. Please don't $session->start();
INFO - 2024-05-11 11:42:53 --> Session: Class initialized using 'CodeIgniter\Session\Handlers\FileHandler' driver.
WARNING - 2024-05-11 11:42:53 --> Session: Sessions is enabled, and one exists. Please don't $session->start();
INFO - 2024-05-11 11:43:10 --> Session: Class initialized using 'CodeIgniter\Session\Handlers\FileHandler' driver.
WARNING - 2024-05-11 11:43:10 --> Session: Sessions is enabled, and one exists. Please don't $session->start();
INFO - 2024-05-11 11:43:39 --> Session: Class initialized using 'CodeIgniter\Session\Handlers\FileHandler' driver.
WARNING - 2024-05-11 11:43:39 --> Session: Sessions is enabled, and one exists. Please don't $session->start();
INFO - 2024-05-11 11:43:41 --> Session: Class initialized using 'CodeIgniter\Session\Handlers\FileHandler' driver.
WARNING - 2024-05-11 11:43:41 --> Session: Sessions is enabled, and one exists. Please don't $session->start();
INFO - 2024-05-11 11:43:44 --> Session: Class initialized using 'CodeIgniter\Session\Handlers\FileHandler' driver.
WARNING - 2024-05-11 11:43:44 --> Session: Sessions is enabled, and one exists. Please don't $session->start();
INFO - 2024-05-11 11:43:47 --> Session: Class initialized using 'CodeIgniter\Session\Handlers\FileHandler' driver.
WARNING - 2024-05-11 11:43:47 --> Session: Sessions is enabled, and one exists. Please don't $session->start();
INFO - 2024-05-11 11:43:52 --> Session: Class initialized using 'CodeIgniter\Session\Handlers\FileHandler' driver.
WARNING - 2024-05-11 11:43:52 --> Session: Sessions is enabled, and one exists. Please don't $session->start();
INFO - 2024-05-11 11:45:23 --> Session: Class initialized using 'CodeIgniter\Session\Handlers\FileHandler' driver.
WARNING - 2024-05-11 11:45:23 --> Session: Sessions is enabled, and one exists. Please don't $session->start();
INFO - 2024-05-11 11:45:26 --> Session: Class initialized using 'CodeIgniter\Session\Handlers\FileHandler' driver.
WARNING - 2024-05-11 11:45:26 --> Session: Sessions is enabled, and one exists. Please don't $session->start();
INFO - 2024-05-11 11:48:03 --> Session: Class initialized using 'CodeIgniter\Session\Handlers\FileHandler' driver.
WARNING - 2024-05-11 11:48:03 --> Session: Sessions is enabled, and one exists. Please don't $session->start();
INFO - 2024-05-11 11:51:21 --> Session: Class initialized using 'CodeIgniter\Session\Handlers\FileHandler' driver.
WARNING - 2024-05-11 11:51:21 --> Session: Sessions is enabled, and one exists. Please don't $session->start();
INFO - 2024-05-11 11:51:29 --> Session: Class initialized using 'CodeIgniter\Session\Handlers\FileHandler' driver.
WARNING - 2024-05-11 11:51:29 --> Session: Sessions is enabled, and one exists. Please don't $session->start();
INFO - 2024-05-11 11:55:53 --> Session: Class initialized using 'CodeIgniter\Session\Handlers\FileHandler' driver.
WARNING - 2024-05-11 11:55:53 --> Session: Sessions is enabled, and one exists. Please don't $session->start();
INFO - 2024-05-11 11:55:58 --> Session: Class initialized using 'CodeIgniter\Session\Handlers\FileHandler' driver.
WARNING - 2024-05-11 11:55:58 --> Session: Sessions is enabled, and one exists. Please don't $session->start();
INFO - 2024-05-11 11:57:09 --> Session: Class initialized using 'CodeIgniter\Session\Handlers\FileHandler' driver.
WARNING - 2024-05-11 11:57:09 --> Session: Sessions is enabled, and one exists. Please don't $session->start();
INFO - 2024-05-11 11:57:12 --> Session: Class initialized using 'CodeIgniter\Session\Handlers\FileHandler' driver.
WARNING - 2024-05-11 11:57:12 --> Session: Sessions is enabled, and one exists. Please don't $session->start();
INFO - 2024-05-11 11:57:36 --> Session: Class initialized using 'CodeIgniter\Session\Handlers\FileHandler' driver.
WARNING - 2024-05-11 11:57:36 --> Session: Sessions is enabled, and one exists. Please don't $session->start();
INFO - 2024-05-11 11:58:33 --> Session: Class initialized using 'CodeIgniter\Session\Handlers\FileHandler' driver.
WARNING - 2024-05-11 11:58:33 --> Session: Sessions is enabled, and one exists. Please don't $session->start();
INFO - 2024-05-11 11:58:51 --> Session: Class initialized using 'CodeIgniter\Session\Handlers\FileHandler' driver.
WARNING - 2024-05-11 11:58:51 --> Session: Sessions is enabled, and one exists. Please don't $session->start();
INFO - 2024-05-11 12:01:02 --> Session: Class initialized using 'CodeIgniter\Session\Handlers\FileHandler' driver.
WARNING - 2024-05-11 12:01:02 --> Session: Sessions is enabled, and one exists. Please don't $session->start();
INFO - 2024-05-11 12:01:08 --> Session: Class initialized using 'CodeIgniter\Session\Handlers\FileHandler' driver.
WARNING - 2024-05-11 12:01:08 --> Session: Sessions is enabled, and one exists. Please don't $session->start();
INFO - 2024-05-11 12:01:28 --> Session: Class initialized using 'CodeIgniter\Session\Handlers\FileHandler' driver.
WARNING - 2024-05-11 12:01:28 --> Session: Sessions is enabled, and one exists. Please don't $session->start();
INFO - 2024-05-11 12:01:56 --> Session: Class initialized using 'CodeIgniter\Session\Handlers\FileHandler' driver.
WARNING - 2024-05-11 12:01:56 --> Session: Sessions is enabled, and one exists. Please don't $session->start();
INFO - 2024-05-11 12:02:12 --> Session: Class initialized using 'CodeIgniter\Session\Handlers\FileHandler' driver.
WARNING - 2024-05-11 12:02:12 --> Session: Sessions is enabled, and one exists. Please don't $session->start();
INFO - 2024-05-11 12:03:04 --> Session: Class initialized using 'CodeIgniter\Session\Handlers\FileHandler' driver.
WARNING - 2024-05-11 12:03:04 --> Session: Sessions is enabled, and one exists. Please don't $session->start();
INFO - 2024-05-11 12:03:18 --> Session: Class initialized using 'CodeIgniter\Session\Handlers\FileHandler' driver.
WARNING - 2024-05-11 12:03:18 --> Session: Sessions is enabled, and one exists. Please don't $session->start();
INFO - 2024-05-11 12:04:23 --> Session: Class initialized using 'CodeIgniter\Session\Handlers\FileHandler' driver.
WARNING - 2024-05-11 12:04:23 --> Session: Sessions is enabled, and one exists. Please don't $session->start();
INFO - 2024-05-11 12:04:30 --> Session: Class initialized using 'CodeIgniter\Session\Handlers\FileHandler' driver.
WARNING - 2024-05-11 12:04:30 --> Session: Sessions is enabled, and one exists. Please don't $session->start();
INFO - 2024-05-11 12:04:54 --> Session: Class initialized using 'CodeIgniter\Session\Handlers\FileHandler' driver.
WARNING - 2024-05-11 12:04:54 --> Session: Sessions is enabled, and one exists. Please don't $session->start();
INFO - 2024-05-11 12:05:04 --> Session: Class initialized using 'CodeIgniter\Session\Handlers\FileHandler' driver.
WARNING - 2024-05-11 12:05:04 --> Session: Sessions is enabled, and one exists. Please don't $session->start();
INFO - 2024-05-11 12:05:39 --> Session: Class initialized using 'CodeIgniter\Session\Handlers\FileHandler' driver.
WARNING - 2024-05-11 12:05:39 --> Session: Sessions is enabled, and one exists. Please don't $session->start();
INFO - 2024-05-11 12:05:47 --> Session: Class initialized using 'CodeIgniter\Session\Handlers\FileHandler' driver.
WARNING - 2024-05-11 12:05:47 --> Session: Sessions is enabled, and one exists. Please don't $session->start();
INFO - 2024-05-11 12:07:07 --> Session: Class initialized using 'CodeIgniter\Session\Handlers\FileHandler' driver.
WARNING - 2024-05-11 12:07:07 --> Session: Sessions is enabled, and one exists. Please don't $session->start();
INFO - 2024-05-11 12:07:23 --> Session: Class initialized using 'CodeIgniter\Session\Handlers\FileHandler' driver.
WARNING - 2024-05-11 12:07:23 --> Session: Sessions is enabled, and one exists. Please don't $session->start();
INFO - 2024-05-11 12:07:52 --> Session: Class initialized using 'CodeIgniter\Session\Handlers\FileHandler' driver.
WARNING - 2024-05-11 12:07:52 --> Session: Sessions is enabled, and one exists. Please don't $session->start();
INFO - 2024-05-11 12:08:20 --> Session: Class initialized using 'CodeIgniter\Session\Handlers\FileHandler' driver.
WARNING - 2024-05-11 12:08:20 --> Session: Sessions is enabled, and one exists. Please don't $session->start();
INFO - 2024-05-11 12:08:21 --> Session: Class initialized using 'CodeIgniter\Session\Handlers\FileHandler' driver.
WARNING - 2024-05-11 12:08:21 --> Session: Sessions is enabled, and one exists. Please don't $session->start();
INFO - 2024-05-11 12:08:36 --> Session: Class initialized using 'CodeIgniter\Session\Handlers\FileHandler' driver.
WARNING - 2024-05-11 12:08:36 --> Session: Sessions is enabled, and one exists. Please don't $session->start();
INFO - 2024-05-11 12:08:45 --> Session: Class initialized using 'CodeIgniter\Session\Handlers\FileHandler' driver.
WARNING - 2024-05-11 12:08:45 --> Session: Sessions is enabled, and one exists. Please don't $session->start();
INFO - 2024-05-11 12:08:47 --> Session: Class initialized using 'CodeIgniter\Session\Handlers\FileHandler' driver.
WARNING - 2024-05-11 12:08:47 --> Session: Sessions is enabled, and one exists. Please don't $session->start();
INFO - 2024-05-11 12:10:11 --> Session: Class initialized using 'CodeIgniter\Session\Handlers\FileHandler' driver.
WARNING - 2024-05-11 12:10:11 --> Session: Sessions is enabled, and one exists. Please don't $session->start();
INFO - 2024-05-11 12:11:50 --> Session: Class initialized using 'CodeIgniter\Session\Handlers\FileHandler' driver.
WARNING - 2024-05-11 12:11:50 --> Session: Sessions is enabled, and one exists. Please don't $session->start();
INFO - 2024-05-11 12:11:58 --> Session: Class initialized using 'CodeIgniter\Session\Handlers\FileHandler' driver.
WARNING - 2024-05-11 12:11:58 --> Session: Sessions is enabled, and one exists. Please don't $session->start();
INFO - 2024-05-11 12:12:07 --> Session: Class initialized using 'CodeIgniter\Session\Handlers\FileHandler' driver.
WARNING - 2024-05-11 12:12:07 --> Session: Sessions is enabled, and one exists. Please don't $session->start();
INFO - 2024-05-11 12:16:30 --> Session: Class initialized using 'CodeIgniter\Session\Handlers\FileHandler' driver.
WARNING - 2024-05-11 12:16:30 --> Session: Sessions is enabled, and one exists. Please don't $session->start();
INFO - 2024-05-11 12:21:02 --> Session: Class initialized using 'CodeIgniter\Session\Handlers\FileHandler' driver.
WARNING - 2024-05-11 12:21:02 --> Session: Sessions is enabled, and one exists. Please don't $session->start();
INFO - 2024-05-11 12:21:11 --> Session: Class initialized using 'CodeIgniter\Session\Handlers\FileHandler' driver.
WARNING - 2024-05-11 12:21:11 --> Session: Sessions is enabled, and one exists. Please don't $session->start();
INFO - 2024-05-11 13:15:29 --> Session: Class initialized using 'CodeIgniter\Session\Handlers\FileHandler' driver.
WARNING - 2024-05-11 13:15:29 --> Session: Sessions is enabled, and one exists. Please don't $session->start();
INFO - 2024-05-11 13:18:20 --> Session: Class initialized using 'CodeIgniter\Session\Handlers\FileHandler' driver.
WARNING - 2024-05-11 13:18:20 --> Session: Sessions is enabled, and one exists. Please don't $session->start();
INFO - 2024-05-11 13:19:15 --> Session: Class initialized using 'CodeIgniter\Session\Handlers\FileHandler' driver.
WARNING - 2024-05-11 13:19:15 --> Session: Sessions is enabled, and one exists. Please don't $session->start();
INFO - 2024-05-11 13:19:28 --> Session: Class initialized using 'CodeIgniter\Session\Handlers\FileHandler' driver.
WARNING - 2024-05-11 13:19:28 --> Session: Sessions is enabled, and one exists. Please don't $session->start();
INFO - 2024-05-11 13:19:30 --> Session: Class initialized using 'CodeIgniter\Session\Handlers\FileHandler' driver.
WARNING - 2024-05-11 13:19:30 --> Session: Sessions is enabled, and one exists. Please don't $session->start();
INFO - 2024-05-11 13:21:04 --> Session: Class initialized using 'CodeIgniter\Session\Handlers\FileHandler' driver.
WARNING - 2024-05-11 13:21:04 --> Session: Sessions is enabled, and one exists. Please don't $session->start();
INFO - 2024-05-11 13:21:44 --> Session: Class initialized using 'CodeIgniter\Session\Handlers\FileHandler' driver.
WARNING - 2024-05-11 13:21:44 --> Session: Sessions is enabled, and one exists. Please don't $session->start();
INFO - 2024-05-11 13:21:52 --> Session: Class initialized using 'CodeIgniter\Session\Handlers\FileHandler' driver.
WARNING - 2024-05-11 13:21:52 --> Session: Sessions is enabled, and one exists. Please don't $session->start();
INFO - 2024-05-11 13:23:01 --> Session: Class initialized using 'CodeIgniter\Session\Handlers\FileHandler' driver.
WARNING - 2024-05-11 13:23:01 --> Session: Sessions is enabled, and one exists. Please don't $session->start();
INFO - 2024-05-11 13:23:31 --> Session: Class initialized using 'CodeIgniter\Session\Handlers\FileHandler' driver.
WARNING - 2024-05-11 13:23:31 --> Session: Sessions is enabled, and one exists. Please don't $session->start();
INFO - 2024-05-11 13:24:18 --> Session: Class initialized using 'CodeIgniter\Session\Handlers\FileHandler' driver.
WARNING - 2024-05-11 13:24:18 --> Session: Sessions is enabled, and one exists. Please don't $session->start();
INFO - 2024-05-11 13:25:49 --> Session: Class initialized using 'CodeIgniter\Session\Handlers\FileHandler' driver.
WARNING - 2024-05-11 13:25:49 --> Session: Sessions is enabled, and one exists. Please don't $session->start();
INFO - 2024-05-11 13:25:54 --> Session: Class initialized using 'CodeIgniter\Session\Handlers\FileHandler' driver.
WARNING - 2024-05-11 13:25:54 --> Session: Sessions is enabled, and one exists. Please don't $session->start();
INFO - 2024-05-11 13:26:05 --> Session: Class initialized using 'CodeIgniter\Session\Handlers\FileHandler' driver.
WARNING - 2024-05-11 13:26:05 --> Session: Sessions is enabled, and one exists. Please don't $session->start();
INFO - 2024-05-11 13:26:40 --> Session: Class initialized using 'CodeIgniter\Session\Handlers\FileHandler' driver.
WARNING - 2024-05-11 13:26:40 --> Session: Sessions is enabled, and one exists. Please don't $session->start();
INFO - 2024-05-11 13:26:53 --> Session: Class initialized using 'CodeIgniter\Session\Handlers\FileHandler' driver.
WARNING - 2024-05-11 13:26:53 --> Session: Sessions is enabled, and one exists. Please don't $session->start();
INFO - 2024-05-11 13:26:57 --> Session: Class initialized using 'CodeIgniter\Session\Handlers\FileHandler' driver.
WARNING - 2024-05-11 13:26:57 --> Session: Sessions is enabled, and one exists. Please don't $session->start();
INFO - 2024-05-11 13:26:59 --> Session: Class initialized using 'CodeIgniter\Session\Handlers\FileHandler' driver.
WARNING - 2024-05-11 13:26:59 --> Session: Sessions is enabled, and one exists. Please don't $session->start();
INFO - 2024-05-11 13:27:25 --> Session: Class initialized using 'CodeIgniter\Session\Handlers\FileHandler' driver.
WARNING - 2024-05-11 13:27:25 --> Session: Sessions is enabled, and one exists. Please don't $session->start();
INFO - 2024-05-11 13:27:30 --> Session: Class initialized using 'CodeIgniter\Session\Handlers\FileHandler' driver.
WARNING - 2024-05-11 13:27:30 --> Session: Sessions is enabled, and one exists. Please don't $session->start();
INFO - 2024-05-11 13:27:34 --> Session: Class initialized using 'CodeIgniter\Session\Handlers\FileHandler' driver.
WARNING - 2024-05-11 13:27:34 --> Session: Sessions is enabled, and one exists. Please don't $session->start();
INFO - 2024-05-11 13:27:41 --> Session: Class initialized using 'CodeIgniter\Session\Handlers\FileHandler' driver.
WARNING - 2024-05-11 13:27:41 --> Session: Sessions is enabled, and one exists. Please don't $session->start();
INFO - 2024-05-11 13:28:00 --> Session: Class initialized using 'CodeIgniter\Session\Handlers\FileHandler' driver.
WARNING - 2024-05-11 13:28:00 --> Session: Sessions is enabled, and one exists. Please don't $session->start();
INFO - 2024-05-11 13:28:45 --> Session: Class initialized using 'CodeIgniter\Session\Handlers\FileHandler' driver.
WARNING - 2024-05-11 13:28:45 --> Session: Sessions is enabled, and one exists. Please don't $session->start();
INFO - 2024-05-11 13:29:19 --> Session: Class initialized using 'CodeIgniter\Session\Handlers\FileHandler' driver.
WARNING - 2024-05-11 13:29:19 --> Session: Sessions is enabled, and one exists. Please don't $session->start();
INFO - 2024-05-11 13:29:46 --> Session: Class initialized using 'CodeIgniter\Session\Handlers\FileHandler' driver.
WARNING - 2024-05-11 13:29:46 --> Session: Sessions is enabled, and one exists. Please don't $session->start();
INFO - 2024-05-11 13:29:53 --> Session: Class initialized using 'CodeIgniter\Session\Handlers\FileHandler' driver.
WARNING - 2024-05-11 13:29:53 --> Session: Sessions is enabled, and one exists. Please don't $session->start();
INFO - 2024-05-11 13:31:15 --> Session: Class initialized using 'CodeIgniter\Session\Handlers\FileHandler' driver.
WARNING - 2024-05-11 13:31:15 --> Session: Sessions is enabled, and one exists. Please don't $session->start();
INFO - 2024-05-11 13:31:45 --> Session: Class initialized using 'CodeIgniter\Session\Handlers\FileHandler' driver.
WARNING - 2024-05-11 13:31:45 --> Session: Sessions is enabled, and one exists. Please don't $session->start();
INFO - 2024-05-11 13:31:55 --> Session: Class initialized using 'CodeIgniter\Session\Handlers\FileHandler' driver.
WARNING - 2024-05-11 13:31:55 --> Session: Sessions is enabled, and one exists. Please don't $session->start();
INFO - 2024-05-11 13:32:01 --> Session: Class initialized using 'CodeIgniter\Session\Handlers\FileHandler' driver.
WARNING - 2024-05-11 13:32:01 --> Session: Sessions is enabled, and one exists. Please don't $session->start();
INFO - 2024-05-11 13:32:06 --> Session: Class initialized using 'CodeIgniter\Session\Handlers\FileHandler' driver.
WARNING - 2024-05-11 13:32:06 --> Session: Sessions is enabled, and one exists. Please don't $session->start();
INFO - 2024-05-11 13:33:49 --> Session: Class initialized using 'CodeIgniter\Session\Handlers\FileHandler' driver.
WARNING - 2024-05-11 13:33:49 --> Session: Sessions is enabled, and one exists. Please don't $session->start();
INFO - 2024-05-11 13:33:52 --> Session: Class initialized using 'CodeIgniter\Session\Handlers\FileHandler' driver.
WARNING - 2024-05-11 13:33:52 --> Session: Sessions is enabled, and one exists. Please don't $session->start();
INFO - 2024-05-11 13:36:03 --> Session: Class initialized using 'CodeIgniter\Session\Handlers\FileHandler' driver.
WARNING - 2024-05-11 13:36:03 --> Session: Sessions is enabled, and one exists. Please don't $session->start();
INFO - 2024-05-11 13:36:04 --> Session: Class initialized using 'CodeIgniter\Session\Handlers\FileHandler' driver.
WARNING - 2024-05-11 13:36:04 --> Session: Sessions is enabled, and one exists. Please don't $session->start();
INFO - 2024-05-11 13:36:12 --> Session: Class initialized using 'CodeIgniter\Session\Handlers\FileHandler' driver.
WARNING - 2024-05-11 13:36:12 --> Session: Sessions is enabled, and one exists. Please don't $session->start();
INFO - 2024-05-11 13:37:02 --> Session: Class initialized using 'CodeIgniter\Session\Handlers\FileHandler' driver.
WARNING - 2024-05-11 13:37:02 --> Session: Sessions is enabled, and one exists. Please don't $session->start();
INFO - 2024-05-11 13:37:07 --> Session: Class initialized using 'CodeIgniter\Session\Handlers\FileHandler' driver.
WARNING - 2024-05-11 13:37:07 --> Session: Sessions is enabled, and one exists. Please don't $session->start();
INFO - 2024-05-11 13:37:16 --> Session: Class initialized using 'CodeIgniter\Session\Handlers\FileHandler' driver.
WARNING - 2024-05-11 13:37:16 --> Session: Sessions is enabled, and one exists. Please don't $session->start();
INFO - 2024-05-11 13:37:22 --> Session: Class initialized using 'CodeIgniter\Session\Handlers\FileHandler' driver.
WARNING - 2024-05-11 13:37:22 --> Session: Sessions is enabled, and one exists. Please don't $session->start();
INFO - 2024-05-11 13:37:31 --> Session: Class initialized using 'CodeIgniter\Session\Handlers\FileHandler' driver.
WARNING - 2024-05-11 13:37:31 --> Session: Sessions is enabled, and one exists. Please don't $session->start();
INFO - 2024-05-11 13:37:56 --> Session: Class initialized using 'CodeIgniter\Session\Handlers\FileHandler' driver.
WARNING - 2024-05-11 13:37:56 --> Session: Sessions is enabled, and one exists. Please don't $session->start();
INFO - 2024-05-11 13:38:02 --> Session: Class initialized using 'CodeIgniter\Session\Handlers\FileHandler' driver.
WARNING - 2024-05-11 13:38:02 --> Session: Sessions is enabled, and one exists. Please don't $session->start();
INFO - 2024-05-11 13:38:03 --> Session: Class initialized using 'CodeIgniter\Session\Handlers\FileHandler' driver.
WARNING - 2024-05-11 13:38:03 --> Session: Sessions is enabled, and one exists. Please don't $session->start();
INFO - 2024-05-11 13:38:26 --> Session: Class initialized using 'CodeIgniter\Session\Handlers\FileHandler' driver.
WARNING - 2024-05-11 13:38:26 --> Session: Sessions is enabled, and one exists. Please don't $session->start();
INFO - 2024-05-11 13:38:28 --> Session: Class initialized using 'CodeIgniter\Session\Handlers\FileHandler' driver.
WARNING - 2024-05-11 13:38:28 --> Session: Sessions is enabled, and one exists. Please don't $session->start();
INFO - 2024-05-11 13:38:42 --> Session: Class initialized using 'CodeIgniter\Session\Handlers\FileHandler' driver.
WARNING - 2024-05-11 13:38:42 --> Session: Sessions is enabled, and one exists. Please don't $session->start();
INFO - 2024-05-11 13:39:01 --> Session: Class initialized using 'CodeIgniter\Session\Handlers\FileHandler' driver.
WARNING - 2024-05-11 13:39:01 --> Session: Sessions is enabled, and one exists. Please don't $session->start();
INFO - 2024-05-11 13:39:26 --> Session: Class initialized using 'CodeIgniter\Session\Handlers\FileHandler' driver.
WARNING - 2024-05-11 13:39:26 --> Session: Sessions is enabled, and one exists. Please don't $session->start();
INFO - 2024-05-11 13:39:37 --> Session: Class initialized using 'CodeIgniter\Session\Handlers\FileHandler' driver.
WARNING - 2024-05-11 13:39:37 --> Session: Sessions is enabled, and one exists. Please don't $session->start();
INFO - 2024-05-11 13:40:05 --> Session: Class initialized using 'CodeIgniter\Session\Handlers\FileHandler' driver.
WARNING - 2024-05-11 13:40:05 --> Session: Sessions is enabled, and one exists. Please don't $session->start();
INFO - 2024-05-11 13:40:25 --> Session: Class initialized using 'CodeIgniter\Session\Handlers\FileHandler' driver.
WARNING - 2024-05-11 13:40:25 --> Session: Sessions is enabled, and one exists. Please don't $session->start();
INFO - 2024-05-11 13:40:33 --> Session: Class initialized using 'CodeIgniter\Session\Handlers\FileHandler' driver.
WARNING - 2024-05-11 13:40:33 --> Session: Sessions is enabled, and one exists. Please don't $session->start();
INFO - 2024-05-11 13:41:01 --> Session: Class initialized using 'CodeIgniter\Session\Handlers\FileHandler' driver.
WARNING - 2024-05-11 13:41:01 --> Session: Sessions is enabled, and one exists. Please don't $session->start();
INFO - 2024-05-11 13:41:19 --> Session: Class initialized using 'CodeIgniter\Session\Handlers\FileHandler' driver.
WARNING - 2024-05-11 13:41:19 --> Session: Sessions is enabled, and one exists. Please don't $session->start();
INFO - 2024-05-11 13:41:40 --> Session: Class initialized using 'CodeIgniter\Session\Handlers\FileHandler' driver.
WARNING - 2024-05-11 13:41:40 --> Session: Sessions is enabled, and one exists. Please don't $session->start();
INFO - 2024-05-11 13:41:52 --> Session: Class initialized using 'CodeIgniter\Session\Handlers\FileHandler' driver.
WARNING - 2024-05-11 13:41:52 --> Session: Sessions is enabled, and one exists. Please don't $session->start();
INFO - 2024-05-11 13:42:01 --> Session: Class initialized using 'CodeIgniter\Session\Handlers\FileHandler' driver.
WARNING - 2024-05-11 13:42:01 --> Session: Sessions is enabled, and one exists. Please don't $session->start();
INFO - 2024-05-11 13:42:06 --> Session: Class initialized using 'CodeIgniter\Session\Handlers\FileHandler' driver.
WARNING - 2024-05-11 13:42:06 --> Session: Sessions is enabled, and one exists. Please don't $session->start();
INFO - 2024-05-11 13:42:19 --> Session: Class initialized using 'CodeIgniter\Session\Handlers\FileHandler' driver.
WARNING - 2024-05-11 13:42:19 --> Session: Sessions is enabled, and one exists. Please don't $session->start();
INFO - 2024-05-11 13:42:43 --> Session: Class initialized using 'CodeIgniter\Session\Handlers\FileHandler' driver.
WARNING - 2024-05-11 13:42:43 --> Session: Sessions is enabled, and one exists. Please don't $session->start();
INFO - 2024-05-11 13:43:02 --> Session: Class initialized using 'CodeIgniter\Session\Handlers\FileHandler' driver.
WARNING - 2024-05-11 13:43:02 --> Session: Sessions is enabled, and one exists. Please don't $session->start();
INFO - 2024-05-11 13:43:15 --> Session: Class initialized using 'CodeIgniter\Session\Handlers\FileHandler' driver.
WARNING - 2024-05-11 13:43:15 --> Session: Sessions is enabled, and one exists. Please don't $session->start();
INFO - 2024-05-11 13:44:20 --> Session: Class initialized using 'CodeIgniter\Session\Handlers\FileHandler' driver.
WARNING - 2024-05-11 13:44:20 --> Session: Sessions is enabled, and one exists. Please don't $session->start();
INFO - 2024-05-11 13:45:34 --> Session: Class initialized using 'CodeIgniter\Session\Handlers\FileHandler' driver.
WARNING - 2024-05-11 13:45:34 --> Session: Sessions is enabled, and one exists. Please don't $session->start();
INFO - 2024-05-11 13:45:43 --> Session: Class initialized using 'CodeIgniter\Session\Handlers\FileHandler' driver.
WARNING - 2024-05-11 13:45:43 --> Session: Sessions is enabled, and one exists. Please don't $session->start();
INFO - 2024-05-11 13:45:49 --> Session: Class initialized using 'CodeIgniter\Session\Handlers\FileHandler' driver.
WARNING - 2024-05-11 13:45:49 --> Session: Sessions is enabled, and one exists. Please don't $session->start();
INFO - 2024-05-11 13:46:57 --> Session: Class initialized using 'CodeIgniter\Session\Handlers\FileHandler' driver.
WARNING - 2024-05-11 13:46:57 --> Session: Sessions is enabled, and one exists. Please don't $session->start();
INFO - 2024-05-11 13:46:59 --> Session: Class initialized using 'CodeIgniter\Session\Handlers\FileHandler' driver.
WARNING - 2024-05-11 13:46:59 --> Session: Sessions is enabled, and one exists. Please don't $session->start();
INFO - 2024-05-11 13:47:11 --> Session: Class initialized using 'CodeIgniter\Session\Handlers\FileHandler' driver.
WARNING - 2024-05-11 13:47:11 --> Session: Sessions is enabled, and one exists. Please don't $session->start();
INFO - 2024-05-11 13:55:18 --> Session: Class initialized using 'CodeIgniter\Session\Handlers\FileHandler' driver.
WARNING - 2024-05-11 13:55:18 --> Session: Sessions is enabled, and one exists. Please don't $session->start();
INFO - 2024-05-11 14:00:15 --> Session: Class initialized using 'CodeIgniter\Session\Handlers\FileHandler' driver.
WARNING - 2024-05-11 14:00:15 --> Session: Sessions is enabled, and one exists. Please don't $session->start();
INFO - 2024-05-11 14:00:19 --> Session: Class initialized using 'CodeIgniter\Session\Handlers\FileHandler' driver.
WARNING - 2024-05-11 14:00:19 --> Session: Sessions is enabled, and one exists. Please don't $session->start();
INFO - 2024-05-11 14:07:55 --> Session: Class initialized using 'CodeIgniter\Session\Handlers\FileHandler' driver.
WARNING - 2024-05-11 14:07:55 --> Session: Sessions is enabled, and one exists. Please don't $session->start();
INFO - 2024-05-11 14:08:13 --> Session: Class initialized using 'CodeIgniter\Session\Handlers\FileHandler' driver.
WARNING - 2024-05-11 14:08:13 --> Session: Sessions is enabled, and one exists. Please don't $session->start();
INFO - 2024-05-11 14:08:27 --> Session: Class initialized using 'CodeIgniter\Session\Handlers\FileHandler' driver.
WARNING - 2024-05-11 14:08:27 --> Session: Sessions is enabled, and one exists. Please don't $session->start();
INFO - 2024-05-11 14:09:02 --> Session: Class initialized using 'CodeIgniter\Session\Handlers\FileHandler' driver.
WARNING - 2024-05-11 14:09:02 --> Session: Sessions is enabled, and one exists. Please don't $session->start();
INFO - 2024-05-11 14:09:14 --> Session: Class initialized using 'CodeIgniter\Session\Handlers\FileHandler' driver.
WARNING - 2024-05-11 14:09:14 --> Session: Sessions is enabled, and one exists. Please don't $session->start();
INFO - 2024-05-11 14:09:17 --> Session: Class initialized using 'CodeIgniter\Session\Handlers\FileHandler' driver.
WARNING - 2024-05-11 14:09:17 --> Session: Sessions is enabled, and one exists. Please don't $session->start();
INFO - 2024-05-11 14:09:23 --> Session: Class initialized using 'CodeIgniter\Session\Handlers\FileHandler' driver.
WARNING - 2024-05-11 14:09:23 --> Session: Sessions is enabled, and one exists. Please don't $session->start();
INFO - 2024-05-11 14:09:24 --> Session: Class initialized using 'CodeIgniter\Session\Handlers\FileHandler' driver.
WARNING - 2024-05-11 14:09:24 --> Session: Sessions is enabled, and one exists. Please don't $session->start();
INFO - 2024-05-11 14:09:36 --> Session: Class initialized using 'CodeIgniter\Session\Handlers\FileHandler' driver.
WARNING - 2024-05-11 14:09:36 --> Session: Sessions is enabled, and one exists. Please don't $session->start();
INFO - 2024-05-11 14:09:41 --> Session: Class initialized using 'CodeIgniter\Session\Handlers\FileHandler' driver.
WARNING - 2024-05-11 14:09:41 --> Session: Sessions is enabled, and one exists. Please don't $session->start();
INFO - 2024-05-11 14:10:14 --> Session: Class initialized using 'CodeIgniter\Session\Handlers\FileHandler' driver.
WARNING - 2024-05-11 14:10:14 --> Session: Sessions is enabled, and one exists. Please don't $session->start();
INFO - 2024-05-11 14:11:52 --> Session: Class initialized using 'CodeIgniter\Session\Handlers\FileHandler' driver.
WARNING - 2024-05-11 14:11:52 --> Session: Sessions is enabled, and one exists. Please don't $session->start();
INFO - 2024-05-11 14:15:26 --> Session: Class initialized using 'CodeIgniter\Session\Handlers\FileHandler' driver.
WARNING - 2024-05-11 14:15:26 --> Session: Sessions is enabled, and one exists. Please don't $session->start();
INFO - 2024-05-11 14:15:31 --> Session: Class initialized using 'CodeIgniter\Session\Handlers\FileHandler' driver.
WARNING - 2024-05-11 14:15:31 --> Session: Sessions is enabled, and one exists. Please don't $session->start();
INFO - 2024-05-11 14:25:38 --> Session: Class initialized using 'CodeIgniter\Session\Handlers\FileHandler' driver.
WARNING - 2024-05-11 14:25:38 --> Session: Sessions is enabled, and one exists. Please don't $session->start();
INFO - 2024-05-11 14:25:49 --> Session: Class initialized using 'CodeIgniter\Session\Handlers\FileHandler' driver.
WARNING - 2024-05-11 14:25:49 --> Session: Sessions is enabled, and one exists. Please don't $session->start();
INFO - 2024-05-11 14:26:46 --> Session: Class initialized using 'CodeIgniter\Session\Handlers\FileHandler' driver.
WARNING - 2024-05-11 14:26:46 --> Session: Sessions is enabled, and one exists. Please don't $session->start();
INFO - 2024-05-11 14:27:20 --> Session: Class initialized using 'CodeIgniter\Session\Handlers\FileHandler' driver.
WARNING - 2024-05-11 14:27:20 --> Session: Sessions is enabled, and one exists. Please don't $session->start();
INFO - 2024-05-11 14:27:37 --> Session: Class initialized using 'CodeIgniter\Session\Handlers\FileHandler' driver.
WARNING - 2024-05-11 14:27:37 --> Session: Sessions is enabled, and one exists. Please don't $session->start();
INFO - 2024-05-11 14:27:54 --> Session: Class initialized using 'CodeIgniter\Session\Handlers\FileHandler' driver.
WARNING - 2024-05-11 14:27:54 --> Session: Sessions is enabled, and one exists. Please don't $session->start();
INFO - 2024-05-11 14:28:15 --> Session: Class initialized using 'CodeIgniter\Session\Handlers\FileHandler' driver.
WARNING - 2024-05-11 14:28:15 --> Session: Sessions is enabled, and one exists. Please don't $session->start();
INFO - 2024-05-11 14:28:22 --> Session: Class initialized using 'CodeIgniter\Session\Handlers\FileHandler' driver.
WARNING - 2024-05-11 14:28:22 --> Session: Sessions is enabled, and one exists. Please don't $session->start();
INFO - 2024-05-11 14:28:35 --> Session: Class initialized using 'CodeIgniter\Session\Handlers\FileHandler' driver.
WARNING - 2024-05-11 14:28:35 --> Session: Sessions is enabled, and one exists. Please don't $session->start();
INFO - 2024-05-11 14:28:51 --> Session: Class initialized using 'CodeIgniter\Session\Handlers\FileHandler' driver.
WARNING - 2024-05-11 14:28:51 --> Session: Sessions is enabled, and one exists. Please don't $session->start();
INFO - 2024-05-11 14:28:56 --> Session: Class initialized using 'CodeIgniter\Session\Handlers\FileHandler' driver.
WARNING - 2024-05-11 14:28:56 --> Session: Sessions is enabled, and one exists. Please don't $session->start();
INFO - 2024-05-11 14:29:13 --> Session: Class initialized using 'CodeIgniter\Session\Handlers\FileHandler' driver.
WARNING - 2024-05-11 14:29:13 --> Session: Sessions is enabled, and one exists. Please don't $session->start();
INFO - 2024-05-11 14:29:17 --> Session: Class initialized using 'CodeIgniter\Session\Handlers\FileHandler' driver.
WARNING - 2024-05-11 14:29:17 --> Session: Sessions is enabled, and one exists. Please don't $session->start();
INFO - 2024-05-11 14:29:25 --> Session: Class initialized using 'CodeIgniter\Session\Handlers\FileHandler' driver.
WARNING - 2024-05-11 14:29:25 --> Session: Sessions is enabled, and one exists. Please don't $session->start();
INFO - 2024-05-11 14:29:39 --> Session: Class initialized using 'CodeIgniter\Session\Handlers\FileHandler' driver.
WARNING - 2024-05-11 14:29:39 --> Session: Sessions is enabled, and one exists. Please don't $session->start();
INFO - 2024-05-11 14:29:52 --> Session: Class initialized using 'CodeIgniter\Session\Handlers\FileHandler' driver.
WARNING - 2024-05-11 14:29:52 --> Session: Sessions is enabled, and one exists. Please don't $session->start();
INFO - 2024-05-11 14:29:56 --> Session: Class initialized using 'CodeIgniter\Session\Handlers\FileHandler' driver.
WARNING - 2024-05-11 14:29:56 --> Session: Sessions is enabled, and one exists. Please don't $session->start();
INFO - 2024-05-11 14:30:03 --> Session: Class initialized using 'CodeIgniter\Session\Handlers\FileHandler' driver.
WARNING - 2024-05-11 14:30:03 --> Session: Sessions is enabled, and one exists. Please don't $session->start();
INFO - 2024-05-11 14:31:30 --> Session: Class initialized using 'CodeIgniter\Session\Handlers\FileHandler' driver.
WARNING - 2024-05-11 14:31:30 --> Session: Sessions is enabled, and one exists. Please don't $session->start();
INFO - 2024-05-11 14:32:12 --> Session: Class initialized using 'CodeIgniter\Session\Handlers\FileHandler' driver.
WARNING - 2024-05-11 14:32:12 --> Session: Sessions is enabled, and one exists. Please don't $session->start();
INFO - 2024-05-11 15:50:45 --> Session: Class initialized using 'CodeIgniter\Session\Handlers\FileHandler' driver.
WARNING - 2024-05-11 15:50:45 --> Session: Sessions is enabled, and one exists. Please don't $session->start();
INFO - 2024-05-11 15:51:57 --> Session: Class initialized using 'CodeIgniter\Session\Handlers\FileHandler' driver.
WARNING - 2024-05-11 15:51:57 --> Session: Sessions is enabled, and one exists. Please don't $session->start();
INFO - 2024-05-11 15:52:04 --> Session: Class initialized using 'CodeIgniter\Session\Handlers\FileHandler' driver.
WARNING - 2024-05-11 15:52:04 --> Session: Sessions is enabled, and one exists. Please don't $session->start();
INFO - 2024-05-11 15:52:07 --> Session: Class initialized using 'CodeIgniter\Session\Handlers\FileHandler' driver.
WARNING - 2024-05-11 15:52:07 --> Session: Sessions is enabled, and one exists. Please don't $session->start();
INFO - 2024-05-11 15:52:10 --> Session: Class initialized using 'CodeIgniter\Session\Handlers\FileHandler' driver.
WARNING - 2024-05-11 15:52:10 --> Session: Sessions is enabled, and one exists. Please don't $session->start();
INFO - 2024-05-11 15:52:38 --> Session: Class initialized using 'CodeIgniter\Session\Handlers\FileHandler' driver.
WARNING - 2024-05-11 15:52:38 --> Session: Sessions is enabled, and one exists. Please don't $session->start();
INFO - 2024-05-11 15:52:44 --> Session: Class initialized using 'CodeIgniter\Session\Handlers\FileHandler' driver.
WARNING - 2024-05-11 15:52:44 --> Session: Sessions is enabled, and one exists. Please don't $session->start();
INFO - 2024-05-11 15:52:51 --> Session: Class initialized using 'CodeIgniter\Session\Handlers\FileHandler' driver.
WARNING - 2024-05-11 15:52:51 --> Session: Sessions is enabled, and one exists. Please don't $session->start();
INFO - 2024-05-11 17:44:02 --> Session: Class initialized using 'CodeIgniter\Session\Handlers\FileHandler' driver.
WARNING - 2024-05-11 17:44:02 --> Session: Sessions is enabled, and one exists. Please don't $session->start();
INFO - 2024-05-11 17:44:09 --> Session: Class initialized using 'CodeIgniter\Session\Handlers\FileHandler' driver.
WARNING - 2024-05-11 17:44:09 --> Session: Sessions is enabled, and one exists. Please don't $session->start();
INFO - 2024-05-11 17:44:37 --> Session: Class initialized using 'CodeIgniter\Session\Handlers\FileHandler' driver.
WARNING - 2024-05-11 17:44:37 --> Session: Sessions is enabled, and one exists. Please don't $session->start();
INFO - 2024-05-11 18:31:20 --> Session: Class initialized using 'CodeIgniter\Session\Handlers\FileHandler' driver.
WARNING - 2024-05-11 18:31:20 --> Session: Sessions is enabled, and one exists. Please don't $session->start();
INFO - 2024-05-11 18:32:04 --> Session: Class initialized using 'CodeIgniter\Session\Handlers\FileHandler' driver.
WARNING - 2024-05-11 18:32:04 --> Session: Sessions is enabled, and one exists. Please don't $session->start();
INFO - 2024-05-11 18:33:09 --> Session: Class initialized using 'CodeIgniter\Session\Handlers\FileHandler' driver.
WARNING - 2024-05-11 18:33:09 --> Session: Sessions is enabled, and one exists. Please don't $session->start();
INFO - 2024-05-11 18:35:10 --> Session: Class initialized using 'CodeIgniter\Session\Handlers\FileHandler' driver.
WARNING - 2024-05-11 18:35:10 --> Session: Sessions is enabled, and one exists. Please don't $session->start();
INFO - 2024-05-11 18:35:39 --> Session: Class initialized using 'CodeIgniter\Session\Handlers\FileHandler' driver.
WARNING - 2024-05-11 18:35:39 --> Session: Sessions is enabled, and one exists. Please don't $session->start();
INFO - 2024-05-11 18:35:44 --> Session: Class initialized using 'CodeIgniter\Session\Handlers\FileHandler' driver.
WARNING - 2024-05-11 18:35:44 --> Session: Sessions is enabled, and one exists. Please don't $session->start();
INFO - 2024-05-11 18:35:50 --> Session: Class initialized using 'CodeIgniter\Session\Handlers\FileHandler' driver.
WARNING - 2024-05-11 18:35:50 --> Session: Sessions is enabled, and one exists. Please don't $session->start();
INFO - 2024-05-11 18:35:55 --> Session: Class initialized using 'CodeIgniter\Session\Handlers\FileHandler' driver.
WARNING - 2024-05-11 18:35:55 --> Session: Sessions is enabled, and one exists. Please don't $session->start();
INFO - 2024-05-11 18:37:37 --> Session: Class initialized using 'CodeIgniter\Session\Handlers\FileHandler' driver.
WARNING - 2024-05-11 18:37:37 --> Session: Sessions is enabled, and one exists. Please don't $session->start();
INFO - 2024-05-11 18:37:48 --> Session: Class initialized using 'CodeIgniter\Session\Handlers\FileHandler' driver.
WARNING - 2024-05-11 18:37:48 --> Session: Sessions is enabled, and one exists. Please don't $session->start();
INFO - 2024-05-11 18:38:15 --> Session: Class initialized using 'CodeIgniter\Session\Handlers\FileHandler' driver.
WARNING - 2024-05-11 18:38:15 --> Session: Sessions is enabled, and one exists. Please don't $session->start();
INFO - 2024-05-11 18:38:24 --> Session: Class initialized using 'CodeIgniter\Session\Handlers\FileHandler' driver.
WARNING - 2024-05-11 18:38:24 --> Session: Sessions is enabled, and one exists. Please don't $session->start();
INFO - 2024-05-11 18:38:37 --> Session: Class initialized using 'CodeIgniter\Session\Handlers\FileHandler' driver.
WARNING - 2024-05-11 18:38:37 --> Session: Sessions is enabled, and one exists. Please don't $session->start();
INFO - 2024-05-11 18:38:58 --> Session: Class initialized using 'CodeIgniter\Session\Handlers\FileHandler' driver.
WARNING - 2024-05-11 18:38:58 --> Session: Sessions is enabled, and one exists. Please don't $session->start();
INFO - 2024-05-11 18:39:08 --> Session: Class initialized using 'CodeIgniter\Session\Handlers\FileHandler' driver.
WARNING - 2024-05-11 18:39:08 --> Session: Sessions is enabled, and one exists. Please don't $session->start();
INFO - 2024-05-11 18:39:23 --> Session: Class initialized using 'CodeIgniter\Session\Handlers\FileHandler' driver.
WARNING - 2024-05-11 18:39:23 --> Session: Sessions is enabled, and one exists. Please don't $session->start();
INFO - 2024-05-11 18:39:44 --> Session: Class initialized using 'CodeIgniter\Session\Handlers\FileHandler' driver.
WARNING - 2024-05-11 18:39:44 --> Session: Sessions is enabled, and one exists. Please don't $session->start();
INFO - 2024-05-11 18:40:16 --> Session: Class initialized using 'CodeIgniter\Session\Handlers\FileHandler' driver.
WARNING - 2024-05-11 18:40:16 --> Session: Sessions is enabled, and one exists. Please don't $session->start();
INFO - 2024-05-11 18:40:20 --> Session: Class initialized using 'CodeIgniter\Session\Handlers\FileHandler' driver.
WARNING - 2024-05-11 18:40:20 --> Session: Sessions is enabled, and one exists. Please don't $session->start();
INFO - 2024-05-11 18:41:22 --> Session: Class initialized using 'CodeIgniter\Session\Handlers\FileHandler' driver.
WARNING - 2024-05-11 18:41:22 --> Session: Sessions is enabled, and one exists. Please don't $session->start();
INFO - 2024-05-11 18:41:38 --> Session: Class initialized using 'CodeIgniter\Session\Handlers\FileHandler' driver.
WARNING - 2024-05-11 18:41:38 --> Session: Sessions is enabled, and one exists. Please don't $session->start();
INFO - 2024-05-11 18:42:03 --> Session: Class initialized using 'CodeIgniter\Session\Handlers\FileHandler' driver.
WARNING - 2024-05-11 18:42:03 --> Session: Sessions is enabled, and one exists. Please don't $session->start();
INFO - 2024-05-11 18:42:28 --> Session: Class initialized using 'CodeIgniter\Session\Handlers\FileHandler' driver.
WARNING - 2024-05-11 18:42:28 --> Session: Sessions is enabled, and one exists. Please don't $session->start();
INFO - 2024-05-11 18:42:58 --> Session: Class initialized using 'CodeIgniter\Session\Handlers\FileHandler' driver.
WARNING - 2024-05-11 18:42:58 --> Session: Sessions is enabled, and one exists. Please don't $session->start();
INFO - 2024-05-11 18:43:36 --> Session: Class initialized using 'CodeIgniter\Session\Handlers\FileHandler' driver.
WARNING - 2024-05-11 18:43:36 --> Session: Sessions is enabled, and one exists. Please don't $session->start();
INFO - 2024-05-11 18:43:44 --> Session: Class initialized using 'CodeIgniter\Session\Handlers\FileHandler' driver.
WARNING - 2024-05-11 18:43:44 --> Session: Sessions is enabled, and one exists. Please don't $session->start();
INFO - 2024-05-11 18:43:48 --> Session: Class initialized using 'CodeIgniter\Session\Handlers\FileHandler' driver.
WARNING - 2024-05-11 18:43:48 --> Session: Sessions is enabled, and one exists. Please don't $session->start();
INFO - 2024-05-11 18:43:52 --> Session: Class initialized using 'CodeIgniter\Session\Handlers\FileHandler' driver.
WARNING - 2024-05-11 18:43:52 --> Session: Sessions is enabled, and one exists. Please don't $session->start();
INFO - 2024-05-11 18:43:54 --> Session: Class initialized using 'CodeIgniter\Session\Handlers\FileHandler' driver.
WARNING - 2024-05-11 18:43:54 --> Session: Sessions is enabled, and one exists. Please don't $session->start();
INFO - 2024-05-11 18:50:10 --> Session: Class initialized using 'CodeIgniter\Session\Handlers\FileHandler' driver.
WARNING - 2024-05-11 18:50:10 --> Session: Sessions is enabled, and one exists. Please don't $session->start();
INFO - 2024-05-11 18:50:13 --> Session: Class initialized using 'CodeIgniter\Session\Handlers\FileHandler' driver.
WARNING - 2024-05-11 18:50:13 --> Session: Sessions is enabled, and one exists. Please don't $session->start();
INFO - 2024-05-11 18:50:43 --> Session: Class initialized using 'CodeIgniter\Session\Handlers\FileHandler' driver.
WARNING - 2024-05-11 18:50:43 --> Session: Sessions is enabled, and one exists. Please don't $session->start();
INFO - 2024-05-11 18:51:11 --> Session: Class initialized using 'CodeIgniter\Session\Handlers\FileHandler' driver.
WARNING - 2024-05-11 18:51:11 --> Session: Sessions is enabled, and one exists. Please don't $session->start();
INFO - 2024-05-11 19:04:25 --> Session: Class initialized using 'CodeIgniter\Session\Handlers\FileHandler' driver.
WARNING - 2024-05-11 19:04:25 --> Session: Sessions is enabled, and one exists. Please don't $session->start();
INFO - 2024-05-11 19:06:35 --> Session: Class initialized using 'CodeIgniter\Session\Handlers\FileHandler' driver.
WARNING - 2024-05-11 19:06:35 --> Session: Sessions is enabled, and one exists. Please don't $session->start();
INFO - 2024-05-11 19:09:47 --> Session: Class initialized using 'CodeIgniter\Session\Handlers\FileHandler' driver.
WARNING - 2024-05-11 19:09:47 --> Session: Sessions is enabled, and one exists. Please don't $session->start();
INFO - 2024-05-11 19:10:06 --> Session: Class initialized using 'CodeIgniter\Session\Handlers\FileHandler' driver.
WARNING - 2024-05-11 19:10:06 --> Session: Sessions is enabled, and one exists. Please don't $session->start();
INFO - 2024-05-11 19:10:59 --> Session: Class initialized using 'CodeIgniter\Session\Handlers\FileHandler' driver.
WARNING - 2024-05-11 19:10:59 --> Session: Sessions is enabled, and one exists. Please don't $session->start();
INFO - 2024-05-11 19:11:20 --> Session: Class initialized using 'CodeIgniter\Session\Handlers\FileHandler' driver.
WARNING - 2024-05-11 19:11:20 --> Session: Sessions is enabled, and one exists. Please don't $session->start();
INFO - 2024-05-11 19:11:29 --> Session: Class initialized using 'CodeIgniter\Session\Handlers\FileHandler' driver.
WARNING - 2024-05-11 19:11:29 --> Session: Sessions is enabled, and one exists. Please don't $session->start();
INFO - 2024-05-11 19:11:43 --> Session: Class initialized using 'CodeIgniter\Session\Handlers\FileHandler' driver.
WARNING - 2024-05-11 19:11:43 --> Session: Sessions is enabled, and one exists. Please don't $session->start();
INFO - 2024-05-11 19:12:37 --> Session: Class initialized using 'CodeIgniter\Session\Handlers\FileHandler' driver.
WARNING - 2024-05-11 19:12:37 --> Session: Sessions is enabled, and one exists. Please don't $session->start();
INFO - 2024-05-11 19:13:14 --> Session: Class initialized using 'CodeIgniter\Session\Handlers\FileHandler' driver.
WARNING - 2024-05-11 19:13:14 --> Session: Sessions is enabled, and one exists. Please don't $session->start();
INFO - 2024-05-11 19:13:24 --> Session: Class initialized using 'CodeIgniter\Session\Handlers\FileHandler' driver.
WARNING - 2024-05-11 19:13:24 --> Session: Sessions is enabled, and one exists. Please don't $session->start();
INFO - 2024-05-11 19:13:42 --> Session: Class initialized using 'CodeIgniter\Session\Handlers\FileHandler' driver.
WARNING - 2024-05-11 19:13:42 --> Session: Sessions is enabled, and one exists. Please don't $session->start();
INFO - 2024-05-11 19:13:50 --> Session: Class initialized using 'CodeIgniter\Session\Handlers\FileHandler' driver.
WARNING - 2024-05-11 19:13:50 --> Session: Sessions is enabled, and one exists. Please don't $session->start();
INFO - 2024-05-11 19:14:59 --> Session: Class initialized using 'CodeIgniter\Session\Handlers\FileHandler' driver.
WARNING - 2024-05-11 19:14:59 --> Session: Sessions is enabled, and one exists. Please don't $session->start();
INFO - 2024-05-11 19:16:21 --> Session: Class initialized using 'CodeIgniter\Session\Handlers\FileHandler' driver.
WARNING - 2024-05-11 19:16:21 --> Session: Sessions is enabled, and one exists. Please don't $session->start();
INFO - 2024-05-11 19:16:23 --> Session: Class initialized using 'CodeIgniter\Session\Handlers\FileHandler' driver.
WARNING - 2024-05-11 19:16:23 --> Session: Sessions is enabled, and one exists. Please don't $session->start();
INFO - 2024-05-11 19:16:24 --> Session: Class initialized using 'CodeIgniter\Session\Handlers\FileHandler' driver.
WARNING - 2024-05-11 19:16:24 --> Session: Sessions is enabled, and one exists. Please don't $session->start();
INFO - 2024-05-11 19:16:41 --> Session: Class initialized using 'CodeIgniter\Session\Handlers\FileHandler' driver.
WARNING - 2024-05-11 19:16:41 --> Session: Sessions is enabled, and one exists. Please don't $session->start();
INFO - 2024-05-11 19:16:46 --> Session: Class initialized using 'CodeIgniter\Session\Handlers\FileHandler' driver.
WARNING - 2024-05-11 19:16:46 --> Session: Sessions is enabled, and one exists. Please don't $session->start();
INFO - 2024-05-11 19:16:50 --> Session: Class initialized using 'CodeIgniter\Session\Handlers\FileHandler' driver.
WARNING - 2024-05-11 19:16:50 --> Session: Sessions is enabled, and one exists. Please don't $session->start();
INFO - 2024-05-11 19:17:07 --> Session: Class initialized using 'CodeIgniter\Session\Handlers\FileHandler' driver.
WARNING - 2024-05-11 19:17:07 --> Session: Sessions is enabled, and one exists. Please don't $session->start();
INFO - 2024-05-11 19:17:24 --> Session: Class initialized using 'CodeIgniter\Session\Handlers\FileHandler' driver.
WARNING - 2024-05-11 19:17:24 --> Session: Sessions is enabled, and one exists. Please don't $session->start();
INFO - 2024-05-11 19:17:27 --> Session: Class initialized using 'CodeIgniter\Session\Handlers\FileHandler' driver.
WARNING - 2024-05-11 19:17:27 --> Session: Sessions is enabled, and one exists. Please don't $session->start();
INFO - 2024-05-11 19:19:17 --> Session: Class initialized using 'CodeIgniter\Session\Handlers\FileHandler' driver.
WARNING - 2024-05-11 19:19:17 --> Session: Sessions is enabled, and one exists. Please don't $session->start();
INFO - 2024-05-11 19:20:06 --> Session: Class initialized using 'CodeIgniter\Session\Handlers\FileHandler' driver.
WARNING - 2024-05-11 19:20:06 --> Session: Sessions is enabled, and one exists. Please don't $session->start();
INFO - 2024-05-11 19:20:12 --> Session: Class initialized using 'CodeIgniter\Session\Handlers\FileHandler' driver.
WARNING - 2024-05-11 19:20:12 --> Session: Sessions is enabled, and one exists. Please don't $session->start();
INFO - 2024-05-11 19:20:32 --> Session: Class initialized using 'CodeIgniter\Session\Handlers\FileHandler' driver.
WARNING - 2024-05-11 19:20:32 --> Session: Sessions is enabled, and one exists. Please don't $session->start();
INFO - 2024-05-11 19:22:04 --> Session: Class initialized using 'CodeIgniter\Session\Handlers\FileHandler' driver.
WARNING - 2024-05-11 19:22:04 --> Session: Sessions is enabled, and one exists. Please don't $session->start();
INFO - 2024-05-11 19:22:07 --> Session: Class initialized using 'CodeIgniter\Session\Handlers\FileHandler' driver.
WARNING - 2024-05-11 19:22:07 --> Session: Sessions is enabled, and one exists. Please don't $session->start();
INFO - 2024-05-11 19:22:09 --> Session: Class initialized using 'CodeIgniter\Session\Handlers\FileHandler' driver.
WARNING - 2024-05-11 19:22:09 --> Session: Sessions is enabled, and one exists. Please don't $session->start();
INFO - 2024-05-11 19:23:47 --> Session: Class initialized using 'CodeIgniter\Session\Handlers\FileHandler' driver.
WARNING - 2024-05-11 19:23:47 --> Session: Sessions is enabled, and one exists. Please don't $session->start();
INFO - 2024-05-11 19:24:13 --> Session: Class initialized using 'CodeIgniter\Session\Handlers\FileHandler' driver.
WARNING - 2024-05-11 19:24:13 --> Session: Sessions is enabled, and one exists. Please don't $session->start();
INFO - 2024-05-11 19:24:26 --> Session: Class initialized using 'CodeIgniter\Session\Handlers\FileHandler' driver.
WARNING - 2024-05-11 19:24:26 --> Session: Sessions is enabled, and one exists. Please don't $session->start();
INFO - 2024-05-11 19:25:08 --> Session: Class initialized using 'CodeIgniter\Session\Handlers\FileHandler' driver.
WARNING - 2024-05-11 19:25:08 --> Session: Sessions is enabled, and one exists. Please don't $session->start();
INFO - 2024-05-11 19:25:11 --> Session: Class initialized using 'CodeIgniter\Session\Handlers\FileHandler' driver.
WARNING - 2024-05-11 19:25:11 --> Session: Sessions is enabled, and one exists. Please don't $session->start();
