INFO - 2024-06-05 01:46:34 --> Session: Class initialized using 'CodeIgniter\Session\Handlers\FileHandler' driver.
WARNING - 2024-06-05 01:46:35 --> Session: Sessions is enabled, and one exists. Please don't $session->start();
INFO - 2024-06-05 01:51:39 --> Session: Class initialized using 'CodeIgniter\Session\Handlers\FileHandler' driver.
WARNING - 2024-06-05 01:51:39 --> Session: Sessions is enabled, and one exists. Please don't $session->start();
INFO - 2024-06-05 02:06:03 --> Session: Class initialized using 'CodeIgniter\Session\Handlers\FileHandler' driver.
WARNING - 2024-06-05 02:06:03 --> Session: Sessions is enabled, and one exists. Please don't $session->start();
CRITICAL - 2024-06-05 02:06:03 --> TypeError: count(): Argument #1 ($value) must be of type Countable|array, null given
[Method: GET, Route: klinik]
in APPPATH\Views\user\clinic\clinic.php on line 59.
 1 SYSTEMPATH\View\View.php(234): include()
 2 SYSTEMPATH\View\View.php(237): CodeIgniter\View\View->CodeIgniter\View\{closure}()
 3 SYSTEMPATH\Common.php(1171): CodeIgniter\View\View->render('user/clinic/clinic', [], true)
 4 APPPATH\Controllers\Clinic.php(39): view('user/clinic/clinic')
 5 SYSTEMPATH\CodeIgniter.php(933): App\Controllers\Clinic->index()
 6 SYSTEMPATH\CodeIgniter.php(509): CodeIgniter\CodeIgniter->runController(Object(App\Controllers\Clinic))
 7 SYSTEMPATH\CodeIgniter.php(355): CodeIgniter\CodeIgniter->handleRequest(null, Object(Config\Cache), false)
 8 SYSTEMPATH\Boot.php(312): CodeIgniter\CodeIgniter->run()
 9 SYSTEMPATH\Boot.php(67): CodeIgniter\Boot::runCodeIgniter(Object(CodeIgniter\CodeIgniter))
10 FCPATH\index.php(56): CodeIgniter\Boot::bootWeb(Object(Config\Paths))
11 SYSTEMPATH\Commands\Server\rewrite.php(49): require_once('D:\\Project\\dlbeauty\\public\\index.php')
CRITICAL - 2024-06-05 02:06:03 --> [Caused by] ErrorException: Undefined variable $clinic
in APPPATH\Views\user\clinic\clinic.php on line 59.
 1 APPPATH\Views\user\clinic\clinic.php(59): CodeIgniter\Debug\Exceptions->errorHandler(2, 'Undefined variable $clinic', 'D:\\Project\\dlbeauty\\app\\Views\\user\\clinic\\clinic.php', 59)
 2 SYSTEMPATH\View\View.php(234): include('D:\\Project\\dlbeauty\\app\\Views\\user\\clinic\\clinic.php')
 3 SYSTEMPATH\View\View.php(237): CodeIgniter\View\View->CodeIgniter\View\{closure}()
 4 SYSTEMPATH\Common.php(1171): CodeIgniter\View\View->render('user/clinic/clinic', [], true)
 5 APPPATH\Controllers\Clinic.php(39): view('user/clinic/clinic')
 6 SYSTEMPATH\CodeIgniter.php(933): App\Controllers\Clinic->index()
 7 SYSTEMPATH\CodeIgniter.php(509): CodeIgniter\CodeIgniter->runController(Object(App\Controllers\Clinic))
 8 SYSTEMPATH\CodeIgniter.php(355): CodeIgniter\CodeIgniter->handleRequest(null, Object(Config\Cache), false)
 9 SYSTEMPATH\Boot.php(312): CodeIgniter\CodeIgniter->run()
10 SYSTEMPATH\Boot.php(67): CodeIgniter\Boot::runCodeIgniter(Object(CodeIgniter\CodeIgniter))
11 FCPATH\index.php(56): CodeIgniter\Boot::bootWeb(Object(Config\Paths))
12 SYSTEMPATH\Commands\Server\rewrite.php(49): require_once('D:\\Project\\dlbeauty\\public\\index.php')
INFO - 2024-06-05 02:06:41 --> Session: Class initialized using 'CodeIgniter\Session\Handlers\FileHandler' driver.
WARNING - 2024-06-05 02:06:41 --> Session: Sessions is enabled, and one exists. Please don't $session->start();
INFO - 2024-06-05 02:06:55 --> Session: Class initialized using 'CodeIgniter\Session\Handlers\FileHandler' driver.
WARNING - 2024-06-05 02:06:55 --> Session: Sessions is enabled, and one exists. Please don't $session->start();
CRITICAL - 2024-06-05 02:06:55 --> TypeError: count(): Argument #1 ($value) must be of type Countable|array, null given
[Method: GET, Route: klinik]
in APPPATH\Views\user\clinic\clinic.php on line 59.
 1 SYSTEMPATH\View\View.php(234): include()
 2 SYSTEMPATH\View\View.php(237): CodeIgniter\View\View->CodeIgniter\View\{closure}()
 3 SYSTEMPATH\Common.php(1171): CodeIgniter\View\View->render('user/clinic/clinic', [], true)
 4 APPPATH\Controllers\Clinic.php(39): view('user/clinic/clinic')
 5 SYSTEMPATH\CodeIgniter.php(933): App\Controllers\Clinic->index()
 6 SYSTEMPATH\CodeIgniter.php(509): CodeIgniter\CodeIgniter->runController(Object(App\Controllers\Clinic))
 7 SYSTEMPATH\CodeIgniter.php(355): CodeIgniter\CodeIgniter->handleRequest(null, Object(Config\Cache), false)
 8 SYSTEMPATH\Boot.php(312): CodeIgniter\CodeIgniter->run()
 9 SYSTEMPATH\Boot.php(67): CodeIgniter\Boot::runCodeIgniter(Object(CodeIgniter\CodeIgniter))
10 FCPATH\index.php(56): CodeIgniter\Boot::bootWeb(Object(Config\Paths))
11 SYSTEMPATH\Commands\Server\rewrite.php(49): require_once('D:\\Project\\dlbeauty\\public\\index.php')
CRITICAL - 2024-06-05 02:06:55 --> [Caused by] ErrorException: Undefined variable $clinic
in APPPATH\Views\user\clinic\clinic.php on line 59.
 1 APPPATH\Views\user\clinic\clinic.php(59): CodeIgniter\Debug\Exceptions->errorHandler(2, 'Undefined variable $clinic', 'D:\\Project\\dlbeauty\\app\\Views\\user\\clinic\\clinic.php', 59)
 2 SYSTEMPATH\View\View.php(234): include('D:\\Project\\dlbeauty\\app\\Views\\user\\clinic\\clinic.php')
 3 SYSTEMPATH\View\View.php(237): CodeIgniter\View\View->CodeIgniter\View\{closure}()
 4 SYSTEMPATH\Common.php(1171): CodeIgniter\View\View->render('user/clinic/clinic', [], true)
 5 APPPATH\Controllers\Clinic.php(39): view('user/clinic/clinic')
 6 SYSTEMPATH\CodeIgniter.php(933): App\Controllers\Clinic->index()
 7 SYSTEMPATH\CodeIgniter.php(509): CodeIgniter\CodeIgniter->runController(Object(App\Controllers\Clinic))
 8 SYSTEMPATH\CodeIgniter.php(355): CodeIgniter\CodeIgniter->handleRequest(null, Object(Config\Cache), false)
 9 SYSTEMPATH\Boot.php(312): CodeIgniter\CodeIgniter->run()
10 SYSTEMPATH\Boot.php(67): CodeIgniter\Boot::runCodeIgniter(Object(CodeIgniter\CodeIgniter))
11 FCPATH\index.php(56): CodeIgniter\Boot::bootWeb(Object(Config\Paths))
12 SYSTEMPATH\Commands\Server\rewrite.php(49): require_once('D:\\Project\\dlbeauty\\public\\index.php')
INFO - 2024-06-05 02:07:47 --> Session: Class initialized using 'CodeIgniter\Session\Handlers\FileHandler' driver.
WARNING - 2024-06-05 02:07:47 --> Session: Sessions is enabled, and one exists. Please don't $session->start();
CRITICAL - 2024-06-05 02:07:47 --> ErrorException: Undefined variable $clinic
[Method: GET, Route: klinik]
in APPPATH\Views\user\clinic\clinic.php on line 59.
 1 APPPATH\Views\user\clinic\clinic.php(59): CodeIgniter\Debug\Exceptions->errorHandler(2, 'Undefined variable $clinic', 'D:\\Project\\dlbeauty\\app\\Views\\user\\clinic\\clinic.php', 59)
 2 SYSTEMPATH\View\View.php(234): include('D:\\Project\\dlbeauty\\app\\Views\\user\\clinic\\clinic.php')
 3 SYSTEMPATH\View\View.php(237): CodeIgniter\View\View->CodeIgniter\View\{closure}()
 4 SYSTEMPATH\Common.php(1171): CodeIgniter\View\View->render('user/clinic/clinic', [], true)
 5 APPPATH\Controllers\Clinic.php(39): view('user/clinic/clinic')
 6 SYSTEMPATH\CodeIgniter.php(933): App\Controllers\Clinic->index()
 7 SYSTEMPATH\CodeIgniter.php(509): CodeIgniter\CodeIgniter->runController(Object(App\Controllers\Clinic))
 8 SYSTEMPATH\CodeIgniter.php(355): CodeIgniter\CodeIgniter->handleRequest(null, Object(Config\Cache), false)
 9 SYSTEMPATH\Boot.php(312): CodeIgniter\CodeIgniter->run()
10 SYSTEMPATH\Boot.php(67): CodeIgniter\Boot::runCodeIgniter(Object(CodeIgniter\CodeIgniter))
11 FCPATH\index.php(56): CodeIgniter\Boot::bootWeb(Object(Config\Paths))
12 SYSTEMPATH\Commands\Server\rewrite.php(49): require_once('D:\\Project\\dlbeauty\\public\\index.php')
INFO - 2024-06-05 02:08:17 --> Session: Class initialized using 'CodeIgniter\Session\Handlers\FileHandler' driver.
WARNING - 2024-06-05 02:08:17 --> Session: Sessions is enabled, and one exists. Please don't $session->start();
INFO - 2024-06-05 02:08:51 --> Session: Class initialized using 'CodeIgniter\Session\Handlers\FileHandler' driver.
WARNING - 2024-06-05 02:08:51 --> Session: Sessions is enabled, and one exists. Please don't $session->start();
INFO - 2024-06-05 02:09:00 --> Session: Class initialized using 'CodeIgniter\Session\Handlers\FileHandler' driver.
WARNING - 2024-06-05 02:09:00 --> Session: Sessions is enabled, and one exists. Please don't $session->start();
INFO - 2024-06-05 02:09:06 --> Session: Class initialized using 'CodeIgniter\Session\Handlers\FileHandler' driver.
INFO - 2024-06-05 02:09:06 --> Session: Class initialized using 'CodeIgniter\Session\Handlers\FileHandler' driver.
WARNING - 2024-06-05 02:09:06 --> Session: Sessions is enabled, and one exists. Please don't $session->start();
INFO - 2024-06-05 02:09:12 --> Session: Class initialized using 'CodeIgniter\Session\Handlers\FileHandler' driver.
WARNING - 2024-06-05 02:09:12 --> Session: Sessions is enabled, and one exists. Please don't $session->start();
INFO - 2024-06-05 02:09:12 --> Session: Class initialized using 'CodeIgniter\Session\Handlers\FileHandler' driver.
WARNING - 2024-06-05 02:09:12 --> Session: Sessions is enabled, and one exists. Please don't $session->start();
INFO - 2024-06-05 02:09:15 --> Session: Class initialized using 'CodeIgniter\Session\Handlers\FileHandler' driver.
WARNING - 2024-06-05 02:09:15 --> Session: Sessions is enabled, and one exists. Please don't $session->start();
INFO - 2024-06-05 02:09:18 --> Session: Class initialized using 'CodeIgniter\Session\Handlers\FileHandler' driver.
WARNING - 2024-06-05 02:09:18 --> Session: Sessions is enabled, and one exists. Please don't $session->start();
INFO - 2024-06-05 02:09:54 --> Session: Class initialized using 'CodeIgniter\Session\Handlers\FileHandler' driver.
WARNING - 2024-06-05 02:09:54 --> Session: Sessions is enabled, and one exists. Please don't $session->start();
INFO - 2024-06-05 02:09:55 --> Session: Class initialized using 'CodeIgniter\Session\Handlers\FileHandler' driver.
WARNING - 2024-06-05 02:09:55 --> Session: Sessions is enabled, and one exists. Please don't $session->start();
INFO - 2024-06-05 02:09:57 --> Session: Class initialized using 'CodeIgniter\Session\Handlers\FileHandler' driver.
WARNING - 2024-06-05 02:09:57 --> Session: Sessions is enabled, and one exists. Please don't $session->start();
INFO - 2024-06-05 02:09:59 --> Session: Class initialized using 'CodeIgniter\Session\Handlers\FileHandler' driver.
WARNING - 2024-06-05 02:09:59 --> Session: Sessions is enabled, and one exists. Please don't $session->start();
INFO - 2024-06-05 02:13:35 --> Session: Class initialized using 'CodeIgniter\Session\Handlers\FileHandler' driver.
WARNING - 2024-06-05 02:13:35 --> Session: Sessions is enabled, and one exists. Please don't $session->start();
INFO - 2024-06-05 02:13:35 --> Session: Class initialized using 'CodeIgniter\Session\Handlers\FileHandler' driver.
WARNING - 2024-06-05 02:13:35 --> Session: Sessions is enabled, and one exists. Please don't $session->start();
INFO - 2024-06-05 02:13:39 --> Session: Class initialized using 'CodeIgniter\Session\Handlers\FileHandler' driver.
WARNING - 2024-06-05 02:13:40 --> Session: Sessions is enabled, and one exists. Please don't $session->start();
CRITICAL - 2024-06-05 02:13:40 --> ErrorException: Undefined property: stdClass::$nama
[Method: GET, Route: klinik]
in APPPATH\Views\user\clinic\clinic.php on line 69.
 1 APPPATH\Views\user\clinic\clinic.php(69): CodeIgniter\Debug\Exceptions->errorHandler(2, 'Undefined property: stdClass::$nama', 'D:\\Project\\dlbeauty\\app\\Views\\user\\clinic\\clinic.php', 69)
 2 SYSTEMPATH\View\View.php(234): include('D:\\Project\\dlbeauty\\app\\Views\\user\\clinic\\clinic.php')
 3 SYSTEMPATH\View\View.php(237): CodeIgniter\View\View->CodeIgniter\View\{closure}()
 4 SYSTEMPATH\Common.php(1171): CodeIgniter\View\View->render('user/clinic/clinic', [], true)
 5 APPPATH\Controllers\Clinic.php(40): view('user/clinic/clinic', [...])
 6 SYSTEMPATH\CodeIgniter.php(933): App\Controllers\Clinic->index()
 7 SYSTEMPATH\CodeIgniter.php(509): CodeIgniter\CodeIgniter->runController(Object(App\Controllers\Clinic))
 8 SYSTEMPATH\CodeIgniter.php(355): CodeIgniter\CodeIgniter->handleRequest(null, Object(Config\Cache), false)
 9 SYSTEMPATH\Boot.php(312): CodeIgniter\CodeIgniter->run()
10 SYSTEMPATH\Boot.php(67): CodeIgniter\Boot::runCodeIgniter(Object(CodeIgniter\CodeIgniter))
11 FCPATH\index.php(56): CodeIgniter\Boot::bootWeb(Object(Config\Paths))
12 SYSTEMPATH\Commands\Server\rewrite.php(49): require_once('D:\\Project\\dlbeauty\\public\\index.php')
INFO - 2024-06-05 02:13:49 --> Session: Class initialized using 'CodeIgniter\Session\Handlers\FileHandler' driver.
WARNING - 2024-06-05 02:13:49 --> Session: Sessions is enabled, and one exists. Please don't $session->start();
CRITICAL - 2024-06-05 02:13:49 --> ErrorException: Undefined property: stdClass::$klinik
[Method: GET, Route: klinik]
in APPPATH\Views\user\clinic\clinic.php on line 69.
 1 APPPATH\Views\user\clinic\clinic.php(69): CodeIgniter\Debug\Exceptions->errorHandler(2, 'Undefined property: stdClass::$klinik', 'D:\\Project\\dlbeauty\\app\\Views\\user\\clinic\\clinic.php', 69)
 2 SYSTEMPATH\View\View.php(234): include('D:\\Project\\dlbeauty\\app\\Views\\user\\clinic\\clinic.php')
 3 SYSTEMPATH\View\View.php(237): CodeIgniter\View\View->CodeIgniter\View\{closure}()
 4 SYSTEMPATH\Common.php(1171): CodeIgniter\View\View->render('user/clinic/clinic', [], true)
 5 APPPATH\Controllers\Clinic.php(40): view('user/clinic/clinic', [...])
 6 SYSTEMPATH\CodeIgniter.php(933): App\Controllers\Clinic->index()
 7 SYSTEMPATH\CodeIgniter.php(509): CodeIgniter\CodeIgniter->runController(Object(App\Controllers\Clinic))
 8 SYSTEMPATH\CodeIgniter.php(355): CodeIgniter\CodeIgniter->handleRequest(null, Object(Config\Cache), false)
 9 SYSTEMPATH\Boot.php(312): CodeIgniter\CodeIgniter->run()
10 SYSTEMPATH\Boot.php(67): CodeIgniter\Boot::runCodeIgniter(Object(CodeIgniter\CodeIgniter))
11 FCPATH\index.php(56): CodeIgniter\Boot::bootWeb(Object(Config\Paths))
12 SYSTEMPATH\Commands\Server\rewrite.php(49): require_once('D:\\Project\\dlbeauty\\public\\index.php')
INFO - 2024-06-05 02:13:58 --> Session: Class initialized using 'CodeIgniter\Session\Handlers\FileHandler' driver.
WARNING - 2024-06-05 02:13:58 --> Session: Sessions is enabled, and one exists. Please don't $session->start();
INFO - 2024-06-05 02:15:21 --> Session: Class initialized using 'CodeIgniter\Session\Handlers\FileHandler' driver.
WARNING - 2024-06-05 02:15:22 --> Session: Sessions is enabled, and one exists. Please don't $session->start();
INFO - 2024-06-05 02:15:53 --> Session: Class initialized using 'CodeIgniter\Session\Handlers\FileHandler' driver.
WARNING - 2024-06-05 02:15:53 --> Session: Sessions is enabled, and one exists. Please don't $session->start();
INFO - 2024-06-05 02:16:57 --> Session: Class initialized using 'CodeIgniter\Session\Handlers\FileHandler' driver.
WARNING - 2024-06-05 02:16:57 --> Session: Sessions is enabled, and one exists. Please don't $session->start();
INFO - 2024-06-05 02:18:18 --> Session: Class initialized using 'CodeIgniter\Session\Handlers\FileHandler' driver.
WARNING - 2024-06-05 02:18:18 --> Session: Sessions is enabled, and one exists. Please don't $session->start();
INFO - 2024-06-05 02:19:16 --> Session: Class initialized using 'CodeIgniter\Session\Handlers\FileHandler' driver.
WARNING - 2024-06-05 02:19:16 --> Session: Sessions is enabled, and one exists. Please don't $session->start();
INFO - 2024-06-05 02:19:26 --> Session: Class initialized using 'CodeIgniter\Session\Handlers\FileHandler' driver.
WARNING - 2024-06-05 02:19:26 --> Session: Sessions is enabled, and one exists. Please don't $session->start();
INFO - 2024-06-05 02:22:57 --> Session: Class initialized using 'CodeIgniter\Session\Handlers\FileHandler' driver.
WARNING - 2024-06-05 02:22:57 --> Session: Sessions is enabled, and one exists. Please don't $session->start();
INFO - 2024-06-05 02:25:56 --> Session: Class initialized using 'CodeIgniter\Session\Handlers\FileHandler' driver.
WARNING - 2024-06-05 02:25:56 --> Session: Sessions is enabled, and one exists. Please don't $session->start();
INFO - 2024-06-05 02:25:56 --> Session: Class initialized using 'CodeIgniter\Session\Handlers\FileHandler' driver.
WARNING - 2024-06-05 02:25:56 --> Session: Sessions is enabled, and one exists. Please don't $session->start();
INFO - 2024-06-05 02:26:01 --> Session: Class initialized using 'CodeIgniter\Session\Handlers\FileHandler' driver.
WARNING - 2024-06-05 02:26:01 --> Session: Sessions is enabled, and one exists. Please don't $session->start();
INFO - 2024-06-05 02:26:44 --> Session: Class initialized using 'CodeIgniter\Session\Handlers\FileHandler' driver.
WARNING - 2024-06-05 02:26:44 --> Session: Sessions is enabled, and one exists. Please don't $session->start();
INFO - 2024-06-05 02:26:47 --> Session: Class initialized using 'CodeIgniter\Session\Handlers\FileHandler' driver.
WARNING - 2024-06-05 02:26:47 --> Session: Sessions is enabled, and one exists. Please don't $session->start();
INFO - 2024-06-05 02:33:34 --> Session: Class initialized using 'CodeIgniter\Session\Handlers\FileHandler' driver.
WARNING - 2024-06-05 02:33:34 --> Session: Sessions is enabled, and one exists. Please don't $session->start();
INFO - 2024-06-05 02:33:34 --> Session: Class initialized using 'CodeIgniter\Session\Handlers\FileHandler' driver.
WARNING - 2024-06-05 02:33:34 --> Session: Sessions is enabled, and one exists. Please don't $session->start();
INFO - 2024-06-05 02:33:37 --> Session: Class initialized using 'CodeIgniter\Session\Handlers\FileHandler' driver.
WARNING - 2024-06-05 02:33:37 --> Session: Sessions is enabled, and one exists. Please don't $session->start();
INFO - 2024-06-05 02:34:12 --> Session: Class initialized using 'CodeIgniter\Session\Handlers\FileHandler' driver.
WARNING - 2024-06-05 02:34:12 --> Session: Sessions is enabled, and one exists. Please don't $session->start();
INFO - 2024-06-05 02:34:17 --> Session: Class initialized using 'CodeIgniter\Session\Handlers\FileHandler' driver.
WARNING - 2024-06-05 02:34:17 --> Session: Sessions is enabled, and one exists. Please don't $session->start();
INFO - 2024-06-05 02:34:39 --> Session: Class initialized using 'CodeIgniter\Session\Handlers\FileHandler' driver.
WARNING - 2024-06-05 02:34:39 --> Session: Sessions is enabled, and one exists. Please don't $session->start();
INFO - 2024-06-05 02:34:44 --> Session: Class initialized using 'CodeIgniter\Session\Handlers\FileHandler' driver.
WARNING - 2024-06-05 02:34:44 --> Session: Sessions is enabled, and one exists. Please don't $session->start();
INFO - 2024-06-05 02:34:51 --> Session: Class initialized using 'CodeIgniter\Session\Handlers\FileHandler' driver.
WARNING - 2024-06-05 02:34:51 --> Session: Sessions is enabled, and one exists. Please don't $session->start();
INFO - 2024-06-05 02:34:51 --> Session: Class initialized using 'CodeIgniter\Session\Handlers\FileHandler' driver.
WARNING - 2024-06-05 02:34:51 --> Session: Sessions is enabled, and one exists. Please don't $session->start();
INFO - 2024-06-05 02:34:52 --> Session: Class initialized using 'CodeIgniter\Session\Handlers\FileHandler' driver.
WARNING - 2024-06-05 02:34:52 --> Session: Sessions is enabled, and one exists. Please don't $session->start();
INFO - 2024-06-05 02:34:55 --> Session: Class initialized using 'CodeIgniter\Session\Handlers\FileHandler' driver.
WARNING - 2024-06-05 02:34:55 --> Session: Sessions is enabled, and one exists. Please don't $session->start();
INFO - 2024-06-05 02:35:28 --> Session: Class initialized using 'CodeIgniter\Session\Handlers\FileHandler' driver.
WARNING - 2024-06-05 02:35:28 --> Session: Sessions is enabled, and one exists. Please don't $session->start();
INFO - 2024-06-05 02:35:32 --> Session: Class initialized using 'CodeIgniter\Session\Handlers\FileHandler' driver.
WARNING - 2024-06-05 02:35:32 --> Session: Sessions is enabled, and one exists. Please don't $session->start();
INFO - 2024-06-05 02:35:33 --> Session: Class initialized using 'CodeIgniter\Session\Handlers\FileHandler' driver.
WARNING - 2024-06-05 02:35:33 --> Session: Sessions is enabled, and one exists. Please don't $session->start();
INFO - 2024-06-05 02:36:41 --> Session: Class initialized using 'CodeIgniter\Session\Handlers\FileHandler' driver.
WARNING - 2024-06-05 02:36:41 --> Session: Sessions is enabled, and one exists. Please don't $session->start();
INFO - 2024-06-05 02:36:45 --> Session: Class initialized using 'CodeIgniter\Session\Handlers\FileHandler' driver.
WARNING - 2024-06-05 02:36:45 --> Session: Sessions is enabled, and one exists. Please don't $session->start();
INFO - 2024-06-05 02:42:05 --> Session: Class initialized using 'CodeIgniter\Session\Handlers\FileHandler' driver.
WARNING - 2024-06-05 02:42:05 --> Session: Sessions is enabled, and one exists. Please don't $session->start();
INFO - 2024-06-05 02:42:10 --> Session: Class initialized using 'CodeIgniter\Session\Handlers\FileHandler' driver.
WARNING - 2024-06-05 02:42:10 --> Session: Sessions is enabled, and one exists. Please don't $session->start();
INFO - 2024-06-05 02:43:10 --> Session: Class initialized using 'CodeIgniter\Session\Handlers\FileHandler' driver.
WARNING - 2024-06-05 02:43:10 --> Session: Sessions is enabled, and one exists. Please don't $session->start();
INFO - 2024-06-05 02:43:29 --> Session: Class initialized using 'CodeIgniter\Session\Handlers\FileHandler' driver.
WARNING - 2024-06-05 02:43:29 --> Session: Sessions is enabled, and one exists. Please don't $session->start();
INFO - 2024-06-05 02:43:54 --> Session: Class initialized using 'CodeIgniter\Session\Handlers\FileHandler' driver.
WARNING - 2024-06-05 02:43:54 --> Session: Sessions is enabled, and one exists. Please don't $session->start();
INFO - 2024-06-05 02:43:59 --> Session: Class initialized using 'CodeIgniter\Session\Handlers\FileHandler' driver.
WARNING - 2024-06-05 02:43:59 --> Session: Sessions is enabled, and one exists. Please don't $session->start();
INFO - 2024-06-05 02:44:06 --> Session: Class initialized using 'CodeIgniter\Session\Handlers\FileHandler' driver.
WARNING - 2024-06-05 02:44:06 --> Session: Sessions is enabled, and one exists. Please don't $session->start();
INFO - 2024-06-05 02:44:26 --> Session: Class initialized using 'CodeIgniter\Session\Handlers\FileHandler' driver.
WARNING - 2024-06-05 02:44:26 --> Session: Sessions is enabled, and one exists. Please don't $session->start();
INFO - 2024-06-05 02:44:31 --> Session: Class initialized using 'CodeIgniter\Session\Handlers\FileHandler' driver.
WARNING - 2024-06-05 02:44:31 --> Session: Sessions is enabled, and one exists. Please don't $session->start();
INFO - 2024-06-05 02:44:31 --> Session: Class initialized using 'CodeIgniter\Session\Handlers\FileHandler' driver.
WARNING - 2024-06-05 02:44:31 --> Session: Sessions is enabled, and one exists. Please don't $session->start();
INFO - 2024-06-05 02:44:35 --> Session: Class initialized using 'CodeIgniter\Session\Handlers\FileHandler' driver.
WARNING - 2024-06-05 02:44:35 --> Session: Sessions is enabled, and one exists. Please don't $session->start();
INFO - 2024-06-05 02:44:35 --> Session: Class initialized using 'CodeIgniter\Session\Handlers\FileHandler' driver.
WARNING - 2024-06-05 02:44:35 --> Session: Sessions is enabled, and one exists. Please don't $session->start();
INFO - 2024-06-05 02:44:36 --> Session: Class initialized using 'CodeIgniter\Session\Handlers\FileHandler' driver.
WARNING - 2024-06-05 02:44:36 --> Session: Sessions is enabled, and one exists. Please don't $session->start();
INFO - 2024-06-05 02:44:37 --> Session: Class initialized using 'CodeIgniter\Session\Handlers\FileHandler' driver.
WARNING - 2024-06-05 02:44:37 --> Session: Sessions is enabled, and one exists. Please don't $session->start();
INFO - 2024-06-05 02:46:21 --> Session: Class initialized using 'CodeIgniter\Session\Handlers\FileHandler' driver.
WARNING - 2024-06-05 02:46:21 --> Session: Sessions is enabled, and one exists. Please don't $session->start();
INFO - 2024-06-05 02:46:24 --> Session: Class initialized using 'CodeIgniter\Session\Handlers\FileHandler' driver.
WARNING - 2024-06-05 02:46:24 --> Session: Sessions is enabled, and one exists. Please don't $session->start();
INFO - 2024-06-05 02:47:31 --> Session: Class initialized using 'CodeIgniter\Session\Handlers\FileHandler' driver.
WARNING - 2024-06-05 02:47:32 --> Session: Sessions is enabled, and one exists. Please don't $session->start();
INFO - 2024-06-05 02:47:34 --> Session: Class initialized using 'CodeIgniter\Session\Handlers\FileHandler' driver.
WARNING - 2024-06-05 02:47:34 --> Session: Sessions is enabled, and one exists. Please don't $session->start();
INFO - 2024-06-05 02:47:39 --> Session: Class initialized using 'CodeIgniter\Session\Handlers\FileHandler' driver.
WARNING - 2024-06-05 02:47:39 --> Session: Sessions is enabled, and one exists. Please don't $session->start();
INFO - 2024-06-05 02:47:53 --> Session: Class initialized using 'CodeIgniter\Session\Handlers\FileHandler' driver.
WARNING - 2024-06-05 02:47:53 --> Session: Sessions is enabled, and one exists. Please don't $session->start();
INFO - 2024-06-05 02:47:56 --> Session: Class initialized using 'CodeIgniter\Session\Handlers\FileHandler' driver.
WARNING - 2024-06-05 02:47:56 --> Session: Sessions is enabled, and one exists. Please don't $session->start();
INFO - 2024-06-05 02:48:04 --> Session: Class initialized using 'CodeIgniter\Session\Handlers\FileHandler' driver.
WARNING - 2024-06-05 02:48:04 --> Session: Sessions is enabled, and one exists. Please don't $session->start();
INFO - 2024-06-05 02:48:04 --> Session: Class initialized using 'CodeIgniter\Session\Handlers\FileHandler' driver.
WARNING - 2024-06-05 02:48:04 --> Session: Sessions is enabled, and one exists. Please don't $session->start();
INFO - 2024-06-05 02:48:07 --> Session: Class initialized using 'CodeIgniter\Session\Handlers\FileHandler' driver.
WARNING - 2024-06-05 02:48:07 --> Session: Sessions is enabled, and one exists. Please don't $session->start();
INFO - 2024-06-05 02:48:08 --> Session: Class initialized using 'CodeIgniter\Session\Handlers\FileHandler' driver.
WARNING - 2024-06-05 02:48:08 --> Session: Sessions is enabled, and one exists. Please don't $session->start();
INFO - 2024-06-05 02:48:13 --> Session: Class initialized using 'CodeIgniter\Session\Handlers\FileHandler' driver.
WARNING - 2024-06-05 02:48:13 --> Session: Sessions is enabled, and one exists. Please don't $session->start();
INFO - 2024-06-05 02:48:30 --> Session: Class initialized using 'CodeIgniter\Session\Handlers\FileHandler' driver.
WARNING - 2024-06-05 02:48:30 --> Session: Sessions is enabled, and one exists. Please don't $session->start();
INFO - 2024-06-05 02:49:14 --> Session: Class initialized using 'CodeIgniter\Session\Handlers\FileHandler' driver.
WARNING - 2024-06-05 02:49:14 --> Session: Sessions is enabled, and one exists. Please don't $session->start();
INFO - 2024-06-05 02:49:17 --> Session: Class initialized using 'CodeIgniter\Session\Handlers\FileHandler' driver.
WARNING - 2024-06-05 02:49:17 --> Session: Sessions is enabled, and one exists. Please don't $session->start();
INFO - 2024-06-05 02:49:25 --> Session: Class initialized using 'CodeIgniter\Session\Handlers\FileHandler' driver.
WARNING - 2024-06-05 02:49:25 --> Session: Sessions is enabled, and one exists. Please don't $session->start();
INFO - 2024-06-05 02:49:25 --> Session: Class initialized using 'CodeIgniter\Session\Handlers\FileHandler' driver.
WARNING - 2024-06-05 02:49:25 --> Session: Sessions is enabled, and one exists. Please don't $session->start();
INFO - 2024-06-05 02:49:30 --> Session: Class initialized using 'CodeIgniter\Session\Handlers\FileHandler' driver.
WARNING - 2024-06-05 02:49:30 --> Session: Sessions is enabled, and one exists. Please don't $session->start();
INFO - 2024-06-05 02:49:52 --> Session: Class initialized using 'CodeIgniter\Session\Handlers\FileHandler' driver.
WARNING - 2024-06-05 02:49:52 --> Session: Sessions is enabled, and one exists. Please don't $session->start();
ERROR - 2024-06-05 02:49:52 --> mysqli_sql_exception: Unknown column 'nama_klinik' in 'where clause' in D:\Project\dlbeauty\vendor\codeigniter4\framework\system\Database\MySQLi\Connection.php:308
Stack trace:
#0 D:\Project\dlbeauty\vendor\codeigniter4\framework\system\Database\MySQLi\Connection.php(308): mysqli->query('SELECT `k`.`id_...', 0)
#1 D:\Project\dlbeauty\vendor\codeigniter4\framework\system\Database\BaseConnection.php(722): CodeIgniter\Database\MySQLi\Connection->execute('SELECT `k`.`id_...')
#2 D:\Project\dlbeauty\vendor\codeigniter4\framework\system\Database\BaseConnection.php(636): CodeIgniter\Database\BaseConnection->simpleQuery('SELECT `k`.`id_...')
#3 D:\Project\dlbeauty\vendor\codeigniter4\framework\system\Database\BaseBuilder.php(1629): CodeIgniter\Database\BaseConnection->query('SELECT `k`.`id_...', Array, false)
#4 D:\Project\dlbeauty\app\Models\ClinicModel.php(37): CodeIgniter\Database\BaseBuilder->get()
#5 D:\Project\dlbeauty\app\Controllers\Clinic.php(68): App\Models\ClinicModel->searchClinic(Array)
#6 D:\Project\dlbeauty\vendor\codeigniter4\framework\system\CodeIgniter.php(933): App\Controllers\Clinic->searchClinic()
#7 D:\Project\dlbeauty\vendor\codeigniter4\framework\system\CodeIgniter.php(509): CodeIgniter\CodeIgniter->runController(Object(App\Controllers\Clinic))
#8 D:\Project\dlbeauty\vendor\codeigniter4\framework\system\CodeIgniter.php(355): CodeIgniter\CodeIgniter->handleRequest(NULL, Object(Config\Cache), false)
#9 D:\Project\dlbeauty\vendor\codeigniter4\framework\system\Boot.php(312): CodeIgniter\CodeIgniter->run()
#10 D:\Project\dlbeauty\vendor\codeigniter4\framework\system\Boot.php(67): CodeIgniter\Boot::runCodeIgniter(Object(CodeIgniter\CodeIgniter))
#11 D:\Project\dlbeauty\public\index.php(56): CodeIgniter\Boot::bootWeb(Object(Config\Paths))
#12 D:\Project\dlbeauty\vendor\codeigniter4\framework\system\Commands\Server\rewrite.php(49): require_once('D:\\Project\\dlbe...')
#13 {main}
CRITICAL - 2024-06-05 02:49:53 --> CodeIgniter\Database\Exceptions\DatabaseException: Unknown column 'nama_klinik' in 'where clause'
[Method: GET, Route: klinik/cari]
in SYSTEMPATH\Database\BaseConnection.php on line 676.
 1 SYSTEMPATH\Database\BaseBuilder.php(1629): CodeIgniter\Database\BaseConnection->query('SELECT `k`.`id_klinik`, `k`.`nama` as `nama_klinik`, `k`.`deskripsi`, `k`.`foto`, `k`.`no_wa`, `k`.`no_telp`, `l`.`id_lokasi_klinik`, `l`.`nama` as `lokasi`, `l`.`provinsi`, `l`.`kota`, `l`.`alamat`, `l`.`link_alamat`
FROM `t_klinik` as `k`
JOIN `t_lokasi_klinik` as `l` ON `l`.`id_lokasi_klinik` = `k`.`id_lokasi_klinik`
WHERE `nama_klinik` LIKE :nama_klinik: ESCAPE \'!\'', [...], false)
 2 APPPATH\Models\ClinicModel.php(37): CodeIgniter\Database\BaseBuilder->get()
 3 APPPATH\Controllers\Clinic.php(68): App\Models\ClinicModel->searchClinic([...])
 4 SYSTEMPATH\CodeIgniter.php(933): App\Controllers\Clinic->searchClinic()
 5 SYSTEMPATH\CodeIgniter.php(509): CodeIgniter\CodeIgniter->runController(Object(App\Controllers\Clinic))
 6 SYSTEMPATH\CodeIgniter.php(355): CodeIgniter\CodeIgniter->handleRequest(null, Object(Config\Cache), false)
 7 SYSTEMPATH\Boot.php(312): CodeIgniter\CodeIgniter->run()
 8 SYSTEMPATH\Boot.php(67): CodeIgniter\Boot::runCodeIgniter(Object(CodeIgniter\CodeIgniter))
 9 FCPATH\index.php(56): CodeIgniter\Boot::bootWeb(Object(Config\Paths))
10 SYSTEMPATH\Commands\Server\rewrite.php(49): require_once('D:\\Project\\dlbeauty\\public\\index.php')
CRITICAL - 2024-06-05 02:49:53 --> [Caused by] CodeIgniter\Database\Exceptions\DatabaseException: Unknown column 'nama_klinik' in 'where clause'
in SYSTEMPATH\Database\MySQLi\Connection.php on line 313.
 1 SYSTEMPATH\Database\BaseConnection.php(722): CodeIgniter\Database\MySQLi\Connection->execute('SELECT `k`.`id_klinik`, `k`.`nama` as `nama_klinik`, `k`.`deskripsi`, `k`.`foto`, `k`.`no_wa`, `k`.`no_telp`, `l`.`id_lokasi_klinik`, `l`.`nama` as `lokasi`, `l`.`provinsi`, `l`.`kota`, `l`.`alamat`, `l`.`link_alamat`
FROM `t_klinik` as `k`
JOIN `t_lokasi_klinik` as `l` ON `l`.`id_lokasi_klinik` = `k`.`id_lokasi_klinik`
WHERE `nama_klinik` LIKE \'%%\' ESCAPE \'!\'')
 2 SYSTEMPATH\Database\BaseConnection.php(636): CodeIgniter\Database\BaseConnection->simpleQuery('SELECT `k`.`id_klinik`, `k`.`nama` as `nama_klinik`, `k`.`deskripsi`, `k`.`foto`, `k`.`no_wa`, `k`.`no_telp`, `l`.`id_lokasi_klinik`, `l`.`nama` as `lokasi`, `l`.`provinsi`, `l`.`kota`, `l`.`alamat`, `l`.`link_alamat`
FROM `t_klinik` as `k`
JOIN `t_lokasi_klinik` as `l` ON `l`.`id_lokasi_klinik` = `k`.`id_lokasi_klinik`
WHERE `nama_klinik` LIKE \'%%\' ESCAPE \'!\'')
 3 SYSTEMPATH\Database\BaseBuilder.php(1629): CodeIgniter\Database\BaseConnection->query('SELECT `k`.`id_klinik`, `k`.`nama` as `nama_klinik`, `k`.`deskripsi`, `k`.`foto`, `k`.`no_wa`, `k`.`no_telp`, `l`.`id_lokasi_klinik`, `l`.`nama` as `lokasi`, `l`.`provinsi`, `l`.`kota`, `l`.`alamat`, `l`.`link_alamat`
FROM `t_klinik` as `k`
JOIN `t_lokasi_klinik` as `l` ON `l`.`id_lokasi_klinik` = `k`.`id_lokasi_klinik`
WHERE `nama_klinik` LIKE :nama_klinik: ESCAPE \'!\'', [...], false)
 4 APPPATH\Models\ClinicModel.php(37): CodeIgniter\Database\BaseBuilder->get()
 5 APPPATH\Controllers\Clinic.php(68): App\Models\ClinicModel->searchClinic([...])
 6 SYSTEMPATH\CodeIgniter.php(933): App\Controllers\Clinic->searchClinic()
 7 SYSTEMPATH\CodeIgniter.php(509): CodeIgniter\CodeIgniter->runController(Object(App\Controllers\Clinic))
 8 SYSTEMPATH\CodeIgniter.php(355): CodeIgniter\CodeIgniter->handleRequest(null, Object(Config\Cache), false)
 9 SYSTEMPATH\Boot.php(312): CodeIgniter\CodeIgniter->run()
10 SYSTEMPATH\Boot.php(67): CodeIgniter\Boot::runCodeIgniter(Object(CodeIgniter\CodeIgniter))
11 FCPATH\index.php(56): CodeIgniter\Boot::bootWeb(Object(Config\Paths))
12 SYSTEMPATH\Commands\Server\rewrite.php(49): require_once('D:\\Project\\dlbeauty\\public\\index.php')
CRITICAL - 2024-06-05 02:49:53 --> [Caused by] mysqli_sql_exception: Unknown column 'nama_klinik' in 'where clause'
in SYSTEMPATH\Database\MySQLi\Connection.php on line 308.
 1 SYSTEMPATH\Database\MySQLi\Connection.php(308): mysqli->query('SELECT `k`.`id_klinik`, `k`.`nama` as `nama_klinik`, `k`.`deskripsi`, `k`.`foto`, `k`.`no_wa`, `k`.`no_telp`, `l`.`id_lokasi_klinik`, `l`.`nama` as `lokasi`, `l`.`provinsi`, `l`.`kota`, `l`.`alamat`, `l`.`link_alamat`
FROM `t_klinik` as `k`
JOIN `t_lokasi_klinik` as `l` ON `l`.`id_lokasi_klinik` = `k`.`id_lokasi_klinik`
WHERE `nama_klinik` LIKE \'%%\' ESCAPE \'!\'', 0)
 2 SYSTEMPATH\Database\BaseConnection.php(722): CodeIgniter\Database\MySQLi\Connection->execute('SELECT `k`.`id_klinik`, `k`.`nama` as `nama_klinik`, `k`.`deskripsi`, `k`.`foto`, `k`.`no_wa`, `k`.`no_telp`, `l`.`id_lokasi_klinik`, `l`.`nama` as `lokasi`, `l`.`provinsi`, `l`.`kota`, `l`.`alamat`, `l`.`link_alamat`
FROM `t_klinik` as `k`
JOIN `t_lokasi_klinik` as `l` ON `l`.`id_lokasi_klinik` = `k`.`id_lokasi_klinik`
WHERE `nama_klinik` LIKE \'%%\' ESCAPE \'!\'')
 3 SYSTEMPATH\Database\BaseConnection.php(636): CodeIgniter\Database\BaseConnection->simpleQuery('SELECT `k`.`id_klinik`, `k`.`nama` as `nama_klinik`, `k`.`deskripsi`, `k`.`foto`, `k`.`no_wa`, `k`.`no_telp`, `l`.`id_lokasi_klinik`, `l`.`nama` as `lokasi`, `l`.`provinsi`, `l`.`kota`, `l`.`alamat`, `l`.`link_alamat`
FROM `t_klinik` as `k`
JOIN `t_lokasi_klinik` as `l` ON `l`.`id_lokasi_klinik` = `k`.`id_lokasi_klinik`
WHERE `nama_klinik` LIKE \'%%\' ESCAPE \'!\'')
 4 SYSTEMPATH\Database\BaseBuilder.php(1629): CodeIgniter\Database\BaseConnection->query('SELECT `k`.`id_klinik`, `k`.`nama` as `nama_klinik`, `k`.`deskripsi`, `k`.`foto`, `k`.`no_wa`, `k`.`no_telp`, `l`.`id_lokasi_klinik`, `l`.`nama` as `lokasi`, `l`.`provinsi`, `l`.`kota`, `l`.`alamat`, `l`.`link_alamat`
FROM `t_klinik` as `k`
JOIN `t_lokasi_klinik` as `l` ON `l`.`id_lokasi_klinik` = `k`.`id_lokasi_klinik`
WHERE `nama_klinik` LIKE :nama_klinik: ESCAPE \'!\'', [...], false)
 5 APPPATH\Models\ClinicModel.php(37): CodeIgniter\Database\BaseBuilder->get()
 6 APPPATH\Controllers\Clinic.php(68): App\Models\ClinicModel->searchClinic([...])
 7 SYSTEMPATH\CodeIgniter.php(933): App\Controllers\Clinic->searchClinic()
 8 SYSTEMPATH\CodeIgniter.php(509): CodeIgniter\CodeIgniter->runController(Object(App\Controllers\Clinic))
 9 SYSTEMPATH\CodeIgniter.php(355): CodeIgniter\CodeIgniter->handleRequest(null, Object(Config\Cache), false)
10 SYSTEMPATH\Boot.php(312): CodeIgniter\CodeIgniter->run()
11 SYSTEMPATH\Boot.php(67): CodeIgniter\Boot::runCodeIgniter(Object(CodeIgniter\CodeIgniter))
12 FCPATH\index.php(56): CodeIgniter\Boot::bootWeb(Object(Config\Paths))
13 SYSTEMPATH\Commands\Server\rewrite.php(49): require_once('D:\\Project\\dlbeauty\\public\\index.php')
INFO - 2024-06-05 02:49:56 --> Session: Class initialized using 'CodeIgniter\Session\Handlers\FileHandler' driver.
WARNING - 2024-06-05 02:49:56 --> Session: Sessions is enabled, and one exists. Please don't $session->start();
INFO - 2024-06-05 02:49:58 --> Session: Class initialized using 'CodeIgniter\Session\Handlers\FileHandler' driver.
WARNING - 2024-06-05 02:49:58 --> Session: Sessions is enabled, and one exists. Please don't $session->start();
ERROR - 2024-06-05 02:49:58 --> mysqli_sql_exception: Unknown column 'nama_klinik' in 'where clause' in D:\Project\dlbeauty\vendor\codeigniter4\framework\system\Database\MySQLi\Connection.php:308
Stack trace:
#0 D:\Project\dlbeauty\vendor\codeigniter4\framework\system\Database\MySQLi\Connection.php(308): mysqli->query('SELECT `k`.`id_...', 0)
#1 D:\Project\dlbeauty\vendor\codeigniter4\framework\system\Database\BaseConnection.php(722): CodeIgniter\Database\MySQLi\Connection->execute('SELECT `k`.`id_...')
#2 D:\Project\dlbeauty\vendor\codeigniter4\framework\system\Database\BaseConnection.php(636): CodeIgniter\Database\BaseConnection->simpleQuery('SELECT `k`.`id_...')
#3 D:\Project\dlbeauty\vendor\codeigniter4\framework\system\Database\BaseBuilder.php(1629): CodeIgniter\Database\BaseConnection->query('SELECT `k`.`id_...', Array, false)
#4 D:\Project\dlbeauty\app\Models\ClinicModel.php(37): CodeIgniter\Database\BaseBuilder->get()
#5 D:\Project\dlbeauty\app\Controllers\Clinic.php(68): App\Models\ClinicModel->searchClinic(Array)
#6 D:\Project\dlbeauty\vendor\codeigniter4\framework\system\CodeIgniter.php(933): App\Controllers\Clinic->searchClinic()
#7 D:\Project\dlbeauty\vendor\codeigniter4\framework\system\CodeIgniter.php(509): CodeIgniter\CodeIgniter->runController(Object(App\Controllers\Clinic))
#8 D:\Project\dlbeauty\vendor\codeigniter4\framework\system\CodeIgniter.php(355): CodeIgniter\CodeIgniter->handleRequest(NULL, Object(Config\Cache), false)
#9 D:\Project\dlbeauty\vendor\codeigniter4\framework\system\Boot.php(312): CodeIgniter\CodeIgniter->run()
#10 D:\Project\dlbeauty\vendor\codeigniter4\framework\system\Boot.php(67): CodeIgniter\Boot::runCodeIgniter(Object(CodeIgniter\CodeIgniter))
#11 D:\Project\dlbeauty\public\index.php(56): CodeIgniter\Boot::bootWeb(Object(Config\Paths))
#12 D:\Project\dlbeauty\vendor\codeigniter4\framework\system\Commands\Server\rewrite.php(49): require_once('D:\\Project\\dlbe...')
#13 {main}
CRITICAL - 2024-06-05 02:49:58 --> CodeIgniter\Database\Exceptions\DatabaseException: Unknown column 'nama_klinik' in 'where clause'
[Method: GET, Route: klinik/cari]
in SYSTEMPATH\Database\BaseConnection.php on line 676.
 1 SYSTEMPATH\Database\BaseBuilder.php(1629): CodeIgniter\Database\BaseConnection->query('SELECT `k`.`id_klinik`, `k`.`nama` as `nama_klinik`, `k`.`deskripsi`, `k`.`foto`, `k`.`no_wa`, `k`.`no_telp`, `l`.`id_lokasi_klinik`, `l`.`nama` as `lokasi`, `l`.`provinsi`, `l`.`kota`, `l`.`alamat`, `l`.`link_alamat`
FROM `t_klinik` as `k`
JOIN `t_lokasi_klinik` as `l` ON `l`.`id_lokasi_klinik` = `k`.`id_lokasi_klinik`
WHERE `nama_klinik` LIKE :nama_klinik: ESCAPE \'!\'', [...], false)
 2 APPPATH\Models\ClinicModel.php(37): CodeIgniter\Database\BaseBuilder->get()
 3 APPPATH\Controllers\Clinic.php(68): App\Models\ClinicModel->searchClinic([...])
 4 SYSTEMPATH\CodeIgniter.php(933): App\Controllers\Clinic->searchClinic()
 5 SYSTEMPATH\CodeIgniter.php(509): CodeIgniter\CodeIgniter->runController(Object(App\Controllers\Clinic))
 6 SYSTEMPATH\CodeIgniter.php(355): CodeIgniter\CodeIgniter->handleRequest(null, Object(Config\Cache), false)
 7 SYSTEMPATH\Boot.php(312): CodeIgniter\CodeIgniter->run()
 8 SYSTEMPATH\Boot.php(67): CodeIgniter\Boot::runCodeIgniter(Object(CodeIgniter\CodeIgniter))
 9 FCPATH\index.php(56): CodeIgniter\Boot::bootWeb(Object(Config\Paths))
10 SYSTEMPATH\Commands\Server\rewrite.php(49): require_once('D:\\Project\\dlbeauty\\public\\index.php')
CRITICAL - 2024-06-05 02:49:58 --> [Caused by] CodeIgniter\Database\Exceptions\DatabaseException: Unknown column 'nama_klinik' in 'where clause'
in SYSTEMPATH\Database\MySQLi\Connection.php on line 313.
 1 SYSTEMPATH\Database\BaseConnection.php(722): CodeIgniter\Database\MySQLi\Connection->execute('SELECT `k`.`id_klinik`, `k`.`nama` as `nama_klinik`, `k`.`deskripsi`, `k`.`foto`, `k`.`no_wa`, `k`.`no_telp`, `l`.`id_lokasi_klinik`, `l`.`nama` as `lokasi`, `l`.`provinsi`, `l`.`kota`, `l`.`alamat`, `l`.`link_alamat`
FROM `t_klinik` as `k`
JOIN `t_lokasi_klinik` as `l` ON `l`.`id_lokasi_klinik` = `k`.`id_lokasi_klinik`
WHERE `nama_klinik` LIKE \'%%\' ESCAPE \'!\'')
 2 SYSTEMPATH\Database\BaseConnection.php(636): CodeIgniter\Database\BaseConnection->simpleQuery('SELECT `k`.`id_klinik`, `k`.`nama` as `nama_klinik`, `k`.`deskripsi`, `k`.`foto`, `k`.`no_wa`, `k`.`no_telp`, `l`.`id_lokasi_klinik`, `l`.`nama` as `lokasi`, `l`.`provinsi`, `l`.`kota`, `l`.`alamat`, `l`.`link_alamat`
FROM `t_klinik` as `k`
JOIN `t_lokasi_klinik` as `l` ON `l`.`id_lokasi_klinik` = `k`.`id_lokasi_klinik`
WHERE `nama_klinik` LIKE \'%%\' ESCAPE \'!\'')
 3 SYSTEMPATH\Database\BaseBuilder.php(1629): CodeIgniter\Database\BaseConnection->query('SELECT `k`.`id_klinik`, `k`.`nama` as `nama_klinik`, `k`.`deskripsi`, `k`.`foto`, `k`.`no_wa`, `k`.`no_telp`, `l`.`id_lokasi_klinik`, `l`.`nama` as `lokasi`, `l`.`provinsi`, `l`.`kota`, `l`.`alamat`, `l`.`link_alamat`
FROM `t_klinik` as `k`
JOIN `t_lokasi_klinik` as `l` ON `l`.`id_lokasi_klinik` = `k`.`id_lokasi_klinik`
WHERE `nama_klinik` LIKE :nama_klinik: ESCAPE \'!\'', [...], false)
 4 APPPATH\Models\ClinicModel.php(37): CodeIgniter\Database\BaseBuilder->get()
 5 APPPATH\Controllers\Clinic.php(68): App\Models\ClinicModel->searchClinic([...])
 6 SYSTEMPATH\CodeIgniter.php(933): App\Controllers\Clinic->searchClinic()
 7 SYSTEMPATH\CodeIgniter.php(509): CodeIgniter\CodeIgniter->runController(Object(App\Controllers\Clinic))
 8 SYSTEMPATH\CodeIgniter.php(355): CodeIgniter\CodeIgniter->handleRequest(null, Object(Config\Cache), false)
 9 SYSTEMPATH\Boot.php(312): CodeIgniter\CodeIgniter->run()
10 SYSTEMPATH\Boot.php(67): CodeIgniter\Boot::runCodeIgniter(Object(CodeIgniter\CodeIgniter))
11 FCPATH\index.php(56): CodeIgniter\Boot::bootWeb(Object(Config\Paths))
12 SYSTEMPATH\Commands\Server\rewrite.php(49): require_once('D:\\Project\\dlbeauty\\public\\index.php')
CRITICAL - 2024-06-05 02:49:58 --> [Caused by] mysqli_sql_exception: Unknown column 'nama_klinik' in 'where clause'
in SYSTEMPATH\Database\MySQLi\Connection.php on line 308.
 1 SYSTEMPATH\Database\MySQLi\Connection.php(308): mysqli->query('SELECT `k`.`id_klinik`, `k`.`nama` as `nama_klinik`, `k`.`deskripsi`, `k`.`foto`, `k`.`no_wa`, `k`.`no_telp`, `l`.`id_lokasi_klinik`, `l`.`nama` as `lokasi`, `l`.`provinsi`, `l`.`kota`, `l`.`alamat`, `l`.`link_alamat`
FROM `t_klinik` as `k`
JOIN `t_lokasi_klinik` as `l` ON `l`.`id_lokasi_klinik` = `k`.`id_lokasi_klinik`
WHERE `nama_klinik` LIKE \'%%\' ESCAPE \'!\'', 0)
 2 SYSTEMPATH\Database\BaseConnection.php(722): CodeIgniter\Database\MySQLi\Connection->execute('SELECT `k`.`id_klinik`, `k`.`nama` as `nama_klinik`, `k`.`deskripsi`, `k`.`foto`, `k`.`no_wa`, `k`.`no_telp`, `l`.`id_lokasi_klinik`, `l`.`nama` as `lokasi`, `l`.`provinsi`, `l`.`kota`, `l`.`alamat`, `l`.`link_alamat`
FROM `t_klinik` as `k`
JOIN `t_lokasi_klinik` as `l` ON `l`.`id_lokasi_klinik` = `k`.`id_lokasi_klinik`
WHERE `nama_klinik` LIKE \'%%\' ESCAPE \'!\'')
 3 SYSTEMPATH\Database\BaseConnection.php(636): CodeIgniter\Database\BaseConnection->simpleQuery('SELECT `k`.`id_klinik`, `k`.`nama` as `nama_klinik`, `k`.`deskripsi`, `k`.`foto`, `k`.`no_wa`, `k`.`no_telp`, `l`.`id_lokasi_klinik`, `l`.`nama` as `lokasi`, `l`.`provinsi`, `l`.`kota`, `l`.`alamat`, `l`.`link_alamat`
FROM `t_klinik` as `k`
JOIN `t_lokasi_klinik` as `l` ON `l`.`id_lokasi_klinik` = `k`.`id_lokasi_klinik`
WHERE `nama_klinik` LIKE \'%%\' ESCAPE \'!\'')
 4 SYSTEMPATH\Database\BaseBuilder.php(1629): CodeIgniter\Database\BaseConnection->query('SELECT `k`.`id_klinik`, `k`.`nama` as `nama_klinik`, `k`.`deskripsi`, `k`.`foto`, `k`.`no_wa`, `k`.`no_telp`, `l`.`id_lokasi_klinik`, `l`.`nama` as `lokasi`, `l`.`provinsi`, `l`.`kota`, `l`.`alamat`, `l`.`link_alamat`
FROM `t_klinik` as `k`
JOIN `t_lokasi_klinik` as `l` ON `l`.`id_lokasi_klinik` = `k`.`id_lokasi_klinik`
WHERE `nama_klinik` LIKE :nama_klinik: ESCAPE \'!\'', [...], false)
 5 APPPATH\Models\ClinicModel.php(37): CodeIgniter\Database\BaseBuilder->get()
 6 APPPATH\Controllers\Clinic.php(68): App\Models\ClinicModel->searchClinic([...])
 7 SYSTEMPATH\CodeIgniter.php(933): App\Controllers\Clinic->searchClinic()
 8 SYSTEMPATH\CodeIgniter.php(509): CodeIgniter\CodeIgniter->runController(Object(App\Controllers\Clinic))
 9 SYSTEMPATH\CodeIgniter.php(355): CodeIgniter\CodeIgniter->handleRequest(null, Object(Config\Cache), false)
10 SYSTEMPATH\Boot.php(312): CodeIgniter\CodeIgniter->run()
11 SYSTEMPATH\Boot.php(67): CodeIgniter\Boot::runCodeIgniter(Object(CodeIgniter\CodeIgniter))
12 FCPATH\index.php(56): CodeIgniter\Boot::bootWeb(Object(Config\Paths))
13 SYSTEMPATH\Commands\Server\rewrite.php(49): require_once('D:\\Project\\dlbeauty\\public\\index.php')
INFO - 2024-06-05 02:50:07 --> Session: Class initialized using 'CodeIgniter\Session\Handlers\FileHandler' driver.
WARNING - 2024-06-05 02:50:07 --> Session: Sessions is enabled, and one exists. Please don't $session->start();
INFO - 2024-06-05 02:50:21 --> Session: Class initialized using 'CodeIgniter\Session\Handlers\FileHandler' driver.
WARNING - 2024-06-05 02:50:21 --> Session: Sessions is enabled, and one exists. Please don't $session->start();
INFO - 2024-06-05 02:50:37 --> Session: Class initialized using 'CodeIgniter\Session\Handlers\FileHandler' driver.
WARNING - 2024-06-05 02:50:37 --> Session: Sessions is enabled, and one exists. Please don't $session->start();
INFO - 2024-06-05 02:50:41 --> Session: Class initialized using 'CodeIgniter\Session\Handlers\FileHandler' driver.
WARNING - 2024-06-05 02:50:41 --> Session: Sessions is enabled, and one exists. Please don't $session->start();
INFO - 2024-06-05 02:50:43 --> Session: Class initialized using 'CodeIgniter\Session\Handlers\FileHandler' driver.
WARNING - 2024-06-05 02:50:43 --> Session: Sessions is enabled, and one exists. Please don't $session->start();
INFO - 2024-06-05 02:50:43 --> Session: Class initialized using 'CodeIgniter\Session\Handlers\FileHandler' driver.
WARNING - 2024-06-05 02:50:43 --> Session: Sessions is enabled, and one exists. Please don't $session->start();
INFO - 2024-06-05 02:50:47 --> Session: Class initialized using 'CodeIgniter\Session\Handlers\FileHandler' driver.
WARNING - 2024-06-05 02:50:47 --> Session: Sessions is enabled, and one exists. Please don't $session->start();
INFO - 2024-06-05 02:50:49 --> Session: Class initialized using 'CodeIgniter\Session\Handlers\FileHandler' driver.
WARNING - 2024-06-05 02:50:49 --> Session: Sessions is enabled, and one exists. Please don't $session->start();
INFO - 2024-06-05 02:50:49 --> Session: Class initialized using 'CodeIgniter\Session\Handlers\FileHandler' driver.
WARNING - 2024-06-05 02:50:49 --> Session: Sessions is enabled, and one exists. Please don't $session->start();
INFO - 2024-06-05 02:50:51 --> Session: Class initialized using 'CodeIgniter\Session\Handlers\FileHandler' driver.
WARNING - 2024-06-05 02:50:51 --> Session: Sessions is enabled, and one exists. Please don't $session->start();
INFO - 2024-06-05 02:50:52 --> Session: Class initialized using 'CodeIgniter\Session\Handlers\FileHandler' driver.
WARNING - 2024-06-05 02:50:52 --> Session: Sessions is enabled, and one exists. Please don't $session->start();
INFO - 2024-06-05 02:50:53 --> Session: Class initialized using 'CodeIgniter\Session\Handlers\FileHandler' driver.
WARNING - 2024-06-05 02:50:53 --> Session: Sessions is enabled, and one exists. Please don't $session->start();
INFO - 2024-06-05 02:50:54 --> Session: Class initialized using 'CodeIgniter\Session\Handlers\FileHandler' driver.
WARNING - 2024-06-05 02:50:54 --> Session: Sessions is enabled, and one exists. Please don't $session->start();
INFO - 2024-06-05 02:50:55 --> Session: Class initialized using 'CodeIgniter\Session\Handlers\FileHandler' driver.
WARNING - 2024-06-05 02:50:55 --> Session: Sessions is enabled, and one exists. Please don't $session->start();
INFO - 2024-06-05 02:51:44 --> Session: Class initialized using 'CodeIgniter\Session\Handlers\FileHandler' driver.
WARNING - 2024-06-05 02:51:44 --> Session: Sessions is enabled, and one exists. Please don't $session->start();
INFO - 2024-06-05 02:51:49 --> Session: Class initialized using 'CodeIgniter\Session\Handlers\FileHandler' driver.
WARNING - 2024-06-05 02:51:49 --> Session: Sessions is enabled, and one exists. Please don't $session->start();
INFO - 2024-06-05 02:55:34 --> Session: Class initialized using 'CodeIgniter\Session\Handlers\FileHandler' driver.
WARNING - 2024-06-05 02:55:34 --> Session: Sessions is enabled, and one exists. Please don't $session->start();
INFO - 2024-06-05 15:28:48 --> Session: Class initialized using 'CodeIgniter\Session\Handlers\FileHandler' driver.
WARNING - 2024-06-05 15:28:48 --> Session: Sessions is enabled, and one exists. Please don't $session->start();
INFO - 2024-06-05 15:28:49 --> Session: Class initialized using 'CodeIgniter\Session\Handlers\FileHandler' driver.
WARNING - 2024-06-05 15:28:49 --> Session: Sessions is enabled, and one exists. Please don't $session->start();
INFO - 2024-06-05 15:28:49 --> Session: Class initialized using 'CodeIgniter\Session\Handlers\FileHandler' driver.
WARNING - 2024-06-05 15:28:49 --> Session: Sessions is enabled, and one exists. Please don't $session->start();
INFO - 2024-06-05 15:28:50 --> Session: Class initialized using 'CodeIgniter\Session\Handlers\FileHandler' driver.
WARNING - 2024-06-05 15:28:50 --> Session: Sessions is enabled, and one exists. Please don't $session->start();
INFO - 2024-06-05 15:28:50 --> Session: Class initialized using 'CodeIgniter\Session\Handlers\FileHandler' driver.
WARNING - 2024-06-05 15:28:50 --> Session: Sessions is enabled, and one exists. Please don't $session->start();
INFO - 2024-06-05 15:28:50 --> Session: Class initialized using 'CodeIgniter\Session\Handlers\FileHandler' driver.
WARNING - 2024-06-05 15:28:50 --> Session: Sessions is enabled, and one exists. Please don't $session->start();
INFO - 2024-06-05 15:28:50 --> Session: Class initialized using 'CodeIgniter\Session\Handlers\FileHandler' driver.
WARNING - 2024-06-05 15:28:50 --> Session: Sessions is enabled, and one exists. Please don't $session->start();
INFO - 2024-06-05 15:28:53 --> Session: Class initialized using 'CodeIgniter\Session\Handlers\FileHandler' driver.
WARNING - 2024-06-05 15:28:53 --> Session: Sessions is enabled, and one exists. Please don't $session->start();
INFO - 2024-06-05 15:28:53 --> Session: Class initialized using 'CodeIgniter\Session\Handlers\FileHandler' driver.
WARNING - 2024-06-05 15:28:53 --> Session: Sessions is enabled, and one exists. Please don't $session->start();
INFO - 2024-06-05 15:28:55 --> Session: Class initialized using 'CodeIgniter\Session\Handlers\FileHandler' driver.
WARNING - 2024-06-05 15:28:55 --> Session: Sessions is enabled, and one exists. Please don't $session->start();
INFO - 2024-06-05 15:28:59 --> Session: Class initialized using 'CodeIgniter\Session\Handlers\FileHandler' driver.
WARNING - 2024-06-05 15:28:59 --> Session: Sessions is enabled, and one exists. Please don't $session->start();
INFO - 2024-06-05 15:28:59 --> Session: Class initialized using 'CodeIgniter\Session\Handlers\FileHandler' driver.
WARNING - 2024-06-05 15:28:59 --> Session: Sessions is enabled, and one exists. Please don't $session->start();
INFO - 2024-06-05 15:29:14 --> Session: Class initialized using 'CodeIgniter\Session\Handlers\FileHandler' driver.
WARNING - 2024-06-05 15:29:14 --> Session: Sessions is enabled, and one exists. Please don't $session->start();
INFO - 2024-06-05 15:29:43 --> Session: Class initialized using 'CodeIgniter\Session\Handlers\FileHandler' driver.
WARNING - 2024-06-05 15:29:43 --> Session: Sessions is enabled, and one exists. Please don't $session->start();
INFO - 2024-06-05 15:29:45 --> Session: Class initialized using 'CodeIgniter\Session\Handlers\FileHandler' driver.
WARNING - 2024-06-05 15:29:45 --> Session: Sessions is enabled, and one exists. Please don't $session->start();
INFO - 2024-06-05 15:30:18 --> Session: Class initialized using 'CodeIgniter\Session\Handlers\FileHandler' driver.
WARNING - 2024-06-05 15:30:18 --> Session: Sessions is enabled, and one exists. Please don't $session->start();
INFO - 2024-06-05 15:33:48 --> Session: Class initialized using 'CodeIgniter\Session\Handlers\FileHandler' driver.
WARNING - 2024-06-05 15:33:49 --> Session: Sessions is enabled, and one exists. Please don't $session->start();
INFO - 2024-06-05 15:33:49 --> Session: Class initialized using 'CodeIgniter\Session\Handlers\FileHandler' driver.
WARNING - 2024-06-05 15:33:49 --> Session: Sessions is enabled, and one exists. Please don't $session->start();
INFO - 2024-06-05 15:36:12 --> Session: Class initialized using 'CodeIgniter\Session\Handlers\FileHandler' driver.
WARNING - 2024-06-05 15:36:12 --> Session: Sessions is enabled, and one exists. Please don't $session->start();
INFO - 2024-06-05 15:36:24 --> Session: Class initialized using 'CodeIgniter\Session\Handlers\FileHandler' driver.
WARNING - 2024-06-05 15:36:24 --> Session: Sessions is enabled, and one exists. Please don't $session->start();
INFO - 2024-06-05 15:36:31 --> Session: Class initialized using 'CodeIgniter\Session\Handlers\FileHandler' driver.
WARNING - 2024-06-05 15:36:31 --> Session: Sessions is enabled, and one exists. Please don't $session->start();
INFO - 2024-06-05 15:36:52 --> Session: Class initialized using 'CodeIgniter\Session\Handlers\FileHandler' driver.
WARNING - 2024-06-05 15:36:52 --> Session: Sessions is enabled, and one exists. Please don't $session->start();
INFO - 2024-06-05 15:37:21 --> Session: Class initialized using 'CodeIgniter\Session\Handlers\FileHandler' driver.
WARNING - 2024-06-05 15:37:21 --> Session: Sessions is enabled, and one exists. Please don't $session->start();
INFO - 2024-06-05 15:37:26 --> Session: Class initialized using 'CodeIgniter\Session\Handlers\FileHandler' driver.
WARNING - 2024-06-05 15:37:26 --> Session: Sessions is enabled, and one exists. Please don't $session->start();
INFO - 2024-06-05 15:37:33 --> Session: Class initialized using 'CodeIgniter\Session\Handlers\FileHandler' driver.
WARNING - 2024-06-05 15:37:33 --> Session: Sessions is enabled, and one exists. Please don't $session->start();
INFO - 2024-06-05 15:40:19 --> Session: Class initialized using 'CodeIgniter\Session\Handlers\FileHandler' driver.
WARNING - 2024-06-05 15:40:19 --> Session: Sessions is enabled, and one exists. Please don't $session->start();
INFO - 2024-06-05 15:42:26 --> Session: Class initialized using 'CodeIgniter\Session\Handlers\FileHandler' driver.
WARNING - 2024-06-05 15:42:26 --> Session: Sessions is enabled, and one exists. Please don't $session->start();
INFO - 2024-06-05 15:42:47 --> Session: Class initialized using 'CodeIgniter\Session\Handlers\FileHandler' driver.
WARNING - 2024-06-05 15:42:47 --> Session: Sessions is enabled, and one exists. Please don't $session->start();
INFO - 2024-06-05 15:55:28 --> Session: Class initialized using 'CodeIgniter\Session\Handlers\FileHandler' driver.
WARNING - 2024-06-05 15:55:28 --> Session: Sessions is enabled, and one exists. Please don't $session->start();
CRITICAL - 2024-06-05 15:55:28 --> TypeError: Illegal offset type
[Method: GET, Route: klinik]
in APPPATH\Controllers\Clinic.php on line 46.
 1 SYSTEMPATH\CodeIgniter.php(933): App\Controllers\Clinic->index()
 2 SYSTEMPATH\CodeIgniter.php(509): CodeIgniter\CodeIgniter->runController(Object(App\Controllers\Clinic))
 3 SYSTEMPATH\CodeIgniter.php(355): CodeIgniter\CodeIgniter->handleRequest(null, Object(Config\Cache), false)
 4 SYSTEMPATH\Boot.php(312): CodeIgniter\CodeIgniter->run()
 5 SYSTEMPATH\Boot.php(67): CodeIgniter\Boot::runCodeIgniter(Object(CodeIgniter\CodeIgniter))
 6 FCPATH\index.php(56): CodeIgniter\Boot::bootWeb(Object(Config\Paths))
 7 SYSTEMPATH\Commands\Server\rewrite.php(49): require_once('D:\\Project\\dlbeauty\\public\\index.php')
INFO - 2024-06-05 15:55:51 --> Session: Class initialized using 'CodeIgniter\Session\Handlers\FileHandler' driver.
WARNING - 2024-06-05 15:55:51 --> Session: Sessions is enabled, and one exists. Please don't $session->start();
CRITICAL - 2024-06-05 15:55:51 --> TypeError: Illegal offset type
[Method: GET, Route: klinik]
in APPPATH\Controllers\Clinic.php on line 46.
 1 SYSTEMPATH\CodeIgniter.php(933): App\Controllers\Clinic->index()
 2 SYSTEMPATH\CodeIgniter.php(509): CodeIgniter\CodeIgniter->runController(Object(App\Controllers\Clinic))
 3 SYSTEMPATH\CodeIgniter.php(355): CodeIgniter\CodeIgniter->handleRequest(null, Object(Config\Cache), false)
 4 SYSTEMPATH\Boot.php(312): CodeIgniter\CodeIgniter->run()
 5 SYSTEMPATH\Boot.php(67): CodeIgniter\Boot::runCodeIgniter(Object(CodeIgniter\CodeIgniter))
 6 FCPATH\index.php(56): CodeIgniter\Boot::bootWeb(Object(Config\Paths))
 7 SYSTEMPATH\Commands\Server\rewrite.php(49): require_once('D:\\Project\\dlbeauty\\public\\index.php')
INFO - 2024-06-05 15:56:10 --> Session: Class initialized using 'CodeIgniter\Session\Handlers\FileHandler' driver.
WARNING - 2024-06-05 15:56:10 --> Session: Sessions is enabled, and one exists. Please don't $session->start();
INFO - 2024-06-05 15:56:24 --> Session: Class initialized using 'CodeIgniter\Session\Handlers\FileHandler' driver.
WARNING - 2024-06-05 15:56:24 --> Session: Sessions is enabled, and one exists. Please don't $session->start();
INFO - 2024-06-05 15:58:52 --> Session: Class initialized using 'CodeIgniter\Session\Handlers\FileHandler' driver.
WARNING - 2024-06-05 15:58:52 --> Session: Sessions is enabled, and one exists. Please don't $session->start();
CRITICAL - 2024-06-05 15:58:52 --> TypeError: Illegal offset type in isset or empty
[Method: GET, Route: klinik]
in APPPATH\Controllers\Clinic.php on line 46.
 1 SYSTEMPATH\CodeIgniter.php(933): App\Controllers\Clinic->index()
 2 SYSTEMPATH\CodeIgniter.php(509): CodeIgniter\CodeIgniter->runController(Object(App\Controllers\Clinic))
 3 SYSTEMPATH\CodeIgniter.php(355): CodeIgniter\CodeIgniter->handleRequest(null, Object(Config\Cache), false)
 4 SYSTEMPATH\Boot.php(312): CodeIgniter\CodeIgniter->run()
 5 SYSTEMPATH\Boot.php(67): CodeIgniter\Boot::runCodeIgniter(Object(CodeIgniter\CodeIgniter))
 6 FCPATH\index.php(56): CodeIgniter\Boot::bootWeb(Object(Config\Paths))
 7 SYSTEMPATH\Commands\Server\rewrite.php(49): require_once('D:\\Project\\dlbeauty\\public\\index.php')
INFO - 2024-06-05 16:00:31 --> Session: Class initialized using 'CodeIgniter\Session\Handlers\FileHandler' driver.
WARNING - 2024-06-05 16:00:31 --> Session: Sessions is enabled, and one exists. Please don't $session->start();
INFO - 2024-06-05 16:03:07 --> Session: Class initialized using 'CodeIgniter\Session\Handlers\FileHandler' driver.
WARNING - 2024-06-05 16:03:07 --> Session: Sessions is enabled, and one exists. Please don't $session->start();
CRITICAL - 2024-06-05 16:03:07 --> TypeError: array_merge(): Argument #2 must be of type array, string given
[Method: GET, Route: klinik]
in APPPATH\Controllers\Clinic.php on line 54.
 1 APPPATH\Controllers\Clinic.php(54): array_merge([], 'Jakarta')
 2 SYSTEMPATH\CodeIgniter.php(933): App\Controllers\Clinic->index()
 3 SYSTEMPATH\CodeIgniter.php(509): CodeIgniter\CodeIgniter->runController(Object(App\Controllers\Clinic))
 4 SYSTEMPATH\CodeIgniter.php(355): CodeIgniter\CodeIgniter->handleRequest(null, Object(Config\Cache), false)
 5 SYSTEMPATH\Boot.php(312): CodeIgniter\CodeIgniter->run()
 6 SYSTEMPATH\Boot.php(67): CodeIgniter\Boot::runCodeIgniter(Object(CodeIgniter\CodeIgniter))
 7 FCPATH\index.php(56): CodeIgniter\Boot::bootWeb(Object(Config\Paths))
 8 SYSTEMPATH\Commands\Server\rewrite.php(49): require_once('D:\\Project\\dlbeauty\\public\\index.php')
INFO - 2024-06-05 16:03:55 --> Session: Class initialized using 'CodeIgniter\Session\Handlers\FileHandler' driver.
WARNING - 2024-06-05 16:03:55 --> Session: Sessions is enabled, and one exists. Please don't $session->start();
INFO - 2024-06-05 16:04:21 --> Session: Class initialized using 'CodeIgniter\Session\Handlers\FileHandler' driver.
WARNING - 2024-06-05 16:04:21 --> Session: Sessions is enabled, and one exists. Please don't $session->start();
INFO - 2024-06-05 16:05:08 --> Session: Class initialized using 'CodeIgniter\Session\Handlers\FileHandler' driver.
WARNING - 2024-06-05 16:05:08 --> Session: Sessions is enabled, and one exists. Please don't $session->start();
INFO - 2024-06-05 16:05:15 --> Session: Class initialized using 'CodeIgniter\Session\Handlers\FileHandler' driver.
WARNING - 2024-06-05 16:05:15 --> Session: Sessions is enabled, and one exists. Please don't $session->start();
INFO - 2024-06-05 16:07:02 --> Session: Class initialized using 'CodeIgniter\Session\Handlers\FileHandler' driver.
WARNING - 2024-06-05 16:07:02 --> Session: Sessions is enabled, and one exists. Please don't $session->start();
INFO - 2024-06-05 16:07:27 --> Session: Class initialized using 'CodeIgniter\Session\Handlers\FileHandler' driver.
WARNING - 2024-06-05 16:07:27 --> Session: Sessions is enabled, and one exists. Please don't $session->start();
INFO - 2024-06-05 16:09:27 --> Session: Class initialized using 'CodeIgniter\Session\Handlers\FileHandler' driver.
WARNING - 2024-06-05 16:09:27 --> Session: Sessions is enabled, and one exists. Please don't $session->start();
CRITICAL - 2024-06-05 16:09:27 --> ErrorException: Undefined variable $location
[Method: GET, Route: klinik]
in APPPATH\Views\user\clinic\clinic.php on line 16.
 1 APPPATH\Views\user\clinic\clinic.php(16): CodeIgniter\Debug\Exceptions->errorHandler(2, 'Undefined variable $location', 'D:\\Project\\dlbeauty\\app\\Views\\user\\clinic\\clinic.php', 16)
 2 SYSTEMPATH\View\View.php(234): include('D:\\Project\\dlbeauty\\app\\Views\\user\\clinic\\clinic.php')
 3 SYSTEMPATH\View\View.php(237): CodeIgniter\View\View->CodeIgniter\View\{closure}()
 4 SYSTEMPATH\Common.php(1171): CodeIgniter\View\View->render('user/clinic/clinic', [], true)
 5 APPPATH\Controllers\Clinic.php(60): view('user/clinic/clinic', [...])
 6 SYSTEMPATH\CodeIgniter.php(933): App\Controllers\Clinic->index()
 7 SYSTEMPATH\CodeIgniter.php(509): CodeIgniter\CodeIgniter->runController(Object(App\Controllers\Clinic))
 8 SYSTEMPATH\CodeIgniter.php(355): CodeIgniter\CodeIgniter->handleRequest(null, Object(Config\Cache), false)
 9 SYSTEMPATH\Boot.php(312): CodeIgniter\CodeIgniter->run()
10 SYSTEMPATH\Boot.php(67): CodeIgniter\Boot::runCodeIgniter(Object(CodeIgniter\CodeIgniter))
11 FCPATH\index.php(56): CodeIgniter\Boot::bootWeb(Object(Config\Paths))
12 SYSTEMPATH\Commands\Server\rewrite.php(49): require_once('D:\\Project\\dlbeauty\\public\\index.php')
INFO - 2024-06-05 16:09:32 --> Session: Class initialized using 'CodeIgniter\Session\Handlers\FileHandler' driver.
WARNING - 2024-06-05 16:09:32 --> Session: Sessions is enabled, and one exists. Please don't $session->start();
INFO - 2024-06-05 16:10:05 --> Session: Class initialized using 'CodeIgniter\Session\Handlers\FileHandler' driver.
WARNING - 2024-06-05 16:10:05 --> Session: Sessions is enabled, and one exists. Please don't $session->start();
INFO - 2024-06-05 16:11:12 --> Session: Class initialized using 'CodeIgniter\Session\Handlers\FileHandler' driver.
WARNING - 2024-06-05 16:11:12 --> Session: Sessions is enabled, and one exists. Please don't $session->start();
INFO - 2024-06-05 16:11:24 --> Session: Class initialized using 'CodeIgniter\Session\Handlers\FileHandler' driver.
WARNING - 2024-06-05 16:11:25 --> Session: Sessions is enabled, and one exists. Please don't $session->start();
INFO - 2024-06-05 16:12:18 --> Session: Class initialized using 'CodeIgniter\Session\Handlers\FileHandler' driver.
WARNING - 2024-06-05 16:12:18 --> Session: Sessions is enabled, and one exists. Please don't $session->start();
INFO - 2024-06-05 16:13:48 --> Session: Class initialized using 'CodeIgniter\Session\Handlers\FileHandler' driver.
WARNING - 2024-06-05 16:13:48 --> Session: Sessions is enabled, and one exists. Please don't $session->start();
INFO - 2024-06-05 16:13:50 --> Session: Class initialized using 'CodeIgniter\Session\Handlers\FileHandler' driver.
WARNING - 2024-06-05 16:13:50 --> Session: Sessions is enabled, and one exists. Please don't $session->start();
INFO - 2024-06-05 16:16:12 --> Session: Class initialized using 'CodeIgniter\Session\Handlers\FileHandler' driver.
WARNING - 2024-06-05 16:16:12 --> Session: Sessions is enabled, and one exists. Please don't $session->start();
INFO - 2024-06-05 16:16:48 --> Session: Class initialized using 'CodeIgniter\Session\Handlers\FileHandler' driver.
WARNING - 2024-06-05 16:16:48 --> Session: Sessions is enabled, and one exists. Please don't $session->start();
INFO - 2024-06-05 16:17:25 --> Session: Class initialized using 'CodeIgniter\Session\Handlers\FileHandler' driver.
WARNING - 2024-06-05 16:17:25 --> Session: Sessions is enabled, and one exists. Please don't $session->start();
CRITICAL - 2024-06-05 16:17:25 --> ErrorException: Undefined variable $kategori
[Method: GET, Route: klinik]
in APPPATH\Views\user\clinic\clinic.php on line 75.
 1 APPPATH\Views\user\clinic\clinic.php(75): CodeIgniter\Debug\Exceptions->errorHandler(2, 'Undefined variable $kategori', 'D:\\Project\\dlbeauty\\app\\Views\\user\\clinic\\clinic.php', 75)
 2 SYSTEMPATH\View\View.php(234): include('D:\\Project\\dlbeauty\\app\\Views\\user\\clinic\\clinic.php')
 3 SYSTEMPATH\View\View.php(237): CodeIgniter\View\View->CodeIgniter\View\{closure}()
 4 SYSTEMPATH\Common.php(1171): CodeIgniter\View\View->render('user/clinic/clinic', [], true)
 5 APPPATH\Controllers\Clinic.php(60): view('user/clinic/clinic', [...])
 6 SYSTEMPATH\CodeIgniter.php(933): App\Controllers\Clinic->index()
 7 SYSTEMPATH\CodeIgniter.php(509): CodeIgniter\CodeIgniter->runController(Object(App\Controllers\Clinic))
 8 SYSTEMPATH\CodeIgniter.php(355): CodeIgniter\CodeIgniter->handleRequest(null, Object(Config\Cache), false)
 9 SYSTEMPATH\Boot.php(312): CodeIgniter\CodeIgniter->run()
10 SYSTEMPATH\Boot.php(67): CodeIgniter\Boot::runCodeIgniter(Object(CodeIgniter\CodeIgniter))
11 FCPATH\index.php(56): CodeIgniter\Boot::bootWeb(Object(Config\Paths))
12 SYSTEMPATH\Commands\Server\rewrite.php(49): require_once('D:\\Project\\dlbeauty\\public\\index.php')
INFO - 2024-06-05 16:17:46 --> Session: Class initialized using 'CodeIgniter\Session\Handlers\FileHandler' driver.
WARNING - 2024-06-05 16:17:46 --> Session: Sessions is enabled, and one exists. Please don't $session->start();
INFO - 2024-06-05 16:18:43 --> Session: Class initialized using 'CodeIgniter\Session\Handlers\FileHandler' driver.
WARNING - 2024-06-05 16:18:43 --> Session: Sessions is enabled, and one exists. Please don't $session->start();
INFO - 2024-06-05 16:21:47 --> Session: Class initialized using 'CodeIgniter\Session\Handlers\FileHandler' driver.
WARNING - 2024-06-05 16:21:47 --> Session: Sessions is enabled, and one exists. Please don't $session->start();
INFO - 2024-06-05 16:22:19 --> Session: Class initialized using 'CodeIgniter\Session\Handlers\FileHandler' driver.
WARNING - 2024-06-05 16:22:19 --> Session: Sessions is enabled, and one exists. Please don't $session->start();
INFO - 2024-06-05 16:23:26 --> Session: Class initialized using 'CodeIgniter\Session\Handlers\FileHandler' driver.
WARNING - 2024-06-05 16:23:26 --> Session: Sessions is enabled, and one exists. Please don't $session->start();
INFO - 2024-06-05 16:23:53 --> Session: Class initialized using 'CodeIgniter\Session\Handlers\FileHandler' driver.
WARNING - 2024-06-05 16:23:53 --> Session: Sessions is enabled, and one exists. Please don't $session->start();
INFO - 2024-06-05 16:25:16 --> Session: Class initialized using 'CodeIgniter\Session\Handlers\FileHandler' driver.
WARNING - 2024-06-05 16:25:16 --> Session: Sessions is enabled, and one exists. Please don't $session->start();
INFO - 2024-06-05 16:26:21 --> Session: Class initialized using 'CodeIgniter\Session\Handlers\FileHandler' driver.
WARNING - 2024-06-05 16:26:21 --> Session: Sessions is enabled, and one exists. Please don't $session->start();
CRITICAL - 2024-06-05 16:26:22 --> ErrorException: Array to string conversion
[Method: GET, Route: klinik]
in APPPATH\Views\user\clinic\clinic.php on line 25.
 1 APPPATH\Views\user\clinic\clinic.php(25): CodeIgniter\Debug\Exceptions->errorHandler(2, 'Array to string conversion', 'D:\\Project\\dlbeauty\\app\\Views\\user\\clinic\\clinic.php', 25)
 2 SYSTEMPATH\View\View.php(234): include('D:\\Project\\dlbeauty\\app\\Views\\user\\clinic\\clinic.php')
 3 SYSTEMPATH\View\View.php(237): CodeIgniter\View\View->CodeIgniter\View\{closure}()
 4 SYSTEMPATH\Common.php(1171): CodeIgniter\View\View->render('user/clinic/clinic', [], true)
 5 APPPATH\Controllers\Clinic.php(60): view('user/clinic/clinic', [...])
 6 SYSTEMPATH\CodeIgniter.php(933): App\Controllers\Clinic->index()
 7 SYSTEMPATH\CodeIgniter.php(509): CodeIgniter\CodeIgniter->runController(Object(App\Controllers\Clinic))
 8 SYSTEMPATH\CodeIgniter.php(355): CodeIgniter\CodeIgniter->handleRequest(null, Object(Config\Cache), false)
 9 SYSTEMPATH\Boot.php(312): CodeIgniter\CodeIgniter->run()
10 SYSTEMPATH\Boot.php(67): CodeIgniter\Boot::runCodeIgniter(Object(CodeIgniter\CodeIgniter))
11 FCPATH\index.php(56): CodeIgniter\Boot::bootWeb(Object(Config\Paths))
12 SYSTEMPATH\Commands\Server\rewrite.php(49): require_once('D:\\Project\\dlbeauty\\public\\index.php')
INFO - 2024-06-05 16:26:33 --> Session: Class initialized using 'CodeIgniter\Session\Handlers\FileHandler' driver.
WARNING - 2024-06-05 16:26:33 --> Session: Sessions is enabled, and one exists. Please don't $session->start();
INFO - 2024-06-05 16:27:59 --> Session: Class initialized using 'CodeIgniter\Session\Handlers\FileHandler' driver.
WARNING - 2024-06-05 16:27:59 --> Session: Sessions is enabled, and one exists. Please don't $session->start();
INFO - 2024-06-05 16:33:23 --> Session: Class initialized using 'CodeIgniter\Session\Handlers\FileHandler' driver.
WARNING - 2024-06-05 16:33:23 --> Session: Sessions is enabled, and one exists. Please don't $session->start();
CRITICAL - 2024-06-05 16:33:23 --> ErrorException: Attempt to read property "id_jenis_kulit" on string
[Method: GET, Route: klinik]
in APPPATH\Views\user\clinic\clinic.php on line 40.
 1 APPPATH\Views\user\clinic\clinic.php(40): CodeIgniter\Debug\Exceptions->errorHandler(2, 'Attempt to read property "id_jenis_kulit" on string', 'D:\\Project\\dlbeauty\\app\\Views\\user\\clinic\\clinic.php', 40)
 2 SYSTEMPATH\View\View.php(234): include('D:\\Project\\dlbeauty\\app\\Views\\user\\clinic\\clinic.php')
 3 SYSTEMPATH\View\View.php(237): CodeIgniter\View\View->CodeIgniter\View\{closure}()
 4 SYSTEMPATH\Common.php(1171): CodeIgniter\View\View->render('user/clinic/clinic', [], true)
 5 APPPATH\Controllers\Clinic.php(60): view('user/clinic/clinic', [...])
 6 SYSTEMPATH\CodeIgniter.php(933): App\Controllers\Clinic->index()
 7 SYSTEMPATH\CodeIgniter.php(509): CodeIgniter\CodeIgniter->runController(Object(App\Controllers\Clinic))
 8 SYSTEMPATH\CodeIgniter.php(355): CodeIgniter\CodeIgniter->handleRequest(null, Object(Config\Cache), false)
 9 SYSTEMPATH\Boot.php(312): CodeIgniter\CodeIgniter->run()
10 SYSTEMPATH\Boot.php(67): CodeIgniter\Boot::runCodeIgniter(Object(CodeIgniter\CodeIgniter))
11 FCPATH\index.php(56): CodeIgniter\Boot::bootWeb(Object(Config\Paths))
12 SYSTEMPATH\Commands\Server\rewrite.php(49): require_once('D:\\Project\\dlbeauty\\public\\index.php')
INFO - 2024-06-05 16:39:03 --> Session: Class initialized using 'CodeIgniter\Session\Handlers\FileHandler' driver.
WARNING - 2024-06-05 16:39:03 --> Session: Sessions is enabled, and one exists. Please don't $session->start();
CRITICAL - 2024-06-05 16:39:04 --> ErrorException: Attempt to read property "nama" on string
[Method: GET, Route: klinik]
in APPPATH\Views\user\clinic\clinic.php on line 45.
 1 APPPATH\Views\user\clinic\clinic.php(45): CodeIgniter\Debug\Exceptions->errorHandler(2, 'Attempt to read property "nama" on string', 'D:\\Project\\dlbeauty\\app\\Views\\user\\clinic\\clinic.php', 45)
 2 SYSTEMPATH\View\View.php(234): include('D:\\Project\\dlbeauty\\app\\Views\\user\\clinic\\clinic.php')
 3 SYSTEMPATH\View\View.php(237): CodeIgniter\View\View->CodeIgniter\View\{closure}()
 4 SYSTEMPATH\Common.php(1171): CodeIgniter\View\View->render('user/clinic/clinic', [], true)
 5 APPPATH\Controllers\Clinic.php(60): view('user/clinic/clinic', [...])
 6 SYSTEMPATH\CodeIgniter.php(933): App\Controllers\Clinic->index()
 7 SYSTEMPATH\CodeIgniter.php(509): CodeIgniter\CodeIgniter->runController(Object(App\Controllers\Clinic))
 8 SYSTEMPATH\CodeIgniter.php(355): CodeIgniter\CodeIgniter->handleRequest(null, Object(Config\Cache), false)
 9 SYSTEMPATH\Boot.php(312): CodeIgniter\CodeIgniter->run()
10 SYSTEMPATH\Boot.php(67): CodeIgniter\Boot::runCodeIgniter(Object(CodeIgniter\CodeIgniter))
11 FCPATH\index.php(56): CodeIgniter\Boot::bootWeb(Object(Config\Paths))
12 SYSTEMPATH\Commands\Server\rewrite.php(49): require_once('D:\\Project\\dlbeauty\\public\\index.php')
INFO - 2024-06-05 16:39:11 --> Session: Class initialized using 'CodeIgniter\Session\Handlers\FileHandler' driver.
WARNING - 2024-06-05 16:39:11 --> Session: Sessions is enabled, and one exists. Please don't $session->start();
INFO - 2024-06-05 16:39:28 --> Session: Class initialized using 'CodeIgniter\Session\Handlers\FileHandler' driver.
WARNING - 2024-06-05 16:39:28 --> Session: Sessions is enabled, and one exists. Please don't $session->start();
INFO - 2024-06-05 16:40:09 --> Session: Class initialized using 'CodeIgniter\Session\Handlers\FileHandler' driver.
WARNING - 2024-06-05 16:40:09 --> Session: Sessions is enabled, and one exists. Please don't $session->start();
INFO - 2024-06-05 16:40:12 --> Session: Class initialized using 'CodeIgniter\Session\Handlers\FileHandler' driver.
WARNING - 2024-06-05 16:40:12 --> Session: Sessions is enabled, and one exists. Please don't $session->start();
INFO - 2024-06-05 16:40:38 --> Session: Class initialized using 'CodeIgniter\Session\Handlers\FileHandler' driver.
WARNING - 2024-06-05 16:40:38 --> Session: Sessions is enabled, and one exists. Please don't $session->start();
INFO - 2024-06-05 16:41:23 --> Session: Class initialized using 'CodeIgniter\Session\Handlers\FileHandler' driver.
WARNING - 2024-06-05 16:41:23 --> Session: Sessions is enabled, and one exists. Please don't $session->start();
INFO - 2024-06-05 16:41:51 --> Session: Class initialized using 'CodeIgniter\Session\Handlers\FileHandler' driver.
WARNING - 2024-06-05 16:41:51 --> Session: Sessions is enabled, and one exists. Please don't $session->start();
INFO - 2024-06-05 16:41:52 --> Session: Class initialized using 'CodeIgniter\Session\Handlers\FileHandler' driver.
WARNING - 2024-06-05 16:41:52 --> Session: Sessions is enabled, and one exists. Please don't $session->start();
INFO - 2024-06-05 16:41:57 --> Session: Class initialized using 'CodeIgniter\Session\Handlers\FileHandler' driver.
WARNING - 2024-06-05 16:41:57 --> Session: Sessions is enabled, and one exists. Please don't $session->start();
INFO - 2024-06-05 16:41:58 --> Session: Class initialized using 'CodeIgniter\Session\Handlers\FileHandler' driver.
WARNING - 2024-06-05 16:41:58 --> Session: Sessions is enabled, and one exists. Please don't $session->start();
INFO - 2024-06-05 16:42:00 --> Session: Class initialized using 'CodeIgniter\Session\Handlers\FileHandler' driver.
WARNING - 2024-06-05 16:42:00 --> Session: Sessions is enabled, and one exists. Please don't $session->start();
INFO - 2024-06-05 16:42:02 --> Session: Class initialized using 'CodeIgniter\Session\Handlers\FileHandler' driver.
WARNING - 2024-06-05 16:42:02 --> Session: Sessions is enabled, and one exists. Please don't $session->start();
INFO - 2024-06-05 16:42:06 --> Session: Class initialized using 'CodeIgniter\Session\Handlers\FileHandler' driver.
WARNING - 2024-06-05 16:42:06 --> Session: Sessions is enabled, and one exists. Please don't $session->start();
INFO - 2024-06-05 16:44:21 --> Session: Class initialized using 'CodeIgniter\Session\Handlers\FileHandler' driver.
WARNING - 2024-06-05 16:44:21 --> Session: Sessions is enabled, and one exists. Please don't $session->start();
INFO - 2024-06-05 16:44:24 --> Session: Class initialized using 'CodeIgniter\Session\Handlers\FileHandler' driver.
WARNING - 2024-06-05 16:44:24 --> Session: Sessions is enabled, and one exists. Please don't $session->start();
INFO - 2024-06-05 16:44:27 --> Session: Class initialized using 'CodeIgniter\Session\Handlers\FileHandler' driver.
WARNING - 2024-06-05 16:44:27 --> Session: Sessions is enabled, and one exists. Please don't $session->start();
INFO - 2024-06-05 16:44:40 --> Session: Class initialized using 'CodeIgniter\Session\Handlers\FileHandler' driver.
WARNING - 2024-06-05 16:44:40 --> Session: Sessions is enabled, and one exists. Please don't $session->start();
INFO - 2024-06-05 16:45:17 --> Session: Class initialized using 'CodeIgniter\Session\Handlers\FileHandler' driver.
WARNING - 2024-06-05 16:45:17 --> Session: Sessions is enabled, and one exists. Please don't $session->start();
INFO - 2024-06-05 16:45:21 --> Session: Class initialized using 'CodeIgniter\Session\Handlers\FileHandler' driver.
WARNING - 2024-06-05 16:45:21 --> Session: Sessions is enabled, and one exists. Please don't $session->start();
INFO - 2024-06-05 16:46:15 --> Session: Class initialized using 'CodeIgniter\Session\Handlers\FileHandler' driver.
WARNING - 2024-06-05 16:46:15 --> Session: Sessions is enabled, and one exists. Please don't $session->start();
INFO - 2024-06-05 16:46:19 --> Session: Class initialized using 'CodeIgniter\Session\Handlers\FileHandler' driver.
WARNING - 2024-06-05 16:46:19 --> Session: Sessions is enabled, and one exists. Please don't $session->start();
INFO - 2024-06-05 16:46:23 --> Session: Class initialized using 'CodeIgniter\Session\Handlers\FileHandler' driver.
WARNING - 2024-06-05 16:46:23 --> Session: Sessions is enabled, and one exists. Please don't $session->start();
INFO - 2024-06-05 16:46:36 --> Session: Class initialized using 'CodeIgniter\Session\Handlers\FileHandler' driver.
WARNING - 2024-06-05 16:46:37 --> Session: Sessions is enabled, and one exists. Please don't $session->start();
INFO - 2024-06-05 16:46:39 --> Session: Class initialized using 'CodeIgniter\Session\Handlers\FileHandler' driver.
WARNING - 2024-06-05 16:46:39 --> Session: Sessions is enabled, and one exists. Please don't $session->start();
INFO - 2024-06-05 16:46:42 --> Session: Class initialized using 'CodeIgniter\Session\Handlers\FileHandler' driver.
WARNING - 2024-06-05 16:46:42 --> Session: Sessions is enabled, and one exists. Please don't $session->start();
INFO - 2024-06-05 16:46:46 --> Session: Class initialized using 'CodeIgniter\Session\Handlers\FileHandler' driver.
WARNING - 2024-06-05 16:46:46 --> Session: Sessions is enabled, and one exists. Please don't $session->start();
INFO - 2024-06-05 16:47:07 --> Session: Class initialized using 'CodeIgniter\Session\Handlers\FileHandler' driver.
WARNING - 2024-06-05 16:47:07 --> Session: Sessions is enabled, and one exists. Please don't $session->start();
INFO - 2024-06-05 16:47:09 --> Session: Class initialized using 'CodeIgniter\Session\Handlers\FileHandler' driver.
WARNING - 2024-06-05 16:47:09 --> Session: Sessions is enabled, and one exists. Please don't $session->start();
INFO - 2024-06-05 16:47:12 --> Session: Class initialized using 'CodeIgniter\Session\Handlers\FileHandler' driver.
WARNING - 2024-06-05 16:47:12 --> Session: Sessions is enabled, and one exists. Please don't $session->start();
INFO - 2024-06-05 16:47:14 --> Session: Class initialized using 'CodeIgniter\Session\Handlers\FileHandler' driver.
WARNING - 2024-06-05 16:47:14 --> Session: Sessions is enabled, and one exists. Please don't $session->start();
INFO - 2024-06-05 16:47:16 --> Session: Class initialized using 'CodeIgniter\Session\Handlers\FileHandler' driver.
WARNING - 2024-06-05 16:47:16 --> Session: Sessions is enabled, and one exists. Please don't $session->start();
INFO - 2024-06-05 16:47:20 --> Session: Class initialized using 'CodeIgniter\Session\Handlers\FileHandler' driver.
WARNING - 2024-06-05 16:47:20 --> Session: Sessions is enabled, and one exists. Please don't $session->start();
INFO - 2024-06-05 16:47:22 --> Session: Class initialized using 'CodeIgniter\Session\Handlers\FileHandler' driver.
WARNING - 2024-06-05 16:47:22 --> Session: Sessions is enabled, and one exists. Please don't $session->start();
INFO - 2024-06-05 16:47:24 --> Session: Class initialized using 'CodeIgniter\Session\Handlers\FileHandler' driver.
WARNING - 2024-06-05 16:47:24 --> Session: Sessions is enabled, and one exists. Please don't $session->start();
INFO - 2024-06-05 16:47:25 --> Session: Class initialized using 'CodeIgniter\Session\Handlers\FileHandler' driver.
WARNING - 2024-06-05 16:47:25 --> Session: Sessions is enabled, and one exists. Please don't $session->start();
